[2024-06-27T20:42:00.629+0000] {processor.py:157} INFO - Started process (PID=356) to work on /home/airflow/.local/lib/python3.8/site-packages/airflow/example_dags/example_dynamic_task_mapping.py
[2024-06-27T20:42:00.629+0000] {processor.py:829} INFO - Processing file /home/airflow/.local/lib/python3.8/site-packages/airflow/example_dags/example_dynamic_task_mapping.py for tasks to queue
[2024-06-27T20:42:00.630+0000] {logging_mixin.py:151} INFO - [2024-06-27T20:42:00.630+0000] {dagbag.py:539} INFO - Filling up the DagBag from /home/airflow/.local/lib/python3.8/site-packages/airflow/example_dags/example_dynamic_task_mapping.py
[2024-06-27T20:42:00.638+0000] {processor.py:839} INFO - DAG(s) dict_keys(['example_dynamic_task_mapping']) retrieved from /home/airflow/.local/lib/python3.8/site-packages/airflow/example_dags/example_dynamic_task_mapping.py
[2024-06-27T20:42:00.868+0000] {logging_mixin.py:151} INFO - [2024-06-27T20:42:00.868+0000] {manager.py:499} INFO - Created Permission View: %s
[2024-06-27T20:42:00.878+0000] {logging_mixin.py:151} INFO - [2024-06-27T20:42:00.878+0000] {manager.py:499} INFO - Created Permission View: %s
[2024-06-27T20:42:00.885+0000] {logging_mixin.py:151} INFO - [2024-06-27T20:42:00.885+0000] {manager.py:499} INFO - Created Permission View: %s
[2024-06-27T20:42:00.886+0000] {logging_mixin.py:151} INFO - [2024-06-27T20:42:00.886+0000] {security.py:708} INFO - Not syncing DAG-level permissions for DAG 'DAG:example_dynamic_task_mapping' as access control is unset.
[2024-06-27T20:42:00.886+0000] {logging_mixin.py:151} INFO - [2024-06-27T20:42:00.886+0000] {dag.py:2915} INFO - Sync 1 DAGs
[2024-06-27T20:42:00.897+0000] {logging_mixin.py:151} INFO - [2024-06-27T20:42:00.897+0000] {dag.py:2937} INFO - Creating ORM DAG for example_dynamic_task_mapping
[2024-06-27T20:42:00.911+0000] {logging_mixin.py:151} INFO - [2024-06-27T20:42:00.910+0000] {dag.py:3696} INFO - Setting next_dagrun for example_dynamic_task_mapping to 2022-03-04T00:00:00+00:00, run_after=2022-03-05T00:00:00+00:00
[2024-06-27T20:42:00.934+0000] {processor.py:179} INFO - Processing /home/airflow/.local/lib/python3.8/site-packages/airflow/example_dags/example_dynamic_task_mapping.py took 0.308 seconds
[2024-06-27T20:42:31.276+0000] {processor.py:157} INFO - Started process (PID=599) to work on /home/airflow/.local/lib/python3.8/site-packages/airflow/example_dags/example_dynamic_task_mapping.py
[2024-06-27T20:42:31.277+0000] {processor.py:829} INFO - Processing file /home/airflow/.local/lib/python3.8/site-packages/airflow/example_dags/example_dynamic_task_mapping.py for tasks to queue
[2024-06-27T20:42:31.278+0000] {logging_mixin.py:151} INFO - [2024-06-27T20:42:31.278+0000] {dagbag.py:539} INFO - Filling up the DagBag from /home/airflow/.local/lib/python3.8/site-packages/airflow/example_dags/example_dynamic_task_mapping.py
[2024-06-27T20:42:31.288+0000] {processor.py:839} INFO - DAG(s) dict_keys(['example_dynamic_task_mapping']) retrieved from /home/airflow/.local/lib/python3.8/site-packages/airflow/example_dags/example_dynamic_task_mapping.py
[2024-06-27T20:42:31.311+0000] {logging_mixin.py:151} INFO - [2024-06-27T20:42:31.310+0000] {dag.py:2915} INFO - Sync 1 DAGs
[2024-06-27T20:42:31.335+0000] {logging_mixin.py:151} INFO - [2024-06-27T20:42:31.335+0000] {dag.py:3696} INFO - Setting next_dagrun for example_dynamic_task_mapping to 2022-03-04T00:00:00+00:00, run_after=2022-03-05T00:00:00+00:00
[2024-06-27T20:42:31.352+0000] {processor.py:179} INFO - Processing /home/airflow/.local/lib/python3.8/site-packages/airflow/example_dags/example_dynamic_task_mapping.py took 0.079 seconds
[2024-06-27T20:43:01.605+0000] {processor.py:157} INFO - Started process (PID=842) to work on /home/airflow/.local/lib/python3.8/site-packages/airflow/example_dags/example_dynamic_task_mapping.py
[2024-06-27T20:43:01.606+0000] {processor.py:829} INFO - Processing file /home/airflow/.local/lib/python3.8/site-packages/airflow/example_dags/example_dynamic_task_mapping.py for tasks to queue
[2024-06-27T20:43:01.606+0000] {logging_mixin.py:151} INFO - [2024-06-27T20:43:01.606+0000] {dagbag.py:539} INFO - Filling up the DagBag from /home/airflow/.local/lib/python3.8/site-packages/airflow/example_dags/example_dynamic_task_mapping.py
[2024-06-27T20:43:01.614+0000] {processor.py:839} INFO - DAG(s) dict_keys(['example_dynamic_task_mapping']) retrieved from /home/airflow/.local/lib/python3.8/site-packages/airflow/example_dags/example_dynamic_task_mapping.py
[2024-06-27T20:43:01.634+0000] {logging_mixin.py:151} INFO - [2024-06-27T20:43:01.634+0000] {dag.py:2915} INFO - Sync 1 DAGs
[2024-06-27T20:43:01.655+0000] {logging_mixin.py:151} INFO - [2024-06-27T20:43:01.655+0000] {dag.py:3696} INFO - Setting next_dagrun for example_dynamic_task_mapping to 2022-03-04T00:00:00+00:00, run_after=2022-03-05T00:00:00+00:00
[2024-06-27T20:43:01.672+0000] {processor.py:179} INFO - Processing /home/airflow/.local/lib/python3.8/site-packages/airflow/example_dags/example_dynamic_task_mapping.py took 0.070 seconds
[2024-06-27T20:43:32.292+0000] {processor.py:157} INFO - Started process (PID=1085) to work on /home/airflow/.local/lib/python3.8/site-packages/airflow/example_dags/example_dynamic_task_mapping.py
[2024-06-27T20:43:32.293+0000] {processor.py:829} INFO - Processing file /home/airflow/.local/lib/python3.8/site-packages/airflow/example_dags/example_dynamic_task_mapping.py for tasks to queue
[2024-06-27T20:43:32.294+0000] {logging_mixin.py:151} INFO - [2024-06-27T20:43:32.294+0000] {dagbag.py:539} INFO - Filling up the DagBag from /home/airflow/.local/lib/python3.8/site-packages/airflow/example_dags/example_dynamic_task_mapping.py
[2024-06-27T20:43:32.301+0000] {processor.py:839} INFO - DAG(s) dict_keys(['example_dynamic_task_mapping']) retrieved from /home/airflow/.local/lib/python3.8/site-packages/airflow/example_dags/example_dynamic_task_mapping.py
[2024-06-27T20:43:32.320+0000] {logging_mixin.py:151} INFO - [2024-06-27T20:43:32.320+0000] {dag.py:2915} INFO - Sync 1 DAGs
[2024-06-27T20:43:32.342+0000] {logging_mixin.py:151} INFO - [2024-06-27T20:43:32.342+0000] {dag.py:3696} INFO - Setting next_dagrun for example_dynamic_task_mapping to 2022-03-04T00:00:00+00:00, run_after=2022-03-05T00:00:00+00:00
[2024-06-27T20:43:32.360+0000] {processor.py:179} INFO - Processing /home/airflow/.local/lib/python3.8/site-packages/airflow/example_dags/example_dynamic_task_mapping.py took 0.071 seconds
[2024-06-27T20:44:02.551+0000] {processor.py:157} INFO - Started process (PID=1328) to work on /home/airflow/.local/lib/python3.8/site-packages/airflow/example_dags/example_dynamic_task_mapping.py
[2024-06-27T20:44:02.551+0000] {processor.py:829} INFO - Processing file /home/airflow/.local/lib/python3.8/site-packages/airflow/example_dags/example_dynamic_task_mapping.py for tasks to queue
[2024-06-27T20:44:02.552+0000] {logging_mixin.py:151} INFO - [2024-06-27T20:44:02.552+0000] {dagbag.py:539} INFO - Filling up the DagBag from /home/airflow/.local/lib/python3.8/site-packages/airflow/example_dags/example_dynamic_task_mapping.py
[2024-06-27T20:44:02.559+0000] {processor.py:839} INFO - DAG(s) dict_keys(['example_dynamic_task_mapping']) retrieved from /home/airflow/.local/lib/python3.8/site-packages/airflow/example_dags/example_dynamic_task_mapping.py
[2024-06-27T20:44:02.578+0000] {logging_mixin.py:151} INFO - [2024-06-27T20:44:02.578+0000] {dag.py:2915} INFO - Sync 1 DAGs
[2024-06-27T20:44:02.601+0000] {logging_mixin.py:151} INFO - [2024-06-27T20:44:02.601+0000] {dag.py:3696} INFO - Setting next_dagrun for example_dynamic_task_mapping to 2022-03-04T00:00:00+00:00, run_after=2022-03-05T00:00:00+00:00
[2024-06-27T20:44:02.619+0000] {processor.py:179} INFO - Processing /home/airflow/.local/lib/python3.8/site-packages/airflow/example_dags/example_dynamic_task_mapping.py took 0.072 seconds
[2024-06-27T20:44:33.164+0000] {processor.py:157} INFO - Started process (PID=1570) to work on /home/airflow/.local/lib/python3.8/site-packages/airflow/example_dags/example_dynamic_task_mapping.py
[2024-06-27T20:44:33.166+0000] {processor.py:829} INFO - Processing file /home/airflow/.local/lib/python3.8/site-packages/airflow/example_dags/example_dynamic_task_mapping.py for tasks to queue
[2024-06-27T20:44:33.167+0000] {logging_mixin.py:151} INFO - [2024-06-27T20:44:33.166+0000] {dagbag.py:539} INFO - Filling up the DagBag from /home/airflow/.local/lib/python3.8/site-packages/airflow/example_dags/example_dynamic_task_mapping.py
[2024-06-27T20:44:33.179+0000] {processor.py:839} INFO - DAG(s) dict_keys(['example_dynamic_task_mapping']) retrieved from /home/airflow/.local/lib/python3.8/site-packages/airflow/example_dags/example_dynamic_task_mapping.py
[2024-06-27T20:44:33.207+0000] {logging_mixin.py:151} INFO - [2024-06-27T20:44:33.207+0000] {dag.py:2915} INFO - Sync 1 DAGs
[2024-06-27T20:44:33.229+0000] {logging_mixin.py:151} INFO - [2024-06-27T20:44:33.229+0000] {dag.py:3696} INFO - Setting next_dagrun for example_dynamic_task_mapping to 2022-03-04T00:00:00+00:00, run_after=2022-03-05T00:00:00+00:00
[2024-06-27T20:44:33.246+0000] {processor.py:179} INFO - Processing /home/airflow/.local/lib/python3.8/site-packages/airflow/example_dags/example_dynamic_task_mapping.py took 0.088 seconds
[2024-06-27T20:45:04.131+0000] {processor.py:157} INFO - Started process (PID=1813) to work on /home/airflow/.local/lib/python3.8/site-packages/airflow/example_dags/example_dynamic_task_mapping.py
[2024-06-27T20:45:04.131+0000] {processor.py:829} INFO - Processing file /home/airflow/.local/lib/python3.8/site-packages/airflow/example_dags/example_dynamic_task_mapping.py for tasks to queue
[2024-06-27T20:45:04.132+0000] {logging_mixin.py:151} INFO - [2024-06-27T20:45:04.132+0000] {dagbag.py:539} INFO - Filling up the DagBag from /home/airflow/.local/lib/python3.8/site-packages/airflow/example_dags/example_dynamic_task_mapping.py
[2024-06-27T20:45:04.139+0000] {processor.py:839} INFO - DAG(s) dict_keys(['example_dynamic_task_mapping']) retrieved from /home/airflow/.local/lib/python3.8/site-packages/airflow/example_dags/example_dynamic_task_mapping.py
[2024-06-27T20:45:04.158+0000] {logging_mixin.py:151} INFO - [2024-06-27T20:45:04.158+0000] {dag.py:2915} INFO - Sync 1 DAGs
[2024-06-27T20:45:04.184+0000] {logging_mixin.py:151} INFO - [2024-06-27T20:45:04.184+0000] {dag.py:3696} INFO - Setting next_dagrun for example_dynamic_task_mapping to 2022-03-04T00:00:00+00:00, run_after=2022-03-05T00:00:00+00:00
[2024-06-27T20:45:04.203+0000] {processor.py:179} INFO - Processing /home/airflow/.local/lib/python3.8/site-packages/airflow/example_dags/example_dynamic_task_mapping.py took 0.075 seconds
[2024-06-27T20:45:34.417+0000] {processor.py:157} INFO - Started process (PID=2055) to work on /home/airflow/.local/lib/python3.8/site-packages/airflow/example_dags/example_dynamic_task_mapping.py
[2024-06-27T20:45:34.418+0000] {processor.py:829} INFO - Processing file /home/airflow/.local/lib/python3.8/site-packages/airflow/example_dags/example_dynamic_task_mapping.py for tasks to queue
[2024-06-27T20:45:34.419+0000] {logging_mixin.py:151} INFO - [2024-06-27T20:45:34.418+0000] {dagbag.py:539} INFO - Filling up the DagBag from /home/airflow/.local/lib/python3.8/site-packages/airflow/example_dags/example_dynamic_task_mapping.py
[2024-06-27T20:45:34.427+0000] {processor.py:839} INFO - DAG(s) dict_keys(['example_dynamic_task_mapping']) retrieved from /home/airflow/.local/lib/python3.8/site-packages/airflow/example_dags/example_dynamic_task_mapping.py
[2024-06-27T20:45:34.456+0000] {logging_mixin.py:151} INFO - [2024-06-27T20:45:34.456+0000] {dag.py:2915} INFO - Sync 1 DAGs
[2024-06-27T20:45:34.496+0000] {logging_mixin.py:151} INFO - [2024-06-27T20:45:34.496+0000] {dag.py:3696} INFO - Setting next_dagrun for example_dynamic_task_mapping to 2022-03-04T00:00:00+00:00, run_after=2022-03-05T00:00:00+00:00
[2024-06-27T20:45:34.526+0000] {processor.py:179} INFO - Processing /home/airflow/.local/lib/python3.8/site-packages/airflow/example_dags/example_dynamic_task_mapping.py took 0.112 seconds
[2024-06-27T20:46:05.456+0000] {processor.py:157} INFO - Started process (PID=2298) to work on /home/airflow/.local/lib/python3.8/site-packages/airflow/example_dags/example_dynamic_task_mapping.py
[2024-06-27T20:46:05.457+0000] {processor.py:829} INFO - Processing file /home/airflow/.local/lib/python3.8/site-packages/airflow/example_dags/example_dynamic_task_mapping.py for tasks to queue
[2024-06-27T20:46:05.457+0000] {logging_mixin.py:151} INFO - [2024-06-27T20:46:05.457+0000] {dagbag.py:539} INFO - Filling up the DagBag from /home/airflow/.local/lib/python3.8/site-packages/airflow/example_dags/example_dynamic_task_mapping.py
[2024-06-27T20:46:05.465+0000] {processor.py:839} INFO - DAG(s) dict_keys(['example_dynamic_task_mapping']) retrieved from /home/airflow/.local/lib/python3.8/site-packages/airflow/example_dags/example_dynamic_task_mapping.py
[2024-06-27T20:46:05.487+0000] {logging_mixin.py:151} INFO - [2024-06-27T20:46:05.487+0000] {dag.py:2915} INFO - Sync 1 DAGs
[2024-06-27T20:46:05.513+0000] {logging_mixin.py:151} INFO - [2024-06-27T20:46:05.512+0000] {dag.py:3696} INFO - Setting next_dagrun for example_dynamic_task_mapping to 2022-03-04T00:00:00+00:00, run_after=2022-03-05T00:00:00+00:00
[2024-06-27T20:46:05.534+0000] {processor.py:179} INFO - Processing /home/airflow/.local/lib/python3.8/site-packages/airflow/example_dags/example_dynamic_task_mapping.py took 0.081 seconds
[2024-06-27T20:46:35.581+0000] {processor.py:157} INFO - Started process (PID=2538) to work on /home/airflow/.local/lib/python3.8/site-packages/airflow/example_dags/example_dynamic_task_mapping.py
[2024-06-27T20:46:35.582+0000] {processor.py:829} INFO - Processing file /home/airflow/.local/lib/python3.8/site-packages/airflow/example_dags/example_dynamic_task_mapping.py for tasks to queue
[2024-06-27T20:46:35.583+0000] {logging_mixin.py:151} INFO - [2024-06-27T20:46:35.582+0000] {dagbag.py:539} INFO - Filling up the DagBag from /home/airflow/.local/lib/python3.8/site-packages/airflow/example_dags/example_dynamic_task_mapping.py
[2024-06-27T20:46:35.589+0000] {processor.py:839} INFO - DAG(s) dict_keys(['example_dynamic_task_mapping']) retrieved from /home/airflow/.local/lib/python3.8/site-packages/airflow/example_dags/example_dynamic_task_mapping.py
[2024-06-27T20:46:35.612+0000] {logging_mixin.py:151} INFO - [2024-06-27T20:46:35.611+0000] {dag.py:2915} INFO - Sync 1 DAGs
[2024-06-27T20:46:35.635+0000] {logging_mixin.py:151} INFO - [2024-06-27T20:46:35.634+0000] {dag.py:3696} INFO - Setting next_dagrun for example_dynamic_task_mapping to 2022-03-04T00:00:00+00:00, run_after=2022-03-05T00:00:00+00:00
[2024-06-27T20:46:35.652+0000] {processor.py:179} INFO - Processing /home/airflow/.local/lib/python3.8/site-packages/airflow/example_dags/example_dynamic_task_mapping.py took 0.074 seconds
[2024-06-27T20:47:06.443+0000] {processor.py:157} INFO - Started process (PID=2779) to work on /home/airflow/.local/lib/python3.8/site-packages/airflow/example_dags/example_dynamic_task_mapping.py
[2024-06-27T20:47:06.443+0000] {processor.py:829} INFO - Processing file /home/airflow/.local/lib/python3.8/site-packages/airflow/example_dags/example_dynamic_task_mapping.py for tasks to queue
[2024-06-27T20:47:06.444+0000] {logging_mixin.py:151} INFO - [2024-06-27T20:47:06.444+0000] {dagbag.py:539} INFO - Filling up the DagBag from /home/airflow/.local/lib/python3.8/site-packages/airflow/example_dags/example_dynamic_task_mapping.py
[2024-06-27T20:47:06.451+0000] {processor.py:839} INFO - DAG(s) dict_keys(['example_dynamic_task_mapping']) retrieved from /home/airflow/.local/lib/python3.8/site-packages/airflow/example_dags/example_dynamic_task_mapping.py
[2024-06-27T20:47:06.470+0000] {logging_mixin.py:151} INFO - [2024-06-27T20:47:06.469+0000] {dag.py:2915} INFO - Sync 1 DAGs
[2024-06-27T20:47:06.493+0000] {logging_mixin.py:151} INFO - [2024-06-27T20:47:06.493+0000] {dag.py:3696} INFO - Setting next_dagrun for example_dynamic_task_mapping to 2022-03-04T00:00:00+00:00, run_after=2022-03-05T00:00:00+00:00
[2024-06-27T20:47:06.510+0000] {processor.py:179} INFO - Processing /home/airflow/.local/lib/python3.8/site-packages/airflow/example_dags/example_dynamic_task_mapping.py took 0.070 seconds
[2024-06-27T20:47:37.445+0000] {processor.py:157} INFO - Started process (PID=3022) to work on /home/airflow/.local/lib/python3.8/site-packages/airflow/example_dags/example_dynamic_task_mapping.py
[2024-06-27T20:47:37.446+0000] {processor.py:829} INFO - Processing file /home/airflow/.local/lib/python3.8/site-packages/airflow/example_dags/example_dynamic_task_mapping.py for tasks to queue
[2024-06-27T20:47:37.447+0000] {logging_mixin.py:151} INFO - [2024-06-27T20:47:37.446+0000] {dagbag.py:539} INFO - Filling up the DagBag from /home/airflow/.local/lib/python3.8/site-packages/airflow/example_dags/example_dynamic_task_mapping.py
[2024-06-27T20:47:37.453+0000] {processor.py:839} INFO - DAG(s) dict_keys(['example_dynamic_task_mapping']) retrieved from /home/airflow/.local/lib/python3.8/site-packages/airflow/example_dags/example_dynamic_task_mapping.py
[2024-06-27T20:47:37.473+0000] {logging_mixin.py:151} INFO - [2024-06-27T20:47:37.473+0000] {dag.py:2915} INFO - Sync 1 DAGs
[2024-06-27T20:47:37.495+0000] {logging_mixin.py:151} INFO - [2024-06-27T20:47:37.495+0000] {dag.py:3696} INFO - Setting next_dagrun for example_dynamic_task_mapping to 2022-03-04T00:00:00+00:00, run_after=2022-03-05T00:00:00+00:00
[2024-06-27T20:47:37.513+0000] {processor.py:179} INFO - Processing /home/airflow/.local/lib/python3.8/site-packages/airflow/example_dags/example_dynamic_task_mapping.py took 0.071 seconds
[2024-06-27T20:48:08.297+0000] {processor.py:157} INFO - Started process (PID=3266) to work on /home/airflow/.local/lib/python3.8/site-packages/airflow/example_dags/example_dynamic_task_mapping.py
[2024-06-27T20:48:08.297+0000] {processor.py:829} INFO - Processing file /home/airflow/.local/lib/python3.8/site-packages/airflow/example_dags/example_dynamic_task_mapping.py for tasks to queue
[2024-06-27T20:48:08.298+0000] {logging_mixin.py:151} INFO - [2024-06-27T20:48:08.298+0000] {dagbag.py:539} INFO - Filling up the DagBag from /home/airflow/.local/lib/python3.8/site-packages/airflow/example_dags/example_dynamic_task_mapping.py
[2024-06-27T20:48:08.305+0000] {processor.py:839} INFO - DAG(s) dict_keys(['example_dynamic_task_mapping']) retrieved from /home/airflow/.local/lib/python3.8/site-packages/airflow/example_dags/example_dynamic_task_mapping.py
[2024-06-27T20:48:08.325+0000] {logging_mixin.py:151} INFO - [2024-06-27T20:48:08.325+0000] {dag.py:2915} INFO - Sync 1 DAGs
[2024-06-27T20:48:08.350+0000] {logging_mixin.py:151} INFO - [2024-06-27T20:48:08.350+0000] {dag.py:3696} INFO - Setting next_dagrun for example_dynamic_task_mapping to 2022-03-04T00:00:00+00:00, run_after=2022-03-05T00:00:00+00:00
[2024-06-27T20:48:08.371+0000] {processor.py:179} INFO - Processing /home/airflow/.local/lib/python3.8/site-packages/airflow/example_dags/example_dynamic_task_mapping.py took 0.078 seconds
[2024-06-27T20:48:39.164+0000] {processor.py:157} INFO - Started process (PID=3509) to work on /home/airflow/.local/lib/python3.8/site-packages/airflow/example_dags/example_dynamic_task_mapping.py
[2024-06-27T20:48:39.165+0000] {processor.py:829} INFO - Processing file /home/airflow/.local/lib/python3.8/site-packages/airflow/example_dags/example_dynamic_task_mapping.py for tasks to queue
[2024-06-27T20:48:39.166+0000] {logging_mixin.py:151} INFO - [2024-06-27T20:48:39.165+0000] {dagbag.py:539} INFO - Filling up the DagBag from /home/airflow/.local/lib/python3.8/site-packages/airflow/example_dags/example_dynamic_task_mapping.py
[2024-06-27T20:48:39.172+0000] {processor.py:839} INFO - DAG(s) dict_keys(['example_dynamic_task_mapping']) retrieved from /home/airflow/.local/lib/python3.8/site-packages/airflow/example_dags/example_dynamic_task_mapping.py
[2024-06-27T20:48:39.193+0000] {logging_mixin.py:151} INFO - [2024-06-27T20:48:39.193+0000] {dag.py:2915} INFO - Sync 1 DAGs
[2024-06-27T20:48:39.217+0000] {logging_mixin.py:151} INFO - [2024-06-27T20:48:39.217+0000] {dag.py:3696} INFO - Setting next_dagrun for example_dynamic_task_mapping to 2022-03-04T00:00:00+00:00, run_after=2022-03-05T00:00:00+00:00
[2024-06-27T20:48:39.234+0000] {processor.py:179} INFO - Processing /home/airflow/.local/lib/python3.8/site-packages/airflow/example_dags/example_dynamic_task_mapping.py took 0.074 seconds
[2024-06-27T20:49:09.376+0000] {processor.py:157} INFO - Started process (PID=3752) to work on /home/airflow/.local/lib/python3.8/site-packages/airflow/example_dags/example_dynamic_task_mapping.py
[2024-06-27T20:49:09.377+0000] {processor.py:829} INFO - Processing file /home/airflow/.local/lib/python3.8/site-packages/airflow/example_dags/example_dynamic_task_mapping.py for tasks to queue
[2024-06-27T20:49:09.377+0000] {logging_mixin.py:151} INFO - [2024-06-27T20:49:09.377+0000] {dagbag.py:539} INFO - Filling up the DagBag from /home/airflow/.local/lib/python3.8/site-packages/airflow/example_dags/example_dynamic_task_mapping.py
[2024-06-27T20:49:09.384+0000] {processor.py:839} INFO - DAG(s) dict_keys(['example_dynamic_task_mapping']) retrieved from /home/airflow/.local/lib/python3.8/site-packages/airflow/example_dags/example_dynamic_task_mapping.py
[2024-06-27T20:49:09.402+0000] {logging_mixin.py:151} INFO - [2024-06-27T20:49:09.402+0000] {dag.py:2915} INFO - Sync 1 DAGs
[2024-06-27T20:49:09.423+0000] {logging_mixin.py:151} INFO - [2024-06-27T20:49:09.423+0000] {dag.py:3696} INFO - Setting next_dagrun for example_dynamic_task_mapping to 2022-03-04T00:00:00+00:00, run_after=2022-03-05T00:00:00+00:00
[2024-06-27T20:49:09.441+0000] {processor.py:179} INFO - Processing /home/airflow/.local/lib/python3.8/site-packages/airflow/example_dags/example_dynamic_task_mapping.py took 0.068 seconds
[2024-06-27T20:49:39.637+0000] {processor.py:157} INFO - Started process (PID=3995) to work on /home/airflow/.local/lib/python3.8/site-packages/airflow/example_dags/example_dynamic_task_mapping.py
[2024-06-27T20:49:39.638+0000] {processor.py:829} INFO - Processing file /home/airflow/.local/lib/python3.8/site-packages/airflow/example_dags/example_dynamic_task_mapping.py for tasks to queue
[2024-06-27T20:49:39.639+0000] {logging_mixin.py:151} INFO - [2024-06-27T20:49:39.639+0000] {dagbag.py:539} INFO - Filling up the DagBag from /home/airflow/.local/lib/python3.8/site-packages/airflow/example_dags/example_dynamic_task_mapping.py
[2024-06-27T20:49:39.645+0000] {processor.py:839} INFO - DAG(s) dict_keys(['example_dynamic_task_mapping']) retrieved from /home/airflow/.local/lib/python3.8/site-packages/airflow/example_dags/example_dynamic_task_mapping.py
[2024-06-27T20:49:39.663+0000] {logging_mixin.py:151} INFO - [2024-06-27T20:49:39.663+0000] {dag.py:2915} INFO - Sync 1 DAGs
[2024-06-27T20:49:39.682+0000] {logging_mixin.py:151} INFO - [2024-06-27T20:49:39.682+0000] {dag.py:3696} INFO - Setting next_dagrun for example_dynamic_task_mapping to 2022-03-04T00:00:00+00:00, run_after=2022-03-05T00:00:00+00:00
[2024-06-27T20:49:39.700+0000] {processor.py:179} INFO - Processing /home/airflow/.local/lib/python3.8/site-packages/airflow/example_dags/example_dynamic_task_mapping.py took 0.065 seconds
