[2024-06-27T20:41:54.169+0000] {processor.py:157} INFO - Started process (PID=193) to work on /home/airflow/.local/lib/python3.8/site-packages/airflow/example_dags/example_trigger_controller_dag.py
[2024-06-27T20:41:54.170+0000] {processor.py:829} INFO - Processing file /home/airflow/.local/lib/python3.8/site-packages/airflow/example_dags/example_trigger_controller_dag.py for tasks to queue
[2024-06-27T20:41:54.171+0000] {logging_mixin.py:151} INFO - [2024-06-27T20:41:54.171+0000] {dagbag.py:539} INFO - Filling up the DagBag from /home/airflow/.local/lib/python3.8/site-packages/airflow/example_dags/example_trigger_controller_dag.py
[2024-06-27T20:41:54.177+0000] {processor.py:839} INFO - DAG(s) dict_keys(['example_trigger_controller_dag']) retrieved from /home/airflow/.local/lib/python3.8/site-packages/airflow/example_dags/example_trigger_controller_dag.py
[2024-06-27T20:41:54.451+0000] {logging_mixin.py:151} INFO - [2024-06-27T20:41:54.451+0000] {manager.py:499} INFO - Created Permission View: %s
[2024-06-27T20:41:54.464+0000] {logging_mixin.py:151} INFO - [2024-06-27T20:41:54.464+0000] {manager.py:499} INFO - Created Permission View: %s
[2024-06-27T20:41:54.473+0000] {logging_mixin.py:151} INFO - [2024-06-27T20:41:54.472+0000] {manager.py:499} INFO - Created Permission View: %s
[2024-06-27T20:41:54.473+0000] {logging_mixin.py:151} INFO - [2024-06-27T20:41:54.473+0000] {security.py:708} INFO - Not syncing DAG-level permissions for DAG 'DAG:example_trigger_controller_dag' as access control is unset.
[2024-06-27T20:41:54.474+0000] {logging_mixin.py:151} INFO - [2024-06-27T20:41:54.473+0000] {dag.py:2915} INFO - Sync 1 DAGs
[2024-06-27T20:41:54.489+0000] {logging_mixin.py:151} INFO - [2024-06-27T20:41:54.489+0000] {dag.py:2937} INFO - Creating ORM DAG for example_trigger_controller_dag
[2024-06-27T20:41:54.502+0000] {logging_mixin.py:151} INFO - [2024-06-27T20:41:54.501+0000] {dag.py:3696} INFO - Setting next_dagrun for example_trigger_controller_dag to 2021-01-01T00:00:00+00:00, run_after=2021-01-01T00:00:00+00:00
[2024-06-27T20:41:54.525+0000] {processor.py:179} INFO - Processing /home/airflow/.local/lib/python3.8/site-packages/airflow/example_dags/example_trigger_controller_dag.py took 0.359 seconds
[2024-06-27T20:42:25.006+0000] {processor.py:157} INFO - Started process (PID=434) to work on /home/airflow/.local/lib/python3.8/site-packages/airflow/example_dags/example_trigger_controller_dag.py
[2024-06-27T20:42:25.007+0000] {processor.py:829} INFO - Processing file /home/airflow/.local/lib/python3.8/site-packages/airflow/example_dags/example_trigger_controller_dag.py for tasks to queue
[2024-06-27T20:42:25.007+0000] {logging_mixin.py:151} INFO - [2024-06-27T20:42:25.007+0000] {dagbag.py:539} INFO - Filling up the DagBag from /home/airflow/.local/lib/python3.8/site-packages/airflow/example_dags/example_trigger_controller_dag.py
[2024-06-27T20:42:25.012+0000] {processor.py:839} INFO - DAG(s) dict_keys(['example_trigger_controller_dag']) retrieved from /home/airflow/.local/lib/python3.8/site-packages/airflow/example_dags/example_trigger_controller_dag.py
[2024-06-27T20:42:25.031+0000] {logging_mixin.py:151} INFO - [2024-06-27T20:42:25.031+0000] {dag.py:2915} INFO - Sync 1 DAGs
[2024-06-27T20:42:25.053+0000] {logging_mixin.py:151} INFO - [2024-06-27T20:42:25.052+0000] {dag.py:3696} INFO - Setting next_dagrun for example_trigger_controller_dag to 2021-01-01T00:00:00+00:00, run_after=2021-01-01T00:00:00+00:00
[2024-06-27T20:42:25.070+0000] {processor.py:179} INFO - Processing /home/airflow/.local/lib/python3.8/site-packages/airflow/example_dags/example_trigger_controller_dag.py took 0.067 seconds
[2024-06-27T20:42:55.331+0000] {processor.py:157} INFO - Started process (PID=677) to work on /home/airflow/.local/lib/python3.8/site-packages/airflow/example_dags/example_trigger_controller_dag.py
[2024-06-27T20:42:55.333+0000] {processor.py:829} INFO - Processing file /home/airflow/.local/lib/python3.8/site-packages/airflow/example_dags/example_trigger_controller_dag.py for tasks to queue
[2024-06-27T20:42:55.334+0000] {logging_mixin.py:151} INFO - [2024-06-27T20:42:55.333+0000] {dagbag.py:539} INFO - Filling up the DagBag from /home/airflow/.local/lib/python3.8/site-packages/airflow/example_dags/example_trigger_controller_dag.py
[2024-06-27T20:42:55.340+0000] {processor.py:839} INFO - DAG(s) dict_keys(['example_trigger_controller_dag']) retrieved from /home/airflow/.local/lib/python3.8/site-packages/airflow/example_dags/example_trigger_controller_dag.py
[2024-06-27T20:42:55.367+0000] {logging_mixin.py:151} INFO - [2024-06-27T20:42:55.367+0000] {dag.py:2915} INFO - Sync 1 DAGs
[2024-06-27T20:42:55.408+0000] {logging_mixin.py:151} INFO - [2024-06-27T20:42:55.408+0000] {dag.py:3696} INFO - Setting next_dagrun for example_trigger_controller_dag to 2021-01-01T00:00:00+00:00, run_after=2021-01-01T00:00:00+00:00
[2024-06-27T20:42:55.436+0000] {processor.py:179} INFO - Processing /home/airflow/.local/lib/python3.8/site-packages/airflow/example_dags/example_trigger_controller_dag.py took 0.109 seconds
[2024-06-27T20:43:25.613+0000] {processor.py:157} INFO - Started process (PID=920) to work on /home/airflow/.local/lib/python3.8/site-packages/airflow/example_dags/example_trigger_controller_dag.py
[2024-06-27T20:43:25.614+0000] {processor.py:829} INFO - Processing file /home/airflow/.local/lib/python3.8/site-packages/airflow/example_dags/example_trigger_controller_dag.py for tasks to queue
[2024-06-27T20:43:25.615+0000] {logging_mixin.py:151} INFO - [2024-06-27T20:43:25.614+0000] {dagbag.py:539} INFO - Filling up the DagBag from /home/airflow/.local/lib/python3.8/site-packages/airflow/example_dags/example_trigger_controller_dag.py
[2024-06-27T20:43:25.619+0000] {processor.py:839} INFO - DAG(s) dict_keys(['example_trigger_controller_dag']) retrieved from /home/airflow/.local/lib/python3.8/site-packages/airflow/example_dags/example_trigger_controller_dag.py
[2024-06-27T20:43:25.639+0000] {logging_mixin.py:151} INFO - [2024-06-27T20:43:25.639+0000] {dag.py:2915} INFO - Sync 1 DAGs
[2024-06-27T20:43:25.662+0000] {logging_mixin.py:151} INFO - [2024-06-27T20:43:25.662+0000] {dag.py:3696} INFO - Setting next_dagrun for example_trigger_controller_dag to 2021-01-01T00:00:00+00:00, run_after=2021-01-01T00:00:00+00:00
[2024-06-27T20:43:25.681+0000] {processor.py:179} INFO - Processing /home/airflow/.local/lib/python3.8/site-packages/airflow/example_dags/example_trigger_controller_dag.py took 0.071 seconds
[2024-06-27T20:43:56.142+0000] {processor.py:157} INFO - Started process (PID=1163) to work on /home/airflow/.local/lib/python3.8/site-packages/airflow/example_dags/example_trigger_controller_dag.py
[2024-06-27T20:43:56.143+0000] {processor.py:829} INFO - Processing file /home/airflow/.local/lib/python3.8/site-packages/airflow/example_dags/example_trigger_controller_dag.py for tasks to queue
[2024-06-27T20:43:56.144+0000] {logging_mixin.py:151} INFO - [2024-06-27T20:43:56.143+0000] {dagbag.py:539} INFO - Filling up the DagBag from /home/airflow/.local/lib/python3.8/site-packages/airflow/example_dags/example_trigger_controller_dag.py
[2024-06-27T20:43:56.149+0000] {processor.py:839} INFO - DAG(s) dict_keys(['example_trigger_controller_dag']) retrieved from /home/airflow/.local/lib/python3.8/site-packages/airflow/example_dags/example_trigger_controller_dag.py
[2024-06-27T20:43:56.180+0000] {logging_mixin.py:151} INFO - [2024-06-27T20:43:56.180+0000] {dag.py:2915} INFO - Sync 1 DAGs
[2024-06-27T20:43:56.217+0000] {logging_mixin.py:151} INFO - [2024-06-27T20:43:56.217+0000] {dag.py:3696} INFO - Setting next_dagrun for example_trigger_controller_dag to 2021-01-01T00:00:00+00:00, run_after=2021-01-01T00:00:00+00:00
[2024-06-27T20:43:56.241+0000] {processor.py:179} INFO - Processing /home/airflow/.local/lib/python3.8/site-packages/airflow/example_dags/example_trigger_controller_dag.py took 0.103 seconds
[2024-06-27T20:44:26.471+0000] {processor.py:157} INFO - Started process (PID=1405) to work on /home/airflow/.local/lib/python3.8/site-packages/airflow/example_dags/example_trigger_controller_dag.py
[2024-06-27T20:44:26.472+0000] {processor.py:829} INFO - Processing file /home/airflow/.local/lib/python3.8/site-packages/airflow/example_dags/example_trigger_controller_dag.py for tasks to queue
[2024-06-27T20:44:26.473+0000] {logging_mixin.py:151} INFO - [2024-06-27T20:44:26.473+0000] {dagbag.py:539} INFO - Filling up the DagBag from /home/airflow/.local/lib/python3.8/site-packages/airflow/example_dags/example_trigger_controller_dag.py
[2024-06-27T20:44:26.477+0000] {processor.py:839} INFO - DAG(s) dict_keys(['example_trigger_controller_dag']) retrieved from /home/airflow/.local/lib/python3.8/site-packages/airflow/example_dags/example_trigger_controller_dag.py
[2024-06-27T20:44:26.502+0000] {logging_mixin.py:151} INFO - [2024-06-27T20:44:26.502+0000] {dag.py:2915} INFO - Sync 1 DAGs
[2024-06-27T20:44:26.527+0000] {logging_mixin.py:151} INFO - [2024-06-27T20:44:26.526+0000] {dag.py:3696} INFO - Setting next_dagrun for example_trigger_controller_dag to 2021-01-01T00:00:00+00:00, run_after=2021-01-01T00:00:00+00:00
[2024-06-27T20:44:26.545+0000] {processor.py:179} INFO - Processing /home/airflow/.local/lib/python3.8/site-packages/airflow/example_dags/example_trigger_controller_dag.py took 0.077 seconds
[2024-06-27T20:44:57.028+0000] {processor.py:157} INFO - Started process (PID=1648) to work on /home/airflow/.local/lib/python3.8/site-packages/airflow/example_dags/example_trigger_controller_dag.py
[2024-06-27T20:44:57.029+0000] {processor.py:829} INFO - Processing file /home/airflow/.local/lib/python3.8/site-packages/airflow/example_dags/example_trigger_controller_dag.py for tasks to queue
[2024-06-27T20:44:57.030+0000] {logging_mixin.py:151} INFO - [2024-06-27T20:44:57.029+0000] {dagbag.py:539} INFO - Filling up the DagBag from /home/airflow/.local/lib/python3.8/site-packages/airflow/example_dags/example_trigger_controller_dag.py
[2024-06-27T20:44:57.034+0000] {processor.py:839} INFO - DAG(s) dict_keys(['example_trigger_controller_dag']) retrieved from /home/airflow/.local/lib/python3.8/site-packages/airflow/example_dags/example_trigger_controller_dag.py
[2024-06-27T20:44:57.053+0000] {logging_mixin.py:151} INFO - [2024-06-27T20:44:57.053+0000] {dag.py:2915} INFO - Sync 1 DAGs
[2024-06-27T20:44:57.076+0000] {logging_mixin.py:151} INFO - [2024-06-27T20:44:57.076+0000] {dag.py:3696} INFO - Setting next_dagrun for example_trigger_controller_dag to 2021-01-01T00:00:00+00:00, run_after=2021-01-01T00:00:00+00:00
[2024-06-27T20:44:57.094+0000] {processor.py:179} INFO - Processing /home/airflow/.local/lib/python3.8/site-packages/airflow/example_dags/example_trigger_controller_dag.py took 0.069 seconds
[2024-06-27T20:45:27.423+0000] {processor.py:157} INFO - Started process (PID=1890) to work on /home/airflow/.local/lib/python3.8/site-packages/airflow/example_dags/example_trigger_controller_dag.py
[2024-06-27T20:45:27.424+0000] {processor.py:829} INFO - Processing file /home/airflow/.local/lib/python3.8/site-packages/airflow/example_dags/example_trigger_controller_dag.py for tasks to queue
[2024-06-27T20:45:27.425+0000] {logging_mixin.py:151} INFO - [2024-06-27T20:45:27.425+0000] {dagbag.py:539} INFO - Filling up the DagBag from /home/airflow/.local/lib/python3.8/site-packages/airflow/example_dags/example_trigger_controller_dag.py
[2024-06-27T20:45:27.430+0000] {processor.py:839} INFO - DAG(s) dict_keys(['example_trigger_controller_dag']) retrieved from /home/airflow/.local/lib/python3.8/site-packages/airflow/example_dags/example_trigger_controller_dag.py
[2024-06-27T20:45:27.454+0000] {logging_mixin.py:151} INFO - [2024-06-27T20:45:27.454+0000] {dag.py:2915} INFO - Sync 1 DAGs
[2024-06-27T20:45:27.476+0000] {logging_mixin.py:151} INFO - [2024-06-27T20:45:27.476+0000] {dag.py:3696} INFO - Setting next_dagrun for example_trigger_controller_dag to 2021-01-01T00:00:00+00:00, run_after=2021-01-01T00:00:00+00:00
[2024-06-27T20:45:27.494+0000] {processor.py:179} INFO - Processing /home/airflow/.local/lib/python3.8/site-packages/airflow/example_dags/example_trigger_controller_dag.py took 0.075 seconds
[2024-06-27T20:45:57.610+0000] {processor.py:157} INFO - Started process (PID=2133) to work on /home/airflow/.local/lib/python3.8/site-packages/airflow/example_dags/example_trigger_controller_dag.py
[2024-06-27T20:45:57.611+0000] {processor.py:829} INFO - Processing file /home/airflow/.local/lib/python3.8/site-packages/airflow/example_dags/example_trigger_controller_dag.py for tasks to queue
[2024-06-27T20:45:57.611+0000] {logging_mixin.py:151} INFO - [2024-06-27T20:45:57.611+0000] {dagbag.py:539} INFO - Filling up the DagBag from /home/airflow/.local/lib/python3.8/site-packages/airflow/example_dags/example_trigger_controller_dag.py
[2024-06-27T20:45:57.616+0000] {processor.py:839} INFO - DAG(s) dict_keys(['example_trigger_controller_dag']) retrieved from /home/airflow/.local/lib/python3.8/site-packages/airflow/example_dags/example_trigger_controller_dag.py
[2024-06-27T20:45:57.637+0000] {logging_mixin.py:151} INFO - [2024-06-27T20:45:57.637+0000] {dag.py:2915} INFO - Sync 1 DAGs
[2024-06-27T20:45:57.669+0000] {logging_mixin.py:151} INFO - [2024-06-27T20:45:57.669+0000] {dag.py:3696} INFO - Setting next_dagrun for example_trigger_controller_dag to 2021-01-01T00:00:00+00:00, run_after=2021-01-01T00:00:00+00:00
[2024-06-27T20:45:57.693+0000] {processor.py:179} INFO - Processing /home/airflow/.local/lib/python3.8/site-packages/airflow/example_dags/example_trigger_controller_dag.py took 0.086 seconds
[2024-06-27T20:46:27.859+0000] {processor.py:157} INFO - Started process (PID=2378) to work on /home/airflow/.local/lib/python3.8/site-packages/airflow/example_dags/example_trigger_controller_dag.py
[2024-06-27T20:46:27.859+0000] {processor.py:829} INFO - Processing file /home/airflow/.local/lib/python3.8/site-packages/airflow/example_dags/example_trigger_controller_dag.py for tasks to queue
[2024-06-27T20:46:27.860+0000] {logging_mixin.py:151} INFO - [2024-06-27T20:46:27.860+0000] {dagbag.py:539} INFO - Filling up the DagBag from /home/airflow/.local/lib/python3.8/site-packages/airflow/example_dags/example_trigger_controller_dag.py
[2024-06-27T20:46:27.864+0000] {processor.py:839} INFO - DAG(s) dict_keys(['example_trigger_controller_dag']) retrieved from /home/airflow/.local/lib/python3.8/site-packages/airflow/example_dags/example_trigger_controller_dag.py
[2024-06-27T20:46:27.882+0000] {logging_mixin.py:151} INFO - [2024-06-27T20:46:27.882+0000] {dag.py:2915} INFO - Sync 1 DAGs
[2024-06-27T20:46:27.904+0000] {logging_mixin.py:151} INFO - [2024-06-27T20:46:27.904+0000] {dag.py:3696} INFO - Setting next_dagrun for example_trigger_controller_dag to 2021-01-01T00:00:00+00:00, run_after=2021-01-01T00:00:00+00:00
[2024-06-27T20:46:27.921+0000] {processor.py:179} INFO - Processing /home/airflow/.local/lib/python3.8/site-packages/airflow/example_dags/example_trigger_controller_dag.py took 0.065 seconds
[2024-06-27T20:46:58.778+0000] {processor.py:157} INFO - Started process (PID=2619) to work on /home/airflow/.local/lib/python3.8/site-packages/airflow/example_dags/example_trigger_controller_dag.py
[2024-06-27T20:46:58.778+0000] {processor.py:829} INFO - Processing file /home/airflow/.local/lib/python3.8/site-packages/airflow/example_dags/example_trigger_controller_dag.py for tasks to queue
[2024-06-27T20:46:58.779+0000] {logging_mixin.py:151} INFO - [2024-06-27T20:46:58.779+0000] {dagbag.py:539} INFO - Filling up the DagBag from /home/airflow/.local/lib/python3.8/site-packages/airflow/example_dags/example_trigger_controller_dag.py
[2024-06-27T20:46:58.783+0000] {processor.py:839} INFO - DAG(s) dict_keys(['example_trigger_controller_dag']) retrieved from /home/airflow/.local/lib/python3.8/site-packages/airflow/example_dags/example_trigger_controller_dag.py
[2024-06-27T20:46:58.803+0000] {logging_mixin.py:151} INFO - [2024-06-27T20:46:58.803+0000] {dag.py:2915} INFO - Sync 1 DAGs
[2024-06-27T20:46:58.827+0000] {logging_mixin.py:151} INFO - [2024-06-27T20:46:58.826+0000] {dag.py:3696} INFO - Setting next_dagrun for example_trigger_controller_dag to 2021-01-01T00:00:00+00:00, run_after=2021-01-01T00:00:00+00:00
[2024-06-27T20:46:58.846+0000] {processor.py:179} INFO - Processing /home/airflow/.local/lib/python3.8/site-packages/airflow/example_dags/example_trigger_controller_dag.py took 0.072 seconds
[2024-06-27T20:47:29.693+0000] {processor.py:157} INFO - Started process (PID=2862) to work on /home/airflow/.local/lib/python3.8/site-packages/airflow/example_dags/example_trigger_controller_dag.py
[2024-06-27T20:47:29.694+0000] {processor.py:829} INFO - Processing file /home/airflow/.local/lib/python3.8/site-packages/airflow/example_dags/example_trigger_controller_dag.py for tasks to queue
[2024-06-27T20:47:29.694+0000] {logging_mixin.py:151} INFO - [2024-06-27T20:47:29.694+0000] {dagbag.py:539} INFO - Filling up the DagBag from /home/airflow/.local/lib/python3.8/site-packages/airflow/example_dags/example_trigger_controller_dag.py
[2024-06-27T20:47:29.699+0000] {processor.py:839} INFO - DAG(s) dict_keys(['example_trigger_controller_dag']) retrieved from /home/airflow/.local/lib/python3.8/site-packages/airflow/example_dags/example_trigger_controller_dag.py
[2024-06-27T20:47:29.718+0000] {logging_mixin.py:151} INFO - [2024-06-27T20:47:29.718+0000] {dag.py:2915} INFO - Sync 1 DAGs
[2024-06-27T20:47:29.739+0000] {logging_mixin.py:151} INFO - [2024-06-27T20:47:29.739+0000] {dag.py:3696} INFO - Setting next_dagrun for example_trigger_controller_dag to 2021-01-01T00:00:00+00:00, run_after=2021-01-01T00:00:00+00:00
[2024-06-27T20:47:29.757+0000] {processor.py:179} INFO - Processing /home/airflow/.local/lib/python3.8/site-packages/airflow/example_dags/example_trigger_controller_dag.py took 0.068 seconds
[2024-06-27T20:48:00.620+0000] {processor.py:157} INFO - Started process (PID=3106) to work on /home/airflow/.local/lib/python3.8/site-packages/airflow/example_dags/example_trigger_controller_dag.py
[2024-06-27T20:48:00.621+0000] {processor.py:829} INFO - Processing file /home/airflow/.local/lib/python3.8/site-packages/airflow/example_dags/example_trigger_controller_dag.py for tasks to queue
[2024-06-27T20:48:00.622+0000] {logging_mixin.py:151} INFO - [2024-06-27T20:48:00.621+0000] {dagbag.py:539} INFO - Filling up the DagBag from /home/airflow/.local/lib/python3.8/site-packages/airflow/example_dags/example_trigger_controller_dag.py
[2024-06-27T20:48:00.626+0000] {processor.py:839} INFO - DAG(s) dict_keys(['example_trigger_controller_dag']) retrieved from /home/airflow/.local/lib/python3.8/site-packages/airflow/example_dags/example_trigger_controller_dag.py
[2024-06-27T20:48:00.645+0000] {logging_mixin.py:151} INFO - [2024-06-27T20:48:00.645+0000] {dag.py:2915} INFO - Sync 1 DAGs
[2024-06-27T20:48:00.666+0000] {logging_mixin.py:151} INFO - [2024-06-27T20:48:00.665+0000] {dag.py:3696} INFO - Setting next_dagrun for example_trigger_controller_dag to 2021-01-01T00:00:00+00:00, run_after=2021-01-01T00:00:00+00:00
[2024-06-27T20:48:00.685+0000] {processor.py:179} INFO - Processing /home/airflow/.local/lib/python3.8/site-packages/airflow/example_dags/example_trigger_controller_dag.py took 0.067 seconds
[2024-06-27T20:48:31.490+0000] {processor.py:157} INFO - Started process (PID=3349) to work on /home/airflow/.local/lib/python3.8/site-packages/airflow/example_dags/example_trigger_controller_dag.py
[2024-06-27T20:48:31.491+0000] {processor.py:829} INFO - Processing file /home/airflow/.local/lib/python3.8/site-packages/airflow/example_dags/example_trigger_controller_dag.py for tasks to queue
[2024-06-27T20:48:31.492+0000] {logging_mixin.py:151} INFO - [2024-06-27T20:48:31.492+0000] {dagbag.py:539} INFO - Filling up the DagBag from /home/airflow/.local/lib/python3.8/site-packages/airflow/example_dags/example_trigger_controller_dag.py
[2024-06-27T20:48:31.496+0000] {processor.py:839} INFO - DAG(s) dict_keys(['example_trigger_controller_dag']) retrieved from /home/airflow/.local/lib/python3.8/site-packages/airflow/example_dags/example_trigger_controller_dag.py
[2024-06-27T20:48:31.517+0000] {logging_mixin.py:151} INFO - [2024-06-27T20:48:31.516+0000] {dag.py:2915} INFO - Sync 1 DAGs
[2024-06-27T20:48:31.540+0000] {logging_mixin.py:151} INFO - [2024-06-27T20:48:31.540+0000] {dag.py:3696} INFO - Setting next_dagrun for example_trigger_controller_dag to 2021-01-01T00:00:00+00:00, run_after=2021-01-01T00:00:00+00:00
[2024-06-27T20:48:31.560+0000] {processor.py:179} INFO - Processing /home/airflow/.local/lib/python3.8/site-packages/airflow/example_dags/example_trigger_controller_dag.py took 0.072 seconds
[2024-06-27T20:49:02.424+0000] {processor.py:157} INFO - Started process (PID=3592) to work on /home/airflow/.local/lib/python3.8/site-packages/airflow/example_dags/example_trigger_controller_dag.py
[2024-06-27T20:49:02.425+0000] {processor.py:829} INFO - Processing file /home/airflow/.local/lib/python3.8/site-packages/airflow/example_dags/example_trigger_controller_dag.py for tasks to queue
[2024-06-27T20:49:02.426+0000] {logging_mixin.py:151} INFO - [2024-06-27T20:49:02.426+0000] {dagbag.py:539} INFO - Filling up the DagBag from /home/airflow/.local/lib/python3.8/site-packages/airflow/example_dags/example_trigger_controller_dag.py
[2024-06-27T20:49:02.430+0000] {processor.py:839} INFO - DAG(s) dict_keys(['example_trigger_controller_dag']) retrieved from /home/airflow/.local/lib/python3.8/site-packages/airflow/example_dags/example_trigger_controller_dag.py
[2024-06-27T20:49:02.451+0000] {logging_mixin.py:151} INFO - [2024-06-27T20:49:02.451+0000] {dag.py:2915} INFO - Sync 1 DAGs
[2024-06-27T20:49:02.473+0000] {logging_mixin.py:151} INFO - [2024-06-27T20:49:02.473+0000] {dag.py:3696} INFO - Setting next_dagrun for example_trigger_controller_dag to 2021-01-01T00:00:00+00:00, run_after=2021-01-01T00:00:00+00:00
[2024-06-27T20:49:02.490+0000] {processor.py:179} INFO - Processing /home/airflow/.local/lib/python3.8/site-packages/airflow/example_dags/example_trigger_controller_dag.py took 0.069 seconds
[2024-06-27T20:49:32.836+0000] {processor.py:157} INFO - Started process (PID=3835) to work on /home/airflow/.local/lib/python3.8/site-packages/airflow/example_dags/example_trigger_controller_dag.py
[2024-06-27T20:49:32.837+0000] {processor.py:829} INFO - Processing file /home/airflow/.local/lib/python3.8/site-packages/airflow/example_dags/example_trigger_controller_dag.py for tasks to queue
[2024-06-27T20:49:32.837+0000] {logging_mixin.py:151} INFO - [2024-06-27T20:49:32.837+0000] {dagbag.py:539} INFO - Filling up the DagBag from /home/airflow/.local/lib/python3.8/site-packages/airflow/example_dags/example_trigger_controller_dag.py
[2024-06-27T20:49:32.842+0000] {processor.py:839} INFO - DAG(s) dict_keys(['example_trigger_controller_dag']) retrieved from /home/airflow/.local/lib/python3.8/site-packages/airflow/example_dags/example_trigger_controller_dag.py
[2024-06-27T20:49:32.861+0000] {logging_mixin.py:151} INFO - [2024-06-27T20:49:32.861+0000] {dag.py:2915} INFO - Sync 1 DAGs
[2024-06-27T20:49:32.884+0000] {logging_mixin.py:151} INFO - [2024-06-27T20:49:32.884+0000] {dag.py:3696} INFO - Setting next_dagrun for example_trigger_controller_dag to 2021-01-01T00:00:00+00:00, run_after=2021-01-01T00:00:00+00:00
[2024-06-27T20:49:32.903+0000] {processor.py:179} INFO - Processing /home/airflow/.local/lib/python3.8/site-packages/airflow/example_dags/example_trigger_controller_dag.py took 0.070 seconds
