[2024-06-27T20:41:57.802+0000] {processor.py:157} INFO - Started process (PID=291) to work on /home/airflow/.local/lib/python3.8/site-packages/airflow/example_dags/example_external_task_marker_dag.py
[2024-06-27T20:41:57.802+0000] {processor.py:829} INFO - Processing file /home/airflow/.local/lib/python3.8/site-packages/airflow/example_dags/example_external_task_marker_dag.py for tasks to queue
[2024-06-27T20:41:57.803+0000] {logging_mixin.py:151} INFO - [2024-06-27T20:41:57.803+0000] {dagbag.py:539} INFO - Filling up the DagBag from /home/airflow/.local/lib/python3.8/site-packages/airflow/example_dags/example_external_task_marker_dag.py
[2024-06-27T20:41:57.810+0000] {processor.py:839} INFO - DAG(s) dict_keys(['example_external_task_marker_parent', 'example_external_task_marker_child']) retrieved from /home/airflow/.local/lib/python3.8/site-packages/airflow/example_dags/example_external_task_marker_dag.py
[2024-06-27T20:41:58.033+0000] {logging_mixin.py:151} INFO - [2024-06-27T20:41:58.033+0000] {manager.py:499} INFO - Created Permission View: %s
[2024-06-27T20:41:58.044+0000] {logging_mixin.py:151} INFO - [2024-06-27T20:41:58.044+0000] {manager.py:499} INFO - Created Permission View: %s
[2024-06-27T20:41:58.051+0000] {logging_mixin.py:151} INFO - [2024-06-27T20:41:58.051+0000] {manager.py:499} INFO - Created Permission View: %s
[2024-06-27T20:41:58.052+0000] {logging_mixin.py:151} INFO - [2024-06-27T20:41:58.052+0000] {security.py:708} INFO - Not syncing DAG-level permissions for DAG 'DAG:example_external_task_marker_parent' as access control is unset.
[2024-06-27T20:41:58.067+0000] {logging_mixin.py:151} INFO - [2024-06-27T20:41:58.066+0000] {manager.py:499} INFO - Created Permission View: %s
[2024-06-27T20:41:58.074+0000] {logging_mixin.py:151} INFO - [2024-06-27T20:41:58.074+0000] {manager.py:499} INFO - Created Permission View: %s
[2024-06-27T20:41:58.081+0000] {logging_mixin.py:151} INFO - [2024-06-27T20:41:58.081+0000] {manager.py:499} INFO - Created Permission View: %s
[2024-06-27T20:41:58.082+0000] {logging_mixin.py:151} INFO - [2024-06-27T20:41:58.082+0000] {security.py:708} INFO - Not syncing DAG-level permissions for DAG 'DAG:example_external_task_marker_child' as access control is unset.
[2024-06-27T20:41:58.082+0000] {logging_mixin.py:151} INFO - [2024-06-27T20:41:58.082+0000] {dag.py:2915} INFO - Sync 2 DAGs
[2024-06-27T20:41:58.096+0000] {logging_mixin.py:151} INFO - [2024-06-27T20:41:58.095+0000] {dag.py:2937} INFO - Creating ORM DAG for example_external_task_marker_child
[2024-06-27T20:41:58.096+0000] {logging_mixin.py:151} INFO - [2024-06-27T20:41:58.096+0000] {dag.py:2937} INFO - Creating ORM DAG for example_external_task_marker_parent
[2024-06-27T20:41:58.097+0000] {logging_mixin.py:151} INFO - [2024-06-27T20:41:58.097+0000] {dag.py:3696} INFO - Setting next_dagrun for example_external_task_marker_child to None, run_after=None
[2024-06-27T20:41:58.097+0000] {logging_mixin.py:151} INFO - [2024-06-27T20:41:58.097+0000] {dag.py:3696} INFO - Setting next_dagrun for example_external_task_marker_parent to None, run_after=None
[2024-06-27T20:41:58.116+0000] {processor.py:179} INFO - Processing /home/airflow/.local/lib/python3.8/site-packages/airflow/example_dags/example_external_task_marker_dag.py took 0.317 seconds
[2024-06-27T20:42:28.213+0000] {processor.py:157} INFO - Started process (PID=531) to work on /home/airflow/.local/lib/python3.8/site-packages/airflow/example_dags/example_external_task_marker_dag.py
[2024-06-27T20:42:28.219+0000] {processor.py:829} INFO - Processing file /home/airflow/.local/lib/python3.8/site-packages/airflow/example_dags/example_external_task_marker_dag.py for tasks to queue
[2024-06-27T20:42:28.220+0000] {logging_mixin.py:151} INFO - [2024-06-27T20:42:28.219+0000] {dagbag.py:539} INFO - Filling up the DagBag from /home/airflow/.local/lib/python3.8/site-packages/airflow/example_dags/example_external_task_marker_dag.py
[2024-06-27T20:42:28.226+0000] {processor.py:839} INFO - DAG(s) dict_keys(['example_external_task_marker_parent', 'example_external_task_marker_child']) retrieved from /home/airflow/.local/lib/python3.8/site-packages/airflow/example_dags/example_external_task_marker_dag.py
[2024-06-27T20:42:28.259+0000] {logging_mixin.py:151} INFO - [2024-06-27T20:42:28.259+0000] {dag.py:2915} INFO - Sync 2 DAGs
[2024-06-27T20:42:28.274+0000] {logging_mixin.py:151} INFO - [2024-06-27T20:42:28.274+0000] {dag.py:3696} INFO - Setting next_dagrun for example_external_task_marker_child to None, run_after=None
[2024-06-27T20:42:28.279+0000] {logging_mixin.py:151} INFO - [2024-06-27T20:42:28.279+0000] {dag.py:3696} INFO - Setting next_dagrun for example_external_task_marker_parent to None, run_after=None
[2024-06-27T20:42:28.301+0000] {processor.py:179} INFO - Processing /home/airflow/.local/lib/python3.8/site-packages/airflow/example_dags/example_external_task_marker_dag.py took 0.091 seconds
[2024-06-27T20:42:58.557+0000] {processor.py:157} INFO - Started process (PID=772) to work on /home/airflow/.local/lib/python3.8/site-packages/airflow/example_dags/example_external_task_marker_dag.py
[2024-06-27T20:42:58.558+0000] {processor.py:829} INFO - Processing file /home/airflow/.local/lib/python3.8/site-packages/airflow/example_dags/example_external_task_marker_dag.py for tasks to queue
[2024-06-27T20:42:58.559+0000] {logging_mixin.py:151} INFO - [2024-06-27T20:42:58.559+0000] {dagbag.py:539} INFO - Filling up the DagBag from /home/airflow/.local/lib/python3.8/site-packages/airflow/example_dags/example_external_task_marker_dag.py
[2024-06-27T20:42:58.564+0000] {processor.py:839} INFO - DAG(s) dict_keys(['example_external_task_marker_child', 'example_external_task_marker_parent']) retrieved from /home/airflow/.local/lib/python3.8/site-packages/airflow/example_dags/example_external_task_marker_dag.py
[2024-06-27T20:42:58.588+0000] {logging_mixin.py:151} INFO - [2024-06-27T20:42:58.588+0000] {dag.py:2915} INFO - Sync 2 DAGs
[2024-06-27T20:42:58.601+0000] {logging_mixin.py:151} INFO - [2024-06-27T20:42:58.601+0000] {dag.py:3696} INFO - Setting next_dagrun for example_external_task_marker_child to None, run_after=None
[2024-06-27T20:42:58.605+0000] {logging_mixin.py:151} INFO - [2024-06-27T20:42:58.604+0000] {dag.py:3696} INFO - Setting next_dagrun for example_external_task_marker_parent to None, run_after=None
[2024-06-27T20:42:58.621+0000] {processor.py:179} INFO - Processing /home/airflow/.local/lib/python3.8/site-packages/airflow/example_dags/example_external_task_marker_dag.py took 0.067 seconds
[2024-06-27T20:43:29.475+0000] {processor.py:157} INFO - Started process (PID=1015) to work on /home/airflow/.local/lib/python3.8/site-packages/airflow/example_dags/example_external_task_marker_dag.py
[2024-06-27T20:43:29.476+0000] {processor.py:829} INFO - Processing file /home/airflow/.local/lib/python3.8/site-packages/airflow/example_dags/example_external_task_marker_dag.py for tasks to queue
[2024-06-27T20:43:29.476+0000] {logging_mixin.py:151} INFO - [2024-06-27T20:43:29.476+0000] {dagbag.py:539} INFO - Filling up the DagBag from /home/airflow/.local/lib/python3.8/site-packages/airflow/example_dags/example_external_task_marker_dag.py
[2024-06-27T20:43:29.482+0000] {processor.py:839} INFO - DAG(s) dict_keys(['example_external_task_marker_child', 'example_external_task_marker_parent']) retrieved from /home/airflow/.local/lib/python3.8/site-packages/airflow/example_dags/example_external_task_marker_dag.py
[2024-06-27T20:43:29.504+0000] {logging_mixin.py:151} INFO - [2024-06-27T20:43:29.504+0000] {dag.py:2915} INFO - Sync 2 DAGs
[2024-06-27T20:43:29.516+0000] {logging_mixin.py:151} INFO - [2024-06-27T20:43:29.516+0000] {dag.py:3696} INFO - Setting next_dagrun for example_external_task_marker_child to None, run_after=None
[2024-06-27T20:43:29.519+0000] {logging_mixin.py:151} INFO - [2024-06-27T20:43:29.519+0000] {dag.py:3696} INFO - Setting next_dagrun for example_external_task_marker_parent to None, run_after=None
[2024-06-27T20:43:29.535+0000] {processor.py:179} INFO - Processing /home/airflow/.local/lib/python3.8/site-packages/airflow/example_dags/example_external_task_marker_dag.py took 0.063 seconds
[2024-06-27T20:44:00.534+0000] {processor.py:157} INFO - Started process (PID=1258) to work on /home/airflow/.local/lib/python3.8/site-packages/airflow/example_dags/example_external_task_marker_dag.py
[2024-06-27T20:44:00.535+0000] {processor.py:829} INFO - Processing file /home/airflow/.local/lib/python3.8/site-packages/airflow/example_dags/example_external_task_marker_dag.py for tasks to queue
[2024-06-27T20:44:00.535+0000] {logging_mixin.py:151} INFO - [2024-06-27T20:44:00.535+0000] {dagbag.py:539} INFO - Filling up the DagBag from /home/airflow/.local/lib/python3.8/site-packages/airflow/example_dags/example_external_task_marker_dag.py
[2024-06-27T20:44:00.541+0000] {processor.py:839} INFO - DAG(s) dict_keys(['example_external_task_marker_child', 'example_external_task_marker_parent']) retrieved from /home/airflow/.local/lib/python3.8/site-packages/airflow/example_dags/example_external_task_marker_dag.py
[2024-06-27T20:44:00.571+0000] {logging_mixin.py:151} INFO - [2024-06-27T20:44:00.570+0000] {dag.py:2915} INFO - Sync 2 DAGs
[2024-06-27T20:44:00.594+0000] {logging_mixin.py:151} INFO - [2024-06-27T20:44:00.593+0000] {dag.py:3696} INFO - Setting next_dagrun for example_external_task_marker_child to None, run_after=None
[2024-06-27T20:44:00.600+0000] {logging_mixin.py:151} INFO - [2024-06-27T20:44:00.600+0000] {dag.py:3696} INFO - Setting next_dagrun for example_external_task_marker_parent to None, run_after=None
[2024-06-27T20:44:00.635+0000] {processor.py:179} INFO - Processing /home/airflow/.local/lib/python3.8/site-packages/airflow/example_dags/example_external_task_marker_dag.py took 0.105 seconds
[2024-06-27T20:44:30.869+0000] {processor.py:157} INFO - Started process (PID=1500) to work on /home/airflow/.local/lib/python3.8/site-packages/airflow/example_dags/example_external_task_marker_dag.py
[2024-06-27T20:44:30.870+0000] {processor.py:829} INFO - Processing file /home/airflow/.local/lib/python3.8/site-packages/airflow/example_dags/example_external_task_marker_dag.py for tasks to queue
[2024-06-27T20:44:30.871+0000] {logging_mixin.py:151} INFO - [2024-06-27T20:44:30.871+0000] {dagbag.py:539} INFO - Filling up the DagBag from /home/airflow/.local/lib/python3.8/site-packages/airflow/example_dags/example_external_task_marker_dag.py
[2024-06-27T20:44:30.880+0000] {processor.py:839} INFO - DAG(s) dict_keys(['example_external_task_marker_parent', 'example_external_task_marker_child']) retrieved from /home/airflow/.local/lib/python3.8/site-packages/airflow/example_dags/example_external_task_marker_dag.py
[2024-06-27T20:44:30.920+0000] {logging_mixin.py:151} INFO - [2024-06-27T20:44:30.919+0000] {dag.py:2915} INFO - Sync 2 DAGs
[2024-06-27T20:44:30.950+0000] {logging_mixin.py:151} INFO - [2024-06-27T20:44:30.949+0000] {dag.py:3696} INFO - Setting next_dagrun for example_external_task_marker_child to None, run_after=None
[2024-06-27T20:44:30.957+0000] {logging_mixin.py:151} INFO - [2024-06-27T20:44:30.957+0000] {dag.py:3696} INFO - Setting next_dagrun for example_external_task_marker_parent to None, run_after=None
[2024-06-27T20:44:30.989+0000] {processor.py:179} INFO - Processing /home/airflow/.local/lib/python3.8/site-packages/airflow/example_dags/example_external_task_marker_dag.py took 0.126 seconds
[2024-06-27T20:45:01.105+0000] {processor.py:157} INFO - Started process (PID=1745) to work on /home/airflow/.local/lib/python3.8/site-packages/airflow/example_dags/example_external_task_marker_dag.py
[2024-06-27T20:45:01.105+0000] {processor.py:829} INFO - Processing file /home/airflow/.local/lib/python3.8/site-packages/airflow/example_dags/example_external_task_marker_dag.py for tasks to queue
[2024-06-27T20:45:01.106+0000] {logging_mixin.py:151} INFO - [2024-06-27T20:45:01.106+0000] {dagbag.py:539} INFO - Filling up the DagBag from /home/airflow/.local/lib/python3.8/site-packages/airflow/example_dags/example_external_task_marker_dag.py
[2024-06-27T20:45:01.112+0000] {processor.py:839} INFO - DAG(s) dict_keys(['example_external_task_marker_child', 'example_external_task_marker_parent']) retrieved from /home/airflow/.local/lib/python3.8/site-packages/airflow/example_dags/example_external_task_marker_dag.py
[2024-06-27T20:45:01.136+0000] {logging_mixin.py:151} INFO - [2024-06-27T20:45:01.135+0000] {dag.py:2915} INFO - Sync 2 DAGs
[2024-06-27T20:45:01.148+0000] {logging_mixin.py:151} INFO - [2024-06-27T20:45:01.147+0000] {dag.py:3696} INFO - Setting next_dagrun for example_external_task_marker_child to None, run_after=None
[2024-06-27T20:45:01.151+0000] {logging_mixin.py:151} INFO - [2024-06-27T20:45:01.151+0000] {dag.py:3696} INFO - Setting next_dagrun for example_external_task_marker_parent to None, run_after=None
[2024-06-27T20:45:01.168+0000] {processor.py:179} INFO - Processing /home/airflow/.local/lib/python3.8/site-packages/airflow/example_dags/example_external_task_marker_dag.py took 0.066 seconds
[2024-06-27T20:45:31.490+0000] {processor.py:157} INFO - Started process (PID=1987) to work on /home/airflow/.local/lib/python3.8/site-packages/airflow/example_dags/example_external_task_marker_dag.py
[2024-06-27T20:45:31.490+0000] {processor.py:829} INFO - Processing file /home/airflow/.local/lib/python3.8/site-packages/airflow/example_dags/example_external_task_marker_dag.py for tasks to queue
[2024-06-27T20:45:31.491+0000] {logging_mixin.py:151} INFO - [2024-06-27T20:45:31.491+0000] {dagbag.py:539} INFO - Filling up the DagBag from /home/airflow/.local/lib/python3.8/site-packages/airflow/example_dags/example_external_task_marker_dag.py
[2024-06-27T20:45:31.496+0000] {processor.py:839} INFO - DAG(s) dict_keys(['example_external_task_marker_child', 'example_external_task_marker_parent']) retrieved from /home/airflow/.local/lib/python3.8/site-packages/airflow/example_dags/example_external_task_marker_dag.py
[2024-06-27T20:45:31.520+0000] {logging_mixin.py:151} INFO - [2024-06-27T20:45:31.520+0000] {dag.py:2915} INFO - Sync 2 DAGs
[2024-06-27T20:45:31.533+0000] {logging_mixin.py:151} INFO - [2024-06-27T20:45:31.532+0000] {dag.py:3696} INFO - Setting next_dagrun for example_external_task_marker_child to None, run_after=None
[2024-06-27T20:45:31.536+0000] {logging_mixin.py:151} INFO - [2024-06-27T20:45:31.536+0000] {dag.py:3696} INFO - Setting next_dagrun for example_external_task_marker_parent to None, run_after=None
[2024-06-27T20:45:31.551+0000] {processor.py:179} INFO - Processing /home/airflow/.local/lib/python3.8/site-packages/airflow/example_dags/example_external_task_marker_dag.py took 0.064 seconds
[2024-06-27T20:46:01.746+0000] {processor.py:157} INFO - Started process (PID=2230) to work on /home/airflow/.local/lib/python3.8/site-packages/airflow/example_dags/example_external_task_marker_dag.py
[2024-06-27T20:46:01.748+0000] {processor.py:829} INFO - Processing file /home/airflow/.local/lib/python3.8/site-packages/airflow/example_dags/example_external_task_marker_dag.py for tasks to queue
[2024-06-27T20:46:01.748+0000] {logging_mixin.py:151} INFO - [2024-06-27T20:46:01.748+0000] {dagbag.py:539} INFO - Filling up the DagBag from /home/airflow/.local/lib/python3.8/site-packages/airflow/example_dags/example_external_task_marker_dag.py
[2024-06-27T20:46:01.754+0000] {processor.py:839} INFO - DAG(s) dict_keys(['example_external_task_marker_parent', 'example_external_task_marker_child']) retrieved from /home/airflow/.local/lib/python3.8/site-packages/airflow/example_dags/example_external_task_marker_dag.py
[2024-06-27T20:46:01.782+0000] {logging_mixin.py:151} INFO - [2024-06-27T20:46:01.782+0000] {dag.py:2915} INFO - Sync 2 DAGs
[2024-06-27T20:46:01.794+0000] {logging_mixin.py:151} INFO - [2024-06-27T20:46:01.793+0000] {dag.py:3696} INFO - Setting next_dagrun for example_external_task_marker_child to None, run_after=None
[2024-06-27T20:46:01.797+0000] {logging_mixin.py:151} INFO - [2024-06-27T20:46:01.797+0000] {dag.py:3696} INFO - Setting next_dagrun for example_external_task_marker_parent to None, run_after=None
[2024-06-27T20:46:01.813+0000] {processor.py:179} INFO - Processing /home/airflow/.local/lib/python3.8/site-packages/airflow/example_dags/example_external_task_marker_dag.py took 0.069 seconds
[2024-06-27T20:46:32.745+0000] {processor.py:157} INFO - Started process (PID=2471) to work on /home/airflow/.local/lib/python3.8/site-packages/airflow/example_dags/example_external_task_marker_dag.py
[2024-06-27T20:46:32.746+0000] {processor.py:829} INFO - Processing file /home/airflow/.local/lib/python3.8/site-packages/airflow/example_dags/example_external_task_marker_dag.py for tasks to queue
[2024-06-27T20:46:32.747+0000] {logging_mixin.py:151} INFO - [2024-06-27T20:46:32.746+0000] {dagbag.py:539} INFO - Filling up the DagBag from /home/airflow/.local/lib/python3.8/site-packages/airflow/example_dags/example_external_task_marker_dag.py
[2024-06-27T20:46:32.754+0000] {processor.py:839} INFO - DAG(s) dict_keys(['example_external_task_marker_parent', 'example_external_task_marker_child']) retrieved from /home/airflow/.local/lib/python3.8/site-packages/airflow/example_dags/example_external_task_marker_dag.py
[2024-06-27T20:46:32.788+0000] {logging_mixin.py:151} INFO - [2024-06-27T20:46:32.788+0000] {dag.py:2915} INFO - Sync 2 DAGs
[2024-06-27T20:46:32.804+0000] {logging_mixin.py:151} INFO - [2024-06-27T20:46:32.803+0000] {dag.py:3696} INFO - Setting next_dagrun for example_external_task_marker_child to None, run_after=None
[2024-06-27T20:46:32.807+0000] {logging_mixin.py:151} INFO - [2024-06-27T20:46:32.807+0000] {dag.py:3696} INFO - Setting next_dagrun for example_external_task_marker_parent to None, run_after=None
[2024-06-27T20:46:32.827+0000] {processor.py:179} INFO - Processing /home/airflow/.local/lib/python3.8/site-packages/airflow/example_dags/example_external_task_marker_dag.py took 0.087 seconds
[2024-06-27T20:47:03.792+0000] {processor.py:157} INFO - Started process (PID=2714) to work on /home/airflow/.local/lib/python3.8/site-packages/airflow/example_dags/example_external_task_marker_dag.py
[2024-06-27T20:47:03.793+0000] {processor.py:829} INFO - Processing file /home/airflow/.local/lib/python3.8/site-packages/airflow/example_dags/example_external_task_marker_dag.py for tasks to queue
[2024-06-27T20:47:03.794+0000] {logging_mixin.py:151} INFO - [2024-06-27T20:47:03.793+0000] {dagbag.py:539} INFO - Filling up the DagBag from /home/airflow/.local/lib/python3.8/site-packages/airflow/example_dags/example_external_task_marker_dag.py
[2024-06-27T20:47:03.801+0000] {processor.py:839} INFO - DAG(s) dict_keys(['example_external_task_marker_child', 'example_external_task_marker_parent']) retrieved from /home/airflow/.local/lib/python3.8/site-packages/airflow/example_dags/example_external_task_marker_dag.py
[2024-06-27T20:47:03.829+0000] {logging_mixin.py:151} INFO - [2024-06-27T20:47:03.829+0000] {dag.py:2915} INFO - Sync 2 DAGs
[2024-06-27T20:47:03.845+0000] {logging_mixin.py:151} INFO - [2024-06-27T20:47:03.844+0000] {dag.py:3696} INFO - Setting next_dagrun for example_external_task_marker_child to None, run_after=None
[2024-06-27T20:47:03.849+0000] {logging_mixin.py:151} INFO - [2024-06-27T20:47:03.849+0000] {dag.py:3696} INFO - Setting next_dagrun for example_external_task_marker_parent to None, run_after=None
[2024-06-27T20:47:03.870+0000] {processor.py:179} INFO - Processing /home/airflow/.local/lib/python3.8/site-packages/airflow/example_dags/example_external_task_marker_dag.py took 0.082 seconds
[2024-06-27T20:47:34.706+0000] {processor.py:157} INFO - Started process (PID=2957) to work on /home/airflow/.local/lib/python3.8/site-packages/airflow/example_dags/example_external_task_marker_dag.py
[2024-06-27T20:47:34.707+0000] {processor.py:829} INFO - Processing file /home/airflow/.local/lib/python3.8/site-packages/airflow/example_dags/example_external_task_marker_dag.py for tasks to queue
[2024-06-27T20:47:34.708+0000] {logging_mixin.py:151} INFO - [2024-06-27T20:47:34.707+0000] {dagbag.py:539} INFO - Filling up the DagBag from /home/airflow/.local/lib/python3.8/site-packages/airflow/example_dags/example_external_task_marker_dag.py
[2024-06-27T20:47:34.716+0000] {processor.py:839} INFO - DAG(s) dict_keys(['example_external_task_marker_child', 'example_external_task_marker_parent']) retrieved from /home/airflow/.local/lib/python3.8/site-packages/airflow/example_dags/example_external_task_marker_dag.py
[2024-06-27T20:47:34.751+0000] {logging_mixin.py:151} INFO - [2024-06-27T20:47:34.751+0000] {dag.py:2915} INFO - Sync 2 DAGs
[2024-06-27T20:47:34.771+0000] {logging_mixin.py:151} INFO - [2024-06-27T20:47:34.771+0000] {dag.py:3696} INFO - Setting next_dagrun for example_external_task_marker_child to None, run_after=None
[2024-06-27T20:47:34.776+0000] {logging_mixin.py:151} INFO - [2024-06-27T20:47:34.776+0000] {dag.py:3696} INFO - Setting next_dagrun for example_external_task_marker_parent to None, run_after=None
[2024-06-27T20:47:34.794+0000] {processor.py:179} INFO - Processing /home/airflow/.local/lib/python3.8/site-packages/airflow/example_dags/example_external_task_marker_dag.py took 0.092 seconds
[2024-06-27T20:48:05.538+0000] {processor.py:157} INFO - Started process (PID=3201) to work on /home/airflow/.local/lib/python3.8/site-packages/airflow/example_dags/example_external_task_marker_dag.py
[2024-06-27T20:48:05.539+0000] {processor.py:829} INFO - Processing file /home/airflow/.local/lib/python3.8/site-packages/airflow/example_dags/example_external_task_marker_dag.py for tasks to queue
[2024-06-27T20:48:05.540+0000] {logging_mixin.py:151} INFO - [2024-06-27T20:48:05.540+0000] {dagbag.py:539} INFO - Filling up the DagBag from /home/airflow/.local/lib/python3.8/site-packages/airflow/example_dags/example_external_task_marker_dag.py
[2024-06-27T20:48:05.546+0000] {processor.py:839} INFO - DAG(s) dict_keys(['example_external_task_marker_child', 'example_external_task_marker_parent']) retrieved from /home/airflow/.local/lib/python3.8/site-packages/airflow/example_dags/example_external_task_marker_dag.py
[2024-06-27T20:48:05.572+0000] {logging_mixin.py:151} INFO - [2024-06-27T20:48:05.571+0000] {dag.py:2915} INFO - Sync 2 DAGs
[2024-06-27T20:48:05.586+0000] {logging_mixin.py:151} INFO - [2024-06-27T20:48:05.586+0000] {dag.py:3696} INFO - Setting next_dagrun for example_external_task_marker_child to None, run_after=None
[2024-06-27T20:48:05.590+0000] {logging_mixin.py:151} INFO - [2024-06-27T20:48:05.589+0000] {dag.py:3696} INFO - Setting next_dagrun for example_external_task_marker_parent to None, run_after=None
[2024-06-27T20:48:05.608+0000] {processor.py:179} INFO - Processing /home/airflow/.local/lib/python3.8/site-packages/airflow/example_dags/example_external_task_marker_dag.py took 0.072 seconds
[2024-06-27T20:48:36.443+0000] {processor.py:157} INFO - Started process (PID=3444) to work on /home/airflow/.local/lib/python3.8/site-packages/airflow/example_dags/example_external_task_marker_dag.py
[2024-06-27T20:48:36.444+0000] {processor.py:829} INFO - Processing file /home/airflow/.local/lib/python3.8/site-packages/airflow/example_dags/example_external_task_marker_dag.py for tasks to queue
[2024-06-27T20:48:36.445+0000] {logging_mixin.py:151} INFO - [2024-06-27T20:48:36.444+0000] {dagbag.py:539} INFO - Filling up the DagBag from /home/airflow/.local/lib/python3.8/site-packages/airflow/example_dags/example_external_task_marker_dag.py
[2024-06-27T20:48:36.450+0000] {processor.py:839} INFO - DAG(s) dict_keys(['example_external_task_marker_child', 'example_external_task_marker_parent']) retrieved from /home/airflow/.local/lib/python3.8/site-packages/airflow/example_dags/example_external_task_marker_dag.py
[2024-06-27T20:48:36.475+0000] {logging_mixin.py:151} INFO - [2024-06-27T20:48:36.475+0000] {dag.py:2915} INFO - Sync 2 DAGs
[2024-06-27T20:48:36.489+0000] {logging_mixin.py:151} INFO - [2024-06-27T20:48:36.489+0000] {dag.py:3696} INFO - Setting next_dagrun for example_external_task_marker_child to None, run_after=None
[2024-06-27T20:48:36.493+0000] {logging_mixin.py:151} INFO - [2024-06-27T20:48:36.492+0000] {dag.py:3696} INFO - Setting next_dagrun for example_external_task_marker_parent to None, run_after=None
[2024-06-27T20:48:36.508+0000] {processor.py:179} INFO - Processing /home/airflow/.local/lib/python3.8/site-packages/airflow/example_dags/example_external_task_marker_dag.py took 0.068 seconds
[2024-06-27T20:49:07.488+0000] {processor.py:157} INFO - Started process (PID=3687) to work on /home/airflow/.local/lib/python3.8/site-packages/airflow/example_dags/example_external_task_marker_dag.py
[2024-06-27T20:49:07.489+0000] {processor.py:829} INFO - Processing file /home/airflow/.local/lib/python3.8/site-packages/airflow/example_dags/example_external_task_marker_dag.py for tasks to queue
[2024-06-27T20:49:07.490+0000] {logging_mixin.py:151} INFO - [2024-06-27T20:49:07.489+0000] {dagbag.py:539} INFO - Filling up the DagBag from /home/airflow/.local/lib/python3.8/site-packages/airflow/example_dags/example_external_task_marker_dag.py
[2024-06-27T20:49:07.496+0000] {processor.py:839} INFO - DAG(s) dict_keys(['example_external_task_marker_child', 'example_external_task_marker_parent']) retrieved from /home/airflow/.local/lib/python3.8/site-packages/airflow/example_dags/example_external_task_marker_dag.py
[2024-06-27T20:49:07.523+0000] {logging_mixin.py:151} INFO - [2024-06-27T20:49:07.522+0000] {dag.py:2915} INFO - Sync 2 DAGs
[2024-06-27T20:49:07.537+0000] {logging_mixin.py:151} INFO - [2024-06-27T20:49:07.537+0000] {dag.py:3696} INFO - Setting next_dagrun for example_external_task_marker_child to None, run_after=None
[2024-06-27T20:49:07.542+0000] {logging_mixin.py:151} INFO - [2024-06-27T20:49:07.541+0000] {dag.py:3696} INFO - Setting next_dagrun for example_external_task_marker_parent to None, run_after=None
[2024-06-27T20:49:07.560+0000] {processor.py:179} INFO - Processing /home/airflow/.local/lib/python3.8/site-packages/airflow/example_dags/example_external_task_marker_dag.py took 0.075 seconds
[2024-06-27T20:49:37.838+0000] {processor.py:157} INFO - Started process (PID=3932) to work on /home/airflow/.local/lib/python3.8/site-packages/airflow/example_dags/example_external_task_marker_dag.py
[2024-06-27T20:49:37.839+0000] {processor.py:829} INFO - Processing file /home/airflow/.local/lib/python3.8/site-packages/airflow/example_dags/example_external_task_marker_dag.py for tasks to queue
[2024-06-27T20:49:37.839+0000] {logging_mixin.py:151} INFO - [2024-06-27T20:49:37.839+0000] {dagbag.py:539} INFO - Filling up the DagBag from /home/airflow/.local/lib/python3.8/site-packages/airflow/example_dags/example_external_task_marker_dag.py
[2024-06-27T20:49:37.844+0000] {processor.py:839} INFO - DAG(s) dict_keys(['example_external_task_marker_parent', 'example_external_task_marker_child']) retrieved from /home/airflow/.local/lib/python3.8/site-packages/airflow/example_dags/example_external_task_marker_dag.py
[2024-06-27T20:49:37.867+0000] {logging_mixin.py:151} INFO - [2024-06-27T20:49:37.867+0000] {dag.py:2915} INFO - Sync 2 DAGs
[2024-06-27T20:49:37.879+0000] {logging_mixin.py:151} INFO - [2024-06-27T20:49:37.879+0000] {dag.py:3696} INFO - Setting next_dagrun for example_external_task_marker_child to None, run_after=None
[2024-06-27T20:49:37.882+0000] {logging_mixin.py:151} INFO - [2024-06-27T20:49:37.882+0000] {dag.py:3696} INFO - Setting next_dagrun for example_external_task_marker_parent to None, run_after=None
[2024-06-27T20:49:37.898+0000] {processor.py:179} INFO - Processing /home/airflow/.local/lib/python3.8/site-packages/airflow/example_dags/example_external_task_marker_dag.py took 0.063 seconds
