[2024-06-27T20:42:00.605+0000] {processor.py:157} INFO - Started process (PID=351) to work on /home/airflow/.local/lib/python3.8/site-packages/airflow/example_dags/example_subdag_operator.py
[2024-06-27T20:42:00.606+0000] {processor.py:829} INFO - Processing file /home/airflow/.local/lib/python3.8/site-packages/airflow/example_dags/example_subdag_operator.py for tasks to queue
[2024-06-27T20:42:00.606+0000] {logging_mixin.py:151} INFO - [2024-06-27T20:42:00.606+0000] {dagbag.py:539} INFO - Filling up the DagBag from /home/airflow/.local/lib/python3.8/site-packages/airflow/example_dags/example_subdag_operator.py
[2024-06-27T20:42:00.631+0000] {processor.py:839} INFO - DAG(s) dict_keys(['example_subdag_operator.section-1', 'example_subdag_operator.section-2', 'example_subdag_operator']) retrieved from /home/airflow/.local/lib/python3.8/site-packages/airflow/example_dags/example_subdag_operator.py
[2024-06-27T20:42:00.867+0000] {logging_mixin.py:151} INFO - [2024-06-27T20:42:00.867+0000] {manager.py:499} INFO - Created Permission View: %s
[2024-06-27T20:42:00.879+0000] {logging_mixin.py:151} INFO - [2024-06-27T20:42:00.879+0000] {manager.py:499} INFO - Created Permission View: %s
[2024-06-27T20:42:00.888+0000] {logging_mixin.py:151} INFO - [2024-06-27T20:42:00.888+0000] {manager.py:499} INFO - Created Permission View: %s
[2024-06-27T20:42:00.888+0000] {logging_mixin.py:151} INFO - [2024-06-27T20:42:00.888+0000] {security.py:708} INFO - Not syncing DAG-level permissions for DAG 'DAG:example_subdag_operator' as access control is unset.
[2024-06-27T20:42:00.889+0000] {logging_mixin.py:151} INFO - [2024-06-27T20:42:00.889+0000] {dag.py:2915} INFO - Sync 3 DAGs
[2024-06-27T20:42:00.900+0000] {logging_mixin.py:151} INFO - [2024-06-27T20:42:00.900+0000] {dag.py:2937} INFO - Creating ORM DAG for example_subdag_operator.section-2
[2024-06-27T20:42:00.901+0000] {logging_mixin.py:151} INFO - [2024-06-27T20:42:00.901+0000] {dag.py:2937} INFO - Creating ORM DAG for example_subdag_operator.section-1
[2024-06-27T20:42:00.901+0000] {logging_mixin.py:151} INFO - [2024-06-27T20:42:00.901+0000] {dag.py:2937} INFO - Creating ORM DAG for example_subdag_operator
[2024-06-27T20:42:00.915+0000] {logging_mixin.py:151} INFO - [2024-06-27T20:42:00.915+0000] {dag.py:3696} INFO - Setting next_dagrun for example_subdag_operator to 2022-01-01T00:00:00+00:00, run_after=2022-01-01T00:00:00+00:00
[2024-06-27T20:42:00.916+0000] {logging_mixin.py:151} INFO - [2024-06-27T20:42:00.916+0000] {dag.py:3696} INFO - Setting next_dagrun for example_subdag_operator.section-1 to None, run_after=None
[2024-06-27T20:42:00.916+0000] {logging_mixin.py:151} INFO - [2024-06-27T20:42:00.916+0000] {dag.py:3696} INFO - Setting next_dagrun for example_subdag_operator.section-2 to None, run_after=None
[2024-06-27T20:42:00.930+0000] {logging_mixin.py:151} INFO - [2024-06-27T20:42:00.930+0000] {dag.py:2915} INFO - Sync 2 DAGs
[2024-06-27T20:42:00.938+0000] {logging_mixin.py:151} INFO - [2024-06-27T20:42:00.938+0000] {dag.py:3696} INFO - Setting next_dagrun for example_subdag_operator.section-1 to None, run_after=None
[2024-06-27T20:42:00.943+0000] {logging_mixin.py:151} INFO - [2024-06-27T20:42:00.943+0000] {dag.py:3696} INFO - Setting next_dagrun for example_subdag_operator.section-2 to None, run_after=None
[2024-06-27T20:42:00.957+0000] {processor.py:179} INFO - Processing /home/airflow/.local/lib/python3.8/site-packages/airflow/example_dags/example_subdag_operator.py took 0.355 seconds
[2024-06-27T20:42:31.202+0000] {processor.py:157} INFO - Started process (PID=594) to work on /home/airflow/.local/lib/python3.8/site-packages/airflow/example_dags/example_subdag_operator.py
[2024-06-27T20:42:31.204+0000] {processor.py:829} INFO - Processing file /home/airflow/.local/lib/python3.8/site-packages/airflow/example_dags/example_subdag_operator.py for tasks to queue
[2024-06-27T20:42:31.205+0000] {logging_mixin.py:151} INFO - [2024-06-27T20:42:31.205+0000] {dagbag.py:539} INFO - Filling up the DagBag from /home/airflow/.local/lib/python3.8/site-packages/airflow/example_dags/example_subdag_operator.py
[2024-06-27T20:42:31.235+0000] {processor.py:839} INFO - DAG(s) dict_keys(['example_subdag_operator.section-1', 'example_subdag_operator.section-2', 'example_subdag_operator']) retrieved from /home/airflow/.local/lib/python3.8/site-packages/airflow/example_dags/example_subdag_operator.py
[2024-06-27T20:42:31.250+0000] {logging_mixin.py:151} INFO - [2024-06-27T20:42:31.250+0000] {dag.py:2915} INFO - Sync 3 DAGs
[2024-06-27T20:42:31.279+0000] {logging_mixin.py:151} INFO - [2024-06-27T20:42:31.279+0000] {dag.py:3696} INFO - Setting next_dagrun for example_subdag_operator to 2022-01-01T00:00:00+00:00, run_after=2022-01-01T00:00:00+00:00
[2024-06-27T20:42:31.284+0000] {logging_mixin.py:151} INFO - [2024-06-27T20:42:31.284+0000] {dag.py:3696} INFO - Setting next_dagrun for example_subdag_operator.section-1 to None, run_after=None
[2024-06-27T20:42:31.286+0000] {logging_mixin.py:151} INFO - [2024-06-27T20:42:31.286+0000] {dag.py:3696} INFO - Setting next_dagrun for example_subdag_operator.section-2 to None, run_after=None
[2024-06-27T20:42:31.296+0000] {logging_mixin.py:151} INFO - [2024-06-27T20:42:31.295+0000] {dag.py:2915} INFO - Sync 2 DAGs
[2024-06-27T20:42:31.302+0000] {logging_mixin.py:151} INFO - [2024-06-27T20:42:31.302+0000] {dag.py:3696} INFO - Setting next_dagrun for example_subdag_operator.section-1 to None, run_after=None
[2024-06-27T20:42:31.303+0000] {logging_mixin.py:151} INFO - [2024-06-27T20:42:31.302+0000] {dag.py:3696} INFO - Setting next_dagrun for example_subdag_operator.section-2 to None, run_after=None
[2024-06-27T20:42:31.315+0000] {processor.py:179} INFO - Processing /home/airflow/.local/lib/python3.8/site-packages/airflow/example_dags/example_subdag_operator.py took 0.117 seconds
[2024-06-27T20:43:01.556+0000] {processor.py:157} INFO - Started process (PID=837) to work on /home/airflow/.local/lib/python3.8/site-packages/airflow/example_dags/example_subdag_operator.py
[2024-06-27T20:43:01.557+0000] {processor.py:829} INFO - Processing file /home/airflow/.local/lib/python3.8/site-packages/airflow/example_dags/example_subdag_operator.py for tasks to queue
[2024-06-27T20:43:01.558+0000] {logging_mixin.py:151} INFO - [2024-06-27T20:43:01.557+0000] {dagbag.py:539} INFO - Filling up the DagBag from /home/airflow/.local/lib/python3.8/site-packages/airflow/example_dags/example_subdag_operator.py
[2024-06-27T20:43:01.582+0000] {processor.py:839} INFO - DAG(s) dict_keys(['example_subdag_operator.section-1', 'example_subdag_operator.section-2', 'example_subdag_operator']) retrieved from /home/airflow/.local/lib/python3.8/site-packages/airflow/example_dags/example_subdag_operator.py
[2024-06-27T20:43:01.599+0000] {logging_mixin.py:151} INFO - [2024-06-27T20:43:01.598+0000] {dag.py:2915} INFO - Sync 3 DAGs
[2024-06-27T20:43:01.624+0000] {logging_mixin.py:151} INFO - [2024-06-27T20:43:01.624+0000] {dag.py:3696} INFO - Setting next_dagrun for example_subdag_operator to 2022-01-01T00:00:00+00:00, run_after=2022-01-01T00:00:00+00:00
[2024-06-27T20:43:01.630+0000] {logging_mixin.py:151} INFO - [2024-06-27T20:43:01.629+0000] {dag.py:3696} INFO - Setting next_dagrun for example_subdag_operator.section-1 to None, run_after=None
[2024-06-27T20:43:01.631+0000] {logging_mixin.py:151} INFO - [2024-06-27T20:43:01.631+0000] {dag.py:3696} INFO - Setting next_dagrun for example_subdag_operator.section-2 to None, run_after=None
[2024-06-27T20:43:01.638+0000] {logging_mixin.py:151} INFO - [2024-06-27T20:43:01.638+0000] {dag.py:2915} INFO - Sync 2 DAGs
[2024-06-27T20:43:01.643+0000] {logging_mixin.py:151} INFO - [2024-06-27T20:43:01.643+0000] {dag.py:3696} INFO - Setting next_dagrun for example_subdag_operator.section-1 to None, run_after=None
[2024-06-27T20:43:01.644+0000] {logging_mixin.py:151} INFO - [2024-06-27T20:43:01.644+0000] {dag.py:3696} INFO - Setting next_dagrun for example_subdag_operator.section-2 to None, run_after=None
[2024-06-27T20:43:01.654+0000] {processor.py:179} INFO - Processing /home/airflow/.local/lib/python3.8/site-packages/airflow/example_dags/example_subdag_operator.py took 0.101 seconds
[2024-06-27T20:43:32.234+0000] {processor.py:157} INFO - Started process (PID=1080) to work on /home/airflow/.local/lib/python3.8/site-packages/airflow/example_dags/example_subdag_operator.py
[2024-06-27T20:43:32.234+0000] {processor.py:829} INFO - Processing file /home/airflow/.local/lib/python3.8/site-packages/airflow/example_dags/example_subdag_operator.py for tasks to queue
[2024-06-27T20:43:32.235+0000] {logging_mixin.py:151} INFO - [2024-06-27T20:43:32.235+0000] {dagbag.py:539} INFO - Filling up the DagBag from /home/airflow/.local/lib/python3.8/site-packages/airflow/example_dags/example_subdag_operator.py
[2024-06-27T20:43:32.259+0000] {processor.py:839} INFO - DAG(s) dict_keys(['example_subdag_operator.section-1', 'example_subdag_operator.section-2', 'example_subdag_operator']) retrieved from /home/airflow/.local/lib/python3.8/site-packages/airflow/example_dags/example_subdag_operator.py
[2024-06-27T20:43:32.274+0000] {logging_mixin.py:151} INFO - [2024-06-27T20:43:32.274+0000] {dag.py:2915} INFO - Sync 3 DAGs
[2024-06-27T20:43:32.296+0000] {logging_mixin.py:151} INFO - [2024-06-27T20:43:32.296+0000] {dag.py:3696} INFO - Setting next_dagrun for example_subdag_operator to 2022-01-01T00:00:00+00:00, run_after=2022-01-01T00:00:00+00:00
[2024-06-27T20:43:32.299+0000] {logging_mixin.py:151} INFO - [2024-06-27T20:43:32.299+0000] {dag.py:3696} INFO - Setting next_dagrun for example_subdag_operator.section-1 to None, run_after=None
[2024-06-27T20:43:32.300+0000] {logging_mixin.py:151} INFO - [2024-06-27T20:43:32.300+0000] {dag.py:3696} INFO - Setting next_dagrun for example_subdag_operator.section-2 to None, run_after=None
[2024-06-27T20:43:32.307+0000] {logging_mixin.py:151} INFO - [2024-06-27T20:43:32.307+0000] {dag.py:2915} INFO - Sync 2 DAGs
[2024-06-27T20:43:32.312+0000] {logging_mixin.py:151} INFO - [2024-06-27T20:43:32.312+0000] {dag.py:3696} INFO - Setting next_dagrun for example_subdag_operator.section-1 to None, run_after=None
[2024-06-27T20:43:32.313+0000] {logging_mixin.py:151} INFO - [2024-06-27T20:43:32.312+0000] {dag.py:3696} INFO - Setting next_dagrun for example_subdag_operator.section-2 to None, run_after=None
[2024-06-27T20:43:32.323+0000] {processor.py:179} INFO - Processing /home/airflow/.local/lib/python3.8/site-packages/airflow/example_dags/example_subdag_operator.py took 0.092 seconds
[2024-06-27T20:44:02.517+0000] {processor.py:157} INFO - Started process (PID=1323) to work on /home/airflow/.local/lib/python3.8/site-packages/airflow/example_dags/example_subdag_operator.py
[2024-06-27T20:44:02.518+0000] {processor.py:829} INFO - Processing file /home/airflow/.local/lib/python3.8/site-packages/airflow/example_dags/example_subdag_operator.py for tasks to queue
[2024-06-27T20:44:02.518+0000] {logging_mixin.py:151} INFO - [2024-06-27T20:44:02.518+0000] {dagbag.py:539} INFO - Filling up the DagBag from /home/airflow/.local/lib/python3.8/site-packages/airflow/example_dags/example_subdag_operator.py
[2024-06-27T20:44:02.543+0000] {processor.py:839} INFO - DAG(s) dict_keys(['example_subdag_operator.section-1', 'example_subdag_operator.section-2', 'example_subdag_operator']) retrieved from /home/airflow/.local/lib/python3.8/site-packages/airflow/example_dags/example_subdag_operator.py
[2024-06-27T20:44:02.558+0000] {logging_mixin.py:151} INFO - [2024-06-27T20:44:02.558+0000] {dag.py:2915} INFO - Sync 3 DAGs
[2024-06-27T20:44:02.580+0000] {logging_mixin.py:151} INFO - [2024-06-27T20:44:02.579+0000] {dag.py:3696} INFO - Setting next_dagrun for example_subdag_operator to 2022-01-01T00:00:00+00:00, run_after=2022-01-01T00:00:00+00:00
[2024-06-27T20:44:02.583+0000] {logging_mixin.py:151} INFO - [2024-06-27T20:44:02.583+0000] {dag.py:3696} INFO - Setting next_dagrun for example_subdag_operator.section-1 to None, run_after=None
[2024-06-27T20:44:02.584+0000] {logging_mixin.py:151} INFO - [2024-06-27T20:44:02.584+0000] {dag.py:3696} INFO - Setting next_dagrun for example_subdag_operator.section-2 to None, run_after=None
[2024-06-27T20:44:02.590+0000] {logging_mixin.py:151} INFO - [2024-06-27T20:44:02.590+0000] {dag.py:2915} INFO - Sync 2 DAGs
[2024-06-27T20:44:02.595+0000] {logging_mixin.py:151} INFO - [2024-06-27T20:44:02.595+0000] {dag.py:3696} INFO - Setting next_dagrun for example_subdag_operator.section-1 to None, run_after=None
[2024-06-27T20:44:02.596+0000] {logging_mixin.py:151} INFO - [2024-06-27T20:44:02.595+0000] {dag.py:3696} INFO - Setting next_dagrun for example_subdag_operator.section-2 to None, run_after=None
[2024-06-27T20:44:02.606+0000] {processor.py:179} INFO - Processing /home/airflow/.local/lib/python3.8/site-packages/airflow/example_dags/example_subdag_operator.py took 0.092 seconds
[2024-06-27T20:44:33.063+0000] {processor.py:157} INFO - Started process (PID=1565) to work on /home/airflow/.local/lib/python3.8/site-packages/airflow/example_dags/example_subdag_operator.py
[2024-06-27T20:44:33.065+0000] {processor.py:829} INFO - Processing file /home/airflow/.local/lib/python3.8/site-packages/airflow/example_dags/example_subdag_operator.py for tasks to queue
[2024-06-27T20:44:33.066+0000] {logging_mixin.py:151} INFO - [2024-06-27T20:44:33.065+0000] {dagbag.py:539} INFO - Filling up the DagBag from /home/airflow/.local/lib/python3.8/site-packages/airflow/example_dags/example_subdag_operator.py
[2024-06-27T20:44:33.100+0000] {processor.py:839} INFO - DAG(s) dict_keys(['example_subdag_operator.section-1', 'example_subdag_operator.section-2', 'example_subdag_operator']) retrieved from /home/airflow/.local/lib/python3.8/site-packages/airflow/example_dags/example_subdag_operator.py
[2024-06-27T20:44:33.126+0000] {logging_mixin.py:151} INFO - [2024-06-27T20:44:33.126+0000] {dag.py:2915} INFO - Sync 3 DAGs
[2024-06-27T20:44:33.168+0000] {logging_mixin.py:151} INFO - [2024-06-27T20:44:33.168+0000] {dag.py:3696} INFO - Setting next_dagrun for example_subdag_operator to 2022-01-01T00:00:00+00:00, run_after=2022-01-01T00:00:00+00:00
[2024-06-27T20:44:33.173+0000] {logging_mixin.py:151} INFO - [2024-06-27T20:44:33.173+0000] {dag.py:3696} INFO - Setting next_dagrun for example_subdag_operator.section-1 to None, run_after=None
[2024-06-27T20:44:33.177+0000] {logging_mixin.py:151} INFO - [2024-06-27T20:44:33.176+0000] {dag.py:3696} INFO - Setting next_dagrun for example_subdag_operator.section-2 to None, run_after=None
[2024-06-27T20:44:33.191+0000] {logging_mixin.py:151} INFO - [2024-06-27T20:44:33.191+0000] {dag.py:2915} INFO - Sync 2 DAGs
[2024-06-27T20:44:33.200+0000] {logging_mixin.py:151} INFO - [2024-06-27T20:44:33.199+0000] {dag.py:3696} INFO - Setting next_dagrun for example_subdag_operator.section-1 to None, run_after=None
[2024-06-27T20:44:33.200+0000] {logging_mixin.py:151} INFO - [2024-06-27T20:44:33.200+0000] {dag.py:3696} INFO - Setting next_dagrun for example_subdag_operator.section-2 to None, run_after=None
[2024-06-27T20:44:33.214+0000] {processor.py:179} INFO - Processing /home/airflow/.local/lib/python3.8/site-packages/airflow/example_dags/example_subdag_operator.py took 0.156 seconds
[2024-06-27T20:45:04.077+0000] {processor.py:157} INFO - Started process (PID=1808) to work on /home/airflow/.local/lib/python3.8/site-packages/airflow/example_dags/example_subdag_operator.py
[2024-06-27T20:45:04.077+0000] {processor.py:829} INFO - Processing file /home/airflow/.local/lib/python3.8/site-packages/airflow/example_dags/example_subdag_operator.py for tasks to queue
[2024-06-27T20:45:04.078+0000] {logging_mixin.py:151} INFO - [2024-06-27T20:45:04.078+0000] {dagbag.py:539} INFO - Filling up the DagBag from /home/airflow/.local/lib/python3.8/site-packages/airflow/example_dags/example_subdag_operator.py
[2024-06-27T20:45:04.102+0000] {processor.py:839} INFO - DAG(s) dict_keys(['example_subdag_operator.section-1', 'example_subdag_operator.section-2', 'example_subdag_operator']) retrieved from /home/airflow/.local/lib/python3.8/site-packages/airflow/example_dags/example_subdag_operator.py
[2024-06-27T20:45:04.118+0000] {logging_mixin.py:151} INFO - [2024-06-27T20:45:04.118+0000] {dag.py:2915} INFO - Sync 3 DAGs
[2024-06-27T20:45:04.143+0000] {logging_mixin.py:151} INFO - [2024-06-27T20:45:04.142+0000] {dag.py:3696} INFO - Setting next_dagrun for example_subdag_operator to 2022-01-01T00:00:00+00:00, run_after=2022-01-01T00:00:00+00:00
[2024-06-27T20:45:04.146+0000] {logging_mixin.py:151} INFO - [2024-06-27T20:45:04.146+0000] {dag.py:3696} INFO - Setting next_dagrun for example_subdag_operator.section-1 to None, run_after=None
[2024-06-27T20:45:04.148+0000] {logging_mixin.py:151} INFO - [2024-06-27T20:45:04.148+0000] {dag.py:3696} INFO - Setting next_dagrun for example_subdag_operator.section-2 to None, run_after=None
[2024-06-27T20:45:04.155+0000] {logging_mixin.py:151} INFO - [2024-06-27T20:45:04.155+0000] {dag.py:2915} INFO - Sync 2 DAGs
[2024-06-27T20:45:04.160+0000] {logging_mixin.py:151} INFO - [2024-06-27T20:45:04.160+0000] {dag.py:3696} INFO - Setting next_dagrun for example_subdag_operator.section-1 to None, run_after=None
[2024-06-27T20:45:04.160+0000] {logging_mixin.py:151} INFO - [2024-06-27T20:45:04.160+0000] {dag.py:3696} INFO - Setting next_dagrun for example_subdag_operator.section-2 to None, run_after=None
[2024-06-27T20:45:04.173+0000] {processor.py:179} INFO - Processing /home/airflow/.local/lib/python3.8/site-packages/airflow/example_dags/example_subdag_operator.py took 0.099 seconds
[2024-06-27T20:45:34.275+0000] {processor.py:157} INFO - Started process (PID=2050) to work on /home/airflow/.local/lib/python3.8/site-packages/airflow/example_dags/example_subdag_operator.py
[2024-06-27T20:45:34.276+0000] {processor.py:829} INFO - Processing file /home/airflow/.local/lib/python3.8/site-packages/airflow/example_dags/example_subdag_operator.py for tasks to queue
[2024-06-27T20:45:34.277+0000] {logging_mixin.py:151} INFO - [2024-06-27T20:45:34.276+0000] {dagbag.py:539} INFO - Filling up the DagBag from /home/airflow/.local/lib/python3.8/site-packages/airflow/example_dags/example_subdag_operator.py
[2024-06-27T20:45:34.304+0000] {processor.py:839} INFO - DAG(s) dict_keys(['example_subdag_operator.section-1', 'example_subdag_operator.section-2', 'example_subdag_operator']) retrieved from /home/airflow/.local/lib/python3.8/site-packages/airflow/example_dags/example_subdag_operator.py
[2024-06-27T20:45:34.322+0000] {logging_mixin.py:151} INFO - [2024-06-27T20:45:34.322+0000] {dag.py:2915} INFO - Sync 3 DAGs
[2024-06-27T20:45:34.351+0000] {logging_mixin.py:151} INFO - [2024-06-27T20:45:34.350+0000] {dag.py:3696} INFO - Setting next_dagrun for example_subdag_operator to 2022-01-01T00:00:00+00:00, run_after=2022-01-01T00:00:00+00:00
[2024-06-27T20:45:34.354+0000] {logging_mixin.py:151} INFO - [2024-06-27T20:45:34.354+0000] {dag.py:3696} INFO - Setting next_dagrun for example_subdag_operator.section-1 to None, run_after=None
[2024-06-27T20:45:34.356+0000] {logging_mixin.py:151} INFO - [2024-06-27T20:45:34.356+0000] {dag.py:3696} INFO - Setting next_dagrun for example_subdag_operator.section-2 to None, run_after=None
[2024-06-27T20:45:34.367+0000] {logging_mixin.py:151} INFO - [2024-06-27T20:45:34.367+0000] {dag.py:2915} INFO - Sync 2 DAGs
[2024-06-27T20:45:34.376+0000] {logging_mixin.py:151} INFO - [2024-06-27T20:45:34.376+0000] {dag.py:3696} INFO - Setting next_dagrun for example_subdag_operator.section-1 to None, run_after=None
[2024-06-27T20:45:34.376+0000] {logging_mixin.py:151} INFO - [2024-06-27T20:45:34.376+0000] {dag.py:3696} INFO - Setting next_dagrun for example_subdag_operator.section-2 to None, run_after=None
[2024-06-27T20:45:34.390+0000] {processor.py:179} INFO - Processing /home/airflow/.local/lib/python3.8/site-packages/airflow/example_dags/example_subdag_operator.py took 0.119 seconds
[2024-06-27T20:46:05.341+0000] {processor.py:157} INFO - Started process (PID=2293) to work on /home/airflow/.local/lib/python3.8/site-packages/airflow/example_dags/example_subdag_operator.py
[2024-06-27T20:46:05.342+0000] {processor.py:829} INFO - Processing file /home/airflow/.local/lib/python3.8/site-packages/airflow/example_dags/example_subdag_operator.py for tasks to queue
[2024-06-27T20:46:05.343+0000] {logging_mixin.py:151} INFO - [2024-06-27T20:46:05.343+0000] {dagbag.py:539} INFO - Filling up the DagBag from /home/airflow/.local/lib/python3.8/site-packages/airflow/example_dags/example_subdag_operator.py
[2024-06-27T20:46:05.367+0000] {processor.py:839} INFO - DAG(s) dict_keys(['example_subdag_operator.section-1', 'example_subdag_operator.section-2', 'example_subdag_operator']) retrieved from /home/airflow/.local/lib/python3.8/site-packages/airflow/example_dags/example_subdag_operator.py
[2024-06-27T20:46:05.382+0000] {logging_mixin.py:151} INFO - [2024-06-27T20:46:05.382+0000] {dag.py:2915} INFO - Sync 3 DAGs
[2024-06-27T20:46:05.402+0000] {logging_mixin.py:151} INFO - [2024-06-27T20:46:05.402+0000] {dag.py:3696} INFO - Setting next_dagrun for example_subdag_operator to 2022-01-01T00:00:00+00:00, run_after=2022-01-01T00:00:00+00:00
[2024-06-27T20:46:05.406+0000] {logging_mixin.py:151} INFO - [2024-06-27T20:46:05.406+0000] {dag.py:3696} INFO - Setting next_dagrun for example_subdag_operator.section-1 to None, run_after=None
[2024-06-27T20:46:05.407+0000] {logging_mixin.py:151} INFO - [2024-06-27T20:46:05.407+0000] {dag.py:3696} INFO - Setting next_dagrun for example_subdag_operator.section-2 to None, run_after=None
[2024-06-27T20:46:05.415+0000] {logging_mixin.py:151} INFO - [2024-06-27T20:46:05.415+0000] {dag.py:2915} INFO - Sync 2 DAGs
[2024-06-27T20:46:05.420+0000] {logging_mixin.py:151} INFO - [2024-06-27T20:46:05.420+0000] {dag.py:3696} INFO - Setting next_dagrun for example_subdag_operator.section-1 to None, run_after=None
[2024-06-27T20:46:05.420+0000] {logging_mixin.py:151} INFO - [2024-06-27T20:46:05.420+0000] {dag.py:3696} INFO - Setting next_dagrun for example_subdag_operator.section-2 to None, run_after=None
[2024-06-27T20:46:05.433+0000] {processor.py:179} INFO - Processing /home/airflow/.local/lib/python3.8/site-packages/airflow/example_dags/example_subdag_operator.py took 0.094 seconds
[2024-06-27T20:46:35.467+0000] {processor.py:157} INFO - Started process (PID=2533) to work on /home/airflow/.local/lib/python3.8/site-packages/airflow/example_dags/example_subdag_operator.py
[2024-06-27T20:46:35.468+0000] {processor.py:829} INFO - Processing file /home/airflow/.local/lib/python3.8/site-packages/airflow/example_dags/example_subdag_operator.py for tasks to queue
[2024-06-27T20:46:35.468+0000] {logging_mixin.py:151} INFO - [2024-06-27T20:46:35.468+0000] {dagbag.py:539} INFO - Filling up the DagBag from /home/airflow/.local/lib/python3.8/site-packages/airflow/example_dags/example_subdag_operator.py
[2024-06-27T20:46:35.493+0000] {processor.py:839} INFO - DAG(s) dict_keys(['example_subdag_operator.section-1', 'example_subdag_operator.section-2', 'example_subdag_operator']) retrieved from /home/airflow/.local/lib/python3.8/site-packages/airflow/example_dags/example_subdag_operator.py
[2024-06-27T20:46:35.510+0000] {logging_mixin.py:151} INFO - [2024-06-27T20:46:35.510+0000] {dag.py:2915} INFO - Sync 3 DAGs
[2024-06-27T20:46:35.530+0000] {logging_mixin.py:151} INFO - [2024-06-27T20:46:35.530+0000] {dag.py:3696} INFO - Setting next_dagrun for example_subdag_operator to 2022-01-01T00:00:00+00:00, run_after=2022-01-01T00:00:00+00:00
[2024-06-27T20:46:35.533+0000] {logging_mixin.py:151} INFO - [2024-06-27T20:46:35.533+0000] {dag.py:3696} INFO - Setting next_dagrun for example_subdag_operator.section-1 to None, run_after=None
[2024-06-27T20:46:35.534+0000] {logging_mixin.py:151} INFO - [2024-06-27T20:46:35.534+0000] {dag.py:3696} INFO - Setting next_dagrun for example_subdag_operator.section-2 to None, run_after=None
[2024-06-27T20:46:35.540+0000] {logging_mixin.py:151} INFO - [2024-06-27T20:46:35.540+0000] {dag.py:2915} INFO - Sync 2 DAGs
[2024-06-27T20:46:35.546+0000] {logging_mixin.py:151} INFO - [2024-06-27T20:46:35.545+0000] {dag.py:3696} INFO - Setting next_dagrun for example_subdag_operator.section-1 to None, run_after=None
[2024-06-27T20:46:35.546+0000] {logging_mixin.py:151} INFO - [2024-06-27T20:46:35.546+0000] {dag.py:3696} INFO - Setting next_dagrun for example_subdag_operator.section-2 to None, run_after=None
[2024-06-27T20:46:35.558+0000] {processor.py:179} INFO - Processing /home/airflow/.local/lib/python3.8/site-packages/airflow/example_dags/example_subdag_operator.py took 0.094 seconds
[2024-06-27T20:47:06.391+0000] {processor.py:157} INFO - Started process (PID=2774) to work on /home/airflow/.local/lib/python3.8/site-packages/airflow/example_dags/example_subdag_operator.py
[2024-06-27T20:47:06.391+0000] {processor.py:829} INFO - Processing file /home/airflow/.local/lib/python3.8/site-packages/airflow/example_dags/example_subdag_operator.py for tasks to queue
[2024-06-27T20:47:06.392+0000] {logging_mixin.py:151} INFO - [2024-06-27T20:47:06.392+0000] {dagbag.py:539} INFO - Filling up the DagBag from /home/airflow/.local/lib/python3.8/site-packages/airflow/example_dags/example_subdag_operator.py
[2024-06-27T20:47:06.415+0000] {processor.py:839} INFO - DAG(s) dict_keys(['example_subdag_operator.section-1', 'example_subdag_operator.section-2', 'example_subdag_operator']) retrieved from /home/airflow/.local/lib/python3.8/site-packages/airflow/example_dags/example_subdag_operator.py
[2024-06-27T20:47:06.430+0000] {logging_mixin.py:151} INFO - [2024-06-27T20:47:06.430+0000] {dag.py:2915} INFO - Sync 3 DAGs
[2024-06-27T20:47:06.451+0000] {logging_mixin.py:151} INFO - [2024-06-27T20:47:06.450+0000] {dag.py:3696} INFO - Setting next_dagrun for example_subdag_operator to 2022-01-01T00:00:00+00:00, run_after=2022-01-01T00:00:00+00:00
[2024-06-27T20:47:06.454+0000] {logging_mixin.py:151} INFO - [2024-06-27T20:47:06.454+0000] {dag.py:3696} INFO - Setting next_dagrun for example_subdag_operator.section-1 to None, run_after=None
[2024-06-27T20:47:06.455+0000] {logging_mixin.py:151} INFO - [2024-06-27T20:47:06.455+0000] {dag.py:3696} INFO - Setting next_dagrun for example_subdag_operator.section-2 to None, run_after=None
[2024-06-27T20:47:06.462+0000] {logging_mixin.py:151} INFO - [2024-06-27T20:47:06.462+0000] {dag.py:2915} INFO - Sync 2 DAGs
[2024-06-27T20:47:06.467+0000] {logging_mixin.py:151} INFO - [2024-06-27T20:47:06.466+0000] {dag.py:3696} INFO - Setting next_dagrun for example_subdag_operator.section-1 to None, run_after=None
[2024-06-27T20:47:06.467+0000] {logging_mixin.py:151} INFO - [2024-06-27T20:47:06.467+0000] {dag.py:3696} INFO - Setting next_dagrun for example_subdag_operator.section-2 to None, run_after=None
[2024-06-27T20:47:06.477+0000] {processor.py:179} INFO - Processing /home/airflow/.local/lib/python3.8/site-packages/airflow/example_dags/example_subdag_operator.py took 0.089 seconds
[2024-06-27T20:47:37.393+0000] {processor.py:157} INFO - Started process (PID=3017) to work on /home/airflow/.local/lib/python3.8/site-packages/airflow/example_dags/example_subdag_operator.py
[2024-06-27T20:47:37.394+0000] {processor.py:829} INFO - Processing file /home/airflow/.local/lib/python3.8/site-packages/airflow/example_dags/example_subdag_operator.py for tasks to queue
[2024-06-27T20:47:37.394+0000] {logging_mixin.py:151} INFO - [2024-06-27T20:47:37.394+0000] {dagbag.py:539} INFO - Filling up the DagBag from /home/airflow/.local/lib/python3.8/site-packages/airflow/example_dags/example_subdag_operator.py
[2024-06-27T20:47:37.419+0000] {processor.py:839} INFO - DAG(s) dict_keys(['example_subdag_operator.section-1', 'example_subdag_operator.section-2', 'example_subdag_operator']) retrieved from /home/airflow/.local/lib/python3.8/site-packages/airflow/example_dags/example_subdag_operator.py
[2024-06-27T20:47:37.435+0000] {logging_mixin.py:151} INFO - [2024-06-27T20:47:37.435+0000] {dag.py:2915} INFO - Sync 3 DAGs
[2024-06-27T20:47:37.458+0000] {logging_mixin.py:151} INFO - [2024-06-27T20:47:37.458+0000] {dag.py:3696} INFO - Setting next_dagrun for example_subdag_operator to 2022-01-01T00:00:00+00:00, run_after=2022-01-01T00:00:00+00:00
[2024-06-27T20:47:37.462+0000] {logging_mixin.py:151} INFO - [2024-06-27T20:47:37.462+0000] {dag.py:3696} INFO - Setting next_dagrun for example_subdag_operator.section-1 to None, run_after=None
[2024-06-27T20:47:37.463+0000] {logging_mixin.py:151} INFO - [2024-06-27T20:47:37.463+0000] {dag.py:3696} INFO - Setting next_dagrun for example_subdag_operator.section-2 to None, run_after=None
[2024-06-27T20:47:37.470+0000] {logging_mixin.py:151} INFO - [2024-06-27T20:47:37.470+0000] {dag.py:2915} INFO - Sync 2 DAGs
[2024-06-27T20:47:37.475+0000] {logging_mixin.py:151} INFO - [2024-06-27T20:47:37.475+0000] {dag.py:3696} INFO - Setting next_dagrun for example_subdag_operator.section-1 to None, run_after=None
[2024-06-27T20:47:37.476+0000] {logging_mixin.py:151} INFO - [2024-06-27T20:47:37.476+0000] {dag.py:3696} INFO - Setting next_dagrun for example_subdag_operator.section-2 to None, run_after=None
[2024-06-27T20:47:37.487+0000] {processor.py:179} INFO - Processing /home/airflow/.local/lib/python3.8/site-packages/airflow/example_dags/example_subdag_operator.py took 0.097 seconds
[2024-06-27T20:48:08.255+0000] {processor.py:157} INFO - Started process (PID=3261) to work on /home/airflow/.local/lib/python3.8/site-packages/airflow/example_dags/example_subdag_operator.py
[2024-06-27T20:48:08.255+0000] {processor.py:829} INFO - Processing file /home/airflow/.local/lib/python3.8/site-packages/airflow/example_dags/example_subdag_operator.py for tasks to queue
[2024-06-27T20:48:08.256+0000] {logging_mixin.py:151} INFO - [2024-06-27T20:48:08.256+0000] {dagbag.py:539} INFO - Filling up the DagBag from /home/airflow/.local/lib/python3.8/site-packages/airflow/example_dags/example_subdag_operator.py
[2024-06-27T20:48:08.283+0000] {processor.py:839} INFO - DAG(s) dict_keys(['example_subdag_operator.section-1', 'example_subdag_operator.section-2', 'example_subdag_operator']) retrieved from /home/airflow/.local/lib/python3.8/site-packages/airflow/example_dags/example_subdag_operator.py
[2024-06-27T20:48:08.302+0000] {logging_mixin.py:151} INFO - [2024-06-27T20:48:08.302+0000] {dag.py:2915} INFO - Sync 3 DAGs
[2024-06-27T20:48:08.326+0000] {logging_mixin.py:151} INFO - [2024-06-27T20:48:08.326+0000] {dag.py:3696} INFO - Setting next_dagrun for example_subdag_operator to 2022-01-01T00:00:00+00:00, run_after=2022-01-01T00:00:00+00:00
[2024-06-27T20:48:08.330+0000] {logging_mixin.py:151} INFO - [2024-06-27T20:48:08.330+0000] {dag.py:3696} INFO - Setting next_dagrun for example_subdag_operator.section-1 to None, run_after=None
[2024-06-27T20:48:08.332+0000] {logging_mixin.py:151} INFO - [2024-06-27T20:48:08.331+0000] {dag.py:3696} INFO - Setting next_dagrun for example_subdag_operator.section-2 to None, run_after=None
[2024-06-27T20:48:08.339+0000] {logging_mixin.py:151} INFO - [2024-06-27T20:48:08.339+0000] {dag.py:2915} INFO - Sync 2 DAGs
[2024-06-27T20:48:08.345+0000] {logging_mixin.py:151} INFO - [2024-06-27T20:48:08.345+0000] {dag.py:3696} INFO - Setting next_dagrun for example_subdag_operator.section-1 to None, run_after=None
[2024-06-27T20:48:08.345+0000] {logging_mixin.py:151} INFO - [2024-06-27T20:48:08.345+0000] {dag.py:3696} INFO - Setting next_dagrun for example_subdag_operator.section-2 to None, run_after=None
[2024-06-27T20:48:08.359+0000] {processor.py:179} INFO - Processing /home/airflow/.local/lib/python3.8/site-packages/airflow/example_dags/example_subdag_operator.py took 0.107 seconds
[2024-06-27T20:48:39.092+0000] {processor.py:157} INFO - Started process (PID=3504) to work on /home/airflow/.local/lib/python3.8/site-packages/airflow/example_dags/example_subdag_operator.py
[2024-06-27T20:48:39.093+0000] {processor.py:829} INFO - Processing file /home/airflow/.local/lib/python3.8/site-packages/airflow/example_dags/example_subdag_operator.py for tasks to queue
[2024-06-27T20:48:39.093+0000] {logging_mixin.py:151} INFO - [2024-06-27T20:48:39.093+0000] {dagbag.py:539} INFO - Filling up the DagBag from /home/airflow/.local/lib/python3.8/site-packages/airflow/example_dags/example_subdag_operator.py
[2024-06-27T20:48:39.121+0000] {processor.py:839} INFO - DAG(s) dict_keys(['example_subdag_operator.section-1', 'example_subdag_operator.section-2', 'example_subdag_operator']) retrieved from /home/airflow/.local/lib/python3.8/site-packages/airflow/example_dags/example_subdag_operator.py
[2024-06-27T20:48:39.139+0000] {logging_mixin.py:151} INFO - [2024-06-27T20:48:39.139+0000] {dag.py:2915} INFO - Sync 3 DAGs
[2024-06-27T20:48:39.165+0000] {logging_mixin.py:151} INFO - [2024-06-27T20:48:39.164+0000] {dag.py:3696} INFO - Setting next_dagrun for example_subdag_operator to 2022-01-01T00:00:00+00:00, run_after=2022-01-01T00:00:00+00:00
[2024-06-27T20:48:39.168+0000] {logging_mixin.py:151} INFO - [2024-06-27T20:48:39.168+0000] {dag.py:3696} INFO - Setting next_dagrun for example_subdag_operator.section-1 to None, run_after=None
[2024-06-27T20:48:39.170+0000] {logging_mixin.py:151} INFO - [2024-06-27T20:48:39.170+0000] {dag.py:3696} INFO - Setting next_dagrun for example_subdag_operator.section-2 to None, run_after=None
[2024-06-27T20:48:39.177+0000] {logging_mixin.py:151} INFO - [2024-06-27T20:48:39.177+0000] {dag.py:2915} INFO - Sync 2 DAGs
[2024-06-27T20:48:39.183+0000] {logging_mixin.py:151} INFO - [2024-06-27T20:48:39.183+0000] {dag.py:3696} INFO - Setting next_dagrun for example_subdag_operator.section-1 to None, run_after=None
[2024-06-27T20:48:39.183+0000] {logging_mixin.py:151} INFO - [2024-06-27T20:48:39.183+0000] {dag.py:3696} INFO - Setting next_dagrun for example_subdag_operator.section-2 to None, run_after=None
[2024-06-27T20:48:39.196+0000] {processor.py:179} INFO - Processing /home/airflow/.local/lib/python3.8/site-packages/airflow/example_dags/example_subdag_operator.py took 0.107 seconds
[2024-06-27T20:49:09.325+0000] {processor.py:157} INFO - Started process (PID=3747) to work on /home/airflow/.local/lib/python3.8/site-packages/airflow/example_dags/example_subdag_operator.py
[2024-06-27T20:49:09.326+0000] {processor.py:829} INFO - Processing file /home/airflow/.local/lib/python3.8/site-packages/airflow/example_dags/example_subdag_operator.py for tasks to queue
[2024-06-27T20:49:09.326+0000] {logging_mixin.py:151} INFO - [2024-06-27T20:49:09.326+0000] {dagbag.py:539} INFO - Filling up the DagBag from /home/airflow/.local/lib/python3.8/site-packages/airflow/example_dags/example_subdag_operator.py
[2024-06-27T20:49:09.349+0000] {processor.py:839} INFO - DAG(s) dict_keys(['example_subdag_operator.section-1', 'example_subdag_operator.section-2', 'example_subdag_operator']) retrieved from /home/airflow/.local/lib/python3.8/site-packages/airflow/example_dags/example_subdag_operator.py
[2024-06-27T20:49:09.364+0000] {logging_mixin.py:151} INFO - [2024-06-27T20:49:09.364+0000] {dag.py:2915} INFO - Sync 3 DAGs
[2024-06-27T20:49:09.385+0000] {logging_mixin.py:151} INFO - [2024-06-27T20:49:09.385+0000] {dag.py:3696} INFO - Setting next_dagrun for example_subdag_operator to 2022-01-01T00:00:00+00:00, run_after=2022-01-01T00:00:00+00:00
[2024-06-27T20:49:09.390+0000] {logging_mixin.py:151} INFO - [2024-06-27T20:49:09.390+0000] {dag.py:3696} INFO - Setting next_dagrun for example_subdag_operator.section-1 to None, run_after=None
[2024-06-27T20:49:09.391+0000] {logging_mixin.py:151} INFO - [2024-06-27T20:49:09.391+0000] {dag.py:3696} INFO - Setting next_dagrun for example_subdag_operator.section-2 to None, run_after=None
[2024-06-27T20:49:09.398+0000] {logging_mixin.py:151} INFO - [2024-06-27T20:49:09.397+0000] {dag.py:2915} INFO - Sync 2 DAGs
[2024-06-27T20:49:09.403+0000] {logging_mixin.py:151} INFO - [2024-06-27T20:49:09.403+0000] {dag.py:3696} INFO - Setting next_dagrun for example_subdag_operator.section-1 to None, run_after=None
[2024-06-27T20:49:09.403+0000] {logging_mixin.py:151} INFO - [2024-06-27T20:49:09.403+0000] {dag.py:3696} INFO - Setting next_dagrun for example_subdag_operator.section-2 to None, run_after=None
[2024-06-27T20:49:09.413+0000] {processor.py:179} INFO - Processing /home/airflow/.local/lib/python3.8/site-packages/airflow/example_dags/example_subdag_operator.py took 0.091 seconds
[2024-06-27T20:49:39.548+0000] {processor.py:157} INFO - Started process (PID=3990) to work on /home/airflow/.local/lib/python3.8/site-packages/airflow/example_dags/example_subdag_operator.py
[2024-06-27T20:49:39.549+0000] {processor.py:829} INFO - Processing file /home/airflow/.local/lib/python3.8/site-packages/airflow/example_dags/example_subdag_operator.py for tasks to queue
[2024-06-27T20:49:39.550+0000] {logging_mixin.py:151} INFO - [2024-06-27T20:49:39.550+0000] {dagbag.py:539} INFO - Filling up the DagBag from /home/airflow/.local/lib/python3.8/site-packages/airflow/example_dags/example_subdag_operator.py
[2024-06-27T20:49:39.572+0000] {processor.py:839} INFO - DAG(s) dict_keys(['example_subdag_operator.section-1', 'example_subdag_operator.section-2', 'example_subdag_operator']) retrieved from /home/airflow/.local/lib/python3.8/site-packages/airflow/example_dags/example_subdag_operator.py
[2024-06-27T20:49:39.586+0000] {logging_mixin.py:151} INFO - [2024-06-27T20:49:39.586+0000] {dag.py:2915} INFO - Sync 3 DAGs
[2024-06-27T20:49:39.606+0000] {logging_mixin.py:151} INFO - [2024-06-27T20:49:39.606+0000] {dag.py:3696} INFO - Setting next_dagrun for example_subdag_operator to 2022-01-01T00:00:00+00:00, run_after=2022-01-01T00:00:00+00:00
[2024-06-27T20:49:39.609+0000] {logging_mixin.py:151} INFO - [2024-06-27T20:49:39.609+0000] {dag.py:3696} INFO - Setting next_dagrun for example_subdag_operator.section-1 to None, run_after=None
[2024-06-27T20:49:39.610+0000] {logging_mixin.py:151} INFO - [2024-06-27T20:49:39.610+0000] {dag.py:3696} INFO - Setting next_dagrun for example_subdag_operator.section-2 to None, run_after=None
[2024-06-27T20:49:39.617+0000] {logging_mixin.py:151} INFO - [2024-06-27T20:49:39.617+0000] {dag.py:2915} INFO - Sync 2 DAGs
[2024-06-27T20:49:39.622+0000] {logging_mixin.py:151} INFO - [2024-06-27T20:49:39.622+0000] {dag.py:3696} INFO - Setting next_dagrun for example_subdag_operator.section-1 to None, run_after=None
[2024-06-27T20:49:39.622+0000] {logging_mixin.py:151} INFO - [2024-06-27T20:49:39.622+0000] {dag.py:3696} INFO - Setting next_dagrun for example_subdag_operator.section-2 to None, run_after=None
[2024-06-27T20:49:39.633+0000] {processor.py:179} INFO - Processing /home/airflow/.local/lib/python3.8/site-packages/airflow/example_dags/example_subdag_operator.py took 0.088 seconds
