[2024-06-27T20:42:00.994+0000] {processor.py:157} INFO - Started process (PID=366) to work on /home/airflow/.local/lib/python3.8/site-packages/airflow/example_dags/example_local_kubernetes_executor.py
[2024-06-27T20:42:00.995+0000] {processor.py:829} INFO - Processing file /home/airflow/.local/lib/python3.8/site-packages/airflow/example_dags/example_local_kubernetes_executor.py for tasks to queue
[2024-06-27T20:42:00.996+0000] {logging_mixin.py:151} INFO - [2024-06-27T20:42:00.996+0000] {dagbag.py:539} INFO - Filling up the DagBag from /home/airflow/.local/lib/python3.8/site-packages/airflow/example_dags/example_local_kubernetes_executor.py
[2024-06-27T20:42:01.525+0000] {processor.py:839} INFO - DAG(s) dict_keys(['example_local_kubernetes_executor']) retrieved from /home/airflow/.local/lib/python3.8/site-packages/airflow/example_dags/example_local_kubernetes_executor.py
[2024-06-27T20:42:01.662+0000] {logging_mixin.py:151} INFO - [2024-06-27T20:42:01.662+0000] {manager.py:499} INFO - Created Permission View: %s
[2024-06-27T20:42:01.676+0000] {logging_mixin.py:151} INFO - [2024-06-27T20:42:01.676+0000] {manager.py:499} INFO - Created Permission View: %s
[2024-06-27T20:42:01.686+0000] {logging_mixin.py:151} INFO - [2024-06-27T20:42:01.686+0000] {manager.py:499} INFO - Created Permission View: %s
[2024-06-27T20:42:01.687+0000] {logging_mixin.py:151} INFO - [2024-06-27T20:42:01.687+0000] {security.py:708} INFO - Not syncing DAG-level permissions for DAG 'DAG:example_local_kubernetes_executor' as access control is unset.
[2024-06-27T20:42:01.688+0000] {logging_mixin.py:151} INFO - [2024-06-27T20:42:01.688+0000] {dag.py:2915} INFO - Sync 1 DAGs
[2024-06-27T20:42:01.702+0000] {logging_mixin.py:151} INFO - [2024-06-27T20:42:01.702+0000] {dag.py:2937} INFO - Creating ORM DAG for example_local_kubernetes_executor
[2024-06-27T20:42:01.702+0000] {logging_mixin.py:151} INFO - [2024-06-27T20:42:01.702+0000] {dag.py:3696} INFO - Setting next_dagrun for example_local_kubernetes_executor to None, run_after=None
[2024-06-27T20:42:01.724+0000] {processor.py:179} INFO - Processing /home/airflow/.local/lib/python3.8/site-packages/airflow/example_dags/example_local_kubernetes_executor.py took 0.733 seconds
[2024-06-27T20:42:32.349+0000] {processor.py:157} INFO - Started process (PID=609) to work on /home/airflow/.local/lib/python3.8/site-packages/airflow/example_dags/example_local_kubernetes_executor.py
[2024-06-27T20:42:32.350+0000] {processor.py:829} INFO - Processing file /home/airflow/.local/lib/python3.8/site-packages/airflow/example_dags/example_local_kubernetes_executor.py for tasks to queue
[2024-06-27T20:42:32.351+0000] {logging_mixin.py:151} INFO - [2024-06-27T20:42:32.351+0000] {dagbag.py:539} INFO - Filling up the DagBag from /home/airflow/.local/lib/python3.8/site-packages/airflow/example_dags/example_local_kubernetes_executor.py
[2024-06-27T20:42:32.621+0000] {processor.py:839} INFO - DAG(s) dict_keys(['example_local_kubernetes_executor']) retrieved from /home/airflow/.local/lib/python3.8/site-packages/airflow/example_dags/example_local_kubernetes_executor.py
[2024-06-27T20:42:32.657+0000] {logging_mixin.py:151} INFO - [2024-06-27T20:42:32.656+0000] {dag.py:2915} INFO - Sync 1 DAGs
[2024-06-27T20:42:32.669+0000] {logging_mixin.py:151} INFO - [2024-06-27T20:42:32.669+0000] {dag.py:3696} INFO - Setting next_dagrun for example_local_kubernetes_executor to None, run_after=None
[2024-06-27T20:42:32.687+0000] {processor.py:179} INFO - Processing /home/airflow/.local/lib/python3.8/site-packages/airflow/example_dags/example_local_kubernetes_executor.py took 0.341 seconds
[2024-06-27T20:43:02.857+0000] {processor.py:157} INFO - Started process (PID=874) to work on /home/airflow/.local/lib/python3.8/site-packages/airflow/example_dags/example_local_kubernetes_executor.py
[2024-06-27T20:43:02.858+0000] {processor.py:829} INFO - Processing file /home/airflow/.local/lib/python3.8/site-packages/airflow/example_dags/example_local_kubernetes_executor.py for tasks to queue
[2024-06-27T20:43:02.859+0000] {logging_mixin.py:151} INFO - [2024-06-27T20:43:02.859+0000] {dagbag.py:539} INFO - Filling up the DagBag from /home/airflow/.local/lib/python3.8/site-packages/airflow/example_dags/example_local_kubernetes_executor.py
[2024-06-27T20:43:03.107+0000] {processor.py:839} INFO - DAG(s) dict_keys(['example_local_kubernetes_executor']) retrieved from /home/airflow/.local/lib/python3.8/site-packages/airflow/example_dags/example_local_kubernetes_executor.py
[2024-06-27T20:43:03.140+0000] {logging_mixin.py:151} INFO - [2024-06-27T20:43:03.139+0000] {dag.py:2915} INFO - Sync 1 DAGs
[2024-06-27T20:43:03.151+0000] {logging_mixin.py:151} INFO - [2024-06-27T20:43:03.151+0000] {dag.py:3696} INFO - Setting next_dagrun for example_local_kubernetes_executor to None, run_after=None
[2024-06-27T20:43:03.171+0000] {processor.py:179} INFO - Processing /home/airflow/.local/lib/python3.8/site-packages/airflow/example_dags/example_local_kubernetes_executor.py took 0.317 seconds
[2024-06-27T20:43:33.360+0000] {processor.py:157} INFO - Started process (PID=1095) to work on /home/airflow/.local/lib/python3.8/site-packages/airflow/example_dags/example_local_kubernetes_executor.py
[2024-06-27T20:43:33.361+0000] {processor.py:829} INFO - Processing file /home/airflow/.local/lib/python3.8/site-packages/airflow/example_dags/example_local_kubernetes_executor.py for tasks to queue
[2024-06-27T20:43:33.362+0000] {logging_mixin.py:151} INFO - [2024-06-27T20:43:33.362+0000] {dagbag.py:539} INFO - Filling up the DagBag from /home/airflow/.local/lib/python3.8/site-packages/airflow/example_dags/example_local_kubernetes_executor.py
[2024-06-27T20:43:33.639+0000] {processor.py:839} INFO - DAG(s) dict_keys(['example_local_kubernetes_executor']) retrieved from /home/airflow/.local/lib/python3.8/site-packages/airflow/example_dags/example_local_kubernetes_executor.py
[2024-06-27T20:43:33.669+0000] {logging_mixin.py:151} INFO - [2024-06-27T20:43:33.669+0000] {dag.py:2915} INFO - Sync 1 DAGs
[2024-06-27T20:43:33.681+0000] {logging_mixin.py:151} INFO - [2024-06-27T20:43:33.681+0000] {dag.py:3696} INFO - Setting next_dagrun for example_local_kubernetes_executor to None, run_after=None
[2024-06-27T20:43:33.701+0000] {processor.py:179} INFO - Processing /home/airflow/.local/lib/python3.8/site-packages/airflow/example_dags/example_local_kubernetes_executor.py took 0.344 seconds
[2024-06-27T20:44:03.804+0000] {processor.py:157} INFO - Started process (PID=1350) to work on /home/airflow/.local/lib/python3.8/site-packages/airflow/example_dags/example_local_kubernetes_executor.py
[2024-06-27T20:44:03.805+0000] {processor.py:829} INFO - Processing file /home/airflow/.local/lib/python3.8/site-packages/airflow/example_dags/example_local_kubernetes_executor.py for tasks to queue
[2024-06-27T20:44:03.806+0000] {logging_mixin.py:151} INFO - [2024-06-27T20:44:03.805+0000] {dagbag.py:539} INFO - Filling up the DagBag from /home/airflow/.local/lib/python3.8/site-packages/airflow/example_dags/example_local_kubernetes_executor.py
[2024-06-27T20:44:04.076+0000] {processor.py:839} INFO - DAG(s) dict_keys(['example_local_kubernetes_executor']) retrieved from /home/airflow/.local/lib/python3.8/site-packages/airflow/example_dags/example_local_kubernetes_executor.py
[2024-06-27T20:44:04.106+0000] {logging_mixin.py:151} INFO - [2024-06-27T20:44:04.105+0000] {dag.py:2915} INFO - Sync 1 DAGs
[2024-06-27T20:44:04.116+0000] {logging_mixin.py:151} INFO - [2024-06-27T20:44:04.116+0000] {dag.py:3696} INFO - Setting next_dagrun for example_local_kubernetes_executor to None, run_after=None
[2024-06-27T20:44:04.134+0000] {processor.py:179} INFO - Processing /home/airflow/.local/lib/python3.8/site-packages/airflow/example_dags/example_local_kubernetes_executor.py took 0.333 seconds
[2024-06-27T20:44:34.261+0000] {processor.py:157} INFO - Started process (PID=1580) to work on /home/airflow/.local/lib/python3.8/site-packages/airflow/example_dags/example_local_kubernetes_executor.py
[2024-06-27T20:44:34.262+0000] {processor.py:829} INFO - Processing file /home/airflow/.local/lib/python3.8/site-packages/airflow/example_dags/example_local_kubernetes_executor.py for tasks to queue
[2024-06-27T20:44:34.264+0000] {logging_mixin.py:151} INFO - [2024-06-27T20:44:34.263+0000] {dagbag.py:539} INFO - Filling up the DagBag from /home/airflow/.local/lib/python3.8/site-packages/airflow/example_dags/example_local_kubernetes_executor.py
[2024-06-27T20:44:34.595+0000] {processor.py:839} INFO - DAG(s) dict_keys(['example_local_kubernetes_executor']) retrieved from /home/airflow/.local/lib/python3.8/site-packages/airflow/example_dags/example_local_kubernetes_executor.py
[2024-06-27T20:44:34.635+0000] {logging_mixin.py:151} INFO - [2024-06-27T20:44:34.635+0000] {dag.py:2915} INFO - Sync 1 DAGs
[2024-06-27T20:44:34.649+0000] {logging_mixin.py:151} INFO - [2024-06-27T20:44:34.649+0000] {dag.py:3696} INFO - Setting next_dagrun for example_local_kubernetes_executor to None, run_after=None
[2024-06-27T20:44:34.677+0000] {processor.py:179} INFO - Processing /home/airflow/.local/lib/python3.8/site-packages/airflow/example_dags/example_local_kubernetes_executor.py took 0.419 seconds
[2024-06-27T20:45:05.211+0000] {processor.py:157} INFO - Started process (PID=1823) to work on /home/airflow/.local/lib/python3.8/site-packages/airflow/example_dags/example_local_kubernetes_executor.py
[2024-06-27T20:45:05.211+0000] {processor.py:829} INFO - Processing file /home/airflow/.local/lib/python3.8/site-packages/airflow/example_dags/example_local_kubernetes_executor.py for tasks to queue
[2024-06-27T20:45:05.212+0000] {logging_mixin.py:151} INFO - [2024-06-27T20:45:05.212+0000] {dagbag.py:539} INFO - Filling up the DagBag from /home/airflow/.local/lib/python3.8/site-packages/airflow/example_dags/example_local_kubernetes_executor.py
[2024-06-27T20:45:05.497+0000] {processor.py:839} INFO - DAG(s) dict_keys(['example_local_kubernetes_executor']) retrieved from /home/airflow/.local/lib/python3.8/site-packages/airflow/example_dags/example_local_kubernetes_executor.py
[2024-06-27T20:45:05.535+0000] {logging_mixin.py:151} INFO - [2024-06-27T20:45:05.534+0000] {dag.py:2915} INFO - Sync 1 DAGs
[2024-06-27T20:45:05.550+0000] {logging_mixin.py:151} INFO - [2024-06-27T20:45:05.549+0000] {dag.py:3696} INFO - Setting next_dagrun for example_local_kubernetes_executor to None, run_after=None
[2024-06-27T20:45:05.576+0000] {processor.py:179} INFO - Processing /home/airflow/.local/lib/python3.8/site-packages/airflow/example_dags/example_local_kubernetes_executor.py took 0.368 seconds
[2024-06-27T20:45:35.835+0000] {processor.py:157} INFO - Started process (PID=2082) to work on /home/airflow/.local/lib/python3.8/site-packages/airflow/example_dags/example_local_kubernetes_executor.py
[2024-06-27T20:45:35.836+0000] {processor.py:829} INFO - Processing file /home/airflow/.local/lib/python3.8/site-packages/airflow/example_dags/example_local_kubernetes_executor.py for tasks to queue
[2024-06-27T20:45:35.836+0000] {logging_mixin.py:151} INFO - [2024-06-27T20:45:35.836+0000] {dagbag.py:539} INFO - Filling up the DagBag from /home/airflow/.local/lib/python3.8/site-packages/airflow/example_dags/example_local_kubernetes_executor.py
[2024-06-27T20:45:36.133+0000] {processor.py:839} INFO - DAG(s) dict_keys(['example_local_kubernetes_executor']) retrieved from /home/airflow/.local/lib/python3.8/site-packages/airflow/example_dags/example_local_kubernetes_executor.py
[2024-06-27T20:45:36.165+0000] {logging_mixin.py:151} INFO - [2024-06-27T20:45:36.164+0000] {dag.py:2915} INFO - Sync 1 DAGs
[2024-06-27T20:45:36.176+0000] {logging_mixin.py:151} INFO - [2024-06-27T20:45:36.176+0000] {dag.py:3696} INFO - Setting next_dagrun for example_local_kubernetes_executor to None, run_after=None
[2024-06-27T20:45:36.193+0000] {processor.py:179} INFO - Processing /home/airflow/.local/lib/python3.8/site-packages/airflow/example_dags/example_local_kubernetes_executor.py took 0.364 seconds
[2024-06-27T20:46:06.939+0000] {processor.py:157} INFO - Started process (PID=2335) to work on /home/airflow/.local/lib/python3.8/site-packages/airflow/example_dags/example_local_kubernetes_executor.py
[2024-06-27T20:46:06.940+0000] {processor.py:829} INFO - Processing file /home/airflow/.local/lib/python3.8/site-packages/airflow/example_dags/example_local_kubernetes_executor.py for tasks to queue
[2024-06-27T20:46:06.941+0000] {logging_mixin.py:151} INFO - [2024-06-27T20:46:06.940+0000] {dagbag.py:539} INFO - Filling up the DagBag from /home/airflow/.local/lib/python3.8/site-packages/airflow/example_dags/example_local_kubernetes_executor.py
[2024-06-27T20:46:07.211+0000] {processor.py:839} INFO - DAG(s) dict_keys(['example_local_kubernetes_executor']) retrieved from /home/airflow/.local/lib/python3.8/site-packages/airflow/example_dags/example_local_kubernetes_executor.py
[2024-06-27T20:46:07.246+0000] {logging_mixin.py:151} INFO - [2024-06-27T20:46:07.246+0000] {dag.py:2915} INFO - Sync 1 DAGs
[2024-06-27T20:46:07.259+0000] {logging_mixin.py:151} INFO - [2024-06-27T20:46:07.259+0000] {dag.py:3696} INFO - Setting next_dagrun for example_local_kubernetes_executor to None, run_after=None
[2024-06-27T20:46:07.278+0000] {processor.py:179} INFO - Processing /home/airflow/.local/lib/python3.8/site-packages/airflow/example_dags/example_local_kubernetes_executor.py took 0.342 seconds
[2024-06-27T20:46:38.004+0000] {processor.py:157} INFO - Started process (PID=2578) to work on /home/airflow/.local/lib/python3.8/site-packages/airflow/example_dags/example_local_kubernetes_executor.py
[2024-06-27T20:46:38.005+0000] {processor.py:829} INFO - Processing file /home/airflow/.local/lib/python3.8/site-packages/airflow/example_dags/example_local_kubernetes_executor.py for tasks to queue
[2024-06-27T20:46:38.006+0000] {logging_mixin.py:151} INFO - [2024-06-27T20:46:38.006+0000] {dagbag.py:539} INFO - Filling up the DagBag from /home/airflow/.local/lib/python3.8/site-packages/airflow/example_dags/example_local_kubernetes_executor.py
[2024-06-27T20:46:38.255+0000] {processor.py:839} INFO - DAG(s) dict_keys(['example_local_kubernetes_executor']) retrieved from /home/airflow/.local/lib/python3.8/site-packages/airflow/example_dags/example_local_kubernetes_executor.py
[2024-06-27T20:46:38.291+0000] {logging_mixin.py:151} INFO - [2024-06-27T20:46:38.290+0000] {dag.py:2915} INFO - Sync 1 DAGs
[2024-06-27T20:46:38.304+0000] {logging_mixin.py:151} INFO - [2024-06-27T20:46:38.304+0000] {dag.py:3696} INFO - Setting next_dagrun for example_local_kubernetes_executor to None, run_after=None
[2024-06-27T20:46:38.322+0000] {processor.py:179} INFO - Processing /home/airflow/.local/lib/python3.8/site-packages/airflow/example_dags/example_local_kubernetes_executor.py took 0.320 seconds
[2024-06-27T20:47:08.899+0000] {processor.py:157} INFO - Started process (PID=2821) to work on /home/airflow/.local/lib/python3.8/site-packages/airflow/example_dags/example_local_kubernetes_executor.py
[2024-06-27T20:47:08.900+0000] {processor.py:829} INFO - Processing file /home/airflow/.local/lib/python3.8/site-packages/airflow/example_dags/example_local_kubernetes_executor.py for tasks to queue
[2024-06-27T20:47:08.901+0000] {logging_mixin.py:151} INFO - [2024-06-27T20:47:08.900+0000] {dagbag.py:539} INFO - Filling up the DagBag from /home/airflow/.local/lib/python3.8/site-packages/airflow/example_dags/example_local_kubernetes_executor.py
[2024-06-27T20:47:09.181+0000] {processor.py:839} INFO - DAG(s) dict_keys(['example_local_kubernetes_executor']) retrieved from /home/airflow/.local/lib/python3.8/site-packages/airflow/example_dags/example_local_kubernetes_executor.py
[2024-06-27T20:47:09.214+0000] {logging_mixin.py:151} INFO - [2024-06-27T20:47:09.213+0000] {dag.py:2915} INFO - Sync 1 DAGs
[2024-06-27T20:47:09.229+0000] {logging_mixin.py:151} INFO - [2024-06-27T20:47:09.229+0000] {dag.py:3696} INFO - Setting next_dagrun for example_local_kubernetes_executor to None, run_after=None
[2024-06-27T20:47:09.248+0000] {processor.py:179} INFO - Processing /home/airflow/.local/lib/python3.8/site-packages/airflow/example_dags/example_local_kubernetes_executor.py took 0.352 seconds
[2024-06-27T20:47:39.909+0000] {processor.py:157} INFO - Started process (PID=3064) to work on /home/airflow/.local/lib/python3.8/site-packages/airflow/example_dags/example_local_kubernetes_executor.py
[2024-06-27T20:47:39.910+0000] {processor.py:829} INFO - Processing file /home/airflow/.local/lib/python3.8/site-packages/airflow/example_dags/example_local_kubernetes_executor.py for tasks to queue
[2024-06-27T20:47:39.911+0000] {logging_mixin.py:151} INFO - [2024-06-27T20:47:39.910+0000] {dagbag.py:539} INFO - Filling up the DagBag from /home/airflow/.local/lib/python3.8/site-packages/airflow/example_dags/example_local_kubernetes_executor.py
[2024-06-27T20:47:40.174+0000] {processor.py:839} INFO - DAG(s) dict_keys(['example_local_kubernetes_executor']) retrieved from /home/airflow/.local/lib/python3.8/site-packages/airflow/example_dags/example_local_kubernetes_executor.py
[2024-06-27T20:47:40.205+0000] {logging_mixin.py:151} INFO - [2024-06-27T20:47:40.204+0000] {dag.py:2915} INFO - Sync 1 DAGs
[2024-06-27T20:47:40.216+0000] {logging_mixin.py:151} INFO - [2024-06-27T20:47:40.216+0000] {dag.py:3696} INFO - Setting next_dagrun for example_local_kubernetes_executor to None, run_after=None
[2024-06-27T20:47:40.238+0000] {processor.py:179} INFO - Processing /home/airflow/.local/lib/python3.8/site-packages/airflow/example_dags/example_local_kubernetes_executor.py took 0.333 seconds
[2024-06-27T20:48:10.780+0000] {processor.py:157} INFO - Started process (PID=3308) to work on /home/airflow/.local/lib/python3.8/site-packages/airflow/example_dags/example_local_kubernetes_executor.py
[2024-06-27T20:48:10.781+0000] {processor.py:829} INFO - Processing file /home/airflow/.local/lib/python3.8/site-packages/airflow/example_dags/example_local_kubernetes_executor.py for tasks to queue
[2024-06-27T20:48:10.782+0000] {logging_mixin.py:151} INFO - [2024-06-27T20:48:10.782+0000] {dagbag.py:539} INFO - Filling up the DagBag from /home/airflow/.local/lib/python3.8/site-packages/airflow/example_dags/example_local_kubernetes_executor.py
[2024-06-27T20:48:11.069+0000] {processor.py:839} INFO - DAG(s) dict_keys(['example_local_kubernetes_executor']) retrieved from /home/airflow/.local/lib/python3.8/site-packages/airflow/example_dags/example_local_kubernetes_executor.py
[2024-06-27T20:48:11.102+0000] {logging_mixin.py:151} INFO - [2024-06-27T20:48:11.101+0000] {dag.py:2915} INFO - Sync 1 DAGs
[2024-06-27T20:48:11.114+0000] {logging_mixin.py:151} INFO - [2024-06-27T20:48:11.114+0000] {dag.py:3696} INFO - Setting next_dagrun for example_local_kubernetes_executor to None, run_after=None
[2024-06-27T20:48:11.132+0000] {processor.py:179} INFO - Processing /home/airflow/.local/lib/python3.8/site-packages/airflow/example_dags/example_local_kubernetes_executor.py took 0.356 seconds
[2024-06-27T20:48:41.651+0000] {processor.py:157} INFO - Started process (PID=3551) to work on /home/airflow/.local/lib/python3.8/site-packages/airflow/example_dags/example_local_kubernetes_executor.py
[2024-06-27T20:48:41.652+0000] {processor.py:829} INFO - Processing file /home/airflow/.local/lib/python3.8/site-packages/airflow/example_dags/example_local_kubernetes_executor.py for tasks to queue
[2024-06-27T20:48:41.653+0000] {logging_mixin.py:151} INFO - [2024-06-27T20:48:41.653+0000] {dagbag.py:539} INFO - Filling up the DagBag from /home/airflow/.local/lib/python3.8/site-packages/airflow/example_dags/example_local_kubernetes_executor.py
[2024-06-27T20:48:41.928+0000] {processor.py:839} INFO - DAG(s) dict_keys(['example_local_kubernetes_executor']) retrieved from /home/airflow/.local/lib/python3.8/site-packages/airflow/example_dags/example_local_kubernetes_executor.py
[2024-06-27T20:48:41.959+0000] {logging_mixin.py:151} INFO - [2024-06-27T20:48:41.958+0000] {dag.py:2915} INFO - Sync 1 DAGs
[2024-06-27T20:48:41.971+0000] {logging_mixin.py:151} INFO - [2024-06-27T20:48:41.971+0000] {dag.py:3696} INFO - Setting next_dagrun for example_local_kubernetes_executor to None, run_after=None
[2024-06-27T20:48:41.989+0000] {processor.py:179} INFO - Processing /home/airflow/.local/lib/python3.8/site-packages/airflow/example_dags/example_local_kubernetes_executor.py took 0.342 seconds
[2024-06-27T20:49:12.054+0000] {processor.py:157} INFO - Started process (PID=3794) to work on /home/airflow/.local/lib/python3.8/site-packages/airflow/example_dags/example_local_kubernetes_executor.py
[2024-06-27T20:49:12.055+0000] {processor.py:829} INFO - Processing file /home/airflow/.local/lib/python3.8/site-packages/airflow/example_dags/example_local_kubernetes_executor.py for tasks to queue
[2024-06-27T20:49:12.055+0000] {logging_mixin.py:151} INFO - [2024-06-27T20:49:12.055+0000] {dagbag.py:539} INFO - Filling up the DagBag from /home/airflow/.local/lib/python3.8/site-packages/airflow/example_dags/example_local_kubernetes_executor.py
[2024-06-27T20:49:12.327+0000] {processor.py:839} INFO - DAG(s) dict_keys(['example_local_kubernetes_executor']) retrieved from /home/airflow/.local/lib/python3.8/site-packages/airflow/example_dags/example_local_kubernetes_executor.py
[2024-06-27T20:49:12.360+0000] {logging_mixin.py:151} INFO - [2024-06-27T20:49:12.357+0000] {dag.py:2915} INFO - Sync 1 DAGs
[2024-06-27T20:49:12.371+0000] {logging_mixin.py:151} INFO - [2024-06-27T20:49:12.371+0000] {dag.py:3696} INFO - Setting next_dagrun for example_local_kubernetes_executor to None, run_after=None
[2024-06-27T20:49:12.390+0000] {processor.py:179} INFO - Processing /home/airflow/.local/lib/python3.8/site-packages/airflow/example_dags/example_local_kubernetes_executor.py took 0.338 seconds
[2024-06-27T20:49:42.934+0000] {processor.py:157} INFO - Started process (PID=4037) to work on /home/airflow/.local/lib/python3.8/site-packages/airflow/example_dags/example_local_kubernetes_executor.py
[2024-06-27T20:49:42.935+0000] {processor.py:829} INFO - Processing file /home/airflow/.local/lib/python3.8/site-packages/airflow/example_dags/example_local_kubernetes_executor.py for tasks to queue
[2024-06-27T20:49:42.936+0000] {logging_mixin.py:151} INFO - [2024-06-27T20:49:42.935+0000] {dagbag.py:539} INFO - Filling up the DagBag from /home/airflow/.local/lib/python3.8/site-packages/airflow/example_dags/example_local_kubernetes_executor.py
[2024-06-27T20:49:43.207+0000] {processor.py:839} INFO - DAG(s) dict_keys(['example_local_kubernetes_executor']) retrieved from /home/airflow/.local/lib/python3.8/site-packages/airflow/example_dags/example_local_kubernetes_executor.py
[2024-06-27T20:49:43.238+0000] {logging_mixin.py:151} INFO - [2024-06-27T20:49:43.238+0000] {dag.py:2915} INFO - Sync 1 DAGs
[2024-06-27T20:49:43.253+0000] {logging_mixin.py:151} INFO - [2024-06-27T20:49:43.253+0000] {dag.py:3696} INFO - Setting next_dagrun for example_local_kubernetes_executor to None, run_after=None
[2024-06-27T20:49:43.275+0000] {processor.py:179} INFO - Processing /home/airflow/.local/lib/python3.8/site-packages/airflow/example_dags/example_local_kubernetes_executor.py took 0.345 seconds
