[2024-06-27T20:42:01.411+0000] {processor.py:157} INFO - Started process (PID=371) to work on /home/airflow/.local/lib/python3.8/site-packages/airflow/example_dags/example_skip_dag.py
[2024-06-27T20:42:01.411+0000] {processor.py:829} INFO - Processing file /home/airflow/.local/lib/python3.8/site-packages/airflow/example_dags/example_skip_dag.py for tasks to queue
[2024-06-27T20:42:01.412+0000] {logging_mixin.py:151} INFO - [2024-06-27T20:42:01.412+0000] {dagbag.py:539} INFO - Filling up the DagBag from /home/airflow/.local/lib/python3.8/site-packages/airflow/example_dags/example_skip_dag.py
[2024-06-27T20:42:01.419+0000] {processor.py:839} INFO - DAG(s) dict_keys(['example_skip_dag']) retrieved from /home/airflow/.local/lib/python3.8/site-packages/airflow/example_dags/example_skip_dag.py
[2024-06-27T20:42:01.688+0000] {logging_mixin.py:151} INFO - [2024-06-27T20:42:01.687+0000] {manager.py:499} INFO - Created Permission View: %s
[2024-06-27T20:42:01.702+0000] {logging_mixin.py:151} INFO - [2024-06-27T20:42:01.702+0000] {manager.py:499} INFO - Created Permission View: %s
[2024-06-27T20:42:01.713+0000] {logging_mixin.py:151} INFO - [2024-06-27T20:42:01.712+0000] {manager.py:499} INFO - Created Permission View: %s
[2024-06-27T20:42:01.713+0000] {logging_mixin.py:151} INFO - [2024-06-27T20:42:01.713+0000] {security.py:708} INFO - Not syncing DAG-level permissions for DAG 'DAG:example_skip_dag' as access control is unset.
[2024-06-27T20:42:01.713+0000] {logging_mixin.py:151} INFO - [2024-06-27T20:42:01.713+0000] {dag.py:2915} INFO - Sync 1 DAGs
[2024-06-27T20:42:01.728+0000] {logging_mixin.py:151} INFO - [2024-06-27T20:42:01.727+0000] {dag.py:2937} INFO - Creating ORM DAG for example_skip_dag
[2024-06-27T20:42:01.740+0000] {logging_mixin.py:151} INFO - [2024-06-27T20:42:01.740+0000] {dag.py:3696} INFO - Setting next_dagrun for example_skip_dag to 2024-06-26T20:42:01.739755+00:00, run_after=2024-06-27T20:42:01.739755+00:00
[2024-06-27T20:42:01.765+0000] {processor.py:179} INFO - Processing /home/airflow/.local/lib/python3.8/site-packages/airflow/example_dags/example_skip_dag.py took 0.357 seconds
[2024-06-27T20:42:32.434+0000] {processor.py:157} INFO - Started process (PID=614) to work on /home/airflow/.local/lib/python3.8/site-packages/airflow/example_dags/example_skip_dag.py
[2024-06-27T20:42:32.435+0000] {processor.py:829} INFO - Processing file /home/airflow/.local/lib/python3.8/site-packages/airflow/example_dags/example_skip_dag.py for tasks to queue
[2024-06-27T20:42:32.436+0000] {logging_mixin.py:151} INFO - [2024-06-27T20:42:32.435+0000] {dagbag.py:539} INFO - Filling up the DagBag from /home/airflow/.local/lib/python3.8/site-packages/airflow/example_dags/example_skip_dag.py
[2024-06-27T20:42:32.442+0000] {processor.py:839} INFO - DAG(s) dict_keys(['example_skip_dag']) retrieved from /home/airflow/.local/lib/python3.8/site-packages/airflow/example_dags/example_skip_dag.py
[2024-06-27T20:42:32.462+0000] {logging_mixin.py:151} INFO - [2024-06-27T20:42:32.462+0000] {dag.py:2915} INFO - Sync 1 DAGs
[2024-06-27T20:42:32.483+0000] {logging_mixin.py:151} INFO - [2024-06-27T20:42:32.483+0000] {dag.py:3696} INFO - Setting next_dagrun for example_skip_dag to 2024-06-26T20:42:32.483518+00:00, run_after=2024-06-27T20:42:32.483518+00:00
[2024-06-27T20:42:32.501+0000] {processor.py:179} INFO - Processing /home/airflow/.local/lib/python3.8/site-packages/airflow/example_dags/example_skip_dag.py took 0.070 seconds
[2024-06-27T20:43:02.689+0000] {processor.py:157} INFO - Started process (PID=852) to work on /home/airflow/.local/lib/python3.8/site-packages/airflow/example_dags/example_skip_dag.py
[2024-06-27T20:43:02.690+0000] {processor.py:829} INFO - Processing file /home/airflow/.local/lib/python3.8/site-packages/airflow/example_dags/example_skip_dag.py for tasks to queue
[2024-06-27T20:43:02.690+0000] {logging_mixin.py:151} INFO - [2024-06-27T20:43:02.690+0000] {dagbag.py:539} INFO - Filling up the DagBag from /home/airflow/.local/lib/python3.8/site-packages/airflow/example_dags/example_skip_dag.py
[2024-06-27T20:43:02.698+0000] {processor.py:839} INFO - DAG(s) dict_keys(['example_skip_dag']) retrieved from /home/airflow/.local/lib/python3.8/site-packages/airflow/example_dags/example_skip_dag.py
[2024-06-27T20:43:02.718+0000] {logging_mixin.py:151} INFO - [2024-06-27T20:43:02.718+0000] {dag.py:2915} INFO - Sync 1 DAGs
[2024-06-27T20:43:02.740+0000] {logging_mixin.py:151} INFO - [2024-06-27T20:43:02.739+0000] {dag.py:3696} INFO - Setting next_dagrun for example_skip_dag to 2024-06-26T20:43:02.739701+00:00, run_after=2024-06-27T20:43:02.739701+00:00
[2024-06-27T20:43:02.760+0000] {processor.py:179} INFO - Processing /home/airflow/.local/lib/python3.8/site-packages/airflow/example_dags/example_skip_dag.py took 0.073 seconds
[2024-06-27T20:43:33.456+0000] {processor.py:157} INFO - Started process (PID=1100) to work on /home/airflow/.local/lib/python3.8/site-packages/airflow/example_dags/example_skip_dag.py
[2024-06-27T20:43:33.457+0000] {processor.py:829} INFO - Processing file /home/airflow/.local/lib/python3.8/site-packages/airflow/example_dags/example_skip_dag.py for tasks to queue
[2024-06-27T20:43:33.457+0000] {logging_mixin.py:151} INFO - [2024-06-27T20:43:33.457+0000] {dagbag.py:539} INFO - Filling up the DagBag from /home/airflow/.local/lib/python3.8/site-packages/airflow/example_dags/example_skip_dag.py
[2024-06-27T20:43:33.464+0000] {processor.py:839} INFO - DAG(s) dict_keys(['example_skip_dag']) retrieved from /home/airflow/.local/lib/python3.8/site-packages/airflow/example_dags/example_skip_dag.py
[2024-06-27T20:43:33.485+0000] {logging_mixin.py:151} INFO - [2024-06-27T20:43:33.485+0000] {dag.py:2915} INFO - Sync 1 DAGs
[2024-06-27T20:43:33.506+0000] {logging_mixin.py:151} INFO - [2024-06-27T20:43:33.506+0000] {dag.py:3696} INFO - Setting next_dagrun for example_skip_dag to 2024-06-26T20:43:33.506183+00:00, run_after=2024-06-27T20:43:33.506183+00:00
[2024-06-27T20:43:33.524+0000] {processor.py:179} INFO - Processing /home/airflow/.local/lib/python3.8/site-packages/airflow/example_dags/example_skip_dag.py took 0.072 seconds
[2024-06-27T20:44:03.637+0000] {processor.py:157} INFO - Started process (PID=1338) to work on /home/airflow/.local/lib/python3.8/site-packages/airflow/example_dags/example_skip_dag.py
[2024-06-27T20:44:03.638+0000] {processor.py:829} INFO - Processing file /home/airflow/.local/lib/python3.8/site-packages/airflow/example_dags/example_skip_dag.py for tasks to queue
[2024-06-27T20:44:03.638+0000] {logging_mixin.py:151} INFO - [2024-06-27T20:44:03.638+0000] {dagbag.py:539} INFO - Filling up the DagBag from /home/airflow/.local/lib/python3.8/site-packages/airflow/example_dags/example_skip_dag.py
[2024-06-27T20:44:03.645+0000] {processor.py:839} INFO - DAG(s) dict_keys(['example_skip_dag']) retrieved from /home/airflow/.local/lib/python3.8/site-packages/airflow/example_dags/example_skip_dag.py
[2024-06-27T20:44:03.664+0000] {logging_mixin.py:151} INFO - [2024-06-27T20:44:03.664+0000] {dag.py:2915} INFO - Sync 1 DAGs
[2024-06-27T20:44:03.685+0000] {logging_mixin.py:151} INFO - [2024-06-27T20:44:03.684+0000] {dag.py:3696} INFO - Setting next_dagrun for example_skip_dag to 2024-06-26T20:44:03.684641+00:00, run_after=2024-06-27T20:44:03.684641+00:00
[2024-06-27T20:44:03.701+0000] {processor.py:179} INFO - Processing /home/airflow/.local/lib/python3.8/site-packages/airflow/example_dags/example_skip_dag.py took 0.066 seconds
[2024-06-27T20:44:34.422+0000] {processor.py:157} INFO - Started process (PID=1585) to work on /home/airflow/.local/lib/python3.8/site-packages/airflow/example_dags/example_skip_dag.py
[2024-06-27T20:44:34.422+0000] {processor.py:829} INFO - Processing file /home/airflow/.local/lib/python3.8/site-packages/airflow/example_dags/example_skip_dag.py for tasks to queue
[2024-06-27T20:44:34.423+0000] {logging_mixin.py:151} INFO - [2024-06-27T20:44:34.423+0000] {dagbag.py:539} INFO - Filling up the DagBag from /home/airflow/.local/lib/python3.8/site-packages/airflow/example_dags/example_skip_dag.py
[2024-06-27T20:44:34.430+0000] {processor.py:839} INFO - DAG(s) dict_keys(['example_skip_dag']) retrieved from /home/airflow/.local/lib/python3.8/site-packages/airflow/example_dags/example_skip_dag.py
[2024-06-27T20:44:34.455+0000] {logging_mixin.py:151} INFO - [2024-06-27T20:44:34.455+0000] {dag.py:2915} INFO - Sync 1 DAGs
[2024-06-27T20:44:34.480+0000] {logging_mixin.py:151} INFO - [2024-06-27T20:44:34.479+0000] {dag.py:3696} INFO - Setting next_dagrun for example_skip_dag to 2024-06-26T20:44:34.479719+00:00, run_after=2024-06-27T20:44:34.479719+00:00
[2024-06-27T20:44:34.509+0000] {processor.py:179} INFO - Processing /home/airflow/.local/lib/python3.8/site-packages/airflow/example_dags/example_skip_dag.py took 0.091 seconds
[2024-06-27T20:45:05.300+0000] {processor.py:157} INFO - Started process (PID=1828) to work on /home/airflow/.local/lib/python3.8/site-packages/airflow/example_dags/example_skip_dag.py
[2024-06-27T20:45:05.301+0000] {processor.py:829} INFO - Processing file /home/airflow/.local/lib/python3.8/site-packages/airflow/example_dags/example_skip_dag.py for tasks to queue
[2024-06-27T20:45:05.302+0000] {logging_mixin.py:151} INFO - [2024-06-27T20:45:05.302+0000] {dagbag.py:539} INFO - Filling up the DagBag from /home/airflow/.local/lib/python3.8/site-packages/airflow/example_dags/example_skip_dag.py
[2024-06-27T20:45:05.309+0000] {processor.py:839} INFO - DAG(s) dict_keys(['example_skip_dag']) retrieved from /home/airflow/.local/lib/python3.8/site-packages/airflow/example_dags/example_skip_dag.py
[2024-06-27T20:45:05.331+0000] {logging_mixin.py:151} INFO - [2024-06-27T20:45:05.331+0000] {dag.py:2915} INFO - Sync 1 DAGs
[2024-06-27T20:45:05.354+0000] {logging_mixin.py:151} INFO - [2024-06-27T20:45:05.354+0000] {dag.py:3696} INFO - Setting next_dagrun for example_skip_dag to 2024-06-26T20:45:05.354493+00:00, run_after=2024-06-27T20:45:05.354493+00:00
[2024-06-27T20:45:05.375+0000] {processor.py:179} INFO - Processing /home/airflow/.local/lib/python3.8/site-packages/airflow/example_dags/example_skip_dag.py took 0.077 seconds
[2024-06-27T20:45:35.568+0000] {processor.py:157} INFO - Started process (PID=2065) to work on /home/airflow/.local/lib/python3.8/site-packages/airflow/example_dags/example_skip_dag.py
[2024-06-27T20:45:35.569+0000] {processor.py:829} INFO - Processing file /home/airflow/.local/lib/python3.8/site-packages/airflow/example_dags/example_skip_dag.py for tasks to queue
[2024-06-27T20:45:35.570+0000] {logging_mixin.py:151} INFO - [2024-06-27T20:45:35.570+0000] {dagbag.py:539} INFO - Filling up the DagBag from /home/airflow/.local/lib/python3.8/site-packages/airflow/example_dags/example_skip_dag.py
[2024-06-27T20:45:35.578+0000] {processor.py:839} INFO - DAG(s) dict_keys(['example_skip_dag']) retrieved from /home/airflow/.local/lib/python3.8/site-packages/airflow/example_dags/example_skip_dag.py
[2024-06-27T20:45:35.600+0000] {logging_mixin.py:151} INFO - [2024-06-27T20:45:35.600+0000] {dag.py:2915} INFO - Sync 1 DAGs
[2024-06-27T20:45:35.629+0000] {logging_mixin.py:151} INFO - [2024-06-27T20:45:35.628+0000] {dag.py:3696} INFO - Setting next_dagrun for example_skip_dag to 2024-06-26T20:45:35.628504+00:00, run_after=2024-06-27T20:45:35.628504+00:00
[2024-06-27T20:45:35.651+0000] {processor.py:179} INFO - Processing /home/airflow/.local/lib/python3.8/site-packages/airflow/example_dags/example_skip_dag.py took 0.086 seconds
[2024-06-27T20:46:05.731+0000] {processor.py:157} INFO - Started process (PID=2308) to work on /home/airflow/.local/lib/python3.8/site-packages/airflow/example_dags/example_skip_dag.py
[2024-06-27T20:46:05.732+0000] {processor.py:829} INFO - Processing file /home/airflow/.local/lib/python3.8/site-packages/airflow/example_dags/example_skip_dag.py for tasks to queue
[2024-06-27T20:46:05.733+0000] {logging_mixin.py:151} INFO - [2024-06-27T20:46:05.733+0000] {dagbag.py:539} INFO - Filling up the DagBag from /home/airflow/.local/lib/python3.8/site-packages/airflow/example_dags/example_skip_dag.py
[2024-06-27T20:46:05.741+0000] {processor.py:839} INFO - DAG(s) dict_keys(['example_skip_dag']) retrieved from /home/airflow/.local/lib/python3.8/site-packages/airflow/example_dags/example_skip_dag.py
[2024-06-27T20:46:05.764+0000] {logging_mixin.py:151} INFO - [2024-06-27T20:46:05.763+0000] {dag.py:2915} INFO - Sync 1 DAGs
[2024-06-27T20:46:05.797+0000] {logging_mixin.py:151} INFO - [2024-06-27T20:46:05.797+0000] {dag.py:3696} INFO - Setting next_dagrun for example_skip_dag to 2024-06-26T20:46:05.796669+00:00, run_after=2024-06-27T20:46:05.796669+00:00
[2024-06-27T20:46:05.819+0000] {processor.py:179} INFO - Processing /home/airflow/.local/lib/python3.8/site-packages/airflow/example_dags/example_skip_dag.py took 0.091 seconds
[2024-06-27T20:46:36.713+0000] {processor.py:157} INFO - Started process (PID=2551) to work on /home/airflow/.local/lib/python3.8/site-packages/airflow/example_dags/example_skip_dag.py
[2024-06-27T20:46:36.714+0000] {processor.py:829} INFO - Processing file /home/airflow/.local/lib/python3.8/site-packages/airflow/example_dags/example_skip_dag.py for tasks to queue
[2024-06-27T20:46:36.715+0000] {logging_mixin.py:151} INFO - [2024-06-27T20:46:36.715+0000] {dagbag.py:539} INFO - Filling up the DagBag from /home/airflow/.local/lib/python3.8/site-packages/airflow/example_dags/example_skip_dag.py
[2024-06-27T20:46:36.722+0000] {processor.py:839} INFO - DAG(s) dict_keys(['example_skip_dag']) retrieved from /home/airflow/.local/lib/python3.8/site-packages/airflow/example_dags/example_skip_dag.py
[2024-06-27T20:46:36.742+0000] {logging_mixin.py:151} INFO - [2024-06-27T20:46:36.742+0000] {dag.py:2915} INFO - Sync 1 DAGs
[2024-06-27T20:46:36.764+0000] {logging_mixin.py:151} INFO - [2024-06-27T20:46:36.763+0000] {dag.py:3696} INFO - Setting next_dagrun for example_skip_dag to 2024-06-26T20:46:36.763708+00:00, run_after=2024-06-27T20:46:36.763708+00:00
[2024-06-27T20:46:36.781+0000] {processor.py:179} INFO - Processing /home/airflow/.local/lib/python3.8/site-packages/airflow/example_dags/example_skip_dag.py took 0.071 seconds
[2024-06-27T20:47:07.606+0000] {processor.py:157} INFO - Started process (PID=2794) to work on /home/airflow/.local/lib/python3.8/site-packages/airflow/example_dags/example_skip_dag.py
[2024-06-27T20:47:07.607+0000] {processor.py:829} INFO - Processing file /home/airflow/.local/lib/python3.8/site-packages/airflow/example_dags/example_skip_dag.py for tasks to queue
[2024-06-27T20:47:07.607+0000] {logging_mixin.py:151} INFO - [2024-06-27T20:47:07.607+0000] {dagbag.py:539} INFO - Filling up the DagBag from /home/airflow/.local/lib/python3.8/site-packages/airflow/example_dags/example_skip_dag.py
[2024-06-27T20:47:07.614+0000] {processor.py:839} INFO - DAG(s) dict_keys(['example_skip_dag']) retrieved from /home/airflow/.local/lib/python3.8/site-packages/airflow/example_dags/example_skip_dag.py
[2024-06-27T20:47:07.633+0000] {logging_mixin.py:151} INFO - [2024-06-27T20:47:07.633+0000] {dag.py:2915} INFO - Sync 1 DAGs
[2024-06-27T20:47:07.654+0000] {logging_mixin.py:151} INFO - [2024-06-27T20:47:07.654+0000] {dag.py:3696} INFO - Setting next_dagrun for example_skip_dag to 2024-06-26T20:47:07.654187+00:00, run_after=2024-06-27T20:47:07.654187+00:00
[2024-06-27T20:47:07.671+0000] {processor.py:179} INFO - Processing /home/airflow/.local/lib/python3.8/site-packages/airflow/example_dags/example_skip_dag.py took 0.068 seconds
[2024-06-27T20:47:38.615+0000] {processor.py:157} INFO - Started process (PID=3037) to work on /home/airflow/.local/lib/python3.8/site-packages/airflow/example_dags/example_skip_dag.py
[2024-06-27T20:47:38.616+0000] {processor.py:829} INFO - Processing file /home/airflow/.local/lib/python3.8/site-packages/airflow/example_dags/example_skip_dag.py for tasks to queue
[2024-06-27T20:47:38.616+0000] {logging_mixin.py:151} INFO - [2024-06-27T20:47:38.616+0000] {dagbag.py:539} INFO - Filling up the DagBag from /home/airflow/.local/lib/python3.8/site-packages/airflow/example_dags/example_skip_dag.py
[2024-06-27T20:47:38.623+0000] {processor.py:839} INFO - DAG(s) dict_keys(['example_skip_dag']) retrieved from /home/airflow/.local/lib/python3.8/site-packages/airflow/example_dags/example_skip_dag.py
[2024-06-27T20:47:38.643+0000] {logging_mixin.py:151} INFO - [2024-06-27T20:47:38.643+0000] {dag.py:2915} INFO - Sync 1 DAGs
[2024-06-27T20:47:38.666+0000] {logging_mixin.py:151} INFO - [2024-06-27T20:47:38.665+0000] {dag.py:3696} INFO - Setting next_dagrun for example_skip_dag to 2024-06-26T20:47:38.665533+00:00, run_after=2024-06-27T20:47:38.665533+00:00
[2024-06-27T20:47:38.689+0000] {processor.py:179} INFO - Processing /home/airflow/.local/lib/python3.8/site-packages/airflow/example_dags/example_skip_dag.py took 0.077 seconds
[2024-06-27T20:48:09.503+0000] {processor.py:157} INFO - Started process (PID=3281) to work on /home/airflow/.local/lib/python3.8/site-packages/airflow/example_dags/example_skip_dag.py
[2024-06-27T20:48:09.504+0000] {processor.py:829} INFO - Processing file /home/airflow/.local/lib/python3.8/site-packages/airflow/example_dags/example_skip_dag.py for tasks to queue
[2024-06-27T20:48:09.505+0000] {logging_mixin.py:151} INFO - [2024-06-27T20:48:09.504+0000] {dagbag.py:539} INFO - Filling up the DagBag from /home/airflow/.local/lib/python3.8/site-packages/airflow/example_dags/example_skip_dag.py
[2024-06-27T20:48:09.512+0000] {processor.py:839} INFO - DAG(s) dict_keys(['example_skip_dag']) retrieved from /home/airflow/.local/lib/python3.8/site-packages/airflow/example_dags/example_skip_dag.py
[2024-06-27T20:48:09.534+0000] {logging_mixin.py:151} INFO - [2024-06-27T20:48:09.533+0000] {dag.py:2915} INFO - Sync 1 DAGs
[2024-06-27T20:48:09.556+0000] {logging_mixin.py:151} INFO - [2024-06-27T20:48:09.556+0000] {dag.py:3696} INFO - Setting next_dagrun for example_skip_dag to 2024-06-26T20:48:09.556075+00:00, run_after=2024-06-27T20:48:09.556075+00:00
[2024-06-27T20:48:09.577+0000] {processor.py:179} INFO - Processing /home/airflow/.local/lib/python3.8/site-packages/airflow/example_dags/example_skip_dag.py took 0.077 seconds
[2024-06-27T20:48:40.350+0000] {processor.py:157} INFO - Started process (PID=3524) to work on /home/airflow/.local/lib/python3.8/site-packages/airflow/example_dags/example_skip_dag.py
[2024-06-27T20:48:40.351+0000] {processor.py:829} INFO - Processing file /home/airflow/.local/lib/python3.8/site-packages/airflow/example_dags/example_skip_dag.py for tasks to queue
[2024-06-27T20:48:40.352+0000] {logging_mixin.py:151} INFO - [2024-06-27T20:48:40.352+0000] {dagbag.py:539} INFO - Filling up the DagBag from /home/airflow/.local/lib/python3.8/site-packages/airflow/example_dags/example_skip_dag.py
[2024-06-27T20:48:40.362+0000] {processor.py:839} INFO - DAG(s) dict_keys(['example_skip_dag']) retrieved from /home/airflow/.local/lib/python3.8/site-packages/airflow/example_dags/example_skip_dag.py
[2024-06-27T20:48:40.384+0000] {logging_mixin.py:151} INFO - [2024-06-27T20:48:40.384+0000] {dag.py:2915} INFO - Sync 1 DAGs
[2024-06-27T20:48:40.409+0000] {logging_mixin.py:151} INFO - [2024-06-27T20:48:40.409+0000] {dag.py:3696} INFO - Setting next_dagrun for example_skip_dag to 2024-06-26T20:48:40.408916+00:00, run_after=2024-06-27T20:48:40.408916+00:00
[2024-06-27T20:48:40.431+0000] {processor.py:179} INFO - Processing /home/airflow/.local/lib/python3.8/site-packages/airflow/example_dags/example_skip_dag.py took 0.084 seconds
[2024-06-27T20:49:10.471+0000] {processor.py:157} INFO - Started process (PID=3762) to work on /home/airflow/.local/lib/python3.8/site-packages/airflow/example_dags/example_skip_dag.py
[2024-06-27T20:49:10.471+0000] {processor.py:829} INFO - Processing file /home/airflow/.local/lib/python3.8/site-packages/airflow/example_dags/example_skip_dag.py for tasks to queue
[2024-06-27T20:49:10.472+0000] {logging_mixin.py:151} INFO - [2024-06-27T20:49:10.472+0000] {dagbag.py:539} INFO - Filling up the DagBag from /home/airflow/.local/lib/python3.8/site-packages/airflow/example_dags/example_skip_dag.py
[2024-06-27T20:49:10.479+0000] {processor.py:839} INFO - DAG(s) dict_keys(['example_skip_dag']) retrieved from /home/airflow/.local/lib/python3.8/site-packages/airflow/example_dags/example_skip_dag.py
[2024-06-27T20:49:10.501+0000] {logging_mixin.py:151} INFO - [2024-06-27T20:49:10.501+0000] {dag.py:2915} INFO - Sync 1 DAGs
[2024-06-27T20:49:10.527+0000] {logging_mixin.py:151} INFO - [2024-06-27T20:49:10.526+0000] {dag.py:3696} INFO - Setting next_dagrun for example_skip_dag to 2024-06-26T20:49:10.526382+00:00, run_after=2024-06-27T20:49:10.526382+00:00
[2024-06-27T20:49:10.549+0000] {processor.py:179} INFO - Processing /home/airflow/.local/lib/python3.8/site-packages/airflow/example_dags/example_skip_dag.py took 0.082 seconds
[2024-06-27T20:49:40.682+0000] {processor.py:157} INFO - Started process (PID=4005) to work on /home/airflow/.local/lib/python3.8/site-packages/airflow/example_dags/example_skip_dag.py
[2024-06-27T20:49:40.683+0000] {processor.py:829} INFO - Processing file /home/airflow/.local/lib/python3.8/site-packages/airflow/example_dags/example_skip_dag.py for tasks to queue
[2024-06-27T20:49:40.684+0000] {logging_mixin.py:151} INFO - [2024-06-27T20:49:40.684+0000] {dagbag.py:539} INFO - Filling up the DagBag from /home/airflow/.local/lib/python3.8/site-packages/airflow/example_dags/example_skip_dag.py
[2024-06-27T20:49:40.691+0000] {processor.py:839} INFO - DAG(s) dict_keys(['example_skip_dag']) retrieved from /home/airflow/.local/lib/python3.8/site-packages/airflow/example_dags/example_skip_dag.py
[2024-06-27T20:49:40.712+0000] {logging_mixin.py:151} INFO - [2024-06-27T20:49:40.711+0000] {dag.py:2915} INFO - Sync 1 DAGs
[2024-06-27T20:49:40.732+0000] {logging_mixin.py:151} INFO - [2024-06-27T20:49:40.732+0000] {dag.py:3696} INFO - Setting next_dagrun for example_skip_dag to 2024-06-26T20:49:40.732288+00:00, run_after=2024-06-27T20:49:40.732288+00:00
[2024-06-27T20:49:40.750+0000] {processor.py:179} INFO - Processing /home/airflow/.local/lib/python3.8/site-packages/airflow/example_dags/example_skip_dag.py took 0.071 seconds
