[2024-06-27T20:41:59.966+0000] {processor.py:157} INFO - Started process (PID=336) to work on /home/airflow/.local/lib/python3.8/site-packages/airflow/example_dags/example_short_circuit_decorator.py
[2024-06-27T20:41:59.967+0000] {processor.py:829} INFO - Processing file /home/airflow/.local/lib/python3.8/site-packages/airflow/example_dags/example_short_circuit_decorator.py for tasks to queue
[2024-06-27T20:41:59.969+0000] {logging_mixin.py:151} INFO - [2024-06-27T20:41:59.968+0000] {dagbag.py:539} INFO - Filling up the DagBag from /home/airflow/.local/lib/python3.8/site-packages/airflow/example_dags/example_short_circuit_decorator.py
[2024-06-27T20:41:59.987+0000] {processor.py:839} INFO - DAG(s) dict_keys(['example_short_circuit_decorator']) retrieved from /home/airflow/.local/lib/python3.8/site-packages/airflow/example_dags/example_short_circuit_decorator.py
[2024-06-27T20:42:00.224+0000] {logging_mixin.py:151} INFO - [2024-06-27T20:42:00.224+0000] {manager.py:499} INFO - Created Permission View: %s
[2024-06-27T20:42:00.235+0000] {logging_mixin.py:151} INFO - [2024-06-27T20:42:00.234+0000] {manager.py:499} INFO - Created Permission View: %s
[2024-06-27T20:42:00.243+0000] {logging_mixin.py:151} INFO - [2024-06-27T20:42:00.243+0000] {manager.py:499} INFO - Created Permission View: %s
[2024-06-27T20:42:00.243+0000] {logging_mixin.py:151} INFO - [2024-06-27T20:42:00.243+0000] {security.py:708} INFO - Not syncing DAG-level permissions for DAG 'DAG:example_short_circuit_decorator' as access control is unset.
[2024-06-27T20:42:00.243+0000] {logging_mixin.py:151} INFO - [2024-06-27T20:42:00.243+0000] {dag.py:2915} INFO - Sync 1 DAGs
[2024-06-27T20:42:00.257+0000] {logging_mixin.py:151} INFO - [2024-06-27T20:42:00.257+0000] {dag.py:2937} INFO - Creating ORM DAG for example_short_circuit_decorator
[2024-06-27T20:42:00.266+0000] {logging_mixin.py:151} INFO - [2024-06-27T20:42:00.266+0000] {dag.py:3696} INFO - Setting next_dagrun for example_short_circuit_decorator to 2024-06-26T20:42:00.266387+00:00, run_after=2024-06-27T20:42:00.266387+00:00
[2024-06-27T20:42:00.283+0000] {processor.py:179} INFO - Processing /home/airflow/.local/lib/python3.8/site-packages/airflow/example_dags/example_short_circuit_decorator.py took 0.321 seconds
[2024-06-27T20:42:31.030+0000] {processor.py:157} INFO - Started process (PID=581) to work on /home/airflow/.local/lib/python3.8/site-packages/airflow/example_dags/example_short_circuit_decorator.py
[2024-06-27T20:42:31.030+0000] {processor.py:829} INFO - Processing file /home/airflow/.local/lib/python3.8/site-packages/airflow/example_dags/example_short_circuit_decorator.py for tasks to queue
[2024-06-27T20:42:31.031+0000] {logging_mixin.py:151} INFO - [2024-06-27T20:42:31.031+0000] {dagbag.py:539} INFO - Filling up the DagBag from /home/airflow/.local/lib/python3.8/site-packages/airflow/example_dags/example_short_circuit_decorator.py
[2024-06-27T20:42:31.043+0000] {processor.py:839} INFO - DAG(s) dict_keys(['example_short_circuit_decorator']) retrieved from /home/airflow/.local/lib/python3.8/site-packages/airflow/example_dags/example_short_circuit_decorator.py
[2024-06-27T20:42:31.073+0000] {logging_mixin.py:151} INFO - [2024-06-27T20:42:31.073+0000] {dag.py:2915} INFO - Sync 1 DAGs
[2024-06-27T20:42:31.101+0000] {logging_mixin.py:151} INFO - [2024-06-27T20:42:31.101+0000] {dag.py:3696} INFO - Setting next_dagrun for example_short_circuit_decorator to 2024-06-26T20:42:31.101091+00:00, run_after=2024-06-27T20:42:31.101091+00:00
[2024-06-27T20:42:31.124+0000] {processor.py:179} INFO - Processing /home/airflow/.local/lib/python3.8/site-packages/airflow/example_dags/example_short_circuit_decorator.py took 0.098 seconds
[2024-06-27T20:43:01.418+0000] {processor.py:157} INFO - Started process (PID=824) to work on /home/airflow/.local/lib/python3.8/site-packages/airflow/example_dags/example_short_circuit_decorator.py
[2024-06-27T20:43:01.419+0000] {processor.py:829} INFO - Processing file /home/airflow/.local/lib/python3.8/site-packages/airflow/example_dags/example_short_circuit_decorator.py for tasks to queue
[2024-06-27T20:43:01.420+0000] {logging_mixin.py:151} INFO - [2024-06-27T20:43:01.419+0000] {dagbag.py:539} INFO - Filling up the DagBag from /home/airflow/.local/lib/python3.8/site-packages/airflow/example_dags/example_short_circuit_decorator.py
[2024-06-27T20:43:01.429+0000] {processor.py:839} INFO - DAG(s) dict_keys(['example_short_circuit_decorator']) retrieved from /home/airflow/.local/lib/python3.8/site-packages/airflow/example_dags/example_short_circuit_decorator.py
[2024-06-27T20:43:01.450+0000] {logging_mixin.py:151} INFO - [2024-06-27T20:43:01.450+0000] {dag.py:2915} INFO - Sync 1 DAGs
[2024-06-27T20:43:01.472+0000] {logging_mixin.py:151} INFO - [2024-06-27T20:43:01.472+0000] {dag.py:3696} INFO - Setting next_dagrun for example_short_circuit_decorator to 2024-06-26T20:43:01.471920+00:00, run_after=2024-06-27T20:43:01.471920+00:00
[2024-06-27T20:43:01.489+0000] {processor.py:179} INFO - Processing /home/airflow/.local/lib/python3.8/site-packages/airflow/example_dags/example_short_circuit_decorator.py took 0.074 seconds
[2024-06-27T20:43:32.100+0000] {processor.py:157} INFO - Started process (PID=1067) to work on /home/airflow/.local/lib/python3.8/site-packages/airflow/example_dags/example_short_circuit_decorator.py
[2024-06-27T20:43:32.100+0000] {processor.py:829} INFO - Processing file /home/airflow/.local/lib/python3.8/site-packages/airflow/example_dags/example_short_circuit_decorator.py for tasks to queue
[2024-06-27T20:43:32.101+0000] {logging_mixin.py:151} INFO - [2024-06-27T20:43:32.101+0000] {dagbag.py:539} INFO - Filling up the DagBag from /home/airflow/.local/lib/python3.8/site-packages/airflow/example_dags/example_short_circuit_decorator.py
[2024-06-27T20:43:32.110+0000] {processor.py:839} INFO - DAG(s) dict_keys(['example_short_circuit_decorator']) retrieved from /home/airflow/.local/lib/python3.8/site-packages/airflow/example_dags/example_short_circuit_decorator.py
[2024-06-27T20:43:32.132+0000] {logging_mixin.py:151} INFO - [2024-06-27T20:43:32.132+0000] {dag.py:2915} INFO - Sync 1 DAGs
[2024-06-27T20:43:32.154+0000] {logging_mixin.py:151} INFO - [2024-06-27T20:43:32.154+0000] {dag.py:3696} INFO - Setting next_dagrun for example_short_circuit_decorator to 2024-06-26T20:43:32.153780+00:00, run_after=2024-06-27T20:43:32.153780+00:00
[2024-06-27T20:43:32.172+0000] {processor.py:179} INFO - Processing /home/airflow/.local/lib/python3.8/site-packages/airflow/example_dags/example_short_circuit_decorator.py took 0.075 seconds
[2024-06-27T20:44:02.329+0000] {processor.py:157} INFO - Started process (PID=1308) to work on /home/airflow/.local/lib/python3.8/site-packages/airflow/example_dags/example_short_circuit_decorator.py
[2024-06-27T20:44:02.330+0000] {processor.py:829} INFO - Processing file /home/airflow/.local/lib/python3.8/site-packages/airflow/example_dags/example_short_circuit_decorator.py for tasks to queue
[2024-06-27T20:44:02.331+0000] {logging_mixin.py:151} INFO - [2024-06-27T20:44:02.331+0000] {dagbag.py:539} INFO - Filling up the DagBag from /home/airflow/.local/lib/python3.8/site-packages/airflow/example_dags/example_short_circuit_decorator.py
[2024-06-27T20:44:02.347+0000] {processor.py:839} INFO - DAG(s) dict_keys(['example_short_circuit_decorator']) retrieved from /home/airflow/.local/lib/python3.8/site-packages/airflow/example_dags/example_short_circuit_decorator.py
[2024-06-27T20:44:02.376+0000] {logging_mixin.py:151} INFO - [2024-06-27T20:44:02.375+0000] {dag.py:2915} INFO - Sync 1 DAGs
[2024-06-27T20:44:02.405+0000] {logging_mixin.py:151} INFO - [2024-06-27T20:44:02.404+0000] {dag.py:3696} INFO - Setting next_dagrun for example_short_circuit_decorator to 2024-06-26T20:44:02.404675+00:00, run_after=2024-06-27T20:44:02.404675+00:00
[2024-06-27T20:44:02.429+0000] {processor.py:179} INFO - Processing /home/airflow/.local/lib/python3.8/site-packages/airflow/example_dags/example_short_circuit_decorator.py took 0.106 seconds
[2024-06-27T20:44:32.712+0000] {processor.py:157} INFO - Started process (PID=1550) to work on /home/airflow/.local/lib/python3.8/site-packages/airflow/example_dags/example_short_circuit_decorator.py
[2024-06-27T20:44:32.713+0000] {processor.py:829} INFO - Processing file /home/airflow/.local/lib/python3.8/site-packages/airflow/example_dags/example_short_circuit_decorator.py for tasks to queue
[2024-06-27T20:44:32.714+0000] {logging_mixin.py:151} INFO - [2024-06-27T20:44:32.714+0000] {dagbag.py:539} INFO - Filling up the DagBag from /home/airflow/.local/lib/python3.8/site-packages/airflow/example_dags/example_short_circuit_decorator.py
[2024-06-27T20:44:32.727+0000] {processor.py:839} INFO - DAG(s) dict_keys(['example_short_circuit_decorator']) retrieved from /home/airflow/.local/lib/python3.8/site-packages/airflow/example_dags/example_short_circuit_decorator.py
[2024-06-27T20:44:32.770+0000] {logging_mixin.py:151} INFO - [2024-06-27T20:44:32.769+0000] {dag.py:2915} INFO - Sync 1 DAGs
[2024-06-27T20:44:32.818+0000] {logging_mixin.py:151} INFO - [2024-06-27T20:44:32.818+0000] {dag.py:3696} INFO - Setting next_dagrun for example_short_circuit_decorator to 2024-06-26T20:44:32.818231+00:00, run_after=2024-06-27T20:44:32.818231+00:00
[2024-06-27T20:44:32.856+0000] {processor.py:179} INFO - Processing /home/airflow/.local/lib/python3.8/site-packages/airflow/example_dags/example_short_circuit_decorator.py took 0.149 seconds
[2024-06-27T20:45:03.764+0000] {processor.py:157} INFO - Started process (PID=1793) to work on /home/airflow/.local/lib/python3.8/site-packages/airflow/example_dags/example_short_circuit_decorator.py
[2024-06-27T20:45:03.765+0000] {processor.py:829} INFO - Processing file /home/airflow/.local/lib/python3.8/site-packages/airflow/example_dags/example_short_circuit_decorator.py for tasks to queue
[2024-06-27T20:45:03.766+0000] {logging_mixin.py:151} INFO - [2024-06-27T20:45:03.766+0000] {dagbag.py:539} INFO - Filling up the DagBag from /home/airflow/.local/lib/python3.8/site-packages/airflow/example_dags/example_short_circuit_decorator.py
[2024-06-27T20:45:03.781+0000] {processor.py:839} INFO - DAG(s) dict_keys(['example_short_circuit_decorator']) retrieved from /home/airflow/.local/lib/python3.8/site-packages/airflow/example_dags/example_short_circuit_decorator.py
[2024-06-27T20:45:03.805+0000] {logging_mixin.py:151} INFO - [2024-06-27T20:45:03.805+0000] {dag.py:2915} INFO - Sync 1 DAGs
[2024-06-27T20:45:03.827+0000] {logging_mixin.py:151} INFO - [2024-06-27T20:45:03.826+0000] {dag.py:3696} INFO - Setting next_dagrun for example_short_circuit_decorator to 2024-06-26T20:45:03.826587+00:00, run_after=2024-06-27T20:45:03.826587+00:00
[2024-06-27T20:45:03.847+0000] {processor.py:179} INFO - Processing /home/airflow/.local/lib/python3.8/site-packages/airflow/example_dags/example_short_circuit_decorator.py took 0.087 seconds
[2024-06-27T20:45:33.918+0000] {processor.py:157} INFO - Started process (PID=2032) to work on /home/airflow/.local/lib/python3.8/site-packages/airflow/example_dags/example_short_circuit_decorator.py
[2024-06-27T20:45:33.919+0000] {processor.py:829} INFO - Processing file /home/airflow/.local/lib/python3.8/site-packages/airflow/example_dags/example_short_circuit_decorator.py for tasks to queue
[2024-06-27T20:45:33.920+0000] {logging_mixin.py:151} INFO - [2024-06-27T20:45:33.920+0000] {dagbag.py:539} INFO - Filling up the DagBag from /home/airflow/.local/lib/python3.8/site-packages/airflow/example_dags/example_short_circuit_decorator.py
[2024-06-27T20:45:33.930+0000] {processor.py:839} INFO - DAG(s) dict_keys(['example_short_circuit_decorator']) retrieved from /home/airflow/.local/lib/python3.8/site-packages/airflow/example_dags/example_short_circuit_decorator.py
[2024-06-27T20:45:33.955+0000] {logging_mixin.py:151} INFO - [2024-06-27T20:45:33.955+0000] {dag.py:2915} INFO - Sync 1 DAGs
[2024-06-27T20:45:33.980+0000] {logging_mixin.py:151} INFO - [2024-06-27T20:45:33.980+0000] {dag.py:3696} INFO - Setting next_dagrun for example_short_circuit_decorator to 2024-06-26T20:45:33.980034+00:00, run_after=2024-06-27T20:45:33.980034+00:00
[2024-06-27T20:45:34.003+0000] {processor.py:179} INFO - Processing /home/airflow/.local/lib/python3.8/site-packages/airflow/example_dags/example_short_circuit_decorator.py took 0.088 seconds
[2024-06-27T20:46:04.192+0000] {processor.py:157} INFO - Started process (PID=2275) to work on /home/airflow/.local/lib/python3.8/site-packages/airflow/example_dags/example_short_circuit_decorator.py
[2024-06-27T20:46:04.193+0000] {processor.py:829} INFO - Processing file /home/airflow/.local/lib/python3.8/site-packages/airflow/example_dags/example_short_circuit_decorator.py for tasks to queue
[2024-06-27T20:46:04.193+0000] {logging_mixin.py:151} INFO - [2024-06-27T20:46:04.193+0000] {dagbag.py:539} INFO - Filling up the DagBag from /home/airflow/.local/lib/python3.8/site-packages/airflow/example_dags/example_short_circuit_decorator.py
[2024-06-27T20:46:04.203+0000] {processor.py:839} INFO - DAG(s) dict_keys(['example_short_circuit_decorator']) retrieved from /home/airflow/.local/lib/python3.8/site-packages/airflow/example_dags/example_short_circuit_decorator.py
[2024-06-27T20:46:04.232+0000] {logging_mixin.py:151} INFO - [2024-06-27T20:46:04.232+0000] {dag.py:2915} INFO - Sync 1 DAGs
[2024-06-27T20:46:04.255+0000] {logging_mixin.py:151} INFO - [2024-06-27T20:46:04.255+0000] {dag.py:3696} INFO - Setting next_dagrun for example_short_circuit_decorator to 2024-06-26T20:46:04.255519+00:00, run_after=2024-06-27T20:46:04.255519+00:00
[2024-06-27T20:46:04.272+0000] {processor.py:179} INFO - Processing /home/airflow/.local/lib/python3.8/site-packages/airflow/example_dags/example_short_circuit_decorator.py took 0.085 seconds
[2024-06-27T20:46:35.256+0000] {processor.py:157} INFO - Started process (PID=2518) to work on /home/airflow/.local/lib/python3.8/site-packages/airflow/example_dags/example_short_circuit_decorator.py
[2024-06-27T20:46:35.257+0000] {processor.py:829} INFO - Processing file /home/airflow/.local/lib/python3.8/site-packages/airflow/example_dags/example_short_circuit_decorator.py for tasks to queue
[2024-06-27T20:46:35.259+0000] {logging_mixin.py:151} INFO - [2024-06-27T20:46:35.258+0000] {dagbag.py:539} INFO - Filling up the DagBag from /home/airflow/.local/lib/python3.8/site-packages/airflow/example_dags/example_short_circuit_decorator.py
[2024-06-27T20:46:35.273+0000] {processor.py:839} INFO - DAG(s) dict_keys(['example_short_circuit_decorator']) retrieved from /home/airflow/.local/lib/python3.8/site-packages/airflow/example_dags/example_short_circuit_decorator.py
[2024-06-27T20:46:35.303+0000] {logging_mixin.py:151} INFO - [2024-06-27T20:46:35.303+0000] {dag.py:2915} INFO - Sync 1 DAGs
[2024-06-27T20:46:35.330+0000] {logging_mixin.py:151} INFO - [2024-06-27T20:46:35.329+0000] {dag.py:3696} INFO - Setting next_dagrun for example_short_circuit_decorator to 2024-06-26T20:46:35.329597+00:00, run_after=2024-06-27T20:46:35.329597+00:00
[2024-06-27T20:46:35.350+0000] {processor.py:179} INFO - Processing /home/airflow/.local/lib/python3.8/site-packages/airflow/example_dags/example_short_circuit_decorator.py took 0.098 seconds
[2024-06-27T20:47:06.244+0000] {processor.py:157} INFO - Started process (PID=2761) to work on /home/airflow/.local/lib/python3.8/site-packages/airflow/example_dags/example_short_circuit_decorator.py
[2024-06-27T20:47:06.245+0000] {processor.py:829} INFO - Processing file /home/airflow/.local/lib/python3.8/site-packages/airflow/example_dags/example_short_circuit_decorator.py for tasks to queue
[2024-06-27T20:47:06.246+0000] {logging_mixin.py:151} INFO - [2024-06-27T20:47:06.245+0000] {dagbag.py:539} INFO - Filling up the DagBag from /home/airflow/.local/lib/python3.8/site-packages/airflow/example_dags/example_short_circuit_decorator.py
[2024-06-27T20:47:06.257+0000] {processor.py:839} INFO - DAG(s) dict_keys(['example_short_circuit_decorator']) retrieved from /home/airflow/.local/lib/python3.8/site-packages/airflow/example_dags/example_short_circuit_decorator.py
[2024-06-27T20:47:06.281+0000] {logging_mixin.py:151} INFO - [2024-06-27T20:47:06.281+0000] {dag.py:2915} INFO - Sync 1 DAGs
[2024-06-27T20:47:06.309+0000] {logging_mixin.py:151} INFO - [2024-06-27T20:47:06.309+0000] {dag.py:3696} INFO - Setting next_dagrun for example_short_circuit_decorator to 2024-06-26T20:47:06.309360+00:00, run_after=2024-06-27T20:47:06.309360+00:00
[2024-06-27T20:47:06.326+0000] {processor.py:179} INFO - Processing /home/airflow/.local/lib/python3.8/site-packages/airflow/example_dags/example_short_circuit_decorator.py took 0.086 seconds
[2024-06-27T20:47:37.226+0000] {processor.py:157} INFO - Started process (PID=3004) to work on /home/airflow/.local/lib/python3.8/site-packages/airflow/example_dags/example_short_circuit_decorator.py
[2024-06-27T20:47:37.227+0000] {processor.py:829} INFO - Processing file /home/airflow/.local/lib/python3.8/site-packages/airflow/example_dags/example_short_circuit_decorator.py for tasks to queue
[2024-06-27T20:47:37.228+0000] {logging_mixin.py:151} INFO - [2024-06-27T20:47:37.228+0000] {dagbag.py:539} INFO - Filling up the DagBag from /home/airflow/.local/lib/python3.8/site-packages/airflow/example_dags/example_short_circuit_decorator.py
[2024-06-27T20:47:37.237+0000] {processor.py:839} INFO - DAG(s) dict_keys(['example_short_circuit_decorator']) retrieved from /home/airflow/.local/lib/python3.8/site-packages/airflow/example_dags/example_short_circuit_decorator.py
[2024-06-27T20:47:37.267+0000] {logging_mixin.py:151} INFO - [2024-06-27T20:47:37.266+0000] {dag.py:2915} INFO - Sync 1 DAGs
[2024-06-27T20:47:37.299+0000] {logging_mixin.py:151} INFO - [2024-06-27T20:47:37.298+0000] {dag.py:3696} INFO - Setting next_dagrun for example_short_circuit_decorator to 2024-06-26T20:47:37.298377+00:00, run_after=2024-06-27T20:47:37.298377+00:00
[2024-06-27T20:47:37.323+0000] {processor.py:179} INFO - Processing /home/airflow/.local/lib/python3.8/site-packages/airflow/example_dags/example_short_circuit_decorator.py took 0.100 seconds
[2024-06-27T20:48:08.078+0000] {processor.py:157} INFO - Started process (PID=3248) to work on /home/airflow/.local/lib/python3.8/site-packages/airflow/example_dags/example_short_circuit_decorator.py
[2024-06-27T20:48:08.079+0000] {processor.py:829} INFO - Processing file /home/airflow/.local/lib/python3.8/site-packages/airflow/example_dags/example_short_circuit_decorator.py for tasks to queue
[2024-06-27T20:48:08.080+0000] {logging_mixin.py:151} INFO - [2024-06-27T20:48:08.079+0000] {dagbag.py:539} INFO - Filling up the DagBag from /home/airflow/.local/lib/python3.8/site-packages/airflow/example_dags/example_short_circuit_decorator.py
[2024-06-27T20:48:08.092+0000] {processor.py:839} INFO - DAG(s) dict_keys(['example_short_circuit_decorator']) retrieved from /home/airflow/.local/lib/python3.8/site-packages/airflow/example_dags/example_short_circuit_decorator.py
[2024-06-27T20:48:08.115+0000] {logging_mixin.py:151} INFO - [2024-06-27T20:48:08.115+0000] {dag.py:2915} INFO - Sync 1 DAGs
[2024-06-27T20:48:08.139+0000] {logging_mixin.py:151} INFO - [2024-06-27T20:48:08.139+0000] {dag.py:3696} INFO - Setting next_dagrun for example_short_circuit_decorator to 2024-06-26T20:48:08.139078+00:00, run_after=2024-06-27T20:48:08.139078+00:00
[2024-06-27T20:48:08.160+0000] {processor.py:179} INFO - Processing /home/airflow/.local/lib/python3.8/site-packages/airflow/example_dags/example_short_circuit_decorator.py took 0.086 seconds
[2024-06-27T20:48:38.930+0000] {processor.py:157} INFO - Started process (PID=3491) to work on /home/airflow/.local/lib/python3.8/site-packages/airflow/example_dags/example_short_circuit_decorator.py
[2024-06-27T20:48:38.931+0000] {processor.py:829} INFO - Processing file /home/airflow/.local/lib/python3.8/site-packages/airflow/example_dags/example_short_circuit_decorator.py for tasks to queue
[2024-06-27T20:48:38.932+0000] {logging_mixin.py:151} INFO - [2024-06-27T20:48:38.932+0000] {dagbag.py:539} INFO - Filling up the DagBag from /home/airflow/.local/lib/python3.8/site-packages/airflow/example_dags/example_short_circuit_decorator.py
[2024-06-27T20:48:38.945+0000] {processor.py:839} INFO - DAG(s) dict_keys(['example_short_circuit_decorator']) retrieved from /home/airflow/.local/lib/python3.8/site-packages/airflow/example_dags/example_short_circuit_decorator.py
[2024-06-27T20:48:38.974+0000] {logging_mixin.py:151} INFO - [2024-06-27T20:48:38.974+0000] {dag.py:2915} INFO - Sync 1 DAGs
[2024-06-27T20:48:39.001+0000] {logging_mixin.py:151} INFO - [2024-06-27T20:48:39.001+0000] {dag.py:3696} INFO - Setting next_dagrun for example_short_circuit_decorator to 2024-06-26T20:48:39.001454+00:00, run_after=2024-06-27T20:48:39.001454+00:00
[2024-06-27T20:48:39.020+0000] {processor.py:179} INFO - Processing /home/airflow/.local/lib/python3.8/site-packages/airflow/example_dags/example_short_circuit_decorator.py took 0.093 seconds
[2024-06-27T20:49:09.172+0000] {processor.py:157} INFO - Started process (PID=3734) to work on /home/airflow/.local/lib/python3.8/site-packages/airflow/example_dags/example_short_circuit_decorator.py
[2024-06-27T20:49:09.172+0000] {processor.py:829} INFO - Processing file /home/airflow/.local/lib/python3.8/site-packages/airflow/example_dags/example_short_circuit_decorator.py for tasks to queue
[2024-06-27T20:49:09.173+0000] {logging_mixin.py:151} INFO - [2024-06-27T20:49:09.173+0000] {dagbag.py:539} INFO - Filling up the DagBag from /home/airflow/.local/lib/python3.8/site-packages/airflow/example_dags/example_short_circuit_decorator.py
[2024-06-27T20:49:09.188+0000] {processor.py:839} INFO - DAG(s) dict_keys(['example_short_circuit_decorator']) retrieved from /home/airflow/.local/lib/python3.8/site-packages/airflow/example_dags/example_short_circuit_decorator.py
[2024-06-27T20:49:09.221+0000] {logging_mixin.py:151} INFO - [2024-06-27T20:49:09.221+0000] {dag.py:2915} INFO - Sync 1 DAGs
[2024-06-27T20:49:09.242+0000] {logging_mixin.py:151} INFO - [2024-06-27T20:49:09.242+0000] {dag.py:3696} INFO - Setting next_dagrun for example_short_circuit_decorator to 2024-06-26T20:49:09.242331+00:00, run_after=2024-06-27T20:49:09.242331+00:00
[2024-06-27T20:49:09.259+0000] {processor.py:179} INFO - Processing /home/airflow/.local/lib/python3.8/site-packages/airflow/example_dags/example_short_circuit_decorator.py took 0.092 seconds
[2024-06-27T20:49:39.332+0000] {processor.py:157} INFO - Started process (PID=3977) to work on /home/airflow/.local/lib/python3.8/site-packages/airflow/example_dags/example_short_circuit_decorator.py
[2024-06-27T20:49:39.333+0000] {processor.py:829} INFO - Processing file /home/airflow/.local/lib/python3.8/site-packages/airflow/example_dags/example_short_circuit_decorator.py for tasks to queue
[2024-06-27T20:49:39.333+0000] {logging_mixin.py:151} INFO - [2024-06-27T20:49:39.333+0000] {dagbag.py:539} INFO - Filling up the DagBag from /home/airflow/.local/lib/python3.8/site-packages/airflow/example_dags/example_short_circuit_decorator.py
[2024-06-27T20:49:39.342+0000] {processor.py:839} INFO - DAG(s) dict_keys(['example_short_circuit_decorator']) retrieved from /home/airflow/.local/lib/python3.8/site-packages/airflow/example_dags/example_short_circuit_decorator.py
[2024-06-27T20:49:39.363+0000] {logging_mixin.py:151} INFO - [2024-06-27T20:49:39.363+0000] {dag.py:2915} INFO - Sync 1 DAGs
[2024-06-27T20:49:39.383+0000] {logging_mixin.py:151} INFO - [2024-06-27T20:49:39.382+0000] {dag.py:3696} INFO - Setting next_dagrun for example_short_circuit_decorator to 2024-06-26T20:49:39.382686+00:00, run_after=2024-06-27T20:49:39.382686+00:00
[2024-06-27T20:49:39.400+0000] {processor.py:179} INFO - Processing /home/airflow/.local/lib/python3.8/site-packages/airflow/example_dags/example_short_circuit_decorator.py took 0.071 seconds
