[2024-06-27T20:41:53.857+0000] {processor.py:157} INFO - Started process (PID=186) to work on /home/airflow/.local/lib/python3.8/site-packages/airflow/example_dags/example_xcom.py
[2024-06-27T20:41:53.857+0000] {processor.py:829} INFO - Processing file /home/airflow/.local/lib/python3.8/site-packages/airflow/example_dags/example_xcom.py for tasks to queue
[2024-06-27T20:41:53.858+0000] {logging_mixin.py:151} INFO - [2024-06-27T20:41:53.858+0000] {dagbag.py:539} INFO - Filling up the DagBag from /home/airflow/.local/lib/python3.8/site-packages/airflow/example_dags/example_xcom.py
[2024-06-27T20:41:53.869+0000] {processor.py:839} INFO - DAG(s) dict_keys(['example_xcom']) retrieved from /home/airflow/.local/lib/python3.8/site-packages/airflow/example_dags/example_xcom.py
[2024-06-27T20:41:54.104+0000] {logging_mixin.py:151} INFO - [2024-06-27T20:41:54.104+0000] {manager.py:499} INFO - Created Permission View: %s
[2024-06-27T20:41:54.114+0000] {logging_mixin.py:151} INFO - [2024-06-27T20:41:54.114+0000] {manager.py:499} INFO - Created Permission View: %s
[2024-06-27T20:41:54.120+0000] {logging_mixin.py:151} INFO - [2024-06-27T20:41:54.120+0000] {manager.py:499} INFO - Created Permission View: %s
[2024-06-27T20:41:54.121+0000] {logging_mixin.py:151} INFO - [2024-06-27T20:41:54.121+0000] {security.py:708} INFO - Not syncing DAG-level permissions for DAG 'DAG:example_xcom' as access control is unset.
[2024-06-27T20:41:54.121+0000] {logging_mixin.py:151} INFO - [2024-06-27T20:41:54.121+0000] {dag.py:2915} INFO - Sync 1 DAGs
[2024-06-27T20:41:54.131+0000] {logging_mixin.py:151} INFO - [2024-06-27T20:41:54.131+0000] {dag.py:2937} INFO - Creating ORM DAG for example_xcom
[2024-06-27T20:41:54.139+0000] {logging_mixin.py:151} INFO - [2024-06-27T20:41:54.139+0000] {dag.py:3696} INFO - Setting next_dagrun for example_xcom to 2021-01-01T00:00:00+00:00, run_after=2021-01-01T00:00:00+00:00
[2024-06-27T20:41:54.156+0000] {processor.py:179} INFO - Processing /home/airflow/.local/lib/python3.8/site-packages/airflow/example_dags/example_xcom.py took 0.303 seconds
[2024-06-27T20:42:24.948+0000] {processor.py:157} INFO - Started process (PID=429) to work on /home/airflow/.local/lib/python3.8/site-packages/airflow/example_dags/example_xcom.py
[2024-06-27T20:42:24.949+0000] {processor.py:829} INFO - Processing file /home/airflow/.local/lib/python3.8/site-packages/airflow/example_dags/example_xcom.py for tasks to queue
[2024-06-27T20:42:24.949+0000] {logging_mixin.py:151} INFO - [2024-06-27T20:42:24.949+0000] {dagbag.py:539} INFO - Filling up the DagBag from /home/airflow/.local/lib/python3.8/site-packages/airflow/example_dags/example_xcom.py
[2024-06-27T20:42:24.956+0000] {processor.py:839} INFO - DAG(s) dict_keys(['example_xcom']) retrieved from /home/airflow/.local/lib/python3.8/site-packages/airflow/example_dags/example_xcom.py
[2024-06-27T20:42:24.978+0000] {logging_mixin.py:151} INFO - [2024-06-27T20:42:24.978+0000] {dag.py:2915} INFO - Sync 1 DAGs
[2024-06-27T20:42:25.003+0000] {logging_mixin.py:151} INFO - [2024-06-27T20:42:25.003+0000] {dag.py:3696} INFO - Setting next_dagrun for example_xcom to 2021-01-01T00:00:00+00:00, run_after=2021-01-01T00:00:00+00:00
[2024-06-27T20:42:25.022+0000] {processor.py:179} INFO - Processing /home/airflow/.local/lib/python3.8/site-packages/airflow/example_dags/example_xcom.py took 0.077 seconds
[2024-06-27T20:42:55.264+0000] {processor.py:157} INFO - Started process (PID=672) to work on /home/airflow/.local/lib/python3.8/site-packages/airflow/example_dags/example_xcom.py
[2024-06-27T20:42:55.265+0000] {processor.py:829} INFO - Processing file /home/airflow/.local/lib/python3.8/site-packages/airflow/example_dags/example_xcom.py for tasks to queue
[2024-06-27T20:42:55.266+0000] {logging_mixin.py:151} INFO - [2024-06-27T20:42:55.266+0000] {dagbag.py:539} INFO - Filling up the DagBag from /home/airflow/.local/lib/python3.8/site-packages/airflow/example_dags/example_xcom.py
[2024-06-27T20:42:55.275+0000] {processor.py:839} INFO - DAG(s) dict_keys(['example_xcom']) retrieved from /home/airflow/.local/lib/python3.8/site-packages/airflow/example_dags/example_xcom.py
[2024-06-27T20:42:55.303+0000] {logging_mixin.py:151} INFO - [2024-06-27T20:42:55.303+0000] {dag.py:2915} INFO - Sync 1 DAGs
[2024-06-27T20:42:55.343+0000] {logging_mixin.py:151} INFO - [2024-06-27T20:42:55.343+0000] {dag.py:3696} INFO - Setting next_dagrun for example_xcom to 2021-01-01T00:00:00+00:00, run_after=2021-01-01T00:00:00+00:00
[2024-06-27T20:42:55.367+0000] {processor.py:179} INFO - Processing /home/airflow/.local/lib/python3.8/site-packages/airflow/example_dags/example_xcom.py took 0.108 seconds
[2024-06-27T20:43:25.559+0000] {processor.py:157} INFO - Started process (PID=915) to work on /home/airflow/.local/lib/python3.8/site-packages/airflow/example_dags/example_xcom.py
[2024-06-27T20:43:25.560+0000] {processor.py:829} INFO - Processing file /home/airflow/.local/lib/python3.8/site-packages/airflow/example_dags/example_xcom.py for tasks to queue
[2024-06-27T20:43:25.561+0000] {logging_mixin.py:151} INFO - [2024-06-27T20:43:25.560+0000] {dagbag.py:539} INFO - Filling up the DagBag from /home/airflow/.local/lib/python3.8/site-packages/airflow/example_dags/example_xcom.py
[2024-06-27T20:43:25.567+0000] {processor.py:839} INFO - DAG(s) dict_keys(['example_xcom']) retrieved from /home/airflow/.local/lib/python3.8/site-packages/airflow/example_dags/example_xcom.py
[2024-06-27T20:43:25.588+0000] {logging_mixin.py:151} INFO - [2024-06-27T20:43:25.587+0000] {dag.py:2915} INFO - Sync 1 DAGs
[2024-06-27T20:43:25.612+0000] {logging_mixin.py:151} INFO - [2024-06-27T20:43:25.612+0000] {dag.py:3696} INFO - Setting next_dagrun for example_xcom to 2021-01-01T00:00:00+00:00, run_after=2021-01-01T00:00:00+00:00
[2024-06-27T20:43:25.630+0000] {processor.py:179} INFO - Processing /home/airflow/.local/lib/python3.8/site-packages/airflow/example_dags/example_xcom.py took 0.074 seconds
[2024-06-27T20:43:56.084+0000] {processor.py:157} INFO - Started process (PID=1158) to work on /home/airflow/.local/lib/python3.8/site-packages/airflow/example_dags/example_xcom.py
[2024-06-27T20:43:56.085+0000] {processor.py:829} INFO - Processing file /home/airflow/.local/lib/python3.8/site-packages/airflow/example_dags/example_xcom.py for tasks to queue
[2024-06-27T20:43:56.086+0000] {logging_mixin.py:151} INFO - [2024-06-27T20:43:56.085+0000] {dagbag.py:539} INFO - Filling up the DagBag from /home/airflow/.local/lib/python3.8/site-packages/airflow/example_dags/example_xcom.py
[2024-06-27T20:43:56.094+0000] {processor.py:839} INFO - DAG(s) dict_keys(['example_xcom']) retrieved from /home/airflow/.local/lib/python3.8/site-packages/airflow/example_dags/example_xcom.py
[2024-06-27T20:43:56.117+0000] {logging_mixin.py:151} INFO - [2024-06-27T20:43:56.117+0000] {dag.py:2915} INFO - Sync 1 DAGs
[2024-06-27T20:43:56.147+0000] {logging_mixin.py:151} INFO - [2024-06-27T20:43:56.147+0000] {dag.py:3696} INFO - Setting next_dagrun for example_xcom to 2021-01-01T00:00:00+00:00, run_after=2021-01-01T00:00:00+00:00
[2024-06-27T20:43:56.180+0000] {processor.py:179} INFO - Processing /home/airflow/.local/lib/python3.8/site-packages/airflow/example_dags/example_xcom.py took 0.099 seconds
[2024-06-27T20:44:26.415+0000] {processor.py:157} INFO - Started process (PID=1400) to work on /home/airflow/.local/lib/python3.8/site-packages/airflow/example_dags/example_xcom.py
[2024-06-27T20:44:26.416+0000] {processor.py:829} INFO - Processing file /home/airflow/.local/lib/python3.8/site-packages/airflow/example_dags/example_xcom.py for tasks to queue
[2024-06-27T20:44:26.417+0000] {logging_mixin.py:151} INFO - [2024-06-27T20:44:26.416+0000] {dagbag.py:539} INFO - Filling up the DagBag from /home/airflow/.local/lib/python3.8/site-packages/airflow/example_dags/example_xcom.py
[2024-06-27T20:44:26.424+0000] {processor.py:839} INFO - DAG(s) dict_keys(['example_xcom']) retrieved from /home/airflow/.local/lib/python3.8/site-packages/airflow/example_dags/example_xcom.py
[2024-06-27T20:44:26.446+0000] {logging_mixin.py:151} INFO - [2024-06-27T20:44:26.446+0000] {dag.py:2915} INFO - Sync 1 DAGs
[2024-06-27T20:44:26.473+0000] {logging_mixin.py:151} INFO - [2024-06-27T20:44:26.473+0000] {dag.py:3696} INFO - Setting next_dagrun for example_xcom to 2021-01-01T00:00:00+00:00, run_after=2021-01-01T00:00:00+00:00
[2024-06-27T20:44:26.499+0000] {processor.py:179} INFO - Processing /home/airflow/.local/lib/python3.8/site-packages/airflow/example_dags/example_xcom.py took 0.087 seconds
[2024-06-27T20:44:56.974+0000] {processor.py:157} INFO - Started process (PID=1643) to work on /home/airflow/.local/lib/python3.8/site-packages/airflow/example_dags/example_xcom.py
[2024-06-27T20:44:56.975+0000] {processor.py:829} INFO - Processing file /home/airflow/.local/lib/python3.8/site-packages/airflow/example_dags/example_xcom.py for tasks to queue
[2024-06-27T20:44:56.976+0000] {logging_mixin.py:151} INFO - [2024-06-27T20:44:56.976+0000] {dagbag.py:539} INFO - Filling up the DagBag from /home/airflow/.local/lib/python3.8/site-packages/airflow/example_dags/example_xcom.py
[2024-06-27T20:44:56.982+0000] {processor.py:839} INFO - DAG(s) dict_keys(['example_xcom']) retrieved from /home/airflow/.local/lib/python3.8/site-packages/airflow/example_dags/example_xcom.py
[2024-06-27T20:44:57.003+0000] {logging_mixin.py:151} INFO - [2024-06-27T20:44:57.003+0000] {dag.py:2915} INFO - Sync 1 DAGs
[2024-06-27T20:44:57.024+0000] {logging_mixin.py:151} INFO - [2024-06-27T20:44:57.024+0000] {dag.py:3696} INFO - Setting next_dagrun for example_xcom to 2021-01-01T00:00:00+00:00, run_after=2021-01-01T00:00:00+00:00
[2024-06-27T20:44:57.042+0000] {processor.py:179} INFO - Processing /home/airflow/.local/lib/python3.8/site-packages/airflow/example_dags/example_xcom.py took 0.070 seconds
[2024-06-27T20:45:27.357+0000] {processor.py:157} INFO - Started process (PID=1885) to work on /home/airflow/.local/lib/python3.8/site-packages/airflow/example_dags/example_xcom.py
[2024-06-27T20:45:27.358+0000] {processor.py:829} INFO - Processing file /home/airflow/.local/lib/python3.8/site-packages/airflow/example_dags/example_xcom.py for tasks to queue
[2024-06-27T20:45:27.359+0000] {logging_mixin.py:151} INFO - [2024-06-27T20:45:27.359+0000] {dagbag.py:539} INFO - Filling up the DagBag from /home/airflow/.local/lib/python3.8/site-packages/airflow/example_dags/example_xcom.py
[2024-06-27T20:45:27.369+0000] {processor.py:839} INFO - DAG(s) dict_keys(['example_xcom']) retrieved from /home/airflow/.local/lib/python3.8/site-packages/airflow/example_dags/example_xcom.py
[2024-06-27T20:45:27.396+0000] {logging_mixin.py:151} INFO - [2024-06-27T20:45:27.395+0000] {dag.py:2915} INFO - Sync 1 DAGs
[2024-06-27T20:45:27.425+0000] {logging_mixin.py:151} INFO - [2024-06-27T20:45:27.425+0000] {dag.py:3696} INFO - Setting next_dagrun for example_xcom to 2021-01-01T00:00:00+00:00, run_after=2021-01-01T00:00:00+00:00
[2024-06-27T20:45:27.445+0000] {processor.py:179} INFO - Processing /home/airflow/.local/lib/python3.8/site-packages/airflow/example_dags/example_xcom.py took 0.092 seconds
[2024-06-27T20:45:57.551+0000] {processor.py:157} INFO - Started process (PID=2128) to work on /home/airflow/.local/lib/python3.8/site-packages/airflow/example_dags/example_xcom.py
[2024-06-27T20:45:57.552+0000] {processor.py:829} INFO - Processing file /home/airflow/.local/lib/python3.8/site-packages/airflow/example_dags/example_xcom.py for tasks to queue
[2024-06-27T20:45:57.553+0000] {logging_mixin.py:151} INFO - [2024-06-27T20:45:57.552+0000] {dagbag.py:539} INFO - Filling up the DagBag from /home/airflow/.local/lib/python3.8/site-packages/airflow/example_dags/example_xcom.py
[2024-06-27T20:45:57.559+0000] {processor.py:839} INFO - DAG(s) dict_keys(['example_xcom']) retrieved from /home/airflow/.local/lib/python3.8/site-packages/airflow/example_dags/example_xcom.py
[2024-06-27T20:45:57.581+0000] {logging_mixin.py:151} INFO - [2024-06-27T20:45:57.581+0000] {dag.py:2915} INFO - Sync 1 DAGs
[2024-06-27T20:45:57.607+0000] {logging_mixin.py:151} INFO - [2024-06-27T20:45:57.607+0000] {dag.py:3696} INFO - Setting next_dagrun for example_xcom to 2021-01-01T00:00:00+00:00, run_after=2021-01-01T00:00:00+00:00
[2024-06-27T20:45:57.625+0000] {processor.py:179} INFO - Processing /home/airflow/.local/lib/python3.8/site-packages/airflow/example_dags/example_xcom.py took 0.077 seconds
[2024-06-27T20:46:27.704+0000] {processor.py:157} INFO - Started process (PID=2371) to work on /home/airflow/.local/lib/python3.8/site-packages/airflow/example_dags/example_xcom.py
[2024-06-27T20:46:27.781+0000] {processor.py:829} INFO - Processing file /home/airflow/.local/lib/python3.8/site-packages/airflow/example_dags/example_xcom.py for tasks to queue
[2024-06-27T20:46:27.782+0000] {logging_mixin.py:151} INFO - [2024-06-27T20:46:27.781+0000] {dagbag.py:539} INFO - Filling up the DagBag from /home/airflow/.local/lib/python3.8/site-packages/airflow/example_dags/example_xcom.py
[2024-06-27T20:46:27.788+0000] {processor.py:839} INFO - DAG(s) dict_keys(['example_xcom']) retrieved from /home/airflow/.local/lib/python3.8/site-packages/airflow/example_dags/example_xcom.py
[2024-06-27T20:46:27.809+0000] {logging_mixin.py:151} INFO - [2024-06-27T20:46:27.809+0000] {dag.py:2915} INFO - Sync 1 DAGs
[2024-06-27T20:46:27.829+0000] {logging_mixin.py:151} INFO - [2024-06-27T20:46:27.829+0000] {dag.py:3696} INFO - Setting next_dagrun for example_xcom to 2021-01-01T00:00:00+00:00, run_after=2021-01-01T00:00:00+00:00
[2024-06-27T20:46:27.848+0000] {processor.py:179} INFO - Processing /home/airflow/.local/lib/python3.8/site-packages/airflow/example_dags/example_xcom.py took 0.147 seconds
[2024-06-27T20:46:58.746+0000] {processor.py:157} INFO - Started process (PID=2614) to work on /home/airflow/.local/lib/python3.8/site-packages/airflow/example_dags/example_xcom.py
[2024-06-27T20:46:58.747+0000] {processor.py:829} INFO - Processing file /home/airflow/.local/lib/python3.8/site-packages/airflow/example_dags/example_xcom.py for tasks to queue
[2024-06-27T20:46:58.747+0000] {logging_mixin.py:151} INFO - [2024-06-27T20:46:58.747+0000] {dagbag.py:539} INFO - Filling up the DagBag from /home/airflow/.local/lib/python3.8/site-packages/airflow/example_dags/example_xcom.py
[2024-06-27T20:46:58.755+0000] {processor.py:839} INFO - DAG(s) dict_keys(['example_xcom']) retrieved from /home/airflow/.local/lib/python3.8/site-packages/airflow/example_dags/example_xcom.py
[2024-06-27T20:46:58.778+0000] {logging_mixin.py:151} INFO - [2024-06-27T20:46:58.778+0000] {dag.py:2915} INFO - Sync 1 DAGs
[2024-06-27T20:46:58.799+0000] {logging_mixin.py:151} INFO - [2024-06-27T20:46:58.799+0000] {dag.py:3696} INFO - Setting next_dagrun for example_xcom to 2021-01-01T00:00:00+00:00, run_after=2021-01-01T00:00:00+00:00
[2024-06-27T20:46:58.816+0000] {processor.py:179} INFO - Processing /home/airflow/.local/lib/python3.8/site-packages/airflow/example_dags/example_xcom.py took 0.073 seconds
[2024-06-27T20:47:29.676+0000] {processor.py:157} INFO - Started process (PID=2857) to work on /home/airflow/.local/lib/python3.8/site-packages/airflow/example_dags/example_xcom.py
[2024-06-27T20:47:29.677+0000] {processor.py:829} INFO - Processing file /home/airflow/.local/lib/python3.8/site-packages/airflow/example_dags/example_xcom.py for tasks to queue
[2024-06-27T20:47:29.677+0000] {logging_mixin.py:151} INFO - [2024-06-27T20:47:29.677+0000] {dagbag.py:539} INFO - Filling up the DagBag from /home/airflow/.local/lib/python3.8/site-packages/airflow/example_dags/example_xcom.py
[2024-06-27T20:47:29.684+0000] {processor.py:839} INFO - DAG(s) dict_keys(['example_xcom']) retrieved from /home/airflow/.local/lib/python3.8/site-packages/airflow/example_dags/example_xcom.py
[2024-06-27T20:47:29.703+0000] {logging_mixin.py:151} INFO - [2024-06-27T20:47:29.703+0000] {dag.py:2915} INFO - Sync 1 DAGs
[2024-06-27T20:47:29.724+0000] {logging_mixin.py:151} INFO - [2024-06-27T20:47:29.724+0000] {dag.py:3696} INFO - Setting next_dagrun for example_xcom to 2021-01-01T00:00:00+00:00, run_after=2021-01-01T00:00:00+00:00
[2024-06-27T20:47:29.741+0000] {processor.py:179} INFO - Processing /home/airflow/.local/lib/python3.8/site-packages/airflow/example_dags/example_xcom.py took 0.068 seconds
[2024-06-27T20:48:00.595+0000] {processor.py:157} INFO - Started process (PID=3101) to work on /home/airflow/.local/lib/python3.8/site-packages/airflow/example_dags/example_xcom.py
[2024-06-27T20:48:00.596+0000] {processor.py:829} INFO - Processing file /home/airflow/.local/lib/python3.8/site-packages/airflow/example_dags/example_xcom.py for tasks to queue
[2024-06-27T20:48:00.597+0000] {logging_mixin.py:151} INFO - [2024-06-27T20:48:00.597+0000] {dagbag.py:539} INFO - Filling up the DagBag from /home/airflow/.local/lib/python3.8/site-packages/airflow/example_dags/example_xcom.py
[2024-06-27T20:48:00.605+0000] {processor.py:839} INFO - DAG(s) dict_keys(['example_xcom']) retrieved from /home/airflow/.local/lib/python3.8/site-packages/airflow/example_dags/example_xcom.py
[2024-06-27T20:48:00.626+0000] {logging_mixin.py:151} INFO - [2024-06-27T20:48:00.626+0000] {dag.py:2915} INFO - Sync 1 DAGs
[2024-06-27T20:48:00.647+0000] {logging_mixin.py:151} INFO - [2024-06-27T20:48:00.647+0000] {dag.py:3696} INFO - Setting next_dagrun for example_xcom to 2021-01-01T00:00:00+00:00, run_after=2021-01-01T00:00:00+00:00
[2024-06-27T20:48:00.666+0000] {processor.py:179} INFO - Processing /home/airflow/.local/lib/python3.8/site-packages/airflow/example_dags/example_xcom.py took 0.075 seconds
[2024-06-27T20:48:31.462+0000] {processor.py:157} INFO - Started process (PID=3344) to work on /home/airflow/.local/lib/python3.8/site-packages/airflow/example_dags/example_xcom.py
[2024-06-27T20:48:31.462+0000] {processor.py:829} INFO - Processing file /home/airflow/.local/lib/python3.8/site-packages/airflow/example_dags/example_xcom.py for tasks to queue
[2024-06-27T20:48:31.463+0000] {logging_mixin.py:151} INFO - [2024-06-27T20:48:31.463+0000] {dagbag.py:539} INFO - Filling up the DagBag from /home/airflow/.local/lib/python3.8/site-packages/airflow/example_dags/example_xcom.py
[2024-06-27T20:48:31.470+0000] {processor.py:839} INFO - DAG(s) dict_keys(['example_xcom']) retrieved from /home/airflow/.local/lib/python3.8/site-packages/airflow/example_dags/example_xcom.py
[2024-06-27T20:48:31.492+0000] {logging_mixin.py:151} INFO - [2024-06-27T20:48:31.491+0000] {dag.py:2915} INFO - Sync 1 DAGs
[2024-06-27T20:48:31.515+0000] {logging_mixin.py:151} INFO - [2024-06-27T20:48:31.514+0000] {dag.py:3696} INFO - Setting next_dagrun for example_xcom to 2021-01-01T00:00:00+00:00, run_after=2021-01-01T00:00:00+00:00
[2024-06-27T20:48:31.533+0000] {processor.py:179} INFO - Processing /home/airflow/.local/lib/python3.8/site-packages/airflow/example_dags/example_xcom.py took 0.075 seconds
[2024-06-27T20:49:02.399+0000] {processor.py:157} INFO - Started process (PID=3587) to work on /home/airflow/.local/lib/python3.8/site-packages/airflow/example_dags/example_xcom.py
[2024-06-27T20:49:02.400+0000] {processor.py:829} INFO - Processing file /home/airflow/.local/lib/python3.8/site-packages/airflow/example_dags/example_xcom.py for tasks to queue
[2024-06-27T20:49:02.401+0000] {logging_mixin.py:151} INFO - [2024-06-27T20:49:02.401+0000] {dagbag.py:539} INFO - Filling up the DagBag from /home/airflow/.local/lib/python3.8/site-packages/airflow/example_dags/example_xcom.py
[2024-06-27T20:49:02.412+0000] {processor.py:839} INFO - DAG(s) dict_keys(['example_xcom']) retrieved from /home/airflow/.local/lib/python3.8/site-packages/airflow/example_dags/example_xcom.py
[2024-06-27T20:49:02.441+0000] {logging_mixin.py:151} INFO - [2024-06-27T20:49:02.441+0000] {dag.py:2915} INFO - Sync 1 DAGs
[2024-06-27T20:49:02.465+0000] {logging_mixin.py:151} INFO - [2024-06-27T20:49:02.465+0000] {dag.py:3696} INFO - Setting next_dagrun for example_xcom to 2021-01-01T00:00:00+00:00, run_after=2021-01-01T00:00:00+00:00
[2024-06-27T20:49:02.482+0000] {processor.py:179} INFO - Processing /home/airflow/.local/lib/python3.8/site-packages/airflow/example_dags/example_xcom.py took 0.088 seconds
[2024-06-27T20:49:32.805+0000] {processor.py:157} INFO - Started process (PID=3830) to work on /home/airflow/.local/lib/python3.8/site-packages/airflow/example_dags/example_xcom.py
[2024-06-27T20:49:32.806+0000] {processor.py:829} INFO - Processing file /home/airflow/.local/lib/python3.8/site-packages/airflow/example_dags/example_xcom.py for tasks to queue
[2024-06-27T20:49:32.807+0000] {logging_mixin.py:151} INFO - [2024-06-27T20:49:32.806+0000] {dagbag.py:539} INFO - Filling up the DagBag from /home/airflow/.local/lib/python3.8/site-packages/airflow/example_dags/example_xcom.py
[2024-06-27T20:49:32.813+0000] {processor.py:839} INFO - DAG(s) dict_keys(['example_xcom']) retrieved from /home/airflow/.local/lib/python3.8/site-packages/airflow/example_dags/example_xcom.py
[2024-06-27T20:49:32.833+0000] {logging_mixin.py:151} INFO - [2024-06-27T20:49:32.833+0000] {dag.py:2915} INFO - Sync 1 DAGs
[2024-06-27T20:49:32.854+0000] {logging_mixin.py:151} INFO - [2024-06-27T20:49:32.854+0000] {dag.py:3696} INFO - Setting next_dagrun for example_xcom to 2021-01-01T00:00:00+00:00, run_after=2021-01-01T00:00:00+00:00
[2024-06-27T20:49:32.871+0000] {processor.py:179} INFO - Processing /home/airflow/.local/lib/python3.8/site-packages/airflow/example_dags/example_xcom.py took 0.068 seconds
[2024-06-27T20:50:03.735+0000] {processor.py:157} INFO - Started process (PID=4127) to work on /home/airflow/.local/lib/python3.8/site-packages/airflow/example_dags/example_xcom.py
[2024-06-27T20:50:03.736+0000] {processor.py:829} INFO - Processing file /home/airflow/.local/lib/python3.8/site-packages/airflow/example_dags/example_xcom.py for tasks to queue
[2024-06-27T20:50:03.736+0000] {logging_mixin.py:151} INFO - [2024-06-27T20:50:03.736+0000] {dagbag.py:539} INFO - Filling up the DagBag from /home/airflow/.local/lib/python3.8/site-packages/airflow/example_dags/example_xcom.py
[2024-06-27T20:50:03.744+0000] {processor.py:839} INFO - DAG(s) dict_keys(['example_xcom']) retrieved from /home/airflow/.local/lib/python3.8/site-packages/airflow/example_dags/example_xcom.py
[2024-06-27T20:50:04.054+0000] {logging_mixin.py:151} INFO - [2024-06-27T20:50:04.054+0000] {process_utils.py:259} INFO - Waiting up to 5 seconds for processes to exit...
