[2024-06-27T20:42:00.971+0000] {processor.py:157} INFO - Started process (PID=363) to work on /home/airflow/.local/lib/python3.8/site-packages/airflow/example_dags/example_sla_dag.py
[2024-06-27T20:42:00.972+0000] {processor.py:829} INFO - Processing file /home/airflow/.local/lib/python3.8/site-packages/airflow/example_dags/example_sla_dag.py for tasks to queue
[2024-06-27T20:42:00.973+0000] {logging_mixin.py:151} INFO - [2024-06-27T20:42:00.972+0000] {dagbag.py:539} INFO - Filling up the DagBag from /home/airflow/.local/lib/python3.8/site-packages/airflow/example_dags/example_sla_dag.py
[2024-06-27T20:42:00.983+0000] {processor.py:839} INFO - DAG(s) dict_keys(['example_sla_dag']) retrieved from /home/airflow/.local/lib/python3.8/site-packages/airflow/example_dags/example_sla_dag.py
[2024-06-27T20:42:01.292+0000] {logging_mixin.py:151} INFO - [2024-06-27T20:42:01.292+0000] {manager.py:499} INFO - Created Permission View: %s
[2024-06-27T20:42:01.310+0000] {logging_mixin.py:151} INFO - [2024-06-27T20:42:01.310+0000] {manager.py:499} INFO - Created Permission View: %s
[2024-06-27T20:42:01.323+0000] {logging_mixin.py:151} INFO - [2024-06-27T20:42:01.323+0000] {manager.py:499} INFO - Created Permission View: %s
[2024-06-27T20:42:01.324+0000] {logging_mixin.py:151} INFO - [2024-06-27T20:42:01.324+0000] {security.py:708} INFO - Not syncing DAG-level permissions for DAG 'DAG:example_sla_dag' as access control is unset.
[2024-06-27T20:42:01.324+0000] {logging_mixin.py:151} INFO - [2024-06-27T20:42:01.324+0000] {dag.py:2915} INFO - Sync 1 DAGs
[2024-06-27T20:42:01.339+0000] {logging_mixin.py:151} INFO - [2024-06-27T20:42:01.339+0000] {dag.py:2937} INFO - Creating ORM DAG for example_sla_dag
[2024-06-27T20:42:01.357+0000] {logging_mixin.py:151} INFO - [2024-06-27T20:42:01.357+0000] {dag.py:3696} INFO - Setting next_dagrun for example_sla_dag to 2024-06-27T20:40:00+00:00, run_after=2024-06-27T20:42:00+00:00
[2024-06-27T20:42:01.379+0000] {processor.py:179} INFO - Processing /home/airflow/.local/lib/python3.8/site-packages/airflow/example_dags/example_sla_dag.py took 0.412 seconds
[2024-06-27T20:42:32.344+0000] {processor.py:157} INFO - Started process (PID=606) to work on /home/airflow/.local/lib/python3.8/site-packages/airflow/example_dags/example_sla_dag.py
[2024-06-27T20:42:32.345+0000] {processor.py:829} INFO - Processing file /home/airflow/.local/lib/python3.8/site-packages/airflow/example_dags/example_sla_dag.py for tasks to queue
[2024-06-27T20:42:32.345+0000] {logging_mixin.py:151} INFO - [2024-06-27T20:42:32.345+0000] {dagbag.py:539} INFO - Filling up the DagBag from /home/airflow/.local/lib/python3.8/site-packages/airflow/example_dags/example_sla_dag.py
[2024-06-27T20:42:32.353+0000] {processor.py:839} INFO - DAG(s) dict_keys(['example_sla_dag']) retrieved from /home/airflow/.local/lib/python3.8/site-packages/airflow/example_dags/example_sla_dag.py
[2024-06-27T20:42:32.372+0000] {logging_mixin.py:151} INFO - [2024-06-27T20:42:32.372+0000] {dag.py:2915} INFO - Sync 1 DAGs
[2024-06-27T20:42:32.397+0000] {logging_mixin.py:151} INFO - [2024-06-27T20:42:32.397+0000] {dag.py:3696} INFO - Setting next_dagrun for example_sla_dag to 2024-06-27T20:40:00+00:00, run_after=2024-06-27T20:42:00+00:00
[2024-06-27T20:42:32.414+0000] {processor.py:179} INFO - Processing /home/airflow/.local/lib/python3.8/site-packages/airflow/example_dags/example_sla_dag.py took 0.073 seconds
[2024-06-27T20:43:02.683+0000] {processor.py:157} INFO - Started process (PID=849) to work on /home/airflow/.local/lib/python3.8/site-packages/airflow/example_dags/example_sla_dag.py
[2024-06-27T20:43:02.684+0000] {processor.py:829} INFO - Processing file /home/airflow/.local/lib/python3.8/site-packages/airflow/example_dags/example_sla_dag.py for tasks to queue
[2024-06-27T20:43:02.685+0000] {logging_mixin.py:151} INFO - [2024-06-27T20:43:02.684+0000] {dagbag.py:539} INFO - Filling up the DagBag from /home/airflow/.local/lib/python3.8/site-packages/airflow/example_dags/example_sla_dag.py
[2024-06-27T20:43:02.692+0000] {processor.py:839} INFO - DAG(s) dict_keys(['example_sla_dag']) retrieved from /home/airflow/.local/lib/python3.8/site-packages/airflow/example_dags/example_sla_dag.py
[2024-06-27T20:43:02.711+0000] {logging_mixin.py:151} INFO - [2024-06-27T20:43:02.711+0000] {dag.py:2915} INFO - Sync 1 DAGs
[2024-06-27T20:43:02.735+0000] {logging_mixin.py:151} INFO - [2024-06-27T20:43:02.734+0000] {dag.py:3696} INFO - Setting next_dagrun for example_sla_dag to 2024-06-27T20:40:00+00:00, run_after=2024-06-27T20:42:00+00:00
[2024-06-27T20:43:02.752+0000] {processor.py:179} INFO - Processing /home/airflow/.local/lib/python3.8/site-packages/airflow/example_dags/example_sla_dag.py took 0.072 seconds
[2024-06-27T20:43:33.354+0000] {processor.py:157} INFO - Started process (PID=1092) to work on /home/airflow/.local/lib/python3.8/site-packages/airflow/example_dags/example_sla_dag.py
[2024-06-27T20:43:33.355+0000] {processor.py:829} INFO - Processing file /home/airflow/.local/lib/python3.8/site-packages/airflow/example_dags/example_sla_dag.py for tasks to queue
[2024-06-27T20:43:33.356+0000] {logging_mixin.py:151} INFO - [2024-06-27T20:43:33.356+0000] {dagbag.py:539} INFO - Filling up the DagBag from /home/airflow/.local/lib/python3.8/site-packages/airflow/example_dags/example_sla_dag.py
[2024-06-27T20:43:33.364+0000] {processor.py:839} INFO - DAG(s) dict_keys(['example_sla_dag']) retrieved from /home/airflow/.local/lib/python3.8/site-packages/airflow/example_dags/example_sla_dag.py
[2024-06-27T20:43:33.385+0000] {logging_mixin.py:151} INFO - [2024-06-27T20:43:33.385+0000] {dag.py:2915} INFO - Sync 1 DAGs
[2024-06-27T20:43:33.415+0000] {logging_mixin.py:151} INFO - [2024-06-27T20:43:33.415+0000] {dag.py:3696} INFO - Setting next_dagrun for example_sla_dag to 2024-06-27T20:40:00+00:00, run_after=2024-06-27T20:42:00+00:00
[2024-06-27T20:43:33.432+0000] {processor.py:179} INFO - Processing /home/airflow/.local/lib/python3.8/site-packages/airflow/example_dags/example_sla_dag.py took 0.082 seconds
[2024-06-27T20:44:03.632+0000] {processor.py:157} INFO - Started process (PID=1335) to work on /home/airflow/.local/lib/python3.8/site-packages/airflow/example_dags/example_sla_dag.py
[2024-06-27T20:44:03.632+0000] {processor.py:829} INFO - Processing file /home/airflow/.local/lib/python3.8/site-packages/airflow/example_dags/example_sla_dag.py for tasks to queue
[2024-06-27T20:44:03.633+0000] {logging_mixin.py:151} INFO - [2024-06-27T20:44:03.633+0000] {dagbag.py:539} INFO - Filling up the DagBag from /home/airflow/.local/lib/python3.8/site-packages/airflow/example_dags/example_sla_dag.py
[2024-06-27T20:44:03.641+0000] {processor.py:839} INFO - DAG(s) dict_keys(['example_sla_dag']) retrieved from /home/airflow/.local/lib/python3.8/site-packages/airflow/example_dags/example_sla_dag.py
[2024-06-27T20:44:03.660+0000] {logging_mixin.py:151} INFO - [2024-06-27T20:44:03.660+0000] {dag.py:2915} INFO - Sync 1 DAGs
[2024-06-27T20:44:03.683+0000] {logging_mixin.py:151} INFO - [2024-06-27T20:44:03.683+0000] {dag.py:3696} INFO - Setting next_dagrun for example_sla_dag to 2024-06-27T20:42:00+00:00, run_after=2024-06-27T20:44:00+00:00
[2024-06-27T20:44:03.700+0000] {processor.py:179} INFO - Processing /home/airflow/.local/lib/python3.8/site-packages/airflow/example_dags/example_sla_dag.py took 0.071 seconds
[2024-06-27T20:44:34.251+0000] {processor.py:157} INFO - Started process (PID=1577) to work on /home/airflow/.local/lib/python3.8/site-packages/airflow/example_dags/example_sla_dag.py
[2024-06-27T20:44:34.252+0000] {processor.py:829} INFO - Processing file /home/airflow/.local/lib/python3.8/site-packages/airflow/example_dags/example_sla_dag.py for tasks to queue
[2024-06-27T20:44:34.253+0000] {logging_mixin.py:151} INFO - [2024-06-27T20:44:34.253+0000] {dagbag.py:539} INFO - Filling up the DagBag from /home/airflow/.local/lib/python3.8/site-packages/airflow/example_dags/example_sla_dag.py
[2024-06-27T20:44:34.268+0000] {processor.py:839} INFO - DAG(s) dict_keys(['example_sla_dag']) retrieved from /home/airflow/.local/lib/python3.8/site-packages/airflow/example_dags/example_sla_dag.py
[2024-06-27T20:44:34.303+0000] {logging_mixin.py:151} INFO - [2024-06-27T20:44:34.303+0000] {dag.py:2915} INFO - Sync 1 DAGs
[2024-06-27T20:44:34.352+0000] {logging_mixin.py:151} INFO - [2024-06-27T20:44:34.352+0000] {dag.py:3696} INFO - Setting next_dagrun for example_sla_dag to 2024-06-27T20:42:00+00:00, run_after=2024-06-27T20:44:00+00:00
[2024-06-27T20:44:34.394+0000] {processor.py:179} INFO - Processing /home/airflow/.local/lib/python3.8/site-packages/airflow/example_dags/example_sla_dag.py took 0.148 seconds
[2024-06-27T20:45:05.204+0000] {processor.py:157} INFO - Started process (PID=1820) to work on /home/airflow/.local/lib/python3.8/site-packages/airflow/example_dags/example_sla_dag.py
[2024-06-27T20:45:05.205+0000] {processor.py:829} INFO - Processing file /home/airflow/.local/lib/python3.8/site-packages/airflow/example_dags/example_sla_dag.py for tasks to queue
[2024-06-27T20:45:05.206+0000] {logging_mixin.py:151} INFO - [2024-06-27T20:45:05.205+0000] {dagbag.py:539} INFO - Filling up the DagBag from /home/airflow/.local/lib/python3.8/site-packages/airflow/example_dags/example_sla_dag.py
[2024-06-27T20:45:05.215+0000] {processor.py:839} INFO - DAG(s) dict_keys(['example_sla_dag']) retrieved from /home/airflow/.local/lib/python3.8/site-packages/airflow/example_dags/example_sla_dag.py
[2024-06-27T20:45:05.235+0000] {logging_mixin.py:151} INFO - [2024-06-27T20:45:05.235+0000] {dag.py:2915} INFO - Sync 1 DAGs
[2024-06-27T20:45:05.260+0000] {logging_mixin.py:151} INFO - [2024-06-27T20:45:05.260+0000] {dag.py:3696} INFO - Setting next_dagrun for example_sla_dag to 2024-06-27T20:42:00+00:00, run_after=2024-06-27T20:44:00+00:00
[2024-06-27T20:45:05.278+0000] {processor.py:179} INFO - Processing /home/airflow/.local/lib/python3.8/site-packages/airflow/example_dags/example_sla_dag.py took 0.078 seconds
[2024-06-27T20:45:35.560+0000] {processor.py:157} INFO - Started process (PID=2062) to work on /home/airflow/.local/lib/python3.8/site-packages/airflow/example_dags/example_sla_dag.py
[2024-06-27T20:45:35.561+0000] {processor.py:829} INFO - Processing file /home/airflow/.local/lib/python3.8/site-packages/airflow/example_dags/example_sla_dag.py for tasks to queue
[2024-06-27T20:45:35.562+0000] {logging_mixin.py:151} INFO - [2024-06-27T20:45:35.562+0000] {dagbag.py:539} INFO - Filling up the DagBag from /home/airflow/.local/lib/python3.8/site-packages/airflow/example_dags/example_sla_dag.py
[2024-06-27T20:45:35.571+0000] {processor.py:839} INFO - DAG(s) dict_keys(['example_sla_dag']) retrieved from /home/airflow/.local/lib/python3.8/site-packages/airflow/example_dags/example_sla_dag.py
[2024-06-27T20:45:35.598+0000] {logging_mixin.py:151} INFO - [2024-06-27T20:45:35.598+0000] {dag.py:2915} INFO - Sync 1 DAGs
[2024-06-27T20:45:35.640+0000] {logging_mixin.py:151} INFO - [2024-06-27T20:45:35.640+0000] {dag.py:3696} INFO - Setting next_dagrun for example_sla_dag to 2024-06-27T20:42:00+00:00, run_after=2024-06-27T20:44:00+00:00
[2024-06-27T20:45:35.664+0000] {processor.py:179} INFO - Processing /home/airflow/.local/lib/python3.8/site-packages/airflow/example_dags/example_sla_dag.py took 0.109 seconds
[2024-06-27T20:46:05.726+0000] {processor.py:157} INFO - Started process (PID=2305) to work on /home/airflow/.local/lib/python3.8/site-packages/airflow/example_dags/example_sla_dag.py
[2024-06-27T20:46:05.726+0000] {processor.py:829} INFO - Processing file /home/airflow/.local/lib/python3.8/site-packages/airflow/example_dags/example_sla_dag.py for tasks to queue
[2024-06-27T20:46:05.727+0000] {logging_mixin.py:151} INFO - [2024-06-27T20:46:05.727+0000] {dagbag.py:539} INFO - Filling up the DagBag from /home/airflow/.local/lib/python3.8/site-packages/airflow/example_dags/example_sla_dag.py
[2024-06-27T20:46:05.737+0000] {processor.py:839} INFO - DAG(s) dict_keys(['example_sla_dag']) retrieved from /home/airflow/.local/lib/python3.8/site-packages/airflow/example_dags/example_sla_dag.py
[2024-06-27T20:46:05.759+0000] {logging_mixin.py:151} INFO - [2024-06-27T20:46:05.758+0000] {dag.py:2915} INFO - Sync 1 DAGs
[2024-06-27T20:46:05.785+0000] {logging_mixin.py:151} INFO - [2024-06-27T20:46:05.785+0000] {dag.py:3696} INFO - Setting next_dagrun for example_sla_dag to 2024-06-27T20:44:00+00:00, run_after=2024-06-27T20:46:00+00:00
[2024-06-27T20:46:05.806+0000] {processor.py:179} INFO - Processing /home/airflow/.local/lib/python3.8/site-packages/airflow/example_dags/example_sla_dag.py took 0.083 seconds
[2024-06-27T20:46:36.620+0000] {processor.py:157} INFO - Started process (PID=2546) to work on /home/airflow/.local/lib/python3.8/site-packages/airflow/example_dags/example_sla_dag.py
[2024-06-27T20:46:36.621+0000] {processor.py:829} INFO - Processing file /home/airflow/.local/lib/python3.8/site-packages/airflow/example_dags/example_sla_dag.py for tasks to queue
[2024-06-27T20:46:36.622+0000] {logging_mixin.py:151} INFO - [2024-06-27T20:46:36.622+0000] {dagbag.py:539} INFO - Filling up the DagBag from /home/airflow/.local/lib/python3.8/site-packages/airflow/example_dags/example_sla_dag.py
[2024-06-27T20:46:36.631+0000] {processor.py:839} INFO - DAG(s) dict_keys(['example_sla_dag']) retrieved from /home/airflow/.local/lib/python3.8/site-packages/airflow/example_dags/example_sla_dag.py
[2024-06-27T20:46:36.651+0000] {logging_mixin.py:151} INFO - [2024-06-27T20:46:36.650+0000] {dag.py:2915} INFO - Sync 1 DAGs
[2024-06-27T20:46:36.675+0000] {logging_mixin.py:151} INFO - [2024-06-27T20:46:36.675+0000] {dag.py:3696} INFO - Setting next_dagrun for example_sla_dag to 2024-06-27T20:44:00+00:00, run_after=2024-06-27T20:46:00+00:00
[2024-06-27T20:46:36.693+0000] {processor.py:179} INFO - Processing /home/airflow/.local/lib/python3.8/site-packages/airflow/example_dags/example_sla_dag.py took 0.075 seconds
[2024-06-27T20:47:07.512+0000] {processor.py:157} INFO - Started process (PID=2789) to work on /home/airflow/.local/lib/python3.8/site-packages/airflow/example_dags/example_sla_dag.py
[2024-06-27T20:47:07.512+0000] {processor.py:829} INFO - Processing file /home/airflow/.local/lib/python3.8/site-packages/airflow/example_dags/example_sla_dag.py for tasks to queue
[2024-06-27T20:47:07.513+0000] {logging_mixin.py:151} INFO - [2024-06-27T20:47:07.513+0000] {dagbag.py:539} INFO - Filling up the DagBag from /home/airflow/.local/lib/python3.8/site-packages/airflow/example_dags/example_sla_dag.py
[2024-06-27T20:47:07.521+0000] {processor.py:839} INFO - DAG(s) dict_keys(['example_sla_dag']) retrieved from /home/airflow/.local/lib/python3.8/site-packages/airflow/example_dags/example_sla_dag.py
[2024-06-27T20:47:07.540+0000] {logging_mixin.py:151} INFO - [2024-06-27T20:47:07.540+0000] {dag.py:2915} INFO - Sync 1 DAGs
[2024-06-27T20:47:07.564+0000] {logging_mixin.py:151} INFO - [2024-06-27T20:47:07.564+0000] {dag.py:3696} INFO - Setting next_dagrun for example_sla_dag to 2024-06-27T20:44:00+00:00, run_after=2024-06-27T20:46:00+00:00
[2024-06-27T20:47:07.582+0000] {processor.py:179} INFO - Processing /home/airflow/.local/lib/python3.8/site-packages/airflow/example_dags/example_sla_dag.py took 0.073 seconds
[2024-06-27T20:47:38.526+0000] {processor.py:157} INFO - Started process (PID=3032) to work on /home/airflow/.local/lib/python3.8/site-packages/airflow/example_dags/example_sla_dag.py
[2024-06-27T20:47:38.527+0000] {processor.py:829} INFO - Processing file /home/airflow/.local/lib/python3.8/site-packages/airflow/example_dags/example_sla_dag.py for tasks to queue
[2024-06-27T20:47:38.528+0000] {logging_mixin.py:151} INFO - [2024-06-27T20:47:38.528+0000] {dagbag.py:539} INFO - Filling up the DagBag from /home/airflow/.local/lib/python3.8/site-packages/airflow/example_dags/example_sla_dag.py
[2024-06-27T20:47:38.536+0000] {processor.py:839} INFO - DAG(s) dict_keys(['example_sla_dag']) retrieved from /home/airflow/.local/lib/python3.8/site-packages/airflow/example_dags/example_sla_dag.py
[2024-06-27T20:47:38.555+0000] {logging_mixin.py:151} INFO - [2024-06-27T20:47:38.555+0000] {dag.py:2915} INFO - Sync 1 DAGs
[2024-06-27T20:47:38.579+0000] {logging_mixin.py:151} INFO - [2024-06-27T20:47:38.579+0000] {dag.py:3696} INFO - Setting next_dagrun for example_sla_dag to 2024-06-27T20:44:00+00:00, run_after=2024-06-27T20:46:00+00:00
[2024-06-27T20:47:38.595+0000] {processor.py:179} INFO - Processing /home/airflow/.local/lib/python3.8/site-packages/airflow/example_dags/example_sla_dag.py took 0.072 seconds
[2024-06-27T20:48:09.400+0000] {processor.py:157} INFO - Started process (PID=3276) to work on /home/airflow/.local/lib/python3.8/site-packages/airflow/example_dags/example_sla_dag.py
[2024-06-27T20:48:09.403+0000] {processor.py:829} INFO - Processing file /home/airflow/.local/lib/python3.8/site-packages/airflow/example_dags/example_sla_dag.py for tasks to queue
[2024-06-27T20:48:09.403+0000] {logging_mixin.py:151} INFO - [2024-06-27T20:48:09.403+0000] {dagbag.py:539} INFO - Filling up the DagBag from /home/airflow/.local/lib/python3.8/site-packages/airflow/example_dags/example_sla_dag.py
[2024-06-27T20:48:09.413+0000] {processor.py:839} INFO - DAG(s) dict_keys(['example_sla_dag']) retrieved from /home/airflow/.local/lib/python3.8/site-packages/airflow/example_dags/example_sla_dag.py
[2024-06-27T20:48:09.434+0000] {logging_mixin.py:151} INFO - [2024-06-27T20:48:09.434+0000] {dag.py:2915} INFO - Sync 1 DAGs
[2024-06-27T20:48:09.461+0000] {logging_mixin.py:151} INFO - [2024-06-27T20:48:09.461+0000] {dag.py:3696} INFO - Setting next_dagrun for example_sla_dag to 2024-06-27T20:46:00+00:00, run_after=2024-06-27T20:48:00+00:00
[2024-06-27T20:48:09.480+0000] {processor.py:179} INFO - Processing /home/airflow/.local/lib/python3.8/site-packages/airflow/example_dags/example_sla_dag.py took 0.082 seconds
[2024-06-27T20:48:40.242+0000] {processor.py:157} INFO - Started process (PID=3519) to work on /home/airflow/.local/lib/python3.8/site-packages/airflow/example_dags/example_sla_dag.py
[2024-06-27T20:48:40.243+0000] {processor.py:829} INFO - Processing file /home/airflow/.local/lib/python3.8/site-packages/airflow/example_dags/example_sla_dag.py for tasks to queue
[2024-06-27T20:48:40.244+0000] {logging_mixin.py:151} INFO - [2024-06-27T20:48:40.244+0000] {dagbag.py:539} INFO - Filling up the DagBag from /home/airflow/.local/lib/python3.8/site-packages/airflow/example_dags/example_sla_dag.py
[2024-06-27T20:48:40.256+0000] {processor.py:839} INFO - DAG(s) dict_keys(['example_sla_dag']) retrieved from /home/airflow/.local/lib/python3.8/site-packages/airflow/example_dags/example_sla_dag.py
[2024-06-27T20:48:40.280+0000] {logging_mixin.py:151} INFO - [2024-06-27T20:48:40.280+0000] {dag.py:2915} INFO - Sync 1 DAGs
[2024-06-27T20:48:40.306+0000] {logging_mixin.py:151} INFO - [2024-06-27T20:48:40.306+0000] {dag.py:3696} INFO - Setting next_dagrun for example_sla_dag to 2024-06-27T20:46:00+00:00, run_after=2024-06-27T20:48:00+00:00
[2024-06-27T20:48:40.324+0000] {processor.py:179} INFO - Processing /home/airflow/.local/lib/python3.8/site-packages/airflow/example_dags/example_sla_dag.py took 0.087 seconds
[2024-06-27T20:49:10.444+0000] {processor.py:157} INFO - Started process (PID=3759) to work on /home/airflow/.local/lib/python3.8/site-packages/airflow/example_dags/example_sla_dag.py
[2024-06-27T20:49:10.444+0000] {processor.py:829} INFO - Processing file /home/airflow/.local/lib/python3.8/site-packages/airflow/example_dags/example_sla_dag.py for tasks to queue
[2024-06-27T20:49:10.445+0000] {logging_mixin.py:151} INFO - [2024-06-27T20:49:10.445+0000] {dagbag.py:539} INFO - Filling up the DagBag from /home/airflow/.local/lib/python3.8/site-packages/airflow/example_dags/example_sla_dag.py
[2024-06-27T20:49:10.453+0000] {processor.py:839} INFO - DAG(s) dict_keys(['example_sla_dag']) retrieved from /home/airflow/.local/lib/python3.8/site-packages/airflow/example_dags/example_sla_dag.py
[2024-06-27T20:49:10.473+0000] {logging_mixin.py:151} INFO - [2024-06-27T20:49:10.473+0000] {dag.py:2915} INFO - Sync 1 DAGs
[2024-06-27T20:49:10.500+0000] {logging_mixin.py:151} INFO - [2024-06-27T20:49:10.499+0000] {dag.py:3696} INFO - Setting next_dagrun for example_sla_dag to 2024-06-27T20:46:00+00:00, run_after=2024-06-27T20:48:00+00:00
[2024-06-27T20:49:10.520+0000] {processor.py:179} INFO - Processing /home/airflow/.local/lib/python3.8/site-packages/airflow/example_dags/example_sla_dag.py took 0.079 seconds
[2024-06-27T20:49:40.676+0000] {processor.py:157} INFO - Started process (PID=4002) to work on /home/airflow/.local/lib/python3.8/site-packages/airflow/example_dags/example_sla_dag.py
[2024-06-27T20:49:40.677+0000] {processor.py:829} INFO - Processing file /home/airflow/.local/lib/python3.8/site-packages/airflow/example_dags/example_sla_dag.py for tasks to queue
[2024-06-27T20:49:40.677+0000] {logging_mixin.py:151} INFO - [2024-06-27T20:49:40.677+0000] {dagbag.py:539} INFO - Filling up the DagBag from /home/airflow/.local/lib/python3.8/site-packages/airflow/example_dags/example_sla_dag.py
[2024-06-27T20:49:40.686+0000] {processor.py:839} INFO - DAG(s) dict_keys(['example_sla_dag']) retrieved from /home/airflow/.local/lib/python3.8/site-packages/airflow/example_dags/example_sla_dag.py
[2024-06-27T20:49:40.706+0000] {logging_mixin.py:151} INFO - [2024-06-27T20:49:40.705+0000] {dag.py:2915} INFO - Sync 1 DAGs
[2024-06-27T20:49:40.729+0000] {logging_mixin.py:151} INFO - [2024-06-27T20:49:40.729+0000] {dag.py:3696} INFO - Setting next_dagrun for example_sla_dag to 2024-06-27T20:46:00+00:00, run_after=2024-06-27T20:48:00+00:00
[2024-06-27T20:49:40.747+0000] {processor.py:179} INFO - Processing /home/airflow/.local/lib/python3.8/site-packages/airflow/example_dags/example_sla_dag.py took 0.075 seconds
