[2024-06-27T20:41:59.146+0000] {processor.py:157} INFO - Started process (PID=311) to work on /home/airflow/.local/lib/python3.8/site-packages/airflow/example_dags/example_branch_datetime_operator.py
[2024-06-27T20:41:59.147+0000] {processor.py:829} INFO - Processing file /home/airflow/.local/lib/python3.8/site-packages/airflow/example_dags/example_branch_datetime_operator.py for tasks to queue
[2024-06-27T20:41:59.148+0000] {logging_mixin.py:151} INFO - [2024-06-27T20:41:59.148+0000] {dagbag.py:539} INFO - Filling up the DagBag from /home/airflow/.local/lib/python3.8/site-packages/airflow/example_dags/example_branch_datetime_operator.py
[2024-06-27T20:41:59.166+0000] {processor.py:839} INFO - DAG(s) dict_keys(['example_branch_datetime_operator', 'example_branch_datetime_operator_3', 'example_branch_datetime_operator_2']) retrieved from /home/airflow/.local/lib/python3.8/site-packages/airflow/example_dags/example_branch_datetime_operator.py
[2024-06-27T20:41:59.402+0000] {logging_mixin.py:151} INFO - [2024-06-27T20:41:59.402+0000] {manager.py:499} INFO - Created Permission View: %s
[2024-06-27T20:41:59.415+0000] {logging_mixin.py:151} INFO - [2024-06-27T20:41:59.414+0000] {manager.py:499} INFO - Created Permission View: %s
[2024-06-27T20:41:59.424+0000] {logging_mixin.py:151} INFO - [2024-06-27T20:41:59.423+0000] {manager.py:499} INFO - Created Permission View: %s
[2024-06-27T20:41:59.424+0000] {logging_mixin.py:151} INFO - [2024-06-27T20:41:59.424+0000] {security.py:708} INFO - Not syncing DAG-level permissions for DAG 'DAG:example_branch_datetime_operator' as access control is unset.
[2024-06-27T20:41:59.440+0000] {logging_mixin.py:151} INFO - [2024-06-27T20:41:59.440+0000] {manager.py:499} INFO - Created Permission View: %s
[2024-06-27T20:41:59.449+0000] {logging_mixin.py:151} INFO - [2024-06-27T20:41:59.448+0000] {manager.py:499} INFO - Created Permission View: %s
[2024-06-27T20:41:59.456+0000] {logging_mixin.py:151} INFO - [2024-06-27T20:41:59.456+0000] {manager.py:499} INFO - Created Permission View: %s
[2024-06-27T20:41:59.457+0000] {logging_mixin.py:151} INFO - [2024-06-27T20:41:59.456+0000] {security.py:708} INFO - Not syncing DAG-level permissions for DAG 'DAG:example_branch_datetime_operator_3' as access control is unset.
[2024-06-27T20:41:59.470+0000] {logging_mixin.py:151} INFO - [2024-06-27T20:41:59.470+0000] {manager.py:499} INFO - Created Permission View: %s
[2024-06-27T20:41:59.477+0000] {logging_mixin.py:151} INFO - [2024-06-27T20:41:59.477+0000] {manager.py:499} INFO - Created Permission View: %s
[2024-06-27T20:41:59.484+0000] {logging_mixin.py:151} INFO - [2024-06-27T20:41:59.483+0000] {manager.py:499} INFO - Created Permission View: %s
[2024-06-27T20:41:59.484+0000] {logging_mixin.py:151} INFO - [2024-06-27T20:41:59.484+0000] {security.py:708} INFO - Not syncing DAG-level permissions for DAG 'DAG:example_branch_datetime_operator_2' as access control is unset.
[2024-06-27T20:41:59.484+0000] {logging_mixin.py:151} INFO - [2024-06-27T20:41:59.484+0000] {dag.py:2915} INFO - Sync 3 DAGs
[2024-06-27T20:41:59.496+0000] {logging_mixin.py:151} INFO - [2024-06-27T20:41:59.496+0000] {dag.py:2937} INFO - Creating ORM DAG for example_branch_datetime_operator
[2024-06-27T20:41:59.496+0000] {logging_mixin.py:151} INFO - [2024-06-27T20:41:59.496+0000] {dag.py:2937} INFO - Creating ORM DAG for example_branch_datetime_operator_3
[2024-06-27T20:41:59.497+0000] {logging_mixin.py:151} INFO - [2024-06-27T20:41:59.497+0000] {dag.py:2937} INFO - Creating ORM DAG for example_branch_datetime_operator_2
[2024-06-27T20:41:59.507+0000] {logging_mixin.py:151} INFO - [2024-06-27T20:41:59.507+0000] {dag.py:3696} INFO - Setting next_dagrun for example_branch_datetime_operator to 2024-06-26T00:00:00+00:00, run_after=2024-06-27T00:00:00+00:00
[2024-06-27T20:41:59.509+0000] {logging_mixin.py:151} INFO - [2024-06-27T20:41:59.509+0000] {dag.py:3696} INFO - Setting next_dagrun for example_branch_datetime_operator_2 to 2024-06-26T00:00:00+00:00, run_after=2024-06-27T00:00:00+00:00
[2024-06-27T20:41:59.511+0000] {logging_mixin.py:151} INFO - [2024-06-27T20:41:59.511+0000] {dag.py:3696} INFO - Setting next_dagrun for example_branch_datetime_operator_3 to 2024-06-26T00:00:00+00:00, run_after=2024-06-27T00:00:00+00:00
[2024-06-27T20:41:59.529+0000] {processor.py:179} INFO - Processing /home/airflow/.local/lib/python3.8/site-packages/airflow/example_dags/example_branch_datetime_operator.py took 0.386 seconds
[2024-06-27T20:42:29.684+0000] {processor.py:157} INFO - Started process (PID=556) to work on /home/airflow/.local/lib/python3.8/site-packages/airflow/example_dags/example_branch_datetime_operator.py
[2024-06-27T20:42:29.685+0000] {processor.py:829} INFO - Processing file /home/airflow/.local/lib/python3.8/site-packages/airflow/example_dags/example_branch_datetime_operator.py for tasks to queue
[2024-06-27T20:42:29.686+0000] {logging_mixin.py:151} INFO - [2024-06-27T20:42:29.686+0000] {dagbag.py:539} INFO - Filling up the DagBag from /home/airflow/.local/lib/python3.8/site-packages/airflow/example_dags/example_branch_datetime_operator.py
[2024-06-27T20:42:29.695+0000] {processor.py:839} INFO - DAG(s) dict_keys(['example_branch_datetime_operator_2', 'example_branch_datetime_operator', 'example_branch_datetime_operator_3']) retrieved from /home/airflow/.local/lib/python3.8/site-packages/airflow/example_dags/example_branch_datetime_operator.py
[2024-06-27T20:42:29.724+0000] {logging_mixin.py:151} INFO - [2024-06-27T20:42:29.724+0000] {dag.py:2915} INFO - Sync 3 DAGs
[2024-06-27T20:42:29.749+0000] {logging_mixin.py:151} INFO - [2024-06-27T20:42:29.749+0000] {dag.py:3696} INFO - Setting next_dagrun for example_branch_datetime_operator to 2024-06-26T00:00:00+00:00, run_after=2024-06-27T00:00:00+00:00
[2024-06-27T20:42:29.754+0000] {logging_mixin.py:151} INFO - [2024-06-27T20:42:29.754+0000] {dag.py:3696} INFO - Setting next_dagrun for example_branch_datetime_operator_2 to 2024-06-26T00:00:00+00:00, run_after=2024-06-27T00:00:00+00:00
[2024-06-27T20:42:29.757+0000] {logging_mixin.py:151} INFO - [2024-06-27T20:42:29.757+0000] {dag.py:3696} INFO - Setting next_dagrun for example_branch_datetime_operator_3 to 2024-06-26T00:00:00+00:00, run_after=2024-06-27T00:00:00+00:00
[2024-06-27T20:42:29.774+0000] {processor.py:179} INFO - Processing /home/airflow/.local/lib/python3.8/site-packages/airflow/example_dags/example_branch_datetime_operator.py took 0.092 seconds
[2024-06-27T20:43:00.110+0000] {processor.py:157} INFO - Started process (PID=799) to work on /home/airflow/.local/lib/python3.8/site-packages/airflow/example_dags/example_branch_datetime_operator.py
[2024-06-27T20:43:00.111+0000] {processor.py:829} INFO - Processing file /home/airflow/.local/lib/python3.8/site-packages/airflow/example_dags/example_branch_datetime_operator.py for tasks to queue
[2024-06-27T20:43:00.112+0000] {logging_mixin.py:151} INFO - [2024-06-27T20:43:00.112+0000] {dagbag.py:539} INFO - Filling up the DagBag from /home/airflow/.local/lib/python3.8/site-packages/airflow/example_dags/example_branch_datetime_operator.py
[2024-06-27T20:43:00.121+0000] {processor.py:839} INFO - DAG(s) dict_keys(['example_branch_datetime_operator_3', 'example_branch_datetime_operator', 'example_branch_datetime_operator_2']) retrieved from /home/airflow/.local/lib/python3.8/site-packages/airflow/example_dags/example_branch_datetime_operator.py
[2024-06-27T20:43:00.150+0000] {logging_mixin.py:151} INFO - [2024-06-27T20:43:00.150+0000] {dag.py:2915} INFO - Sync 3 DAGs
[2024-06-27T20:43:00.174+0000] {logging_mixin.py:151} INFO - [2024-06-27T20:43:00.174+0000] {dag.py:3696} INFO - Setting next_dagrun for example_branch_datetime_operator to 2024-06-26T00:00:00+00:00, run_after=2024-06-27T00:00:00+00:00
[2024-06-27T20:43:00.179+0000] {logging_mixin.py:151} INFO - [2024-06-27T20:43:00.179+0000] {dag.py:3696} INFO - Setting next_dagrun for example_branch_datetime_operator_2 to 2024-06-26T00:00:00+00:00, run_after=2024-06-27T00:00:00+00:00
[2024-06-27T20:43:00.182+0000] {logging_mixin.py:151} INFO - [2024-06-27T20:43:00.182+0000] {dag.py:3696} INFO - Setting next_dagrun for example_branch_datetime_operator_3 to 2024-06-26T00:00:00+00:00, run_after=2024-06-27T00:00:00+00:00
[2024-06-27T20:43:00.198+0000] {processor.py:179} INFO - Processing /home/airflow/.local/lib/python3.8/site-packages/airflow/example_dags/example_branch_datetime_operator.py took 0.091 seconds
[2024-06-27T20:43:30.772+0000] {processor.py:157} INFO - Started process (PID=1040) to work on /home/airflow/.local/lib/python3.8/site-packages/airflow/example_dags/example_branch_datetime_operator.py
[2024-06-27T20:43:30.773+0000] {processor.py:829} INFO - Processing file /home/airflow/.local/lib/python3.8/site-packages/airflow/example_dags/example_branch_datetime_operator.py for tasks to queue
[2024-06-27T20:43:30.774+0000] {logging_mixin.py:151} INFO - [2024-06-27T20:43:30.774+0000] {dagbag.py:539} INFO - Filling up the DagBag from /home/airflow/.local/lib/python3.8/site-packages/airflow/example_dags/example_branch_datetime_operator.py
[2024-06-27T20:43:30.784+0000] {processor.py:839} INFO - DAG(s) dict_keys(['example_branch_datetime_operator_2', 'example_branch_datetime_operator_3', 'example_branch_datetime_operator']) retrieved from /home/airflow/.local/lib/python3.8/site-packages/airflow/example_dags/example_branch_datetime_operator.py
[2024-06-27T20:43:30.813+0000] {logging_mixin.py:151} INFO - [2024-06-27T20:43:30.813+0000] {dag.py:2915} INFO - Sync 3 DAGs
[2024-06-27T20:43:30.837+0000] {logging_mixin.py:151} INFO - [2024-06-27T20:43:30.836+0000] {dag.py:3696} INFO - Setting next_dagrun for example_branch_datetime_operator to 2024-06-26T00:00:00+00:00, run_after=2024-06-27T00:00:00+00:00
[2024-06-27T20:43:30.842+0000] {logging_mixin.py:151} INFO - [2024-06-27T20:43:30.842+0000] {dag.py:3696} INFO - Setting next_dagrun for example_branch_datetime_operator_2 to 2024-06-26T00:00:00+00:00, run_after=2024-06-27T00:00:00+00:00
[2024-06-27T20:43:30.845+0000] {logging_mixin.py:151} INFO - [2024-06-27T20:43:30.845+0000] {dag.py:3696} INFO - Setting next_dagrun for example_branch_datetime_operator_3 to 2024-06-26T00:00:00+00:00, run_after=2024-06-27T00:00:00+00:00
[2024-06-27T20:43:30.862+0000] {processor.py:179} INFO - Processing /home/airflow/.local/lib/python3.8/site-packages/airflow/example_dags/example_branch_datetime_operator.py took 0.093 seconds
[2024-06-27T20:44:01.799+0000] {processor.py:157} INFO - Started process (PID=1283) to work on /home/airflow/.local/lib/python3.8/site-packages/airflow/example_dags/example_branch_datetime_operator.py
[2024-06-27T20:44:01.799+0000] {processor.py:829} INFO - Processing file /home/airflow/.local/lib/python3.8/site-packages/airflow/example_dags/example_branch_datetime_operator.py for tasks to queue
[2024-06-27T20:44:01.800+0000] {logging_mixin.py:151} INFO - [2024-06-27T20:44:01.800+0000] {dagbag.py:539} INFO - Filling up the DagBag from /home/airflow/.local/lib/python3.8/site-packages/airflow/example_dags/example_branch_datetime_operator.py
[2024-06-27T20:44:01.809+0000] {processor.py:839} INFO - DAG(s) dict_keys(['example_branch_datetime_operator_2', 'example_branch_datetime_operator_3', 'example_branch_datetime_operator']) retrieved from /home/airflow/.local/lib/python3.8/site-packages/airflow/example_dags/example_branch_datetime_operator.py
[2024-06-27T20:44:01.837+0000] {logging_mixin.py:151} INFO - [2024-06-27T20:44:01.837+0000] {dag.py:2915} INFO - Sync 3 DAGs
[2024-06-27T20:44:01.860+0000] {logging_mixin.py:151} INFO - [2024-06-27T20:44:01.859+0000] {dag.py:3696} INFO - Setting next_dagrun for example_branch_datetime_operator to 2024-06-26T00:00:00+00:00, run_after=2024-06-27T00:00:00+00:00
[2024-06-27T20:44:01.864+0000] {logging_mixin.py:151} INFO - [2024-06-27T20:44:01.864+0000] {dag.py:3696} INFO - Setting next_dagrun for example_branch_datetime_operator_2 to 2024-06-26T00:00:00+00:00, run_after=2024-06-27T00:00:00+00:00
[2024-06-27T20:44:01.868+0000] {logging_mixin.py:151} INFO - [2024-06-27T20:44:01.867+0000] {dag.py:3696} INFO - Setting next_dagrun for example_branch_datetime_operator_3 to 2024-06-26T00:00:00+00:00, run_after=2024-06-27T00:00:00+00:00
[2024-06-27T20:44:01.884+0000] {processor.py:179} INFO - Processing /home/airflow/.local/lib/python3.8/site-packages/airflow/example_dags/example_branch_datetime_operator.py took 0.088 seconds
[2024-06-27T20:44:32.154+0000] {processor.py:157} INFO - Started process (PID=1522) to work on /home/airflow/.local/lib/python3.8/site-packages/airflow/example_dags/example_branch_datetime_operator.py
[2024-06-27T20:44:32.155+0000] {processor.py:829} INFO - Processing file /home/airflow/.local/lib/python3.8/site-packages/airflow/example_dags/example_branch_datetime_operator.py for tasks to queue
[2024-06-27T20:44:32.156+0000] {logging_mixin.py:151} INFO - [2024-06-27T20:44:32.156+0000] {dagbag.py:539} INFO - Filling up the DagBag from /home/airflow/.local/lib/python3.8/site-packages/airflow/example_dags/example_branch_datetime_operator.py
[2024-06-27T20:44:32.171+0000] {processor.py:839} INFO - DAG(s) dict_keys(['example_branch_datetime_operator_3', 'example_branch_datetime_operator', 'example_branch_datetime_operator_2']) retrieved from /home/airflow/.local/lib/python3.8/site-packages/airflow/example_dags/example_branch_datetime_operator.py
[2024-06-27T20:44:32.212+0000] {logging_mixin.py:151} INFO - [2024-06-27T20:44:32.212+0000] {dag.py:2915} INFO - Sync 3 DAGs
[2024-06-27T20:44:32.240+0000] {logging_mixin.py:151} INFO - [2024-06-27T20:44:32.240+0000] {dag.py:3696} INFO - Setting next_dagrun for example_branch_datetime_operator to 2024-06-26T00:00:00+00:00, run_after=2024-06-27T00:00:00+00:00
[2024-06-27T20:44:32.247+0000] {logging_mixin.py:151} INFO - [2024-06-27T20:44:32.247+0000] {dag.py:3696} INFO - Setting next_dagrun for example_branch_datetime_operator_2 to 2024-06-26T00:00:00+00:00, run_after=2024-06-27T00:00:00+00:00
[2024-06-27T20:44:32.251+0000] {logging_mixin.py:151} INFO - [2024-06-27T20:44:32.251+0000] {dag.py:3696} INFO - Setting next_dagrun for example_branch_datetime_operator_3 to 2024-06-26T00:00:00+00:00, run_after=2024-06-27T00:00:00+00:00
[2024-06-27T20:44:32.273+0000] {processor.py:179} INFO - Processing /home/airflow/.local/lib/python3.8/site-packages/airflow/example_dags/example_branch_datetime_operator.py took 0.124 seconds
[2024-06-27T20:45:02.400+0000] {processor.py:157} INFO - Started process (PID=1765) to work on /home/airflow/.local/lib/python3.8/site-packages/airflow/example_dags/example_branch_datetime_operator.py
[2024-06-27T20:45:02.401+0000] {processor.py:829} INFO - Processing file /home/airflow/.local/lib/python3.8/site-packages/airflow/example_dags/example_branch_datetime_operator.py for tasks to queue
[2024-06-27T20:45:02.402+0000] {logging_mixin.py:151} INFO - [2024-06-27T20:45:02.402+0000] {dagbag.py:539} INFO - Filling up the DagBag from /home/airflow/.local/lib/python3.8/site-packages/airflow/example_dags/example_branch_datetime_operator.py
[2024-06-27T20:45:02.415+0000] {processor.py:839} INFO - DAG(s) dict_keys(['example_branch_datetime_operator_3', 'example_branch_datetime_operator', 'example_branch_datetime_operator_2']) retrieved from /home/airflow/.local/lib/python3.8/site-packages/airflow/example_dags/example_branch_datetime_operator.py
[2024-06-27T20:45:02.445+0000] {logging_mixin.py:151} INFO - [2024-06-27T20:45:02.445+0000] {dag.py:2915} INFO - Sync 3 DAGs
[2024-06-27T20:45:02.479+0000] {logging_mixin.py:151} INFO - [2024-06-27T20:45:02.479+0000] {dag.py:3696} INFO - Setting next_dagrun for example_branch_datetime_operator to 2024-06-26T00:00:00+00:00, run_after=2024-06-27T00:00:00+00:00
[2024-06-27T20:45:02.486+0000] {logging_mixin.py:151} INFO - [2024-06-27T20:45:02.486+0000] {dag.py:3696} INFO - Setting next_dagrun for example_branch_datetime_operator_2 to 2024-06-26T00:00:00+00:00, run_after=2024-06-27T00:00:00+00:00
[2024-06-27T20:45:02.490+0000] {logging_mixin.py:151} INFO - [2024-06-27T20:45:02.490+0000] {dag.py:3696} INFO - Setting next_dagrun for example_branch_datetime_operator_3 to 2024-06-26T00:00:00+00:00, run_after=2024-06-27T00:00:00+00:00
[2024-06-27T20:45:02.509+0000] {processor.py:179} INFO - Processing /home/airflow/.local/lib/python3.8/site-packages/airflow/example_dags/example_branch_datetime_operator.py took 0.113 seconds
[2024-06-27T20:45:32.658+0000] {processor.py:157} INFO - Started process (PID=2007) to work on /home/airflow/.local/lib/python3.8/site-packages/airflow/example_dags/example_branch_datetime_operator.py
[2024-06-27T20:45:32.660+0000] {processor.py:829} INFO - Processing file /home/airflow/.local/lib/python3.8/site-packages/airflow/example_dags/example_branch_datetime_operator.py for tasks to queue
[2024-06-27T20:45:32.661+0000] {logging_mixin.py:151} INFO - [2024-06-27T20:45:32.660+0000] {dagbag.py:539} INFO - Filling up the DagBag from /home/airflow/.local/lib/python3.8/site-packages/airflow/example_dags/example_branch_datetime_operator.py
[2024-06-27T20:45:32.674+0000] {processor.py:839} INFO - DAG(s) dict_keys(['example_branch_datetime_operator_3', 'example_branch_datetime_operator', 'example_branch_datetime_operator_2']) retrieved from /home/airflow/.local/lib/python3.8/site-packages/airflow/example_dags/example_branch_datetime_operator.py
[2024-06-27T20:45:32.705+0000] {logging_mixin.py:151} INFO - [2024-06-27T20:45:32.705+0000] {dag.py:2915} INFO - Sync 3 DAGs
[2024-06-27T20:45:32.729+0000] {logging_mixin.py:151} INFO - [2024-06-27T20:45:32.729+0000] {dag.py:3696} INFO - Setting next_dagrun for example_branch_datetime_operator to 2024-06-26T00:00:00+00:00, run_after=2024-06-27T00:00:00+00:00
[2024-06-27T20:45:32.736+0000] {logging_mixin.py:151} INFO - [2024-06-27T20:45:32.735+0000] {dag.py:3696} INFO - Setting next_dagrun for example_branch_datetime_operator_2 to 2024-06-26T00:00:00+00:00, run_after=2024-06-27T00:00:00+00:00
[2024-06-27T20:45:32.739+0000] {logging_mixin.py:151} INFO - [2024-06-27T20:45:32.739+0000] {dag.py:3696} INFO - Setting next_dagrun for example_branch_datetime_operator_3 to 2024-06-26T00:00:00+00:00, run_after=2024-06-27T00:00:00+00:00
[2024-06-27T20:45:32.758+0000] {processor.py:179} INFO - Processing /home/airflow/.local/lib/python3.8/site-packages/airflow/example_dags/example_branch_datetime_operator.py took 0.102 seconds
[2024-06-27T20:46:02.939+0000] {processor.py:157} INFO - Started process (PID=2250) to work on /home/airflow/.local/lib/python3.8/site-packages/airflow/example_dags/example_branch_datetime_operator.py
[2024-06-27T20:46:02.940+0000] {processor.py:829} INFO - Processing file /home/airflow/.local/lib/python3.8/site-packages/airflow/example_dags/example_branch_datetime_operator.py for tasks to queue
[2024-06-27T20:46:02.941+0000] {logging_mixin.py:151} INFO - [2024-06-27T20:46:02.940+0000] {dagbag.py:539} INFO - Filling up the DagBag from /home/airflow/.local/lib/python3.8/site-packages/airflow/example_dags/example_branch_datetime_operator.py
[2024-06-27T20:46:02.952+0000] {processor.py:839} INFO - DAG(s) dict_keys(['example_branch_datetime_operator', 'example_branch_datetime_operator_2', 'example_branch_datetime_operator_3']) retrieved from /home/airflow/.local/lib/python3.8/site-packages/airflow/example_dags/example_branch_datetime_operator.py
[2024-06-27T20:46:02.986+0000] {logging_mixin.py:151} INFO - [2024-06-27T20:46:02.986+0000] {dag.py:2915} INFO - Sync 3 DAGs
[2024-06-27T20:46:03.012+0000] {logging_mixin.py:151} INFO - [2024-06-27T20:46:03.012+0000] {dag.py:3696} INFO - Setting next_dagrun for example_branch_datetime_operator to 2024-06-26T00:00:00+00:00, run_after=2024-06-27T00:00:00+00:00
[2024-06-27T20:46:03.017+0000] {logging_mixin.py:151} INFO - [2024-06-27T20:46:03.017+0000] {dag.py:3696} INFO - Setting next_dagrun for example_branch_datetime_operator_2 to 2024-06-26T00:00:00+00:00, run_after=2024-06-27T00:00:00+00:00
[2024-06-27T20:46:03.020+0000] {logging_mixin.py:151} INFO - [2024-06-27T20:46:03.020+0000] {dag.py:3696} INFO - Setting next_dagrun for example_branch_datetime_operator_3 to 2024-06-26T00:00:00+00:00, run_after=2024-06-27T00:00:00+00:00
[2024-06-27T20:46:03.038+0000] {processor.py:179} INFO - Processing /home/airflow/.local/lib/python3.8/site-packages/airflow/example_dags/example_branch_datetime_operator.py took 0.102 seconds
[2024-06-27T20:46:33.941+0000] {processor.py:157} INFO - Started process (PID=2493) to work on /home/airflow/.local/lib/python3.8/site-packages/airflow/example_dags/example_branch_datetime_operator.py
[2024-06-27T20:46:33.942+0000] {processor.py:829} INFO - Processing file /home/airflow/.local/lib/python3.8/site-packages/airflow/example_dags/example_branch_datetime_operator.py for tasks to queue
[2024-06-27T20:46:33.943+0000] {logging_mixin.py:151} INFO - [2024-06-27T20:46:33.942+0000] {dagbag.py:539} INFO - Filling up the DagBag from /home/airflow/.local/lib/python3.8/site-packages/airflow/example_dags/example_branch_datetime_operator.py
[2024-06-27T20:46:33.953+0000] {processor.py:839} INFO - DAG(s) dict_keys(['example_branch_datetime_operator_2', 'example_branch_datetime_operator', 'example_branch_datetime_operator_3']) retrieved from /home/airflow/.local/lib/python3.8/site-packages/airflow/example_dags/example_branch_datetime_operator.py
[2024-06-27T20:46:33.982+0000] {logging_mixin.py:151} INFO - [2024-06-27T20:46:33.982+0000] {dag.py:2915} INFO - Sync 3 DAGs
[2024-06-27T20:46:34.009+0000] {logging_mixin.py:151} INFO - [2024-06-27T20:46:34.008+0000] {dag.py:3696} INFO - Setting next_dagrun for example_branch_datetime_operator to 2024-06-26T00:00:00+00:00, run_after=2024-06-27T00:00:00+00:00
[2024-06-27T20:46:34.013+0000] {logging_mixin.py:151} INFO - [2024-06-27T20:46:34.013+0000] {dag.py:3696} INFO - Setting next_dagrun for example_branch_datetime_operator_2 to 2024-06-26T00:00:00+00:00, run_after=2024-06-27T00:00:00+00:00
[2024-06-27T20:46:34.016+0000] {logging_mixin.py:151} INFO - [2024-06-27T20:46:34.016+0000] {dag.py:3696} INFO - Setting next_dagrun for example_branch_datetime_operator_3 to 2024-06-26T00:00:00+00:00, run_after=2024-06-27T00:00:00+00:00
[2024-06-27T20:46:34.031+0000] {processor.py:179} INFO - Processing /home/airflow/.local/lib/python3.8/site-packages/airflow/example_dags/example_branch_datetime_operator.py took 0.093 seconds
[2024-06-27T20:47:05.015+0000] {processor.py:157} INFO - Started process (PID=2736) to work on /home/airflow/.local/lib/python3.8/site-packages/airflow/example_dags/example_branch_datetime_operator.py
[2024-06-27T20:47:05.016+0000] {processor.py:829} INFO - Processing file /home/airflow/.local/lib/python3.8/site-packages/airflow/example_dags/example_branch_datetime_operator.py for tasks to queue
[2024-06-27T20:47:05.017+0000] {logging_mixin.py:151} INFO - [2024-06-27T20:47:05.016+0000] {dagbag.py:539} INFO - Filling up the DagBag from /home/airflow/.local/lib/python3.8/site-packages/airflow/example_dags/example_branch_datetime_operator.py
[2024-06-27T20:47:05.027+0000] {processor.py:839} INFO - DAG(s) dict_keys(['example_branch_datetime_operator_3', 'example_branch_datetime_operator', 'example_branch_datetime_operator_2']) retrieved from /home/airflow/.local/lib/python3.8/site-packages/airflow/example_dags/example_branch_datetime_operator.py
[2024-06-27T20:47:05.056+0000] {logging_mixin.py:151} INFO - [2024-06-27T20:47:05.056+0000] {dag.py:2915} INFO - Sync 3 DAGs
[2024-06-27T20:47:05.079+0000] {logging_mixin.py:151} INFO - [2024-06-27T20:47:05.079+0000] {dag.py:3696} INFO - Setting next_dagrun for example_branch_datetime_operator to 2024-06-26T00:00:00+00:00, run_after=2024-06-27T00:00:00+00:00
[2024-06-27T20:47:05.084+0000] {logging_mixin.py:151} INFO - [2024-06-27T20:47:05.083+0000] {dag.py:3696} INFO - Setting next_dagrun for example_branch_datetime_operator_2 to 2024-06-26T00:00:00+00:00, run_after=2024-06-27T00:00:00+00:00
[2024-06-27T20:47:05.086+0000] {logging_mixin.py:151} INFO - [2024-06-27T20:47:05.086+0000] {dag.py:3696} INFO - Setting next_dagrun for example_branch_datetime_operator_3 to 2024-06-26T00:00:00+00:00, run_after=2024-06-27T00:00:00+00:00
[2024-06-27T20:47:05.102+0000] {processor.py:179} INFO - Processing /home/airflow/.local/lib/python3.8/site-packages/airflow/example_dags/example_branch_datetime_operator.py took 0.091 seconds
[2024-06-27T20:47:35.906+0000] {processor.py:157} INFO - Started process (PID=2979) to work on /home/airflow/.local/lib/python3.8/site-packages/airflow/example_dags/example_branch_datetime_operator.py
[2024-06-27T20:47:35.907+0000] {processor.py:829} INFO - Processing file /home/airflow/.local/lib/python3.8/site-packages/airflow/example_dags/example_branch_datetime_operator.py for tasks to queue
[2024-06-27T20:47:35.907+0000] {logging_mixin.py:151} INFO - [2024-06-27T20:47:35.907+0000] {dagbag.py:539} INFO - Filling up the DagBag from /home/airflow/.local/lib/python3.8/site-packages/airflow/example_dags/example_branch_datetime_operator.py
[2024-06-27T20:47:35.918+0000] {processor.py:839} INFO - DAG(s) dict_keys(['example_branch_datetime_operator_2', 'example_branch_datetime_operator_3', 'example_branch_datetime_operator']) retrieved from /home/airflow/.local/lib/python3.8/site-packages/airflow/example_dags/example_branch_datetime_operator.py
[2024-06-27T20:47:35.948+0000] {logging_mixin.py:151} INFO - [2024-06-27T20:47:35.948+0000] {dag.py:2915} INFO - Sync 3 DAGs
[2024-06-27T20:47:35.976+0000] {logging_mixin.py:151} INFO - [2024-06-27T20:47:35.976+0000] {dag.py:3696} INFO - Setting next_dagrun for example_branch_datetime_operator to 2024-06-26T00:00:00+00:00, run_after=2024-06-27T00:00:00+00:00
[2024-06-27T20:47:35.981+0000] {logging_mixin.py:151} INFO - [2024-06-27T20:47:35.981+0000] {dag.py:3696} INFO - Setting next_dagrun for example_branch_datetime_operator_2 to 2024-06-26T00:00:00+00:00, run_after=2024-06-27T00:00:00+00:00
[2024-06-27T20:47:35.984+0000] {logging_mixin.py:151} INFO - [2024-06-27T20:47:35.983+0000] {dag.py:3696} INFO - Setting next_dagrun for example_branch_datetime_operator_3 to 2024-06-26T00:00:00+00:00, run_after=2024-06-27T00:00:00+00:00
[2024-06-27T20:47:36.000+0000] {processor.py:179} INFO - Processing /home/airflow/.local/lib/python3.8/site-packages/airflow/example_dags/example_branch_datetime_operator.py took 0.097 seconds
[2024-06-27T20:48:06.720+0000] {processor.py:157} INFO - Started process (PID=3223) to work on /home/airflow/.local/lib/python3.8/site-packages/airflow/example_dags/example_branch_datetime_operator.py
[2024-06-27T20:48:06.721+0000] {processor.py:829} INFO - Processing file /home/airflow/.local/lib/python3.8/site-packages/airflow/example_dags/example_branch_datetime_operator.py for tasks to queue
[2024-06-27T20:48:06.722+0000] {logging_mixin.py:151} INFO - [2024-06-27T20:48:06.721+0000] {dagbag.py:539} INFO - Filling up the DagBag from /home/airflow/.local/lib/python3.8/site-packages/airflow/example_dags/example_branch_datetime_operator.py
[2024-06-27T20:48:06.737+0000] {processor.py:839} INFO - DAG(s) dict_keys(['example_branch_datetime_operator_2', 'example_branch_datetime_operator_3', 'example_branch_datetime_operator']) retrieved from /home/airflow/.local/lib/python3.8/site-packages/airflow/example_dags/example_branch_datetime_operator.py
[2024-06-27T20:48:06.776+0000] {logging_mixin.py:151} INFO - [2024-06-27T20:48:06.776+0000] {dag.py:2915} INFO - Sync 3 DAGs
[2024-06-27T20:48:06.805+0000] {logging_mixin.py:151} INFO - [2024-06-27T20:48:06.805+0000] {dag.py:3696} INFO - Setting next_dagrun for example_branch_datetime_operator to 2024-06-26T00:00:00+00:00, run_after=2024-06-27T00:00:00+00:00
[2024-06-27T20:48:06.810+0000] {logging_mixin.py:151} INFO - [2024-06-27T20:48:06.810+0000] {dag.py:3696} INFO - Setting next_dagrun for example_branch_datetime_operator_2 to 2024-06-26T00:00:00+00:00, run_after=2024-06-27T00:00:00+00:00
[2024-06-27T20:48:06.813+0000] {logging_mixin.py:151} INFO - [2024-06-27T20:48:06.812+0000] {dag.py:3696} INFO - Setting next_dagrun for example_branch_datetime_operator_3 to 2024-06-26T00:00:00+00:00, run_after=2024-06-27T00:00:00+00:00
[2024-06-27T20:48:06.829+0000] {processor.py:179} INFO - Processing /home/airflow/.local/lib/python3.8/site-packages/airflow/example_dags/example_branch_datetime_operator.py took 0.112 seconds
[2024-06-27T20:48:37.624+0000] {processor.py:157} INFO - Started process (PID=3466) to work on /home/airflow/.local/lib/python3.8/site-packages/airflow/example_dags/example_branch_datetime_operator.py
[2024-06-27T20:48:37.625+0000] {processor.py:829} INFO - Processing file /home/airflow/.local/lib/python3.8/site-packages/airflow/example_dags/example_branch_datetime_operator.py for tasks to queue
[2024-06-27T20:48:37.626+0000] {logging_mixin.py:151} INFO - [2024-06-27T20:48:37.625+0000] {dagbag.py:539} INFO - Filling up the DagBag from /home/airflow/.local/lib/python3.8/site-packages/airflow/example_dags/example_branch_datetime_operator.py
[2024-06-27T20:48:37.635+0000] {processor.py:839} INFO - DAG(s) dict_keys(['example_branch_datetime_operator_2', 'example_branch_datetime_operator', 'example_branch_datetime_operator_3']) retrieved from /home/airflow/.local/lib/python3.8/site-packages/airflow/example_dags/example_branch_datetime_operator.py
[2024-06-27T20:48:37.664+0000] {logging_mixin.py:151} INFO - [2024-06-27T20:48:37.663+0000] {dag.py:2915} INFO - Sync 3 DAGs
[2024-06-27T20:48:37.687+0000] {logging_mixin.py:151} INFO - [2024-06-27T20:48:37.687+0000] {dag.py:3696} INFO - Setting next_dagrun for example_branch_datetime_operator to 2024-06-26T00:00:00+00:00, run_after=2024-06-27T00:00:00+00:00
[2024-06-27T20:48:37.692+0000] {logging_mixin.py:151} INFO - [2024-06-27T20:48:37.691+0000] {dag.py:3696} INFO - Setting next_dagrun for example_branch_datetime_operator_2 to 2024-06-26T00:00:00+00:00, run_after=2024-06-27T00:00:00+00:00
[2024-06-27T20:48:37.694+0000] {logging_mixin.py:151} INFO - [2024-06-27T20:48:37.694+0000] {dag.py:3696} INFO - Setting next_dagrun for example_branch_datetime_operator_3 to 2024-06-26T00:00:00+00:00, run_after=2024-06-27T00:00:00+00:00
[2024-06-27T20:48:37.710+0000] {processor.py:179} INFO - Processing /home/airflow/.local/lib/python3.8/site-packages/airflow/example_dags/example_branch_datetime_operator.py took 0.088 seconds
[2024-06-27T20:49:08.685+0000] {processor.py:157} INFO - Started process (PID=3709) to work on /home/airflow/.local/lib/python3.8/site-packages/airflow/example_dags/example_branch_datetime_operator.py
[2024-06-27T20:49:08.686+0000] {processor.py:829} INFO - Processing file /home/airflow/.local/lib/python3.8/site-packages/airflow/example_dags/example_branch_datetime_operator.py for tasks to queue
[2024-06-27T20:49:08.687+0000] {logging_mixin.py:151} INFO - [2024-06-27T20:49:08.687+0000] {dagbag.py:539} INFO - Filling up the DagBag from /home/airflow/.local/lib/python3.8/site-packages/airflow/example_dags/example_branch_datetime_operator.py
[2024-06-27T20:49:08.705+0000] {processor.py:839} INFO - DAG(s) dict_keys(['example_branch_datetime_operator_3', 'example_branch_datetime_operator_2', 'example_branch_datetime_operator']) retrieved from /home/airflow/.local/lib/python3.8/site-packages/airflow/example_dags/example_branch_datetime_operator.py
[2024-06-27T20:49:08.746+0000] {logging_mixin.py:151} INFO - [2024-06-27T20:49:08.745+0000] {dag.py:2915} INFO - Sync 3 DAGs
[2024-06-27T20:49:08.772+0000] {logging_mixin.py:151} INFO - [2024-06-27T20:49:08.772+0000] {dag.py:3696} INFO - Setting next_dagrun for example_branch_datetime_operator to 2024-06-26T00:00:00+00:00, run_after=2024-06-27T00:00:00+00:00
[2024-06-27T20:49:08.778+0000] {logging_mixin.py:151} INFO - [2024-06-27T20:49:08.778+0000] {dag.py:3696} INFO - Setting next_dagrun for example_branch_datetime_operator_2 to 2024-06-26T00:00:00+00:00, run_after=2024-06-27T00:00:00+00:00
[2024-06-27T20:49:08.783+0000] {logging_mixin.py:151} INFO - [2024-06-27T20:49:08.783+0000] {dag.py:3696} INFO - Setting next_dagrun for example_branch_datetime_operator_3 to 2024-06-26T00:00:00+00:00, run_after=2024-06-27T00:00:00+00:00
[2024-06-27T20:49:08.807+0000] {processor.py:179} INFO - Processing /home/airflow/.local/lib/python3.8/site-packages/airflow/example_dags/example_branch_datetime_operator.py took 0.126 seconds
[2024-06-27T20:49:39.026+0000] {processor.py:157} INFO - Started process (PID=3952) to work on /home/airflow/.local/lib/python3.8/site-packages/airflow/example_dags/example_branch_datetime_operator.py
[2024-06-27T20:49:39.027+0000] {processor.py:829} INFO - Processing file /home/airflow/.local/lib/python3.8/site-packages/airflow/example_dags/example_branch_datetime_operator.py for tasks to queue
[2024-06-27T20:49:39.028+0000] {logging_mixin.py:151} INFO - [2024-06-27T20:49:39.027+0000] {dagbag.py:539} INFO - Filling up the DagBag from /home/airflow/.local/lib/python3.8/site-packages/airflow/example_dags/example_branch_datetime_operator.py
[2024-06-27T20:49:39.038+0000] {processor.py:839} INFO - DAG(s) dict_keys(['example_branch_datetime_operator', 'example_branch_datetime_operator_2', 'example_branch_datetime_operator_3']) retrieved from /home/airflow/.local/lib/python3.8/site-packages/airflow/example_dags/example_branch_datetime_operator.py
[2024-06-27T20:49:39.065+0000] {logging_mixin.py:151} INFO - [2024-06-27T20:49:39.064+0000] {dag.py:2915} INFO - Sync 3 DAGs
[2024-06-27T20:49:39.086+0000] {logging_mixin.py:151} INFO - [2024-06-27T20:49:39.086+0000] {dag.py:3696} INFO - Setting next_dagrun for example_branch_datetime_operator to 2024-06-26T00:00:00+00:00, run_after=2024-06-27T00:00:00+00:00
[2024-06-27T20:49:39.092+0000] {logging_mixin.py:151} INFO - [2024-06-27T20:49:39.091+0000] {dag.py:3696} INFO - Setting next_dagrun for example_branch_datetime_operator_2 to 2024-06-26T00:00:00+00:00, run_after=2024-06-27T00:00:00+00:00
[2024-06-27T20:49:39.095+0000] {logging_mixin.py:151} INFO - [2024-06-27T20:49:39.095+0000] {dag.py:3696} INFO - Setting next_dagrun for example_branch_datetime_operator_3 to 2024-06-26T00:00:00+00:00, run_after=2024-06-27T00:00:00+00:00
[2024-06-27T20:49:39.112+0000] {processor.py:179} INFO - Processing /home/airflow/.local/lib/python3.8/site-packages/airflow/example_dags/example_branch_datetime_operator.py took 0.090 seconds
