[2024-06-27T20:41:55.551+0000] {processor.py:157} INFO - Started process (PID=233) to work on /home/airflow/.local/lib/python3.8/site-packages/airflow/example_dags/example_branch_labels.py
[2024-06-27T20:41:55.551+0000] {processor.py:829} INFO - Processing file /home/airflow/.local/lib/python3.8/site-packages/airflow/example_dags/example_branch_labels.py for tasks to queue
[2024-06-27T20:41:55.552+0000] {logging_mixin.py:151} INFO - [2024-06-27T20:41:55.552+0000] {dagbag.py:539} INFO - Filling up the DagBag from /home/airflow/.local/lib/python3.8/site-packages/airflow/example_dags/example_branch_labels.py
[2024-06-27T20:41:55.562+0000] {processor.py:839} INFO - DAG(s) dict_keys(['example_branch_labels']) retrieved from /home/airflow/.local/lib/python3.8/site-packages/airflow/example_dags/example_branch_labels.py
[2024-06-27T20:41:55.779+0000] {logging_mixin.py:151} INFO - [2024-06-27T20:41:55.779+0000] {manager.py:499} INFO - Created Permission View: %s
[2024-06-27T20:41:55.788+0000] {logging_mixin.py:151} INFO - [2024-06-27T20:41:55.788+0000] {manager.py:499} INFO - Created Permission View: %s
[2024-06-27T20:41:55.794+0000] {logging_mixin.py:151} INFO - [2024-06-27T20:41:55.794+0000] {manager.py:499} INFO - Created Permission View: %s
[2024-06-27T20:41:55.794+0000] {logging_mixin.py:151} INFO - [2024-06-27T20:41:55.794+0000] {security.py:708} INFO - Not syncing DAG-level permissions for DAG 'DAG:example_branch_labels' as access control is unset.
[2024-06-27T20:41:55.794+0000] {logging_mixin.py:151} INFO - [2024-06-27T20:41:55.794+0000] {dag.py:2915} INFO - Sync 1 DAGs
[2024-06-27T20:41:55.804+0000] {logging_mixin.py:151} INFO - [2024-06-27T20:41:55.804+0000] {dag.py:2937} INFO - Creating ORM DAG for example_branch_labels
[2024-06-27T20:41:55.815+0000] {logging_mixin.py:151} INFO - [2024-06-27T20:41:55.815+0000] {dag.py:3696} INFO - Setting next_dagrun for example_branch_labels to 2024-06-26T00:00:00+00:00, run_after=2024-06-27T00:00:00+00:00
[2024-06-27T20:41:55.828+0000] {processor.py:179} INFO - Processing /home/airflow/.local/lib/python3.8/site-packages/airflow/example_dags/example_branch_labels.py took 0.280 seconds
[2024-06-27T20:42:26.388+0000] {processor.py:157} INFO - Started process (PID=476) to work on /home/airflow/.local/lib/python3.8/site-packages/airflow/example_dags/example_branch_labels.py
[2024-06-27T20:42:26.389+0000] {processor.py:829} INFO - Processing file /home/airflow/.local/lib/python3.8/site-packages/airflow/example_dags/example_branch_labels.py for tasks to queue
[2024-06-27T20:42:26.390+0000] {logging_mixin.py:151} INFO - [2024-06-27T20:42:26.389+0000] {dagbag.py:539} INFO - Filling up the DagBag from /home/airflow/.local/lib/python3.8/site-packages/airflow/example_dags/example_branch_labels.py
[2024-06-27T20:42:26.398+0000] {processor.py:839} INFO - DAG(s) dict_keys(['example_branch_labels']) retrieved from /home/airflow/.local/lib/python3.8/site-packages/airflow/example_dags/example_branch_labels.py
[2024-06-27T20:42:26.419+0000] {logging_mixin.py:151} INFO - [2024-06-27T20:42:26.419+0000] {dag.py:2915} INFO - Sync 1 DAGs
[2024-06-27T20:42:26.441+0000] {logging_mixin.py:151} INFO - [2024-06-27T20:42:26.441+0000] {dag.py:3696} INFO - Setting next_dagrun for example_branch_labels to 2024-06-26T00:00:00+00:00, run_after=2024-06-27T00:00:00+00:00
[2024-06-27T20:42:26.458+0000] {processor.py:179} INFO - Processing /home/airflow/.local/lib/python3.8/site-packages/airflow/example_dags/example_branch_labels.py took 0.073 seconds
[2024-06-27T20:42:56.880+0000] {processor.py:157} INFO - Started process (PID=719) to work on /home/airflow/.local/lib/python3.8/site-packages/airflow/example_dags/example_branch_labels.py
[2024-06-27T20:42:56.881+0000] {processor.py:829} INFO - Processing file /home/airflow/.local/lib/python3.8/site-packages/airflow/example_dags/example_branch_labels.py for tasks to queue
[2024-06-27T20:42:56.882+0000] {logging_mixin.py:151} INFO - [2024-06-27T20:42:56.882+0000] {dagbag.py:539} INFO - Filling up the DagBag from /home/airflow/.local/lib/python3.8/site-packages/airflow/example_dags/example_branch_labels.py
[2024-06-27T20:42:56.892+0000] {processor.py:839} INFO - DAG(s) dict_keys(['example_branch_labels']) retrieved from /home/airflow/.local/lib/python3.8/site-packages/airflow/example_dags/example_branch_labels.py
[2024-06-27T20:42:56.919+0000] {logging_mixin.py:151} INFO - [2024-06-27T20:42:56.919+0000] {dag.py:2915} INFO - Sync 1 DAGs
[2024-06-27T20:42:56.950+0000] {logging_mixin.py:151} INFO - [2024-06-27T20:42:56.950+0000] {dag.py:3696} INFO - Setting next_dagrun for example_branch_labels to 2024-06-26T00:00:00+00:00, run_after=2024-06-27T00:00:00+00:00
[2024-06-27T20:42:56.972+0000] {processor.py:179} INFO - Processing /home/airflow/.local/lib/python3.8/site-packages/airflow/example_dags/example_branch_labels.py took 0.096 seconds
[2024-06-27T20:43:27.926+0000] {processor.py:157} INFO - Started process (PID=962) to work on /home/airflow/.local/lib/python3.8/site-packages/airflow/example_dags/example_branch_labels.py
[2024-06-27T20:43:27.927+0000] {processor.py:829} INFO - Processing file /home/airflow/.local/lib/python3.8/site-packages/airflow/example_dags/example_branch_labels.py for tasks to queue
[2024-06-27T20:43:27.928+0000] {logging_mixin.py:151} INFO - [2024-06-27T20:43:27.927+0000] {dagbag.py:539} INFO - Filling up the DagBag from /home/airflow/.local/lib/python3.8/site-packages/airflow/example_dags/example_branch_labels.py
[2024-06-27T20:43:27.935+0000] {processor.py:839} INFO - DAG(s) dict_keys(['example_branch_labels']) retrieved from /home/airflow/.local/lib/python3.8/site-packages/airflow/example_dags/example_branch_labels.py
[2024-06-27T20:43:27.956+0000] {logging_mixin.py:151} INFO - [2024-06-27T20:43:27.956+0000] {dag.py:2915} INFO - Sync 1 DAGs
[2024-06-27T20:43:27.979+0000] {logging_mixin.py:151} INFO - [2024-06-27T20:43:27.979+0000] {dag.py:3696} INFO - Setting next_dagrun for example_branch_labels to 2024-06-26T00:00:00+00:00, run_after=2024-06-27T00:00:00+00:00
[2024-06-27T20:43:27.995+0000] {processor.py:179} INFO - Processing /home/airflow/.local/lib/python3.8/site-packages/airflow/example_dags/example_branch_labels.py took 0.072 seconds
[2024-06-27T20:43:58.761+0000] {processor.py:157} INFO - Started process (PID=1205) to work on /home/airflow/.local/lib/python3.8/site-packages/airflow/example_dags/example_branch_labels.py
[2024-06-27T20:43:58.761+0000] {processor.py:829} INFO - Processing file /home/airflow/.local/lib/python3.8/site-packages/airflow/example_dags/example_branch_labels.py for tasks to queue
[2024-06-27T20:43:58.762+0000] {logging_mixin.py:151} INFO - [2024-06-27T20:43:58.762+0000] {dagbag.py:539} INFO - Filling up the DagBag from /home/airflow/.local/lib/python3.8/site-packages/airflow/example_dags/example_branch_labels.py
[2024-06-27T20:43:58.770+0000] {processor.py:839} INFO - DAG(s) dict_keys(['example_branch_labels']) retrieved from /home/airflow/.local/lib/python3.8/site-packages/airflow/example_dags/example_branch_labels.py
[2024-06-27T20:43:58.795+0000] {logging_mixin.py:151} INFO - [2024-06-27T20:43:58.795+0000] {dag.py:2915} INFO - Sync 1 DAGs
[2024-06-27T20:43:58.824+0000] {logging_mixin.py:151} INFO - [2024-06-27T20:43:58.824+0000] {dag.py:3696} INFO - Setting next_dagrun for example_branch_labels to 2024-06-26T00:00:00+00:00, run_after=2024-06-27T00:00:00+00:00
[2024-06-27T20:43:58.851+0000] {processor.py:179} INFO - Processing /home/airflow/.local/lib/python3.8/site-packages/airflow/example_dags/example_branch_labels.py took 0.094 seconds
[2024-06-27T20:44:28.907+0000] {processor.py:157} INFO - Started process (PID=1447) to work on /home/airflow/.local/lib/python3.8/site-packages/airflow/example_dags/example_branch_labels.py
[2024-06-27T20:44:28.907+0000] {processor.py:829} INFO - Processing file /home/airflow/.local/lib/python3.8/site-packages/airflow/example_dags/example_branch_labels.py for tasks to queue
[2024-06-27T20:44:28.908+0000] {logging_mixin.py:151} INFO - [2024-06-27T20:44:28.908+0000] {dagbag.py:539} INFO - Filling up the DagBag from /home/airflow/.local/lib/python3.8/site-packages/airflow/example_dags/example_branch_labels.py
[2024-06-27T20:44:28.916+0000] {processor.py:839} INFO - DAG(s) dict_keys(['example_branch_labels']) retrieved from /home/airflow/.local/lib/python3.8/site-packages/airflow/example_dags/example_branch_labels.py
[2024-06-27T20:44:28.938+0000] {logging_mixin.py:151} INFO - [2024-06-27T20:44:28.938+0000] {dag.py:2915} INFO - Sync 1 DAGs
[2024-06-27T20:44:28.967+0000] {logging_mixin.py:151} INFO - [2024-06-27T20:44:28.967+0000] {dag.py:3696} INFO - Setting next_dagrun for example_branch_labels to 2024-06-26T00:00:00+00:00, run_after=2024-06-27T00:00:00+00:00
[2024-06-27T20:44:28.992+0000] {processor.py:179} INFO - Processing /home/airflow/.local/lib/python3.8/site-packages/airflow/example_dags/example_branch_labels.py took 0.088 seconds
[2024-06-27T20:44:59.334+0000] {processor.py:157} INFO - Started process (PID=1690) to work on /home/airflow/.local/lib/python3.8/site-packages/airflow/example_dags/example_branch_labels.py
[2024-06-27T20:44:59.335+0000] {processor.py:829} INFO - Processing file /home/airflow/.local/lib/python3.8/site-packages/airflow/example_dags/example_branch_labels.py for tasks to queue
[2024-06-27T20:44:59.336+0000] {logging_mixin.py:151} INFO - [2024-06-27T20:44:59.335+0000] {dagbag.py:539} INFO - Filling up the DagBag from /home/airflow/.local/lib/python3.8/site-packages/airflow/example_dags/example_branch_labels.py
[2024-06-27T20:44:59.344+0000] {processor.py:839} INFO - DAG(s) dict_keys(['example_branch_labels']) retrieved from /home/airflow/.local/lib/python3.8/site-packages/airflow/example_dags/example_branch_labels.py
[2024-06-27T20:44:59.365+0000] {logging_mixin.py:151} INFO - [2024-06-27T20:44:59.364+0000] {dag.py:2915} INFO - Sync 1 DAGs
[2024-06-27T20:44:59.387+0000] {logging_mixin.py:151} INFO - [2024-06-27T20:44:59.387+0000] {dag.py:3696} INFO - Setting next_dagrun for example_branch_labels to 2024-06-26T00:00:00+00:00, run_after=2024-06-27T00:00:00+00:00
[2024-06-27T20:44:59.405+0000] {processor.py:179} INFO - Processing /home/airflow/.local/lib/python3.8/site-packages/airflow/example_dags/example_branch_labels.py took 0.073 seconds
[2024-06-27T20:45:29.772+0000] {processor.py:157} INFO - Started process (PID=1932) to work on /home/airflow/.local/lib/python3.8/site-packages/airflow/example_dags/example_branch_labels.py
[2024-06-27T20:45:29.773+0000] {processor.py:829} INFO - Processing file /home/airflow/.local/lib/python3.8/site-packages/airflow/example_dags/example_branch_labels.py for tasks to queue
[2024-06-27T20:45:29.774+0000] {logging_mixin.py:151} INFO - [2024-06-27T20:45:29.773+0000] {dagbag.py:539} INFO - Filling up the DagBag from /home/airflow/.local/lib/python3.8/site-packages/airflow/example_dags/example_branch_labels.py
[2024-06-27T20:45:29.783+0000] {processor.py:839} INFO - DAG(s) dict_keys(['example_branch_labels']) retrieved from /home/airflow/.local/lib/python3.8/site-packages/airflow/example_dags/example_branch_labels.py
[2024-06-27T20:45:29.806+0000] {logging_mixin.py:151} INFO - [2024-06-27T20:45:29.806+0000] {dag.py:2915} INFO - Sync 1 DAGs
[2024-06-27T20:45:29.830+0000] {logging_mixin.py:151} INFO - [2024-06-27T20:45:29.830+0000] {dag.py:3696} INFO - Setting next_dagrun for example_branch_labels to 2024-06-26T00:00:00+00:00, run_after=2024-06-27T00:00:00+00:00
[2024-06-27T20:45:29.850+0000] {processor.py:179} INFO - Processing /home/airflow/.local/lib/python3.8/site-packages/airflow/example_dags/example_branch_labels.py took 0.082 seconds
[2024-06-27T20:46:00.050+0000] {processor.py:157} INFO - Started process (PID=2175) to work on /home/airflow/.local/lib/python3.8/site-packages/airflow/example_dags/example_branch_labels.py
[2024-06-27T20:46:00.051+0000] {processor.py:829} INFO - Processing file /home/airflow/.local/lib/python3.8/site-packages/airflow/example_dags/example_branch_labels.py for tasks to queue
[2024-06-27T20:46:00.052+0000] {logging_mixin.py:151} INFO - [2024-06-27T20:46:00.051+0000] {dagbag.py:539} INFO - Filling up the DagBag from /home/airflow/.local/lib/python3.8/site-packages/airflow/example_dags/example_branch_labels.py
[2024-06-27T20:46:00.060+0000] {processor.py:839} INFO - DAG(s) dict_keys(['example_branch_labels']) retrieved from /home/airflow/.local/lib/python3.8/site-packages/airflow/example_dags/example_branch_labels.py
[2024-06-27T20:46:00.083+0000] {logging_mixin.py:151} INFO - [2024-06-27T20:46:00.083+0000] {dag.py:2915} INFO - Sync 1 DAGs
[2024-06-27T20:46:00.108+0000] {logging_mixin.py:151} INFO - [2024-06-27T20:46:00.107+0000] {dag.py:3696} INFO - Setting next_dagrun for example_branch_labels to 2024-06-26T00:00:00+00:00, run_after=2024-06-27T00:00:00+00:00
[2024-06-27T20:46:00.126+0000] {processor.py:179} INFO - Processing /home/airflow/.local/lib/python3.8/site-packages/airflow/example_dags/example_branch_labels.py took 0.078 seconds
[2024-06-27T20:46:30.175+0000] {processor.py:157} INFO - Started process (PID=2418) to work on /home/airflow/.local/lib/python3.8/site-packages/airflow/example_dags/example_branch_labels.py
[2024-06-27T20:46:30.176+0000] {processor.py:829} INFO - Processing file /home/airflow/.local/lib/python3.8/site-packages/airflow/example_dags/example_branch_labels.py for tasks to queue
[2024-06-27T20:46:30.177+0000] {logging_mixin.py:151} INFO - [2024-06-27T20:46:30.176+0000] {dagbag.py:539} INFO - Filling up the DagBag from /home/airflow/.local/lib/python3.8/site-packages/airflow/example_dags/example_branch_labels.py
[2024-06-27T20:46:30.184+0000] {processor.py:839} INFO - DAG(s) dict_keys(['example_branch_labels']) retrieved from /home/airflow/.local/lib/python3.8/site-packages/airflow/example_dags/example_branch_labels.py
[2024-06-27T20:46:30.205+0000] {logging_mixin.py:151} INFO - [2024-06-27T20:46:30.205+0000] {dag.py:2915} INFO - Sync 1 DAGs
[2024-06-27T20:46:30.227+0000] {logging_mixin.py:151} INFO - [2024-06-27T20:46:30.227+0000] {dag.py:3696} INFO - Setting next_dagrun for example_branch_labels to 2024-06-26T00:00:00+00:00, run_after=2024-06-27T00:00:00+00:00
[2024-06-27T20:46:30.244+0000] {processor.py:179} INFO - Processing /home/airflow/.local/lib/python3.8/site-packages/airflow/example_dags/example_branch_labels.py took 0.072 seconds
[2024-06-27T20:47:01.165+0000] {processor.py:157} INFO - Started process (PID=2661) to work on /home/airflow/.local/lib/python3.8/site-packages/airflow/example_dags/example_branch_labels.py
[2024-06-27T20:47:01.165+0000] {processor.py:829} INFO - Processing file /home/airflow/.local/lib/python3.8/site-packages/airflow/example_dags/example_branch_labels.py for tasks to queue
[2024-06-27T20:47:01.166+0000] {logging_mixin.py:151} INFO - [2024-06-27T20:47:01.166+0000] {dagbag.py:539} INFO - Filling up the DagBag from /home/airflow/.local/lib/python3.8/site-packages/airflow/example_dags/example_branch_labels.py
[2024-06-27T20:47:01.174+0000] {processor.py:839} INFO - DAG(s) dict_keys(['example_branch_labels']) retrieved from /home/airflow/.local/lib/python3.8/site-packages/airflow/example_dags/example_branch_labels.py
[2024-06-27T20:47:01.195+0000] {logging_mixin.py:151} INFO - [2024-06-27T20:47:01.194+0000] {dag.py:2915} INFO - Sync 1 DAGs
[2024-06-27T20:47:01.218+0000] {logging_mixin.py:151} INFO - [2024-06-27T20:47:01.218+0000] {dag.py:3696} INFO - Setting next_dagrun for example_branch_labels to 2024-06-26T00:00:00+00:00, run_after=2024-06-27T00:00:00+00:00
[2024-06-27T20:47:01.236+0000] {processor.py:179} INFO - Processing /home/airflow/.local/lib/python3.8/site-packages/airflow/example_dags/example_branch_labels.py took 0.074 seconds
[2024-06-27T20:47:32.095+0000] {processor.py:157} INFO - Started process (PID=2904) to work on /home/airflow/.local/lib/python3.8/site-packages/airflow/example_dags/example_branch_labels.py
[2024-06-27T20:47:32.096+0000] {processor.py:829} INFO - Processing file /home/airflow/.local/lib/python3.8/site-packages/airflow/example_dags/example_branch_labels.py for tasks to queue
[2024-06-27T20:47:32.097+0000] {logging_mixin.py:151} INFO - [2024-06-27T20:47:32.097+0000] {dagbag.py:539} INFO - Filling up the DagBag from /home/airflow/.local/lib/python3.8/site-packages/airflow/example_dags/example_branch_labels.py
[2024-06-27T20:47:32.105+0000] {processor.py:839} INFO - DAG(s) dict_keys(['example_branch_labels']) retrieved from /home/airflow/.local/lib/python3.8/site-packages/airflow/example_dags/example_branch_labels.py
[2024-06-27T20:47:32.127+0000] {logging_mixin.py:151} INFO - [2024-06-27T20:47:32.127+0000] {dag.py:2915} INFO - Sync 1 DAGs
[2024-06-27T20:47:32.151+0000] {logging_mixin.py:151} INFO - [2024-06-27T20:47:32.151+0000] {dag.py:3696} INFO - Setting next_dagrun for example_branch_labels to 2024-06-26T00:00:00+00:00, run_after=2024-06-27T00:00:00+00:00
[2024-06-27T20:47:32.170+0000] {processor.py:179} INFO - Processing /home/airflow/.local/lib/python3.8/site-packages/airflow/example_dags/example_branch_labels.py took 0.079 seconds
[2024-06-27T20:48:03.000+0000] {processor.py:157} INFO - Started process (PID=3148) to work on /home/airflow/.local/lib/python3.8/site-packages/airflow/example_dags/example_branch_labels.py
[2024-06-27T20:48:03.001+0000] {processor.py:829} INFO - Processing file /home/airflow/.local/lib/python3.8/site-packages/airflow/example_dags/example_branch_labels.py for tasks to queue
[2024-06-27T20:48:03.002+0000] {logging_mixin.py:151} INFO - [2024-06-27T20:48:03.001+0000] {dagbag.py:539} INFO - Filling up the DagBag from /home/airflow/.local/lib/python3.8/site-packages/airflow/example_dags/example_branch_labels.py
[2024-06-27T20:48:03.010+0000] {processor.py:839} INFO - DAG(s) dict_keys(['example_branch_labels']) retrieved from /home/airflow/.local/lib/python3.8/site-packages/airflow/example_dags/example_branch_labels.py
[2024-06-27T20:48:03.033+0000] {logging_mixin.py:151} INFO - [2024-06-27T20:48:03.033+0000] {dag.py:2915} INFO - Sync 1 DAGs
[2024-06-27T20:48:03.058+0000] {logging_mixin.py:151} INFO - [2024-06-27T20:48:03.058+0000] {dag.py:3696} INFO - Setting next_dagrun for example_branch_labels to 2024-06-26T00:00:00+00:00, run_after=2024-06-27T00:00:00+00:00
[2024-06-27T20:48:03.076+0000] {processor.py:179} INFO - Processing /home/airflow/.local/lib/python3.8/site-packages/airflow/example_dags/example_branch_labels.py took 0.080 seconds
[2024-06-27T20:48:33.843+0000] {processor.py:157} INFO - Started process (PID=3391) to work on /home/airflow/.local/lib/python3.8/site-packages/airflow/example_dags/example_branch_labels.py
[2024-06-27T20:48:33.844+0000] {processor.py:829} INFO - Processing file /home/airflow/.local/lib/python3.8/site-packages/airflow/example_dags/example_branch_labels.py for tasks to queue
[2024-06-27T20:48:33.845+0000] {logging_mixin.py:151} INFO - [2024-06-27T20:48:33.845+0000] {dagbag.py:539} INFO - Filling up the DagBag from /home/airflow/.local/lib/python3.8/site-packages/airflow/example_dags/example_branch_labels.py
[2024-06-27T20:48:33.852+0000] {processor.py:839} INFO - DAG(s) dict_keys(['example_branch_labels']) retrieved from /home/airflow/.local/lib/python3.8/site-packages/airflow/example_dags/example_branch_labels.py
[2024-06-27T20:48:33.874+0000] {logging_mixin.py:151} INFO - [2024-06-27T20:48:33.874+0000] {dag.py:2915} INFO - Sync 1 DAGs
[2024-06-27T20:48:33.900+0000] {logging_mixin.py:151} INFO - [2024-06-27T20:48:33.900+0000] {dag.py:3696} INFO - Setting next_dagrun for example_branch_labels to 2024-06-26T00:00:00+00:00, run_after=2024-06-27T00:00:00+00:00
[2024-06-27T20:48:33.917+0000] {processor.py:179} INFO - Processing /home/airflow/.local/lib/python3.8/site-packages/airflow/example_dags/example_branch_labels.py took 0.077 seconds
[2024-06-27T20:49:04.846+0000] {processor.py:157} INFO - Started process (PID=3634) to work on /home/airflow/.local/lib/python3.8/site-packages/airflow/example_dags/example_branch_labels.py
[2024-06-27T20:49:04.846+0000] {processor.py:829} INFO - Processing file /home/airflow/.local/lib/python3.8/site-packages/airflow/example_dags/example_branch_labels.py for tasks to queue
[2024-06-27T20:49:04.847+0000] {logging_mixin.py:151} INFO - [2024-06-27T20:49:04.847+0000] {dagbag.py:539} INFO - Filling up the DagBag from /home/airflow/.local/lib/python3.8/site-packages/airflow/example_dags/example_branch_labels.py
[2024-06-27T20:49:04.856+0000] {processor.py:839} INFO - DAG(s) dict_keys(['example_branch_labels']) retrieved from /home/airflow/.local/lib/python3.8/site-packages/airflow/example_dags/example_branch_labels.py
[2024-06-27T20:49:04.877+0000] {logging_mixin.py:151} INFO - [2024-06-27T20:49:04.877+0000] {dag.py:2915} INFO - Sync 1 DAGs
[2024-06-27T20:49:04.899+0000] {logging_mixin.py:151} INFO - [2024-06-27T20:49:04.899+0000] {dag.py:3696} INFO - Setting next_dagrun for example_branch_labels to 2024-06-26T00:00:00+00:00, run_after=2024-06-27T00:00:00+00:00
[2024-06-27T20:49:04.916+0000] {processor.py:179} INFO - Processing /home/airflow/.local/lib/python3.8/site-packages/airflow/example_dags/example_branch_labels.py took 0.074 seconds
[2024-06-27T20:49:35.179+0000] {processor.py:157} INFO - Started process (PID=3877) to work on /home/airflow/.local/lib/python3.8/site-packages/airflow/example_dags/example_branch_labels.py
[2024-06-27T20:49:35.180+0000] {processor.py:829} INFO - Processing file /home/airflow/.local/lib/python3.8/site-packages/airflow/example_dags/example_branch_labels.py for tasks to queue
[2024-06-27T20:49:35.181+0000] {logging_mixin.py:151} INFO - [2024-06-27T20:49:35.180+0000] {dagbag.py:539} INFO - Filling up the DagBag from /home/airflow/.local/lib/python3.8/site-packages/airflow/example_dags/example_branch_labels.py
[2024-06-27T20:49:35.189+0000] {processor.py:839} INFO - DAG(s) dict_keys(['example_branch_labels']) retrieved from /home/airflow/.local/lib/python3.8/site-packages/airflow/example_dags/example_branch_labels.py
[2024-06-27T20:49:35.211+0000] {logging_mixin.py:151} INFO - [2024-06-27T20:49:35.210+0000] {dag.py:2915} INFO - Sync 1 DAGs
[2024-06-27T20:49:35.239+0000] {logging_mixin.py:151} INFO - [2024-06-27T20:49:35.239+0000] {dag.py:3696} INFO - Setting next_dagrun for example_branch_labels to 2024-06-26T00:00:00+00:00, run_after=2024-06-27T00:00:00+00:00
[2024-06-27T20:49:35.260+0000] {processor.py:179} INFO - Processing /home/airflow/.local/lib/python3.8/site-packages/airflow/example_dags/example_branch_labels.py took 0.085 seconds
