[2024-06-27T20:41:57.185+0000] {processor.py:157} INFO - Started process (PID=276) to work on /home/airflow/.local/lib/python3.8/site-packages/airflow/example_dags/example_nested_branch_dag.py
[2024-06-27T20:41:57.186+0000] {processor.py:829} INFO - Processing file /home/airflow/.local/lib/python3.8/site-packages/airflow/example_dags/example_nested_branch_dag.py for tasks to queue
[2024-06-27T20:41:57.187+0000] {logging_mixin.py:151} INFO - [2024-06-27T20:41:57.186+0000] {dagbag.py:539} INFO - Filling up the DagBag from /home/airflow/.local/lib/python3.8/site-packages/airflow/example_dags/example_nested_branch_dag.py
[2024-06-27T20:41:57.198+0000] {processor.py:839} INFO - DAG(s) dict_keys(['example_nested_branch_dag']) retrieved from /home/airflow/.local/lib/python3.8/site-packages/airflow/example_dags/example_nested_branch_dag.py
[2024-06-27T20:41:57.468+0000] {logging_mixin.py:151} INFO - [2024-06-27T20:41:57.467+0000] {manager.py:499} INFO - Created Permission View: %s
[2024-06-27T20:41:57.479+0000] {logging_mixin.py:151} INFO - [2024-06-27T20:41:57.478+0000] {manager.py:499} INFO - Created Permission View: %s
[2024-06-27T20:41:57.485+0000] {logging_mixin.py:151} INFO - [2024-06-27T20:41:57.485+0000] {manager.py:499} INFO - Created Permission View: %s
[2024-06-27T20:41:57.485+0000] {logging_mixin.py:151} INFO - [2024-06-27T20:41:57.485+0000] {security.py:708} INFO - Not syncing DAG-level permissions for DAG 'DAG:example_nested_branch_dag' as access control is unset.
[2024-06-27T20:41:57.486+0000] {logging_mixin.py:151} INFO - [2024-06-27T20:41:57.486+0000] {dag.py:2915} INFO - Sync 1 DAGs
[2024-06-27T20:41:57.497+0000] {logging_mixin.py:151} INFO - [2024-06-27T20:41:57.497+0000] {dag.py:2937} INFO - Creating ORM DAG for example_nested_branch_dag
[2024-06-27T20:41:57.508+0000] {logging_mixin.py:151} INFO - [2024-06-27T20:41:57.507+0000] {dag.py:3696} INFO - Setting next_dagrun for example_nested_branch_dag to 2024-06-26T00:00:00+00:00, run_after=2024-06-27T00:00:00+00:00
[2024-06-27T20:41:57.524+0000] {processor.py:179} INFO - Processing /home/airflow/.local/lib/python3.8/site-packages/airflow/example_dags/example_nested_branch_dag.py took 0.342 seconds
[2024-06-27T20:42:28.006+0000] {processor.py:157} INFO - Started process (PID=521) to work on /home/airflow/.local/lib/python3.8/site-packages/airflow/example_dags/example_nested_branch_dag.py
[2024-06-27T20:42:28.006+0000] {processor.py:829} INFO - Processing file /home/airflow/.local/lib/python3.8/site-packages/airflow/example_dags/example_nested_branch_dag.py for tasks to queue
[2024-06-27T20:42:28.007+0000] {logging_mixin.py:151} INFO - [2024-06-27T20:42:28.007+0000] {dagbag.py:539} INFO - Filling up the DagBag from /home/airflow/.local/lib/python3.8/site-packages/airflow/example_dags/example_nested_branch_dag.py
[2024-06-27T20:42:28.017+0000] {processor.py:839} INFO - DAG(s) dict_keys(['example_nested_branch_dag']) retrieved from /home/airflow/.local/lib/python3.8/site-packages/airflow/example_dags/example_nested_branch_dag.py
[2024-06-27T20:42:28.037+0000] {logging_mixin.py:151} INFO - [2024-06-27T20:42:28.037+0000] {dag.py:2915} INFO - Sync 1 DAGs
[2024-06-27T20:42:28.059+0000] {logging_mixin.py:151} INFO - [2024-06-27T20:42:28.059+0000] {dag.py:3696} INFO - Setting next_dagrun for example_nested_branch_dag to 2024-06-26T00:00:00+00:00, run_after=2024-06-27T00:00:00+00:00
[2024-06-27T20:42:28.077+0000] {processor.py:179} INFO - Processing /home/airflow/.local/lib/python3.8/site-packages/airflow/example_dags/example_nested_branch_dag.py took 0.074 seconds
[2024-06-27T20:42:58.456+0000] {processor.py:157} INFO - Started process (PID=762) to work on /home/airflow/.local/lib/python3.8/site-packages/airflow/example_dags/example_nested_branch_dag.py
[2024-06-27T20:42:58.457+0000] {processor.py:829} INFO - Processing file /home/airflow/.local/lib/python3.8/site-packages/airflow/example_dags/example_nested_branch_dag.py for tasks to queue
[2024-06-27T20:42:58.457+0000] {logging_mixin.py:151} INFO - [2024-06-27T20:42:58.457+0000] {dagbag.py:539} INFO - Filling up the DagBag from /home/airflow/.local/lib/python3.8/site-packages/airflow/example_dags/example_nested_branch_dag.py
[2024-06-27T20:42:58.469+0000] {processor.py:839} INFO - DAG(s) dict_keys(['example_nested_branch_dag']) retrieved from /home/airflow/.local/lib/python3.8/site-packages/airflow/example_dags/example_nested_branch_dag.py
[2024-06-27T20:42:58.491+0000] {logging_mixin.py:151} INFO - [2024-06-27T20:42:58.491+0000] {dag.py:2915} INFO - Sync 1 DAGs
[2024-06-27T20:42:58.516+0000] {logging_mixin.py:151} INFO - [2024-06-27T20:42:58.516+0000] {dag.py:3696} INFO - Setting next_dagrun for example_nested_branch_dag to 2024-06-26T00:00:00+00:00, run_after=2024-06-27T00:00:00+00:00
[2024-06-27T20:42:58.535+0000] {processor.py:179} INFO - Processing /home/airflow/.local/lib/python3.8/site-packages/airflow/example_dags/example_nested_branch_dag.py took 0.082 seconds
[2024-06-27T20:43:29.376+0000] {processor.py:157} INFO - Started process (PID=1005) to work on /home/airflow/.local/lib/python3.8/site-packages/airflow/example_dags/example_nested_branch_dag.py
[2024-06-27T20:43:29.377+0000] {processor.py:829} INFO - Processing file /home/airflow/.local/lib/python3.8/site-packages/airflow/example_dags/example_nested_branch_dag.py for tasks to queue
[2024-06-27T20:43:29.377+0000] {logging_mixin.py:151} INFO - [2024-06-27T20:43:29.377+0000] {dagbag.py:539} INFO - Filling up the DagBag from /home/airflow/.local/lib/python3.8/site-packages/airflow/example_dags/example_nested_branch_dag.py
[2024-06-27T20:43:29.387+0000] {processor.py:839} INFO - DAG(s) dict_keys(['example_nested_branch_dag']) retrieved from /home/airflow/.local/lib/python3.8/site-packages/airflow/example_dags/example_nested_branch_dag.py
[2024-06-27T20:43:29.410+0000] {logging_mixin.py:151} INFO - [2024-06-27T20:43:29.409+0000] {dag.py:2915} INFO - Sync 1 DAGs
[2024-06-27T20:43:29.434+0000] {logging_mixin.py:151} INFO - [2024-06-27T20:43:29.434+0000] {dag.py:3696} INFO - Setting next_dagrun for example_nested_branch_dag to 2024-06-26T00:00:00+00:00, run_after=2024-06-27T00:00:00+00:00
[2024-06-27T20:43:29.453+0000] {processor.py:179} INFO - Processing /home/airflow/.local/lib/python3.8/site-packages/airflow/example_dags/example_nested_branch_dag.py took 0.080 seconds
[2024-06-27T20:44:00.411+0000] {processor.py:157} INFO - Started process (PID=1248) to work on /home/airflow/.local/lib/python3.8/site-packages/airflow/example_dags/example_nested_branch_dag.py
[2024-06-27T20:44:00.412+0000] {processor.py:829} INFO - Processing file /home/airflow/.local/lib/python3.8/site-packages/airflow/example_dags/example_nested_branch_dag.py for tasks to queue
[2024-06-27T20:44:00.413+0000] {logging_mixin.py:151} INFO - [2024-06-27T20:44:00.413+0000] {dagbag.py:539} INFO - Filling up the DagBag from /home/airflow/.local/lib/python3.8/site-packages/airflow/example_dags/example_nested_branch_dag.py
[2024-06-27T20:44:00.431+0000] {processor.py:839} INFO - DAG(s) dict_keys(['example_nested_branch_dag']) retrieved from /home/airflow/.local/lib/python3.8/site-packages/airflow/example_dags/example_nested_branch_dag.py
[2024-06-27T20:44:00.457+0000] {logging_mixin.py:151} INFO - [2024-06-27T20:44:00.457+0000] {dag.py:2915} INFO - Sync 1 DAGs
[2024-06-27T20:44:00.487+0000] {logging_mixin.py:151} INFO - [2024-06-27T20:44:00.486+0000] {dag.py:3696} INFO - Setting next_dagrun for example_nested_branch_dag to 2024-06-26T00:00:00+00:00, run_after=2024-06-27T00:00:00+00:00
[2024-06-27T20:44:00.508+0000] {processor.py:179} INFO - Processing /home/airflow/.local/lib/python3.8/site-packages/airflow/example_dags/example_nested_branch_dag.py took 0.102 seconds
[2024-06-27T20:44:30.706+0000] {processor.py:157} INFO - Started process (PID=1490) to work on /home/airflow/.local/lib/python3.8/site-packages/airflow/example_dags/example_nested_branch_dag.py
[2024-06-27T20:44:30.707+0000] {processor.py:829} INFO - Processing file /home/airflow/.local/lib/python3.8/site-packages/airflow/example_dags/example_nested_branch_dag.py for tasks to queue
[2024-06-27T20:44:30.708+0000] {logging_mixin.py:151} INFO - [2024-06-27T20:44:30.708+0000] {dagbag.py:539} INFO - Filling up the DagBag from /home/airflow/.local/lib/python3.8/site-packages/airflow/example_dags/example_nested_branch_dag.py
[2024-06-27T20:44:30.721+0000] {processor.py:839} INFO - DAG(s) dict_keys(['example_nested_branch_dag']) retrieved from /home/airflow/.local/lib/python3.8/site-packages/airflow/example_dags/example_nested_branch_dag.py
[2024-06-27T20:44:30.755+0000] {logging_mixin.py:151} INFO - [2024-06-27T20:44:30.755+0000] {dag.py:2915} INFO - Sync 1 DAGs
[2024-06-27T20:44:30.800+0000] {logging_mixin.py:151} INFO - [2024-06-27T20:44:30.800+0000] {dag.py:3696} INFO - Setting next_dagrun for example_nested_branch_dag to 2024-06-26T00:00:00+00:00, run_after=2024-06-27T00:00:00+00:00
[2024-06-27T20:44:30.831+0000] {processor.py:179} INFO - Processing /home/airflow/.local/lib/python3.8/site-packages/airflow/example_dags/example_nested_branch_dag.py took 0.129 seconds
[2024-06-27T20:45:01.008+0000] {processor.py:157} INFO - Started process (PID=1735) to work on /home/airflow/.local/lib/python3.8/site-packages/airflow/example_dags/example_nested_branch_dag.py
[2024-06-27T20:45:01.009+0000] {processor.py:829} INFO - Processing file /home/airflow/.local/lib/python3.8/site-packages/airflow/example_dags/example_nested_branch_dag.py for tasks to queue
[2024-06-27T20:45:01.010+0000] {logging_mixin.py:151} INFO - [2024-06-27T20:45:01.010+0000] {dagbag.py:539} INFO - Filling up the DagBag from /home/airflow/.local/lib/python3.8/site-packages/airflow/example_dags/example_nested_branch_dag.py
[2024-06-27T20:45:01.019+0000] {processor.py:839} INFO - DAG(s) dict_keys(['example_nested_branch_dag']) retrieved from /home/airflow/.local/lib/python3.8/site-packages/airflow/example_dags/example_nested_branch_dag.py
[2024-06-27T20:45:01.041+0000] {logging_mixin.py:151} INFO - [2024-06-27T20:45:01.040+0000] {dag.py:2915} INFO - Sync 1 DAGs
[2024-06-27T20:45:01.063+0000] {logging_mixin.py:151} INFO - [2024-06-27T20:45:01.062+0000] {dag.py:3696} INFO - Setting next_dagrun for example_nested_branch_dag to 2024-06-26T00:00:00+00:00, run_after=2024-06-27T00:00:00+00:00
[2024-06-27T20:45:01.082+0000] {processor.py:179} INFO - Processing /home/airflow/.local/lib/python3.8/site-packages/airflow/example_dags/example_nested_branch_dag.py took 0.076 seconds
[2024-06-27T20:45:31.391+0000] {processor.py:157} INFO - Started process (PID=1977) to work on /home/airflow/.local/lib/python3.8/site-packages/airflow/example_dags/example_nested_branch_dag.py
[2024-06-27T20:45:31.391+0000] {processor.py:829} INFO - Processing file /home/airflow/.local/lib/python3.8/site-packages/airflow/example_dags/example_nested_branch_dag.py for tasks to queue
[2024-06-27T20:45:31.392+0000] {logging_mixin.py:151} INFO - [2024-06-27T20:45:31.392+0000] {dagbag.py:539} INFO - Filling up the DagBag from /home/airflow/.local/lib/python3.8/site-packages/airflow/example_dags/example_nested_branch_dag.py
[2024-06-27T20:45:31.401+0000] {processor.py:839} INFO - DAG(s) dict_keys(['example_nested_branch_dag']) retrieved from /home/airflow/.local/lib/python3.8/site-packages/airflow/example_dags/example_nested_branch_dag.py
[2024-06-27T20:45:31.424+0000] {logging_mixin.py:151} INFO - [2024-06-27T20:45:31.423+0000] {dag.py:2915} INFO - Sync 1 DAGs
[2024-06-27T20:45:31.448+0000] {logging_mixin.py:151} INFO - [2024-06-27T20:45:31.448+0000] {dag.py:3696} INFO - Setting next_dagrun for example_nested_branch_dag to 2024-06-26T00:00:00+00:00, run_after=2024-06-27T00:00:00+00:00
[2024-06-27T20:45:31.467+0000] {processor.py:179} INFO - Processing /home/airflow/.local/lib/python3.8/site-packages/airflow/example_dags/example_nested_branch_dag.py took 0.079 seconds
[2024-06-27T20:46:01.649+0000] {processor.py:157} INFO - Started process (PID=2220) to work on /home/airflow/.local/lib/python3.8/site-packages/airflow/example_dags/example_nested_branch_dag.py
[2024-06-27T20:46:01.650+0000] {processor.py:829} INFO - Processing file /home/airflow/.local/lib/python3.8/site-packages/airflow/example_dags/example_nested_branch_dag.py for tasks to queue
[2024-06-27T20:46:01.651+0000] {logging_mixin.py:151} INFO - [2024-06-27T20:46:01.650+0000] {dagbag.py:539} INFO - Filling up the DagBag from /home/airflow/.local/lib/python3.8/site-packages/airflow/example_dags/example_nested_branch_dag.py
[2024-06-27T20:46:01.660+0000] {processor.py:839} INFO - DAG(s) dict_keys(['example_nested_branch_dag']) retrieved from /home/airflow/.local/lib/python3.8/site-packages/airflow/example_dags/example_nested_branch_dag.py
[2024-06-27T20:46:01.683+0000] {logging_mixin.py:151} INFO - [2024-06-27T20:46:01.683+0000] {dag.py:2915} INFO - Sync 1 DAGs
[2024-06-27T20:46:01.706+0000] {logging_mixin.py:151} INFO - [2024-06-27T20:46:01.705+0000] {dag.py:3696} INFO - Setting next_dagrun for example_nested_branch_dag to 2024-06-26T00:00:00+00:00, run_after=2024-06-27T00:00:00+00:00
[2024-06-27T20:46:01.723+0000] {processor.py:179} INFO - Processing /home/airflow/.local/lib/python3.8/site-packages/airflow/example_dags/example_nested_branch_dag.py took 0.077 seconds
[2024-06-27T20:46:32.536+0000] {processor.py:157} INFO - Started process (PID=2461) to work on /home/airflow/.local/lib/python3.8/site-packages/airflow/example_dags/example_nested_branch_dag.py
[2024-06-27T20:46:32.537+0000] {processor.py:829} INFO - Processing file /home/airflow/.local/lib/python3.8/site-packages/airflow/example_dags/example_nested_branch_dag.py for tasks to queue
[2024-06-27T20:46:32.538+0000] {logging_mixin.py:151} INFO - [2024-06-27T20:46:32.538+0000] {dagbag.py:539} INFO - Filling up the DagBag from /home/airflow/.local/lib/python3.8/site-packages/airflow/example_dags/example_nested_branch_dag.py
[2024-06-27T20:46:32.547+0000] {processor.py:839} INFO - DAG(s) dict_keys(['example_nested_branch_dag']) retrieved from /home/airflow/.local/lib/python3.8/site-packages/airflow/example_dags/example_nested_branch_dag.py
[2024-06-27T20:46:32.569+0000] {logging_mixin.py:151} INFO - [2024-06-27T20:46:32.568+0000] {dag.py:2915} INFO - Sync 1 DAGs
[2024-06-27T20:46:32.592+0000] {logging_mixin.py:151} INFO - [2024-06-27T20:46:32.591+0000] {dag.py:3696} INFO - Setting next_dagrun for example_nested_branch_dag to 2024-06-26T00:00:00+00:00, run_after=2024-06-27T00:00:00+00:00
[2024-06-27T20:46:32.611+0000] {processor.py:179} INFO - Processing /home/airflow/.local/lib/python3.8/site-packages/airflow/example_dags/example_nested_branch_dag.py took 0.078 seconds
[2024-06-27T20:47:03.569+0000] {processor.py:157} INFO - Started process (PID=2704) to work on /home/airflow/.local/lib/python3.8/site-packages/airflow/example_dags/example_nested_branch_dag.py
[2024-06-27T20:47:03.570+0000] {processor.py:829} INFO - Processing file /home/airflow/.local/lib/python3.8/site-packages/airflow/example_dags/example_nested_branch_dag.py for tasks to queue
[2024-06-27T20:47:03.570+0000] {logging_mixin.py:151} INFO - [2024-06-27T20:47:03.570+0000] {dagbag.py:539} INFO - Filling up the DagBag from /home/airflow/.local/lib/python3.8/site-packages/airflow/example_dags/example_nested_branch_dag.py
[2024-06-27T20:47:03.581+0000] {processor.py:839} INFO - DAG(s) dict_keys(['example_nested_branch_dag']) retrieved from /home/airflow/.local/lib/python3.8/site-packages/airflow/example_dags/example_nested_branch_dag.py
[2024-06-27T20:47:03.603+0000] {logging_mixin.py:151} INFO - [2024-06-27T20:47:03.603+0000] {dag.py:2915} INFO - Sync 1 DAGs
[2024-06-27T20:47:03.628+0000] {logging_mixin.py:151} INFO - [2024-06-27T20:47:03.628+0000] {dag.py:3696} INFO - Setting next_dagrun for example_nested_branch_dag to 2024-06-26T00:00:00+00:00, run_after=2024-06-27T00:00:00+00:00
[2024-06-27T20:47:03.657+0000] {processor.py:179} INFO - Processing /home/airflow/.local/lib/python3.8/site-packages/airflow/example_dags/example_nested_branch_dag.py took 0.091 seconds
[2024-06-27T20:47:34.504+0000] {processor.py:157} INFO - Started process (PID=2947) to work on /home/airflow/.local/lib/python3.8/site-packages/airflow/example_dags/example_nested_branch_dag.py
[2024-06-27T20:47:34.505+0000] {processor.py:829} INFO - Processing file /home/airflow/.local/lib/python3.8/site-packages/airflow/example_dags/example_nested_branch_dag.py for tasks to queue
[2024-06-27T20:47:34.506+0000] {logging_mixin.py:151} INFO - [2024-06-27T20:47:34.506+0000] {dagbag.py:539} INFO - Filling up the DagBag from /home/airflow/.local/lib/python3.8/site-packages/airflow/example_dags/example_nested_branch_dag.py
[2024-06-27T20:47:34.516+0000] {processor.py:839} INFO - DAG(s) dict_keys(['example_nested_branch_dag']) retrieved from /home/airflow/.local/lib/python3.8/site-packages/airflow/example_dags/example_nested_branch_dag.py
[2024-06-27T20:47:34.537+0000] {logging_mixin.py:151} INFO - [2024-06-27T20:47:34.537+0000] {dag.py:2915} INFO - Sync 1 DAGs
[2024-06-27T20:47:34.566+0000] {logging_mixin.py:151} INFO - [2024-06-27T20:47:34.566+0000] {dag.py:3696} INFO - Setting next_dagrun for example_nested_branch_dag to 2024-06-26T00:00:00+00:00, run_after=2024-06-27T00:00:00+00:00
[2024-06-27T20:47:34.585+0000] {processor.py:179} INFO - Processing /home/airflow/.local/lib/python3.8/site-packages/airflow/example_dags/example_nested_branch_dag.py took 0.084 seconds
[2024-06-27T20:48:05.331+0000] {processor.py:157} INFO - Started process (PID=3191) to work on /home/airflow/.local/lib/python3.8/site-packages/airflow/example_dags/example_nested_branch_dag.py
[2024-06-27T20:48:05.332+0000] {processor.py:829} INFO - Processing file /home/airflow/.local/lib/python3.8/site-packages/airflow/example_dags/example_nested_branch_dag.py for tasks to queue
[2024-06-27T20:48:05.333+0000] {logging_mixin.py:151} INFO - [2024-06-27T20:48:05.333+0000] {dagbag.py:539} INFO - Filling up the DagBag from /home/airflow/.local/lib/python3.8/site-packages/airflow/example_dags/example_nested_branch_dag.py
[2024-06-27T20:48:05.343+0000] {processor.py:839} INFO - DAG(s) dict_keys(['example_nested_branch_dag']) retrieved from /home/airflow/.local/lib/python3.8/site-packages/airflow/example_dags/example_nested_branch_dag.py
[2024-06-27T20:48:05.365+0000] {logging_mixin.py:151} INFO - [2024-06-27T20:48:05.365+0000] {dag.py:2915} INFO - Sync 1 DAGs
[2024-06-27T20:48:05.389+0000] {logging_mixin.py:151} INFO - [2024-06-27T20:48:05.389+0000] {dag.py:3696} INFO - Setting next_dagrun for example_nested_branch_dag to 2024-06-26T00:00:00+00:00, run_after=2024-06-27T00:00:00+00:00
[2024-06-27T20:48:05.410+0000] {processor.py:179} INFO - Processing /home/airflow/.local/lib/python3.8/site-packages/airflow/example_dags/example_nested_branch_dag.py took 0.082 seconds
[2024-06-27T20:48:36.259+0000] {processor.py:157} INFO - Started process (PID=3434) to work on /home/airflow/.local/lib/python3.8/site-packages/airflow/example_dags/example_nested_branch_dag.py
[2024-06-27T20:48:36.259+0000] {processor.py:829} INFO - Processing file /home/airflow/.local/lib/python3.8/site-packages/airflow/example_dags/example_nested_branch_dag.py for tasks to queue
[2024-06-27T20:48:36.260+0000] {logging_mixin.py:151} INFO - [2024-06-27T20:48:36.260+0000] {dagbag.py:539} INFO - Filling up the DagBag from /home/airflow/.local/lib/python3.8/site-packages/airflow/example_dags/example_nested_branch_dag.py
[2024-06-27T20:48:36.270+0000] {processor.py:839} INFO - DAG(s) dict_keys(['example_nested_branch_dag']) retrieved from /home/airflow/.local/lib/python3.8/site-packages/airflow/example_dags/example_nested_branch_dag.py
[2024-06-27T20:48:36.291+0000] {logging_mixin.py:151} INFO - [2024-06-27T20:48:36.291+0000] {dag.py:2915} INFO - Sync 1 DAGs
[2024-06-27T20:48:36.314+0000] {logging_mixin.py:151} INFO - [2024-06-27T20:48:36.314+0000] {dag.py:3696} INFO - Setting next_dagrun for example_nested_branch_dag to 2024-06-26T00:00:00+00:00, run_after=2024-06-27T00:00:00+00:00
[2024-06-27T20:48:36.333+0000] {processor.py:179} INFO - Processing /home/airflow/.local/lib/python3.8/site-packages/airflow/example_dags/example_nested_branch_dag.py took 0.078 seconds
[2024-06-27T20:49:07.259+0000] {processor.py:157} INFO - Started process (PID=3677) to work on /home/airflow/.local/lib/python3.8/site-packages/airflow/example_dags/example_nested_branch_dag.py
[2024-06-27T20:49:07.260+0000] {processor.py:829} INFO - Processing file /home/airflow/.local/lib/python3.8/site-packages/airflow/example_dags/example_nested_branch_dag.py for tasks to queue
[2024-06-27T20:49:07.260+0000] {logging_mixin.py:151} INFO - [2024-06-27T20:49:07.260+0000] {dagbag.py:539} INFO - Filling up the DagBag from /home/airflow/.local/lib/python3.8/site-packages/airflow/example_dags/example_nested_branch_dag.py
[2024-06-27T20:49:07.274+0000] {processor.py:839} INFO - DAG(s) dict_keys(['example_nested_branch_dag']) retrieved from /home/airflow/.local/lib/python3.8/site-packages/airflow/example_dags/example_nested_branch_dag.py
[2024-06-27T20:49:07.301+0000] {logging_mixin.py:151} INFO - [2024-06-27T20:49:07.300+0000] {dag.py:2915} INFO - Sync 1 DAGs
[2024-06-27T20:49:07.329+0000] {logging_mixin.py:151} INFO - [2024-06-27T20:49:07.329+0000] {dag.py:3696} INFO - Setting next_dagrun for example_nested_branch_dag to 2024-06-26T00:00:00+00:00, run_after=2024-06-27T00:00:00+00:00
[2024-06-27T20:49:07.353+0000] {processor.py:179} INFO - Processing /home/airflow/.local/lib/python3.8/site-packages/airflow/example_dags/example_nested_branch_dag.py took 0.097 seconds
[2024-06-27T20:49:37.535+0000] {processor.py:157} INFO - Started process (PID=3917) to work on /home/airflow/.local/lib/python3.8/site-packages/airflow/example_dags/example_nested_branch_dag.py
[2024-06-27T20:49:37.535+0000] {processor.py:829} INFO - Processing file /home/airflow/.local/lib/python3.8/site-packages/airflow/example_dags/example_nested_branch_dag.py for tasks to queue
[2024-06-27T20:49:37.536+0000] {logging_mixin.py:151} INFO - [2024-06-27T20:49:37.536+0000] {dagbag.py:539} INFO - Filling up the DagBag from /home/airflow/.local/lib/python3.8/site-packages/airflow/example_dags/example_nested_branch_dag.py
[2024-06-27T20:49:37.547+0000] {processor.py:839} INFO - DAG(s) dict_keys(['example_nested_branch_dag']) retrieved from /home/airflow/.local/lib/python3.8/site-packages/airflow/example_dags/example_nested_branch_dag.py
[2024-06-27T20:49:37.568+0000] {logging_mixin.py:151} INFO - [2024-06-27T20:49:37.568+0000] {dag.py:2915} INFO - Sync 1 DAGs
[2024-06-27T20:49:37.590+0000] {logging_mixin.py:151} INFO - [2024-06-27T20:49:37.590+0000] {dag.py:3696} INFO - Setting next_dagrun for example_nested_branch_dag to 2024-06-26T00:00:00+00:00, run_after=2024-06-27T00:00:00+00:00
[2024-06-27T20:49:37.607+0000] {processor.py:179} INFO - Processing /home/airflow/.local/lib/python3.8/site-packages/airflow/example_dags/example_nested_branch_dag.py took 0.077 seconds
