[2024-06-27T20:41:54.846+0000] {processor.py:157} INFO - Started process (PID=213) to work on /home/airflow/.local/lib/python3.8/site-packages/airflow/example_dags/example_branch_day_of_week_operator.py
[2024-06-27T20:41:54.847+0000] {processor.py:829} INFO - Processing file /home/airflow/.local/lib/python3.8/site-packages/airflow/example_dags/example_branch_day_of_week_operator.py for tasks to queue
[2024-06-27T20:41:54.848+0000] {logging_mixin.py:151} INFO - [2024-06-27T20:41:54.848+0000] {dagbag.py:539} INFO - Filling up the DagBag from /home/airflow/.local/lib/python3.8/site-packages/airflow/example_dags/example_branch_day_of_week_operator.py
[2024-06-27T20:41:54.861+0000] {processor.py:839} INFO - DAG(s) dict_keys(['example_weekday_branch_operator']) retrieved from /home/airflow/.local/lib/python3.8/site-packages/airflow/example_dags/example_branch_day_of_week_operator.py
[2024-06-27T20:41:55.085+0000] {logging_mixin.py:151} INFO - [2024-06-27T20:41:55.084+0000] {manager.py:499} INFO - Created Permission View: %s
[2024-06-27T20:41:55.095+0000] {logging_mixin.py:151} INFO - [2024-06-27T20:41:55.095+0000] {manager.py:499} INFO - Created Permission View: %s
[2024-06-27T20:41:55.103+0000] {logging_mixin.py:151} INFO - [2024-06-27T20:41:55.102+0000] {manager.py:499} INFO - Created Permission View: %s
[2024-06-27T20:41:55.103+0000] {logging_mixin.py:151} INFO - [2024-06-27T20:41:55.103+0000] {security.py:708} INFO - Not syncing DAG-level permissions for DAG 'DAG:example_weekday_branch_operator' as access control is unset.
[2024-06-27T20:41:55.103+0000] {logging_mixin.py:151} INFO - [2024-06-27T20:41:55.103+0000] {dag.py:2915} INFO - Sync 1 DAGs
[2024-06-27T20:41:55.114+0000] {logging_mixin.py:151} INFO - [2024-06-27T20:41:55.114+0000] {dag.py:2937} INFO - Creating ORM DAG for example_weekday_branch_operator
[2024-06-27T20:41:55.129+0000] {logging_mixin.py:151} INFO - [2024-06-27T20:41:55.128+0000] {dag.py:3696} INFO - Setting next_dagrun for example_weekday_branch_operator to 2024-06-26T00:00:00+00:00, run_after=2024-06-27T00:00:00+00:00
[2024-06-27T20:41:55.149+0000] {processor.py:179} INFO - Processing /home/airflow/.local/lib/python3.8/site-packages/airflow/example_dags/example_branch_day_of_week_operator.py took 0.306 seconds
[2024-06-27T20:42:25.190+0000] {processor.py:157} INFO - Started process (PID=454) to work on /home/airflow/.local/lib/python3.8/site-packages/airflow/example_dags/example_branch_day_of_week_operator.py
[2024-06-27T20:42:25.191+0000] {processor.py:829} INFO - Processing file /home/airflow/.local/lib/python3.8/site-packages/airflow/example_dags/example_branch_day_of_week_operator.py for tasks to queue
[2024-06-27T20:42:25.192+0000] {logging_mixin.py:151} INFO - [2024-06-27T20:42:25.191+0000] {dagbag.py:539} INFO - Filling up the DagBag from /home/airflow/.local/lib/python3.8/site-packages/airflow/example_dags/example_branch_day_of_week_operator.py
[2024-06-27T20:42:25.200+0000] {processor.py:839} INFO - DAG(s) dict_keys(['example_weekday_branch_operator']) retrieved from /home/airflow/.local/lib/python3.8/site-packages/airflow/example_dags/example_branch_day_of_week_operator.py
[2024-06-27T20:42:25.220+0000] {logging_mixin.py:151} INFO - [2024-06-27T20:42:25.220+0000] {dag.py:2915} INFO - Sync 1 DAGs
[2024-06-27T20:42:25.244+0000] {logging_mixin.py:151} INFO - [2024-06-27T20:42:25.244+0000] {dag.py:3696} INFO - Setting next_dagrun for example_weekday_branch_operator to 2024-06-26T00:00:00+00:00, run_after=2024-06-27T00:00:00+00:00
[2024-06-27T20:42:25.261+0000] {processor.py:179} INFO - Processing /home/airflow/.local/lib/python3.8/site-packages/airflow/example_dags/example_branch_day_of_week_operator.py took 0.074 seconds
[2024-06-27T20:42:55.619+0000] {processor.py:157} INFO - Started process (PID=697) to work on /home/airflow/.local/lib/python3.8/site-packages/airflow/example_dags/example_branch_day_of_week_operator.py
[2024-06-27T20:42:55.620+0000] {processor.py:829} INFO - Processing file /home/airflow/.local/lib/python3.8/site-packages/airflow/example_dags/example_branch_day_of_week_operator.py for tasks to queue
[2024-06-27T20:42:55.621+0000] {logging_mixin.py:151} INFO - [2024-06-27T20:42:55.621+0000] {dagbag.py:539} INFO - Filling up the DagBag from /home/airflow/.local/lib/python3.8/site-packages/airflow/example_dags/example_branch_day_of_week_operator.py
[2024-06-27T20:42:55.629+0000] {processor.py:839} INFO - DAG(s) dict_keys(['example_weekday_branch_operator']) retrieved from /home/airflow/.local/lib/python3.8/site-packages/airflow/example_dags/example_branch_day_of_week_operator.py
[2024-06-27T20:42:55.662+0000] {logging_mixin.py:151} INFO - [2024-06-27T20:42:55.661+0000] {dag.py:2915} INFO - Sync 1 DAGs
[2024-06-27T20:42:55.693+0000] {logging_mixin.py:151} INFO - [2024-06-27T20:42:55.692+0000] {dag.py:3696} INFO - Setting next_dagrun for example_weekday_branch_operator to 2024-06-26T00:00:00+00:00, run_after=2024-06-27T00:00:00+00:00
[2024-06-27T20:42:55.715+0000] {processor.py:179} INFO - Processing /home/airflow/.local/lib/python3.8/site-packages/airflow/example_dags/example_branch_day_of_week_operator.py took 0.099 seconds
[2024-06-27T20:43:25.792+0000] {processor.py:157} INFO - Started process (PID=940) to work on /home/airflow/.local/lib/python3.8/site-packages/airflow/example_dags/example_branch_day_of_week_operator.py
[2024-06-27T20:43:25.793+0000] {processor.py:829} INFO - Processing file /home/airflow/.local/lib/python3.8/site-packages/airflow/example_dags/example_branch_day_of_week_operator.py for tasks to queue
[2024-06-27T20:43:25.794+0000] {logging_mixin.py:151} INFO - [2024-06-27T20:43:25.794+0000] {dagbag.py:539} INFO - Filling up the DagBag from /home/airflow/.local/lib/python3.8/site-packages/airflow/example_dags/example_branch_day_of_week_operator.py
[2024-06-27T20:43:25.801+0000] {processor.py:839} INFO - DAG(s) dict_keys(['example_weekday_branch_operator']) retrieved from /home/airflow/.local/lib/python3.8/site-packages/airflow/example_dags/example_branch_day_of_week_operator.py
[2024-06-27T20:43:25.824+0000] {logging_mixin.py:151} INFO - [2024-06-27T20:43:25.824+0000] {dag.py:2915} INFO - Sync 1 DAGs
[2024-06-27T20:43:25.849+0000] {logging_mixin.py:151} INFO - [2024-06-27T20:43:25.849+0000] {dag.py:3696} INFO - Setting next_dagrun for example_weekday_branch_operator to 2024-06-26T00:00:00+00:00, run_after=2024-06-27T00:00:00+00:00
[2024-06-27T20:43:25.867+0000] {processor.py:179} INFO - Processing /home/airflow/.local/lib/python3.8/site-packages/airflow/example_dags/example_branch_day_of_week_operator.py took 0.078 seconds
[2024-06-27T20:43:56.435+0000] {processor.py:157} INFO - Started process (PID=1183) to work on /home/airflow/.local/lib/python3.8/site-packages/airflow/example_dags/example_branch_day_of_week_operator.py
[2024-06-27T20:43:56.436+0000] {processor.py:829} INFO - Processing file /home/airflow/.local/lib/python3.8/site-packages/airflow/example_dags/example_branch_day_of_week_operator.py for tasks to queue
[2024-06-27T20:43:56.437+0000] {logging_mixin.py:151} INFO - [2024-06-27T20:43:56.437+0000] {dagbag.py:539} INFO - Filling up the DagBag from /home/airflow/.local/lib/python3.8/site-packages/airflow/example_dags/example_branch_day_of_week_operator.py
[2024-06-27T20:43:56.451+0000] {processor.py:839} INFO - DAG(s) dict_keys(['example_weekday_branch_operator']) retrieved from /home/airflow/.local/lib/python3.8/site-packages/airflow/example_dags/example_branch_day_of_week_operator.py
[2024-06-27T20:43:56.496+0000] {logging_mixin.py:151} INFO - [2024-06-27T20:43:56.496+0000] {dag.py:2915} INFO - Sync 1 DAGs
[2024-06-27T20:43:56.544+0000] {logging_mixin.py:151} INFO - [2024-06-27T20:43:56.543+0000] {dag.py:3696} INFO - Setting next_dagrun for example_weekday_branch_operator to 2024-06-26T00:00:00+00:00, run_after=2024-06-27T00:00:00+00:00
[2024-06-27T20:43:56.583+0000] {processor.py:179} INFO - Processing /home/airflow/.local/lib/python3.8/site-packages/airflow/example_dags/example_branch_day_of_week_operator.py took 0.152 seconds
[2024-06-27T20:44:26.658+0000] {processor.py:157} INFO - Started process (PID=1425) to work on /home/airflow/.local/lib/python3.8/site-packages/airflow/example_dags/example_branch_day_of_week_operator.py
[2024-06-27T20:44:26.659+0000] {processor.py:829} INFO - Processing file /home/airflow/.local/lib/python3.8/site-packages/airflow/example_dags/example_branch_day_of_week_operator.py for tasks to queue
[2024-06-27T20:44:26.660+0000] {logging_mixin.py:151} INFO - [2024-06-27T20:44:26.659+0000] {dagbag.py:539} INFO - Filling up the DagBag from /home/airflow/.local/lib/python3.8/site-packages/airflow/example_dags/example_branch_day_of_week_operator.py
[2024-06-27T20:44:26.667+0000] {processor.py:839} INFO - DAG(s) dict_keys(['example_weekday_branch_operator']) retrieved from /home/airflow/.local/lib/python3.8/site-packages/airflow/example_dags/example_branch_day_of_week_operator.py
[2024-06-27T20:44:26.687+0000] {logging_mixin.py:151} INFO - [2024-06-27T20:44:26.687+0000] {dag.py:2915} INFO - Sync 1 DAGs
[2024-06-27T20:44:26.712+0000] {logging_mixin.py:151} INFO - [2024-06-27T20:44:26.712+0000] {dag.py:3696} INFO - Setting next_dagrun for example_weekday_branch_operator to 2024-06-26T00:00:00+00:00, run_after=2024-06-27T00:00:00+00:00
[2024-06-27T20:44:26.732+0000] {processor.py:179} INFO - Processing /home/airflow/.local/lib/python3.8/site-packages/airflow/example_dags/example_branch_day_of_week_operator.py took 0.077 seconds
[2024-06-27T20:44:57.207+0000] {processor.py:157} INFO - Started process (PID=1668) to work on /home/airflow/.local/lib/python3.8/site-packages/airflow/example_dags/example_branch_day_of_week_operator.py
[2024-06-27T20:44:57.208+0000] {processor.py:829} INFO - Processing file /home/airflow/.local/lib/python3.8/site-packages/airflow/example_dags/example_branch_day_of_week_operator.py for tasks to queue
[2024-06-27T20:44:57.208+0000] {logging_mixin.py:151} INFO - [2024-06-27T20:44:57.208+0000] {dagbag.py:539} INFO - Filling up the DagBag from /home/airflow/.local/lib/python3.8/site-packages/airflow/example_dags/example_branch_day_of_week_operator.py
[2024-06-27T20:44:57.215+0000] {processor.py:839} INFO - DAG(s) dict_keys(['example_weekday_branch_operator']) retrieved from /home/airflow/.local/lib/python3.8/site-packages/airflow/example_dags/example_branch_day_of_week_operator.py
[2024-06-27T20:44:57.236+0000] {logging_mixin.py:151} INFO - [2024-06-27T20:44:57.236+0000] {dag.py:2915} INFO - Sync 1 DAGs
[2024-06-27T20:44:57.259+0000] {logging_mixin.py:151} INFO - [2024-06-27T20:44:57.259+0000] {dag.py:3696} INFO - Setting next_dagrun for example_weekday_branch_operator to 2024-06-26T00:00:00+00:00, run_after=2024-06-27T00:00:00+00:00
[2024-06-27T20:44:57.276+0000] {processor.py:179} INFO - Processing /home/airflow/.local/lib/python3.8/site-packages/airflow/example_dags/example_branch_day_of_week_operator.py took 0.072 seconds
[2024-06-27T20:45:27.606+0000] {processor.py:157} INFO - Started process (PID=1910) to work on /home/airflow/.local/lib/python3.8/site-packages/airflow/example_dags/example_branch_day_of_week_operator.py
[2024-06-27T20:45:27.607+0000] {processor.py:829} INFO - Processing file /home/airflow/.local/lib/python3.8/site-packages/airflow/example_dags/example_branch_day_of_week_operator.py for tasks to queue
[2024-06-27T20:45:27.608+0000] {logging_mixin.py:151} INFO - [2024-06-27T20:45:27.608+0000] {dagbag.py:539} INFO - Filling up the DagBag from /home/airflow/.local/lib/python3.8/site-packages/airflow/example_dags/example_branch_day_of_week_operator.py
[2024-06-27T20:45:27.615+0000] {processor.py:839} INFO - DAG(s) dict_keys(['example_weekday_branch_operator']) retrieved from /home/airflow/.local/lib/python3.8/site-packages/airflow/example_dags/example_branch_day_of_week_operator.py
[2024-06-27T20:45:27.639+0000] {logging_mixin.py:151} INFO - [2024-06-27T20:45:27.639+0000] {dag.py:2915} INFO - Sync 1 DAGs
[2024-06-27T20:45:27.670+0000] {logging_mixin.py:151} INFO - [2024-06-27T20:45:27.670+0000] {dag.py:3696} INFO - Setting next_dagrun for example_weekday_branch_operator to 2024-06-26T00:00:00+00:00, run_after=2024-06-27T00:00:00+00:00
[2024-06-27T20:45:27.690+0000] {processor.py:179} INFO - Processing /home/airflow/.local/lib/python3.8/site-packages/airflow/example_dags/example_branch_day_of_week_operator.py took 0.087 seconds
[2024-06-27T20:45:57.818+0000] {processor.py:157} INFO - Started process (PID=2153) to work on /home/airflow/.local/lib/python3.8/site-packages/airflow/example_dags/example_branch_day_of_week_operator.py
[2024-06-27T20:45:57.819+0000] {processor.py:829} INFO - Processing file /home/airflow/.local/lib/python3.8/site-packages/airflow/example_dags/example_branch_day_of_week_operator.py for tasks to queue
[2024-06-27T20:45:57.820+0000] {logging_mixin.py:151} INFO - [2024-06-27T20:45:57.819+0000] {dagbag.py:539} INFO - Filling up the DagBag from /home/airflow/.local/lib/python3.8/site-packages/airflow/example_dags/example_branch_day_of_week_operator.py
[2024-06-27T20:45:57.827+0000] {processor.py:839} INFO - DAG(s) dict_keys(['example_weekday_branch_operator']) retrieved from /home/airflow/.local/lib/python3.8/site-packages/airflow/example_dags/example_branch_day_of_week_operator.py
[2024-06-27T20:45:57.851+0000] {logging_mixin.py:151} INFO - [2024-06-27T20:45:57.851+0000] {dag.py:2915} INFO - Sync 1 DAGs
[2024-06-27T20:45:57.879+0000] {logging_mixin.py:151} INFO - [2024-06-27T20:45:57.879+0000] {dag.py:3696} INFO - Setting next_dagrun for example_weekday_branch_operator to 2024-06-26T00:00:00+00:00, run_after=2024-06-27T00:00:00+00:00
[2024-06-27T20:45:57.904+0000] {processor.py:179} INFO - Processing /home/airflow/.local/lib/python3.8/site-packages/airflow/example_dags/example_branch_day_of_week_operator.py took 0.088 seconds
[2024-06-27T20:46:28.039+0000] {processor.py:157} INFO - Started process (PID=2396) to work on /home/airflow/.local/lib/python3.8/site-packages/airflow/example_dags/example_branch_day_of_week_operator.py
[2024-06-27T20:46:28.040+0000] {processor.py:829} INFO - Processing file /home/airflow/.local/lib/python3.8/site-packages/airflow/example_dags/example_branch_day_of_week_operator.py for tasks to queue
[2024-06-27T20:46:28.041+0000] {logging_mixin.py:151} INFO - [2024-06-27T20:46:28.041+0000] {dagbag.py:539} INFO - Filling up the DagBag from /home/airflow/.local/lib/python3.8/site-packages/airflow/example_dags/example_branch_day_of_week_operator.py
[2024-06-27T20:46:28.051+0000] {processor.py:839} INFO - DAG(s) dict_keys(['example_weekday_branch_operator']) retrieved from /home/airflow/.local/lib/python3.8/site-packages/airflow/example_dags/example_branch_day_of_week_operator.py
[2024-06-27T20:46:28.071+0000] {logging_mixin.py:151} INFO - [2024-06-27T20:46:28.071+0000] {dag.py:2915} INFO - Sync 1 DAGs
[2024-06-27T20:46:28.095+0000] {logging_mixin.py:151} INFO - [2024-06-27T20:46:28.095+0000] {dag.py:3696} INFO - Setting next_dagrun for example_weekday_branch_operator to 2024-06-26T00:00:00+00:00, run_after=2024-06-27T00:00:00+00:00
[2024-06-27T20:46:28.112+0000] {processor.py:179} INFO - Processing /home/airflow/.local/lib/python3.8/site-packages/airflow/example_dags/example_branch_day_of_week_operator.py took 0.077 seconds
[2024-06-27T20:46:58.960+0000] {processor.py:157} INFO - Started process (PID=2639) to work on /home/airflow/.local/lib/python3.8/site-packages/airflow/example_dags/example_branch_day_of_week_operator.py
[2024-06-27T20:46:58.961+0000] {processor.py:829} INFO - Processing file /home/airflow/.local/lib/python3.8/site-packages/airflow/example_dags/example_branch_day_of_week_operator.py for tasks to queue
[2024-06-27T20:46:58.961+0000] {logging_mixin.py:151} INFO - [2024-06-27T20:46:58.961+0000] {dagbag.py:539} INFO - Filling up the DagBag from /home/airflow/.local/lib/python3.8/site-packages/airflow/example_dags/example_branch_day_of_week_operator.py
[2024-06-27T20:46:58.969+0000] {processor.py:839} INFO - DAG(s) dict_keys(['example_weekday_branch_operator']) retrieved from /home/airflow/.local/lib/python3.8/site-packages/airflow/example_dags/example_branch_day_of_week_operator.py
[2024-06-27T20:46:58.990+0000] {logging_mixin.py:151} INFO - [2024-06-27T20:46:58.990+0000] {dag.py:2915} INFO - Sync 1 DAGs
[2024-06-27T20:46:59.015+0000] {logging_mixin.py:151} INFO - [2024-06-27T20:46:59.015+0000] {dag.py:3696} INFO - Setting next_dagrun for example_weekday_branch_operator to 2024-06-26T00:00:00+00:00, run_after=2024-06-27T00:00:00+00:00
[2024-06-27T20:46:59.034+0000] {processor.py:179} INFO - Processing /home/airflow/.local/lib/python3.8/site-packages/airflow/example_dags/example_branch_day_of_week_operator.py took 0.077 seconds
[2024-06-27T20:47:29.948+0000] {processor.py:157} INFO - Started process (PID=2884) to work on /home/airflow/.local/lib/python3.8/site-packages/airflow/example_dags/example_branch_day_of_week_operator.py
[2024-06-27T20:47:29.949+0000] {processor.py:829} INFO - Processing file /home/airflow/.local/lib/python3.8/site-packages/airflow/example_dags/example_branch_day_of_week_operator.py for tasks to queue
[2024-06-27T20:47:29.950+0000] {logging_mixin.py:151} INFO - [2024-06-27T20:47:29.949+0000] {dagbag.py:539} INFO - Filling up the DagBag from /home/airflow/.local/lib/python3.8/site-packages/airflow/example_dags/example_branch_day_of_week_operator.py
[2024-06-27T20:47:29.957+0000] {processor.py:839} INFO - DAG(s) dict_keys(['example_weekday_branch_operator']) retrieved from /home/airflow/.local/lib/python3.8/site-packages/airflow/example_dags/example_branch_day_of_week_operator.py
[2024-06-27T20:47:29.981+0000] {logging_mixin.py:151} INFO - [2024-06-27T20:47:29.981+0000] {dag.py:2915} INFO - Sync 1 DAGs
[2024-06-27T20:47:30.005+0000] {logging_mixin.py:151} INFO - [2024-06-27T20:47:30.005+0000] {dag.py:3696} INFO - Setting next_dagrun for example_weekday_branch_operator to 2024-06-26T00:00:00+00:00, run_after=2024-06-27T00:00:00+00:00
[2024-06-27T20:47:30.023+0000] {processor.py:179} INFO - Processing /home/airflow/.local/lib/python3.8/site-packages/airflow/example_dags/example_branch_day_of_week_operator.py took 0.078 seconds
[2024-06-27T20:48:00.881+0000] {processor.py:157} INFO - Started process (PID=3128) to work on /home/airflow/.local/lib/python3.8/site-packages/airflow/example_dags/example_branch_day_of_week_operator.py
[2024-06-27T20:48:00.882+0000] {processor.py:829} INFO - Processing file /home/airflow/.local/lib/python3.8/site-packages/airflow/example_dags/example_branch_day_of_week_operator.py for tasks to queue
[2024-06-27T20:48:00.883+0000] {logging_mixin.py:151} INFO - [2024-06-27T20:48:00.882+0000] {dagbag.py:539} INFO - Filling up the DagBag from /home/airflow/.local/lib/python3.8/site-packages/airflow/example_dags/example_branch_day_of_week_operator.py
[2024-06-27T20:48:00.890+0000] {processor.py:839} INFO - DAG(s) dict_keys(['example_weekday_branch_operator']) retrieved from /home/airflow/.local/lib/python3.8/site-packages/airflow/example_dags/example_branch_day_of_week_operator.py
[2024-06-27T20:48:00.912+0000] {logging_mixin.py:151} INFO - [2024-06-27T20:48:00.911+0000] {dag.py:2915} INFO - Sync 1 DAGs
[2024-06-27T20:48:00.935+0000] {logging_mixin.py:151} INFO - [2024-06-27T20:48:00.935+0000] {dag.py:3696} INFO - Setting next_dagrun for example_weekday_branch_operator to 2024-06-26T00:00:00+00:00, run_after=2024-06-27T00:00:00+00:00
[2024-06-27T20:48:00.953+0000] {processor.py:179} INFO - Processing /home/airflow/.local/lib/python3.8/site-packages/airflow/example_dags/example_branch_day_of_week_operator.py took 0.075 seconds
[2024-06-27T20:48:31.683+0000] {processor.py:157} INFO - Started process (PID=3369) to work on /home/airflow/.local/lib/python3.8/site-packages/airflow/example_dags/example_branch_day_of_week_operator.py
[2024-06-27T20:48:31.684+0000] {processor.py:829} INFO - Processing file /home/airflow/.local/lib/python3.8/site-packages/airflow/example_dags/example_branch_day_of_week_operator.py for tasks to queue
[2024-06-27T20:48:31.685+0000] {logging_mixin.py:151} INFO - [2024-06-27T20:48:31.685+0000] {dagbag.py:539} INFO - Filling up the DagBag from /home/airflow/.local/lib/python3.8/site-packages/airflow/example_dags/example_branch_day_of_week_operator.py
[2024-06-27T20:48:31.697+0000] {processor.py:839} INFO - DAG(s) dict_keys(['example_weekday_branch_operator']) retrieved from /home/airflow/.local/lib/python3.8/site-packages/airflow/example_dags/example_branch_day_of_week_operator.py
[2024-06-27T20:48:31.721+0000] {logging_mixin.py:151} INFO - [2024-06-27T20:48:31.721+0000] {dag.py:2915} INFO - Sync 1 DAGs
[2024-06-27T20:48:31.745+0000] {logging_mixin.py:151} INFO - [2024-06-27T20:48:31.744+0000] {dag.py:3696} INFO - Setting next_dagrun for example_weekday_branch_operator to 2024-06-26T00:00:00+00:00, run_after=2024-06-27T00:00:00+00:00
[2024-06-27T20:48:31.765+0000] {processor.py:179} INFO - Processing /home/airflow/.local/lib/python3.8/site-packages/airflow/example_dags/example_branch_day_of_week_operator.py took 0.086 seconds
[2024-06-27T20:49:02.690+0000] {processor.py:157} INFO - Started process (PID=3614) to work on /home/airflow/.local/lib/python3.8/site-packages/airflow/example_dags/example_branch_day_of_week_operator.py
[2024-06-27T20:49:02.691+0000] {processor.py:829} INFO - Processing file /home/airflow/.local/lib/python3.8/site-packages/airflow/example_dags/example_branch_day_of_week_operator.py for tasks to queue
[2024-06-27T20:49:02.692+0000] {logging_mixin.py:151} INFO - [2024-06-27T20:49:02.692+0000] {dagbag.py:539} INFO - Filling up the DagBag from /home/airflow/.local/lib/python3.8/site-packages/airflow/example_dags/example_branch_day_of_week_operator.py
[2024-06-27T20:49:02.700+0000] {processor.py:839} INFO - DAG(s) dict_keys(['example_weekday_branch_operator']) retrieved from /home/airflow/.local/lib/python3.8/site-packages/airflow/example_dags/example_branch_day_of_week_operator.py
[2024-06-27T20:49:02.725+0000] {logging_mixin.py:151} INFO - [2024-06-27T20:49:02.725+0000] {dag.py:2915} INFO - Sync 1 DAGs
[2024-06-27T20:49:02.753+0000] {logging_mixin.py:151} INFO - [2024-06-27T20:49:02.753+0000] {dag.py:3696} INFO - Setting next_dagrun for example_weekday_branch_operator to 2024-06-26T00:00:00+00:00, run_after=2024-06-27T00:00:00+00:00
[2024-06-27T20:49:02.778+0000] {processor.py:179} INFO - Processing /home/airflow/.local/lib/python3.8/site-packages/airflow/example_dags/example_branch_day_of_week_operator.py took 0.092 seconds
[2024-06-27T20:49:33.020+0000] {processor.py:157} INFO - Started process (PID=3855) to work on /home/airflow/.local/lib/python3.8/site-packages/airflow/example_dags/example_branch_day_of_week_operator.py
[2024-06-27T20:49:33.021+0000] {processor.py:829} INFO - Processing file /home/airflow/.local/lib/python3.8/site-packages/airflow/example_dags/example_branch_day_of_week_operator.py for tasks to queue
[2024-06-27T20:49:33.022+0000] {logging_mixin.py:151} INFO - [2024-06-27T20:49:33.022+0000] {dagbag.py:539} INFO - Filling up the DagBag from /home/airflow/.local/lib/python3.8/site-packages/airflow/example_dags/example_branch_day_of_week_operator.py
[2024-06-27T20:49:33.029+0000] {processor.py:839} INFO - DAG(s) dict_keys(['example_weekday_branch_operator']) retrieved from /home/airflow/.local/lib/python3.8/site-packages/airflow/example_dags/example_branch_day_of_week_operator.py
[2024-06-27T20:49:33.051+0000] {logging_mixin.py:151} INFO - [2024-06-27T20:49:33.051+0000] {dag.py:2915} INFO - Sync 1 DAGs
[2024-06-27T20:49:33.075+0000] {logging_mixin.py:151} INFO - [2024-06-27T20:49:33.074+0000] {dag.py:3696} INFO - Setting next_dagrun for example_weekday_branch_operator to 2024-06-26T00:00:00+00:00, run_after=2024-06-27T00:00:00+00:00
[2024-06-27T20:49:33.094+0000] {processor.py:179} INFO - Processing /home/airflow/.local/lib/python3.8/site-packages/airflow/example_dags/example_branch_day_of_week_operator.py took 0.077 seconds
