[2024-06-27T20:41:59.888+0000] {processor.py:157} INFO - Started process (PID=331) to work on /home/airflow/.local/lib/python3.8/site-packages/airflow/example_dags/example_task_group_decorator.py
[2024-06-27T20:41:59.889+0000] {processor.py:829} INFO - Processing file /home/airflow/.local/lib/python3.8/site-packages/airflow/example_dags/example_task_group_decorator.py for tasks to queue
[2024-06-27T20:41:59.890+0000] {logging_mixin.py:151} INFO - [2024-06-27T20:41:59.889+0000] {dagbag.py:539} INFO - Filling up the DagBag from /home/airflow/.local/lib/python3.8/site-packages/airflow/example_dags/example_task_group_decorator.py
[2024-06-27T20:41:59.911+0000] {processor.py:839} INFO - DAG(s) dict_keys(['example_task_group_decorator']) retrieved from /home/airflow/.local/lib/python3.8/site-packages/airflow/example_dags/example_task_group_decorator.py
[2024-06-27T20:42:00.167+0000] {logging_mixin.py:151} INFO - [2024-06-27T20:42:00.167+0000] {manager.py:499} INFO - Created Permission View: %s
[2024-06-27T20:42:00.177+0000] {logging_mixin.py:151} INFO - [2024-06-27T20:42:00.176+0000] {manager.py:499} INFO - Created Permission View: %s
[2024-06-27T20:42:00.183+0000] {logging_mixin.py:151} INFO - [2024-06-27T20:42:00.183+0000] {manager.py:499} INFO - Created Permission View: %s
[2024-06-27T20:42:00.183+0000] {logging_mixin.py:151} INFO - [2024-06-27T20:42:00.183+0000] {security.py:708} INFO - Not syncing DAG-level permissions for DAG 'DAG:example_task_group_decorator' as access control is unset.
[2024-06-27T20:42:00.184+0000] {logging_mixin.py:151} INFO - [2024-06-27T20:42:00.184+0000] {dag.py:2915} INFO - Sync 1 DAGs
[2024-06-27T20:42:00.194+0000] {logging_mixin.py:151} INFO - [2024-06-27T20:42:00.194+0000] {dag.py:2937} INFO - Creating ORM DAG for example_task_group_decorator
[2024-06-27T20:42:00.203+0000] {logging_mixin.py:151} INFO - [2024-06-27T20:42:00.203+0000] {dag.py:3696} INFO - Setting next_dagrun for example_task_group_decorator to 2024-06-26T20:42:00.203075+00:00, run_after=2024-06-27T20:42:00.203075+00:00
[2024-06-27T20:42:00.219+0000] {processor.py:179} INFO - Processing /home/airflow/.local/lib/python3.8/site-packages/airflow/example_dags/example_task_group_decorator.py took 0.334 seconds
[2024-06-27T20:42:30.905+0000] {processor.py:157} INFO - Started process (PID=576) to work on /home/airflow/.local/lib/python3.8/site-packages/airflow/example_dags/example_task_group_decorator.py
[2024-06-27T20:42:30.906+0000] {processor.py:829} INFO - Processing file /home/airflow/.local/lib/python3.8/site-packages/airflow/example_dags/example_task_group_decorator.py for tasks to queue
[2024-06-27T20:42:30.906+0000] {logging_mixin.py:151} INFO - [2024-06-27T20:42:30.906+0000] {dagbag.py:539} INFO - Filling up the DagBag from /home/airflow/.local/lib/python3.8/site-packages/airflow/example_dags/example_task_group_decorator.py
[2024-06-27T20:42:30.920+0000] {processor.py:839} INFO - DAG(s) dict_keys(['example_task_group_decorator']) retrieved from /home/airflow/.local/lib/python3.8/site-packages/airflow/example_dags/example_task_group_decorator.py
[2024-06-27T20:42:30.949+0000] {logging_mixin.py:151} INFO - [2024-06-27T20:42:30.948+0000] {dag.py:2915} INFO - Sync 1 DAGs
[2024-06-27T20:42:30.981+0000] {logging_mixin.py:151} INFO - [2024-06-27T20:42:30.981+0000] {dag.py:3696} INFO - Setting next_dagrun for example_task_group_decorator to 2024-06-26T20:42:30.981409+00:00, run_after=2024-06-27T20:42:30.981409+00:00
[2024-06-27T20:42:31.004+0000] {processor.py:179} INFO - Processing /home/airflow/.local/lib/python3.8/site-packages/airflow/example_dags/example_task_group_decorator.py took 0.102 seconds
[2024-06-27T20:43:01.319+0000] {processor.py:157} INFO - Started process (PID=819) to work on /home/airflow/.local/lib/python3.8/site-packages/airflow/example_dags/example_task_group_decorator.py
[2024-06-27T20:43:01.320+0000] {processor.py:829} INFO - Processing file /home/airflow/.local/lib/python3.8/site-packages/airflow/example_dags/example_task_group_decorator.py for tasks to queue
[2024-06-27T20:43:01.320+0000] {logging_mixin.py:151} INFO - [2024-06-27T20:43:01.320+0000] {dagbag.py:539} INFO - Filling up the DagBag from /home/airflow/.local/lib/python3.8/site-packages/airflow/example_dags/example_task_group_decorator.py
[2024-06-27T20:43:01.334+0000] {processor.py:839} INFO - DAG(s) dict_keys(['example_task_group_decorator']) retrieved from /home/airflow/.local/lib/python3.8/site-packages/airflow/example_dags/example_task_group_decorator.py
[2024-06-27T20:43:01.358+0000] {logging_mixin.py:151} INFO - [2024-06-27T20:43:01.358+0000] {dag.py:2915} INFO - Sync 1 DAGs
[2024-06-27T20:43:01.377+0000] {logging_mixin.py:151} INFO - [2024-06-27T20:43:01.377+0000] {dag.py:3696} INFO - Setting next_dagrun for example_task_group_decorator to 2024-06-26T20:43:01.377382+00:00, run_after=2024-06-27T20:43:01.377382+00:00
[2024-06-27T20:43:01.397+0000] {processor.py:179} INFO - Processing /home/airflow/.local/lib/python3.8/site-packages/airflow/example_dags/example_task_group_decorator.py took 0.081 seconds
[2024-06-27T20:43:31.999+0000] {processor.py:157} INFO - Started process (PID=1062) to work on /home/airflow/.local/lib/python3.8/site-packages/airflow/example_dags/example_task_group_decorator.py
[2024-06-27T20:43:32.000+0000] {processor.py:829} INFO - Processing file /home/airflow/.local/lib/python3.8/site-packages/airflow/example_dags/example_task_group_decorator.py for tasks to queue
[2024-06-27T20:43:32.001+0000] {logging_mixin.py:151} INFO - [2024-06-27T20:43:32.000+0000] {dagbag.py:539} INFO - Filling up the DagBag from /home/airflow/.local/lib/python3.8/site-packages/airflow/example_dags/example_task_group_decorator.py
[2024-06-27T20:43:32.015+0000] {processor.py:839} INFO - DAG(s) dict_keys(['example_task_group_decorator']) retrieved from /home/airflow/.local/lib/python3.8/site-packages/airflow/example_dags/example_task_group_decorator.py
[2024-06-27T20:43:32.039+0000] {logging_mixin.py:151} INFO - [2024-06-27T20:43:32.039+0000] {dag.py:2915} INFO - Sync 1 DAGs
[2024-06-27T20:43:32.059+0000] {logging_mixin.py:151} INFO - [2024-06-27T20:43:32.059+0000] {dag.py:3696} INFO - Setting next_dagrun for example_task_group_decorator to 2024-06-26T20:43:32.059435+00:00, run_after=2024-06-27T20:43:32.059435+00:00
[2024-06-27T20:43:32.078+0000] {processor.py:179} INFO - Processing /home/airflow/.local/lib/python3.8/site-packages/airflow/example_dags/example_task_group_decorator.py took 0.082 seconds
[2024-06-27T20:44:02.204+0000] {processor.py:157} INFO - Started process (PID=1303) to work on /home/airflow/.local/lib/python3.8/site-packages/airflow/example_dags/example_task_group_decorator.py
[2024-06-27T20:44:02.205+0000] {processor.py:829} INFO - Processing file /home/airflow/.local/lib/python3.8/site-packages/airflow/example_dags/example_task_group_decorator.py for tasks to queue
[2024-06-27T20:44:02.206+0000] {logging_mixin.py:151} INFO - [2024-06-27T20:44:02.206+0000] {dagbag.py:539} INFO - Filling up the DagBag from /home/airflow/.local/lib/python3.8/site-packages/airflow/example_dags/example_task_group_decorator.py
[2024-06-27T20:44:02.238+0000] {processor.py:839} INFO - DAG(s) dict_keys(['example_task_group_decorator']) retrieved from /home/airflow/.local/lib/python3.8/site-packages/airflow/example_dags/example_task_group_decorator.py
[2024-06-27T20:44:02.277+0000] {logging_mixin.py:151} INFO - [2024-06-27T20:44:02.277+0000] {dag.py:2915} INFO - Sync 1 DAGs
[2024-06-27T20:44:02.323+0000] {logging_mixin.py:151} INFO - [2024-06-27T20:44:02.322+0000] {dag.py:3696} INFO - Setting next_dagrun for example_task_group_decorator to 2024-06-26T20:44:02.322494+00:00, run_after=2024-06-27T20:44:02.322494+00:00
[2024-06-27T20:44:02.354+0000] {processor.py:179} INFO - Processing /home/airflow/.local/lib/python3.8/site-packages/airflow/example_dags/example_task_group_decorator.py took 0.154 seconds
[2024-06-27T20:44:32.562+0000] {processor.py:157} INFO - Started process (PID=1545) to work on /home/airflow/.local/lib/python3.8/site-packages/airflow/example_dags/example_task_group_decorator.py
[2024-06-27T20:44:32.563+0000] {processor.py:829} INFO - Processing file /home/airflow/.local/lib/python3.8/site-packages/airflow/example_dags/example_task_group_decorator.py for tasks to queue
[2024-06-27T20:44:32.564+0000] {logging_mixin.py:151} INFO - [2024-06-27T20:44:32.564+0000] {dagbag.py:539} INFO - Filling up the DagBag from /home/airflow/.local/lib/python3.8/site-packages/airflow/example_dags/example_task_group_decorator.py
[2024-06-27T20:44:32.580+0000] {processor.py:839} INFO - DAG(s) dict_keys(['example_task_group_decorator']) retrieved from /home/airflow/.local/lib/python3.8/site-packages/airflow/example_dags/example_task_group_decorator.py
[2024-06-27T20:44:32.614+0000] {logging_mixin.py:151} INFO - [2024-06-27T20:44:32.614+0000] {dag.py:2915} INFO - Sync 1 DAGs
[2024-06-27T20:44:32.642+0000] {logging_mixin.py:151} INFO - [2024-06-27T20:44:32.642+0000] {dag.py:3696} INFO - Setting next_dagrun for example_task_group_decorator to 2024-06-26T20:44:32.642047+00:00, run_after=2024-06-27T20:44:32.642047+00:00
[2024-06-27T20:44:32.675+0000] {processor.py:179} INFO - Processing /home/airflow/.local/lib/python3.8/site-packages/airflow/example_dags/example_task_group_decorator.py took 0.116 seconds
[2024-06-27T20:45:02.744+0000] {processor.py:157} INFO - Started process (PID=1785) to work on /home/airflow/.local/lib/python3.8/site-packages/airflow/example_dags/example_task_group_decorator.py
[2024-06-27T20:45:02.744+0000] {processor.py:829} INFO - Processing file /home/airflow/.local/lib/python3.8/site-packages/airflow/example_dags/example_task_group_decorator.py for tasks to queue
[2024-06-27T20:45:02.745+0000] {logging_mixin.py:151} INFO - [2024-06-27T20:45:02.745+0000] {dagbag.py:539} INFO - Filling up the DagBag from /home/airflow/.local/lib/python3.8/site-packages/airflow/example_dags/example_task_group_decorator.py
[2024-06-27T20:45:02.765+0000] {processor.py:839} INFO - DAG(s) dict_keys(['example_task_group_decorator']) retrieved from /home/airflow/.local/lib/python3.8/site-packages/airflow/example_dags/example_task_group_decorator.py
[2024-06-27T20:45:02.790+0000] {logging_mixin.py:151} INFO - [2024-06-27T20:45:02.790+0000] {dag.py:2915} INFO - Sync 1 DAGs
[2024-06-27T20:45:02.811+0000] {logging_mixin.py:151} INFO - [2024-06-27T20:45:02.811+0000] {dag.py:3696} INFO - Setting next_dagrun for example_task_group_decorator to 2024-06-26T20:45:02.810876+00:00, run_after=2024-06-27T20:45:02.810876+00:00
[2024-06-27T20:45:02.829+0000] {processor.py:179} INFO - Processing /home/airflow/.local/lib/python3.8/site-packages/airflow/example_dags/example_task_group_decorator.py took 0.088 seconds
[2024-06-27T20:45:32.876+0000] {processor.py:157} INFO - Started process (PID=2025) to work on /home/airflow/.local/lib/python3.8/site-packages/airflow/example_dags/example_task_group_decorator.py
[2024-06-27T20:45:32.877+0000] {processor.py:829} INFO - Processing file /home/airflow/.local/lib/python3.8/site-packages/airflow/example_dags/example_task_group_decorator.py for tasks to queue
[2024-06-27T20:45:32.878+0000] {logging_mixin.py:151} INFO - [2024-06-27T20:45:32.878+0000] {dagbag.py:539} INFO - Filling up the DagBag from /home/airflow/.local/lib/python3.8/site-packages/airflow/example_dags/example_task_group_decorator.py
[2024-06-27T20:45:32.898+0000] {processor.py:839} INFO - DAG(s) dict_keys(['example_task_group_decorator']) retrieved from /home/airflow/.local/lib/python3.8/site-packages/airflow/example_dags/example_task_group_decorator.py
[2024-06-27T20:45:32.922+0000] {logging_mixin.py:151} INFO - [2024-06-27T20:45:32.921+0000] {dag.py:2915} INFO - Sync 1 DAGs
[2024-06-27T20:45:32.944+0000] {logging_mixin.py:151} INFO - [2024-06-27T20:45:32.944+0000] {dag.py:3696} INFO - Setting next_dagrun for example_task_group_decorator to 2024-06-26T20:45:32.943810+00:00, run_after=2024-06-27T20:45:32.943810+00:00
[2024-06-27T20:45:32.963+0000] {processor.py:179} INFO - Processing /home/airflow/.local/lib/python3.8/site-packages/airflow/example_dags/example_task_group_decorator.py took 0.091 seconds
[2024-06-27T20:46:03.166+0000] {processor.py:157} INFO - Started process (PID=2270) to work on /home/airflow/.local/lib/python3.8/site-packages/airflow/example_dags/example_task_group_decorator.py
[2024-06-27T20:46:03.167+0000] {processor.py:829} INFO - Processing file /home/airflow/.local/lib/python3.8/site-packages/airflow/example_dags/example_task_group_decorator.py for tasks to queue
[2024-06-27T20:46:03.168+0000] {logging_mixin.py:151} INFO - [2024-06-27T20:46:03.167+0000] {dagbag.py:539} INFO - Filling up the DagBag from /home/airflow/.local/lib/python3.8/site-packages/airflow/example_dags/example_task_group_decorator.py
[2024-06-27T20:46:03.183+0000] {processor.py:839} INFO - DAG(s) dict_keys(['example_task_group_decorator']) retrieved from /home/airflow/.local/lib/python3.8/site-packages/airflow/example_dags/example_task_group_decorator.py
[2024-06-27T20:46:03.210+0000] {logging_mixin.py:151} INFO - [2024-06-27T20:46:03.210+0000] {dag.py:2915} INFO - Sync 1 DAGs
[2024-06-27T20:46:03.233+0000] {logging_mixin.py:151} INFO - [2024-06-27T20:46:03.233+0000] {dag.py:3696} INFO - Setting next_dagrun for example_task_group_decorator to 2024-06-26T20:46:03.233215+00:00, run_after=2024-06-27T20:46:03.233215+00:00
[2024-06-27T20:46:03.257+0000] {processor.py:179} INFO - Processing /home/airflow/.local/lib/python3.8/site-packages/airflow/example_dags/example_task_group_decorator.py took 0.094 seconds
[2024-06-27T20:46:34.158+0000] {processor.py:157} INFO - Started process (PID=2511) to work on /home/airflow/.local/lib/python3.8/site-packages/airflow/example_dags/example_task_group_decorator.py
[2024-06-27T20:46:34.158+0000] {processor.py:829} INFO - Processing file /home/airflow/.local/lib/python3.8/site-packages/airflow/example_dags/example_task_group_decorator.py for tasks to queue
[2024-06-27T20:46:34.159+0000] {logging_mixin.py:151} INFO - [2024-06-27T20:46:34.159+0000] {dagbag.py:539} INFO - Filling up the DagBag from /home/airflow/.local/lib/python3.8/site-packages/airflow/example_dags/example_task_group_decorator.py
[2024-06-27T20:46:34.174+0000] {processor.py:839} INFO - DAG(s) dict_keys(['example_task_group_decorator']) retrieved from /home/airflow/.local/lib/python3.8/site-packages/airflow/example_dags/example_task_group_decorator.py
[2024-06-27T20:46:34.197+0000] {logging_mixin.py:151} INFO - [2024-06-27T20:46:34.197+0000] {dag.py:2915} INFO - Sync 1 DAGs
[2024-06-27T20:46:34.218+0000] {logging_mixin.py:151} INFO - [2024-06-27T20:46:34.218+0000] {dag.py:3696} INFO - Setting next_dagrun for example_task_group_decorator to 2024-06-26T20:46:34.218040+00:00, run_after=2024-06-27T20:46:34.218040+00:00
[2024-06-27T20:46:34.238+0000] {processor.py:179} INFO - Processing /home/airflow/.local/lib/python3.8/site-packages/airflow/example_dags/example_task_group_decorator.py took 0.083 seconds
[2024-06-27T20:47:05.217+0000] {processor.py:157} INFO - Started process (PID=2756) to work on /home/airflow/.local/lib/python3.8/site-packages/airflow/example_dags/example_task_group_decorator.py
[2024-06-27T20:47:05.218+0000] {processor.py:829} INFO - Processing file /home/airflow/.local/lib/python3.8/site-packages/airflow/example_dags/example_task_group_decorator.py for tasks to queue
[2024-06-27T20:47:05.219+0000] {logging_mixin.py:151} INFO - [2024-06-27T20:47:05.218+0000] {dagbag.py:539} INFO - Filling up the DagBag from /home/airflow/.local/lib/python3.8/site-packages/airflow/example_dags/example_task_group_decorator.py
[2024-06-27T20:47:05.232+0000] {processor.py:839} INFO - DAG(s) dict_keys(['example_task_group_decorator']) retrieved from /home/airflow/.local/lib/python3.8/site-packages/airflow/example_dags/example_task_group_decorator.py
[2024-06-27T20:47:05.255+0000] {logging_mixin.py:151} INFO - [2024-06-27T20:47:05.255+0000] {dag.py:2915} INFO - Sync 1 DAGs
[2024-06-27T20:47:05.274+0000] {logging_mixin.py:151} INFO - [2024-06-27T20:47:05.274+0000] {dag.py:3696} INFO - Setting next_dagrun for example_task_group_decorator to 2024-06-26T20:47:05.274073+00:00, run_after=2024-06-27T20:47:05.274073+00:00
[2024-06-27T20:47:05.291+0000] {processor.py:179} INFO - Processing /home/airflow/.local/lib/python3.8/site-packages/airflow/example_dags/example_task_group_decorator.py took 0.077 seconds
[2024-06-27T20:47:36.132+0000] {processor.py:157} INFO - Started process (PID=2997) to work on /home/airflow/.local/lib/python3.8/site-packages/airflow/example_dags/example_task_group_decorator.py
[2024-06-27T20:47:36.133+0000] {processor.py:829} INFO - Processing file /home/airflow/.local/lib/python3.8/site-packages/airflow/example_dags/example_task_group_decorator.py for tasks to queue
[2024-06-27T20:47:36.134+0000] {logging_mixin.py:151} INFO - [2024-06-27T20:47:36.133+0000] {dagbag.py:539} INFO - Filling up the DagBag from /home/airflow/.local/lib/python3.8/site-packages/airflow/example_dags/example_task_group_decorator.py
[2024-06-27T20:47:36.149+0000] {processor.py:839} INFO - DAG(s) dict_keys(['example_task_group_decorator']) retrieved from /home/airflow/.local/lib/python3.8/site-packages/airflow/example_dags/example_task_group_decorator.py
[2024-06-27T20:47:36.171+0000] {logging_mixin.py:151} INFO - [2024-06-27T20:47:36.171+0000] {dag.py:2915} INFO - Sync 1 DAGs
[2024-06-27T20:47:36.192+0000] {logging_mixin.py:151} INFO - [2024-06-27T20:47:36.192+0000] {dag.py:3696} INFO - Setting next_dagrun for example_task_group_decorator to 2024-06-26T20:47:36.191774+00:00, run_after=2024-06-27T20:47:36.191774+00:00
[2024-06-27T20:47:36.210+0000] {processor.py:179} INFO - Processing /home/airflow/.local/lib/python3.8/site-packages/airflow/example_dags/example_task_group_decorator.py took 0.081 seconds
[2024-06-27T20:48:06.955+0000] {processor.py:157} INFO - Started process (PID=3241) to work on /home/airflow/.local/lib/python3.8/site-packages/airflow/example_dags/example_task_group_decorator.py
[2024-06-27T20:48:06.955+0000] {processor.py:829} INFO - Processing file /home/airflow/.local/lib/python3.8/site-packages/airflow/example_dags/example_task_group_decorator.py for tasks to queue
[2024-06-27T20:48:06.956+0000] {logging_mixin.py:151} INFO - [2024-06-27T20:48:06.956+0000] {dagbag.py:539} INFO - Filling up the DagBag from /home/airflow/.local/lib/python3.8/site-packages/airflow/example_dags/example_task_group_decorator.py
[2024-06-27T20:48:06.974+0000] {processor.py:839} INFO - DAG(s) dict_keys(['example_task_group_decorator']) retrieved from /home/airflow/.local/lib/python3.8/site-packages/airflow/example_dags/example_task_group_decorator.py
[2024-06-27T20:48:07.004+0000] {logging_mixin.py:151} INFO - [2024-06-27T20:48:07.004+0000] {dag.py:2915} INFO - Sync 1 DAGs
[2024-06-27T20:48:07.026+0000] {logging_mixin.py:151} INFO - [2024-06-27T20:48:07.026+0000] {dag.py:3696} INFO - Setting next_dagrun for example_task_group_decorator to 2024-06-26T20:48:07.025893+00:00, run_after=2024-06-27T20:48:07.025893+00:00
[2024-06-27T20:48:07.047+0000] {processor.py:179} INFO - Processing /home/airflow/.local/lib/python3.8/site-packages/airflow/example_dags/example_task_group_decorator.py took 0.096 seconds
[2024-06-27T20:48:37.838+0000] {processor.py:157} INFO - Started process (PID=3484) to work on /home/airflow/.local/lib/python3.8/site-packages/airflow/example_dags/example_task_group_decorator.py
[2024-06-27T20:48:37.839+0000] {processor.py:829} INFO - Processing file /home/airflow/.local/lib/python3.8/site-packages/airflow/example_dags/example_task_group_decorator.py for tasks to queue
[2024-06-27T20:48:37.840+0000] {logging_mixin.py:151} INFO - [2024-06-27T20:48:37.840+0000] {dagbag.py:539} INFO - Filling up the DagBag from /home/airflow/.local/lib/python3.8/site-packages/airflow/example_dags/example_task_group_decorator.py
[2024-06-27T20:48:37.855+0000] {processor.py:839} INFO - DAG(s) dict_keys(['example_task_group_decorator']) retrieved from /home/airflow/.local/lib/python3.8/site-packages/airflow/example_dags/example_task_group_decorator.py
[2024-06-27T20:48:37.878+0000] {logging_mixin.py:151} INFO - [2024-06-27T20:48:37.878+0000] {dag.py:2915} INFO - Sync 1 DAGs
[2024-06-27T20:48:37.899+0000] {logging_mixin.py:151} INFO - [2024-06-27T20:48:37.899+0000] {dag.py:3696} INFO - Setting next_dagrun for example_task_group_decorator to 2024-06-26T20:48:37.899441+00:00, run_after=2024-06-27T20:48:37.899441+00:00
[2024-06-27T20:48:37.917+0000] {processor.py:179} INFO - Processing /home/airflow/.local/lib/python3.8/site-packages/airflow/example_dags/example_task_group_decorator.py took 0.082 seconds
[2024-06-27T20:49:09.013+0000] {processor.py:157} INFO - Started process (PID=3727) to work on /home/airflow/.local/lib/python3.8/site-packages/airflow/example_dags/example_task_group_decorator.py
[2024-06-27T20:49:09.013+0000] {processor.py:829} INFO - Processing file /home/airflow/.local/lib/python3.8/site-packages/airflow/example_dags/example_task_group_decorator.py for tasks to queue
[2024-06-27T20:49:09.014+0000] {logging_mixin.py:151} INFO - [2024-06-27T20:49:09.014+0000] {dagbag.py:539} INFO - Filling up the DagBag from /home/airflow/.local/lib/python3.8/site-packages/airflow/example_dags/example_task_group_decorator.py
[2024-06-27T20:49:09.039+0000] {processor.py:839} INFO - DAG(s) dict_keys(['example_task_group_decorator']) retrieved from /home/airflow/.local/lib/python3.8/site-packages/airflow/example_dags/example_task_group_decorator.py
[2024-06-27T20:49:09.082+0000] {logging_mixin.py:151} INFO - [2024-06-27T20:49:09.082+0000] {dag.py:2915} INFO - Sync 1 DAGs
[2024-06-27T20:49:09.117+0000] {logging_mixin.py:151} INFO - [2024-06-27T20:49:09.116+0000] {dag.py:3696} INFO - Setting next_dagrun for example_task_group_decorator to 2024-06-26T20:49:09.116533+00:00, run_after=2024-06-27T20:49:09.116533+00:00
[2024-06-27T20:49:09.154+0000] {processor.py:179} INFO - Processing /home/airflow/.local/lib/python3.8/site-packages/airflow/example_dags/example_task_group_decorator.py took 0.146 seconds
[2024-06-27T20:49:39.239+0000] {processor.py:157} INFO - Started process (PID=3970) to work on /home/airflow/.local/lib/python3.8/site-packages/airflow/example_dags/example_task_group_decorator.py
[2024-06-27T20:49:39.239+0000] {processor.py:829} INFO - Processing file /home/airflow/.local/lib/python3.8/site-packages/airflow/example_dags/example_task_group_decorator.py for tasks to queue
[2024-06-27T20:49:39.240+0000] {logging_mixin.py:151} INFO - [2024-06-27T20:49:39.240+0000] {dagbag.py:539} INFO - Filling up the DagBag from /home/airflow/.local/lib/python3.8/site-packages/airflow/example_dags/example_task_group_decorator.py
[2024-06-27T20:49:39.255+0000] {processor.py:839} INFO - DAG(s) dict_keys(['example_task_group_decorator']) retrieved from /home/airflow/.local/lib/python3.8/site-packages/airflow/example_dags/example_task_group_decorator.py
[2024-06-27T20:49:39.278+0000] {logging_mixin.py:151} INFO - [2024-06-27T20:49:39.278+0000] {dag.py:2915} INFO - Sync 1 DAGs
[2024-06-27T20:49:39.299+0000] {logging_mixin.py:151} INFO - [2024-06-27T20:49:39.298+0000] {dag.py:3696} INFO - Setting next_dagrun for example_task_group_decorator to 2024-06-26T20:49:39.298678+00:00, run_after=2024-06-27T20:49:39.298678+00:00
[2024-06-27T20:49:39.317+0000] {processor.py:179} INFO - Processing /home/airflow/.local/lib/python3.8/site-packages/airflow/example_dags/example_task_group_decorator.py took 0.081 seconds
