[2024-06-27T20:41:56.845+0000] {processor.py:157} INFO - Started process (PID=266) to work on /home/airflow/.local/lib/python3.8/site-packages/airflow/example_dags/example_latest_only.py
[2024-06-27T20:41:56.845+0000] {processor.py:829} INFO - Processing file /home/airflow/.local/lib/python3.8/site-packages/airflow/example_dags/example_latest_only.py for tasks to queue
[2024-06-27T20:41:56.846+0000] {logging_mixin.py:151} INFO - [2024-06-27T20:41:56.846+0000] {dagbag.py:539} INFO - Filling up the DagBag from /home/airflow/.local/lib/python3.8/site-packages/airflow/example_dags/example_latest_only.py
[2024-06-27T20:41:56.854+0000] {processor.py:839} INFO - DAG(s) dict_keys(['latest_only']) retrieved from /home/airflow/.local/lib/python3.8/site-packages/airflow/example_dags/example_latest_only.py
[2024-06-27T20:41:57.090+0000] {logging_mixin.py:151} INFO - [2024-06-27T20:41:57.090+0000] {manager.py:499} INFO - Created Permission View: %s
[2024-06-27T20:41:57.101+0000] {logging_mixin.py:151} INFO - [2024-06-27T20:41:57.101+0000] {manager.py:499} INFO - Created Permission View: %s
[2024-06-27T20:41:57.108+0000] {logging_mixin.py:151} INFO - [2024-06-27T20:41:57.108+0000] {manager.py:499} INFO - Created Permission View: %s
[2024-06-27T20:41:57.108+0000] {logging_mixin.py:151} INFO - [2024-06-27T20:41:57.108+0000] {security.py:708} INFO - Not syncing DAG-level permissions for DAG 'DAG:latest_only' as access control is unset.
[2024-06-27T20:41:57.109+0000] {logging_mixin.py:151} INFO - [2024-06-27T20:41:57.109+0000] {dag.py:2915} INFO - Sync 1 DAGs
[2024-06-27T20:41:57.122+0000] {logging_mixin.py:151} INFO - [2024-06-27T20:41:57.122+0000] {dag.py:2937} INFO - Creating ORM DAG for latest_only
[2024-06-27T20:41:57.133+0000] {logging_mixin.py:151} INFO - [2024-06-27T20:41:57.133+0000] {dag.py:3696} INFO - Setting next_dagrun for latest_only to 2024-06-27T16:41:57.133328+00:00, run_after=2024-06-27T20:41:57.133328+00:00
[2024-06-27T20:41:57.158+0000] {processor.py:179} INFO - Processing /home/airflow/.local/lib/python3.8/site-packages/airflow/example_dags/example_latest_only.py took 0.316 seconds
[2024-06-27T20:42:27.835+0000] {processor.py:157} INFO - Started process (PID=509) to work on /home/airflow/.local/lib/python3.8/site-packages/airflow/example_dags/example_latest_only.py
[2024-06-27T20:42:27.836+0000] {processor.py:829} INFO - Processing file /home/airflow/.local/lib/python3.8/site-packages/airflow/example_dags/example_latest_only.py for tasks to queue
[2024-06-27T20:42:27.837+0000] {logging_mixin.py:151} INFO - [2024-06-27T20:42:27.837+0000] {dagbag.py:539} INFO - Filling up the DagBag from /home/airflow/.local/lib/python3.8/site-packages/airflow/example_dags/example_latest_only.py
[2024-06-27T20:42:27.842+0000] {processor.py:839} INFO - DAG(s) dict_keys(['latest_only']) retrieved from /home/airflow/.local/lib/python3.8/site-packages/airflow/example_dags/example_latest_only.py
[2024-06-27T20:42:27.862+0000] {logging_mixin.py:151} INFO - [2024-06-27T20:42:27.861+0000] {dag.py:2915} INFO - Sync 1 DAGs
[2024-06-27T20:42:27.884+0000] {logging_mixin.py:151} INFO - [2024-06-27T20:42:27.884+0000] {dag.py:3696} INFO - Setting next_dagrun for latest_only to 2024-06-27T16:42:27.884345+00:00, run_after=2024-06-27T20:42:27.884345+00:00
[2024-06-27T20:42:27.903+0000] {processor.py:179} INFO - Processing /home/airflow/.local/lib/python3.8/site-packages/airflow/example_dags/example_latest_only.py took 0.071 seconds
[2024-06-27T20:42:58.366+0000] {processor.py:157} INFO - Started process (PID=752) to work on /home/airflow/.local/lib/python3.8/site-packages/airflow/example_dags/example_latest_only.py
[2024-06-27T20:42:58.367+0000] {processor.py:829} INFO - Processing file /home/airflow/.local/lib/python3.8/site-packages/airflow/example_dags/example_latest_only.py for tasks to queue
[2024-06-27T20:42:58.368+0000] {logging_mixin.py:151} INFO - [2024-06-27T20:42:58.368+0000] {dagbag.py:539} INFO - Filling up the DagBag from /home/airflow/.local/lib/python3.8/site-packages/airflow/example_dags/example_latest_only.py
[2024-06-27T20:42:58.373+0000] {processor.py:839} INFO - DAG(s) dict_keys(['latest_only']) retrieved from /home/airflow/.local/lib/python3.8/site-packages/airflow/example_dags/example_latest_only.py
[2024-06-27T20:42:58.392+0000] {logging_mixin.py:151} INFO - [2024-06-27T20:42:58.391+0000] {dag.py:2915} INFO - Sync 1 DAGs
[2024-06-27T20:42:58.415+0000] {logging_mixin.py:151} INFO - [2024-06-27T20:42:58.415+0000] {dag.py:3696} INFO - Setting next_dagrun for latest_only to 2024-06-27T16:42:58.415417+00:00, run_after=2024-06-27T20:42:58.415417+00:00
[2024-06-27T20:42:58.433+0000] {processor.py:179} INFO - Processing /home/airflow/.local/lib/python3.8/site-packages/airflow/example_dags/example_latest_only.py took 0.069 seconds
[2024-06-27T20:43:29.288+0000] {processor.py:157} INFO - Started process (PID=995) to work on /home/airflow/.local/lib/python3.8/site-packages/airflow/example_dags/example_latest_only.py
[2024-06-27T20:43:29.289+0000] {processor.py:829} INFO - Processing file /home/airflow/.local/lib/python3.8/site-packages/airflow/example_dags/example_latest_only.py for tasks to queue
[2024-06-27T20:43:29.290+0000] {logging_mixin.py:151} INFO - [2024-06-27T20:43:29.290+0000] {dagbag.py:539} INFO - Filling up the DagBag from /home/airflow/.local/lib/python3.8/site-packages/airflow/example_dags/example_latest_only.py
[2024-06-27T20:43:29.296+0000] {processor.py:839} INFO - DAG(s) dict_keys(['latest_only']) retrieved from /home/airflow/.local/lib/python3.8/site-packages/airflow/example_dags/example_latest_only.py
[2024-06-27T20:43:29.314+0000] {logging_mixin.py:151} INFO - [2024-06-27T20:43:29.314+0000] {dag.py:2915} INFO - Sync 1 DAGs
[2024-06-27T20:43:29.336+0000] {logging_mixin.py:151} INFO - [2024-06-27T20:43:29.335+0000] {dag.py:3696} INFO - Setting next_dagrun for latest_only to 2024-06-27T16:43:29.335674+00:00, run_after=2024-06-27T20:43:29.335674+00:00
[2024-06-27T20:43:29.353+0000] {processor.py:179} INFO - Processing /home/airflow/.local/lib/python3.8/site-packages/airflow/example_dags/example_latest_only.py took 0.068 seconds
[2024-06-27T20:44:00.290+0000] {processor.py:157} INFO - Started process (PID=1238) to work on /home/airflow/.local/lib/python3.8/site-packages/airflow/example_dags/example_latest_only.py
[2024-06-27T20:44:00.292+0000] {processor.py:829} INFO - Processing file /home/airflow/.local/lib/python3.8/site-packages/airflow/example_dags/example_latest_only.py for tasks to queue
[2024-06-27T20:44:00.293+0000] {logging_mixin.py:151} INFO - [2024-06-27T20:44:00.292+0000] {dagbag.py:539} INFO - Filling up the DagBag from /home/airflow/.local/lib/python3.8/site-packages/airflow/example_dags/example_latest_only.py
[2024-06-27T20:44:00.301+0000] {processor.py:839} INFO - DAG(s) dict_keys(['latest_only']) retrieved from /home/airflow/.local/lib/python3.8/site-packages/airflow/example_dags/example_latest_only.py
[2024-06-27T20:44:00.325+0000] {logging_mixin.py:151} INFO - [2024-06-27T20:44:00.325+0000] {dag.py:2915} INFO - Sync 1 DAGs
[2024-06-27T20:44:00.353+0000] {logging_mixin.py:151} INFO - [2024-06-27T20:44:00.352+0000] {dag.py:3696} INFO - Setting next_dagrun for latest_only to 2024-06-27T16:44:00.352735+00:00, run_after=2024-06-27T20:44:00.352735+00:00
[2024-06-27T20:44:00.381+0000] {processor.py:179} INFO - Processing /home/airflow/.local/lib/python3.8/site-packages/airflow/example_dags/example_latest_only.py took 0.095 seconds
[2024-06-27T20:44:30.433+0000] {processor.py:157} INFO - Started process (PID=1480) to work on /home/airflow/.local/lib/python3.8/site-packages/airflow/example_dags/example_latest_only.py
[2024-06-27T20:44:30.434+0000] {processor.py:829} INFO - Processing file /home/airflow/.local/lib/python3.8/site-packages/airflow/example_dags/example_latest_only.py for tasks to queue
[2024-06-27T20:44:30.435+0000] {logging_mixin.py:151} INFO - [2024-06-27T20:44:30.435+0000] {dagbag.py:539} INFO - Filling up the DagBag from /home/airflow/.local/lib/python3.8/site-packages/airflow/example_dags/example_latest_only.py
[2024-06-27T20:44:30.443+0000] {processor.py:839} INFO - DAG(s) dict_keys(['latest_only']) retrieved from /home/airflow/.local/lib/python3.8/site-packages/airflow/example_dags/example_latest_only.py
[2024-06-27T20:44:30.469+0000] {logging_mixin.py:151} INFO - [2024-06-27T20:44:30.469+0000] {dag.py:2915} INFO - Sync 1 DAGs
[2024-06-27T20:44:30.500+0000] {logging_mixin.py:151} INFO - [2024-06-27T20:44:30.500+0000] {dag.py:3696} INFO - Setting next_dagrun for latest_only to 2024-06-27T16:44:30.500270+00:00, run_after=2024-06-27T20:44:30.500270+00:00
[2024-06-27T20:44:30.525+0000] {processor.py:179} INFO - Processing /home/airflow/.local/lib/python3.8/site-packages/airflow/example_dags/example_latest_only.py took 0.097 seconds
[2024-06-27T20:45:00.620+0000] {processor.py:157} INFO - Started process (PID=1720) to work on /home/airflow/.local/lib/python3.8/site-packages/airflow/example_dags/example_latest_only.py
[2024-06-27T20:45:00.621+0000] {processor.py:829} INFO - Processing file /home/airflow/.local/lib/python3.8/site-packages/airflow/example_dags/example_latest_only.py for tasks to queue
[2024-06-27T20:45:00.622+0000] {logging_mixin.py:151} INFO - [2024-06-27T20:45:00.621+0000] {dagbag.py:539} INFO - Filling up the DagBag from /home/airflow/.local/lib/python3.8/site-packages/airflow/example_dags/example_latest_only.py
[2024-06-27T20:45:00.627+0000] {processor.py:839} INFO - DAG(s) dict_keys(['latest_only']) retrieved from /home/airflow/.local/lib/python3.8/site-packages/airflow/example_dags/example_latest_only.py
[2024-06-27T20:45:00.648+0000] {logging_mixin.py:151} INFO - [2024-06-27T20:45:00.648+0000] {dag.py:2915} INFO - Sync 1 DAGs
[2024-06-27T20:45:00.671+0000] {logging_mixin.py:151} INFO - [2024-06-27T20:45:00.670+0000] {dag.py:3696} INFO - Setting next_dagrun for latest_only to 2024-06-27T16:45:00.670637+00:00, run_after=2024-06-27T20:45:00.670637+00:00
[2024-06-27T20:45:00.692+0000] {processor.py:179} INFO - Processing /home/airflow/.local/lib/python3.8/site-packages/airflow/example_dags/example_latest_only.py took 0.075 seconds
[2024-06-27T20:45:31.086+0000] {processor.py:157} INFO - Started process (PID=1962) to work on /home/airflow/.local/lib/python3.8/site-packages/airflow/example_dags/example_latest_only.py
[2024-06-27T20:45:31.086+0000] {processor.py:829} INFO - Processing file /home/airflow/.local/lib/python3.8/site-packages/airflow/example_dags/example_latest_only.py for tasks to queue
[2024-06-27T20:45:31.088+0000] {logging_mixin.py:151} INFO - [2024-06-27T20:45:31.087+0000] {dagbag.py:539} INFO - Filling up the DagBag from /home/airflow/.local/lib/python3.8/site-packages/airflow/example_dags/example_latest_only.py
[2024-06-27T20:45:31.095+0000] {processor.py:839} INFO - DAG(s) dict_keys(['latest_only']) retrieved from /home/airflow/.local/lib/python3.8/site-packages/airflow/example_dags/example_latest_only.py
[2024-06-27T20:45:31.116+0000] {logging_mixin.py:151} INFO - [2024-06-27T20:45:31.116+0000] {dag.py:2915} INFO - Sync 1 DAGs
[2024-06-27T20:45:31.138+0000] {logging_mixin.py:151} INFO - [2024-06-27T20:45:31.138+0000] {dag.py:3696} INFO - Setting next_dagrun for latest_only to 2024-06-27T16:45:31.138412+00:00, run_after=2024-06-27T20:45:31.138412+00:00
[2024-06-27T20:45:31.157+0000] {processor.py:179} INFO - Processing /home/airflow/.local/lib/python3.8/site-packages/airflow/example_dags/example_latest_only.py took 0.074 seconds
[2024-06-27T20:46:01.348+0000] {processor.py:157} INFO - Started process (PID=2205) to work on /home/airflow/.local/lib/python3.8/site-packages/airflow/example_dags/example_latest_only.py
[2024-06-27T20:46:01.349+0000] {processor.py:829} INFO - Processing file /home/airflow/.local/lib/python3.8/site-packages/airflow/example_dags/example_latest_only.py for tasks to queue
[2024-06-27T20:46:01.350+0000] {logging_mixin.py:151} INFO - [2024-06-27T20:46:01.349+0000] {dagbag.py:539} INFO - Filling up the DagBag from /home/airflow/.local/lib/python3.8/site-packages/airflow/example_dags/example_latest_only.py
[2024-06-27T20:46:01.355+0000] {processor.py:839} INFO - DAG(s) dict_keys(['latest_only']) retrieved from /home/airflow/.local/lib/python3.8/site-packages/airflow/example_dags/example_latest_only.py
[2024-06-27T20:46:01.373+0000] {logging_mixin.py:151} INFO - [2024-06-27T20:46:01.373+0000] {dag.py:2915} INFO - Sync 1 DAGs
[2024-06-27T20:46:01.394+0000] {logging_mixin.py:151} INFO - [2024-06-27T20:46:01.394+0000] {dag.py:3696} INFO - Setting next_dagrun for latest_only to 2024-06-27T16:46:01.394321+00:00, run_after=2024-06-27T20:46:01.394321+00:00
[2024-06-27T20:46:01.412+0000] {processor.py:179} INFO - Processing /home/airflow/.local/lib/python3.8/site-packages/airflow/example_dags/example_latest_only.py took 0.067 seconds
[2024-06-27T20:46:31.503+0000] {processor.py:157} INFO - Started process (PID=2448) to work on /home/airflow/.local/lib/python3.8/site-packages/airflow/example_dags/example_latest_only.py
[2024-06-27T20:46:31.504+0000] {processor.py:829} INFO - Processing file /home/airflow/.local/lib/python3.8/site-packages/airflow/example_dags/example_latest_only.py for tasks to queue
[2024-06-27T20:46:31.505+0000] {logging_mixin.py:151} INFO - [2024-06-27T20:46:31.504+0000] {dagbag.py:539} INFO - Filling up the DagBag from /home/airflow/.local/lib/python3.8/site-packages/airflow/example_dags/example_latest_only.py
[2024-06-27T20:46:31.512+0000] {processor.py:839} INFO - DAG(s) dict_keys(['latest_only']) retrieved from /home/airflow/.local/lib/python3.8/site-packages/airflow/example_dags/example_latest_only.py
[2024-06-27T20:46:31.534+0000] {logging_mixin.py:151} INFO - [2024-06-27T20:46:31.534+0000] {dag.py:2915} INFO - Sync 1 DAGs
[2024-06-27T20:46:31.567+0000] {logging_mixin.py:151} INFO - [2024-06-27T20:46:31.567+0000] {dag.py:3696} INFO - Setting next_dagrun for latest_only to 2024-06-27T16:46:31.566839+00:00, run_after=2024-06-27T20:46:31.566839+00:00
[2024-06-27T20:46:31.589+0000] {processor.py:179} INFO - Processing /home/airflow/.local/lib/python3.8/site-packages/airflow/example_dags/example_latest_only.py took 0.090 seconds
[2024-06-27T20:47:02.459+0000] {processor.py:157} INFO - Started process (PID=2689) to work on /home/airflow/.local/lib/python3.8/site-packages/airflow/example_dags/example_latest_only.py
[2024-06-27T20:47:02.460+0000] {processor.py:829} INFO - Processing file /home/airflow/.local/lib/python3.8/site-packages/airflow/example_dags/example_latest_only.py for tasks to queue
[2024-06-27T20:47:02.460+0000] {logging_mixin.py:151} INFO - [2024-06-27T20:47:02.460+0000] {dagbag.py:539} INFO - Filling up the DagBag from /home/airflow/.local/lib/python3.8/site-packages/airflow/example_dags/example_latest_only.py
[2024-06-27T20:47:02.466+0000] {processor.py:839} INFO - DAG(s) dict_keys(['latest_only']) retrieved from /home/airflow/.local/lib/python3.8/site-packages/airflow/example_dags/example_latest_only.py
[2024-06-27T20:47:02.487+0000] {logging_mixin.py:151} INFO - [2024-06-27T20:47:02.486+0000] {dag.py:2915} INFO - Sync 1 DAGs
[2024-06-27T20:47:02.512+0000] {logging_mixin.py:151} INFO - [2024-06-27T20:47:02.512+0000] {dag.py:3696} INFO - Setting next_dagrun for latest_only to 2024-06-27T16:47:02.512257+00:00, run_after=2024-06-27T20:47:02.512257+00:00
[2024-06-27T20:47:02.533+0000] {processor.py:179} INFO - Processing /home/airflow/.local/lib/python3.8/site-packages/airflow/example_dags/example_latest_only.py took 0.078 seconds
[2024-06-27T20:47:33.400+0000] {processor.py:157} INFO - Started process (PID=2934) to work on /home/airflow/.local/lib/python3.8/site-packages/airflow/example_dags/example_latest_only.py
[2024-06-27T20:47:33.401+0000] {processor.py:829} INFO - Processing file /home/airflow/.local/lib/python3.8/site-packages/airflow/example_dags/example_latest_only.py for tasks to queue
[2024-06-27T20:47:33.401+0000] {logging_mixin.py:151} INFO - [2024-06-27T20:47:33.401+0000] {dagbag.py:539} INFO - Filling up the DagBag from /home/airflow/.local/lib/python3.8/site-packages/airflow/example_dags/example_latest_only.py
[2024-06-27T20:47:33.406+0000] {processor.py:839} INFO - DAG(s) dict_keys(['latest_only']) retrieved from /home/airflow/.local/lib/python3.8/site-packages/airflow/example_dags/example_latest_only.py
[2024-06-27T20:47:33.425+0000] {logging_mixin.py:151} INFO - [2024-06-27T20:47:33.425+0000] {dag.py:2915} INFO - Sync 1 DAGs
[2024-06-27T20:47:33.447+0000] {logging_mixin.py:151} INFO - [2024-06-27T20:47:33.447+0000] {dag.py:3696} INFO - Setting next_dagrun for latest_only to 2024-06-27T16:47:33.447303+00:00, run_after=2024-06-27T20:47:33.447303+00:00
[2024-06-27T20:47:33.466+0000] {processor.py:179} INFO - Processing /home/airflow/.local/lib/python3.8/site-packages/airflow/example_dags/example_latest_only.py took 0.068 seconds
[2024-06-27T20:48:04.302+0000] {processor.py:157} INFO - Started process (PID=3178) to work on /home/airflow/.local/lib/python3.8/site-packages/airflow/example_dags/example_latest_only.py
[2024-06-27T20:48:04.303+0000] {processor.py:829} INFO - Processing file /home/airflow/.local/lib/python3.8/site-packages/airflow/example_dags/example_latest_only.py for tasks to queue
[2024-06-27T20:48:04.304+0000] {logging_mixin.py:151} INFO - [2024-06-27T20:48:04.303+0000] {dagbag.py:539} INFO - Filling up the DagBag from /home/airflow/.local/lib/python3.8/site-packages/airflow/example_dags/example_latest_only.py
[2024-06-27T20:48:04.310+0000] {processor.py:839} INFO - DAG(s) dict_keys(['latest_only']) retrieved from /home/airflow/.local/lib/python3.8/site-packages/airflow/example_dags/example_latest_only.py
[2024-06-27T20:48:04.330+0000] {logging_mixin.py:151} INFO - [2024-06-27T20:48:04.330+0000] {dag.py:2915} INFO - Sync 1 DAGs
[2024-06-27T20:48:04.355+0000] {logging_mixin.py:151} INFO - [2024-06-27T20:48:04.355+0000] {dag.py:3696} INFO - Setting next_dagrun for latest_only to 2024-06-27T16:48:04.355107+00:00, run_after=2024-06-27T20:48:04.355107+00:00
[2024-06-27T20:48:04.374+0000] {processor.py:179} INFO - Processing /home/airflow/.local/lib/python3.8/site-packages/airflow/example_dags/example_latest_only.py took 0.076 seconds
[2024-06-27T20:48:35.137+0000] {processor.py:157} INFO - Started process (PID=3421) to work on /home/airflow/.local/lib/python3.8/site-packages/airflow/example_dags/example_latest_only.py
[2024-06-27T20:48:35.138+0000] {processor.py:829} INFO - Processing file /home/airflow/.local/lib/python3.8/site-packages/airflow/example_dags/example_latest_only.py for tasks to queue
[2024-06-27T20:48:35.139+0000] {logging_mixin.py:151} INFO - [2024-06-27T20:48:35.138+0000] {dagbag.py:539} INFO - Filling up the DagBag from /home/airflow/.local/lib/python3.8/site-packages/airflow/example_dags/example_latest_only.py
[2024-06-27T20:48:35.144+0000] {processor.py:839} INFO - DAG(s) dict_keys(['latest_only']) retrieved from /home/airflow/.local/lib/python3.8/site-packages/airflow/example_dags/example_latest_only.py
[2024-06-27T20:48:35.164+0000] {logging_mixin.py:151} INFO - [2024-06-27T20:48:35.163+0000] {dag.py:2915} INFO - Sync 1 DAGs
[2024-06-27T20:48:35.183+0000] {logging_mixin.py:151} INFO - [2024-06-27T20:48:35.183+0000] {dag.py:3696} INFO - Setting next_dagrun for latest_only to 2024-06-27T16:48:35.183385+00:00, run_after=2024-06-27T20:48:35.183385+00:00
[2024-06-27T20:48:35.203+0000] {processor.py:179} INFO - Processing /home/airflow/.local/lib/python3.8/site-packages/airflow/example_dags/example_latest_only.py took 0.069 seconds
[2024-06-27T20:49:06.148+0000] {processor.py:157} INFO - Started process (PID=3662) to work on /home/airflow/.local/lib/python3.8/site-packages/airflow/example_dags/example_latest_only.py
[2024-06-27T20:49:06.149+0000] {processor.py:829} INFO - Processing file /home/airflow/.local/lib/python3.8/site-packages/airflow/example_dags/example_latest_only.py for tasks to queue
[2024-06-27T20:49:06.150+0000] {logging_mixin.py:151} INFO - [2024-06-27T20:49:06.149+0000] {dagbag.py:539} INFO - Filling up the DagBag from /home/airflow/.local/lib/python3.8/site-packages/airflow/example_dags/example_latest_only.py
[2024-06-27T20:49:06.155+0000] {processor.py:839} INFO - DAG(s) dict_keys(['latest_only']) retrieved from /home/airflow/.local/lib/python3.8/site-packages/airflow/example_dags/example_latest_only.py
[2024-06-27T20:49:06.174+0000] {logging_mixin.py:151} INFO - [2024-06-27T20:49:06.173+0000] {dag.py:2915} INFO - Sync 1 DAGs
[2024-06-27T20:49:06.196+0000] {logging_mixin.py:151} INFO - [2024-06-27T20:49:06.195+0000] {dag.py:3696} INFO - Setting next_dagrun for latest_only to 2024-06-27T16:49:06.195760+00:00, run_after=2024-06-27T20:49:06.195760+00:00
[2024-06-27T20:49:06.213+0000] {processor.py:179} INFO - Processing /home/airflow/.local/lib/python3.8/site-packages/airflow/example_dags/example_latest_only.py took 0.069 seconds
[2024-06-27T20:49:36.501+0000] {processor.py:157} INFO - Started process (PID=3907) to work on /home/airflow/.local/lib/python3.8/site-packages/airflow/example_dags/example_latest_only.py
[2024-06-27T20:49:36.502+0000] {processor.py:829} INFO - Processing file /home/airflow/.local/lib/python3.8/site-packages/airflow/example_dags/example_latest_only.py for tasks to queue
[2024-06-27T20:49:36.503+0000] {logging_mixin.py:151} INFO - [2024-06-27T20:49:36.503+0000] {dagbag.py:539} INFO - Filling up the DagBag from /home/airflow/.local/lib/python3.8/site-packages/airflow/example_dags/example_latest_only.py
[2024-06-27T20:49:36.508+0000] {processor.py:839} INFO - DAG(s) dict_keys(['latest_only']) retrieved from /home/airflow/.local/lib/python3.8/site-packages/airflow/example_dags/example_latest_only.py
[2024-06-27T20:49:36.527+0000] {logging_mixin.py:151} INFO - [2024-06-27T20:49:36.527+0000] {dag.py:2915} INFO - Sync 1 DAGs
[2024-06-27T20:49:36.548+0000] {logging_mixin.py:151} INFO - [2024-06-27T20:49:36.548+0000] {dag.py:3696} INFO - Setting next_dagrun for latest_only to 2024-06-27T16:49:36.547865+00:00, run_after=2024-06-27T20:49:36.547865+00:00
[2024-06-27T20:49:36.566+0000] {processor.py:179} INFO - Processing /home/airflow/.local/lib/python3.8/site-packages/airflow/example_dags/example_latest_only.py took 0.067 seconds
