[2024-06-27T20:41:55.191+0000] {processor.py:157} INFO - Started process (PID=226) to work on /home/airflow/.local/lib/python3.8/site-packages/airflow/example_dags/example_short_circuit_operator.py
[2024-06-27T20:41:55.191+0000] {processor.py:829} INFO - Processing file /home/airflow/.local/lib/python3.8/site-packages/airflow/example_dags/example_short_circuit_operator.py for tasks to queue
[2024-06-27T20:41:55.192+0000] {logging_mixin.py:151} INFO - [2024-06-27T20:41:55.192+0000] {dagbag.py:539} INFO - Filling up the DagBag from /home/airflow/.local/lib/python3.8/site-packages/airflow/example_dags/example_short_circuit_operator.py
[2024-06-27T20:41:55.209+0000] {processor.py:839} INFO - DAG(s) dict_keys(['example_short_circuit_operator']) retrieved from /home/airflow/.local/lib/python3.8/site-packages/airflow/example_dags/example_short_circuit_operator.py
[2024-06-27T20:41:55.464+0000] {logging_mixin.py:151} INFO - [2024-06-27T20:41:55.464+0000] {manager.py:499} INFO - Created Permission View: %s
[2024-06-27T20:41:55.474+0000] {logging_mixin.py:151} INFO - [2024-06-27T20:41:55.474+0000] {manager.py:499} INFO - Created Permission View: %s
[2024-06-27T20:41:55.483+0000] {logging_mixin.py:151} INFO - [2024-06-27T20:41:55.482+0000] {manager.py:499} INFO - Created Permission View: %s
[2024-06-27T20:41:55.483+0000] {logging_mixin.py:151} INFO - [2024-06-27T20:41:55.483+0000] {security.py:708} INFO - Not syncing DAG-level permissions for DAG 'DAG:example_short_circuit_operator' as access control is unset.
[2024-06-27T20:41:55.483+0000] {logging_mixin.py:151} INFO - [2024-06-27T20:41:55.483+0000] {dag.py:2915} INFO - Sync 1 DAGs
[2024-06-27T20:41:55.499+0000] {logging_mixin.py:151} INFO - [2024-06-27T20:41:55.498+0000] {dag.py:2937} INFO - Creating ORM DAG for example_short_circuit_operator
[2024-06-27T20:41:55.512+0000] {logging_mixin.py:151} INFO - [2024-06-27T20:41:55.512+0000] {dag.py:3696} INFO - Setting next_dagrun for example_short_circuit_operator to 2024-06-26T20:41:55.511874+00:00, run_after=2024-06-27T20:41:55.511874+00:00
[2024-06-27T20:41:55.528+0000] {processor.py:179} INFO - Processing /home/airflow/.local/lib/python3.8/site-packages/airflow/example_dags/example_short_circuit_operator.py took 0.342 seconds
[2024-06-27T20:42:26.294+0000] {processor.py:157} INFO - Started process (PID=469) to work on /home/airflow/.local/lib/python3.8/site-packages/airflow/example_dags/example_short_circuit_operator.py
[2024-06-27T20:42:26.295+0000] {processor.py:829} INFO - Processing file /home/airflow/.local/lib/python3.8/site-packages/airflow/example_dags/example_short_circuit_operator.py for tasks to queue
[2024-06-27T20:42:26.296+0000] {logging_mixin.py:151} INFO - [2024-06-27T20:42:26.296+0000] {dagbag.py:539} INFO - Filling up the DagBag from /home/airflow/.local/lib/python3.8/site-packages/airflow/example_dags/example_short_circuit_operator.py
[2024-06-27T20:42:26.303+0000] {processor.py:839} INFO - DAG(s) dict_keys(['example_short_circuit_operator']) retrieved from /home/airflow/.local/lib/python3.8/site-packages/airflow/example_dags/example_short_circuit_operator.py
[2024-06-27T20:42:26.326+0000] {logging_mixin.py:151} INFO - [2024-06-27T20:42:26.326+0000] {dag.py:2915} INFO - Sync 1 DAGs
[2024-06-27T20:42:26.347+0000] {logging_mixin.py:151} INFO - [2024-06-27T20:42:26.347+0000] {dag.py:3696} INFO - Setting next_dagrun for example_short_circuit_operator to 2024-06-26T20:42:26.347247+00:00, run_after=2024-06-27T20:42:26.347247+00:00
[2024-06-27T20:42:26.366+0000] {processor.py:179} INFO - Processing /home/airflow/.local/lib/python3.8/site-packages/airflow/example_dags/example_short_circuit_operator.py took 0.074 seconds
[2024-06-27T20:42:56.756+0000] {processor.py:157} INFO - Started process (PID=712) to work on /home/airflow/.local/lib/python3.8/site-packages/airflow/example_dags/example_short_circuit_operator.py
[2024-06-27T20:42:56.757+0000] {processor.py:829} INFO - Processing file /home/airflow/.local/lib/python3.8/site-packages/airflow/example_dags/example_short_circuit_operator.py for tasks to queue
[2024-06-27T20:42:56.758+0000] {logging_mixin.py:151} INFO - [2024-06-27T20:42:56.758+0000] {dagbag.py:539} INFO - Filling up the DagBag from /home/airflow/.local/lib/python3.8/site-packages/airflow/example_dags/example_short_circuit_operator.py
[2024-06-27T20:42:56.768+0000] {processor.py:839} INFO - DAG(s) dict_keys(['example_short_circuit_operator']) retrieved from /home/airflow/.local/lib/python3.8/site-packages/airflow/example_dags/example_short_circuit_operator.py
[2024-06-27T20:42:56.795+0000] {logging_mixin.py:151} INFO - [2024-06-27T20:42:56.794+0000] {dag.py:2915} INFO - Sync 1 DAGs
[2024-06-27T20:42:56.828+0000] {logging_mixin.py:151} INFO - [2024-06-27T20:42:56.828+0000] {dag.py:3696} INFO - Setting next_dagrun for example_short_circuit_operator to 2024-06-26T20:42:56.827988+00:00, run_after=2024-06-27T20:42:56.827988+00:00
[2024-06-27T20:42:56.853+0000] {processor.py:179} INFO - Processing /home/airflow/.local/lib/python3.8/site-packages/airflow/example_dags/example_short_circuit_operator.py took 0.100 seconds
[2024-06-27T20:43:26.899+0000] {processor.py:157} INFO - Started process (PID=955) to work on /home/airflow/.local/lib/python3.8/site-packages/airflow/example_dags/example_short_circuit_operator.py
[2024-06-27T20:43:26.900+0000] {processor.py:829} INFO - Processing file /home/airflow/.local/lib/python3.8/site-packages/airflow/example_dags/example_short_circuit_operator.py for tasks to queue
[2024-06-27T20:43:26.900+0000] {logging_mixin.py:151} INFO - [2024-06-27T20:43:26.900+0000] {dagbag.py:539} INFO - Filling up the DagBag from /home/airflow/.local/lib/python3.8/site-packages/airflow/example_dags/example_short_circuit_operator.py
[2024-06-27T20:43:26.909+0000] {processor.py:839} INFO - DAG(s) dict_keys(['example_short_circuit_operator']) retrieved from /home/airflow/.local/lib/python3.8/site-packages/airflow/example_dags/example_short_circuit_operator.py
[2024-06-27T20:43:26.930+0000] {logging_mixin.py:151} INFO - [2024-06-27T20:43:26.930+0000] {dag.py:2915} INFO - Sync 1 DAGs
[2024-06-27T20:43:26.952+0000] {logging_mixin.py:151} INFO - [2024-06-27T20:43:26.952+0000] {dag.py:3696} INFO - Setting next_dagrun for example_short_circuit_operator to 2024-06-26T20:43:26.952124+00:00, run_after=2024-06-27T20:43:26.952124+00:00
[2024-06-27T20:43:26.969+0000] {processor.py:179} INFO - Processing /home/airflow/.local/lib/python3.8/site-packages/airflow/example_dags/example_short_circuit_operator.py took 0.073 seconds
[2024-06-27T20:43:57.631+0000] {processor.py:157} INFO - Started process (PID=1198) to work on /home/airflow/.local/lib/python3.8/site-packages/airflow/example_dags/example_short_circuit_operator.py
[2024-06-27T20:43:57.632+0000] {processor.py:829} INFO - Processing file /home/airflow/.local/lib/python3.8/site-packages/airflow/example_dags/example_short_circuit_operator.py for tasks to queue
[2024-06-27T20:43:57.633+0000] {logging_mixin.py:151} INFO - [2024-06-27T20:43:57.633+0000] {dagbag.py:539} INFO - Filling up the DagBag from /home/airflow/.local/lib/python3.8/site-packages/airflow/example_dags/example_short_circuit_operator.py
[2024-06-27T20:43:57.645+0000] {processor.py:839} INFO - DAG(s) dict_keys(['example_short_circuit_operator']) retrieved from /home/airflow/.local/lib/python3.8/site-packages/airflow/example_dags/example_short_circuit_operator.py
[2024-06-27T20:43:57.685+0000] {logging_mixin.py:151} INFO - [2024-06-27T20:43:57.684+0000] {dag.py:2915} INFO - Sync 1 DAGs
[2024-06-27T20:43:57.722+0000] {logging_mixin.py:151} INFO - [2024-06-27T20:43:57.722+0000] {dag.py:3696} INFO - Setting next_dagrun for example_short_circuit_operator to 2024-06-26T20:43:57.722133+00:00, run_after=2024-06-27T20:43:57.722133+00:00
[2024-06-27T20:43:57.750+0000] {processor.py:179} INFO - Processing /home/airflow/.local/lib/python3.8/site-packages/airflow/example_dags/example_short_circuit_operator.py took 0.123 seconds
[2024-06-27T20:44:27.799+0000] {processor.py:157} INFO - Started process (PID=1440) to work on /home/airflow/.local/lib/python3.8/site-packages/airflow/example_dags/example_short_circuit_operator.py
[2024-06-27T20:44:27.800+0000] {processor.py:829} INFO - Processing file /home/airflow/.local/lib/python3.8/site-packages/airflow/example_dags/example_short_circuit_operator.py for tasks to queue
[2024-06-27T20:44:27.801+0000] {logging_mixin.py:151} INFO - [2024-06-27T20:44:27.800+0000] {dagbag.py:539} INFO - Filling up the DagBag from /home/airflow/.local/lib/python3.8/site-packages/airflow/example_dags/example_short_circuit_operator.py
[2024-06-27T20:44:27.810+0000] {processor.py:839} INFO - DAG(s) dict_keys(['example_short_circuit_operator']) retrieved from /home/airflow/.local/lib/python3.8/site-packages/airflow/example_dags/example_short_circuit_operator.py
[2024-06-27T20:44:27.835+0000] {logging_mixin.py:151} INFO - [2024-06-27T20:44:27.834+0000] {dag.py:2915} INFO - Sync 1 DAGs
[2024-06-27T20:44:27.859+0000] {logging_mixin.py:151} INFO - [2024-06-27T20:44:27.859+0000] {dag.py:3696} INFO - Setting next_dagrun for example_short_circuit_operator to 2024-06-26T20:44:27.859051+00:00, run_after=2024-06-27T20:44:27.859051+00:00
[2024-06-27T20:44:27.879+0000] {processor.py:179} INFO - Processing /home/airflow/.local/lib/python3.8/site-packages/airflow/example_dags/example_short_circuit_operator.py took 0.083 seconds
[2024-06-27T20:44:58.311+0000] {processor.py:157} INFO - Started process (PID=1683) to work on /home/airflow/.local/lib/python3.8/site-packages/airflow/example_dags/example_short_circuit_operator.py
[2024-06-27T20:44:58.312+0000] {processor.py:829} INFO - Processing file /home/airflow/.local/lib/python3.8/site-packages/airflow/example_dags/example_short_circuit_operator.py for tasks to queue
[2024-06-27T20:44:58.312+0000] {logging_mixin.py:151} INFO - [2024-06-27T20:44:58.312+0000] {dagbag.py:539} INFO - Filling up the DagBag from /home/airflow/.local/lib/python3.8/site-packages/airflow/example_dags/example_short_circuit_operator.py
[2024-06-27T20:44:58.320+0000] {processor.py:839} INFO - DAG(s) dict_keys(['example_short_circuit_operator']) retrieved from /home/airflow/.local/lib/python3.8/site-packages/airflow/example_dags/example_short_circuit_operator.py
[2024-06-27T20:44:58.342+0000] {logging_mixin.py:151} INFO - [2024-06-27T20:44:58.341+0000] {dag.py:2915} INFO - Sync 1 DAGs
[2024-06-27T20:44:58.362+0000] {logging_mixin.py:151} INFO - [2024-06-27T20:44:58.362+0000] {dag.py:3696} INFO - Setting next_dagrun for example_short_circuit_operator to 2024-06-26T20:44:58.361847+00:00, run_after=2024-06-27T20:44:58.361847+00:00
[2024-06-27T20:44:58.380+0000] {processor.py:179} INFO - Processing /home/airflow/.local/lib/python3.8/site-packages/airflow/example_dags/example_short_circuit_operator.py took 0.072 seconds
[2024-06-27T20:45:28.741+0000] {processor.py:157} INFO - Started process (PID=1925) to work on /home/airflow/.local/lib/python3.8/site-packages/airflow/example_dags/example_short_circuit_operator.py
[2024-06-27T20:45:28.742+0000] {processor.py:829} INFO - Processing file /home/airflow/.local/lib/python3.8/site-packages/airflow/example_dags/example_short_circuit_operator.py for tasks to queue
[2024-06-27T20:45:28.743+0000] {logging_mixin.py:151} INFO - [2024-06-27T20:45:28.743+0000] {dagbag.py:539} INFO - Filling up the DagBag from /home/airflow/.local/lib/python3.8/site-packages/airflow/example_dags/example_short_circuit_operator.py
[2024-06-27T20:45:28.752+0000] {processor.py:839} INFO - DAG(s) dict_keys(['example_short_circuit_operator']) retrieved from /home/airflow/.local/lib/python3.8/site-packages/airflow/example_dags/example_short_circuit_operator.py
[2024-06-27T20:45:28.783+0000] {logging_mixin.py:151} INFO - [2024-06-27T20:45:28.782+0000] {dag.py:2915} INFO - Sync 1 DAGs
[2024-06-27T20:45:28.804+0000] {logging_mixin.py:151} INFO - [2024-06-27T20:45:28.804+0000] {dag.py:3696} INFO - Setting next_dagrun for example_short_circuit_operator to 2024-06-26T20:45:28.804007+00:00, run_after=2024-06-27T20:45:28.804007+00:00
[2024-06-27T20:45:28.823+0000] {processor.py:179} INFO - Processing /home/airflow/.local/lib/python3.8/site-packages/airflow/example_dags/example_short_circuit_operator.py took 0.085 seconds
[2024-06-27T20:45:58.943+0000] {processor.py:157} INFO - Started process (PID=2168) to work on /home/airflow/.local/lib/python3.8/site-packages/airflow/example_dags/example_short_circuit_operator.py
[2024-06-27T20:45:58.944+0000] {processor.py:829} INFO - Processing file /home/airflow/.local/lib/python3.8/site-packages/airflow/example_dags/example_short_circuit_operator.py for tasks to queue
[2024-06-27T20:45:58.945+0000] {logging_mixin.py:151} INFO - [2024-06-27T20:45:58.944+0000] {dagbag.py:539} INFO - Filling up the DagBag from /home/airflow/.local/lib/python3.8/site-packages/airflow/example_dags/example_short_circuit_operator.py
[2024-06-27T20:45:58.956+0000] {processor.py:839} INFO - DAG(s) dict_keys(['example_short_circuit_operator']) retrieved from /home/airflow/.local/lib/python3.8/site-packages/airflow/example_dags/example_short_circuit_operator.py
[2024-06-27T20:45:58.980+0000] {logging_mixin.py:151} INFO - [2024-06-27T20:45:58.980+0000] {dag.py:2915} INFO - Sync 1 DAGs
[2024-06-27T20:45:59.003+0000] {logging_mixin.py:151} INFO - [2024-06-27T20:45:59.003+0000] {dag.py:3696} INFO - Setting next_dagrun for example_short_circuit_operator to 2024-06-26T20:45:59.003134+00:00, run_after=2024-06-27T20:45:59.003134+00:00
[2024-06-27T20:45:59.024+0000] {processor.py:179} INFO - Processing /home/airflow/.local/lib/python3.8/site-packages/airflow/example_dags/example_short_circuit_operator.py took 0.085 seconds
[2024-06-27T20:46:29.161+0000] {processor.py:157} INFO - Started process (PID=2411) to work on /home/airflow/.local/lib/python3.8/site-packages/airflow/example_dags/example_short_circuit_operator.py
[2024-06-27T20:46:29.161+0000] {processor.py:829} INFO - Processing file /home/airflow/.local/lib/python3.8/site-packages/airflow/example_dags/example_short_circuit_operator.py for tasks to queue
[2024-06-27T20:46:29.162+0000] {logging_mixin.py:151} INFO - [2024-06-27T20:46:29.162+0000] {dagbag.py:539} INFO - Filling up the DagBag from /home/airflow/.local/lib/python3.8/site-packages/airflow/example_dags/example_short_circuit_operator.py
[2024-06-27T20:46:29.172+0000] {processor.py:839} INFO - DAG(s) dict_keys(['example_short_circuit_operator']) retrieved from /home/airflow/.local/lib/python3.8/site-packages/airflow/example_dags/example_short_circuit_operator.py
[2024-06-27T20:46:29.193+0000] {logging_mixin.py:151} INFO - [2024-06-27T20:46:29.193+0000] {dag.py:2915} INFO - Sync 1 DAGs
[2024-06-27T20:46:29.215+0000] {logging_mixin.py:151} INFO - [2024-06-27T20:46:29.214+0000] {dag.py:3696} INFO - Setting next_dagrun for example_short_circuit_operator to 2024-06-26T20:46:29.214748+00:00, run_after=2024-06-27T20:46:29.214748+00:00
[2024-06-27T20:46:29.232+0000] {processor.py:179} INFO - Processing /home/airflow/.local/lib/python3.8/site-packages/airflow/example_dags/example_short_circuit_operator.py took 0.076 seconds
[2024-06-27T20:47:00.069+0000] {processor.py:157} INFO - Started process (PID=2654) to work on /home/airflow/.local/lib/python3.8/site-packages/airflow/example_dags/example_short_circuit_operator.py
[2024-06-27T20:47:00.070+0000] {processor.py:829} INFO - Processing file /home/airflow/.local/lib/python3.8/site-packages/airflow/example_dags/example_short_circuit_operator.py for tasks to queue
[2024-06-27T20:47:00.071+0000] {logging_mixin.py:151} INFO - [2024-06-27T20:47:00.070+0000] {dagbag.py:539} INFO - Filling up the DagBag from /home/airflow/.local/lib/python3.8/site-packages/airflow/example_dags/example_short_circuit_operator.py
[2024-06-27T20:47:00.078+0000] {processor.py:839} INFO - DAG(s) dict_keys(['example_short_circuit_operator']) retrieved from /home/airflow/.local/lib/python3.8/site-packages/airflow/example_dags/example_short_circuit_operator.py
[2024-06-27T20:47:00.101+0000] {logging_mixin.py:151} INFO - [2024-06-27T20:47:00.101+0000] {dag.py:2915} INFO - Sync 1 DAGs
[2024-06-27T20:47:00.122+0000] {logging_mixin.py:151} INFO - [2024-06-27T20:47:00.121+0000] {dag.py:3696} INFO - Setting next_dagrun for example_short_circuit_operator to 2024-06-26T20:47:00.121717+00:00, run_after=2024-06-27T20:47:00.121717+00:00
[2024-06-27T20:47:00.139+0000] {processor.py:179} INFO - Processing /home/airflow/.local/lib/python3.8/site-packages/airflow/example_dags/example_short_circuit_operator.py took 0.073 seconds
[2024-06-27T20:47:31.063+0000] {processor.py:157} INFO - Started process (PID=2897) to work on /home/airflow/.local/lib/python3.8/site-packages/airflow/example_dags/example_short_circuit_operator.py
[2024-06-27T20:47:31.064+0000] {processor.py:829} INFO - Processing file /home/airflow/.local/lib/python3.8/site-packages/airflow/example_dags/example_short_circuit_operator.py for tasks to queue
[2024-06-27T20:47:31.065+0000] {logging_mixin.py:151} INFO - [2024-06-27T20:47:31.065+0000] {dagbag.py:539} INFO - Filling up the DagBag from /home/airflow/.local/lib/python3.8/site-packages/airflow/example_dags/example_short_circuit_operator.py
[2024-06-27T20:47:31.075+0000] {processor.py:839} INFO - DAG(s) dict_keys(['example_short_circuit_operator']) retrieved from /home/airflow/.local/lib/python3.8/site-packages/airflow/example_dags/example_short_circuit_operator.py
[2024-06-27T20:47:31.097+0000] {logging_mixin.py:151} INFO - [2024-06-27T20:47:31.097+0000] {dag.py:2915} INFO - Sync 1 DAGs
[2024-06-27T20:47:31.118+0000] {logging_mixin.py:151} INFO - [2024-06-27T20:47:31.117+0000] {dag.py:3696} INFO - Setting next_dagrun for example_short_circuit_operator to 2024-06-26T20:47:31.117748+00:00, run_after=2024-06-27T20:47:31.117748+00:00
[2024-06-27T20:47:31.133+0000] {processor.py:179} INFO - Processing /home/airflow/.local/lib/python3.8/site-packages/airflow/example_dags/example_short_circuit_operator.py took 0.074 seconds
[2024-06-27T20:48:01.980+0000] {processor.py:157} INFO - Started process (PID=3141) to work on /home/airflow/.local/lib/python3.8/site-packages/airflow/example_dags/example_short_circuit_operator.py
[2024-06-27T20:48:01.980+0000] {processor.py:829} INFO - Processing file /home/airflow/.local/lib/python3.8/site-packages/airflow/example_dags/example_short_circuit_operator.py for tasks to queue
[2024-06-27T20:48:01.981+0000] {logging_mixin.py:151} INFO - [2024-06-27T20:48:01.981+0000] {dagbag.py:539} INFO - Filling up the DagBag from /home/airflow/.local/lib/python3.8/site-packages/airflow/example_dags/example_short_circuit_operator.py
[2024-06-27T20:48:01.991+0000] {processor.py:839} INFO - DAG(s) dict_keys(['example_short_circuit_operator']) retrieved from /home/airflow/.local/lib/python3.8/site-packages/airflow/example_dags/example_short_circuit_operator.py
[2024-06-27T20:48:02.015+0000] {logging_mixin.py:151} INFO - [2024-06-27T20:48:02.014+0000] {dag.py:2915} INFO - Sync 1 DAGs
[2024-06-27T20:48:02.038+0000] {logging_mixin.py:151} INFO - [2024-06-27T20:48:02.038+0000] {dag.py:3696} INFO - Setting next_dagrun for example_short_circuit_operator to 2024-06-26T20:48:02.038232+00:00, run_after=2024-06-27T20:48:02.038232+00:00
[2024-06-27T20:48:02.057+0000] {processor.py:179} INFO - Processing /home/airflow/.local/lib/python3.8/site-packages/airflow/example_dags/example_short_circuit_operator.py took 0.080 seconds
[2024-06-27T20:48:32.805+0000] {processor.py:157} INFO - Started process (PID=3384) to work on /home/airflow/.local/lib/python3.8/site-packages/airflow/example_dags/example_short_circuit_operator.py
[2024-06-27T20:48:32.806+0000] {processor.py:829} INFO - Processing file /home/airflow/.local/lib/python3.8/site-packages/airflow/example_dags/example_short_circuit_operator.py for tasks to queue
[2024-06-27T20:48:32.807+0000] {logging_mixin.py:151} INFO - [2024-06-27T20:48:32.807+0000] {dagbag.py:539} INFO - Filling up the DagBag from /home/airflow/.local/lib/python3.8/site-packages/airflow/example_dags/example_short_circuit_operator.py
[2024-06-27T20:48:32.815+0000] {processor.py:839} INFO - DAG(s) dict_keys(['example_short_circuit_operator']) retrieved from /home/airflow/.local/lib/python3.8/site-packages/airflow/example_dags/example_short_circuit_operator.py
[2024-06-27T20:48:32.840+0000] {logging_mixin.py:151} INFO - [2024-06-27T20:48:32.839+0000] {dag.py:2915} INFO - Sync 1 DAGs
[2024-06-27T20:48:32.866+0000] {logging_mixin.py:151} INFO - [2024-06-27T20:48:32.866+0000] {dag.py:3696} INFO - Setting next_dagrun for example_short_circuit_operator to 2024-06-26T20:48:32.865894+00:00, run_after=2024-06-27T20:48:32.865894+00:00
[2024-06-27T20:48:32.890+0000] {processor.py:179} INFO - Processing /home/airflow/.local/lib/python3.8/site-packages/airflow/example_dags/example_short_circuit_operator.py took 0.088 seconds
[2024-06-27T20:49:03.818+0000] {processor.py:157} INFO - Started process (PID=3627) to work on /home/airflow/.local/lib/python3.8/site-packages/airflow/example_dags/example_short_circuit_operator.py
[2024-06-27T20:49:03.819+0000] {processor.py:829} INFO - Processing file /home/airflow/.local/lib/python3.8/site-packages/airflow/example_dags/example_short_circuit_operator.py for tasks to queue
[2024-06-27T20:49:03.819+0000] {logging_mixin.py:151} INFO - [2024-06-27T20:49:03.819+0000] {dagbag.py:539} INFO - Filling up the DagBag from /home/airflow/.local/lib/python3.8/site-packages/airflow/example_dags/example_short_circuit_operator.py
[2024-06-27T20:49:03.828+0000] {processor.py:839} INFO - DAG(s) dict_keys(['example_short_circuit_operator']) retrieved from /home/airflow/.local/lib/python3.8/site-packages/airflow/example_dags/example_short_circuit_operator.py
[2024-06-27T20:49:03.850+0000] {logging_mixin.py:151} INFO - [2024-06-27T20:49:03.850+0000] {dag.py:2915} INFO - Sync 1 DAGs
[2024-06-27T20:49:03.870+0000] {logging_mixin.py:151} INFO - [2024-06-27T20:49:03.870+0000] {dag.py:3696} INFO - Setting next_dagrun for example_short_circuit_operator to 2024-06-26T20:49:03.870012+00:00, run_after=2024-06-27T20:49:03.870012+00:00
[2024-06-27T20:49:03.889+0000] {processor.py:179} INFO - Processing /home/airflow/.local/lib/python3.8/site-packages/airflow/example_dags/example_short_circuit_operator.py took 0.074 seconds
[2024-06-27T20:49:34.142+0000] {processor.py:157} INFO - Started process (PID=3870) to work on /home/airflow/.local/lib/python3.8/site-packages/airflow/example_dags/example_short_circuit_operator.py
[2024-06-27T20:49:34.143+0000] {processor.py:829} INFO - Processing file /home/airflow/.local/lib/python3.8/site-packages/airflow/example_dags/example_short_circuit_operator.py for tasks to queue
[2024-06-27T20:49:34.144+0000] {logging_mixin.py:151} INFO - [2024-06-27T20:49:34.144+0000] {dagbag.py:539} INFO - Filling up the DagBag from /home/airflow/.local/lib/python3.8/site-packages/airflow/example_dags/example_short_circuit_operator.py
[2024-06-27T20:49:34.153+0000] {processor.py:839} INFO - DAG(s) dict_keys(['example_short_circuit_operator']) retrieved from /home/airflow/.local/lib/python3.8/site-packages/airflow/example_dags/example_short_circuit_operator.py
[2024-06-27T20:49:34.177+0000] {logging_mixin.py:151} INFO - [2024-06-27T20:49:34.177+0000] {dag.py:2915} INFO - Sync 1 DAGs
[2024-06-27T20:49:34.199+0000] {logging_mixin.py:151} INFO - [2024-06-27T20:49:34.199+0000] {dag.py:3696} INFO - Setting next_dagrun for example_short_circuit_operator to 2024-06-26T20:49:34.198843+00:00, run_after=2024-06-27T20:49:34.198843+00:00
[2024-06-27T20:49:34.216+0000] {processor.py:179} INFO - Processing /home/airflow/.local/lib/python3.8/site-packages/airflow/example_dags/example_short_circuit_operator.py took 0.077 seconds
