[2024-06-27T20:41:53.022+0000] {processor.py:157} INFO - Started process (PID=171) to work on /home/airflow/.local/lib/python3.8/site-packages/airflow/example_dags/example_setup_teardown.py
[2024-06-27T20:41:53.023+0000] {processor.py:829} INFO - Processing file /home/airflow/.local/lib/python3.8/site-packages/airflow/example_dags/example_setup_teardown.py for tasks to queue
[2024-06-27T20:41:53.024+0000] {logging_mixin.py:151} INFO - [2024-06-27T20:41:53.024+0000] {dagbag.py:539} INFO - Filling up the DagBag from /home/airflow/.local/lib/python3.8/site-packages/airflow/example_dags/example_setup_teardown.py
[2024-06-27T20:41:53.039+0000] {processor.py:839} INFO - DAG(s) dict_keys(['example_setup_teardown']) retrieved from /home/airflow/.local/lib/python3.8/site-packages/airflow/example_dags/example_setup_teardown.py
[2024-06-27T20:41:53.375+0000] {logging_mixin.py:151} INFO - [2024-06-27T20:41:53.375+0000] {manager.py:499} INFO - Created Permission View: %s
[2024-06-27T20:41:53.385+0000] {logging_mixin.py:151} INFO - [2024-06-27T20:41:53.385+0000] {manager.py:499} INFO - Created Permission View: %s
[2024-06-27T20:41:53.392+0000] {logging_mixin.py:151} INFO - [2024-06-27T20:41:53.391+0000] {manager.py:499} INFO - Created Permission View: %s
[2024-06-27T20:41:53.392+0000] {logging_mixin.py:151} INFO - [2024-06-27T20:41:53.392+0000] {security.py:708} INFO - Not syncing DAG-level permissions for DAG 'DAG:example_setup_teardown' as access control is unset.
[2024-06-27T20:41:53.392+0000] {logging_mixin.py:151} INFO - [2024-06-27T20:41:53.392+0000] {dag.py:2915} INFO - Sync 1 DAGs
[2024-06-27T20:41:53.402+0000] {logging_mixin.py:151} INFO - [2024-06-27T20:41:53.402+0000] {dag.py:2937} INFO - Creating ORM DAG for example_setup_teardown
[2024-06-27T20:41:53.411+0000] {logging_mixin.py:151} INFO - [2024-06-27T20:41:53.411+0000] {dag.py:3696} INFO - Setting next_dagrun for example_setup_teardown to 2024-06-26T20:41:53.411521+00:00, run_after=2024-06-27T20:41:53.411521+00:00
[2024-06-27T20:41:53.428+0000] {processor.py:179} INFO - Processing /home/airflow/.local/lib/python3.8/site-packages/airflow/example_dags/example_setup_teardown.py took 0.409 seconds
[2024-06-27T20:42:23.760+0000] {processor.py:157} INFO - Started process (PID=414) to work on /home/airflow/.local/lib/python3.8/site-packages/airflow/example_dags/example_setup_teardown.py
[2024-06-27T20:42:23.761+0000] {processor.py:829} INFO - Processing file /home/airflow/.local/lib/python3.8/site-packages/airflow/example_dags/example_setup_teardown.py for tasks to queue
[2024-06-27T20:42:23.761+0000] {logging_mixin.py:151} INFO - [2024-06-27T20:42:23.761+0000] {dagbag.py:539} INFO - Filling up the DagBag from /home/airflow/.local/lib/python3.8/site-packages/airflow/example_dags/example_setup_teardown.py
[2024-06-27T20:42:23.768+0000] {processor.py:839} INFO - DAG(s) dict_keys(['example_setup_teardown']) retrieved from /home/airflow/.local/lib/python3.8/site-packages/airflow/example_dags/example_setup_teardown.py
[2024-06-27T20:42:23.789+0000] {logging_mixin.py:151} INFO - [2024-06-27T20:42:23.788+0000] {dag.py:2915} INFO - Sync 1 DAGs
[2024-06-27T20:42:23.810+0000] {logging_mixin.py:151} INFO - [2024-06-27T20:42:23.810+0000] {dag.py:3696} INFO - Setting next_dagrun for example_setup_teardown to 2024-06-26T20:42:23.810005+00:00, run_after=2024-06-27T20:42:23.810005+00:00
[2024-06-27T20:42:23.827+0000] {processor.py:179} INFO - Processing /home/airflow/.local/lib/python3.8/site-packages/airflow/example_dags/example_setup_teardown.py took 0.070 seconds
[2024-06-27T20:42:54.132+0000] {processor.py:157} INFO - Started process (PID=657) to work on /home/airflow/.local/lib/python3.8/site-packages/airflow/example_dags/example_setup_teardown.py
[2024-06-27T20:42:54.134+0000] {processor.py:829} INFO - Processing file /home/airflow/.local/lib/python3.8/site-packages/airflow/example_dags/example_setup_teardown.py for tasks to queue
[2024-06-27T20:42:54.134+0000] {logging_mixin.py:151} INFO - [2024-06-27T20:42:54.134+0000] {dagbag.py:539} INFO - Filling up the DagBag from /home/airflow/.local/lib/python3.8/site-packages/airflow/example_dags/example_setup_teardown.py
[2024-06-27T20:42:54.141+0000] {processor.py:839} INFO - DAG(s) dict_keys(['example_setup_teardown']) retrieved from /home/airflow/.local/lib/python3.8/site-packages/airflow/example_dags/example_setup_teardown.py
[2024-06-27T20:42:54.161+0000] {logging_mixin.py:151} INFO - [2024-06-27T20:42:54.161+0000] {dag.py:2915} INFO - Sync 1 DAGs
[2024-06-27T20:42:54.181+0000] {logging_mixin.py:151} INFO - [2024-06-27T20:42:54.181+0000] {dag.py:3696} INFO - Setting next_dagrun for example_setup_teardown to 2024-06-26T20:42:54.181362+00:00, run_after=2024-06-27T20:42:54.181362+00:00
[2024-06-27T20:42:54.199+0000] {processor.py:179} INFO - Processing /home/airflow/.local/lib/python3.8/site-packages/airflow/example_dags/example_setup_teardown.py took 0.069 seconds
[2024-06-27T20:43:24.363+0000] {processor.py:157} INFO - Started process (PID=900) to work on /home/airflow/.local/lib/python3.8/site-packages/airflow/example_dags/example_setup_teardown.py
[2024-06-27T20:43:24.364+0000] {processor.py:829} INFO - Processing file /home/airflow/.local/lib/python3.8/site-packages/airflow/example_dags/example_setup_teardown.py for tasks to queue
[2024-06-27T20:43:24.365+0000] {logging_mixin.py:151} INFO - [2024-06-27T20:43:24.364+0000] {dagbag.py:539} INFO - Filling up the DagBag from /home/airflow/.local/lib/python3.8/site-packages/airflow/example_dags/example_setup_teardown.py
[2024-06-27T20:43:24.373+0000] {processor.py:839} INFO - DAG(s) dict_keys(['example_setup_teardown']) retrieved from /home/airflow/.local/lib/python3.8/site-packages/airflow/example_dags/example_setup_teardown.py
[2024-06-27T20:43:24.394+0000] {logging_mixin.py:151} INFO - [2024-06-27T20:43:24.393+0000] {dag.py:2915} INFO - Sync 1 DAGs
[2024-06-27T20:43:24.416+0000] {logging_mixin.py:151} INFO - [2024-06-27T20:43:24.416+0000] {dag.py:3696} INFO - Setting next_dagrun for example_setup_teardown to 2024-06-26T20:43:24.415772+00:00, run_after=2024-06-27T20:43:24.415772+00:00
[2024-06-27T20:43:24.434+0000] {processor.py:179} INFO - Processing /home/airflow/.local/lib/python3.8/site-packages/airflow/example_dags/example_setup_teardown.py took 0.076 seconds
[2024-06-27T20:43:54.857+0000] {processor.py:157} INFO - Started process (PID=1143) to work on /home/airflow/.local/lib/python3.8/site-packages/airflow/example_dags/example_setup_teardown.py
[2024-06-27T20:43:54.858+0000] {processor.py:829} INFO - Processing file /home/airflow/.local/lib/python3.8/site-packages/airflow/example_dags/example_setup_teardown.py for tasks to queue
[2024-06-27T20:43:54.859+0000] {logging_mixin.py:151} INFO - [2024-06-27T20:43:54.859+0000] {dagbag.py:539} INFO - Filling up the DagBag from /home/airflow/.local/lib/python3.8/site-packages/airflow/example_dags/example_setup_teardown.py
[2024-06-27T20:43:54.868+0000] {processor.py:839} INFO - DAG(s) dict_keys(['example_setup_teardown']) retrieved from /home/airflow/.local/lib/python3.8/site-packages/airflow/example_dags/example_setup_teardown.py
[2024-06-27T20:43:54.888+0000] {logging_mixin.py:151} INFO - [2024-06-27T20:43:54.888+0000] {dag.py:2915} INFO - Sync 1 DAGs
[2024-06-27T20:43:54.909+0000] {logging_mixin.py:151} INFO - [2024-06-27T20:43:54.909+0000] {dag.py:3696} INFO - Setting next_dagrun for example_setup_teardown to 2024-06-26T20:43:54.909185+00:00, run_after=2024-06-27T20:43:54.909185+00:00
[2024-06-27T20:43:54.931+0000] {processor.py:179} INFO - Processing /home/airflow/.local/lib/python3.8/site-packages/airflow/example_dags/example_setup_teardown.py took 0.078 seconds
[2024-06-27T20:44:25.291+0000] {processor.py:157} INFO - Started process (PID=1385) to work on /home/airflow/.local/lib/python3.8/site-packages/airflow/example_dags/example_setup_teardown.py
[2024-06-27T20:44:25.292+0000] {processor.py:829} INFO - Processing file /home/airflow/.local/lib/python3.8/site-packages/airflow/example_dags/example_setup_teardown.py for tasks to queue
[2024-06-27T20:44:25.293+0000] {logging_mixin.py:151} INFO - [2024-06-27T20:44:25.293+0000] {dagbag.py:539} INFO - Filling up the DagBag from /home/airflow/.local/lib/python3.8/site-packages/airflow/example_dags/example_setup_teardown.py
[2024-06-27T20:44:25.302+0000] {processor.py:839} INFO - DAG(s) dict_keys(['example_setup_teardown']) retrieved from /home/airflow/.local/lib/python3.8/site-packages/airflow/example_dags/example_setup_teardown.py
[2024-06-27T20:44:25.325+0000] {logging_mixin.py:151} INFO - [2024-06-27T20:44:25.325+0000] {dag.py:2915} INFO - Sync 1 DAGs
[2024-06-27T20:44:25.348+0000] {logging_mixin.py:151} INFO - [2024-06-27T20:44:25.348+0000] {dag.py:3696} INFO - Setting next_dagrun for example_setup_teardown to 2024-06-26T20:44:25.347702+00:00, run_after=2024-06-27T20:44:25.347702+00:00
[2024-06-27T20:44:25.368+0000] {processor.py:179} INFO - Processing /home/airflow/.local/lib/python3.8/site-packages/airflow/example_dags/example_setup_teardown.py took 0.081 seconds
[2024-06-27T20:44:55.869+0000] {processor.py:157} INFO - Started process (PID=1628) to work on /home/airflow/.local/lib/python3.8/site-packages/airflow/example_dags/example_setup_teardown.py
[2024-06-27T20:44:55.870+0000] {processor.py:829} INFO - Processing file /home/airflow/.local/lib/python3.8/site-packages/airflow/example_dags/example_setup_teardown.py for tasks to queue
[2024-06-27T20:44:55.870+0000] {logging_mixin.py:151} INFO - [2024-06-27T20:44:55.870+0000] {dagbag.py:539} INFO - Filling up the DagBag from /home/airflow/.local/lib/python3.8/site-packages/airflow/example_dags/example_setup_teardown.py
[2024-06-27T20:44:55.880+0000] {processor.py:839} INFO - DAG(s) dict_keys(['example_setup_teardown']) retrieved from /home/airflow/.local/lib/python3.8/site-packages/airflow/example_dags/example_setup_teardown.py
[2024-06-27T20:44:55.900+0000] {logging_mixin.py:151} INFO - [2024-06-27T20:44:55.900+0000] {dag.py:2915} INFO - Sync 1 DAGs
[2024-06-27T20:44:55.920+0000] {logging_mixin.py:151} INFO - [2024-06-27T20:44:55.920+0000] {dag.py:3696} INFO - Setting next_dagrun for example_setup_teardown to 2024-06-26T20:44:55.919906+00:00, run_after=2024-06-27T20:44:55.919906+00:00
[2024-06-27T20:44:55.937+0000] {processor.py:179} INFO - Processing /home/airflow/.local/lib/python3.8/site-packages/airflow/example_dags/example_setup_teardown.py took 0.073 seconds
[2024-06-27T20:45:26.134+0000] {processor.py:157} INFO - Started process (PID=1870) to work on /home/airflow/.local/lib/python3.8/site-packages/airflow/example_dags/example_setup_teardown.py
[2024-06-27T20:45:26.135+0000] {processor.py:829} INFO - Processing file /home/airflow/.local/lib/python3.8/site-packages/airflow/example_dags/example_setup_teardown.py for tasks to queue
[2024-06-27T20:45:26.136+0000] {logging_mixin.py:151} INFO - [2024-06-27T20:45:26.136+0000] {dagbag.py:539} INFO - Filling up the DagBag from /home/airflow/.local/lib/python3.8/site-packages/airflow/example_dags/example_setup_teardown.py
[2024-06-27T20:45:26.146+0000] {processor.py:839} INFO - DAG(s) dict_keys(['example_setup_teardown']) retrieved from /home/airflow/.local/lib/python3.8/site-packages/airflow/example_dags/example_setup_teardown.py
[2024-06-27T20:45:26.168+0000] {logging_mixin.py:151} INFO - [2024-06-27T20:45:26.168+0000] {dag.py:2915} INFO - Sync 1 DAGs
[2024-06-27T20:45:26.193+0000] {logging_mixin.py:151} INFO - [2024-06-27T20:45:26.193+0000] {dag.py:3696} INFO - Setting next_dagrun for example_setup_teardown to 2024-06-26T20:45:26.192759+00:00, run_after=2024-06-27T20:45:26.192759+00:00
[2024-06-27T20:45:26.219+0000] {processor.py:179} INFO - Processing /home/airflow/.local/lib/python3.8/site-packages/airflow/example_dags/example_setup_teardown.py took 0.088 seconds
[2024-06-27T20:45:56.355+0000] {processor.py:157} INFO - Started process (PID=2113) to work on /home/airflow/.local/lib/python3.8/site-packages/airflow/example_dags/example_setup_teardown.py
[2024-06-27T20:45:56.356+0000] {processor.py:829} INFO - Processing file /home/airflow/.local/lib/python3.8/site-packages/airflow/example_dags/example_setup_teardown.py for tasks to queue
[2024-06-27T20:45:56.357+0000] {logging_mixin.py:151} INFO - [2024-06-27T20:45:56.356+0000] {dagbag.py:539} INFO - Filling up the DagBag from /home/airflow/.local/lib/python3.8/site-packages/airflow/example_dags/example_setup_teardown.py
[2024-06-27T20:45:56.364+0000] {processor.py:839} INFO - DAG(s) dict_keys(['example_setup_teardown']) retrieved from /home/airflow/.local/lib/python3.8/site-packages/airflow/example_dags/example_setup_teardown.py
[2024-06-27T20:45:56.385+0000] {logging_mixin.py:151} INFO - [2024-06-27T20:45:56.385+0000] {dag.py:2915} INFO - Sync 1 DAGs
[2024-06-27T20:45:56.406+0000] {logging_mixin.py:151} INFO - [2024-06-27T20:45:56.406+0000] {dag.py:3696} INFO - Setting next_dagrun for example_setup_teardown to 2024-06-26T20:45:56.406418+00:00, run_after=2024-06-27T20:45:56.406418+00:00
[2024-06-27T20:45:56.426+0000] {processor.py:179} INFO - Processing /home/airflow/.local/lib/python3.8/site-packages/airflow/example_dags/example_setup_teardown.py took 0.074 seconds
[2024-06-27T20:46:27.451+0000] {processor.py:157} INFO - Started process (PID=2356) to work on /home/airflow/.local/lib/python3.8/site-packages/airflow/example_dags/example_setup_teardown.py
[2024-06-27T20:46:27.453+0000] {processor.py:829} INFO - Processing file /home/airflow/.local/lib/python3.8/site-packages/airflow/example_dags/example_setup_teardown.py for tasks to queue
[2024-06-27T20:46:27.454+0000] {logging_mixin.py:151} INFO - [2024-06-27T20:46:27.453+0000] {dagbag.py:539} INFO - Filling up the DagBag from /home/airflow/.local/lib/python3.8/site-packages/airflow/example_dags/example_setup_teardown.py
[2024-06-27T20:46:27.462+0000] {processor.py:839} INFO - DAG(s) dict_keys(['example_setup_teardown']) retrieved from /home/airflow/.local/lib/python3.8/site-packages/airflow/example_dags/example_setup_teardown.py
[2024-06-27T20:46:27.491+0000] {logging_mixin.py:151} INFO - [2024-06-27T20:46:27.491+0000] {dag.py:2915} INFO - Sync 1 DAGs
[2024-06-27T20:46:27.522+0000] {logging_mixin.py:151} INFO - [2024-06-27T20:46:27.521+0000] {dag.py:3696} INFO - Setting next_dagrun for example_setup_teardown to 2024-06-26T20:46:27.521659+00:00, run_after=2024-06-27T20:46:27.521659+00:00
[2024-06-27T20:46:27.561+0000] {processor.py:179} INFO - Processing /home/airflow/.local/lib/python3.8/site-packages/airflow/example_dags/example_setup_teardown.py took 0.114 seconds
[2024-06-27T20:46:58.592+0000] {processor.py:157} INFO - Started process (PID=2601) to work on /home/airflow/.local/lib/python3.8/site-packages/airflow/example_dags/example_setup_teardown.py
[2024-06-27T20:46:58.593+0000] {processor.py:829} INFO - Processing file /home/airflow/.local/lib/python3.8/site-packages/airflow/example_dags/example_setup_teardown.py for tasks to queue
[2024-06-27T20:46:58.594+0000] {logging_mixin.py:151} INFO - [2024-06-27T20:46:58.594+0000] {dagbag.py:539} INFO - Filling up the DagBag from /home/airflow/.local/lib/python3.8/site-packages/airflow/example_dags/example_setup_teardown.py
[2024-06-27T20:46:58.603+0000] {processor.py:839} INFO - DAG(s) dict_keys(['example_setup_teardown']) retrieved from /home/airflow/.local/lib/python3.8/site-packages/airflow/example_dags/example_setup_teardown.py
[2024-06-27T20:46:58.623+0000] {logging_mixin.py:151} INFO - [2024-06-27T20:46:58.623+0000] {dag.py:2915} INFO - Sync 1 DAGs
[2024-06-27T20:46:58.646+0000] {logging_mixin.py:151} INFO - [2024-06-27T20:46:58.646+0000] {dag.py:3696} INFO - Setting next_dagrun for example_setup_teardown to 2024-06-26T20:46:58.645941+00:00, run_after=2024-06-27T20:46:58.645941+00:00
[2024-06-27T20:46:58.664+0000] {processor.py:179} INFO - Processing /home/airflow/.local/lib/python3.8/site-packages/airflow/example_dags/example_setup_teardown.py took 0.075 seconds
[2024-06-27T20:47:29.503+0000] {processor.py:157} INFO - Started process (PID=2844) to work on /home/airflow/.local/lib/python3.8/site-packages/airflow/example_dags/example_setup_teardown.py
[2024-06-27T20:47:29.504+0000] {processor.py:829} INFO - Processing file /home/airflow/.local/lib/python3.8/site-packages/airflow/example_dags/example_setup_teardown.py for tasks to queue
[2024-06-27T20:47:29.504+0000] {logging_mixin.py:151} INFO - [2024-06-27T20:47:29.504+0000] {dagbag.py:539} INFO - Filling up the DagBag from /home/airflow/.local/lib/python3.8/site-packages/airflow/example_dags/example_setup_teardown.py
[2024-06-27T20:47:29.517+0000] {processor.py:839} INFO - DAG(s) dict_keys(['example_setup_teardown']) retrieved from /home/airflow/.local/lib/python3.8/site-packages/airflow/example_dags/example_setup_teardown.py
[2024-06-27T20:47:29.540+0000] {logging_mixin.py:151} INFO - [2024-06-27T20:47:29.540+0000] {dag.py:2915} INFO - Sync 1 DAGs
[2024-06-27T20:47:29.561+0000] {logging_mixin.py:151} INFO - [2024-06-27T20:47:29.561+0000] {dag.py:3696} INFO - Setting next_dagrun for example_setup_teardown to 2024-06-26T20:47:29.560782+00:00, run_after=2024-06-27T20:47:29.560782+00:00
[2024-06-27T20:47:29.582+0000] {processor.py:179} INFO - Processing /home/airflow/.local/lib/python3.8/site-packages/airflow/example_dags/example_setup_teardown.py took 0.083 seconds
[2024-06-27T20:48:00.432+0000] {processor.py:157} INFO - Started process (PID=3088) to work on /home/airflow/.local/lib/python3.8/site-packages/airflow/example_dags/example_setup_teardown.py
[2024-06-27T20:48:00.433+0000] {processor.py:829} INFO - Processing file /home/airflow/.local/lib/python3.8/site-packages/airflow/example_dags/example_setup_teardown.py for tasks to queue
[2024-06-27T20:48:00.434+0000] {logging_mixin.py:151} INFO - [2024-06-27T20:48:00.434+0000] {dagbag.py:539} INFO - Filling up the DagBag from /home/airflow/.local/lib/python3.8/site-packages/airflow/example_dags/example_setup_teardown.py
[2024-06-27T20:48:00.441+0000] {processor.py:839} INFO - DAG(s) dict_keys(['example_setup_teardown']) retrieved from /home/airflow/.local/lib/python3.8/site-packages/airflow/example_dags/example_setup_teardown.py
[2024-06-27T20:48:00.460+0000] {logging_mixin.py:151} INFO - [2024-06-27T20:48:00.460+0000] {dag.py:2915} INFO - Sync 1 DAGs
[2024-06-27T20:48:00.481+0000] {logging_mixin.py:151} INFO - [2024-06-27T20:48:00.481+0000] {dag.py:3696} INFO - Setting next_dagrun for example_setup_teardown to 2024-06-26T20:48:00.481296+00:00, run_after=2024-06-27T20:48:00.481296+00:00
[2024-06-27T20:48:00.500+0000] {processor.py:179} INFO - Processing /home/airflow/.local/lib/python3.8/site-packages/airflow/example_dags/example_setup_teardown.py took 0.071 seconds
[2024-06-27T20:48:31.307+0000] {processor.py:157} INFO - Started process (PID=3331) to work on /home/airflow/.local/lib/python3.8/site-packages/airflow/example_dags/example_setup_teardown.py
[2024-06-27T20:48:31.308+0000] {processor.py:829} INFO - Processing file /home/airflow/.local/lib/python3.8/site-packages/airflow/example_dags/example_setup_teardown.py for tasks to queue
[2024-06-27T20:48:31.308+0000] {logging_mixin.py:151} INFO - [2024-06-27T20:48:31.308+0000] {dagbag.py:539} INFO - Filling up the DagBag from /home/airflow/.local/lib/python3.8/site-packages/airflow/example_dags/example_setup_teardown.py
[2024-06-27T20:48:31.315+0000] {processor.py:839} INFO - DAG(s) dict_keys(['example_setup_teardown']) retrieved from /home/airflow/.local/lib/python3.8/site-packages/airflow/example_dags/example_setup_teardown.py
[2024-06-27T20:48:31.335+0000] {logging_mixin.py:151} INFO - [2024-06-27T20:48:31.334+0000] {dag.py:2915} INFO - Sync 1 DAGs
[2024-06-27T20:48:31.357+0000] {logging_mixin.py:151} INFO - [2024-06-27T20:48:31.357+0000] {dag.py:3696} INFO - Setting next_dagrun for example_setup_teardown to 2024-06-26T20:48:31.357055+00:00, run_after=2024-06-27T20:48:31.357055+00:00
[2024-06-27T20:48:31.374+0000] {processor.py:179} INFO - Processing /home/airflow/.local/lib/python3.8/site-packages/airflow/example_dags/example_setup_teardown.py took 0.070 seconds
[2024-06-27T20:49:02.230+0000] {processor.py:157} INFO - Started process (PID=3574) to work on /home/airflow/.local/lib/python3.8/site-packages/airflow/example_dags/example_setup_teardown.py
[2024-06-27T20:49:02.230+0000] {processor.py:829} INFO - Processing file /home/airflow/.local/lib/python3.8/site-packages/airflow/example_dags/example_setup_teardown.py for tasks to queue
[2024-06-27T20:49:02.231+0000] {logging_mixin.py:151} INFO - [2024-06-27T20:49:02.231+0000] {dagbag.py:539} INFO - Filling up the DagBag from /home/airflow/.local/lib/python3.8/site-packages/airflow/example_dags/example_setup_teardown.py
[2024-06-27T20:49:02.238+0000] {processor.py:839} INFO - DAG(s) dict_keys(['example_setup_teardown']) retrieved from /home/airflow/.local/lib/python3.8/site-packages/airflow/example_dags/example_setup_teardown.py
[2024-06-27T20:49:02.258+0000] {logging_mixin.py:151} INFO - [2024-06-27T20:49:02.258+0000] {dag.py:2915} INFO - Sync 1 DAGs
[2024-06-27T20:49:02.280+0000] {logging_mixin.py:151} INFO - [2024-06-27T20:49:02.280+0000] {dag.py:3696} INFO - Setting next_dagrun for example_setup_teardown to 2024-06-26T20:49:02.280002+00:00, run_after=2024-06-27T20:49:02.280002+00:00
[2024-06-27T20:49:02.298+0000] {processor.py:179} INFO - Processing /home/airflow/.local/lib/python3.8/site-packages/airflow/example_dags/example_setup_teardown.py took 0.071 seconds
[2024-06-27T20:49:32.643+0000] {processor.py:157} INFO - Started process (PID=3817) to work on /home/airflow/.local/lib/python3.8/site-packages/airflow/example_dags/example_setup_teardown.py
[2024-06-27T20:49:32.644+0000] {processor.py:829} INFO - Processing file /home/airflow/.local/lib/python3.8/site-packages/airflow/example_dags/example_setup_teardown.py for tasks to queue
[2024-06-27T20:49:32.645+0000] {logging_mixin.py:151} INFO - [2024-06-27T20:49:32.644+0000] {dagbag.py:539} INFO - Filling up the DagBag from /home/airflow/.local/lib/python3.8/site-packages/airflow/example_dags/example_setup_teardown.py
[2024-06-27T20:49:32.653+0000] {processor.py:839} INFO - DAG(s) dict_keys(['example_setup_teardown']) retrieved from /home/airflow/.local/lib/python3.8/site-packages/airflow/example_dags/example_setup_teardown.py
[2024-06-27T20:49:32.675+0000] {logging_mixin.py:151} INFO - [2024-06-27T20:49:32.675+0000] {dag.py:2915} INFO - Sync 1 DAGs
[2024-06-27T20:49:32.698+0000] {logging_mixin.py:151} INFO - [2024-06-27T20:49:32.698+0000] {dag.py:3696} INFO - Setting next_dagrun for example_setup_teardown to 2024-06-26T20:49:32.698350+00:00, run_after=2024-06-27T20:49:32.698350+00:00
[2024-06-27T20:49:32.721+0000] {processor.py:179} INFO - Processing /home/airflow/.local/lib/python3.8/site-packages/airflow/example_dags/example_setup_teardown.py took 0.082 seconds
[2024-06-27T20:50:03.501+0000] {processor.py:157} INFO - Started process (PID=4124) to work on /home/airflow/.local/lib/python3.8/site-packages/airflow/example_dags/example_setup_teardown.py
[2024-06-27T20:50:03.502+0000] {processor.py:829} INFO - Processing file /home/airflow/.local/lib/python3.8/site-packages/airflow/example_dags/example_setup_teardown.py for tasks to queue
[2024-06-27T20:50:03.503+0000] {logging_mixin.py:151} INFO - [2024-06-27T20:50:03.503+0000] {dagbag.py:539} INFO - Filling up the DagBag from /home/airflow/.local/lib/python3.8/site-packages/airflow/example_dags/example_setup_teardown.py
[2024-06-27T20:50:03.516+0000] {processor.py:839} INFO - DAG(s) dict_keys(['example_setup_teardown']) retrieved from /home/airflow/.local/lib/python3.8/site-packages/airflow/example_dags/example_setup_teardown.py
[2024-06-27T20:50:03.546+0000] {logging_mixin.py:151} INFO - [2024-06-27T20:50:03.546+0000] {dag.py:2915} INFO - Sync 1 DAGs
[2024-06-27T20:50:03.587+0000] {logging_mixin.py:151} INFO - [2024-06-27T20:50:03.587+0000] {dag.py:3696} INFO - Setting next_dagrun for example_setup_teardown to 2024-06-26T20:50:03.586909+00:00, run_after=2024-06-27T20:50:03.586909+00:00
[2024-06-27T20:50:03.620+0000] {processor.py:179} INFO - Processing /home/airflow/.local/lib/python3.8/site-packages/airflow/example_dags/example_setup_teardown.py took 0.124 seconds
