[2024-06-27T20:41:53.851+0000] {processor.py:157} INFO - Started process (PID=183) to work on /home/airflow/.local/lib/python3.8/site-packages/airflow/example_dags/example_dynamic_task_mapping_with_no_taskflow_operators.py
[2024-06-27T20:41:53.851+0000] {processor.py:829} INFO - Processing file /home/airflow/.local/lib/python3.8/site-packages/airflow/example_dags/example_dynamic_task_mapping_with_no_taskflow_operators.py for tasks to queue
[2024-06-27T20:41:53.852+0000] {logging_mixin.py:151} INFO - [2024-06-27T20:41:53.852+0000] {dagbag.py:539} INFO - Filling up the DagBag from /home/airflow/.local/lib/python3.8/site-packages/airflow/example_dags/example_dynamic_task_mapping_with_no_taskflow_operators.py
[2024-06-27T20:41:53.862+0000] {processor.py:839} INFO - DAG(s) dict_keys(['example_dynamic_task_mapping_with_no_taskflow_operators']) retrieved from /home/airflow/.local/lib/python3.8/site-packages/airflow/example_dags/example_dynamic_task_mapping_with_no_taskflow_operators.py
[2024-06-27T20:41:54.086+0000] {logging_mixin.py:151} INFO - [2024-06-27T20:41:54.086+0000] {manager.py:499} INFO - Created Permission View: %s
[2024-06-27T20:41:54.097+0000] {logging_mixin.py:151} INFO - [2024-06-27T20:41:54.097+0000] {manager.py:499} INFO - Created Permission View: %s
[2024-06-27T20:41:54.103+0000] {logging_mixin.py:151} INFO - [2024-06-27T20:41:54.103+0000] {manager.py:499} INFO - Created Permission View: %s
[2024-06-27T20:41:54.104+0000] {logging_mixin.py:151} INFO - [2024-06-27T20:41:54.104+0000] {security.py:708} INFO - Not syncing DAG-level permissions for DAG 'DAG:example_dynamic_task_mapping_with_no_taskflow_operators' as access control is unset.
[2024-06-27T20:41:54.104+0000] {logging_mixin.py:151} INFO - [2024-06-27T20:41:54.104+0000] {dag.py:2915} INFO - Sync 1 DAGs
[2024-06-27T20:41:54.114+0000] {logging_mixin.py:151} INFO - [2024-06-27T20:41:54.114+0000] {dag.py:2937} INFO - Creating ORM DAG for example_dynamic_task_mapping_with_no_taskflow_operators
[2024-06-27T20:41:54.123+0000] {logging_mixin.py:151} INFO - [2024-06-27T20:41:54.123+0000] {dag.py:3696} INFO - Setting next_dagrun for example_dynamic_task_mapping_with_no_taskflow_operators to 2024-06-26T20:41:54.123428+00:00, run_after=2024-06-27T20:41:54.123428+00:00
[2024-06-27T20:41:54.139+0000] {processor.py:179} INFO - Processing /home/airflow/.local/lib/python3.8/site-packages/airflow/example_dags/example_dynamic_task_mapping_with_no_taskflow_operators.py took 0.292 seconds
[2024-06-27T20:42:24.854+0000] {processor.py:157} INFO - Started process (PID=424) to work on /home/airflow/.local/lib/python3.8/site-packages/airflow/example_dags/example_dynamic_task_mapping_with_no_taskflow_operators.py
[2024-06-27T20:42:24.855+0000] {processor.py:829} INFO - Processing file /home/airflow/.local/lib/python3.8/site-packages/airflow/example_dags/example_dynamic_task_mapping_with_no_taskflow_operators.py for tasks to queue
[2024-06-27T20:42:24.856+0000] {logging_mixin.py:151} INFO - [2024-06-27T20:42:24.856+0000] {dagbag.py:539} INFO - Filling up the DagBag from /home/airflow/.local/lib/python3.8/site-packages/airflow/example_dags/example_dynamic_task_mapping_with_no_taskflow_operators.py
[2024-06-27T20:42:24.865+0000] {processor.py:839} INFO - DAG(s) dict_keys(['example_dynamic_task_mapping_with_no_taskflow_operators']) retrieved from /home/airflow/.local/lib/python3.8/site-packages/airflow/example_dags/example_dynamic_task_mapping_with_no_taskflow_operators.py
[2024-06-27T20:42:24.889+0000] {logging_mixin.py:151} INFO - [2024-06-27T20:42:24.888+0000] {dag.py:2915} INFO - Sync 1 DAGs
[2024-06-27T20:42:24.910+0000] {logging_mixin.py:151} INFO - [2024-06-27T20:42:24.910+0000] {dag.py:3696} INFO - Setting next_dagrun for example_dynamic_task_mapping_with_no_taskflow_operators to 2024-06-26T20:42:24.910249+00:00, run_after=2024-06-27T20:42:24.910249+00:00
[2024-06-27T20:42:24.927+0000] {processor.py:179} INFO - Processing /home/airflow/.local/lib/python3.8/site-packages/airflow/example_dags/example_dynamic_task_mapping_with_no_taskflow_operators.py took 0.076 seconds
[2024-06-27T20:42:55.152+0000] {processor.py:157} INFO - Started process (PID=667) to work on /home/airflow/.local/lib/python3.8/site-packages/airflow/example_dags/example_dynamic_task_mapping_with_no_taskflow_operators.py
[2024-06-27T20:42:55.153+0000] {processor.py:829} INFO - Processing file /home/airflow/.local/lib/python3.8/site-packages/airflow/example_dags/example_dynamic_task_mapping_with_no_taskflow_operators.py for tasks to queue
[2024-06-27T20:42:55.154+0000] {logging_mixin.py:151} INFO - [2024-06-27T20:42:55.154+0000] {dagbag.py:539} INFO - Filling up the DagBag from /home/airflow/.local/lib/python3.8/site-packages/airflow/example_dags/example_dynamic_task_mapping_with_no_taskflow_operators.py
[2024-06-27T20:42:55.161+0000] {processor.py:839} INFO - DAG(s) dict_keys(['example_dynamic_task_mapping_with_no_taskflow_operators']) retrieved from /home/airflow/.local/lib/python3.8/site-packages/airflow/example_dags/example_dynamic_task_mapping_with_no_taskflow_operators.py
[2024-06-27T20:42:55.185+0000] {logging_mixin.py:151} INFO - [2024-06-27T20:42:55.184+0000] {dag.py:2915} INFO - Sync 1 DAGs
[2024-06-27T20:42:55.213+0000] {logging_mixin.py:151} INFO - [2024-06-27T20:42:55.213+0000] {dag.py:3696} INFO - Setting next_dagrun for example_dynamic_task_mapping_with_no_taskflow_operators to 2024-06-26T20:42:55.213374+00:00, run_after=2024-06-27T20:42:55.213374+00:00
[2024-06-27T20:42:55.237+0000] {processor.py:179} INFO - Processing /home/airflow/.local/lib/python3.8/site-packages/airflow/example_dags/example_dynamic_task_mapping_with_no_taskflow_operators.py took 0.088 seconds
[2024-06-27T20:43:25.469+0000] {processor.py:157} INFO - Started process (PID=910) to work on /home/airflow/.local/lib/python3.8/site-packages/airflow/example_dags/example_dynamic_task_mapping_with_no_taskflow_operators.py
[2024-06-27T20:43:25.470+0000] {processor.py:829} INFO - Processing file /home/airflow/.local/lib/python3.8/site-packages/airflow/example_dags/example_dynamic_task_mapping_with_no_taskflow_operators.py for tasks to queue
[2024-06-27T20:43:25.470+0000] {logging_mixin.py:151} INFO - [2024-06-27T20:43:25.470+0000] {dagbag.py:539} INFO - Filling up the DagBag from /home/airflow/.local/lib/python3.8/site-packages/airflow/example_dags/example_dynamic_task_mapping_with_no_taskflow_operators.py
[2024-06-27T20:43:25.477+0000] {processor.py:839} INFO - DAG(s) dict_keys(['example_dynamic_task_mapping_with_no_taskflow_operators']) retrieved from /home/airflow/.local/lib/python3.8/site-packages/airflow/example_dags/example_dynamic_task_mapping_with_no_taskflow_operators.py
[2024-06-27T20:43:25.497+0000] {logging_mixin.py:151} INFO - [2024-06-27T20:43:25.496+0000] {dag.py:2915} INFO - Sync 1 DAGs
[2024-06-27T20:43:25.521+0000] {logging_mixin.py:151} INFO - [2024-06-27T20:43:25.520+0000] {dag.py:3696} INFO - Setting next_dagrun for example_dynamic_task_mapping_with_no_taskflow_operators to 2024-06-26T20:43:25.520738+00:00, run_after=2024-06-27T20:43:25.520738+00:00
[2024-06-27T20:43:25.538+0000] {processor.py:179} INFO - Processing /home/airflow/.local/lib/python3.8/site-packages/airflow/example_dags/example_dynamic_task_mapping_with_no_taskflow_operators.py took 0.072 seconds
[2024-06-27T20:43:55.899+0000] {processor.py:157} INFO - Started process (PID=1153) to work on /home/airflow/.local/lib/python3.8/site-packages/airflow/example_dags/example_dynamic_task_mapping_with_no_taskflow_operators.py
[2024-06-27T20:43:55.900+0000] {processor.py:829} INFO - Processing file /home/airflow/.local/lib/python3.8/site-packages/airflow/example_dags/example_dynamic_task_mapping_with_no_taskflow_operators.py for tasks to queue
[2024-06-27T20:43:55.901+0000] {logging_mixin.py:151} INFO - [2024-06-27T20:43:55.901+0000] {dagbag.py:539} INFO - Filling up the DagBag from /home/airflow/.local/lib/python3.8/site-packages/airflow/example_dags/example_dynamic_task_mapping_with_no_taskflow_operators.py
[2024-06-27T20:43:55.911+0000] {processor.py:839} INFO - DAG(s) dict_keys(['example_dynamic_task_mapping_with_no_taskflow_operators']) retrieved from /home/airflow/.local/lib/python3.8/site-packages/airflow/example_dags/example_dynamic_task_mapping_with_no_taskflow_operators.py
[2024-06-27T20:43:55.943+0000] {logging_mixin.py:151} INFO - [2024-06-27T20:43:55.943+0000] {dag.py:2915} INFO - Sync 1 DAGs
[2024-06-27T20:43:55.995+0000] {logging_mixin.py:151} INFO - [2024-06-27T20:43:55.994+0000] {dag.py:3696} INFO - Setting next_dagrun for example_dynamic_task_mapping_with_no_taskflow_operators to 2024-06-26T20:43:55.993925+00:00, run_after=2024-06-27T20:43:55.993925+00:00
[2024-06-27T20:43:56.054+0000] {processor.py:179} INFO - Processing /home/airflow/.local/lib/python3.8/site-packages/airflow/example_dags/example_dynamic_task_mapping_with_no_taskflow_operators.py took 0.159 seconds
[2024-06-27T20:44:26.324+0000] {processor.py:157} INFO - Started process (PID=1395) to work on /home/airflow/.local/lib/python3.8/site-packages/airflow/example_dags/example_dynamic_task_mapping_with_no_taskflow_operators.py
[2024-06-27T20:44:26.325+0000] {processor.py:829} INFO - Processing file /home/airflow/.local/lib/python3.8/site-packages/airflow/example_dags/example_dynamic_task_mapping_with_no_taskflow_operators.py for tasks to queue
[2024-06-27T20:44:26.326+0000] {logging_mixin.py:151} INFO - [2024-06-27T20:44:26.326+0000] {dagbag.py:539} INFO - Filling up the DagBag from /home/airflow/.local/lib/python3.8/site-packages/airflow/example_dags/example_dynamic_task_mapping_with_no_taskflow_operators.py
[2024-06-27T20:44:26.332+0000] {processor.py:839} INFO - DAG(s) dict_keys(['example_dynamic_task_mapping_with_no_taskflow_operators']) retrieved from /home/airflow/.local/lib/python3.8/site-packages/airflow/example_dags/example_dynamic_task_mapping_with_no_taskflow_operators.py
[2024-06-27T20:44:26.352+0000] {logging_mixin.py:151} INFO - [2024-06-27T20:44:26.352+0000] {dag.py:2915} INFO - Sync 1 DAGs
[2024-06-27T20:44:26.375+0000] {logging_mixin.py:151} INFO - [2024-06-27T20:44:26.375+0000] {dag.py:3696} INFO - Setting next_dagrun for example_dynamic_task_mapping_with_no_taskflow_operators to 2024-06-26T20:44:26.375145+00:00, run_after=2024-06-27T20:44:26.375145+00:00
[2024-06-27T20:44:26.393+0000] {processor.py:179} INFO - Processing /home/airflow/.local/lib/python3.8/site-packages/airflow/example_dags/example_dynamic_task_mapping_with_no_taskflow_operators.py took 0.072 seconds
[2024-06-27T20:44:56.891+0000] {processor.py:157} INFO - Started process (PID=1638) to work on /home/airflow/.local/lib/python3.8/site-packages/airflow/example_dags/example_dynamic_task_mapping_with_no_taskflow_operators.py
[2024-06-27T20:44:56.892+0000] {processor.py:829} INFO - Processing file /home/airflow/.local/lib/python3.8/site-packages/airflow/example_dags/example_dynamic_task_mapping_with_no_taskflow_operators.py for tasks to queue
[2024-06-27T20:44:56.893+0000] {logging_mixin.py:151} INFO - [2024-06-27T20:44:56.892+0000] {dagbag.py:539} INFO - Filling up the DagBag from /home/airflow/.local/lib/python3.8/site-packages/airflow/example_dags/example_dynamic_task_mapping_with_no_taskflow_operators.py
[2024-06-27T20:44:56.899+0000] {processor.py:839} INFO - DAG(s) dict_keys(['example_dynamic_task_mapping_with_no_taskflow_operators']) retrieved from /home/airflow/.local/lib/python3.8/site-packages/airflow/example_dags/example_dynamic_task_mapping_with_no_taskflow_operators.py
[2024-06-27T20:44:56.917+0000] {logging_mixin.py:151} INFO - [2024-06-27T20:44:56.917+0000] {dag.py:2915} INFO - Sync 1 DAGs
[2024-06-27T20:44:56.937+0000] {logging_mixin.py:151} INFO - [2024-06-27T20:44:56.937+0000] {dag.py:3696} INFO - Setting next_dagrun for example_dynamic_task_mapping_with_no_taskflow_operators to 2024-06-26T20:44:56.937562+00:00, run_after=2024-06-27T20:44:56.937562+00:00
[2024-06-27T20:44:56.954+0000] {processor.py:179} INFO - Processing /home/airflow/.local/lib/python3.8/site-packages/airflow/example_dags/example_dynamic_task_mapping_with_no_taskflow_operators.py took 0.065 seconds
[2024-06-27T20:45:27.257+0000] {processor.py:157} INFO - Started process (PID=1880) to work on /home/airflow/.local/lib/python3.8/site-packages/airflow/example_dags/example_dynamic_task_mapping_with_no_taskflow_operators.py
[2024-06-27T20:45:27.258+0000] {processor.py:829} INFO - Processing file /home/airflow/.local/lib/python3.8/site-packages/airflow/example_dags/example_dynamic_task_mapping_with_no_taskflow_operators.py for tasks to queue
[2024-06-27T20:45:27.259+0000] {logging_mixin.py:151} INFO - [2024-06-27T20:45:27.259+0000] {dagbag.py:539} INFO - Filling up the DagBag from /home/airflow/.local/lib/python3.8/site-packages/airflow/example_dags/example_dynamic_task_mapping_with_no_taskflow_operators.py
[2024-06-27T20:45:27.265+0000] {processor.py:839} INFO - DAG(s) dict_keys(['example_dynamic_task_mapping_with_no_taskflow_operators']) retrieved from /home/airflow/.local/lib/python3.8/site-packages/airflow/example_dags/example_dynamic_task_mapping_with_no_taskflow_operators.py
[2024-06-27T20:45:27.286+0000] {logging_mixin.py:151} INFO - [2024-06-27T20:45:27.286+0000] {dag.py:2915} INFO - Sync 1 DAGs
[2024-06-27T20:45:27.312+0000] {logging_mixin.py:151} INFO - [2024-06-27T20:45:27.311+0000] {dag.py:3696} INFO - Setting next_dagrun for example_dynamic_task_mapping_with_no_taskflow_operators to 2024-06-26T20:45:27.311592+00:00, run_after=2024-06-27T20:45:27.311592+00:00
[2024-06-27T20:45:27.332+0000] {processor.py:179} INFO - Processing /home/airflow/.local/lib/python3.8/site-packages/airflow/example_dags/example_dynamic_task_mapping_with_no_taskflow_operators.py took 0.079 seconds
[2024-06-27T20:45:57.459+0000] {processor.py:157} INFO - Started process (PID=2123) to work on /home/airflow/.local/lib/python3.8/site-packages/airflow/example_dags/example_dynamic_task_mapping_with_no_taskflow_operators.py
[2024-06-27T20:45:57.459+0000] {processor.py:829} INFO - Processing file /home/airflow/.local/lib/python3.8/site-packages/airflow/example_dags/example_dynamic_task_mapping_with_no_taskflow_operators.py for tasks to queue
[2024-06-27T20:45:57.460+0000] {logging_mixin.py:151} INFO - [2024-06-27T20:45:57.460+0000] {dagbag.py:539} INFO - Filling up the DagBag from /home/airflow/.local/lib/python3.8/site-packages/airflow/example_dags/example_dynamic_task_mapping_with_no_taskflow_operators.py
[2024-06-27T20:45:57.466+0000] {processor.py:839} INFO - DAG(s) dict_keys(['example_dynamic_task_mapping_with_no_taskflow_operators']) retrieved from /home/airflow/.local/lib/python3.8/site-packages/airflow/example_dags/example_dynamic_task_mapping_with_no_taskflow_operators.py
[2024-06-27T20:45:57.485+0000] {logging_mixin.py:151} INFO - [2024-06-27T20:45:57.485+0000] {dag.py:2915} INFO - Sync 1 DAGs
[2024-06-27T20:45:57.508+0000] {logging_mixin.py:151} INFO - [2024-06-27T20:45:57.508+0000] {dag.py:3696} INFO - Setting next_dagrun for example_dynamic_task_mapping_with_no_taskflow_operators to 2024-06-26T20:45:57.508093+00:00, run_after=2024-06-27T20:45:57.508093+00:00
[2024-06-27T20:45:57.530+0000] {processor.py:179} INFO - Processing /home/airflow/.local/lib/python3.8/site-packages/airflow/example_dags/example_dynamic_task_mapping_with_no_taskflow_operators.py took 0.075 seconds
[2024-06-27T20:46:27.590+0000] {processor.py:157} INFO - Started process (PID=2363) to work on /home/airflow/.local/lib/python3.8/site-packages/airflow/example_dags/example_dynamic_task_mapping_with_no_taskflow_operators.py
[2024-06-27T20:46:27.591+0000] {processor.py:829} INFO - Processing file /home/airflow/.local/lib/python3.8/site-packages/airflow/example_dags/example_dynamic_task_mapping_with_no_taskflow_operators.py for tasks to queue
[2024-06-27T20:46:27.592+0000] {logging_mixin.py:151} INFO - [2024-06-27T20:46:27.592+0000] {dagbag.py:539} INFO - Filling up the DagBag from /home/airflow/.local/lib/python3.8/site-packages/airflow/example_dags/example_dynamic_task_mapping_with_no_taskflow_operators.py
[2024-06-27T20:46:27.598+0000] {processor.py:839} INFO - DAG(s) dict_keys(['example_dynamic_task_mapping_with_no_taskflow_operators']) retrieved from /home/airflow/.local/lib/python3.8/site-packages/airflow/example_dags/example_dynamic_task_mapping_with_no_taskflow_operators.py
[2024-06-27T20:46:27.618+0000] {logging_mixin.py:151} INFO - [2024-06-27T20:46:27.618+0000] {dag.py:2915} INFO - Sync 1 DAGs
[2024-06-27T20:46:27.642+0000] {logging_mixin.py:151} INFO - [2024-06-27T20:46:27.642+0000] {dag.py:3696} INFO - Setting next_dagrun for example_dynamic_task_mapping_with_no_taskflow_operators to 2024-06-26T20:46:27.642059+00:00, run_after=2024-06-27T20:46:27.642059+00:00
[2024-06-27T20:46:27.673+0000] {processor.py:179} INFO - Processing /home/airflow/.local/lib/python3.8/site-packages/airflow/example_dags/example_dynamic_task_mapping_with_no_taskflow_operators.py took 0.087 seconds
[2024-06-27T20:46:58.685+0000] {processor.py:157} INFO - Started process (PID=2609) to work on /home/airflow/.local/lib/python3.8/site-packages/airflow/example_dags/example_dynamic_task_mapping_with_no_taskflow_operators.py
[2024-06-27T20:46:58.686+0000] {processor.py:829} INFO - Processing file /home/airflow/.local/lib/python3.8/site-packages/airflow/example_dags/example_dynamic_task_mapping_with_no_taskflow_operators.py for tasks to queue
[2024-06-27T20:46:58.687+0000] {logging_mixin.py:151} INFO - [2024-06-27T20:46:58.686+0000] {dagbag.py:539} INFO - Filling up the DagBag from /home/airflow/.local/lib/python3.8/site-packages/airflow/example_dags/example_dynamic_task_mapping_with_no_taskflow_operators.py
[2024-06-27T20:46:58.693+0000] {processor.py:839} INFO - DAG(s) dict_keys(['example_dynamic_task_mapping_with_no_taskflow_operators']) retrieved from /home/airflow/.local/lib/python3.8/site-packages/airflow/example_dags/example_dynamic_task_mapping_with_no_taskflow_operators.py
[2024-06-27T20:46:58.711+0000] {logging_mixin.py:151} INFO - [2024-06-27T20:46:58.711+0000] {dag.py:2915} INFO - Sync 1 DAGs
[2024-06-27T20:46:58.732+0000] {logging_mixin.py:151} INFO - [2024-06-27T20:46:58.732+0000] {dag.py:3696} INFO - Setting next_dagrun for example_dynamic_task_mapping_with_no_taskflow_operators to 2024-06-26T20:46:58.732486+00:00, run_after=2024-06-27T20:46:58.732486+00:00
[2024-06-27T20:46:58.751+0000] {processor.py:179} INFO - Processing /home/airflow/.local/lib/python3.8/site-packages/airflow/example_dags/example_dynamic_task_mapping_with_no_taskflow_operators.py took 0.069 seconds
[2024-06-27T20:47:29.605+0000] {processor.py:157} INFO - Started process (PID=2852) to work on /home/airflow/.local/lib/python3.8/site-packages/airflow/example_dags/example_dynamic_task_mapping_with_no_taskflow_operators.py
[2024-06-27T20:47:29.605+0000] {processor.py:829} INFO - Processing file /home/airflow/.local/lib/python3.8/site-packages/airflow/example_dags/example_dynamic_task_mapping_with_no_taskflow_operators.py for tasks to queue
[2024-06-27T20:47:29.606+0000] {logging_mixin.py:151} INFO - [2024-06-27T20:47:29.606+0000] {dagbag.py:539} INFO - Filling up the DagBag from /home/airflow/.local/lib/python3.8/site-packages/airflow/example_dags/example_dynamic_task_mapping_with_no_taskflow_operators.py
[2024-06-27T20:47:29.612+0000] {processor.py:839} INFO - DAG(s) dict_keys(['example_dynamic_task_mapping_with_no_taskflow_operators']) retrieved from /home/airflow/.local/lib/python3.8/site-packages/airflow/example_dags/example_dynamic_task_mapping_with_no_taskflow_operators.py
[2024-06-27T20:47:29.630+0000] {logging_mixin.py:151} INFO - [2024-06-27T20:47:29.630+0000] {dag.py:2915} INFO - Sync 1 DAGs
[2024-06-27T20:47:29.651+0000] {logging_mixin.py:151} INFO - [2024-06-27T20:47:29.651+0000] {dag.py:3696} INFO - Setting next_dagrun for example_dynamic_task_mapping_with_no_taskflow_operators to 2024-06-26T20:47:29.651095+00:00, run_after=2024-06-27T20:47:29.651095+00:00
[2024-06-27T20:47:29.669+0000] {processor.py:179} INFO - Processing /home/airflow/.local/lib/python3.8/site-packages/airflow/example_dags/example_dynamic_task_mapping_with_no_taskflow_operators.py took 0.068 seconds
[2024-06-27T20:48:00.521+0000] {processor.py:157} INFO - Started process (PID=3096) to work on /home/airflow/.local/lib/python3.8/site-packages/airflow/example_dags/example_dynamic_task_mapping_with_no_taskflow_operators.py
[2024-06-27T20:48:00.521+0000] {processor.py:829} INFO - Processing file /home/airflow/.local/lib/python3.8/site-packages/airflow/example_dags/example_dynamic_task_mapping_with_no_taskflow_operators.py for tasks to queue
[2024-06-27T20:48:00.522+0000] {logging_mixin.py:151} INFO - [2024-06-27T20:48:00.522+0000] {dagbag.py:539} INFO - Filling up the DagBag from /home/airflow/.local/lib/python3.8/site-packages/airflow/example_dags/example_dynamic_task_mapping_with_no_taskflow_operators.py
[2024-06-27T20:48:00.528+0000] {processor.py:839} INFO - DAG(s) dict_keys(['example_dynamic_task_mapping_with_no_taskflow_operators']) retrieved from /home/airflow/.local/lib/python3.8/site-packages/airflow/example_dags/example_dynamic_task_mapping_with_no_taskflow_operators.py
[2024-06-27T20:48:00.548+0000] {logging_mixin.py:151} INFO - [2024-06-27T20:48:00.548+0000] {dag.py:2915} INFO - Sync 1 DAGs
[2024-06-27T20:48:00.571+0000] {logging_mixin.py:151} INFO - [2024-06-27T20:48:00.571+0000] {dag.py:3696} INFO - Setting next_dagrun for example_dynamic_task_mapping_with_no_taskflow_operators to 2024-06-26T20:48:00.570663+00:00, run_after=2024-06-27T20:48:00.570663+00:00
[2024-06-27T20:48:00.594+0000] {processor.py:179} INFO - Processing /home/airflow/.local/lib/python3.8/site-packages/airflow/example_dags/example_dynamic_task_mapping_with_no_taskflow_operators.py took 0.076 seconds
[2024-06-27T20:48:31.395+0000] {processor.py:157} INFO - Started process (PID=3339) to work on /home/airflow/.local/lib/python3.8/site-packages/airflow/example_dags/example_dynamic_task_mapping_with_no_taskflow_operators.py
[2024-06-27T20:48:31.396+0000] {processor.py:829} INFO - Processing file /home/airflow/.local/lib/python3.8/site-packages/airflow/example_dags/example_dynamic_task_mapping_with_no_taskflow_operators.py for tasks to queue
[2024-06-27T20:48:31.397+0000] {logging_mixin.py:151} INFO - [2024-06-27T20:48:31.396+0000] {dagbag.py:539} INFO - Filling up the DagBag from /home/airflow/.local/lib/python3.8/site-packages/airflow/example_dags/example_dynamic_task_mapping_with_no_taskflow_operators.py
[2024-06-27T20:48:31.403+0000] {processor.py:839} INFO - DAG(s) dict_keys(['example_dynamic_task_mapping_with_no_taskflow_operators']) retrieved from /home/airflow/.local/lib/python3.8/site-packages/airflow/example_dags/example_dynamic_task_mapping_with_no_taskflow_operators.py
[2024-06-27T20:48:31.424+0000] {logging_mixin.py:151} INFO - [2024-06-27T20:48:31.424+0000] {dag.py:2915} INFO - Sync 1 DAGs
[2024-06-27T20:48:31.448+0000] {logging_mixin.py:151} INFO - [2024-06-27T20:48:31.448+0000] {dag.py:3696} INFO - Setting next_dagrun for example_dynamic_task_mapping_with_no_taskflow_operators to 2024-06-26T20:48:31.448219+00:00, run_after=2024-06-27T20:48:31.448219+00:00
[2024-06-27T20:48:31.467+0000] {processor.py:179} INFO - Processing /home/airflow/.local/lib/python3.8/site-packages/airflow/example_dags/example_dynamic_task_mapping_with_no_taskflow_operators.py took 0.075 seconds
[2024-06-27T20:49:02.318+0000] {processor.py:157} INFO - Started process (PID=3582) to work on /home/airflow/.local/lib/python3.8/site-packages/airflow/example_dags/example_dynamic_task_mapping_with_no_taskflow_operators.py
[2024-06-27T20:49:02.319+0000] {processor.py:829} INFO - Processing file /home/airflow/.local/lib/python3.8/site-packages/airflow/example_dags/example_dynamic_task_mapping_with_no_taskflow_operators.py for tasks to queue
[2024-06-27T20:49:02.320+0000] {logging_mixin.py:151} INFO - [2024-06-27T20:49:02.320+0000] {dagbag.py:539} INFO - Filling up the DagBag from /home/airflow/.local/lib/python3.8/site-packages/airflow/example_dags/example_dynamic_task_mapping_with_no_taskflow_operators.py
[2024-06-27T20:49:02.326+0000] {processor.py:839} INFO - DAG(s) dict_keys(['example_dynamic_task_mapping_with_no_taskflow_operators']) retrieved from /home/airflow/.local/lib/python3.8/site-packages/airflow/example_dags/example_dynamic_task_mapping_with_no_taskflow_operators.py
[2024-06-27T20:49:02.349+0000] {logging_mixin.py:151} INFO - [2024-06-27T20:49:02.348+0000] {dag.py:2915} INFO - Sync 1 DAGs
[2024-06-27T20:49:02.373+0000] {logging_mixin.py:151} INFO - [2024-06-27T20:49:02.373+0000] {dag.py:3696} INFO - Setting next_dagrun for example_dynamic_task_mapping_with_no_taskflow_operators to 2024-06-26T20:49:02.373103+00:00, run_after=2024-06-27T20:49:02.373103+00:00
[2024-06-27T20:49:02.397+0000] {processor.py:179} INFO - Processing /home/airflow/.local/lib/python3.8/site-packages/airflow/example_dags/example_dynamic_task_mapping_with_no_taskflow_operators.py took 0.081 seconds
[2024-06-27T20:49:32.742+0000] {processor.py:157} INFO - Started process (PID=3825) to work on /home/airflow/.local/lib/python3.8/site-packages/airflow/example_dags/example_dynamic_task_mapping_with_no_taskflow_operators.py
[2024-06-27T20:49:32.743+0000] {processor.py:829} INFO - Processing file /home/airflow/.local/lib/python3.8/site-packages/airflow/example_dags/example_dynamic_task_mapping_with_no_taskflow_operators.py for tasks to queue
[2024-06-27T20:49:32.743+0000] {logging_mixin.py:151} INFO - [2024-06-27T20:49:32.743+0000] {dagbag.py:539} INFO - Filling up the DagBag from /home/airflow/.local/lib/python3.8/site-packages/airflow/example_dags/example_dynamic_task_mapping_with_no_taskflow_operators.py
[2024-06-27T20:49:32.750+0000] {processor.py:839} INFO - DAG(s) dict_keys(['example_dynamic_task_mapping_with_no_taskflow_operators']) retrieved from /home/airflow/.local/lib/python3.8/site-packages/airflow/example_dags/example_dynamic_task_mapping_with_no_taskflow_operators.py
[2024-06-27T20:49:32.770+0000] {logging_mixin.py:151} INFO - [2024-06-27T20:49:32.770+0000] {dag.py:2915} INFO - Sync 1 DAGs
[2024-06-27T20:49:32.793+0000] {logging_mixin.py:151} INFO - [2024-06-27T20:49:32.793+0000] {dag.py:3696} INFO - Setting next_dagrun for example_dynamic_task_mapping_with_no_taskflow_operators to 2024-06-26T20:49:32.793035+00:00, run_after=2024-06-27T20:49:32.793035+00:00
[2024-06-27T20:49:32.813+0000] {processor.py:179} INFO - Processing /home/airflow/.local/lib/python3.8/site-packages/airflow/example_dags/example_dynamic_task_mapping_with_no_taskflow_operators.py took 0.074 seconds
[2024-06-27T20:50:03.654+0000] {processor.py:157} INFO - Started process (PID=4126) to work on /home/airflow/.local/lib/python3.8/site-packages/airflow/example_dags/example_dynamic_task_mapping_with_no_taskflow_operators.py
[2024-06-27T20:50:03.656+0000] {processor.py:829} INFO - Processing file /home/airflow/.local/lib/python3.8/site-packages/airflow/example_dags/example_dynamic_task_mapping_with_no_taskflow_operators.py for tasks to queue
[2024-06-27T20:50:03.657+0000] {logging_mixin.py:151} INFO - [2024-06-27T20:50:03.656+0000] {dagbag.py:539} INFO - Filling up the DagBag from /home/airflow/.local/lib/python3.8/site-packages/airflow/example_dags/example_dynamic_task_mapping_with_no_taskflow_operators.py
[2024-06-27T20:50:03.667+0000] {processor.py:839} INFO - DAG(s) dict_keys(['example_dynamic_task_mapping_with_no_taskflow_operators']) retrieved from /home/airflow/.local/lib/python3.8/site-packages/airflow/example_dags/example_dynamic_task_mapping_with_no_taskflow_operators.py
[2024-06-27T20:50:03.696+0000] {logging_mixin.py:151} INFO - [2024-06-27T20:50:03.696+0000] {dag.py:2915} INFO - Sync 1 DAGs
[2024-06-27T20:50:03.734+0000] {logging_mixin.py:151} INFO - [2024-06-27T20:50:03.734+0000] {dag.py:3696} INFO - Setting next_dagrun for example_dynamic_task_mapping_with_no_taskflow_operators to 2024-06-26T20:50:03.734082+00:00, run_after=2024-06-27T20:50:03.734082+00:00
[2024-06-27T20:50:03.761+0000] {processor.py:179} INFO - Processing /home/airflow/.local/lib/python3.8/site-packages/airflow/example_dags/example_dynamic_task_mapping_with_no_taskflow_operators.py took 0.112 seconds
