[2024-06-27T20:41:59.298+0000] {processor.py:157} INFO - Started process (PID=316) to work on /home/airflow/.local/lib/python3.8/site-packages/airflow/example_dags/example_branch_python_dop_operator_3.py
[2024-06-27T20:41:59.299+0000] {processor.py:829} INFO - Processing file /home/airflow/.local/lib/python3.8/site-packages/airflow/example_dags/example_branch_python_dop_operator_3.py for tasks to queue
[2024-06-27T20:41:59.299+0000] {logging_mixin.py:151} INFO - [2024-06-27T20:41:59.299+0000] {dagbag.py:539} INFO - Filling up the DagBag from /home/airflow/.local/lib/python3.8/site-packages/airflow/example_dags/example_branch_python_dop_operator_3.py
[2024-06-27T20:41:59.314+0000] {processor.py:839} INFO - DAG(s) dict_keys(['example_branch_dop_operator_v3']) retrieved from /home/airflow/.local/lib/python3.8/site-packages/airflow/example_dags/example_branch_python_dop_operator_3.py
[2024-06-27T20:41:59.530+0000] {logging_mixin.py:151} INFO - [2024-06-27T20:41:59.530+0000] {manager.py:499} INFO - Created Permission View: %s
[2024-06-27T20:41:59.540+0000] {logging_mixin.py:151} INFO - [2024-06-27T20:41:59.540+0000] {manager.py:499} INFO - Created Permission View: %s
[2024-06-27T20:41:59.547+0000] {logging_mixin.py:151} INFO - [2024-06-27T20:41:59.546+0000] {manager.py:499} INFO - Created Permission View: %s
[2024-06-27T20:41:59.547+0000] {logging_mixin.py:151} INFO - [2024-06-27T20:41:59.547+0000] {security.py:708} INFO - Not syncing DAG-level permissions for DAG 'DAG:example_branch_dop_operator_v3' as access control is unset.
[2024-06-27T20:41:59.547+0000] {logging_mixin.py:151} INFO - [2024-06-27T20:41:59.547+0000] {dag.py:2915} INFO - Sync 1 DAGs
[2024-06-27T20:41:59.559+0000] {logging_mixin.py:151} INFO - [2024-06-27T20:41:59.559+0000] {dag.py:2937} INFO - Creating ORM DAG for example_branch_dop_operator_v3
[2024-06-27T20:41:59.573+0000] {logging_mixin.py:151} INFO - [2024-06-27T20:41:59.573+0000] {dag.py:3696} INFO - Setting next_dagrun for example_branch_dop_operator_v3 to 2024-06-27T20:40:00+00:00, run_after=2024-06-27T20:41:00+00:00
[2024-06-27T20:41:59.588+0000] {processor.py:179} INFO - Processing /home/airflow/.local/lib/python3.8/site-packages/airflow/example_dags/example_branch_python_dop_operator_3.py took 0.295 seconds
[2024-06-27T20:42:29.690+0000] {processor.py:157} INFO - Started process (PID=559) to work on /home/airflow/.local/lib/python3.8/site-packages/airflow/example_dags/example_branch_python_dop_operator_3.py
[2024-06-27T20:42:29.691+0000] {processor.py:829} INFO - Processing file /home/airflow/.local/lib/python3.8/site-packages/airflow/example_dags/example_branch_python_dop_operator_3.py for tasks to queue
[2024-06-27T20:42:29.692+0000] {logging_mixin.py:151} INFO - [2024-06-27T20:42:29.692+0000] {dagbag.py:539} INFO - Filling up the DagBag from /home/airflow/.local/lib/python3.8/site-packages/airflow/example_dags/example_branch_python_dop_operator_3.py
[2024-06-27T20:42:29.700+0000] {processor.py:839} INFO - DAG(s) dict_keys(['example_branch_dop_operator_v3']) retrieved from /home/airflow/.local/lib/python3.8/site-packages/airflow/example_dags/example_branch_python_dop_operator_3.py
[2024-06-27T20:42:29.720+0000] {logging_mixin.py:151} INFO - [2024-06-27T20:42:29.720+0000] {dag.py:2915} INFO - Sync 1 DAGs
[2024-06-27T20:42:29.748+0000] {logging_mixin.py:151} INFO - [2024-06-27T20:42:29.748+0000] {dag.py:3696} INFO - Setting next_dagrun for example_branch_dop_operator_v3 to 2024-06-27T20:41:00+00:00, run_after=2024-06-27T20:42:00+00:00
[2024-06-27T20:42:29.766+0000] {processor.py:179} INFO - Processing /home/airflow/.local/lib/python3.8/site-packages/airflow/example_dags/example_branch_python_dop_operator_3.py took 0.079 seconds
[2024-06-27T20:43:00.116+0000] {processor.py:157} INFO - Started process (PID=802) to work on /home/airflow/.local/lib/python3.8/site-packages/airflow/example_dags/example_branch_python_dop_operator_3.py
[2024-06-27T20:43:00.117+0000] {processor.py:829} INFO - Processing file /home/airflow/.local/lib/python3.8/site-packages/airflow/example_dags/example_branch_python_dop_operator_3.py for tasks to queue
[2024-06-27T20:43:00.118+0000] {logging_mixin.py:151} INFO - [2024-06-27T20:43:00.117+0000] {dagbag.py:539} INFO - Filling up the DagBag from /home/airflow/.local/lib/python3.8/site-packages/airflow/example_dags/example_branch_python_dop_operator_3.py
[2024-06-27T20:43:00.126+0000] {processor.py:839} INFO - DAG(s) dict_keys(['example_branch_dop_operator_v3']) retrieved from /home/airflow/.local/lib/python3.8/site-packages/airflow/example_dags/example_branch_python_dop_operator_3.py
[2024-06-27T20:43:00.147+0000] {logging_mixin.py:151} INFO - [2024-06-27T20:43:00.147+0000] {dag.py:2915} INFO - Sync 1 DAGs
[2024-06-27T20:43:00.175+0000] {logging_mixin.py:151} INFO - [2024-06-27T20:43:00.174+0000] {dag.py:3696} INFO - Setting next_dagrun for example_branch_dop_operator_v3 to 2024-06-27T20:42:00+00:00, run_after=2024-06-27T20:43:00+00:00
[2024-06-27T20:43:00.193+0000] {processor.py:179} INFO - Processing /home/airflow/.local/lib/python3.8/site-packages/airflow/example_dags/example_branch_python_dop_operator_3.py took 0.080 seconds
[2024-06-27T20:43:30.884+0000] {processor.py:157} INFO - Started process (PID=1047) to work on /home/airflow/.local/lib/python3.8/site-packages/airflow/example_dags/example_branch_python_dop_operator_3.py
[2024-06-27T20:43:30.885+0000] {processor.py:829} INFO - Processing file /home/airflow/.local/lib/python3.8/site-packages/airflow/example_dags/example_branch_python_dop_operator_3.py for tasks to queue
[2024-06-27T20:43:30.885+0000] {logging_mixin.py:151} INFO - [2024-06-27T20:43:30.885+0000] {dagbag.py:539} INFO - Filling up the DagBag from /home/airflow/.local/lib/python3.8/site-packages/airflow/example_dags/example_branch_python_dop_operator_3.py
[2024-06-27T20:43:30.894+0000] {processor.py:839} INFO - DAG(s) dict_keys(['example_branch_dop_operator_v3']) retrieved from /home/airflow/.local/lib/python3.8/site-packages/airflow/example_dags/example_branch_python_dop_operator_3.py
[2024-06-27T20:43:30.913+0000] {logging_mixin.py:151} INFO - [2024-06-27T20:43:30.913+0000] {dag.py:2915} INFO - Sync 1 DAGs
[2024-06-27T20:43:30.939+0000] {logging_mixin.py:151} INFO - [2024-06-27T20:43:30.939+0000] {dag.py:3696} INFO - Setting next_dagrun for example_branch_dop_operator_v3 to 2024-06-27T20:42:00+00:00, run_after=2024-06-27T20:43:00+00:00
[2024-06-27T20:43:30.957+0000] {processor.py:179} INFO - Processing /home/airflow/.local/lib/python3.8/site-packages/airflow/example_dags/example_branch_python_dop_operator_3.py took 0.076 seconds
[2024-06-27T20:44:01.905+0000] {processor.py:157} INFO - Started process (PID=1288) to work on /home/airflow/.local/lib/python3.8/site-packages/airflow/example_dags/example_branch_python_dop_operator_3.py
[2024-06-27T20:44:01.905+0000] {processor.py:829} INFO - Processing file /home/airflow/.local/lib/python3.8/site-packages/airflow/example_dags/example_branch_python_dop_operator_3.py for tasks to queue
[2024-06-27T20:44:01.906+0000] {logging_mixin.py:151} INFO - [2024-06-27T20:44:01.906+0000] {dagbag.py:539} INFO - Filling up the DagBag from /home/airflow/.local/lib/python3.8/site-packages/airflow/example_dags/example_branch_python_dop_operator_3.py
[2024-06-27T20:44:01.914+0000] {processor.py:839} INFO - DAG(s) dict_keys(['example_branch_dop_operator_v3']) retrieved from /home/airflow/.local/lib/python3.8/site-packages/airflow/example_dags/example_branch_python_dop_operator_3.py
[2024-06-27T20:44:01.934+0000] {logging_mixin.py:151} INFO - [2024-06-27T20:44:01.934+0000] {dag.py:2915} INFO - Sync 1 DAGs
[2024-06-27T20:44:01.962+0000] {logging_mixin.py:151} INFO - [2024-06-27T20:44:01.961+0000] {dag.py:3696} INFO - Setting next_dagrun for example_branch_dop_operator_v3 to 2024-06-27T20:43:00+00:00, run_after=2024-06-27T20:44:00+00:00
[2024-06-27T20:44:01.979+0000] {processor.py:179} INFO - Processing /home/airflow/.local/lib/python3.8/site-packages/airflow/example_dags/example_branch_python_dop_operator_3.py took 0.077 seconds
[2024-06-27T20:44:32.165+0000] {processor.py:157} INFO - Started process (PID=1525) to work on /home/airflow/.local/lib/python3.8/site-packages/airflow/example_dags/example_branch_python_dop_operator_3.py
[2024-06-27T20:44:32.166+0000] {processor.py:829} INFO - Processing file /home/airflow/.local/lib/python3.8/site-packages/airflow/example_dags/example_branch_python_dop_operator_3.py for tasks to queue
[2024-06-27T20:44:32.166+0000] {logging_mixin.py:151} INFO - [2024-06-27T20:44:32.166+0000] {dagbag.py:539} INFO - Filling up the DagBag from /home/airflow/.local/lib/python3.8/site-packages/airflow/example_dags/example_branch_python_dop_operator_3.py
[2024-06-27T20:44:32.179+0000] {processor.py:839} INFO - DAG(s) dict_keys(['example_branch_dop_operator_v3']) retrieved from /home/airflow/.local/lib/python3.8/site-packages/airflow/example_dags/example_branch_python_dop_operator_3.py
[2024-06-27T20:44:32.208+0000] {logging_mixin.py:151} INFO - [2024-06-27T20:44:32.207+0000] {dag.py:2915} INFO - Sync 1 DAGs
[2024-06-27T20:44:32.241+0000] {logging_mixin.py:151} INFO - [2024-06-27T20:44:32.240+0000] {dag.py:3696} INFO - Setting next_dagrun for example_branch_dop_operator_v3 to 2024-06-27T20:43:00+00:00, run_after=2024-06-27T20:44:00+00:00
[2024-06-27T20:44:32.267+0000] {processor.py:179} INFO - Processing /home/airflow/.local/lib/python3.8/site-packages/airflow/example_dags/example_branch_python_dop_operator_3.py took 0.108 seconds
[2024-06-27T20:45:02.408+0000] {processor.py:157} INFO - Started process (PID=1768) to work on /home/airflow/.local/lib/python3.8/site-packages/airflow/example_dags/example_branch_python_dop_operator_3.py
[2024-06-27T20:45:02.409+0000] {processor.py:829} INFO - Processing file /home/airflow/.local/lib/python3.8/site-packages/airflow/example_dags/example_branch_python_dop_operator_3.py for tasks to queue
[2024-06-27T20:45:02.409+0000] {logging_mixin.py:151} INFO - [2024-06-27T20:45:02.409+0000] {dagbag.py:539} INFO - Filling up the DagBag from /home/airflow/.local/lib/python3.8/site-packages/airflow/example_dags/example_branch_python_dop_operator_3.py
[2024-06-27T20:45:02.418+0000] {processor.py:839} INFO - DAG(s) dict_keys(['example_branch_dop_operator_v3']) retrieved from /home/airflow/.local/lib/python3.8/site-packages/airflow/example_dags/example_branch_python_dop_operator_3.py
[2024-06-27T20:45:02.439+0000] {logging_mixin.py:151} INFO - [2024-06-27T20:45:02.439+0000] {dag.py:2915} INFO - Sync 1 DAGs
[2024-06-27T20:45:02.485+0000] {logging_mixin.py:151} INFO - [2024-06-27T20:45:02.484+0000] {dag.py:3696} INFO - Setting next_dagrun for example_branch_dop_operator_v3 to 2024-06-27T20:44:00+00:00, run_after=2024-06-27T20:45:00+00:00
[2024-06-27T20:45:02.505+0000] {processor.py:179} INFO - Processing /home/airflow/.local/lib/python3.8/site-packages/airflow/example_dags/example_branch_python_dop_operator_3.py took 0.100 seconds
[2024-06-27T20:45:32.665+0000] {processor.py:157} INFO - Started process (PID=2010) to work on /home/airflow/.local/lib/python3.8/site-packages/airflow/example_dags/example_branch_python_dop_operator_3.py
[2024-06-27T20:45:32.666+0000] {processor.py:829} INFO - Processing file /home/airflow/.local/lib/python3.8/site-packages/airflow/example_dags/example_branch_python_dop_operator_3.py for tasks to queue
[2024-06-27T20:45:32.667+0000] {logging_mixin.py:151} INFO - [2024-06-27T20:45:32.667+0000] {dagbag.py:539} INFO - Filling up the DagBag from /home/airflow/.local/lib/python3.8/site-packages/airflow/example_dags/example_branch_python_dop_operator_3.py
[2024-06-27T20:45:32.676+0000] {processor.py:839} INFO - DAG(s) dict_keys(['example_branch_dop_operator_v3']) retrieved from /home/airflow/.local/lib/python3.8/site-packages/airflow/example_dags/example_branch_python_dop_operator_3.py
[2024-06-27T20:45:32.696+0000] {logging_mixin.py:151} INFO - [2024-06-27T20:45:32.696+0000] {dag.py:2915} INFO - Sync 1 DAGs
[2024-06-27T20:45:32.726+0000] {logging_mixin.py:151} INFO - [2024-06-27T20:45:32.726+0000] {dag.py:3696} INFO - Setting next_dagrun for example_branch_dop_operator_v3 to 2024-06-27T20:44:00+00:00, run_after=2024-06-27T20:45:00+00:00
[2024-06-27T20:45:32.746+0000] {processor.py:179} INFO - Processing /home/airflow/.local/lib/python3.8/site-packages/airflow/example_dags/example_branch_python_dop_operator_3.py took 0.084 seconds
[2024-06-27T20:46:02.946+0000] {processor.py:157} INFO - Started process (PID=2253) to work on /home/airflow/.local/lib/python3.8/site-packages/airflow/example_dags/example_branch_python_dop_operator_3.py
[2024-06-27T20:46:02.946+0000] {processor.py:829} INFO - Processing file /home/airflow/.local/lib/python3.8/site-packages/airflow/example_dags/example_branch_python_dop_operator_3.py for tasks to queue
[2024-06-27T20:46:02.947+0000] {logging_mixin.py:151} INFO - [2024-06-27T20:46:02.947+0000] {dagbag.py:539} INFO - Filling up the DagBag from /home/airflow/.local/lib/python3.8/site-packages/airflow/example_dags/example_branch_python_dop_operator_3.py
[2024-06-27T20:46:02.956+0000] {processor.py:839} INFO - DAG(s) dict_keys(['example_branch_dop_operator_v3']) retrieved from /home/airflow/.local/lib/python3.8/site-packages/airflow/example_dags/example_branch_python_dop_operator_3.py
[2024-06-27T20:46:02.978+0000] {logging_mixin.py:151} INFO - [2024-06-27T20:46:02.978+0000] {dag.py:2915} INFO - Sync 1 DAGs
[2024-06-27T20:46:03.008+0000] {logging_mixin.py:151} INFO - [2024-06-27T20:46:03.008+0000] {dag.py:3696} INFO - Setting next_dagrun for example_branch_dop_operator_v3 to 2024-06-27T20:45:00+00:00, run_after=2024-06-27T20:46:00+00:00
[2024-06-27T20:46:03.028+0000] {processor.py:179} INFO - Processing /home/airflow/.local/lib/python3.8/site-packages/airflow/example_dags/example_branch_python_dop_operator_3.py took 0.085 seconds
[2024-06-27T20:46:33.948+0000] {processor.py:157} INFO - Started process (PID=2496) to work on /home/airflow/.local/lib/python3.8/site-packages/airflow/example_dags/example_branch_python_dop_operator_3.py
[2024-06-27T20:46:33.949+0000] {processor.py:829} INFO - Processing file /home/airflow/.local/lib/python3.8/site-packages/airflow/example_dags/example_branch_python_dop_operator_3.py for tasks to queue
[2024-06-27T20:46:33.950+0000] {logging_mixin.py:151} INFO - [2024-06-27T20:46:33.949+0000] {dagbag.py:539} INFO - Filling up the DagBag from /home/airflow/.local/lib/python3.8/site-packages/airflow/example_dags/example_branch_python_dop_operator_3.py
[2024-06-27T20:46:33.958+0000] {processor.py:839} INFO - DAG(s) dict_keys(['example_branch_dop_operator_v3']) retrieved from /home/airflow/.local/lib/python3.8/site-packages/airflow/example_dags/example_branch_python_dop_operator_3.py
[2024-06-27T20:46:33.982+0000] {logging_mixin.py:151} INFO - [2024-06-27T20:46:33.982+0000] {dag.py:2915} INFO - Sync 1 DAGs
[2024-06-27T20:46:34.011+0000] {logging_mixin.py:151} INFO - [2024-06-27T20:46:34.011+0000] {dag.py:3696} INFO - Setting next_dagrun for example_branch_dop_operator_v3 to 2024-06-27T20:45:00+00:00, run_after=2024-06-27T20:46:00+00:00
[2024-06-27T20:46:34.028+0000] {processor.py:179} INFO - Processing /home/airflow/.local/lib/python3.8/site-packages/airflow/example_dags/example_branch_python_dop_operator_3.py took 0.083 seconds
[2024-06-27T20:47:05.023+0000] {processor.py:157} INFO - Started process (PID=2739) to work on /home/airflow/.local/lib/python3.8/site-packages/airflow/example_dags/example_branch_python_dop_operator_3.py
[2024-06-27T20:47:05.024+0000] {processor.py:829} INFO - Processing file /home/airflow/.local/lib/python3.8/site-packages/airflow/example_dags/example_branch_python_dop_operator_3.py for tasks to queue
[2024-06-27T20:47:05.025+0000] {logging_mixin.py:151} INFO - [2024-06-27T20:47:05.025+0000] {dagbag.py:539} INFO - Filling up the DagBag from /home/airflow/.local/lib/python3.8/site-packages/airflow/example_dags/example_branch_python_dop_operator_3.py
[2024-06-27T20:47:05.033+0000] {processor.py:839} INFO - DAG(s) dict_keys(['example_branch_dop_operator_v3']) retrieved from /home/airflow/.local/lib/python3.8/site-packages/airflow/example_dags/example_branch_python_dop_operator_3.py
[2024-06-27T20:47:05.052+0000] {logging_mixin.py:151} INFO - [2024-06-27T20:47:05.052+0000] {dag.py:2915} INFO - Sync 1 DAGs
[2024-06-27T20:47:05.079+0000] {logging_mixin.py:151} INFO - [2024-06-27T20:47:05.079+0000] {dag.py:3696} INFO - Setting next_dagrun for example_branch_dop_operator_v3 to 2024-06-27T20:46:00+00:00, run_after=2024-06-27T20:47:00+00:00
[2024-06-27T20:47:05.095+0000] {processor.py:179} INFO - Processing /home/airflow/.local/lib/python3.8/site-packages/airflow/example_dags/example_branch_python_dop_operator_3.py took 0.075 seconds
[2024-06-27T20:47:35.913+0000] {processor.py:157} INFO - Started process (PID=2982) to work on /home/airflow/.local/lib/python3.8/site-packages/airflow/example_dags/example_branch_python_dop_operator_3.py
[2024-06-27T20:47:35.914+0000] {processor.py:829} INFO - Processing file /home/airflow/.local/lib/python3.8/site-packages/airflow/example_dags/example_branch_python_dop_operator_3.py for tasks to queue
[2024-06-27T20:47:35.915+0000] {logging_mixin.py:151} INFO - [2024-06-27T20:47:35.915+0000] {dagbag.py:539} INFO - Filling up the DagBag from /home/airflow/.local/lib/python3.8/site-packages/airflow/example_dags/example_branch_python_dop_operator_3.py
[2024-06-27T20:47:35.927+0000] {processor.py:839} INFO - DAG(s) dict_keys(['example_branch_dop_operator_v3']) retrieved from /home/airflow/.local/lib/python3.8/site-packages/airflow/example_dags/example_branch_python_dop_operator_3.py
[2024-06-27T20:47:35.949+0000] {logging_mixin.py:151} INFO - [2024-06-27T20:47:35.949+0000] {dag.py:2915} INFO - Sync 1 DAGs
[2024-06-27T20:47:35.979+0000] {logging_mixin.py:151} INFO - [2024-06-27T20:47:35.979+0000] {dag.py:3696} INFO - Setting next_dagrun for example_branch_dop_operator_v3 to 2024-06-27T20:46:00+00:00, run_after=2024-06-27T20:47:00+00:00
[2024-06-27T20:47:35.997+0000] {processor.py:179} INFO - Processing /home/airflow/.local/lib/python3.8/site-packages/airflow/example_dags/example_branch_python_dop_operator_3.py took 0.087 seconds
[2024-06-27T20:48:06.730+0000] {processor.py:157} INFO - Started process (PID=3226) to work on /home/airflow/.local/lib/python3.8/site-packages/airflow/example_dags/example_branch_python_dop_operator_3.py
[2024-06-27T20:48:06.731+0000] {processor.py:829} INFO - Processing file /home/airflow/.local/lib/python3.8/site-packages/airflow/example_dags/example_branch_python_dop_operator_3.py for tasks to queue
[2024-06-27T20:48:06.732+0000] {logging_mixin.py:151} INFO - [2024-06-27T20:48:06.732+0000] {dagbag.py:539} INFO - Filling up the DagBag from /home/airflow/.local/lib/python3.8/site-packages/airflow/example_dags/example_branch_python_dop_operator_3.py
[2024-06-27T20:48:06.747+0000] {processor.py:839} INFO - DAG(s) dict_keys(['example_branch_dop_operator_v3']) retrieved from /home/airflow/.local/lib/python3.8/site-packages/airflow/example_dags/example_branch_python_dop_operator_3.py
[2024-06-27T20:48:06.775+0000] {logging_mixin.py:151} INFO - [2024-06-27T20:48:06.775+0000] {dag.py:2915} INFO - Sync 1 DAGs
[2024-06-27T20:48:06.809+0000] {logging_mixin.py:151} INFO - [2024-06-27T20:48:06.809+0000] {dag.py:3696} INFO - Setting next_dagrun for example_branch_dop_operator_v3 to 2024-06-27T20:47:00+00:00, run_after=2024-06-27T20:48:00+00:00
[2024-06-27T20:48:06.828+0000] {processor.py:179} INFO - Processing /home/airflow/.local/lib/python3.8/site-packages/airflow/example_dags/example_branch_python_dop_operator_3.py took 0.102 seconds
[2024-06-27T20:48:37.630+0000] {processor.py:157} INFO - Started process (PID=3469) to work on /home/airflow/.local/lib/python3.8/site-packages/airflow/example_dags/example_branch_python_dop_operator_3.py
[2024-06-27T20:48:37.631+0000] {processor.py:829} INFO - Processing file /home/airflow/.local/lib/python3.8/site-packages/airflow/example_dags/example_branch_python_dop_operator_3.py for tasks to queue
[2024-06-27T20:48:37.632+0000] {logging_mixin.py:151} INFO - [2024-06-27T20:48:37.632+0000] {dagbag.py:539} INFO - Filling up the DagBag from /home/airflow/.local/lib/python3.8/site-packages/airflow/example_dags/example_branch_python_dop_operator_3.py
[2024-06-27T20:48:37.640+0000] {processor.py:839} INFO - DAG(s) dict_keys(['example_branch_dop_operator_v3']) retrieved from /home/airflow/.local/lib/python3.8/site-packages/airflow/example_dags/example_branch_python_dop_operator_3.py
[2024-06-27T20:48:37.660+0000] {logging_mixin.py:151} INFO - [2024-06-27T20:48:37.660+0000] {dag.py:2915} INFO - Sync 1 DAGs
[2024-06-27T20:48:37.687+0000] {logging_mixin.py:151} INFO - [2024-06-27T20:48:37.687+0000] {dag.py:3696} INFO - Setting next_dagrun for example_branch_dop_operator_v3 to 2024-06-27T20:47:00+00:00, run_after=2024-06-27T20:48:00+00:00
[2024-06-27T20:48:37.704+0000] {processor.py:179} INFO - Processing /home/airflow/.local/lib/python3.8/site-packages/airflow/example_dags/example_branch_python_dop_operator_3.py took 0.077 seconds
[2024-06-27T20:49:08.698+0000] {processor.py:157} INFO - Started process (PID=3712) to work on /home/airflow/.local/lib/python3.8/site-packages/airflow/example_dags/example_branch_python_dop_operator_3.py
[2024-06-27T20:49:08.699+0000] {processor.py:829} INFO - Processing file /home/airflow/.local/lib/python3.8/site-packages/airflow/example_dags/example_branch_python_dop_operator_3.py for tasks to queue
[2024-06-27T20:49:08.700+0000] {logging_mixin.py:151} INFO - [2024-06-27T20:49:08.700+0000] {dagbag.py:539} INFO - Filling up the DagBag from /home/airflow/.local/lib/python3.8/site-packages/airflow/example_dags/example_branch_python_dop_operator_3.py
[2024-06-27T20:49:08.715+0000] {processor.py:839} INFO - DAG(s) dict_keys(['example_branch_dop_operator_v3']) retrieved from /home/airflow/.local/lib/python3.8/site-packages/airflow/example_dags/example_branch_python_dop_operator_3.py
[2024-06-27T20:49:08.743+0000] {logging_mixin.py:151} INFO - [2024-06-27T20:49:08.742+0000] {dag.py:2915} INFO - Sync 1 DAGs
[2024-06-27T20:49:08.773+0000] {logging_mixin.py:151} INFO - [2024-06-27T20:49:08.773+0000] {dag.py:3696} INFO - Setting next_dagrun for example_branch_dop_operator_v3 to 2024-06-27T20:48:00+00:00, run_after=2024-06-27T20:49:00+00:00
[2024-06-27T20:49:08.801+0000] {processor.py:179} INFO - Processing /home/airflow/.local/lib/python3.8/site-packages/airflow/example_dags/example_branch_python_dop_operator_3.py took 0.109 seconds
[2024-06-27T20:49:39.032+0000] {processor.py:157} INFO - Started process (PID=3955) to work on /home/airflow/.local/lib/python3.8/site-packages/airflow/example_dags/example_branch_python_dop_operator_3.py
[2024-06-27T20:49:39.033+0000] {processor.py:829} INFO - Processing file /home/airflow/.local/lib/python3.8/site-packages/airflow/example_dags/example_branch_python_dop_operator_3.py for tasks to queue
[2024-06-27T20:49:39.034+0000] {logging_mixin.py:151} INFO - [2024-06-27T20:49:39.033+0000] {dagbag.py:539} INFO - Filling up the DagBag from /home/airflow/.local/lib/python3.8/site-packages/airflow/example_dags/example_branch_python_dop_operator_3.py
[2024-06-27T20:49:39.042+0000] {processor.py:839} INFO - DAG(s) dict_keys(['example_branch_dop_operator_v3']) retrieved from /home/airflow/.local/lib/python3.8/site-packages/airflow/example_dags/example_branch_python_dop_operator_3.py
[2024-06-27T20:49:39.063+0000] {logging_mixin.py:151} INFO - [2024-06-27T20:49:39.063+0000] {dag.py:2915} INFO - Sync 1 DAGs
[2024-06-27T20:49:39.090+0000] {logging_mixin.py:151} INFO - [2024-06-27T20:49:39.090+0000] {dag.py:3696} INFO - Setting next_dagrun for example_branch_dop_operator_v3 to 2024-06-27T20:48:00+00:00, run_after=2024-06-27T20:49:00+00:00
[2024-06-27T20:49:39.109+0000] {processor.py:179} INFO - Processing /home/airflow/.local/lib/python3.8/site-packages/airflow/example_dags/example_branch_python_dop_operator_3.py took 0.080 seconds
