[2024-06-27T20:41:57.556+0000] {processor.py:157} INFO - Started process (PID=286) to work on /home/airflow/.local/lib/python3.8/site-packages/airflow/example_dags/example_kubernetes_executor.py
[2024-06-27T20:41:57.557+0000] {processor.py:829} INFO - Processing file /home/airflow/.local/lib/python3.8/site-packages/airflow/example_dags/example_kubernetes_executor.py for tasks to queue
[2024-06-27T20:41:57.558+0000] {logging_mixin.py:151} INFO - [2024-06-27T20:41:57.557+0000] {dagbag.py:539} INFO - Filling up the DagBag from /home/airflow/.local/lib/python3.8/site-packages/airflow/example_dags/example_kubernetes_executor.py
[2024-06-27T20:41:59.100+0000] {processor.py:839} INFO - DAG(s) dict_keys(['example_kubernetes_executor']) retrieved from /home/airflow/.local/lib/python3.8/site-packages/airflow/example_dags/example_kubernetes_executor.py
[2024-06-27T20:41:59.219+0000] {logging_mixin.py:151} INFO - [2024-06-27T20:41:59.218+0000] {manager.py:499} INFO - Created Permission View: %s
[2024-06-27T20:41:59.229+0000] {logging_mixin.py:151} INFO - [2024-06-27T20:41:59.229+0000] {manager.py:499} INFO - Created Permission View: %s
[2024-06-27T20:41:59.236+0000] {logging_mixin.py:151} INFO - [2024-06-27T20:41:59.236+0000] {manager.py:499} INFO - Created Permission View: %s
[2024-06-27T20:41:59.236+0000] {logging_mixin.py:151} INFO - [2024-06-27T20:41:59.236+0000] {security.py:708} INFO - Not syncing DAG-level permissions for DAG 'DAG:example_kubernetes_executor' as access control is unset.
[2024-06-27T20:41:59.237+0000] {logging_mixin.py:151} INFO - [2024-06-27T20:41:59.237+0000] {dag.py:2915} INFO - Sync 1 DAGs
[2024-06-27T20:41:59.249+0000] {logging_mixin.py:151} INFO - [2024-06-27T20:41:59.249+0000] {dag.py:2937} INFO - Creating ORM DAG for example_kubernetes_executor
[2024-06-27T20:41:59.249+0000] {logging_mixin.py:151} INFO - [2024-06-27T20:41:59.249+0000] {dag.py:3696} INFO - Setting next_dagrun for example_kubernetes_executor to None, run_after=None
[2024-06-27T20:41:59.266+0000] {processor.py:179} INFO - Processing /home/airflow/.local/lib/python3.8/site-packages/airflow/example_dags/example_kubernetes_executor.py took 1.714 seconds
[2024-06-27T20:42:29.322+0000] {processor.py:157} INFO - Started process (PID=549) to work on /home/airflow/.local/lib/python3.8/site-packages/airflow/example_dags/example_kubernetes_executor.py
[2024-06-27T20:42:29.323+0000] {processor.py:829} INFO - Processing file /home/airflow/.local/lib/python3.8/site-packages/airflow/example_dags/example_kubernetes_executor.py for tasks to queue
[2024-06-27T20:42:29.324+0000] {logging_mixin.py:151} INFO - [2024-06-27T20:42:29.324+0000] {dagbag.py:539} INFO - Filling up the DagBag from /home/airflow/.local/lib/python3.8/site-packages/airflow/example_dags/example_kubernetes_executor.py
[2024-06-27T20:42:29.596+0000] {processor.py:839} INFO - DAG(s) dict_keys(['example_kubernetes_executor']) retrieved from /home/airflow/.local/lib/python3.8/site-packages/airflow/example_dags/example_kubernetes_executor.py
[2024-06-27T20:42:29.633+0000] {logging_mixin.py:151} INFO - [2024-06-27T20:42:29.632+0000] {dag.py:2915} INFO - Sync 1 DAGs
[2024-06-27T20:42:29.644+0000] {logging_mixin.py:151} INFO - [2024-06-27T20:42:29.644+0000] {dag.py:3696} INFO - Setting next_dagrun for example_kubernetes_executor to None, run_after=None
[2024-06-27T20:42:29.661+0000] {processor.py:179} INFO - Processing /home/airflow/.local/lib/python3.8/site-packages/airflow/example_dags/example_kubernetes_executor.py took 0.343 seconds
[2024-06-27T20:42:59.765+0000] {processor.py:157} INFO - Started process (PID=794) to work on /home/airflow/.local/lib/python3.8/site-packages/airflow/example_dags/example_kubernetes_executor.py
[2024-06-27T20:42:59.766+0000] {processor.py:829} INFO - Processing file /home/airflow/.local/lib/python3.8/site-packages/airflow/example_dags/example_kubernetes_executor.py for tasks to queue
[2024-06-27T20:42:59.766+0000] {logging_mixin.py:151} INFO - [2024-06-27T20:42:59.766+0000] {dagbag.py:539} INFO - Filling up the DagBag from /home/airflow/.local/lib/python3.8/site-packages/airflow/example_dags/example_kubernetes_executor.py
[2024-06-27T20:43:00.019+0000] {processor.py:839} INFO - DAG(s) dict_keys(['example_kubernetes_executor']) retrieved from /home/airflow/.local/lib/python3.8/site-packages/airflow/example_dags/example_kubernetes_executor.py
[2024-06-27T20:43:00.056+0000] {logging_mixin.py:151} INFO - [2024-06-27T20:43:00.055+0000] {dag.py:2915} INFO - Sync 1 DAGs
[2024-06-27T20:43:00.067+0000] {logging_mixin.py:151} INFO - [2024-06-27T20:43:00.067+0000] {dag.py:3696} INFO - Setting next_dagrun for example_kubernetes_executor to None, run_after=None
[2024-06-27T20:43:00.085+0000] {processor.py:179} INFO - Processing /home/airflow/.local/lib/python3.8/site-packages/airflow/example_dags/example_kubernetes_executor.py took 0.323 seconds
[2024-06-27T20:43:30.528+0000] {processor.py:157} INFO - Started process (PID=1022) to work on /home/airflow/.local/lib/python3.8/site-packages/airflow/example_dags/example_kubernetes_executor.py
[2024-06-27T20:43:30.529+0000] {processor.py:829} INFO - Processing file /home/airflow/.local/lib/python3.8/site-packages/airflow/example_dags/example_kubernetes_executor.py for tasks to queue
[2024-06-27T20:43:30.530+0000] {logging_mixin.py:151} INFO - [2024-06-27T20:43:30.529+0000] {dagbag.py:539} INFO - Filling up the DagBag from /home/airflow/.local/lib/python3.8/site-packages/airflow/example_dags/example_kubernetes_executor.py
[2024-06-27T20:43:30.801+0000] {processor.py:839} INFO - DAG(s) dict_keys(['example_kubernetes_executor']) retrieved from /home/airflow/.local/lib/python3.8/site-packages/airflow/example_dags/example_kubernetes_executor.py
[2024-06-27T20:43:30.836+0000] {logging_mixin.py:151} INFO - [2024-06-27T20:43:30.835+0000] {dag.py:2915} INFO - Sync 1 DAGs
[2024-06-27T20:43:30.847+0000] {logging_mixin.py:151} INFO - [2024-06-27T20:43:30.847+0000] {dag.py:3696} INFO - Setting next_dagrun for example_kubernetes_executor to None, run_after=None
[2024-06-27T20:43:30.868+0000] {processor.py:179} INFO - Processing /home/airflow/.local/lib/python3.8/site-packages/airflow/example_dags/example_kubernetes_executor.py took 0.344 seconds
[2024-06-27T20:44:01.792+0000] {processor.py:157} INFO - Started process (PID=1280) to work on /home/airflow/.local/lib/python3.8/site-packages/airflow/example_dags/example_kubernetes_executor.py
[2024-06-27T20:44:01.793+0000] {processor.py:829} INFO - Processing file /home/airflow/.local/lib/python3.8/site-packages/airflow/example_dags/example_kubernetes_executor.py for tasks to queue
[2024-06-27T20:44:01.793+0000] {logging_mixin.py:151} INFO - [2024-06-27T20:44:01.793+0000] {dagbag.py:539} INFO - Filling up the DagBag from /home/airflow/.local/lib/python3.8/site-packages/airflow/example_dags/example_kubernetes_executor.py
[2024-06-27T20:44:02.083+0000] {processor.py:839} INFO - DAG(s) dict_keys(['example_kubernetes_executor']) retrieved from /home/airflow/.local/lib/python3.8/site-packages/airflow/example_dags/example_kubernetes_executor.py
[2024-06-27T20:44:02.122+0000] {logging_mixin.py:151} INFO - [2024-06-27T20:44:02.122+0000] {dag.py:2915} INFO - Sync 1 DAGs
[2024-06-27T20:44:02.135+0000] {logging_mixin.py:151} INFO - [2024-06-27T20:44:02.135+0000] {dag.py:3696} INFO - Setting next_dagrun for example_kubernetes_executor to None, run_after=None
[2024-06-27T20:44:02.165+0000] {processor.py:179} INFO - Processing /home/airflow/.local/lib/python3.8/site-packages/airflow/example_dags/example_kubernetes_executor.py took 0.376 seconds
[2024-06-27T20:44:32.437+0000] {processor.py:157} INFO - Started process (PID=1537) to work on /home/airflow/.local/lib/python3.8/site-packages/airflow/example_dags/example_kubernetes_executor.py
[2024-06-27T20:44:32.438+0000] {processor.py:829} INFO - Processing file /home/airflow/.local/lib/python3.8/site-packages/airflow/example_dags/example_kubernetes_executor.py for tasks to queue
[2024-06-27T20:44:32.439+0000] {logging_mixin.py:151} INFO - [2024-06-27T20:44:32.439+0000] {dagbag.py:539} INFO - Filling up the DagBag from /home/airflow/.local/lib/python3.8/site-packages/airflow/example_dags/example_kubernetes_executor.py
[2024-06-27T20:44:32.853+0000] {processor.py:839} INFO - DAG(s) dict_keys(['example_kubernetes_executor']) retrieved from /home/airflow/.local/lib/python3.8/site-packages/airflow/example_dags/example_kubernetes_executor.py
[2024-06-27T20:44:32.918+0000] {logging_mixin.py:151} INFO - [2024-06-27T20:44:32.918+0000] {dag.py:2915} INFO - Sync 1 DAGs
[2024-06-27T20:44:32.939+0000] {logging_mixin.py:151} INFO - [2024-06-27T20:44:32.938+0000] {dag.py:3696} INFO - Setting next_dagrun for example_kubernetes_executor to None, run_after=None
[2024-06-27T20:44:32.965+0000] {processor.py:179} INFO - Processing /home/airflow/.local/lib/python3.8/site-packages/airflow/example_dags/example_kubernetes_executor.py took 0.534 seconds
[2024-06-27T20:45:03.755+0000] {processor.py:157} INFO - Started process (PID=1790) to work on /home/airflow/.local/lib/python3.8/site-packages/airflow/example_dags/example_kubernetes_executor.py
[2024-06-27T20:45:03.756+0000] {processor.py:829} INFO - Processing file /home/airflow/.local/lib/python3.8/site-packages/airflow/example_dags/example_kubernetes_executor.py for tasks to queue
[2024-06-27T20:45:03.757+0000] {logging_mixin.py:151} INFO - [2024-06-27T20:45:03.757+0000] {dagbag.py:539} INFO - Filling up the DagBag from /home/airflow/.local/lib/python3.8/site-packages/airflow/example_dags/example_kubernetes_executor.py
[2024-06-27T20:45:04.039+0000] {processor.py:839} INFO - DAG(s) dict_keys(['example_kubernetes_executor']) retrieved from /home/airflow/.local/lib/python3.8/site-packages/airflow/example_dags/example_kubernetes_executor.py
[2024-06-27T20:45:04.077+0000] {logging_mixin.py:151} INFO - [2024-06-27T20:45:04.076+0000] {dag.py:2915} INFO - Sync 1 DAGs
[2024-06-27T20:45:04.089+0000] {logging_mixin.py:151} INFO - [2024-06-27T20:45:04.089+0000] {dag.py:3696} INFO - Setting next_dagrun for example_kubernetes_executor to None, run_after=None
[2024-06-27T20:45:04.107+0000] {processor.py:179} INFO - Processing /home/airflow/.local/lib/python3.8/site-packages/airflow/example_dags/example_kubernetes_executor.py took 0.355 seconds
[2024-06-27T20:45:34.140+0000] {processor.py:157} INFO - Started process (PID=2042) to work on /home/airflow/.local/lib/python3.8/site-packages/airflow/example_dags/example_kubernetes_executor.py
[2024-06-27T20:45:34.141+0000] {processor.py:829} INFO - Processing file /home/airflow/.local/lib/python3.8/site-packages/airflow/example_dags/example_kubernetes_executor.py for tasks to queue
[2024-06-27T20:45:34.142+0000] {logging_mixin.py:151} INFO - [2024-06-27T20:45:34.142+0000] {dagbag.py:539} INFO - Filling up the DagBag from /home/airflow/.local/lib/python3.8/site-packages/airflow/example_dags/example_kubernetes_executor.py
[2024-06-27T20:45:34.482+0000] {processor.py:839} INFO - DAG(s) dict_keys(['example_kubernetes_executor']) retrieved from /home/airflow/.local/lib/python3.8/site-packages/airflow/example_dags/example_kubernetes_executor.py
[2024-06-27T20:45:34.524+0000] {logging_mixin.py:151} INFO - [2024-06-27T20:45:34.524+0000] {dag.py:2915} INFO - Sync 1 DAGs
[2024-06-27T20:45:34.539+0000] {logging_mixin.py:151} INFO - [2024-06-27T20:45:34.539+0000] {dag.py:3696} INFO - Setting next_dagrun for example_kubernetes_executor to None, run_after=None
[2024-06-27T20:45:34.563+0000] {processor.py:179} INFO - Processing /home/airflow/.local/lib/python3.8/site-packages/airflow/example_dags/example_kubernetes_executor.py took 0.426 seconds
[2024-06-27T20:46:05.335+0000] {processor.py:157} INFO - Started process (PID=2290) to work on /home/airflow/.local/lib/python3.8/site-packages/airflow/example_dags/example_kubernetes_executor.py
[2024-06-27T20:46:05.336+0000] {processor.py:829} INFO - Processing file /home/airflow/.local/lib/python3.8/site-packages/airflow/example_dags/example_kubernetes_executor.py for tasks to queue
[2024-06-27T20:46:05.337+0000] {logging_mixin.py:151} INFO - [2024-06-27T20:46:05.337+0000] {dagbag.py:539} INFO - Filling up the DagBag from /home/airflow/.local/lib/python3.8/site-packages/airflow/example_dags/example_kubernetes_executor.py
[2024-06-27T20:46:05.624+0000] {processor.py:839} INFO - DAG(s) dict_keys(['example_kubernetes_executor']) retrieved from /home/airflow/.local/lib/python3.8/site-packages/airflow/example_dags/example_kubernetes_executor.py
[2024-06-27T20:46:05.666+0000] {logging_mixin.py:151} INFO - [2024-06-27T20:46:05.666+0000] {dag.py:2915} INFO - Sync 1 DAGs
[2024-06-27T20:46:05.678+0000] {logging_mixin.py:151} INFO - [2024-06-27T20:46:05.678+0000] {dag.py:3696} INFO - Setting next_dagrun for example_kubernetes_executor to None, run_after=None
[2024-06-27T20:46:05.699+0000] {processor.py:179} INFO - Processing /home/airflow/.local/lib/python3.8/site-packages/airflow/example_dags/example_kubernetes_executor.py took 0.367 seconds
[2024-06-27T20:46:36.613+0000] {processor.py:157} INFO - Started process (PID=2543) to work on /home/airflow/.local/lib/python3.8/site-packages/airflow/example_dags/example_kubernetes_executor.py
[2024-06-27T20:46:36.615+0000] {processor.py:829} INFO - Processing file /home/airflow/.local/lib/python3.8/site-packages/airflow/example_dags/example_kubernetes_executor.py for tasks to queue
[2024-06-27T20:46:36.615+0000] {logging_mixin.py:151} INFO - [2024-06-27T20:46:36.615+0000] {dagbag.py:539} INFO - Filling up the DagBag from /home/airflow/.local/lib/python3.8/site-packages/airflow/example_dags/example_kubernetes_executor.py
[2024-06-27T20:46:36.887+0000] {processor.py:839} INFO - DAG(s) dict_keys(['example_kubernetes_executor']) retrieved from /home/airflow/.local/lib/python3.8/site-packages/airflow/example_dags/example_kubernetes_executor.py
[2024-06-27T20:46:36.926+0000] {logging_mixin.py:151} INFO - [2024-06-27T20:46:36.926+0000] {dag.py:2915} INFO - Sync 1 DAGs
[2024-06-27T20:46:36.943+0000] {logging_mixin.py:151} INFO - [2024-06-27T20:46:36.942+0000] {dag.py:3696} INFO - Setting next_dagrun for example_kubernetes_executor to None, run_after=None
[2024-06-27T20:46:36.962+0000] {processor.py:179} INFO - Processing /home/airflow/.local/lib/python3.8/site-packages/airflow/example_dags/example_kubernetes_executor.py took 0.354 seconds
[2024-06-27T20:47:07.506+0000] {processor.py:157} INFO - Started process (PID=2786) to work on /home/airflow/.local/lib/python3.8/site-packages/airflow/example_dags/example_kubernetes_executor.py
[2024-06-27T20:47:07.506+0000] {processor.py:829} INFO - Processing file /home/airflow/.local/lib/python3.8/site-packages/airflow/example_dags/example_kubernetes_executor.py for tasks to queue
[2024-06-27T20:47:07.507+0000] {logging_mixin.py:151} INFO - [2024-06-27T20:47:07.507+0000] {dagbag.py:539} INFO - Filling up the DagBag from /home/airflow/.local/lib/python3.8/site-packages/airflow/example_dags/example_kubernetes_executor.py
[2024-06-27T20:47:07.794+0000] {processor.py:839} INFO - DAG(s) dict_keys(['example_kubernetes_executor']) retrieved from /home/airflow/.local/lib/python3.8/site-packages/airflow/example_dags/example_kubernetes_executor.py
[2024-06-27T20:47:07.837+0000] {logging_mixin.py:151} INFO - [2024-06-27T20:47:07.836+0000] {dag.py:2915} INFO - Sync 1 DAGs
[2024-06-27T20:47:07.851+0000] {logging_mixin.py:151} INFO - [2024-06-27T20:47:07.851+0000] {dag.py:3696} INFO - Setting next_dagrun for example_kubernetes_executor to None, run_after=None
[2024-06-27T20:47:07.870+0000] {processor.py:179} INFO - Processing /home/airflow/.local/lib/python3.8/site-packages/airflow/example_dags/example_kubernetes_executor.py took 0.367 seconds
[2024-06-27T20:47:38.520+0000] {processor.py:157} INFO - Started process (PID=3029) to work on /home/airflow/.local/lib/python3.8/site-packages/airflow/example_dags/example_kubernetes_executor.py
[2024-06-27T20:47:38.521+0000] {processor.py:829} INFO - Processing file /home/airflow/.local/lib/python3.8/site-packages/airflow/example_dags/example_kubernetes_executor.py for tasks to queue
[2024-06-27T20:47:38.522+0000] {logging_mixin.py:151} INFO - [2024-06-27T20:47:38.522+0000] {dagbag.py:539} INFO - Filling up the DagBag from /home/airflow/.local/lib/python3.8/site-packages/airflow/example_dags/example_kubernetes_executor.py
[2024-06-27T20:47:38.809+0000] {processor.py:839} INFO - DAG(s) dict_keys(['example_kubernetes_executor']) retrieved from /home/airflow/.local/lib/python3.8/site-packages/airflow/example_dags/example_kubernetes_executor.py
[2024-06-27T20:47:38.851+0000] {logging_mixin.py:151} INFO - [2024-06-27T20:47:38.850+0000] {dag.py:2915} INFO - Sync 1 DAGs
[2024-06-27T20:47:38.865+0000] {logging_mixin.py:151} INFO - [2024-06-27T20:47:38.865+0000] {dag.py:3696} INFO - Setting next_dagrun for example_kubernetes_executor to None, run_after=None
[2024-06-27T20:47:38.889+0000] {processor.py:179} INFO - Processing /home/airflow/.local/lib/python3.8/site-packages/airflow/example_dags/example_kubernetes_executor.py took 0.373 seconds
[2024-06-27T20:48:09.395+0000] {processor.py:157} INFO - Started process (PID=3273) to work on /home/airflow/.local/lib/python3.8/site-packages/airflow/example_dags/example_kubernetes_executor.py
[2024-06-27T20:48:09.396+0000] {processor.py:829} INFO - Processing file /home/airflow/.local/lib/python3.8/site-packages/airflow/example_dags/example_kubernetes_executor.py for tasks to queue
[2024-06-27T20:48:09.397+0000] {logging_mixin.py:151} INFO - [2024-06-27T20:48:09.396+0000] {dagbag.py:539} INFO - Filling up the DagBag from /home/airflow/.local/lib/python3.8/site-packages/airflow/example_dags/example_kubernetes_executor.py
[2024-06-27T20:48:09.708+0000] {processor.py:839} INFO - DAG(s) dict_keys(['example_kubernetes_executor']) retrieved from /home/airflow/.local/lib/python3.8/site-packages/airflow/example_dags/example_kubernetes_executor.py
[2024-06-27T20:48:09.750+0000] {logging_mixin.py:151} INFO - [2024-06-27T20:48:09.749+0000] {dag.py:2915} INFO - Sync 1 DAGs
[2024-06-27T20:48:09.764+0000] {logging_mixin.py:151} INFO - [2024-06-27T20:48:09.764+0000] {dag.py:3696} INFO - Setting next_dagrun for example_kubernetes_executor to None, run_after=None
[2024-06-27T20:48:09.785+0000] {processor.py:179} INFO - Processing /home/airflow/.local/lib/python3.8/site-packages/airflow/example_dags/example_kubernetes_executor.py took 0.394 seconds
[2024-06-27T20:48:40.231+0000] {processor.py:157} INFO - Started process (PID=3516) to work on /home/airflow/.local/lib/python3.8/site-packages/airflow/example_dags/example_kubernetes_executor.py
[2024-06-27T20:48:40.232+0000] {processor.py:829} INFO - Processing file /home/airflow/.local/lib/python3.8/site-packages/airflow/example_dags/example_kubernetes_executor.py for tasks to queue
[2024-06-27T20:48:40.233+0000] {logging_mixin.py:151} INFO - [2024-06-27T20:48:40.232+0000] {dagbag.py:539} INFO - Filling up the DagBag from /home/airflow/.local/lib/python3.8/site-packages/airflow/example_dags/example_kubernetes_executor.py
[2024-06-27T20:48:40.539+0000] {processor.py:839} INFO - DAG(s) dict_keys(['example_kubernetes_executor']) retrieved from /home/airflow/.local/lib/python3.8/site-packages/airflow/example_dags/example_kubernetes_executor.py
[2024-06-27T20:48:40.575+0000] {logging_mixin.py:151} INFO - [2024-06-27T20:48:40.574+0000] {dag.py:2915} INFO - Sync 1 DAGs
[2024-06-27T20:48:40.587+0000] {logging_mixin.py:151} INFO - [2024-06-27T20:48:40.586+0000] {dag.py:3696} INFO - Setting next_dagrun for example_kubernetes_executor to None, run_after=None
[2024-06-27T20:48:40.604+0000] {processor.py:179} INFO - Processing /home/airflow/.local/lib/python3.8/site-packages/airflow/example_dags/example_kubernetes_executor.py took 0.376 seconds
[2024-06-27T20:49:10.657+0000] {processor.py:157} INFO - Started process (PID=3774) to work on /home/airflow/.local/lib/python3.8/site-packages/airflow/example_dags/example_kubernetes_executor.py
[2024-06-27T20:49:10.657+0000] {processor.py:829} INFO - Processing file /home/airflow/.local/lib/python3.8/site-packages/airflow/example_dags/example_kubernetes_executor.py for tasks to queue
[2024-06-27T20:49:10.658+0000] {logging_mixin.py:151} INFO - [2024-06-27T20:49:10.658+0000] {dagbag.py:539} INFO - Filling up the DagBag from /home/airflow/.local/lib/python3.8/site-packages/airflow/example_dags/example_kubernetes_executor.py
[2024-06-27T20:49:10.957+0000] {processor.py:839} INFO - DAG(s) dict_keys(['example_kubernetes_executor']) retrieved from /home/airflow/.local/lib/python3.8/site-packages/airflow/example_dags/example_kubernetes_executor.py
[2024-06-27T20:49:10.993+0000] {logging_mixin.py:151} INFO - [2024-06-27T20:49:10.993+0000] {dag.py:2915} INFO - Sync 1 DAGs
[2024-06-27T20:49:11.005+0000] {logging_mixin.py:151} INFO - [2024-06-27T20:49:11.005+0000] {dag.py:3696} INFO - Setting next_dagrun for example_kubernetes_executor to None, run_after=None
[2024-06-27T20:49:11.022+0000] {processor.py:179} INFO - Processing /home/airflow/.local/lib/python3.8/site-packages/airflow/example_dags/example_kubernetes_executor.py took 0.369 seconds
[2024-06-27T20:49:41.912+0000] {processor.py:157} INFO - Started process (PID=4032) to work on /home/airflow/.local/lib/python3.8/site-packages/airflow/example_dags/example_kubernetes_executor.py
[2024-06-27T20:49:41.913+0000] {processor.py:829} INFO - Processing file /home/airflow/.local/lib/python3.8/site-packages/airflow/example_dags/example_kubernetes_executor.py for tasks to queue
[2024-06-27T20:49:41.914+0000] {logging_mixin.py:151} INFO - [2024-06-27T20:49:41.914+0000] {dagbag.py:539} INFO - Filling up the DagBag from /home/airflow/.local/lib/python3.8/site-packages/airflow/example_dags/example_kubernetes_executor.py
[2024-06-27T20:49:42.175+0000] {processor.py:839} INFO - DAG(s) dict_keys(['example_kubernetes_executor']) retrieved from /home/airflow/.local/lib/python3.8/site-packages/airflow/example_dags/example_kubernetes_executor.py
[2024-06-27T20:49:42.210+0000] {logging_mixin.py:151} INFO - [2024-06-27T20:49:42.209+0000] {dag.py:2915} INFO - Sync 1 DAGs
[2024-06-27T20:49:42.221+0000] {logging_mixin.py:151} INFO - [2024-06-27T20:49:42.220+0000] {dag.py:3696} INFO - Setting next_dagrun for example_kubernetes_executor to None, run_after=None
[2024-06-27T20:49:42.238+0000] {processor.py:179} INFO - Processing /home/airflow/.local/lib/python3.8/site-packages/airflow/example_dags/example_kubernetes_executor.py took 0.330 seconds
