[2024-06-27T20:42:00.308+0000] {processor.py:157} INFO - Started process (PID=346) to work on /home/airflow/.local/lib/python3.8/site-packages/airflow/example_dags/example_setup_teardown_taskflow.py
[2024-06-27T20:42:00.308+0000] {processor.py:829} INFO - Processing file /home/airflow/.local/lib/python3.8/site-packages/airflow/example_dags/example_setup_teardown_taskflow.py for tasks to queue
[2024-06-27T20:42:00.309+0000] {logging_mixin.py:151} INFO - [2024-06-27T20:42:00.309+0000] {dagbag.py:539} INFO - Filling up the DagBag from /home/airflow/.local/lib/python3.8/site-packages/airflow/example_dags/example_setup_teardown_taskflow.py
[2024-06-27T20:42:00.321+0000] {processor.py:839} INFO - DAG(s) dict_keys(['example_setup_teardown_taskflow']) retrieved from /home/airflow/.local/lib/python3.8/site-packages/airflow/example_dags/example_setup_teardown_taskflow.py
[2024-06-27T20:42:00.544+0000] {logging_mixin.py:151} INFO - [2024-06-27T20:42:00.544+0000] {manager.py:499} INFO - Created Permission View: %s
[2024-06-27T20:42:00.554+0000] {logging_mixin.py:151} INFO - [2024-06-27T20:42:00.554+0000] {manager.py:499} INFO - Created Permission View: %s
[2024-06-27T20:42:00.561+0000] {logging_mixin.py:151} INFO - [2024-06-27T20:42:00.560+0000] {manager.py:499} INFO - Created Permission View: %s
[2024-06-27T20:42:00.561+0000] {logging_mixin.py:151} INFO - [2024-06-27T20:42:00.561+0000] {security.py:708} INFO - Not syncing DAG-level permissions for DAG 'DAG:example_setup_teardown_taskflow' as access control is unset.
[2024-06-27T20:42:00.561+0000] {logging_mixin.py:151} INFO - [2024-06-27T20:42:00.561+0000] {dag.py:2915} INFO - Sync 1 DAGs
[2024-06-27T20:42:00.571+0000] {logging_mixin.py:151} INFO - [2024-06-27T20:42:00.571+0000] {dag.py:2937} INFO - Creating ORM DAG for example_setup_teardown_taskflow
[2024-06-27T20:42:00.580+0000] {logging_mixin.py:151} INFO - [2024-06-27T20:42:00.580+0000] {dag.py:3696} INFO - Setting next_dagrun for example_setup_teardown_taskflow to 2024-06-26T20:42:00.580310+00:00, run_after=2024-06-27T20:42:00.580310+00:00
[2024-06-27T20:42:00.603+0000] {processor.py:179} INFO - Processing /home/airflow/.local/lib/python3.8/site-packages/airflow/example_dags/example_setup_teardown_taskflow.py took 0.298 seconds
[2024-06-27T20:42:31.157+0000] {processor.py:157} INFO - Started process (PID=589) to work on /home/airflow/.local/lib/python3.8/site-packages/airflow/example_dags/example_setup_teardown_taskflow.py
[2024-06-27T20:42:31.158+0000] {processor.py:829} INFO - Processing file /home/airflow/.local/lib/python3.8/site-packages/airflow/example_dags/example_setup_teardown_taskflow.py for tasks to queue
[2024-06-27T20:42:31.159+0000] {logging_mixin.py:151} INFO - [2024-06-27T20:42:31.159+0000] {dagbag.py:539} INFO - Filling up the DagBag from /home/airflow/.local/lib/python3.8/site-packages/airflow/example_dags/example_setup_teardown_taskflow.py
[2024-06-27T20:42:31.175+0000] {processor.py:839} INFO - DAG(s) dict_keys(['example_setup_teardown_taskflow']) retrieved from /home/airflow/.local/lib/python3.8/site-packages/airflow/example_dags/example_setup_teardown_taskflow.py
[2024-06-27T20:42:31.204+0000] {logging_mixin.py:151} INFO - [2024-06-27T20:42:31.204+0000] {dag.py:2915} INFO - Sync 1 DAGs
[2024-06-27T20:42:31.233+0000] {logging_mixin.py:151} INFO - [2024-06-27T20:42:31.232+0000] {dag.py:3696} INFO - Setting next_dagrun for example_setup_teardown_taskflow to 2024-06-26T20:42:31.232731+00:00, run_after=2024-06-27T20:42:31.232731+00:00
[2024-06-27T20:42:31.249+0000] {processor.py:179} INFO - Processing /home/airflow/.local/lib/python3.8/site-packages/airflow/example_dags/example_setup_teardown_taskflow.py took 0.097 seconds
[2024-06-27T20:43:01.512+0000] {processor.py:157} INFO - Started process (PID=832) to work on /home/airflow/.local/lib/python3.8/site-packages/airflow/example_dags/example_setup_teardown_taskflow.py
[2024-06-27T20:43:01.513+0000] {processor.py:829} INFO - Processing file /home/airflow/.local/lib/python3.8/site-packages/airflow/example_dags/example_setup_teardown_taskflow.py for tasks to queue
[2024-06-27T20:43:01.513+0000] {logging_mixin.py:151} INFO - [2024-06-27T20:43:01.513+0000] {dagbag.py:539} INFO - Filling up the DagBag from /home/airflow/.local/lib/python3.8/site-packages/airflow/example_dags/example_setup_teardown_taskflow.py
[2024-06-27T20:43:01.522+0000] {processor.py:839} INFO - DAG(s) dict_keys(['example_setup_teardown_taskflow']) retrieved from /home/airflow/.local/lib/python3.8/site-packages/airflow/example_dags/example_setup_teardown_taskflow.py
[2024-06-27T20:43:01.543+0000] {logging_mixin.py:151} INFO - [2024-06-27T20:43:01.542+0000] {dag.py:2915} INFO - Sync 1 DAGs
[2024-06-27T20:43:01.565+0000] {logging_mixin.py:151} INFO - [2024-06-27T20:43:01.565+0000] {dag.py:3696} INFO - Setting next_dagrun for example_setup_teardown_taskflow to 2024-06-26T20:43:01.564801+00:00, run_after=2024-06-27T20:43:01.564801+00:00
[2024-06-27T20:43:01.584+0000] {processor.py:179} INFO - Processing /home/airflow/.local/lib/python3.8/site-packages/airflow/example_dags/example_setup_teardown_taskflow.py took 0.075 seconds
[2024-06-27T20:43:32.194+0000] {processor.py:157} INFO - Started process (PID=1075) to work on /home/airflow/.local/lib/python3.8/site-packages/airflow/example_dags/example_setup_teardown_taskflow.py
[2024-06-27T20:43:32.195+0000] {processor.py:829} INFO - Processing file /home/airflow/.local/lib/python3.8/site-packages/airflow/example_dags/example_setup_teardown_taskflow.py for tasks to queue
[2024-06-27T20:43:32.196+0000] {logging_mixin.py:151} INFO - [2024-06-27T20:43:32.196+0000] {dagbag.py:539} INFO - Filling up the DagBag from /home/airflow/.local/lib/python3.8/site-packages/airflow/example_dags/example_setup_teardown_taskflow.py
[2024-06-27T20:43:32.206+0000] {processor.py:839} INFO - DAG(s) dict_keys(['example_setup_teardown_taskflow']) retrieved from /home/airflow/.local/lib/python3.8/site-packages/airflow/example_dags/example_setup_teardown_taskflow.py
[2024-06-27T20:43:32.228+0000] {logging_mixin.py:151} INFO - [2024-06-27T20:43:32.227+0000] {dag.py:2915} INFO - Sync 1 DAGs
[2024-06-27T20:43:32.251+0000] {logging_mixin.py:151} INFO - [2024-06-27T20:43:32.250+0000] {dag.py:3696} INFO - Setting next_dagrun for example_setup_teardown_taskflow to 2024-06-26T20:43:32.250734+00:00, run_after=2024-06-27T20:43:32.250734+00:00
[2024-06-27T20:43:32.269+0000] {processor.py:179} INFO - Processing /home/airflow/.local/lib/python3.8/site-packages/airflow/example_dags/example_setup_teardown_taskflow.py took 0.077 seconds
[2024-06-27T20:44:02.455+0000] {processor.py:157} INFO - Started process (PID=1318) to work on /home/airflow/.local/lib/python3.8/site-packages/airflow/example_dags/example_setup_teardown_taskflow.py
[2024-06-27T20:44:02.455+0000] {processor.py:829} INFO - Processing file /home/airflow/.local/lib/python3.8/site-packages/airflow/example_dags/example_setup_teardown_taskflow.py for tasks to queue
[2024-06-27T20:44:02.456+0000] {logging_mixin.py:151} INFO - [2024-06-27T20:44:02.456+0000] {dagbag.py:539} INFO - Filling up the DagBag from /home/airflow/.local/lib/python3.8/site-packages/airflow/example_dags/example_setup_teardown_taskflow.py
[2024-06-27T20:44:02.466+0000] {processor.py:839} INFO - DAG(s) dict_keys(['example_setup_teardown_taskflow']) retrieved from /home/airflow/.local/lib/python3.8/site-packages/airflow/example_dags/example_setup_teardown_taskflow.py
[2024-06-27T20:44:02.486+0000] {logging_mixin.py:151} INFO - [2024-06-27T20:44:02.486+0000] {dag.py:2915} INFO - Sync 1 DAGs
[2024-06-27T20:44:02.509+0000] {logging_mixin.py:151} INFO - [2024-06-27T20:44:02.508+0000] {dag.py:3696} INFO - Setting next_dagrun for example_setup_teardown_taskflow to 2024-06-26T20:44:02.508753+00:00, run_after=2024-06-27T20:44:02.508753+00:00
[2024-06-27T20:44:02.528+0000] {processor.py:179} INFO - Processing /home/airflow/.local/lib/python3.8/site-packages/airflow/example_dags/example_setup_teardown_taskflow.py took 0.076 seconds
[2024-06-27T20:44:33.007+0000] {processor.py:157} INFO - Started process (PID=1560) to work on /home/airflow/.local/lib/python3.8/site-packages/airflow/example_dags/example_setup_teardown_taskflow.py
[2024-06-27T20:44:33.009+0000] {processor.py:829} INFO - Processing file /home/airflow/.local/lib/python3.8/site-packages/airflow/example_dags/example_setup_teardown_taskflow.py for tasks to queue
[2024-06-27T20:44:33.010+0000] {logging_mixin.py:151} INFO - [2024-06-27T20:44:33.010+0000] {dagbag.py:539} INFO - Filling up the DagBag from /home/airflow/.local/lib/python3.8/site-packages/airflow/example_dags/example_setup_teardown_taskflow.py
[2024-06-27T20:44:33.026+0000] {processor.py:839} INFO - DAG(s) dict_keys(['example_setup_teardown_taskflow']) retrieved from /home/airflow/.local/lib/python3.8/site-packages/airflow/example_dags/example_setup_teardown_taskflow.py
[2024-06-27T20:44:33.060+0000] {logging_mixin.py:151} INFO - [2024-06-27T20:44:33.059+0000] {dag.py:2915} INFO - Sync 1 DAGs
[2024-06-27T20:44:33.095+0000] {logging_mixin.py:151} INFO - [2024-06-27T20:44:33.095+0000] {dag.py:3696} INFO - Setting next_dagrun for example_setup_teardown_taskflow to 2024-06-26T20:44:33.095223+00:00, run_after=2024-06-27T20:44:33.095223+00:00
[2024-06-27T20:44:33.126+0000] {processor.py:179} INFO - Processing /home/airflow/.local/lib/python3.8/site-packages/airflow/example_dags/example_setup_teardown_taskflow.py took 0.124 seconds
[2024-06-27T20:45:03.986+0000] {processor.py:157} INFO - Started process (PID=1803) to work on /home/airflow/.local/lib/python3.8/site-packages/airflow/example_dags/example_setup_teardown_taskflow.py
[2024-06-27T20:45:03.987+0000] {processor.py:829} INFO - Processing file /home/airflow/.local/lib/python3.8/site-packages/airflow/example_dags/example_setup_teardown_taskflow.py for tasks to queue
[2024-06-27T20:45:03.987+0000] {logging_mixin.py:151} INFO - [2024-06-27T20:45:03.987+0000] {dagbag.py:539} INFO - Filling up the DagBag from /home/airflow/.local/lib/python3.8/site-packages/airflow/example_dags/example_setup_teardown_taskflow.py
[2024-06-27T20:45:03.996+0000] {processor.py:839} INFO - DAG(s) dict_keys(['example_setup_teardown_taskflow']) retrieved from /home/airflow/.local/lib/python3.8/site-packages/airflow/example_dags/example_setup_teardown_taskflow.py
[2024-06-27T20:45:04.017+0000] {logging_mixin.py:151} INFO - [2024-06-27T20:45:04.016+0000] {dag.py:2915} INFO - Sync 1 DAGs
[2024-06-27T20:45:04.037+0000] {logging_mixin.py:151} INFO - [2024-06-27T20:45:04.037+0000] {dag.py:3696} INFO - Setting next_dagrun for example_setup_teardown_taskflow to 2024-06-26T20:45:04.036942+00:00, run_after=2024-06-27T20:45:04.036942+00:00
[2024-06-27T20:45:04.054+0000] {processor.py:179} INFO - Processing /home/airflow/.local/lib/python3.8/site-packages/airflow/example_dags/example_setup_teardown_taskflow.py took 0.071 seconds
[2024-06-27T20:45:34.150+0000] {processor.py:157} INFO - Started process (PID=2045) to work on /home/airflow/.local/lib/python3.8/site-packages/airflow/example_dags/example_setup_teardown_taskflow.py
[2024-06-27T20:45:34.151+0000] {processor.py:829} INFO - Processing file /home/airflow/.local/lib/python3.8/site-packages/airflow/example_dags/example_setup_teardown_taskflow.py for tasks to queue
[2024-06-27T20:45:34.152+0000] {logging_mixin.py:151} INFO - [2024-06-27T20:45:34.152+0000] {dagbag.py:539} INFO - Filling up the DagBag from /home/airflow/.local/lib/python3.8/site-packages/airflow/example_dags/example_setup_teardown_taskflow.py
[2024-06-27T20:45:34.168+0000] {processor.py:839} INFO - DAG(s) dict_keys(['example_setup_teardown_taskflow']) retrieved from /home/airflow/.local/lib/python3.8/site-packages/airflow/example_dags/example_setup_teardown_taskflow.py
[2024-06-27T20:45:34.197+0000] {logging_mixin.py:151} INFO - [2024-06-27T20:45:34.197+0000] {dag.py:2915} INFO - Sync 1 DAGs
[2024-06-27T20:45:34.226+0000] {logging_mixin.py:151} INFO - [2024-06-27T20:45:34.226+0000] {dag.py:3696} INFO - Setting next_dagrun for example_setup_teardown_taskflow to 2024-06-26T20:45:34.226040+00:00, run_after=2024-06-27T20:45:34.226040+00:00
[2024-06-27T20:45:34.249+0000] {processor.py:179} INFO - Processing /home/airflow/.local/lib/python3.8/site-packages/airflow/example_dags/example_setup_teardown_taskflow.py took 0.104 seconds
[2024-06-27T20:46:04.293+0000] {processor.py:157} INFO - Started process (PID=2283) to work on /home/airflow/.local/lib/python3.8/site-packages/airflow/example_dags/example_setup_teardown_taskflow.py
[2024-06-27T20:46:04.293+0000] {processor.py:829} INFO - Processing file /home/airflow/.local/lib/python3.8/site-packages/airflow/example_dags/example_setup_teardown_taskflow.py for tasks to queue
[2024-06-27T20:46:04.294+0000] {logging_mixin.py:151} INFO - [2024-06-27T20:46:04.294+0000] {dagbag.py:539} INFO - Filling up the DagBag from /home/airflow/.local/lib/python3.8/site-packages/airflow/example_dags/example_setup_teardown_taskflow.py
[2024-06-27T20:46:04.304+0000] {processor.py:839} INFO - DAG(s) dict_keys(['example_setup_teardown_taskflow']) retrieved from /home/airflow/.local/lib/python3.8/site-packages/airflow/example_dags/example_setup_teardown_taskflow.py
[2024-06-27T20:46:04.325+0000] {logging_mixin.py:151} INFO - [2024-06-27T20:46:04.325+0000] {dag.py:2915} INFO - Sync 1 DAGs
[2024-06-27T20:46:04.344+0000] {logging_mixin.py:151} INFO - [2024-06-27T20:46:04.344+0000] {dag.py:3696} INFO - Setting next_dagrun for example_setup_teardown_taskflow to 2024-06-26T20:46:04.344111+00:00, run_after=2024-06-27T20:46:04.344111+00:00
[2024-06-27T20:46:04.360+0000] {processor.py:179} INFO - Processing /home/airflow/.local/lib/python3.8/site-packages/airflow/example_dags/example_setup_teardown_taskflow.py took 0.070 seconds
[2024-06-27T20:46:35.373+0000] {processor.py:157} INFO - Started process (PID=2526) to work on /home/airflow/.local/lib/python3.8/site-packages/airflow/example_dags/example_setup_teardown_taskflow.py
[2024-06-27T20:46:35.374+0000] {processor.py:829} INFO - Processing file /home/airflow/.local/lib/python3.8/site-packages/airflow/example_dags/example_setup_teardown_taskflow.py for tasks to queue
[2024-06-27T20:46:35.375+0000] {logging_mixin.py:151} INFO - [2024-06-27T20:46:35.374+0000] {dagbag.py:539} INFO - Filling up the DagBag from /home/airflow/.local/lib/python3.8/site-packages/airflow/example_dags/example_setup_teardown_taskflow.py
[2024-06-27T20:46:35.384+0000] {processor.py:839} INFO - DAG(s) dict_keys(['example_setup_teardown_taskflow']) retrieved from /home/airflow/.local/lib/python3.8/site-packages/airflow/example_dags/example_setup_teardown_taskflow.py
[2024-06-27T20:46:35.404+0000] {logging_mixin.py:151} INFO - [2024-06-27T20:46:35.404+0000] {dag.py:2915} INFO - Sync 1 DAGs
[2024-06-27T20:46:35.424+0000] {logging_mixin.py:151} INFO - [2024-06-27T20:46:35.424+0000] {dag.py:3696} INFO - Setting next_dagrun for example_setup_teardown_taskflow to 2024-06-26T20:46:35.423775+00:00, run_after=2024-06-27T20:46:35.423775+00:00
[2024-06-27T20:46:35.445+0000] {processor.py:179} INFO - Processing /home/airflow/.local/lib/python3.8/site-packages/airflow/example_dags/example_setup_teardown_taskflow.py took 0.075 seconds
[2024-06-27T20:47:06.349+0000] {processor.py:157} INFO - Started process (PID=2769) to work on /home/airflow/.local/lib/python3.8/site-packages/airflow/example_dags/example_setup_teardown_taskflow.py
[2024-06-27T20:47:06.349+0000] {processor.py:829} INFO - Processing file /home/airflow/.local/lib/python3.8/site-packages/airflow/example_dags/example_setup_teardown_taskflow.py for tasks to queue
[2024-06-27T20:47:06.350+0000] {logging_mixin.py:151} INFO - [2024-06-27T20:47:06.350+0000] {dagbag.py:539} INFO - Filling up the DagBag from /home/airflow/.local/lib/python3.8/site-packages/airflow/example_dags/example_setup_teardown_taskflow.py
[2024-06-27T20:47:06.359+0000] {processor.py:839} INFO - DAG(s) dict_keys(['example_setup_teardown_taskflow']) retrieved from /home/airflow/.local/lib/python3.8/site-packages/airflow/example_dags/example_setup_teardown_taskflow.py
[2024-06-27T20:47:06.380+0000] {logging_mixin.py:151} INFO - [2024-06-27T20:47:06.379+0000] {dag.py:2915} INFO - Sync 1 DAGs
[2024-06-27T20:47:06.402+0000] {logging_mixin.py:151} INFO - [2024-06-27T20:47:06.401+0000] {dag.py:3696} INFO - Setting next_dagrun for example_setup_teardown_taskflow to 2024-06-26T20:47:06.401558+00:00, run_after=2024-06-27T20:47:06.401558+00:00
[2024-06-27T20:47:06.420+0000] {processor.py:179} INFO - Processing /home/airflow/.local/lib/python3.8/site-packages/airflow/example_dags/example_setup_teardown_taskflow.py took 0.074 seconds
[2024-06-27T20:47:37.347+0000] {processor.py:157} INFO - Started process (PID=3012) to work on /home/airflow/.local/lib/python3.8/site-packages/airflow/example_dags/example_setup_teardown_taskflow.py
[2024-06-27T20:47:37.348+0000] {processor.py:829} INFO - Processing file /home/airflow/.local/lib/python3.8/site-packages/airflow/example_dags/example_setup_teardown_taskflow.py for tasks to queue
[2024-06-27T20:47:37.349+0000] {logging_mixin.py:151} INFO - [2024-06-27T20:47:37.348+0000] {dagbag.py:539} INFO - Filling up the DagBag from /home/airflow/.local/lib/python3.8/site-packages/airflow/example_dags/example_setup_teardown_taskflow.py
[2024-06-27T20:47:37.358+0000] {processor.py:839} INFO - DAG(s) dict_keys(['example_setup_teardown_taskflow']) retrieved from /home/airflow/.local/lib/python3.8/site-packages/airflow/example_dags/example_setup_teardown_taskflow.py
[2024-06-27T20:47:37.380+0000] {logging_mixin.py:151} INFO - [2024-06-27T20:47:37.380+0000] {dag.py:2915} INFO - Sync 1 DAGs
[2024-06-27T20:47:37.403+0000] {logging_mixin.py:151} INFO - [2024-06-27T20:47:37.403+0000] {dag.py:3696} INFO - Setting next_dagrun for example_setup_teardown_taskflow to 2024-06-26T20:47:37.403309+00:00, run_after=2024-06-27T20:47:37.403309+00:00
[2024-06-27T20:47:37.423+0000] {processor.py:179} INFO - Processing /home/airflow/.local/lib/python3.8/site-packages/airflow/example_dags/example_setup_teardown_taskflow.py took 0.079 seconds
[2024-06-27T20:48:08.184+0000] {processor.py:157} INFO - Started process (PID=3256) to work on /home/airflow/.local/lib/python3.8/site-packages/airflow/example_dags/example_setup_teardown_taskflow.py
[2024-06-27T20:48:08.185+0000] {processor.py:829} INFO - Processing file /home/airflow/.local/lib/python3.8/site-packages/airflow/example_dags/example_setup_teardown_taskflow.py for tasks to queue
[2024-06-27T20:48:08.186+0000] {logging_mixin.py:151} INFO - [2024-06-27T20:48:08.186+0000] {dagbag.py:539} INFO - Filling up the DagBag from /home/airflow/.local/lib/python3.8/site-packages/airflow/example_dags/example_setup_teardown_taskflow.py
[2024-06-27T20:48:08.197+0000] {processor.py:839} INFO - DAG(s) dict_keys(['example_setup_teardown_taskflow']) retrieved from /home/airflow/.local/lib/python3.8/site-packages/airflow/example_dags/example_setup_teardown_taskflow.py
[2024-06-27T20:48:08.221+0000] {logging_mixin.py:151} INFO - [2024-06-27T20:48:08.221+0000] {dag.py:2915} INFO - Sync 1 DAGs
[2024-06-27T20:48:08.249+0000] {logging_mixin.py:151} INFO - [2024-06-27T20:48:08.248+0000] {dag.py:3696} INFO - Setting next_dagrun for example_setup_teardown_taskflow to 2024-06-26T20:48:08.248580+00:00, run_after=2024-06-27T20:48:08.248580+00:00
[2024-06-27T20:48:08.272+0000] {processor.py:179} INFO - Processing /home/airflow/.local/lib/python3.8/site-packages/airflow/example_dags/example_setup_teardown_taskflow.py took 0.091 seconds
[2024-06-27T20:48:39.049+0000] {processor.py:157} INFO - Started process (PID=3499) to work on /home/airflow/.local/lib/python3.8/site-packages/airflow/example_dags/example_setup_teardown_taskflow.py
[2024-06-27T20:48:39.051+0000] {processor.py:829} INFO - Processing file /home/airflow/.local/lib/python3.8/site-packages/airflow/example_dags/example_setup_teardown_taskflow.py for tasks to queue
[2024-06-27T20:48:39.052+0000] {logging_mixin.py:151} INFO - [2024-06-27T20:48:39.051+0000] {dagbag.py:539} INFO - Filling up the DagBag from /home/airflow/.local/lib/python3.8/site-packages/airflow/example_dags/example_setup_teardown_taskflow.py
[2024-06-27T20:48:39.068+0000] {processor.py:839} INFO - DAG(s) dict_keys(['example_setup_teardown_taskflow']) retrieved from /home/airflow/.local/lib/python3.8/site-packages/airflow/example_dags/example_setup_teardown_taskflow.py
[2024-06-27T20:48:39.092+0000] {logging_mixin.py:151} INFO - [2024-06-27T20:48:39.092+0000] {dag.py:2915} INFO - Sync 1 DAGs
[2024-06-27T20:48:39.120+0000] {logging_mixin.py:151} INFO - [2024-06-27T20:48:39.120+0000] {dag.py:3696} INFO - Setting next_dagrun for example_setup_teardown_taskflow to 2024-06-26T20:48:39.120295+00:00, run_after=2024-06-27T20:48:39.120295+00:00
[2024-06-27T20:48:39.141+0000] {processor.py:179} INFO - Processing /home/airflow/.local/lib/python3.8/site-packages/airflow/example_dags/example_setup_teardown_taskflow.py took 0.096 seconds
[2024-06-27T20:49:09.281+0000] {processor.py:157} INFO - Started process (PID=3742) to work on /home/airflow/.local/lib/python3.8/site-packages/airflow/example_dags/example_setup_teardown_taskflow.py
[2024-06-27T20:49:09.281+0000] {processor.py:829} INFO - Processing file /home/airflow/.local/lib/python3.8/site-packages/airflow/example_dags/example_setup_teardown_taskflow.py for tasks to queue
[2024-06-27T20:49:09.282+0000] {logging_mixin.py:151} INFO - [2024-06-27T20:49:09.282+0000] {dagbag.py:539} INFO - Filling up the DagBag from /home/airflow/.local/lib/python3.8/site-packages/airflow/example_dags/example_setup_teardown_taskflow.py
[2024-06-27T20:49:09.292+0000] {processor.py:839} INFO - DAG(s) dict_keys(['example_setup_teardown_taskflow']) retrieved from /home/airflow/.local/lib/python3.8/site-packages/airflow/example_dags/example_setup_teardown_taskflow.py
[2024-06-27T20:49:09.314+0000] {logging_mixin.py:151} INFO - [2024-06-27T20:49:09.314+0000] {dag.py:2915} INFO - Sync 1 DAGs
[2024-06-27T20:49:09.336+0000] {logging_mixin.py:151} INFO - [2024-06-27T20:49:09.335+0000] {dag.py:3696} INFO - Setting next_dagrun for example_setup_teardown_taskflow to 2024-06-26T20:49:09.335637+00:00, run_after=2024-06-27T20:49:09.335637+00:00
[2024-06-27T20:49:09.354+0000] {processor.py:179} INFO - Processing /home/airflow/.local/lib/python3.8/site-packages/airflow/example_dags/example_setup_teardown_taskflow.py took 0.076 seconds
[2024-06-27T20:49:39.543+0000] {processor.py:157} INFO - Started process (PID=3987) to work on /home/airflow/.local/lib/python3.8/site-packages/airflow/example_dags/example_setup_teardown_taskflow.py
[2024-06-27T20:49:39.544+0000] {processor.py:829} INFO - Processing file /home/airflow/.local/lib/python3.8/site-packages/airflow/example_dags/example_setup_teardown_taskflow.py for tasks to queue
[2024-06-27T20:49:39.544+0000] {logging_mixin.py:151} INFO - [2024-06-27T20:49:39.544+0000] {dagbag.py:539} INFO - Filling up the DagBag from /home/airflow/.local/lib/python3.8/site-packages/airflow/example_dags/example_setup_teardown_taskflow.py
[2024-06-27T20:49:39.554+0000] {processor.py:839} INFO - DAG(s) dict_keys(['example_setup_teardown_taskflow']) retrieved from /home/airflow/.local/lib/python3.8/site-packages/airflow/example_dags/example_setup_teardown_taskflow.py
[2024-06-27T20:49:39.575+0000] {logging_mixin.py:151} INFO - [2024-06-27T20:49:39.575+0000] {dag.py:2915} INFO - Sync 1 DAGs
[2024-06-27T20:49:39.596+0000] {logging_mixin.py:151} INFO - [2024-06-27T20:49:39.596+0000] {dag.py:3696} INFO - Setting next_dagrun for example_setup_teardown_taskflow to 2024-06-26T20:49:39.596407+00:00, run_after=2024-06-27T20:49:39.596407+00:00
[2024-06-27T20:49:39.615+0000] {processor.py:179} INFO - Processing /home/airflow/.local/lib/python3.8/site-packages/airflow/example_dags/example_setup_teardown_taskflow.py took 0.075 seconds
