[2024-06-27T20:41:58.826+0000] {processor.py:157} INFO - Started process (PID=306) to work on /home/airflow/.local/lib/python3.8/site-packages/airflow/example_dags/example_time_delta_sensor_async.py
[2024-06-27T20:41:58.827+0000] {processor.py:829} INFO - Processing file /home/airflow/.local/lib/python3.8/site-packages/airflow/example_dags/example_time_delta_sensor_async.py for tasks to queue
[2024-06-27T20:41:58.828+0000] {logging_mixin.py:151} INFO - [2024-06-27T20:41:58.827+0000] {dagbag.py:539} INFO - Filling up the DagBag from /home/airflow/.local/lib/python3.8/site-packages/airflow/example_dags/example_time_delta_sensor_async.py
[2024-06-27T20:41:58.835+0000] {processor.py:839} INFO - DAG(s) dict_keys(['example_time_delta_sensor_async']) retrieved from /home/airflow/.local/lib/python3.8/site-packages/airflow/example_dags/example_time_delta_sensor_async.py
[2024-06-27T20:41:59.066+0000] {logging_mixin.py:151} INFO - [2024-06-27T20:41:59.066+0000] {manager.py:499} INFO - Created Permission View: %s
[2024-06-27T20:41:59.078+0000] {logging_mixin.py:151} INFO - [2024-06-27T20:41:59.078+0000] {manager.py:499} INFO - Created Permission View: %s
[2024-06-27T20:41:59.086+0000] {logging_mixin.py:151} INFO - [2024-06-27T20:41:59.086+0000] {manager.py:499} INFO - Created Permission View: %s
[2024-06-27T20:41:59.086+0000] {logging_mixin.py:151} INFO - [2024-06-27T20:41:59.086+0000] {security.py:708} INFO - Not syncing DAG-level permissions for DAG 'DAG:example_time_delta_sensor_async' as access control is unset.
[2024-06-27T20:41:59.086+0000] {logging_mixin.py:151} INFO - [2024-06-27T20:41:59.086+0000] {dag.py:2915} INFO - Sync 1 DAGs
[2024-06-27T20:41:59.099+0000] {logging_mixin.py:151} INFO - [2024-06-27T20:41:59.099+0000] {dag.py:2937} INFO - Creating ORM DAG for example_time_delta_sensor_async
[2024-06-27T20:41:59.099+0000] {logging_mixin.py:151} INFO - [2024-06-27T20:41:59.099+0000] {dag.py:3696} INFO - Setting next_dagrun for example_time_delta_sensor_async to None, run_after=None
[2024-06-27T20:41:59.115+0000] {processor.py:179} INFO - Processing /home/airflow/.local/lib/python3.8/site-packages/airflow/example_dags/example_time_delta_sensor_async.py took 0.292 seconds
[2024-06-27T20:42:29.306+0000] {processor.py:157} INFO - Started process (PID=546) to work on /home/airflow/.local/lib/python3.8/site-packages/airflow/example_dags/example_time_delta_sensor_async.py
[2024-06-27T20:42:29.307+0000] {processor.py:829} INFO - Processing file /home/airflow/.local/lib/python3.8/site-packages/airflow/example_dags/example_time_delta_sensor_async.py for tasks to queue
[2024-06-27T20:42:29.308+0000] {logging_mixin.py:151} INFO - [2024-06-27T20:42:29.308+0000] {dagbag.py:539} INFO - Filling up the DagBag from /home/airflow/.local/lib/python3.8/site-packages/airflow/example_dags/example_time_delta_sensor_async.py
[2024-06-27T20:42:29.312+0000] {processor.py:839} INFO - DAG(s) dict_keys(['example_time_delta_sensor_async']) retrieved from /home/airflow/.local/lib/python3.8/site-packages/airflow/example_dags/example_time_delta_sensor_async.py
[2024-06-27T20:42:29.335+0000] {logging_mixin.py:151} INFO - [2024-06-27T20:42:29.334+0000] {dag.py:2915} INFO - Sync 1 DAGs
[2024-06-27T20:42:29.353+0000] {logging_mixin.py:151} INFO - [2024-06-27T20:42:29.352+0000] {dag.py:3696} INFO - Setting next_dagrun for example_time_delta_sensor_async to None, run_after=None
[2024-06-27T20:42:29.371+0000] {processor.py:179} INFO - Processing /home/airflow/.local/lib/python3.8/site-packages/airflow/example_dags/example_time_delta_sensor_async.py took 0.068 seconds
[2024-06-27T20:42:59.687+0000] {processor.py:157} INFO - Started process (PID=789) to work on /home/airflow/.local/lib/python3.8/site-packages/airflow/example_dags/example_time_delta_sensor_async.py
[2024-06-27T20:42:59.688+0000] {processor.py:829} INFO - Processing file /home/airflow/.local/lib/python3.8/site-packages/airflow/example_dags/example_time_delta_sensor_async.py for tasks to queue
[2024-06-27T20:42:59.689+0000] {logging_mixin.py:151} INFO - [2024-06-27T20:42:59.688+0000] {dagbag.py:539} INFO - Filling up the DagBag from /home/airflow/.local/lib/python3.8/site-packages/airflow/example_dags/example_time_delta_sensor_async.py
[2024-06-27T20:42:59.693+0000] {processor.py:839} INFO - DAG(s) dict_keys(['example_time_delta_sensor_async']) retrieved from /home/airflow/.local/lib/python3.8/site-packages/airflow/example_dags/example_time_delta_sensor_async.py
[2024-06-27T20:42:59.712+0000] {logging_mixin.py:151} INFO - [2024-06-27T20:42:59.712+0000] {dag.py:2915} INFO - Sync 1 DAGs
[2024-06-27T20:42:59.724+0000] {logging_mixin.py:151} INFO - [2024-06-27T20:42:59.724+0000] {dag.py:3696} INFO - Setting next_dagrun for example_time_delta_sensor_async to None, run_after=None
[2024-06-27T20:42:59.742+0000] {processor.py:179} INFO - Processing /home/airflow/.local/lib/python3.8/site-packages/airflow/example_dags/example_time_delta_sensor_async.py took 0.058 seconds
[2024-06-27T20:43:30.697+0000] {processor.py:157} INFO - Started process (PID=1035) to work on /home/airflow/.local/lib/python3.8/site-packages/airflow/example_dags/example_time_delta_sensor_async.py
[2024-06-27T20:43:30.698+0000] {processor.py:829} INFO - Processing file /home/airflow/.local/lib/python3.8/site-packages/airflow/example_dags/example_time_delta_sensor_async.py for tasks to queue
[2024-06-27T20:43:30.698+0000] {logging_mixin.py:151} INFO - [2024-06-27T20:43:30.698+0000] {dagbag.py:539} INFO - Filling up the DagBag from /home/airflow/.local/lib/python3.8/site-packages/airflow/example_dags/example_time_delta_sensor_async.py
[2024-06-27T20:43:30.702+0000] {processor.py:839} INFO - DAG(s) dict_keys(['example_time_delta_sensor_async']) retrieved from /home/airflow/.local/lib/python3.8/site-packages/airflow/example_dags/example_time_delta_sensor_async.py
[2024-06-27T20:43:30.722+0000] {logging_mixin.py:151} INFO - [2024-06-27T20:43:30.721+0000] {dag.py:2915} INFO - Sync 1 DAGs
[2024-06-27T20:43:30.733+0000] {logging_mixin.py:151} INFO - [2024-06-27T20:43:30.733+0000] {dag.py:3696} INFO - Setting next_dagrun for example_time_delta_sensor_async to None, run_after=None
[2024-06-27T20:43:30.751+0000] {processor.py:179} INFO - Processing /home/airflow/.local/lib/python3.8/site-packages/airflow/example_dags/example_time_delta_sensor_async.py took 0.057 seconds
[2024-06-27T20:44:00.781+0000] {processor.py:157} INFO - Started process (PID=1273) to work on /home/airflow/.local/lib/python3.8/site-packages/airflow/example_dags/example_time_delta_sensor_async.py
[2024-06-27T20:44:00.782+0000] {processor.py:829} INFO - Processing file /home/airflow/.local/lib/python3.8/site-packages/airflow/example_dags/example_time_delta_sensor_async.py for tasks to queue
[2024-06-27T20:44:00.784+0000] {logging_mixin.py:151} INFO - [2024-06-27T20:44:00.783+0000] {dagbag.py:539} INFO - Filling up the DagBag from /home/airflow/.local/lib/python3.8/site-packages/airflow/example_dags/example_time_delta_sensor_async.py
[2024-06-27T20:44:00.789+0000] {processor.py:839} INFO - DAG(s) dict_keys(['example_time_delta_sensor_async']) retrieved from /home/airflow/.local/lib/python3.8/site-packages/airflow/example_dags/example_time_delta_sensor_async.py
[2024-06-27T20:44:00.811+0000] {logging_mixin.py:151} INFO - [2024-06-27T20:44:00.810+0000] {dag.py:2915} INFO - Sync 1 DAGs
[2024-06-27T20:44:00.827+0000] {logging_mixin.py:151} INFO - [2024-06-27T20:44:00.827+0000] {dag.py:3696} INFO - Setting next_dagrun for example_time_delta_sensor_async to None, run_after=None
[2024-06-27T20:44:00.848+0000] {processor.py:179} INFO - Processing /home/airflow/.local/lib/python3.8/site-packages/airflow/example_dags/example_time_delta_sensor_async.py took 0.070 seconds
[2024-06-27T20:44:31.097+0000] {processor.py:157} INFO - Started process (PID=1515) to work on /home/airflow/.local/lib/python3.8/site-packages/airflow/example_dags/example_time_delta_sensor_async.py
[2024-06-27T20:44:31.098+0000] {processor.py:829} INFO - Processing file /home/airflow/.local/lib/python3.8/site-packages/airflow/example_dags/example_time_delta_sensor_async.py for tasks to queue
[2024-06-27T20:44:31.099+0000] {logging_mixin.py:151} INFO - [2024-06-27T20:44:31.099+0000] {dagbag.py:539} INFO - Filling up the DagBag from /home/airflow/.local/lib/python3.8/site-packages/airflow/example_dags/example_time_delta_sensor_async.py
[2024-06-27T20:44:31.106+0000] {processor.py:839} INFO - DAG(s) dict_keys(['example_time_delta_sensor_async']) retrieved from /home/airflow/.local/lib/python3.8/site-packages/airflow/example_dags/example_time_delta_sensor_async.py
[2024-06-27T20:44:31.139+0000] {logging_mixin.py:151} INFO - [2024-06-27T20:44:31.139+0000] {dag.py:2915} INFO - Sync 1 DAGs
[2024-06-27T20:44:31.158+0000] {logging_mixin.py:151} INFO - [2024-06-27T20:44:31.157+0000] {dag.py:3696} INFO - Setting next_dagrun for example_time_delta_sensor_async to None, run_after=None
[2024-06-27T20:44:31.188+0000] {processor.py:179} INFO - Processing /home/airflow/.local/lib/python3.8/site-packages/airflow/example_dags/example_time_delta_sensor_async.py took 0.097 seconds
[2024-06-27T20:45:01.303+0000] {processor.py:157} INFO - Started process (PID=1758) to work on /home/airflow/.local/lib/python3.8/site-packages/airflow/example_dags/example_time_delta_sensor_async.py
[2024-06-27T20:45:01.304+0000] {processor.py:829} INFO - Processing file /home/airflow/.local/lib/python3.8/site-packages/airflow/example_dags/example_time_delta_sensor_async.py for tasks to queue
[2024-06-27T20:45:01.305+0000] {logging_mixin.py:151} INFO - [2024-06-27T20:45:01.304+0000] {dagbag.py:539} INFO - Filling up the DagBag from /home/airflow/.local/lib/python3.8/site-packages/airflow/example_dags/example_time_delta_sensor_async.py
[2024-06-27T20:45:01.310+0000] {processor.py:839} INFO - DAG(s) dict_keys(['example_time_delta_sensor_async']) retrieved from /home/airflow/.local/lib/python3.8/site-packages/airflow/example_dags/example_time_delta_sensor_async.py
[2024-06-27T20:45:01.337+0000] {logging_mixin.py:151} INFO - [2024-06-27T20:45:01.336+0000] {dag.py:2915} INFO - Sync 1 DAGs
[2024-06-27T20:45:01.352+0000] {logging_mixin.py:151} INFO - [2024-06-27T20:45:01.351+0000] {dag.py:3696} INFO - Setting next_dagrun for example_time_delta_sensor_async to None, run_after=None
[2024-06-27T20:45:01.373+0000] {processor.py:179} INFO - Processing /home/airflow/.local/lib/python3.8/site-packages/airflow/example_dags/example_time_delta_sensor_async.py took 0.073 seconds
[2024-06-27T20:45:31.586+0000] {processor.py:157} INFO - Started process (PID=2000) to work on /home/airflow/.local/lib/python3.8/site-packages/airflow/example_dags/example_time_delta_sensor_async.py
[2024-06-27T20:45:31.586+0000] {processor.py:829} INFO - Processing file /home/airflow/.local/lib/python3.8/site-packages/airflow/example_dags/example_time_delta_sensor_async.py for tasks to queue
[2024-06-27T20:45:31.587+0000] {logging_mixin.py:151} INFO - [2024-06-27T20:45:31.587+0000] {dagbag.py:539} INFO - Filling up the DagBag from /home/airflow/.local/lib/python3.8/site-packages/airflow/example_dags/example_time_delta_sensor_async.py
[2024-06-27T20:45:31.592+0000] {processor.py:839} INFO - DAG(s) dict_keys(['example_time_delta_sensor_async']) retrieved from /home/airflow/.local/lib/python3.8/site-packages/airflow/example_dags/example_time_delta_sensor_async.py
[2024-06-27T20:45:31.613+0000] {logging_mixin.py:151} INFO - [2024-06-27T20:45:31.613+0000] {dag.py:2915} INFO - Sync 1 DAGs
[2024-06-27T20:45:31.626+0000] {logging_mixin.py:151} INFO - [2024-06-27T20:45:31.625+0000] {dag.py:3696} INFO - Setting next_dagrun for example_time_delta_sensor_async to None, run_after=None
[2024-06-27T20:45:31.644+0000] {processor.py:179} INFO - Processing /home/airflow/.local/lib/python3.8/site-packages/airflow/example_dags/example_time_delta_sensor_async.py took 0.062 seconds
[2024-06-27T20:46:01.925+0000] {processor.py:157} INFO - Started process (PID=2245) to work on /home/airflow/.local/lib/python3.8/site-packages/airflow/example_dags/example_time_delta_sensor_async.py
[2024-06-27T20:46:01.925+0000] {processor.py:829} INFO - Processing file /home/airflow/.local/lib/python3.8/site-packages/airflow/example_dags/example_time_delta_sensor_async.py for tasks to queue
[2024-06-27T20:46:01.926+0000] {logging_mixin.py:151} INFO - [2024-06-27T20:46:01.926+0000] {dagbag.py:539} INFO - Filling up the DagBag from /home/airflow/.local/lib/python3.8/site-packages/airflow/example_dags/example_time_delta_sensor_async.py
[2024-06-27T20:46:01.930+0000] {processor.py:839} INFO - DAG(s) dict_keys(['example_time_delta_sensor_async']) retrieved from /home/airflow/.local/lib/python3.8/site-packages/airflow/example_dags/example_time_delta_sensor_async.py
[2024-06-27T20:46:01.951+0000] {logging_mixin.py:151} INFO - [2024-06-27T20:46:01.951+0000] {dag.py:2915} INFO - Sync 1 DAGs
[2024-06-27T20:46:01.964+0000] {logging_mixin.py:151} INFO - [2024-06-27T20:46:01.964+0000] {dag.py:3696} INFO - Setting next_dagrun for example_time_delta_sensor_async to None, run_after=None
[2024-06-27T20:46:01.985+0000] {processor.py:179} INFO - Processing /home/airflow/.local/lib/python3.8/site-packages/airflow/example_dags/example_time_delta_sensor_async.py took 0.064 seconds
[2024-06-27T20:46:32.897+0000] {processor.py:157} INFO - Started process (PID=2486) to work on /home/airflow/.local/lib/python3.8/site-packages/airflow/example_dags/example_time_delta_sensor_async.py
[2024-06-27T20:46:32.898+0000] {processor.py:829} INFO - Processing file /home/airflow/.local/lib/python3.8/site-packages/airflow/example_dags/example_time_delta_sensor_async.py for tasks to queue
[2024-06-27T20:46:32.898+0000] {logging_mixin.py:151} INFO - [2024-06-27T20:46:32.898+0000] {dagbag.py:539} INFO - Filling up the DagBag from /home/airflow/.local/lib/python3.8/site-packages/airflow/example_dags/example_time_delta_sensor_async.py
[2024-06-27T20:46:32.904+0000] {processor.py:839} INFO - DAG(s) dict_keys(['example_time_delta_sensor_async']) retrieved from /home/airflow/.local/lib/python3.8/site-packages/airflow/example_dags/example_time_delta_sensor_async.py
[2024-06-27T20:46:32.926+0000] {logging_mixin.py:151} INFO - [2024-06-27T20:46:32.926+0000] {dag.py:2915} INFO - Sync 1 DAGs
[2024-06-27T20:46:32.939+0000] {logging_mixin.py:151} INFO - [2024-06-27T20:46:32.939+0000] {dag.py:3696} INFO - Setting next_dagrun for example_time_delta_sensor_async to None, run_after=None
[2024-06-27T20:46:32.957+0000] {processor.py:179} INFO - Processing /home/airflow/.local/lib/python3.8/site-packages/airflow/example_dags/example_time_delta_sensor_async.py took 0.063 seconds
[2024-06-27T20:47:03.965+0000] {processor.py:157} INFO - Started process (PID=2729) to work on /home/airflow/.local/lib/python3.8/site-packages/airflow/example_dags/example_time_delta_sensor_async.py
[2024-06-27T20:47:03.965+0000] {processor.py:829} INFO - Processing file /home/airflow/.local/lib/python3.8/site-packages/airflow/example_dags/example_time_delta_sensor_async.py for tasks to queue
[2024-06-27T20:47:03.966+0000] {logging_mixin.py:151} INFO - [2024-06-27T20:47:03.966+0000] {dagbag.py:539} INFO - Filling up the DagBag from /home/airflow/.local/lib/python3.8/site-packages/airflow/example_dags/example_time_delta_sensor_async.py
[2024-06-27T20:47:03.972+0000] {processor.py:839} INFO - DAG(s) dict_keys(['example_time_delta_sensor_async']) retrieved from /home/airflow/.local/lib/python3.8/site-packages/airflow/example_dags/example_time_delta_sensor_async.py
[2024-06-27T20:47:03.993+0000] {logging_mixin.py:151} INFO - [2024-06-27T20:47:03.993+0000] {dag.py:2915} INFO - Sync 1 DAGs
[2024-06-27T20:47:04.005+0000] {logging_mixin.py:151} INFO - [2024-06-27T20:47:04.005+0000] {dag.py:3696} INFO - Setting next_dagrun for example_time_delta_sensor_async to None, run_after=None
[2024-06-27T20:47:04.025+0000] {processor.py:179} INFO - Processing /home/airflow/.local/lib/python3.8/site-packages/airflow/example_dags/example_time_delta_sensor_async.py took 0.063 seconds
[2024-06-27T20:47:34.844+0000] {processor.py:157} INFO - Started process (PID=2972) to work on /home/airflow/.local/lib/python3.8/site-packages/airflow/example_dags/example_time_delta_sensor_async.py
[2024-06-27T20:47:34.844+0000] {processor.py:829} INFO - Processing file /home/airflow/.local/lib/python3.8/site-packages/airflow/example_dags/example_time_delta_sensor_async.py for tasks to queue
[2024-06-27T20:47:34.845+0000] {logging_mixin.py:151} INFO - [2024-06-27T20:47:34.845+0000] {dagbag.py:539} INFO - Filling up the DagBag from /home/airflow/.local/lib/python3.8/site-packages/airflow/example_dags/example_time_delta_sensor_async.py
[2024-06-27T20:47:34.850+0000] {processor.py:839} INFO - DAG(s) dict_keys(['example_time_delta_sensor_async']) retrieved from /home/airflow/.local/lib/python3.8/site-packages/airflow/example_dags/example_time_delta_sensor_async.py
[2024-06-27T20:47:34.869+0000] {logging_mixin.py:151} INFO - [2024-06-27T20:47:34.869+0000] {dag.py:2915} INFO - Sync 1 DAGs
[2024-06-27T20:47:34.882+0000] {logging_mixin.py:151} INFO - [2024-06-27T20:47:34.882+0000] {dag.py:3696} INFO - Setting next_dagrun for example_time_delta_sensor_async to None, run_after=None
[2024-06-27T20:47:34.900+0000] {processor.py:179} INFO - Processing /home/airflow/.local/lib/python3.8/site-packages/airflow/example_dags/example_time_delta_sensor_async.py took 0.059 seconds
[2024-06-27T20:48:05.661+0000] {processor.py:157} INFO - Started process (PID=3216) to work on /home/airflow/.local/lib/python3.8/site-packages/airflow/example_dags/example_time_delta_sensor_async.py
[2024-06-27T20:48:05.662+0000] {processor.py:829} INFO - Processing file /home/airflow/.local/lib/python3.8/site-packages/airflow/example_dags/example_time_delta_sensor_async.py for tasks to queue
[2024-06-27T20:48:05.663+0000] {logging_mixin.py:151} INFO - [2024-06-27T20:48:05.663+0000] {dagbag.py:539} INFO - Filling up the DagBag from /home/airflow/.local/lib/python3.8/site-packages/airflow/example_dags/example_time_delta_sensor_async.py
[2024-06-27T20:48:05.668+0000] {processor.py:839} INFO - DAG(s) dict_keys(['example_time_delta_sensor_async']) retrieved from /home/airflow/.local/lib/python3.8/site-packages/airflow/example_dags/example_time_delta_sensor_async.py
[2024-06-27T20:48:05.690+0000] {logging_mixin.py:151} INFO - [2024-06-27T20:48:05.689+0000] {dag.py:2915} INFO - Sync 1 DAGs
[2024-06-27T20:48:05.705+0000] {logging_mixin.py:151} INFO - [2024-06-27T20:48:05.704+0000] {dag.py:3696} INFO - Setting next_dagrun for example_time_delta_sensor_async to None, run_after=None
[2024-06-27T20:48:05.727+0000] {processor.py:179} INFO - Processing /home/airflow/.local/lib/python3.8/site-packages/airflow/example_dags/example_time_delta_sensor_async.py took 0.069 seconds
[2024-06-27T20:48:36.565+0000] {processor.py:157} INFO - Started process (PID=3459) to work on /home/airflow/.local/lib/python3.8/site-packages/airflow/example_dags/example_time_delta_sensor_async.py
[2024-06-27T20:48:36.566+0000] {processor.py:829} INFO - Processing file /home/airflow/.local/lib/python3.8/site-packages/airflow/example_dags/example_time_delta_sensor_async.py for tasks to queue
[2024-06-27T20:48:36.566+0000] {logging_mixin.py:151} INFO - [2024-06-27T20:48:36.566+0000] {dagbag.py:539} INFO - Filling up the DagBag from /home/airflow/.local/lib/python3.8/site-packages/airflow/example_dags/example_time_delta_sensor_async.py
[2024-06-27T20:48:36.571+0000] {processor.py:839} INFO - DAG(s) dict_keys(['example_time_delta_sensor_async']) retrieved from /home/airflow/.local/lib/python3.8/site-packages/airflow/example_dags/example_time_delta_sensor_async.py
[2024-06-27T20:48:36.590+0000] {logging_mixin.py:151} INFO - [2024-06-27T20:48:36.590+0000] {dag.py:2915} INFO - Sync 1 DAGs
[2024-06-27T20:48:36.602+0000] {logging_mixin.py:151} INFO - [2024-06-27T20:48:36.602+0000] {dag.py:3696} INFO - Setting next_dagrun for example_time_delta_sensor_async to None, run_after=None
[2024-06-27T20:48:36.619+0000] {processor.py:179} INFO - Processing /home/airflow/.local/lib/python3.8/site-packages/airflow/example_dags/example_time_delta_sensor_async.py took 0.057 seconds
[2024-06-27T20:49:07.642+0000] {processor.py:157} INFO - Started process (PID=3702) to work on /home/airflow/.local/lib/python3.8/site-packages/airflow/example_dags/example_time_delta_sensor_async.py
[2024-06-27T20:49:07.643+0000] {processor.py:829} INFO - Processing file /home/airflow/.local/lib/python3.8/site-packages/airflow/example_dags/example_time_delta_sensor_async.py for tasks to queue
[2024-06-27T20:49:07.644+0000] {logging_mixin.py:151} INFO - [2024-06-27T20:49:07.643+0000] {dagbag.py:539} INFO - Filling up the DagBag from /home/airflow/.local/lib/python3.8/site-packages/airflow/example_dags/example_time_delta_sensor_async.py
[2024-06-27T20:49:07.648+0000] {processor.py:839} INFO - DAG(s) dict_keys(['example_time_delta_sensor_async']) retrieved from /home/airflow/.local/lib/python3.8/site-packages/airflow/example_dags/example_time_delta_sensor_async.py
[2024-06-27T20:49:07.668+0000] {logging_mixin.py:151} INFO - [2024-06-27T20:49:07.668+0000] {dag.py:2915} INFO - Sync 1 DAGs
[2024-06-27T20:49:07.679+0000] {logging_mixin.py:151} INFO - [2024-06-27T20:49:07.679+0000] {dag.py:3696} INFO - Setting next_dagrun for example_time_delta_sensor_async to None, run_after=None
[2024-06-27T20:49:07.697+0000] {processor.py:179} INFO - Processing /home/airflow/.local/lib/python3.8/site-packages/airflow/example_dags/example_time_delta_sensor_async.py took 0.057 seconds
[2024-06-27T20:49:38.008+0000] {processor.py:157} INFO - Started process (PID=3947) to work on /home/airflow/.local/lib/python3.8/site-packages/airflow/example_dags/example_time_delta_sensor_async.py
[2024-06-27T20:49:38.009+0000] {processor.py:829} INFO - Processing file /home/airflow/.local/lib/python3.8/site-packages/airflow/example_dags/example_time_delta_sensor_async.py for tasks to queue
[2024-06-27T20:49:38.009+0000] {logging_mixin.py:151} INFO - [2024-06-27T20:49:38.009+0000] {dagbag.py:539} INFO - Filling up the DagBag from /home/airflow/.local/lib/python3.8/site-packages/airflow/example_dags/example_time_delta_sensor_async.py
[2024-06-27T20:49:38.013+0000] {processor.py:839} INFO - DAG(s) dict_keys(['example_time_delta_sensor_async']) retrieved from /home/airflow/.local/lib/python3.8/site-packages/airflow/example_dags/example_time_delta_sensor_async.py
[2024-06-27T20:49:38.033+0000] {logging_mixin.py:151} INFO - [2024-06-27T20:49:38.033+0000] {dag.py:2915} INFO - Sync 1 DAGs
[2024-06-27T20:49:38.044+0000] {logging_mixin.py:151} INFO - [2024-06-27T20:49:38.044+0000] {dag.py:3696} INFO - Setting next_dagrun for example_time_delta_sensor_async to None, run_after=None
[2024-06-27T20:49:38.062+0000] {processor.py:179} INFO - Processing /home/airflow/.local/lib/python3.8/site-packages/airflow/example_dags/example_time_delta_sensor_async.py took 0.056 seconds
