[2024-06-27T20:41:55.860+0000] {processor.py:157} INFO - Started process (PID=241) to work on /home/airflow/.local/lib/python3.8/site-packages/airflow/example_dags/example_latest_only_with_trigger.py
[2024-06-27T20:41:55.860+0000] {processor.py:829} INFO - Processing file /home/airflow/.local/lib/python3.8/site-packages/airflow/example_dags/example_latest_only_with_trigger.py for tasks to queue
[2024-06-27T20:41:55.861+0000] {logging_mixin.py:151} INFO - [2024-06-27T20:41:55.861+0000] {dagbag.py:539} INFO - Filling up the DagBag from /home/airflow/.local/lib/python3.8/site-packages/airflow/example_dags/example_latest_only_with_trigger.py
[2024-06-27T20:41:55.869+0000] {processor.py:839} INFO - DAG(s) dict_keys(['latest_only_with_trigger']) retrieved from /home/airflow/.local/lib/python3.8/site-packages/airflow/example_dags/example_latest_only_with_trigger.py
[2024-06-27T20:41:56.093+0000] {logging_mixin.py:151} INFO - [2024-06-27T20:41:56.093+0000] {manager.py:499} INFO - Created Permission View: %s
[2024-06-27T20:41:56.103+0000] {logging_mixin.py:151} INFO - [2024-06-27T20:41:56.103+0000] {manager.py:499} INFO - Created Permission View: %s
[2024-06-27T20:41:56.113+0000] {logging_mixin.py:151} INFO - [2024-06-27T20:41:56.113+0000] {manager.py:499} INFO - Created Permission View: %s
[2024-06-27T20:41:56.114+0000] {logging_mixin.py:151} INFO - [2024-06-27T20:41:56.114+0000] {security.py:708} INFO - Not syncing DAG-level permissions for DAG 'DAG:latest_only_with_trigger' as access control is unset.
[2024-06-27T20:41:56.114+0000] {logging_mixin.py:151} INFO - [2024-06-27T20:41:56.114+0000] {dag.py:2915} INFO - Sync 1 DAGs
[2024-06-27T20:41:56.128+0000] {logging_mixin.py:151} INFO - [2024-06-27T20:41:56.128+0000] {dag.py:2937} INFO - Creating ORM DAG for latest_only_with_trigger
[2024-06-27T20:41:56.139+0000] {logging_mixin.py:151} INFO - [2024-06-27T20:41:56.138+0000] {dag.py:3696} INFO - Setting next_dagrun for latest_only_with_trigger to 2024-06-27T16:41:56.138785+00:00, run_after=2024-06-27T20:41:56.138785+00:00
[2024-06-27T20:41:56.159+0000] {processor.py:179} INFO - Processing /home/airflow/.local/lib/python3.8/site-packages/airflow/example_dags/example_latest_only_with_trigger.py took 0.302 seconds
[2024-06-27T20:42:26.394+0000] {processor.py:157} INFO - Started process (PID=479) to work on /home/airflow/.local/lib/python3.8/site-packages/airflow/example_dags/example_latest_only_with_trigger.py
[2024-06-27T20:42:26.394+0000] {processor.py:829} INFO - Processing file /home/airflow/.local/lib/python3.8/site-packages/airflow/example_dags/example_latest_only_with_trigger.py for tasks to queue
[2024-06-27T20:42:26.395+0000] {logging_mixin.py:151} INFO - [2024-06-27T20:42:26.395+0000] {dagbag.py:539} INFO - Filling up the DagBag from /home/airflow/.local/lib/python3.8/site-packages/airflow/example_dags/example_latest_only_with_trigger.py
[2024-06-27T20:42:26.401+0000] {processor.py:839} INFO - DAG(s) dict_keys(['latest_only_with_trigger']) retrieved from /home/airflow/.local/lib/python3.8/site-packages/airflow/example_dags/example_latest_only_with_trigger.py
[2024-06-27T20:42:26.421+0000] {logging_mixin.py:151} INFO - [2024-06-27T20:42:26.421+0000] {dag.py:2915} INFO - Sync 1 DAGs
[2024-06-27T20:42:26.442+0000] {logging_mixin.py:151} INFO - [2024-06-27T20:42:26.442+0000] {dag.py:3696} INFO - Setting next_dagrun for latest_only_with_trigger to 2024-06-27T16:42:26.442013+00:00, run_after=2024-06-27T20:42:26.442013+00:00
[2024-06-27T20:42:26.460+0000] {processor.py:179} INFO - Processing /home/airflow/.local/lib/python3.8/site-packages/airflow/example_dags/example_latest_only_with_trigger.py took 0.069 seconds
[2024-06-27T20:42:57.011+0000] {processor.py:157} INFO - Started process (PID=727) to work on /home/airflow/.local/lib/python3.8/site-packages/airflow/example_dags/example_latest_only_with_trigger.py
[2024-06-27T20:42:57.012+0000] {processor.py:829} INFO - Processing file /home/airflow/.local/lib/python3.8/site-packages/airflow/example_dags/example_latest_only_with_trigger.py for tasks to queue
[2024-06-27T20:42:57.013+0000] {logging_mixin.py:151} INFO - [2024-06-27T20:42:57.013+0000] {dagbag.py:539} INFO - Filling up the DagBag from /home/airflow/.local/lib/python3.8/site-packages/airflow/example_dags/example_latest_only_with_trigger.py
[2024-06-27T20:42:57.021+0000] {processor.py:839} INFO - DAG(s) dict_keys(['latest_only_with_trigger']) retrieved from /home/airflow/.local/lib/python3.8/site-packages/airflow/example_dags/example_latest_only_with_trigger.py
[2024-06-27T20:42:57.047+0000] {logging_mixin.py:151} INFO - [2024-06-27T20:42:57.047+0000] {dag.py:2915} INFO - Sync 1 DAGs
[2024-06-27T20:42:57.074+0000] {logging_mixin.py:151} INFO - [2024-06-27T20:42:57.074+0000] {dag.py:3696} INFO - Setting next_dagrun for latest_only_with_trigger to 2024-06-27T16:42:57.074351+00:00, run_after=2024-06-27T20:42:57.074351+00:00
[2024-06-27T20:42:57.096+0000] {processor.py:179} INFO - Processing /home/airflow/.local/lib/python3.8/site-packages/airflow/example_dags/example_latest_only_with_trigger.py took 0.089 seconds
[2024-06-27T20:43:28.016+0000] {processor.py:157} INFO - Started process (PID=970) to work on /home/airflow/.local/lib/python3.8/site-packages/airflow/example_dags/example_latest_only_with_trigger.py
[2024-06-27T20:43:28.017+0000] {processor.py:829} INFO - Processing file /home/airflow/.local/lib/python3.8/site-packages/airflow/example_dags/example_latest_only_with_trigger.py for tasks to queue
[2024-06-27T20:43:28.017+0000] {logging_mixin.py:151} INFO - [2024-06-27T20:43:28.017+0000] {dagbag.py:539} INFO - Filling up the DagBag from /home/airflow/.local/lib/python3.8/site-packages/airflow/example_dags/example_latest_only_with_trigger.py
[2024-06-27T20:43:28.023+0000] {processor.py:839} INFO - DAG(s) dict_keys(['latest_only_with_trigger']) retrieved from /home/airflow/.local/lib/python3.8/site-packages/airflow/example_dags/example_latest_only_with_trigger.py
[2024-06-27T20:43:28.045+0000] {logging_mixin.py:151} INFO - [2024-06-27T20:43:28.045+0000] {dag.py:2915} INFO - Sync 1 DAGs
[2024-06-27T20:43:28.069+0000] {logging_mixin.py:151} INFO - [2024-06-27T20:43:28.069+0000] {dag.py:3696} INFO - Setting next_dagrun for latest_only_with_trigger to 2024-06-27T16:43:28.068803+00:00, run_after=2024-06-27T20:43:28.068803+00:00
[2024-06-27T20:43:28.089+0000] {processor.py:179} INFO - Processing /home/airflow/.local/lib/python3.8/site-packages/airflow/example_dags/example_latest_only_with_trigger.py took 0.076 seconds
[2024-06-27T20:43:58.880+0000] {processor.py:157} INFO - Started process (PID=1213) to work on /home/airflow/.local/lib/python3.8/site-packages/airflow/example_dags/example_latest_only_with_trigger.py
[2024-06-27T20:43:58.881+0000] {processor.py:829} INFO - Processing file /home/airflow/.local/lib/python3.8/site-packages/airflow/example_dags/example_latest_only_with_trigger.py for tasks to queue
[2024-06-27T20:43:58.882+0000] {logging_mixin.py:151} INFO - [2024-06-27T20:43:58.882+0000] {dagbag.py:539} INFO - Filling up the DagBag from /home/airflow/.local/lib/python3.8/site-packages/airflow/example_dags/example_latest_only_with_trigger.py
[2024-06-27T20:43:58.890+0000] {processor.py:839} INFO - DAG(s) dict_keys(['latest_only_with_trigger']) retrieved from /home/airflow/.local/lib/python3.8/site-packages/airflow/example_dags/example_latest_only_with_trigger.py
[2024-06-27T20:43:58.935+0000] {logging_mixin.py:151} INFO - [2024-06-27T20:43:58.935+0000] {dag.py:2915} INFO - Sync 1 DAGs
[2024-06-27T20:43:58.971+0000] {logging_mixin.py:151} INFO - [2024-06-27T20:43:58.971+0000] {dag.py:3696} INFO - Setting next_dagrun for latest_only_with_trigger to 2024-06-27T16:43:58.970901+00:00, run_after=2024-06-27T20:43:58.970901+00:00
[2024-06-27T20:43:58.995+0000] {processor.py:179} INFO - Processing /home/airflow/.local/lib/python3.8/site-packages/airflow/example_dags/example_latest_only_with_trigger.py took 0.118 seconds
[2024-06-27T20:44:29.155+0000] {processor.py:157} INFO - Started process (PID=1457) to work on /home/airflow/.local/lib/python3.8/site-packages/airflow/example_dags/example_latest_only_with_trigger.py
[2024-06-27T20:44:29.155+0000] {processor.py:829} INFO - Processing file /home/airflow/.local/lib/python3.8/site-packages/airflow/example_dags/example_latest_only_with_trigger.py for tasks to queue
[2024-06-27T20:44:29.156+0000] {logging_mixin.py:151} INFO - [2024-06-27T20:44:29.156+0000] {dagbag.py:539} INFO - Filling up the DagBag from /home/airflow/.local/lib/python3.8/site-packages/airflow/example_dags/example_latest_only_with_trigger.py
[2024-06-27T20:44:29.162+0000] {processor.py:839} INFO - DAG(s) dict_keys(['latest_only_with_trigger']) retrieved from /home/airflow/.local/lib/python3.8/site-packages/airflow/example_dags/example_latest_only_with_trigger.py
[2024-06-27T20:44:29.188+0000] {logging_mixin.py:151} INFO - [2024-06-27T20:44:29.187+0000] {dag.py:2915} INFO - Sync 1 DAGs
[2024-06-27T20:44:29.219+0000] {logging_mixin.py:151} INFO - [2024-06-27T20:44:29.218+0000] {dag.py:3696} INFO - Setting next_dagrun for latest_only_with_trigger to 2024-06-27T16:44:29.218628+00:00, run_after=2024-06-27T20:44:29.218628+00:00
[2024-06-27T20:44:29.240+0000] {processor.py:179} INFO - Processing /home/airflow/.local/lib/python3.8/site-packages/airflow/example_dags/example_latest_only_with_trigger.py took 0.089 seconds
[2024-06-27T20:44:59.425+0000] {processor.py:157} INFO - Started process (PID=1698) to work on /home/airflow/.local/lib/python3.8/site-packages/airflow/example_dags/example_latest_only_with_trigger.py
[2024-06-27T20:44:59.426+0000] {processor.py:829} INFO - Processing file /home/airflow/.local/lib/python3.8/site-packages/airflow/example_dags/example_latest_only_with_trigger.py for tasks to queue
[2024-06-27T20:44:59.426+0000] {logging_mixin.py:151} INFO - [2024-06-27T20:44:59.426+0000] {dagbag.py:539} INFO - Filling up the DagBag from /home/airflow/.local/lib/python3.8/site-packages/airflow/example_dags/example_latest_only_with_trigger.py
[2024-06-27T20:44:59.432+0000] {processor.py:839} INFO - DAG(s) dict_keys(['latest_only_with_trigger']) retrieved from /home/airflow/.local/lib/python3.8/site-packages/airflow/example_dags/example_latest_only_with_trigger.py
[2024-06-27T20:44:59.452+0000] {logging_mixin.py:151} INFO - [2024-06-27T20:44:59.452+0000] {dag.py:2915} INFO - Sync 1 DAGs
[2024-06-27T20:44:59.473+0000] {logging_mixin.py:151} INFO - [2024-06-27T20:44:59.472+0000] {dag.py:3696} INFO - Setting next_dagrun for latest_only_with_trigger to 2024-06-27T16:44:59.472646+00:00, run_after=2024-06-27T20:44:59.472646+00:00
[2024-06-27T20:44:59.490+0000] {processor.py:179} INFO - Processing /home/airflow/.local/lib/python3.8/site-packages/airflow/example_dags/example_latest_only_with_trigger.py took 0.068 seconds
[2024-06-27T20:45:29.871+0000] {processor.py:157} INFO - Started process (PID=1940) to work on /home/airflow/.local/lib/python3.8/site-packages/airflow/example_dags/example_latest_only_with_trigger.py
[2024-06-27T20:45:29.872+0000] {processor.py:829} INFO - Processing file /home/airflow/.local/lib/python3.8/site-packages/airflow/example_dags/example_latest_only_with_trigger.py for tasks to queue
[2024-06-27T20:45:29.873+0000] {logging_mixin.py:151} INFO - [2024-06-27T20:45:29.872+0000] {dagbag.py:539} INFO - Filling up the DagBag from /home/airflow/.local/lib/python3.8/site-packages/airflow/example_dags/example_latest_only_with_trigger.py
[2024-06-27T20:45:29.879+0000] {processor.py:839} INFO - DAG(s) dict_keys(['latest_only_with_trigger']) retrieved from /home/airflow/.local/lib/python3.8/site-packages/airflow/example_dags/example_latest_only_with_trigger.py
[2024-06-27T20:45:29.903+0000] {logging_mixin.py:151} INFO - [2024-06-27T20:45:29.903+0000] {dag.py:2915} INFO - Sync 1 DAGs
[2024-06-27T20:45:29.928+0000] {logging_mixin.py:151} INFO - [2024-06-27T20:45:29.928+0000] {dag.py:3696} INFO - Setting next_dagrun for latest_only_with_trigger to 2024-06-27T16:45:29.927888+00:00, run_after=2024-06-27T20:45:29.927888+00:00
[2024-06-27T20:45:29.953+0000] {processor.py:179} INFO - Processing /home/airflow/.local/lib/python3.8/site-packages/airflow/example_dags/example_latest_only_with_trigger.py took 0.085 seconds
[2024-06-27T20:46:00.151+0000] {processor.py:157} INFO - Started process (PID=2183) to work on /home/airflow/.local/lib/python3.8/site-packages/airflow/example_dags/example_latest_only_with_trigger.py
[2024-06-27T20:46:00.151+0000] {processor.py:829} INFO - Processing file /home/airflow/.local/lib/python3.8/site-packages/airflow/example_dags/example_latest_only_with_trigger.py for tasks to queue
[2024-06-27T20:46:00.152+0000] {logging_mixin.py:151} INFO - [2024-06-27T20:46:00.152+0000] {dagbag.py:539} INFO - Filling up the DagBag from /home/airflow/.local/lib/python3.8/site-packages/airflow/example_dags/example_latest_only_with_trigger.py
[2024-06-27T20:46:00.161+0000] {processor.py:839} INFO - DAG(s) dict_keys(['latest_only_with_trigger']) retrieved from /home/airflow/.local/lib/python3.8/site-packages/airflow/example_dags/example_latest_only_with_trigger.py
[2024-06-27T20:46:00.185+0000] {logging_mixin.py:151} INFO - [2024-06-27T20:46:00.184+0000] {dag.py:2915} INFO - Sync 1 DAGs
[2024-06-27T20:46:00.212+0000] {logging_mixin.py:151} INFO - [2024-06-27T20:46:00.212+0000] {dag.py:3696} INFO - Setting next_dagrun for latest_only_with_trigger to 2024-06-27T16:46:00.212020+00:00, run_after=2024-06-27T20:46:00.212020+00:00
[2024-06-27T20:46:00.234+0000] {processor.py:179} INFO - Processing /home/airflow/.local/lib/python3.8/site-packages/airflow/example_dags/example_latest_only_with_trigger.py took 0.088 seconds
[2024-06-27T20:46:30.270+0000] {processor.py:157} INFO - Started process (PID=2426) to work on /home/airflow/.local/lib/python3.8/site-packages/airflow/example_dags/example_latest_only_with_trigger.py
[2024-06-27T20:46:30.271+0000] {processor.py:829} INFO - Processing file /home/airflow/.local/lib/python3.8/site-packages/airflow/example_dags/example_latest_only_with_trigger.py for tasks to queue
[2024-06-27T20:46:30.271+0000] {logging_mixin.py:151} INFO - [2024-06-27T20:46:30.271+0000] {dagbag.py:539} INFO - Filling up the DagBag from /home/airflow/.local/lib/python3.8/site-packages/airflow/example_dags/example_latest_only_with_trigger.py
[2024-06-27T20:46:30.277+0000] {processor.py:839} INFO - DAG(s) dict_keys(['latest_only_with_trigger']) retrieved from /home/airflow/.local/lib/python3.8/site-packages/airflow/example_dags/example_latest_only_with_trigger.py
[2024-06-27T20:46:30.309+0000] {logging_mixin.py:151} INFO - [2024-06-27T20:46:30.309+0000] {dag.py:2915} INFO - Sync 1 DAGs
[2024-06-27T20:46:30.331+0000] {logging_mixin.py:151} INFO - [2024-06-27T20:46:30.330+0000] {dag.py:3696} INFO - Setting next_dagrun for latest_only_with_trigger to 2024-06-27T16:46:30.330713+00:00, run_after=2024-06-27T20:46:30.330713+00:00
[2024-06-27T20:46:30.349+0000] {processor.py:179} INFO - Processing /home/airflow/.local/lib/python3.8/site-packages/airflow/example_dags/example_latest_only_with_trigger.py took 0.082 seconds
[2024-06-27T20:47:01.257+0000] {processor.py:157} INFO - Started process (PID=2669) to work on /home/airflow/.local/lib/python3.8/site-packages/airflow/example_dags/example_latest_only_with_trigger.py
[2024-06-27T20:47:01.258+0000] {processor.py:829} INFO - Processing file /home/airflow/.local/lib/python3.8/site-packages/airflow/example_dags/example_latest_only_with_trigger.py for tasks to queue
[2024-06-27T20:47:01.259+0000] {logging_mixin.py:151} INFO - [2024-06-27T20:47:01.259+0000] {dagbag.py:539} INFO - Filling up the DagBag from /home/airflow/.local/lib/python3.8/site-packages/airflow/example_dags/example_latest_only_with_trigger.py
[2024-06-27T20:47:01.266+0000] {processor.py:839} INFO - DAG(s) dict_keys(['latest_only_with_trigger']) retrieved from /home/airflow/.local/lib/python3.8/site-packages/airflow/example_dags/example_latest_only_with_trigger.py
[2024-06-27T20:47:01.287+0000] {logging_mixin.py:151} INFO - [2024-06-27T20:47:01.286+0000] {dag.py:2915} INFO - Sync 1 DAGs
[2024-06-27T20:47:01.312+0000] {logging_mixin.py:151} INFO - [2024-06-27T20:47:01.312+0000] {dag.py:3696} INFO - Setting next_dagrun for latest_only_with_trigger to 2024-06-27T16:47:01.312403+00:00, run_after=2024-06-27T20:47:01.312403+00:00
[2024-06-27T20:47:01.333+0000] {processor.py:179} INFO - Processing /home/airflow/.local/lib/python3.8/site-packages/airflow/example_dags/example_latest_only_with_trigger.py took 0.079 seconds
[2024-06-27T20:47:32.191+0000] {processor.py:157} INFO - Started process (PID=2912) to work on /home/airflow/.local/lib/python3.8/site-packages/airflow/example_dags/example_latest_only_with_trigger.py
[2024-06-27T20:47:32.192+0000] {processor.py:829} INFO - Processing file /home/airflow/.local/lib/python3.8/site-packages/airflow/example_dags/example_latest_only_with_trigger.py for tasks to queue
[2024-06-27T20:47:32.193+0000] {logging_mixin.py:151} INFO - [2024-06-27T20:47:32.193+0000] {dagbag.py:539} INFO - Filling up the DagBag from /home/airflow/.local/lib/python3.8/site-packages/airflow/example_dags/example_latest_only_with_trigger.py
[2024-06-27T20:47:32.200+0000] {processor.py:839} INFO - DAG(s) dict_keys(['latest_only_with_trigger']) retrieved from /home/airflow/.local/lib/python3.8/site-packages/airflow/example_dags/example_latest_only_with_trigger.py
[2024-06-27T20:47:32.225+0000] {logging_mixin.py:151} INFO - [2024-06-27T20:47:32.224+0000] {dag.py:2915} INFO - Sync 1 DAGs
[2024-06-27T20:47:32.254+0000] {logging_mixin.py:151} INFO - [2024-06-27T20:47:32.254+0000] {dag.py:3696} INFO - Setting next_dagrun for latest_only_with_trigger to 2024-06-27T16:47:32.253988+00:00, run_after=2024-06-27T20:47:32.253988+00:00
[2024-06-27T20:47:32.279+0000] {processor.py:179} INFO - Processing /home/airflow/.local/lib/python3.8/site-packages/airflow/example_dags/example_latest_only_with_trigger.py took 0.090 seconds
[2024-06-27T20:48:03.099+0000] {processor.py:157} INFO - Started process (PID=3156) to work on /home/airflow/.local/lib/python3.8/site-packages/airflow/example_dags/example_latest_only_with_trigger.py
[2024-06-27T20:48:03.100+0000] {processor.py:829} INFO - Processing file /home/airflow/.local/lib/python3.8/site-packages/airflow/example_dags/example_latest_only_with_trigger.py for tasks to queue
[2024-06-27T20:48:03.100+0000] {logging_mixin.py:151} INFO - [2024-06-27T20:48:03.100+0000] {dagbag.py:539} INFO - Filling up the DagBag from /home/airflow/.local/lib/python3.8/site-packages/airflow/example_dags/example_latest_only_with_trigger.py
[2024-06-27T20:48:03.107+0000] {processor.py:839} INFO - DAG(s) dict_keys(['latest_only_with_trigger']) retrieved from /home/airflow/.local/lib/python3.8/site-packages/airflow/example_dags/example_latest_only_with_trigger.py
[2024-06-27T20:48:03.127+0000] {logging_mixin.py:151} INFO - [2024-06-27T20:48:03.127+0000] {dag.py:2915} INFO - Sync 1 DAGs
[2024-06-27T20:48:03.153+0000] {logging_mixin.py:151} INFO - [2024-06-27T20:48:03.153+0000] {dag.py:3696} INFO - Setting next_dagrun for latest_only_with_trigger to 2024-06-27T16:48:03.153136+00:00, run_after=2024-06-27T20:48:03.153136+00:00
[2024-06-27T20:48:03.173+0000] {processor.py:179} INFO - Processing /home/airflow/.local/lib/python3.8/site-packages/airflow/example_dags/example_latest_only_with_trigger.py took 0.078 seconds
[2024-06-27T20:48:33.937+0000] {processor.py:157} INFO - Started process (PID=3399) to work on /home/airflow/.local/lib/python3.8/site-packages/airflow/example_dags/example_latest_only_with_trigger.py
[2024-06-27T20:48:33.938+0000] {processor.py:829} INFO - Processing file /home/airflow/.local/lib/python3.8/site-packages/airflow/example_dags/example_latest_only_with_trigger.py for tasks to queue
[2024-06-27T20:48:33.939+0000] {logging_mixin.py:151} INFO - [2024-06-27T20:48:33.939+0000] {dagbag.py:539} INFO - Filling up the DagBag from /home/airflow/.local/lib/python3.8/site-packages/airflow/example_dags/example_latest_only_with_trigger.py
[2024-06-27T20:48:33.945+0000] {processor.py:839} INFO - DAG(s) dict_keys(['latest_only_with_trigger']) retrieved from /home/airflow/.local/lib/python3.8/site-packages/airflow/example_dags/example_latest_only_with_trigger.py
[2024-06-27T20:48:33.964+0000] {logging_mixin.py:151} INFO - [2024-06-27T20:48:33.964+0000] {dag.py:2915} INFO - Sync 1 DAGs
[2024-06-27T20:48:33.987+0000] {logging_mixin.py:151} INFO - [2024-06-27T20:48:33.987+0000] {dag.py:3696} INFO - Setting next_dagrun for latest_only_with_trigger to 2024-06-27T16:48:33.987042+00:00, run_after=2024-06-27T20:48:33.987042+00:00
[2024-06-27T20:48:34.006+0000] {processor.py:179} INFO - Processing /home/airflow/.local/lib/python3.8/site-packages/airflow/example_dags/example_latest_only_with_trigger.py took 0.071 seconds
[2024-06-27T20:49:04.940+0000] {processor.py:157} INFO - Started process (PID=3642) to work on /home/airflow/.local/lib/python3.8/site-packages/airflow/example_dags/example_latest_only_with_trigger.py
[2024-06-27T20:49:04.940+0000] {processor.py:829} INFO - Processing file /home/airflow/.local/lib/python3.8/site-packages/airflow/example_dags/example_latest_only_with_trigger.py for tasks to queue
[2024-06-27T20:49:04.941+0000] {logging_mixin.py:151} INFO - [2024-06-27T20:49:04.941+0000] {dagbag.py:539} INFO - Filling up the DagBag from /home/airflow/.local/lib/python3.8/site-packages/airflow/example_dags/example_latest_only_with_trigger.py
[2024-06-27T20:49:04.947+0000] {processor.py:839} INFO - DAG(s) dict_keys(['latest_only_with_trigger']) retrieved from /home/airflow/.local/lib/python3.8/site-packages/airflow/example_dags/example_latest_only_with_trigger.py
[2024-06-27T20:49:04.968+0000] {logging_mixin.py:151} INFO - [2024-06-27T20:49:04.968+0000] {dag.py:2915} INFO - Sync 1 DAGs
[2024-06-27T20:49:04.991+0000] {logging_mixin.py:151} INFO - [2024-06-27T20:49:04.991+0000] {dag.py:3696} INFO - Setting next_dagrun for latest_only_with_trigger to 2024-06-27T16:49:04.991090+00:00, run_after=2024-06-27T20:49:04.991090+00:00
[2024-06-27T20:49:05.010+0000] {processor.py:179} INFO - Processing /home/airflow/.local/lib/python3.8/site-packages/airflow/example_dags/example_latest_only_with_trigger.py took 0.073 seconds
[2024-06-27T20:49:35.282+0000] {processor.py:157} INFO - Started process (PID=3885) to work on /home/airflow/.local/lib/python3.8/site-packages/airflow/example_dags/example_latest_only_with_trigger.py
[2024-06-27T20:49:35.282+0000] {processor.py:829} INFO - Processing file /home/airflow/.local/lib/python3.8/site-packages/airflow/example_dags/example_latest_only_with_trigger.py for tasks to queue
[2024-06-27T20:49:35.283+0000] {logging_mixin.py:151} INFO - [2024-06-27T20:49:35.283+0000] {dagbag.py:539} INFO - Filling up the DagBag from /home/airflow/.local/lib/python3.8/site-packages/airflow/example_dags/example_latest_only_with_trigger.py
[2024-06-27T20:49:35.289+0000] {processor.py:839} INFO - DAG(s) dict_keys(['latest_only_with_trigger']) retrieved from /home/airflow/.local/lib/python3.8/site-packages/airflow/example_dags/example_latest_only_with_trigger.py
[2024-06-27T20:49:35.310+0000] {logging_mixin.py:151} INFO - [2024-06-27T20:49:35.310+0000] {dag.py:2915} INFO - Sync 1 DAGs
[2024-06-27T20:49:35.332+0000] {logging_mixin.py:151} INFO - [2024-06-27T20:49:35.332+0000] {dag.py:3696} INFO - Setting next_dagrun for latest_only_with_trigger to 2024-06-27T16:49:35.332467+00:00, run_after=2024-06-27T20:49:35.332467+00:00
[2024-06-27T20:49:35.350+0000] {processor.py:179} INFO - Processing /home/airflow/.local/lib/python3.8/site-packages/airflow/example_dags/example_latest_only_with_trigger.py took 0.072 seconds
