[2024-06-27T20:41:54.183+0000] {processor.py:157} INFO - Started process (PID=196) to work on /home/airflow/.local/lib/python3.8/site-packages/airflow/example_dags/example_branch_operator_decorator.py
[2024-06-27T20:41:54.184+0000] {processor.py:829} INFO - Processing file /home/airflow/.local/lib/python3.8/site-packages/airflow/example_dags/example_branch_operator_decorator.py for tasks to queue
[2024-06-27T20:41:54.185+0000] {logging_mixin.py:151} INFO - [2024-06-27T20:41:54.184+0000] {dagbag.py:539} INFO - Filling up the DagBag from /home/airflow/.local/lib/python3.8/site-packages/airflow/example_dags/example_branch_operator_decorator.py
[2024-06-27T20:41:54.196+0000] {processor.py:839} INFO - DAG(s) dict_keys(['example_branch_python_operator_decorator']) retrieved from /home/airflow/.local/lib/python3.8/site-packages/airflow/example_dags/example_branch_operator_decorator.py
[2024-06-27T20:41:54.422+0000] {logging_mixin.py:151} INFO - [2024-06-27T20:41:54.422+0000] {manager.py:499} INFO - Created Permission View: %s
[2024-06-27T20:41:54.433+0000] {logging_mixin.py:151} INFO - [2024-06-27T20:41:54.433+0000] {manager.py:499} INFO - Created Permission View: %s
[2024-06-27T20:41:54.440+0000] {logging_mixin.py:151} INFO - [2024-06-27T20:41:54.440+0000] {manager.py:499} INFO - Created Permission View: %s
[2024-06-27T20:41:54.440+0000] {logging_mixin.py:151} INFO - [2024-06-27T20:41:54.440+0000] {security.py:708} INFO - Not syncing DAG-level permissions for DAG 'DAG:example_branch_python_operator_decorator' as access control is unset.
[2024-06-27T20:41:54.440+0000] {logging_mixin.py:151} INFO - [2024-06-27T20:41:54.440+0000] {dag.py:2915} INFO - Sync 1 DAGs
[2024-06-27T20:41:54.452+0000] {logging_mixin.py:151} INFO - [2024-06-27T20:41:54.452+0000] {dag.py:2937} INFO - Creating ORM DAG for example_branch_python_operator_decorator
[2024-06-27T20:41:54.463+0000] {logging_mixin.py:151} INFO - [2024-06-27T20:41:54.463+0000] {dag.py:3696} INFO - Setting next_dagrun for example_branch_python_operator_decorator to 2024-06-26T00:00:00+00:00, run_after=2024-06-27T00:00:00+00:00
[2024-06-27T20:41:54.484+0000] {processor.py:179} INFO - Processing /home/airflow/.local/lib/python3.8/site-packages/airflow/example_dags/example_branch_operator_decorator.py took 0.304 seconds
[2024-06-27T20:42:25.045+0000] {processor.py:157} INFO - Started process (PID=439) to work on /home/airflow/.local/lib/python3.8/site-packages/airflow/example_dags/example_branch_operator_decorator.py
[2024-06-27T20:42:25.046+0000] {processor.py:829} INFO - Processing file /home/airflow/.local/lib/python3.8/site-packages/airflow/example_dags/example_branch_operator_decorator.py for tasks to queue
[2024-06-27T20:42:25.046+0000] {logging_mixin.py:151} INFO - [2024-06-27T20:42:25.046+0000] {dagbag.py:539} INFO - Filling up the DagBag from /home/airflow/.local/lib/python3.8/site-packages/airflow/example_dags/example_branch_operator_decorator.py
[2024-06-27T20:42:25.056+0000] {processor.py:839} INFO - DAG(s) dict_keys(['example_branch_python_operator_decorator']) retrieved from /home/airflow/.local/lib/python3.8/site-packages/airflow/example_dags/example_branch_operator_decorator.py
[2024-06-27T20:42:25.078+0000] {logging_mixin.py:151} INFO - [2024-06-27T20:42:25.078+0000] {dag.py:2915} INFO - Sync 1 DAGs
[2024-06-27T20:42:25.102+0000] {logging_mixin.py:151} INFO - [2024-06-27T20:42:25.102+0000] {dag.py:3696} INFO - Setting next_dagrun for example_branch_python_operator_decorator to 2024-06-26T00:00:00+00:00, run_after=2024-06-27T00:00:00+00:00
[2024-06-27T20:42:25.122+0000] {processor.py:179} INFO - Processing /home/airflow/.local/lib/python3.8/site-packages/airflow/example_dags/example_branch_operator_decorator.py took 0.080 seconds
[2024-06-27T20:42:55.402+0000] {processor.py:157} INFO - Started process (PID=682) to work on /home/airflow/.local/lib/python3.8/site-packages/airflow/example_dags/example_branch_operator_decorator.py
[2024-06-27T20:42:55.404+0000] {processor.py:829} INFO - Processing file /home/airflow/.local/lib/python3.8/site-packages/airflow/example_dags/example_branch_operator_decorator.py for tasks to queue
[2024-06-27T20:42:55.405+0000] {logging_mixin.py:151} INFO - [2024-06-27T20:42:55.405+0000] {dagbag.py:539} INFO - Filling up the DagBag from /home/airflow/.local/lib/python3.8/site-packages/airflow/example_dags/example_branch_operator_decorator.py
[2024-06-27T20:42:55.420+0000] {processor.py:839} INFO - DAG(s) dict_keys(['example_branch_python_operator_decorator']) retrieved from /home/airflow/.local/lib/python3.8/site-packages/airflow/example_dags/example_branch_operator_decorator.py
[2024-06-27T20:42:55.453+0000] {logging_mixin.py:151} INFO - [2024-06-27T20:42:55.452+0000] {dag.py:2915} INFO - Sync 1 DAGs
[2024-06-27T20:42:55.492+0000] {logging_mixin.py:151} INFO - [2024-06-27T20:42:55.491+0000] {dag.py:3696} INFO - Setting next_dagrun for example_branch_python_operator_decorator to 2024-06-26T00:00:00+00:00, run_after=2024-06-27T00:00:00+00:00
[2024-06-27T20:42:55.517+0000] {processor.py:179} INFO - Processing /home/airflow/.local/lib/python3.8/site-packages/airflow/example_dags/example_branch_operator_decorator.py took 0.119 seconds
[2024-06-27T20:43:25.653+0000] {processor.py:157} INFO - Started process (PID=925) to work on /home/airflow/.local/lib/python3.8/site-packages/airflow/example_dags/example_branch_operator_decorator.py
[2024-06-27T20:43:25.654+0000] {processor.py:829} INFO - Processing file /home/airflow/.local/lib/python3.8/site-packages/airflow/example_dags/example_branch_operator_decorator.py for tasks to queue
[2024-06-27T20:43:25.654+0000] {logging_mixin.py:151} INFO - [2024-06-27T20:43:25.654+0000] {dagbag.py:539} INFO - Filling up the DagBag from /home/airflow/.local/lib/python3.8/site-packages/airflow/example_dags/example_branch_operator_decorator.py
[2024-06-27T20:43:25.664+0000] {processor.py:839} INFO - DAG(s) dict_keys(['example_branch_python_operator_decorator']) retrieved from /home/airflow/.local/lib/python3.8/site-packages/airflow/example_dags/example_branch_operator_decorator.py
[2024-06-27T20:43:25.687+0000] {logging_mixin.py:151} INFO - [2024-06-27T20:43:25.687+0000] {dag.py:2915} INFO - Sync 1 DAGs
[2024-06-27T20:43:25.710+0000] {logging_mixin.py:151} INFO - [2024-06-27T20:43:25.710+0000] {dag.py:3696} INFO - Setting next_dagrun for example_branch_python_operator_decorator to 2024-06-26T00:00:00+00:00, run_after=2024-06-27T00:00:00+00:00
[2024-06-27T20:43:25.729+0000] {processor.py:179} INFO - Processing /home/airflow/.local/lib/python3.8/site-packages/airflow/example_dags/example_branch_operator_decorator.py took 0.079 seconds
[2024-06-27T20:43:56.209+0000] {processor.py:157} INFO - Started process (PID=1168) to work on /home/airflow/.local/lib/python3.8/site-packages/airflow/example_dags/example_branch_operator_decorator.py
[2024-06-27T20:43:56.210+0000] {processor.py:829} INFO - Processing file /home/airflow/.local/lib/python3.8/site-packages/airflow/example_dags/example_branch_operator_decorator.py for tasks to queue
[2024-06-27T20:43:56.211+0000] {logging_mixin.py:151} INFO - [2024-06-27T20:43:56.211+0000] {dagbag.py:539} INFO - Filling up the DagBag from /home/airflow/.local/lib/python3.8/site-packages/airflow/example_dags/example_branch_operator_decorator.py
[2024-06-27T20:43:56.223+0000] {processor.py:839} INFO - DAG(s) dict_keys(['example_branch_python_operator_decorator']) retrieved from /home/airflow/.local/lib/python3.8/site-packages/airflow/example_dags/example_branch_operator_decorator.py
[2024-06-27T20:43:56.247+0000] {logging_mixin.py:151} INFO - [2024-06-27T20:43:56.247+0000] {dag.py:2915} INFO - Sync 1 DAGs
[2024-06-27T20:43:56.296+0000] {logging_mixin.py:151} INFO - [2024-06-27T20:43:56.296+0000] {dag.py:3696} INFO - Setting next_dagrun for example_branch_python_operator_decorator to 2024-06-26T00:00:00+00:00, run_after=2024-06-27T00:00:00+00:00
[2024-06-27T20:43:56.346+0000] {processor.py:179} INFO - Processing /home/airflow/.local/lib/python3.8/site-packages/airflow/example_dags/example_branch_operator_decorator.py took 0.142 seconds
[2024-06-27T20:44:26.527+0000] {processor.py:157} INFO - Started process (PID=1410) to work on /home/airflow/.local/lib/python3.8/site-packages/airflow/example_dags/example_branch_operator_decorator.py
[2024-06-27T20:44:26.528+0000] {processor.py:829} INFO - Processing file /home/airflow/.local/lib/python3.8/site-packages/airflow/example_dags/example_branch_operator_decorator.py for tasks to queue
[2024-06-27T20:44:26.528+0000] {logging_mixin.py:151} INFO - [2024-06-27T20:44:26.528+0000] {dagbag.py:539} INFO - Filling up the DagBag from /home/airflow/.local/lib/python3.8/site-packages/airflow/example_dags/example_branch_operator_decorator.py
[2024-06-27T20:44:26.538+0000] {processor.py:839} INFO - DAG(s) dict_keys(['example_branch_python_operator_decorator']) retrieved from /home/airflow/.local/lib/python3.8/site-packages/airflow/example_dags/example_branch_operator_decorator.py
[2024-06-27T20:44:26.561+0000] {logging_mixin.py:151} INFO - [2024-06-27T20:44:26.560+0000] {dag.py:2915} INFO - Sync 1 DAGs
[2024-06-27T20:44:26.584+0000] {logging_mixin.py:151} INFO - [2024-06-27T20:44:26.584+0000] {dag.py:3696} INFO - Setting next_dagrun for example_branch_python_operator_decorator to 2024-06-26T00:00:00+00:00, run_after=2024-06-27T00:00:00+00:00
[2024-06-27T20:44:26.602+0000] {processor.py:179} INFO - Processing /home/airflow/.local/lib/python3.8/site-packages/airflow/example_dags/example_branch_operator_decorator.py took 0.078 seconds
[2024-06-27T20:44:57.065+0000] {processor.py:157} INFO - Started process (PID=1653) to work on /home/airflow/.local/lib/python3.8/site-packages/airflow/example_dags/example_branch_operator_decorator.py
[2024-06-27T20:44:57.065+0000] {processor.py:829} INFO - Processing file /home/airflow/.local/lib/python3.8/site-packages/airflow/example_dags/example_branch_operator_decorator.py for tasks to queue
[2024-06-27T20:44:57.066+0000] {logging_mixin.py:151} INFO - [2024-06-27T20:44:57.066+0000] {dagbag.py:539} INFO - Filling up the DagBag from /home/airflow/.local/lib/python3.8/site-packages/airflow/example_dags/example_branch_operator_decorator.py
[2024-06-27T20:44:57.075+0000] {processor.py:839} INFO - DAG(s) dict_keys(['example_branch_python_operator_decorator']) retrieved from /home/airflow/.local/lib/python3.8/site-packages/airflow/example_dags/example_branch_operator_decorator.py
[2024-06-27T20:44:57.098+0000] {logging_mixin.py:151} INFO - [2024-06-27T20:44:57.098+0000] {dag.py:2915} INFO - Sync 1 DAGs
[2024-06-27T20:44:57.120+0000] {logging_mixin.py:151} INFO - [2024-06-27T20:44:57.120+0000] {dag.py:3696} INFO - Setting next_dagrun for example_branch_python_operator_decorator to 2024-06-26T00:00:00+00:00, run_after=2024-06-27T00:00:00+00:00
[2024-06-27T20:44:57.138+0000] {processor.py:179} INFO - Processing /home/airflow/.local/lib/python3.8/site-packages/airflow/example_dags/example_branch_operator_decorator.py took 0.076 seconds
[2024-06-27T20:45:27.469+0000] {processor.py:157} INFO - Started process (PID=1895) to work on /home/airflow/.local/lib/python3.8/site-packages/airflow/example_dags/example_branch_operator_decorator.py
[2024-06-27T20:45:27.470+0000] {processor.py:829} INFO - Processing file /home/airflow/.local/lib/python3.8/site-packages/airflow/example_dags/example_branch_operator_decorator.py for tasks to queue
[2024-06-27T20:45:27.471+0000] {logging_mixin.py:151} INFO - [2024-06-27T20:45:27.470+0000] {dagbag.py:539} INFO - Filling up the DagBag from /home/airflow/.local/lib/python3.8/site-packages/airflow/example_dags/example_branch_operator_decorator.py
[2024-06-27T20:45:27.480+0000] {processor.py:839} INFO - DAG(s) dict_keys(['example_branch_python_operator_decorator']) retrieved from /home/airflow/.local/lib/python3.8/site-packages/airflow/example_dags/example_branch_operator_decorator.py
[2024-06-27T20:45:27.504+0000] {logging_mixin.py:151} INFO - [2024-06-27T20:45:27.504+0000] {dag.py:2915} INFO - Sync 1 DAGs
[2024-06-27T20:45:27.528+0000] {logging_mixin.py:151} INFO - [2024-06-27T20:45:27.527+0000] {dag.py:3696} INFO - Setting next_dagrun for example_branch_python_operator_decorator to 2024-06-26T00:00:00+00:00, run_after=2024-06-27T00:00:00+00:00
[2024-06-27T20:45:27.545+0000] {processor.py:179} INFO - Processing /home/airflow/.local/lib/python3.8/site-packages/airflow/example_dags/example_branch_operator_decorator.py took 0.080 seconds
[2024-06-27T20:45:57.649+0000] {processor.py:157} INFO - Started process (PID=2138) to work on /home/airflow/.local/lib/python3.8/site-packages/airflow/example_dags/example_branch_operator_decorator.py
[2024-06-27T20:45:57.650+0000] {processor.py:829} INFO - Processing file /home/airflow/.local/lib/python3.8/site-packages/airflow/example_dags/example_branch_operator_decorator.py for tasks to queue
[2024-06-27T20:45:57.651+0000] {logging_mixin.py:151} INFO - [2024-06-27T20:45:57.651+0000] {dagbag.py:539} INFO - Filling up the DagBag from /home/airflow/.local/lib/python3.8/site-packages/airflow/example_dags/example_branch_operator_decorator.py
[2024-06-27T20:45:57.665+0000] {processor.py:839} INFO - DAG(s) dict_keys(['example_branch_python_operator_decorator']) retrieved from /home/airflow/.local/lib/python3.8/site-packages/airflow/example_dags/example_branch_operator_decorator.py
[2024-06-27T20:45:57.691+0000] {logging_mixin.py:151} INFO - [2024-06-27T20:45:57.691+0000] {dag.py:2915} INFO - Sync 1 DAGs
[2024-06-27T20:45:57.722+0000] {logging_mixin.py:151} INFO - [2024-06-27T20:45:57.722+0000] {dag.py:3696} INFO - Setting next_dagrun for example_branch_python_operator_decorator to 2024-06-26T00:00:00+00:00, run_after=2024-06-27T00:00:00+00:00
[2024-06-27T20:45:57.748+0000] {processor.py:179} INFO - Processing /home/airflow/.local/lib/python3.8/site-packages/airflow/example_dags/example_branch_operator_decorator.py took 0.103 seconds
[2024-06-27T20:46:27.871+0000] {processor.py:157} INFO - Started process (PID=2381) to work on /home/airflow/.local/lib/python3.8/site-packages/airflow/example_dags/example_branch_operator_decorator.py
[2024-06-27T20:46:27.872+0000] {processor.py:829} INFO - Processing file /home/airflow/.local/lib/python3.8/site-packages/airflow/example_dags/example_branch_operator_decorator.py for tasks to queue
[2024-06-27T20:46:27.873+0000] {logging_mixin.py:151} INFO - [2024-06-27T20:46:27.873+0000] {dagbag.py:539} INFO - Filling up the DagBag from /home/airflow/.local/lib/python3.8/site-packages/airflow/example_dags/example_branch_operator_decorator.py
[2024-06-27T20:46:27.882+0000] {processor.py:839} INFO - DAG(s) dict_keys(['example_branch_python_operator_decorator']) retrieved from /home/airflow/.local/lib/python3.8/site-packages/airflow/example_dags/example_branch_operator_decorator.py
[2024-06-27T20:46:27.904+0000] {logging_mixin.py:151} INFO - [2024-06-27T20:46:27.904+0000] {dag.py:2915} INFO - Sync 1 DAGs
[2024-06-27T20:46:27.928+0000] {logging_mixin.py:151} INFO - [2024-06-27T20:46:27.927+0000] {dag.py:3696} INFO - Setting next_dagrun for example_branch_python_operator_decorator to 2024-06-26T00:00:00+00:00, run_after=2024-06-27T00:00:00+00:00
[2024-06-27T20:46:27.946+0000] {processor.py:179} INFO - Processing /home/airflow/.local/lib/python3.8/site-packages/airflow/example_dags/example_branch_operator_decorator.py took 0.078 seconds
[2024-06-27T20:46:58.838+0000] {processor.py:157} INFO - Started process (PID=2624) to work on /home/airflow/.local/lib/python3.8/site-packages/airflow/example_dags/example_branch_operator_decorator.py
[2024-06-27T20:46:58.839+0000] {processor.py:829} INFO - Processing file /home/airflow/.local/lib/python3.8/site-packages/airflow/example_dags/example_branch_operator_decorator.py for tasks to queue
[2024-06-27T20:46:58.840+0000] {logging_mixin.py:151} INFO - [2024-06-27T20:46:58.839+0000] {dagbag.py:539} INFO - Filling up the DagBag from /home/airflow/.local/lib/python3.8/site-packages/airflow/example_dags/example_branch_operator_decorator.py
[2024-06-27T20:46:58.849+0000] {processor.py:839} INFO - DAG(s) dict_keys(['example_branch_python_operator_decorator']) retrieved from /home/airflow/.local/lib/python3.8/site-packages/airflow/example_dags/example_branch_operator_decorator.py
[2024-06-27T20:46:58.870+0000] {logging_mixin.py:151} INFO - [2024-06-27T20:46:58.870+0000] {dag.py:2915} INFO - Sync 1 DAGs
[2024-06-27T20:46:58.894+0000] {logging_mixin.py:151} INFO - [2024-06-27T20:46:58.894+0000] {dag.py:3696} INFO - Setting next_dagrun for example_branch_python_operator_decorator to 2024-06-26T00:00:00+00:00, run_after=2024-06-27T00:00:00+00:00
[2024-06-27T20:46:58.912+0000] {processor.py:179} INFO - Processing /home/airflow/.local/lib/python3.8/site-packages/airflow/example_dags/example_branch_operator_decorator.py took 0.076 seconds
[2024-06-27T20:47:29.765+0000] {processor.py:157} INFO - Started process (PID=2867) to work on /home/airflow/.local/lib/python3.8/site-packages/airflow/example_dags/example_branch_operator_decorator.py
[2024-06-27T20:47:29.766+0000] {processor.py:829} INFO - Processing file /home/airflow/.local/lib/python3.8/site-packages/airflow/example_dags/example_branch_operator_decorator.py for tasks to queue
[2024-06-27T20:47:29.766+0000] {logging_mixin.py:151} INFO - [2024-06-27T20:47:29.766+0000] {dagbag.py:539} INFO - Filling up the DagBag from /home/airflow/.local/lib/python3.8/site-packages/airflow/example_dags/example_branch_operator_decorator.py
[2024-06-27T20:47:29.777+0000] {processor.py:839} INFO - DAG(s) dict_keys(['example_branch_python_operator_decorator']) retrieved from /home/airflow/.local/lib/python3.8/site-packages/airflow/example_dags/example_branch_operator_decorator.py
[2024-06-27T20:47:29.799+0000] {logging_mixin.py:151} INFO - [2024-06-27T20:47:29.799+0000] {dag.py:2915} INFO - Sync 1 DAGs
[2024-06-27T20:47:29.824+0000] {logging_mixin.py:151} INFO - [2024-06-27T20:47:29.824+0000] {dag.py:3696} INFO - Setting next_dagrun for example_branch_python_operator_decorator to 2024-06-26T00:00:00+00:00, run_after=2024-06-27T00:00:00+00:00
[2024-06-27T20:47:29.844+0000] {processor.py:179} INFO - Processing /home/airflow/.local/lib/python3.8/site-packages/airflow/example_dags/example_branch_operator_decorator.py took 0.083 seconds
[2024-06-27T20:48:00.689+0000] {processor.py:157} INFO - Started process (PID=3111) to work on /home/airflow/.local/lib/python3.8/site-packages/airflow/example_dags/example_branch_operator_decorator.py
[2024-06-27T20:48:00.689+0000] {processor.py:829} INFO - Processing file /home/airflow/.local/lib/python3.8/site-packages/airflow/example_dags/example_branch_operator_decorator.py for tasks to queue
[2024-06-27T20:48:00.690+0000] {logging_mixin.py:151} INFO - [2024-06-27T20:48:00.690+0000] {dagbag.py:539} INFO - Filling up the DagBag from /home/airflow/.local/lib/python3.8/site-packages/airflow/example_dags/example_branch_operator_decorator.py
[2024-06-27T20:48:00.700+0000] {processor.py:839} INFO - DAG(s) dict_keys(['example_branch_python_operator_decorator']) retrieved from /home/airflow/.local/lib/python3.8/site-packages/airflow/example_dags/example_branch_operator_decorator.py
[2024-06-27T20:48:00.731+0000] {logging_mixin.py:151} INFO - [2024-06-27T20:48:00.730+0000] {dag.py:2915} INFO - Sync 1 DAGs
[2024-06-27T20:48:00.756+0000] {logging_mixin.py:151} INFO - [2024-06-27T20:48:00.756+0000] {dag.py:3696} INFO - Setting next_dagrun for example_branch_python_operator_decorator to 2024-06-26T00:00:00+00:00, run_after=2024-06-27T00:00:00+00:00
[2024-06-27T20:48:00.781+0000] {processor.py:179} INFO - Processing /home/airflow/.local/lib/python3.8/site-packages/airflow/example_dags/example_branch_operator_decorator.py took 0.095 seconds
[2024-06-27T20:48:31.557+0000] {processor.py:157} INFO - Started process (PID=3354) to work on /home/airflow/.local/lib/python3.8/site-packages/airflow/example_dags/example_branch_operator_decorator.py
[2024-06-27T20:48:31.558+0000] {processor.py:829} INFO - Processing file /home/airflow/.local/lib/python3.8/site-packages/airflow/example_dags/example_branch_operator_decorator.py for tasks to queue
[2024-06-27T20:48:31.559+0000] {logging_mixin.py:151} INFO - [2024-06-27T20:48:31.559+0000] {dagbag.py:539} INFO - Filling up the DagBag from /home/airflow/.local/lib/python3.8/site-packages/airflow/example_dags/example_branch_operator_decorator.py
[2024-06-27T20:48:31.569+0000] {processor.py:839} INFO - DAG(s) dict_keys(['example_branch_python_operator_decorator']) retrieved from /home/airflow/.local/lib/python3.8/site-packages/airflow/example_dags/example_branch_operator_decorator.py
[2024-06-27T20:48:31.593+0000] {logging_mixin.py:151} INFO - [2024-06-27T20:48:31.593+0000] {dag.py:2915} INFO - Sync 1 DAGs
[2024-06-27T20:48:31.617+0000] {logging_mixin.py:151} INFO - [2024-06-27T20:48:31.617+0000] {dag.py:3696} INFO - Setting next_dagrun for example_branch_python_operator_decorator to 2024-06-26T00:00:00+00:00, run_after=2024-06-27T00:00:00+00:00
[2024-06-27T20:48:31.637+0000] {processor.py:179} INFO - Processing /home/airflow/.local/lib/python3.8/site-packages/airflow/example_dags/example_branch_operator_decorator.py took 0.083 seconds
[2024-06-27T20:49:02.504+0000] {processor.py:157} INFO - Started process (PID=3599) to work on /home/airflow/.local/lib/python3.8/site-packages/airflow/example_dags/example_branch_operator_decorator.py
[2024-06-27T20:49:02.504+0000] {processor.py:829} INFO - Processing file /home/airflow/.local/lib/python3.8/site-packages/airflow/example_dags/example_branch_operator_decorator.py for tasks to queue
[2024-06-27T20:49:02.505+0000] {logging_mixin.py:151} INFO - [2024-06-27T20:49:02.505+0000] {dagbag.py:539} INFO - Filling up the DagBag from /home/airflow/.local/lib/python3.8/site-packages/airflow/example_dags/example_branch_operator_decorator.py
[2024-06-27T20:49:02.515+0000] {processor.py:839} INFO - DAG(s) dict_keys(['example_branch_python_operator_decorator']) retrieved from /home/airflow/.local/lib/python3.8/site-packages/airflow/example_dags/example_branch_operator_decorator.py
[2024-06-27T20:49:02.539+0000] {logging_mixin.py:151} INFO - [2024-06-27T20:49:02.539+0000] {dag.py:2915} INFO - Sync 1 DAGs
[2024-06-27T20:49:02.563+0000] {logging_mixin.py:151} INFO - [2024-06-27T20:49:02.562+0000] {dag.py:3696} INFO - Setting next_dagrun for example_branch_python_operator_decorator to 2024-06-26T00:00:00+00:00, run_after=2024-06-27T00:00:00+00:00
[2024-06-27T20:49:02.580+0000] {processor.py:179} INFO - Processing /home/airflow/.local/lib/python3.8/site-packages/airflow/example_dags/example_branch_operator_decorator.py took 0.079 seconds
[2024-06-27T20:49:32.893+0000] {processor.py:157} INFO - Started process (PID=3840) to work on /home/airflow/.local/lib/python3.8/site-packages/airflow/example_dags/example_branch_operator_decorator.py
[2024-06-27T20:49:32.894+0000] {processor.py:829} INFO - Processing file /home/airflow/.local/lib/python3.8/site-packages/airflow/example_dags/example_branch_operator_decorator.py for tasks to queue
[2024-06-27T20:49:32.894+0000] {logging_mixin.py:151} INFO - [2024-06-27T20:49:32.894+0000] {dagbag.py:539} INFO - Filling up the DagBag from /home/airflow/.local/lib/python3.8/site-packages/airflow/example_dags/example_branch_operator_decorator.py
[2024-06-27T20:49:32.904+0000] {processor.py:839} INFO - DAG(s) dict_keys(['example_branch_python_operator_decorator']) retrieved from /home/airflow/.local/lib/python3.8/site-packages/airflow/example_dags/example_branch_operator_decorator.py
[2024-06-27T20:49:32.926+0000] {logging_mixin.py:151} INFO - [2024-06-27T20:49:32.926+0000] {dag.py:2915} INFO - Sync 1 DAGs
[2024-06-27T20:49:32.950+0000] {logging_mixin.py:151} INFO - [2024-06-27T20:49:32.949+0000] {dag.py:3696} INFO - Setting next_dagrun for example_branch_python_operator_decorator to 2024-06-26T00:00:00+00:00, run_after=2024-06-27T00:00:00+00:00
[2024-06-27T20:49:32.966+0000] {processor.py:179} INFO - Processing /home/airflow/.local/lib/python3.8/site-packages/airflow/example_dags/example_branch_operator_decorator.py took 0.076 seconds
