[2024-06-27T20:41:58.141+0000] {processor.py:157} INFO - Started process (PID=296) to work on /home/airflow/.local/lib/python3.8/site-packages/airflow/example_dags/tutorial.py
[2024-06-27T20:41:58.142+0000] {processor.py:829} INFO - Processing file /home/airflow/.local/lib/python3.8/site-packages/airflow/example_dags/tutorial.py for tasks to queue
[2024-06-27T20:41:58.143+0000] {logging_mixin.py:151} INFO - [2024-06-27T20:41:58.142+0000] {dagbag.py:539} INFO - Filling up the DagBag from /home/airflow/.local/lib/python3.8/site-packages/airflow/example_dags/tutorial.py
[2024-06-27T20:41:58.152+0000] {processor.py:839} INFO - DAG(s) dict_keys(['tutorial']) retrieved from /home/airflow/.local/lib/python3.8/site-packages/airflow/example_dags/tutorial.py
[2024-06-27T20:41:58.406+0000] {logging_mixin.py:151} INFO - [2024-06-27T20:41:58.406+0000] {manager.py:499} INFO - Created Permission View: %s
[2024-06-27T20:41:58.418+0000] {logging_mixin.py:151} INFO - [2024-06-27T20:41:58.418+0000] {manager.py:499} INFO - Created Permission View: %s
[2024-06-27T20:41:58.427+0000] {logging_mixin.py:151} INFO - [2024-06-27T20:41:58.427+0000] {manager.py:499} INFO - Created Permission View: %s
[2024-06-27T20:41:58.428+0000] {logging_mixin.py:151} INFO - [2024-06-27T20:41:58.428+0000] {security.py:708} INFO - Not syncing DAG-level permissions for DAG 'DAG:tutorial' as access control is unset.
[2024-06-27T20:41:58.428+0000] {logging_mixin.py:151} INFO - [2024-06-27T20:41:58.428+0000] {dag.py:2915} INFO - Sync 1 DAGs
[2024-06-27T20:41:58.443+0000] {logging_mixin.py:151} INFO - [2024-06-27T20:41:58.443+0000] {dag.py:2937} INFO - Creating ORM DAG for tutorial
[2024-06-27T20:41:58.454+0000] {logging_mixin.py:151} INFO - [2024-06-27T20:41:58.453+0000] {dag.py:3696} INFO - Setting next_dagrun for tutorial to 2024-06-26T20:41:58.453721+00:00, run_after=2024-06-27T20:41:58.453721+00:00
[2024-06-27T20:41:58.474+0000] {processor.py:179} INFO - Processing /home/airflow/.local/lib/python3.8/site-packages/airflow/example_dags/tutorial.py took 0.336 seconds
[2024-06-27T20:42:29.224+0000] {processor.py:157} INFO - Started process (PID=536) to work on /home/airflow/.local/lib/python3.8/site-packages/airflow/example_dags/tutorial.py
[2024-06-27T20:42:29.225+0000] {processor.py:829} INFO - Processing file /home/airflow/.local/lib/python3.8/site-packages/airflow/example_dags/tutorial.py for tasks to queue
[2024-06-27T20:42:29.226+0000] {logging_mixin.py:151} INFO - [2024-06-27T20:42:29.226+0000] {dagbag.py:539} INFO - Filling up the DagBag from /home/airflow/.local/lib/python3.8/site-packages/airflow/example_dags/tutorial.py
[2024-06-27T20:42:29.233+0000] {processor.py:839} INFO - DAG(s) dict_keys(['tutorial']) retrieved from /home/airflow/.local/lib/python3.8/site-packages/airflow/example_dags/tutorial.py
[2024-06-27T20:42:29.253+0000] {logging_mixin.py:151} INFO - [2024-06-27T20:42:29.253+0000] {dag.py:2915} INFO - Sync 1 DAGs
[2024-06-27T20:42:29.276+0000] {logging_mixin.py:151} INFO - [2024-06-27T20:42:29.276+0000] {dag.py:3696} INFO - Setting next_dagrun for tutorial to 2024-06-26T20:42:29.276371+00:00, run_after=2024-06-27T20:42:29.276371+00:00
[2024-06-27T20:42:29.296+0000] {processor.py:179} INFO - Processing /home/airflow/.local/lib/python3.8/site-packages/airflow/example_dags/tutorial.py took 0.075 seconds
[2024-06-27T20:42:59.605+0000] {processor.py:157} INFO - Started process (PID=779) to work on /home/airflow/.local/lib/python3.8/site-packages/airflow/example_dags/tutorial.py
[2024-06-27T20:42:59.606+0000] {processor.py:829} INFO - Processing file /home/airflow/.local/lib/python3.8/site-packages/airflow/example_dags/tutorial.py for tasks to queue
[2024-06-27T20:42:59.608+0000] {logging_mixin.py:151} INFO - [2024-06-27T20:42:59.607+0000] {dagbag.py:539} INFO - Filling up the DagBag from /home/airflow/.local/lib/python3.8/site-packages/airflow/example_dags/tutorial.py
[2024-06-27T20:42:59.614+0000] {processor.py:839} INFO - DAG(s) dict_keys(['tutorial']) retrieved from /home/airflow/.local/lib/python3.8/site-packages/airflow/example_dags/tutorial.py
[2024-06-27T20:42:59.633+0000] {logging_mixin.py:151} INFO - [2024-06-27T20:42:59.633+0000] {dag.py:2915} INFO - Sync 1 DAGs
[2024-06-27T20:42:59.654+0000] {logging_mixin.py:151} INFO - [2024-06-27T20:42:59.654+0000] {dag.py:3696} INFO - Setting next_dagrun for tutorial to 2024-06-26T20:42:59.653920+00:00, run_after=2024-06-27T20:42:59.653920+00:00
[2024-06-27T20:42:59.672+0000] {processor.py:179} INFO - Processing /home/airflow/.local/lib/python3.8/site-packages/airflow/example_dags/tutorial.py took 0.070 seconds
[2024-06-27T20:43:30.534+0000] {processor.py:157} INFO - Started process (PID=1025) to work on /home/airflow/.local/lib/python3.8/site-packages/airflow/example_dags/tutorial.py
[2024-06-27T20:43:30.535+0000] {processor.py:829} INFO - Processing file /home/airflow/.local/lib/python3.8/site-packages/airflow/example_dags/tutorial.py for tasks to queue
[2024-06-27T20:43:30.536+0000] {logging_mixin.py:151} INFO - [2024-06-27T20:43:30.536+0000] {dagbag.py:539} INFO - Filling up the DagBag from /home/airflow/.local/lib/python3.8/site-packages/airflow/example_dags/tutorial.py
[2024-06-27T20:43:30.542+0000] {processor.py:839} INFO - DAG(s) dict_keys(['tutorial']) retrieved from /home/airflow/.local/lib/python3.8/site-packages/airflow/example_dags/tutorial.py
[2024-06-27T20:43:30.562+0000] {logging_mixin.py:151} INFO - [2024-06-27T20:43:30.562+0000] {dag.py:2915} INFO - Sync 1 DAGs
[2024-06-27T20:43:30.583+0000] {logging_mixin.py:151} INFO - [2024-06-27T20:43:30.583+0000] {dag.py:3696} INFO - Setting next_dagrun for tutorial to 2024-06-26T20:43:30.583276+00:00, run_after=2024-06-27T20:43:30.583276+00:00
[2024-06-27T20:43:30.601+0000] {processor.py:179} INFO - Processing /home/airflow/.local/lib/python3.8/site-packages/airflow/example_dags/tutorial.py took 0.070 seconds
[2024-06-27T20:44:00.662+0000] {processor.py:157} INFO - Started process (PID=1265) to work on /home/airflow/.local/lib/python3.8/site-packages/airflow/example_dags/tutorial.py
[2024-06-27T20:44:00.663+0000] {processor.py:829} INFO - Processing file /home/airflow/.local/lib/python3.8/site-packages/airflow/example_dags/tutorial.py for tasks to queue
[2024-06-27T20:44:00.664+0000] {logging_mixin.py:151} INFO - [2024-06-27T20:44:00.664+0000] {dagbag.py:539} INFO - Filling up the DagBag from /home/airflow/.local/lib/python3.8/site-packages/airflow/example_dags/tutorial.py
[2024-06-27T20:44:00.672+0000] {processor.py:839} INFO - DAG(s) dict_keys(['tutorial']) retrieved from /home/airflow/.local/lib/python3.8/site-packages/airflow/example_dags/tutorial.py
[2024-06-27T20:44:00.693+0000] {logging_mixin.py:151} INFO - [2024-06-27T20:44:00.693+0000] {dag.py:2915} INFO - Sync 1 DAGs
[2024-06-27T20:44:00.725+0000] {logging_mixin.py:151} INFO - [2024-06-27T20:44:00.725+0000] {dag.py:3696} INFO - Setting next_dagrun for tutorial to 2024-06-26T20:44:00.724762+00:00, run_after=2024-06-27T20:44:00.724762+00:00
[2024-06-27T20:44:00.746+0000] {processor.py:179} INFO - Processing /home/airflow/.local/lib/python3.8/site-packages/airflow/example_dags/tutorial.py took 0.088 seconds
[2024-06-27T20:44:30.934+0000] {processor.py:157} INFO - Started process (PID=1505) to work on /home/airflow/.local/lib/python3.8/site-packages/airflow/example_dags/tutorial.py
[2024-06-27T20:44:30.936+0000] {processor.py:829} INFO - Processing file /home/airflow/.local/lib/python3.8/site-packages/airflow/example_dags/tutorial.py for tasks to queue
[2024-06-27T20:44:30.937+0000] {logging_mixin.py:151} INFO - [2024-06-27T20:44:30.936+0000] {dagbag.py:539} INFO - Filling up the DagBag from /home/airflow/.local/lib/python3.8/site-packages/airflow/example_dags/tutorial.py
[2024-06-27T20:44:30.949+0000] {processor.py:839} INFO - DAG(s) dict_keys(['tutorial']) retrieved from /home/airflow/.local/lib/python3.8/site-packages/airflow/example_dags/tutorial.py
[2024-06-27T20:44:30.983+0000] {logging_mixin.py:151} INFO - [2024-06-27T20:44:30.983+0000] {dag.py:2915} INFO - Sync 1 DAGs
[2024-06-27T20:44:31.022+0000] {logging_mixin.py:151} INFO - [2024-06-27T20:44:31.022+0000] {dag.py:3696} INFO - Setting next_dagrun for tutorial to 2024-06-26T20:44:31.022227+00:00, run_after=2024-06-27T20:44:31.022227+00:00
[2024-06-27T20:44:31.055+0000] {processor.py:179} INFO - Processing /home/airflow/.local/lib/python3.8/site-packages/airflow/example_dags/tutorial.py took 0.126 seconds
[2024-06-27T20:45:01.194+0000] {processor.py:157} INFO - Started process (PID=1750) to work on /home/airflow/.local/lib/python3.8/site-packages/airflow/example_dags/tutorial.py
[2024-06-27T20:45:01.195+0000] {processor.py:829} INFO - Processing file /home/airflow/.local/lib/python3.8/site-packages/airflow/example_dags/tutorial.py for tasks to queue
[2024-06-27T20:45:01.195+0000] {logging_mixin.py:151} INFO - [2024-06-27T20:45:01.195+0000] {dagbag.py:539} INFO - Filling up the DagBag from /home/airflow/.local/lib/python3.8/site-packages/airflow/example_dags/tutorial.py
[2024-06-27T20:45:01.202+0000] {processor.py:839} INFO - DAG(s) dict_keys(['tutorial']) retrieved from /home/airflow/.local/lib/python3.8/site-packages/airflow/example_dags/tutorial.py
[2024-06-27T20:45:01.224+0000] {logging_mixin.py:151} INFO - [2024-06-27T20:45:01.224+0000] {dag.py:2915} INFO - Sync 1 DAGs
[2024-06-27T20:45:01.249+0000] {logging_mixin.py:151} INFO - [2024-06-27T20:45:01.248+0000] {dag.py:3696} INFO - Setting next_dagrun for tutorial to 2024-06-26T20:45:01.248584+00:00, run_after=2024-06-27T20:45:01.248584+00:00
[2024-06-27T20:45:01.271+0000] {processor.py:179} INFO - Processing /home/airflow/.local/lib/python3.8/site-packages/airflow/example_dags/tutorial.py took 0.080 seconds
[2024-06-27T20:45:31.496+0000] {processor.py:157} INFO - Started process (PID=1990) to work on /home/airflow/.local/lib/python3.8/site-packages/airflow/example_dags/tutorial.py
[2024-06-27T20:45:31.496+0000] {processor.py:829} INFO - Processing file /home/airflow/.local/lib/python3.8/site-packages/airflow/example_dags/tutorial.py for tasks to queue
[2024-06-27T20:45:31.497+0000] {logging_mixin.py:151} INFO - [2024-06-27T20:45:31.497+0000] {dagbag.py:539} INFO - Filling up the DagBag from /home/airflow/.local/lib/python3.8/site-packages/airflow/example_dags/tutorial.py
[2024-06-27T20:45:31.503+0000] {processor.py:839} INFO - DAG(s) dict_keys(['tutorial']) retrieved from /home/airflow/.local/lib/python3.8/site-packages/airflow/example_dags/tutorial.py
[2024-06-27T20:45:31.522+0000] {logging_mixin.py:151} INFO - [2024-06-27T20:45:31.522+0000] {dag.py:2915} INFO - Sync 1 DAGs
[2024-06-27T20:45:31.543+0000] {logging_mixin.py:151} INFO - [2024-06-27T20:45:31.543+0000] {dag.py:3696} INFO - Setting next_dagrun for tutorial to 2024-06-26T20:45:31.542833+00:00, run_after=2024-06-27T20:45:31.542833+00:00
[2024-06-27T20:45:31.561+0000] {processor.py:179} INFO - Processing /home/airflow/.local/lib/python3.8/site-packages/airflow/example_dags/tutorial.py took 0.068 seconds
[2024-06-27T20:46:01.752+0000] {processor.py:157} INFO - Started process (PID=2233) to work on /home/airflow/.local/lib/python3.8/site-packages/airflow/example_dags/tutorial.py
[2024-06-27T20:46:01.753+0000] {processor.py:829} INFO - Processing file /home/airflow/.local/lib/python3.8/site-packages/airflow/example_dags/tutorial.py for tasks to queue
[2024-06-27T20:46:01.754+0000] {logging_mixin.py:151} INFO - [2024-06-27T20:46:01.754+0000] {dagbag.py:539} INFO - Filling up the DagBag from /home/airflow/.local/lib/python3.8/site-packages/airflow/example_dags/tutorial.py
[2024-06-27T20:46:01.760+0000] {processor.py:839} INFO - DAG(s) dict_keys(['tutorial']) retrieved from /home/airflow/.local/lib/python3.8/site-packages/airflow/example_dags/tutorial.py
[2024-06-27T20:46:01.781+0000] {logging_mixin.py:151} INFO - [2024-06-27T20:46:01.781+0000] {dag.py:2915} INFO - Sync 1 DAGs
[2024-06-27T20:46:01.802+0000] {logging_mixin.py:151} INFO - [2024-06-27T20:46:01.802+0000] {dag.py:3696} INFO - Setting next_dagrun for tutorial to 2024-06-26T20:46:01.801830+00:00, run_after=2024-06-27T20:46:01.801830+00:00
[2024-06-27T20:46:01.819+0000] {processor.py:179} INFO - Processing /home/airflow/.local/lib/python3.8/site-packages/airflow/example_dags/tutorial.py took 0.069 seconds
[2024-06-27T20:46:32.795+0000] {processor.py:157} INFO - Started process (PID=2476) to work on /home/airflow/.local/lib/python3.8/site-packages/airflow/example_dags/tutorial.py
[2024-06-27T20:46:32.796+0000] {processor.py:829} INFO - Processing file /home/airflow/.local/lib/python3.8/site-packages/airflow/example_dags/tutorial.py for tasks to queue
[2024-06-27T20:46:32.797+0000] {logging_mixin.py:151} INFO - [2024-06-27T20:46:32.796+0000] {dagbag.py:539} INFO - Filling up the DagBag from /home/airflow/.local/lib/python3.8/site-packages/airflow/example_dags/tutorial.py
[2024-06-27T20:46:32.804+0000] {processor.py:839} INFO - DAG(s) dict_keys(['tutorial']) retrieved from /home/airflow/.local/lib/python3.8/site-packages/airflow/example_dags/tutorial.py
[2024-06-27T20:46:32.829+0000] {logging_mixin.py:151} INFO - [2024-06-27T20:46:32.829+0000] {dag.py:2915} INFO - Sync 1 DAGs
[2024-06-27T20:46:32.853+0000] {logging_mixin.py:151} INFO - [2024-06-27T20:46:32.853+0000] {dag.py:3696} INFO - Setting next_dagrun for tutorial to 2024-06-26T20:46:32.853382+00:00, run_after=2024-06-27T20:46:32.853382+00:00
[2024-06-27T20:46:32.873+0000] {processor.py:179} INFO - Processing /home/airflow/.local/lib/python3.8/site-packages/airflow/example_dags/tutorial.py took 0.083 seconds
[2024-06-27T20:47:03.849+0000] {processor.py:157} INFO - Started process (PID=2719) to work on /home/airflow/.local/lib/python3.8/site-packages/airflow/example_dags/tutorial.py
[2024-06-27T20:47:03.850+0000] {processor.py:829} INFO - Processing file /home/airflow/.local/lib/python3.8/site-packages/airflow/example_dags/tutorial.py for tasks to queue
[2024-06-27T20:47:03.851+0000] {logging_mixin.py:151} INFO - [2024-06-27T20:47:03.850+0000] {dagbag.py:539} INFO - Filling up the DagBag from /home/airflow/.local/lib/python3.8/site-packages/airflow/example_dags/tutorial.py
[2024-06-27T20:47:03.858+0000] {processor.py:839} INFO - DAG(s) dict_keys(['tutorial']) retrieved from /home/airflow/.local/lib/python3.8/site-packages/airflow/example_dags/tutorial.py
[2024-06-27T20:47:03.885+0000] {logging_mixin.py:151} INFO - [2024-06-27T20:47:03.885+0000] {dag.py:2915} INFO - Sync 1 DAGs
[2024-06-27T20:47:03.915+0000] {logging_mixin.py:151} INFO - [2024-06-27T20:47:03.915+0000] {dag.py:3696} INFO - Setting next_dagrun for tutorial to 2024-06-26T20:47:03.914798+00:00, run_after=2024-06-27T20:47:03.914798+00:00
[2024-06-27T20:47:03.938+0000] {processor.py:179} INFO - Processing /home/airflow/.local/lib/python3.8/site-packages/airflow/example_dags/tutorial.py took 0.093 seconds
[2024-06-27T20:47:34.745+0000] {processor.py:157} INFO - Started process (PID=2962) to work on /home/airflow/.local/lib/python3.8/site-packages/airflow/example_dags/tutorial.py
[2024-06-27T20:47:34.746+0000] {processor.py:829} INFO - Processing file /home/airflow/.local/lib/python3.8/site-packages/airflow/example_dags/tutorial.py for tasks to queue
[2024-06-27T20:47:34.746+0000] {logging_mixin.py:151} INFO - [2024-06-27T20:47:34.746+0000] {dagbag.py:539} INFO - Filling up the DagBag from /home/airflow/.local/lib/python3.8/site-packages/airflow/example_dags/tutorial.py
[2024-06-27T20:47:34.752+0000] {processor.py:839} INFO - DAG(s) dict_keys(['tutorial']) retrieved from /home/airflow/.local/lib/python3.8/site-packages/airflow/example_dags/tutorial.py
[2024-06-27T20:47:34.775+0000] {logging_mixin.py:151} INFO - [2024-06-27T20:47:34.775+0000] {dag.py:2915} INFO - Sync 1 DAGs
[2024-06-27T20:47:34.799+0000] {logging_mixin.py:151} INFO - [2024-06-27T20:47:34.799+0000] {dag.py:3696} INFO - Setting next_dagrun for tutorial to 2024-06-26T20:47:34.799249+00:00, run_after=2024-06-27T20:47:34.799249+00:00
[2024-06-27T20:47:34.820+0000] {processor.py:179} INFO - Processing /home/airflow/.local/lib/python3.8/site-packages/airflow/example_dags/tutorial.py took 0.078 seconds
[2024-06-27T20:48:05.565+0000] {processor.py:157} INFO - Started process (PID=3206) to work on /home/airflow/.local/lib/python3.8/site-packages/airflow/example_dags/tutorial.py
[2024-06-27T20:48:05.566+0000] {processor.py:829} INFO - Processing file /home/airflow/.local/lib/python3.8/site-packages/airflow/example_dags/tutorial.py for tasks to queue
[2024-06-27T20:48:05.567+0000] {logging_mixin.py:151} INFO - [2024-06-27T20:48:05.566+0000] {dagbag.py:539} INFO - Filling up the DagBag from /home/airflow/.local/lib/python3.8/site-packages/airflow/example_dags/tutorial.py
[2024-06-27T20:48:05.573+0000] {processor.py:839} INFO - DAG(s) dict_keys(['tutorial']) retrieved from /home/airflow/.local/lib/python3.8/site-packages/airflow/example_dags/tutorial.py
[2024-06-27T20:48:05.593+0000] {logging_mixin.py:151} INFO - [2024-06-27T20:48:05.593+0000] {dag.py:2915} INFO - Sync 1 DAGs
[2024-06-27T20:48:05.617+0000] {logging_mixin.py:151} INFO - [2024-06-27T20:48:05.617+0000] {dag.py:3696} INFO - Setting next_dagrun for tutorial to 2024-06-26T20:48:05.616917+00:00, run_after=2024-06-27T20:48:05.616917+00:00
[2024-06-27T20:48:05.637+0000] {processor.py:179} INFO - Processing /home/airflow/.local/lib/python3.8/site-packages/airflow/example_dags/tutorial.py took 0.075 seconds
[2024-06-27T20:48:36.474+0000] {processor.py:157} INFO - Started process (PID=3449) to work on /home/airflow/.local/lib/python3.8/site-packages/airflow/example_dags/tutorial.py
[2024-06-27T20:48:36.475+0000] {processor.py:829} INFO - Processing file /home/airflow/.local/lib/python3.8/site-packages/airflow/example_dags/tutorial.py for tasks to queue
[2024-06-27T20:48:36.475+0000] {logging_mixin.py:151} INFO - [2024-06-27T20:48:36.475+0000] {dagbag.py:539} INFO - Filling up the DagBag from /home/airflow/.local/lib/python3.8/site-packages/airflow/example_dags/tutorial.py
[2024-06-27T20:48:36.481+0000] {processor.py:839} INFO - DAG(s) dict_keys(['tutorial']) retrieved from /home/airflow/.local/lib/python3.8/site-packages/airflow/example_dags/tutorial.py
[2024-06-27T20:48:36.501+0000] {logging_mixin.py:151} INFO - [2024-06-27T20:48:36.501+0000] {dag.py:2915} INFO - Sync 1 DAGs
[2024-06-27T20:48:36.524+0000] {logging_mixin.py:151} INFO - [2024-06-27T20:48:36.524+0000] {dag.py:3696} INFO - Setting next_dagrun for tutorial to 2024-06-26T20:48:36.523884+00:00, run_after=2024-06-27T20:48:36.523884+00:00
[2024-06-27T20:48:36.543+0000] {processor.py:179} INFO - Processing /home/airflow/.local/lib/python3.8/site-packages/airflow/example_dags/tutorial.py took 0.072 seconds
[2024-06-27T20:49:07.534+0000] {processor.py:157} INFO - Started process (PID=3692) to work on /home/airflow/.local/lib/python3.8/site-packages/airflow/example_dags/tutorial.py
[2024-06-27T20:49:07.535+0000] {processor.py:829} INFO - Processing file /home/airflow/.local/lib/python3.8/site-packages/airflow/example_dags/tutorial.py for tasks to queue
[2024-06-27T20:49:07.536+0000] {logging_mixin.py:151} INFO - [2024-06-27T20:49:07.536+0000] {dagbag.py:539} INFO - Filling up the DagBag from /home/airflow/.local/lib/python3.8/site-packages/airflow/example_dags/tutorial.py
[2024-06-27T20:49:07.545+0000] {processor.py:839} INFO - DAG(s) dict_keys(['tutorial']) retrieved from /home/airflow/.local/lib/python3.8/site-packages/airflow/example_dags/tutorial.py
[2024-06-27T20:49:07.566+0000] {logging_mixin.py:151} INFO - [2024-06-27T20:49:07.565+0000] {dag.py:2915} INFO - Sync 1 DAGs
[2024-06-27T20:49:07.596+0000] {logging_mixin.py:151} INFO - [2024-06-27T20:49:07.596+0000] {dag.py:3696} INFO - Setting next_dagrun for tutorial to 2024-06-26T20:49:07.595762+00:00, run_after=2024-06-27T20:49:07.595762+00:00
[2024-06-27T20:49:07.617+0000] {processor.py:179} INFO - Processing /home/airflow/.local/lib/python3.8/site-packages/airflow/example_dags/tutorial.py took 0.087 seconds
[2024-06-27T20:49:37.920+0000] {processor.py:157} INFO - Started process (PID=3937) to work on /home/airflow/.local/lib/python3.8/site-packages/airflow/example_dags/tutorial.py
[2024-06-27T20:49:37.921+0000] {processor.py:829} INFO - Processing file /home/airflow/.local/lib/python3.8/site-packages/airflow/example_dags/tutorial.py for tasks to queue
[2024-06-27T20:49:37.922+0000] {logging_mixin.py:151} INFO - [2024-06-27T20:49:37.921+0000] {dagbag.py:539} INFO - Filling up the DagBag from /home/airflow/.local/lib/python3.8/site-packages/airflow/example_dags/tutorial.py
[2024-06-27T20:49:37.928+0000] {processor.py:839} INFO - DAG(s) dict_keys(['tutorial']) retrieved from /home/airflow/.local/lib/python3.8/site-packages/airflow/example_dags/tutorial.py
[2024-06-27T20:49:37.947+0000] {logging_mixin.py:151} INFO - [2024-06-27T20:49:37.947+0000] {dag.py:2915} INFO - Sync 1 DAGs
[2024-06-27T20:49:37.967+0000] {logging_mixin.py:151} INFO - [2024-06-27T20:49:37.967+0000] {dag.py:3696} INFO - Setting next_dagrun for tutorial to 2024-06-26T20:49:37.967311+00:00, run_after=2024-06-27T20:49:37.967311+00:00
[2024-06-27T20:49:37.984+0000] {processor.py:179} INFO - Processing /home/airflow/.local/lib/python3.8/site-packages/airflow/example_dags/tutorial.py took 0.067 seconds
