[2024-06-27T20:41:58.498+0000] {processor.py:157} INFO - Started process (PID=301) to work on /home/airflow/.local/lib/python3.8/site-packages/airflow/example_dags/tutorial_taskflow_api.py
[2024-06-27T20:41:58.498+0000] {processor.py:829} INFO - Processing file /home/airflow/.local/lib/python3.8/site-packages/airflow/example_dags/tutorial_taskflow_api.py for tasks to queue
[2024-06-27T20:41:58.499+0000] {logging_mixin.py:151} INFO - [2024-06-27T20:41:58.499+0000] {dagbag.py:539} INFO - Filling up the DagBag from /home/airflow/.local/lib/python3.8/site-packages/airflow/example_dags/tutorial_taskflow_api.py
[2024-06-27T20:41:58.507+0000] {processor.py:839} INFO - DAG(s) dict_keys(['tutorial_taskflow_api']) retrieved from /home/airflow/.local/lib/python3.8/site-packages/airflow/example_dags/tutorial_taskflow_api.py
[2024-06-27T20:41:58.748+0000] {logging_mixin.py:151} INFO - [2024-06-27T20:41:58.748+0000] {manager.py:499} INFO - Created Permission View: %s
[2024-06-27T20:41:58.760+0000] {logging_mixin.py:151} INFO - [2024-06-27T20:41:58.760+0000] {manager.py:499} INFO - Created Permission View: %s
[2024-06-27T20:41:58.768+0000] {logging_mixin.py:151} INFO - [2024-06-27T20:41:58.768+0000] {manager.py:499} INFO - Created Permission View: %s
[2024-06-27T20:41:58.768+0000] {logging_mixin.py:151} INFO - [2024-06-27T20:41:58.768+0000] {security.py:708} INFO - Not syncing DAG-level permissions for DAG 'DAG:tutorial_taskflow_api' as access control is unset.
[2024-06-27T20:41:58.769+0000] {logging_mixin.py:151} INFO - [2024-06-27T20:41:58.768+0000] {dag.py:2915} INFO - Sync 1 DAGs
[2024-06-27T20:41:58.782+0000] {logging_mixin.py:151} INFO - [2024-06-27T20:41:58.782+0000] {dag.py:2937} INFO - Creating ORM DAG for tutorial_taskflow_api
[2024-06-27T20:41:58.783+0000] {logging_mixin.py:151} INFO - [2024-06-27T20:41:58.783+0000] {dag.py:3696} INFO - Setting next_dagrun for tutorial_taskflow_api to None, run_after=None
[2024-06-27T20:41:58.801+0000] {processor.py:179} INFO - Processing /home/airflow/.local/lib/python3.8/site-packages/airflow/example_dags/tutorial_taskflow_api.py took 0.307 seconds
[2024-06-27T20:42:29.228+0000] {processor.py:157} INFO - Started process (PID=539) to work on /home/airflow/.local/lib/python3.8/site-packages/airflow/example_dags/tutorial_taskflow_api.py
[2024-06-27T20:42:29.229+0000] {processor.py:829} INFO - Processing file /home/airflow/.local/lib/python3.8/site-packages/airflow/example_dags/tutorial_taskflow_api.py for tasks to queue
[2024-06-27T20:42:29.230+0000] {logging_mixin.py:151} INFO - [2024-06-27T20:42:29.230+0000] {dagbag.py:539} INFO - Filling up the DagBag from /home/airflow/.local/lib/python3.8/site-packages/airflow/example_dags/tutorial_taskflow_api.py
[2024-06-27T20:42:29.236+0000] {processor.py:839} INFO - DAG(s) dict_keys(['tutorial_taskflow_api']) retrieved from /home/airflow/.local/lib/python3.8/site-packages/airflow/example_dags/tutorial_taskflow_api.py
[2024-06-27T20:42:29.255+0000] {logging_mixin.py:151} INFO - [2024-06-27T20:42:29.255+0000] {dag.py:2915} INFO - Sync 1 DAGs
[2024-06-27T20:42:29.267+0000] {logging_mixin.py:151} INFO - [2024-06-27T20:42:29.267+0000] {dag.py:3696} INFO - Setting next_dagrun for tutorial_taskflow_api to None, run_after=None
[2024-06-27T20:42:29.285+0000] {processor.py:179} INFO - Processing /home/airflow/.local/lib/python3.8/site-packages/airflow/example_dags/tutorial_taskflow_api.py took 0.059 seconds
[2024-06-27T20:42:59.610+0000] {processor.py:157} INFO - Started process (PID=782) to work on /home/airflow/.local/lib/python3.8/site-packages/airflow/example_dags/tutorial_taskflow_api.py
[2024-06-27T20:42:59.611+0000] {processor.py:829} INFO - Processing file /home/airflow/.local/lib/python3.8/site-packages/airflow/example_dags/tutorial_taskflow_api.py for tasks to queue
[2024-06-27T20:42:59.612+0000] {logging_mixin.py:151} INFO - [2024-06-27T20:42:59.611+0000] {dagbag.py:539} INFO - Filling up the DagBag from /home/airflow/.local/lib/python3.8/site-packages/airflow/example_dags/tutorial_taskflow_api.py
[2024-06-27T20:42:59.618+0000] {processor.py:839} INFO - DAG(s) dict_keys(['tutorial_taskflow_api']) retrieved from /home/airflow/.local/lib/python3.8/site-packages/airflow/example_dags/tutorial_taskflow_api.py
[2024-06-27T20:42:59.638+0000] {logging_mixin.py:151} INFO - [2024-06-27T20:42:59.638+0000] {dag.py:2915} INFO - Sync 1 DAGs
[2024-06-27T20:42:59.650+0000] {logging_mixin.py:151} INFO - [2024-06-27T20:42:59.650+0000] {dag.py:3696} INFO - Setting next_dagrun for tutorial_taskflow_api to None, run_after=None
[2024-06-27T20:42:59.668+0000] {processor.py:179} INFO - Processing /home/airflow/.local/lib/python3.8/site-packages/airflow/example_dags/tutorial_taskflow_api.py took 0.060 seconds
[2024-06-27T20:43:30.620+0000] {processor.py:157} INFO - Started process (PID=1030) to work on /home/airflow/.local/lib/python3.8/site-packages/airflow/example_dags/tutorial_taskflow_api.py
[2024-06-27T20:43:30.621+0000] {processor.py:829} INFO - Processing file /home/airflow/.local/lib/python3.8/site-packages/airflow/example_dags/tutorial_taskflow_api.py for tasks to queue
[2024-06-27T20:43:30.622+0000] {logging_mixin.py:151} INFO - [2024-06-27T20:43:30.622+0000] {dagbag.py:539} INFO - Filling up the DagBag from /home/airflow/.local/lib/python3.8/site-packages/airflow/example_dags/tutorial_taskflow_api.py
[2024-06-27T20:43:30.627+0000] {processor.py:839} INFO - DAG(s) dict_keys(['tutorial_taskflow_api']) retrieved from /home/airflow/.local/lib/python3.8/site-packages/airflow/example_dags/tutorial_taskflow_api.py
[2024-06-27T20:43:30.646+0000] {logging_mixin.py:151} INFO - [2024-06-27T20:43:30.646+0000] {dag.py:2915} INFO - Sync 1 DAGs
[2024-06-27T20:43:30.658+0000] {logging_mixin.py:151} INFO - [2024-06-27T20:43:30.658+0000] {dag.py:3696} INFO - Setting next_dagrun for tutorial_taskflow_api to None, run_after=None
[2024-06-27T20:43:30.675+0000] {processor.py:179} INFO - Processing /home/airflow/.local/lib/python3.8/site-packages/airflow/example_dags/tutorial_taskflow_api.py took 0.058 seconds
[2024-06-27T20:44:00.775+0000] {processor.py:157} INFO - Started process (PID=1270) to work on /home/airflow/.local/lib/python3.8/site-packages/airflow/example_dags/tutorial_taskflow_api.py
[2024-06-27T20:44:00.776+0000] {processor.py:829} INFO - Processing file /home/airflow/.local/lib/python3.8/site-packages/airflow/example_dags/tutorial_taskflow_api.py for tasks to queue
[2024-06-27T20:44:00.777+0000] {logging_mixin.py:151} INFO - [2024-06-27T20:44:00.776+0000] {dagbag.py:539} INFO - Filling up the DagBag from /home/airflow/.local/lib/python3.8/site-packages/airflow/example_dags/tutorial_taskflow_api.py
[2024-06-27T20:44:00.783+0000] {processor.py:839} INFO - DAG(s) dict_keys(['tutorial_taskflow_api']) retrieved from /home/airflow/.local/lib/python3.8/site-packages/airflow/example_dags/tutorial_taskflow_api.py
[2024-06-27T20:44:00.812+0000] {logging_mixin.py:151} INFO - [2024-06-27T20:44:00.812+0000] {dag.py:2915} INFO - Sync 1 DAGs
[2024-06-27T20:44:00.828+0000] {logging_mixin.py:151} INFO - [2024-06-27T20:44:00.828+0000] {dag.py:3696} INFO - Setting next_dagrun for tutorial_taskflow_api to None, run_after=None
[2024-06-27T20:44:00.848+0000] {processor.py:179} INFO - Processing /home/airflow/.local/lib/python3.8/site-packages/airflow/example_dags/tutorial_taskflow_api.py took 0.076 seconds
[2024-06-27T20:44:31.023+0000] {processor.py:157} INFO - Started process (PID=1510) to work on /home/airflow/.local/lib/python3.8/site-packages/airflow/example_dags/tutorial_taskflow_api.py
[2024-06-27T20:44:31.024+0000] {processor.py:829} INFO - Processing file /home/airflow/.local/lib/python3.8/site-packages/airflow/example_dags/tutorial_taskflow_api.py for tasks to queue
[2024-06-27T20:44:31.025+0000] {logging_mixin.py:151} INFO - [2024-06-27T20:44:31.025+0000] {dagbag.py:539} INFO - Filling up the DagBag from /home/airflow/.local/lib/python3.8/site-packages/airflow/example_dags/tutorial_taskflow_api.py
[2024-06-27T20:44:31.032+0000] {processor.py:839} INFO - DAG(s) dict_keys(['tutorial_taskflow_api']) retrieved from /home/airflow/.local/lib/python3.8/site-packages/airflow/example_dags/tutorial_taskflow_api.py
[2024-06-27T20:44:31.063+0000] {logging_mixin.py:151} INFO - [2024-06-27T20:44:31.063+0000] {dag.py:2915} INFO - Sync 1 DAGs
[2024-06-27T20:44:31.084+0000] {logging_mixin.py:151} INFO - [2024-06-27T20:44:31.083+0000] {dag.py:3696} INFO - Setting next_dagrun for tutorial_taskflow_api to None, run_after=None
[2024-06-27T20:44:31.110+0000] {processor.py:179} INFO - Processing /home/airflow/.local/lib/python3.8/site-packages/airflow/example_dags/tutorial_taskflow_api.py took 0.091 seconds
[2024-06-27T20:45:01.297+0000] {processor.py:157} INFO - Started process (PID=1755) to work on /home/airflow/.local/lib/python3.8/site-packages/airflow/example_dags/tutorial_taskflow_api.py
[2024-06-27T20:45:01.298+0000] {processor.py:829} INFO - Processing file /home/airflow/.local/lib/python3.8/site-packages/airflow/example_dags/tutorial_taskflow_api.py for tasks to queue
[2024-06-27T20:45:01.298+0000] {logging_mixin.py:151} INFO - [2024-06-27T20:45:01.298+0000] {dagbag.py:539} INFO - Filling up the DagBag from /home/airflow/.local/lib/python3.8/site-packages/airflow/example_dags/tutorial_taskflow_api.py
[2024-06-27T20:45:01.305+0000] {processor.py:839} INFO - DAG(s) dict_keys(['tutorial_taskflow_api']) retrieved from /home/airflow/.local/lib/python3.8/site-packages/airflow/example_dags/tutorial_taskflow_api.py
[2024-06-27T20:45:01.329+0000] {logging_mixin.py:151} INFO - [2024-06-27T20:45:01.329+0000] {dag.py:2915} INFO - Sync 1 DAGs
[2024-06-27T20:45:01.346+0000] {logging_mixin.py:151} INFO - [2024-06-27T20:45:01.346+0000] {dag.py:3696} INFO - Setting next_dagrun for tutorial_taskflow_api to None, run_after=None
[2024-06-27T20:45:01.367+0000] {processor.py:179} INFO - Processing /home/airflow/.local/lib/python3.8/site-packages/airflow/example_dags/tutorial_taskflow_api.py took 0.074 seconds
[2024-06-27T20:45:31.572+0000] {processor.py:157} INFO - Started process (PID=1997) to work on /home/airflow/.local/lib/python3.8/site-packages/airflow/example_dags/tutorial_taskflow_api.py
[2024-06-27T20:45:31.573+0000] {processor.py:829} INFO - Processing file /home/airflow/.local/lib/python3.8/site-packages/airflow/example_dags/tutorial_taskflow_api.py for tasks to queue
[2024-06-27T20:45:31.573+0000] {logging_mixin.py:151} INFO - [2024-06-27T20:45:31.573+0000] {dagbag.py:539} INFO - Filling up the DagBag from /home/airflow/.local/lib/python3.8/site-packages/airflow/example_dags/tutorial_taskflow_api.py
[2024-06-27T20:45:31.579+0000] {processor.py:839} INFO - DAG(s) dict_keys(['tutorial_taskflow_api']) retrieved from /home/airflow/.local/lib/python3.8/site-packages/airflow/example_dags/tutorial_taskflow_api.py
[2024-06-27T20:45:31.600+0000] {logging_mixin.py:151} INFO - [2024-06-27T20:45:31.600+0000] {dag.py:2915} INFO - Sync 1 DAGs
[2024-06-27T20:45:31.613+0000] {logging_mixin.py:151} INFO - [2024-06-27T20:45:31.613+0000] {dag.py:3696} INFO - Setting next_dagrun for tutorial_taskflow_api to None, run_after=None
[2024-06-27T20:45:31.630+0000] {processor.py:179} INFO - Processing /home/airflow/.local/lib/python3.8/site-packages/airflow/example_dags/tutorial_taskflow_api.py took 0.061 seconds
[2024-06-27T20:46:01.840+0000] {processor.py:157} INFO - Started process (PID=2240) to work on /home/airflow/.local/lib/python3.8/site-packages/airflow/example_dags/tutorial_taskflow_api.py
[2024-06-27T20:46:01.840+0000] {processor.py:829} INFO - Processing file /home/airflow/.local/lib/python3.8/site-packages/airflow/example_dags/tutorial_taskflow_api.py for tasks to queue
[2024-06-27T20:46:01.841+0000] {logging_mixin.py:151} INFO - [2024-06-27T20:46:01.841+0000] {dagbag.py:539} INFO - Filling up the DagBag from /home/airflow/.local/lib/python3.8/site-packages/airflow/example_dags/tutorial_taskflow_api.py
[2024-06-27T20:46:01.846+0000] {processor.py:839} INFO - DAG(s) dict_keys(['tutorial_taskflow_api']) retrieved from /home/airflow/.local/lib/python3.8/site-packages/airflow/example_dags/tutorial_taskflow_api.py
[2024-06-27T20:46:01.869+0000] {logging_mixin.py:151} INFO - [2024-06-27T20:46:01.869+0000] {dag.py:2915} INFO - Sync 1 DAGs
[2024-06-27T20:46:01.883+0000] {logging_mixin.py:151} INFO - [2024-06-27T20:46:01.882+0000] {dag.py:3696} INFO - Setting next_dagrun for tutorial_taskflow_api to None, run_after=None
[2024-06-27T20:46:01.901+0000] {processor.py:179} INFO - Processing /home/airflow/.local/lib/python3.8/site-packages/airflow/example_dags/tutorial_taskflow_api.py took 0.065 seconds
[2024-06-27T20:46:32.851+0000] {processor.py:157} INFO - Started process (PID=2481) to work on /home/airflow/.local/lib/python3.8/site-packages/airflow/example_dags/tutorial_taskflow_api.py
[2024-06-27T20:46:32.852+0000] {processor.py:829} INFO - Processing file /home/airflow/.local/lib/python3.8/site-packages/airflow/example_dags/tutorial_taskflow_api.py for tasks to queue
[2024-06-27T20:46:32.853+0000] {logging_mixin.py:151} INFO - [2024-06-27T20:46:32.853+0000] {dagbag.py:539} INFO - Filling up the DagBag from /home/airflow/.local/lib/python3.8/site-packages/airflow/example_dags/tutorial_taskflow_api.py
[2024-06-27T20:46:32.859+0000] {processor.py:839} INFO - DAG(s) dict_keys(['tutorial_taskflow_api']) retrieved from /home/airflow/.local/lib/python3.8/site-packages/airflow/example_dags/tutorial_taskflow_api.py
[2024-06-27T20:46:32.880+0000] {logging_mixin.py:151} INFO - [2024-06-27T20:46:32.879+0000] {dag.py:2915} INFO - Sync 1 DAGs
[2024-06-27T20:46:32.893+0000] {logging_mixin.py:151} INFO - [2024-06-27T20:46:32.893+0000] {dag.py:3696} INFO - Setting next_dagrun for tutorial_taskflow_api to None, run_after=None
[2024-06-27T20:46:32.912+0000] {processor.py:179} INFO - Processing /home/airflow/.local/lib/python3.8/site-packages/airflow/example_dags/tutorial_taskflow_api.py took 0.064 seconds
[2024-06-27T20:47:03.899+0000] {processor.py:157} INFO - Started process (PID=2724) to work on /home/airflow/.local/lib/python3.8/site-packages/airflow/example_dags/tutorial_taskflow_api.py
[2024-06-27T20:47:03.900+0000] {processor.py:829} INFO - Processing file /home/airflow/.local/lib/python3.8/site-packages/airflow/example_dags/tutorial_taskflow_api.py for tasks to queue
[2024-06-27T20:47:03.901+0000] {logging_mixin.py:151} INFO - [2024-06-27T20:47:03.900+0000] {dagbag.py:539} INFO - Filling up the DagBag from /home/airflow/.local/lib/python3.8/site-packages/airflow/example_dags/tutorial_taskflow_api.py
[2024-06-27T20:47:03.907+0000] {processor.py:839} INFO - DAG(s) dict_keys(['tutorial_taskflow_api']) retrieved from /home/airflow/.local/lib/python3.8/site-packages/airflow/example_dags/tutorial_taskflow_api.py
[2024-06-27T20:47:03.928+0000] {logging_mixin.py:151} INFO - [2024-06-27T20:47:03.928+0000] {dag.py:2915} INFO - Sync 1 DAGs
[2024-06-27T20:47:03.943+0000] {logging_mixin.py:151} INFO - [2024-06-27T20:47:03.942+0000] {dag.py:3696} INFO - Setting next_dagrun for tutorial_taskflow_api to None, run_after=None
[2024-06-27T20:47:03.968+0000] {processor.py:179} INFO - Processing /home/airflow/.local/lib/python3.8/site-packages/airflow/example_dags/tutorial_taskflow_api.py took 0.071 seconds
[2024-06-27T20:47:34.818+0000] {processor.py:157} INFO - Started process (PID=2967) to work on /home/airflow/.local/lib/python3.8/site-packages/airflow/example_dags/tutorial_taskflow_api.py
[2024-06-27T20:47:34.819+0000] {processor.py:829} INFO - Processing file /home/airflow/.local/lib/python3.8/site-packages/airflow/example_dags/tutorial_taskflow_api.py for tasks to queue
[2024-06-27T20:47:34.820+0000] {logging_mixin.py:151} INFO - [2024-06-27T20:47:34.820+0000] {dagbag.py:539} INFO - Filling up the DagBag from /home/airflow/.local/lib/python3.8/site-packages/airflow/example_dags/tutorial_taskflow_api.py
[2024-06-27T20:47:34.826+0000] {processor.py:839} INFO - DAG(s) dict_keys(['tutorial_taskflow_api']) retrieved from /home/airflow/.local/lib/python3.8/site-packages/airflow/example_dags/tutorial_taskflow_api.py
[2024-06-27T20:47:34.846+0000] {logging_mixin.py:151} INFO - [2024-06-27T20:47:34.845+0000] {dag.py:2915} INFO - Sync 1 DAGs
[2024-06-27T20:47:34.858+0000] {logging_mixin.py:151} INFO - [2024-06-27T20:47:34.858+0000] {dag.py:3696} INFO - Setting next_dagrun for tutorial_taskflow_api to None, run_after=None
[2024-06-27T20:47:34.876+0000] {processor.py:179} INFO - Processing /home/airflow/.local/lib/python3.8/site-packages/airflow/example_dags/tutorial_taskflow_api.py took 0.062 seconds
[2024-06-27T20:48:05.631+0000] {processor.py:157} INFO - Started process (PID=3211) to work on /home/airflow/.local/lib/python3.8/site-packages/airflow/example_dags/tutorial_taskflow_api.py
[2024-06-27T20:48:05.632+0000] {processor.py:829} INFO - Processing file /home/airflow/.local/lib/python3.8/site-packages/airflow/example_dags/tutorial_taskflow_api.py for tasks to queue
[2024-06-27T20:48:05.632+0000] {logging_mixin.py:151} INFO - [2024-06-27T20:48:05.632+0000] {dagbag.py:539} INFO - Filling up the DagBag from /home/airflow/.local/lib/python3.8/site-packages/airflow/example_dags/tutorial_taskflow_api.py
[2024-06-27T20:48:05.639+0000] {processor.py:839} INFO - DAG(s) dict_keys(['tutorial_taskflow_api']) retrieved from /home/airflow/.local/lib/python3.8/site-packages/airflow/example_dags/tutorial_taskflow_api.py
[2024-06-27T20:48:05.659+0000] {logging_mixin.py:151} INFO - [2024-06-27T20:48:05.659+0000] {dag.py:2915} INFO - Sync 1 DAGs
[2024-06-27T20:48:05.672+0000] {logging_mixin.py:151} INFO - [2024-06-27T20:48:05.672+0000] {dag.py:3696} INFO - Setting next_dagrun for tutorial_taskflow_api to None, run_after=None
[2024-06-27T20:48:05.691+0000] {processor.py:179} INFO - Processing /home/airflow/.local/lib/python3.8/site-packages/airflow/example_dags/tutorial_taskflow_api.py took 0.063 seconds
[2024-06-27T20:48:36.531+0000] {processor.py:157} INFO - Started process (PID=3454) to work on /home/airflow/.local/lib/python3.8/site-packages/airflow/example_dags/tutorial_taskflow_api.py
[2024-06-27T20:48:36.531+0000] {processor.py:829} INFO - Processing file /home/airflow/.local/lib/python3.8/site-packages/airflow/example_dags/tutorial_taskflow_api.py for tasks to queue
[2024-06-27T20:48:36.532+0000] {logging_mixin.py:151} INFO - [2024-06-27T20:48:36.532+0000] {dagbag.py:539} INFO - Filling up the DagBag from /home/airflow/.local/lib/python3.8/site-packages/airflow/example_dags/tutorial_taskflow_api.py
[2024-06-27T20:48:36.538+0000] {processor.py:839} INFO - DAG(s) dict_keys(['tutorial_taskflow_api']) retrieved from /home/airflow/.local/lib/python3.8/site-packages/airflow/example_dags/tutorial_taskflow_api.py
[2024-06-27T20:48:36.557+0000] {logging_mixin.py:151} INFO - [2024-06-27T20:48:36.557+0000] {dag.py:2915} INFO - Sync 1 DAGs
[2024-06-27T20:48:36.570+0000] {logging_mixin.py:151} INFO - [2024-06-27T20:48:36.569+0000] {dag.py:3696} INFO - Setting next_dagrun for tutorial_taskflow_api to None, run_after=None
[2024-06-27T20:48:36.587+0000] {processor.py:179} INFO - Processing /home/airflow/.local/lib/python3.8/site-packages/airflow/example_dags/tutorial_taskflow_api.py took 0.060 seconds
[2024-06-27T20:49:07.585+0000] {processor.py:157} INFO - Started process (PID=3697) to work on /home/airflow/.local/lib/python3.8/site-packages/airflow/example_dags/tutorial_taskflow_api.py
[2024-06-27T20:49:07.586+0000] {processor.py:829} INFO - Processing file /home/airflow/.local/lib/python3.8/site-packages/airflow/example_dags/tutorial_taskflow_api.py for tasks to queue
[2024-06-27T20:49:07.586+0000] {logging_mixin.py:151} INFO - [2024-06-27T20:49:07.586+0000] {dagbag.py:539} INFO - Filling up the DagBag from /home/airflow/.local/lib/python3.8/site-packages/airflow/example_dags/tutorial_taskflow_api.py
[2024-06-27T20:49:07.593+0000] {processor.py:839} INFO - DAG(s) dict_keys(['tutorial_taskflow_api']) retrieved from /home/airflow/.local/lib/python3.8/site-packages/airflow/example_dags/tutorial_taskflow_api.py
[2024-06-27T20:49:07.616+0000] {logging_mixin.py:151} INFO - [2024-06-27T20:49:07.616+0000] {dag.py:2915} INFO - Sync 1 DAGs
[2024-06-27T20:49:07.631+0000] {logging_mixin.py:151} INFO - [2024-06-27T20:49:07.631+0000] {dag.py:3696} INFO - Setting next_dagrun for tutorial_taskflow_api to None, run_after=None
[2024-06-27T20:49:07.649+0000] {processor.py:179} INFO - Processing /home/airflow/.local/lib/python3.8/site-packages/airflow/example_dags/tutorial_taskflow_api.py took 0.068 seconds
[2024-06-27T20:49:37.926+0000] {processor.py:157} INFO - Started process (PID=3940) to work on /home/airflow/.local/lib/python3.8/site-packages/airflow/example_dags/tutorial_taskflow_api.py
[2024-06-27T20:49:37.927+0000] {processor.py:829} INFO - Processing file /home/airflow/.local/lib/python3.8/site-packages/airflow/example_dags/tutorial_taskflow_api.py for tasks to queue
[2024-06-27T20:49:37.928+0000] {logging_mixin.py:151} INFO - [2024-06-27T20:49:37.928+0000] {dagbag.py:539} INFO - Filling up the DagBag from /home/airflow/.local/lib/python3.8/site-packages/airflow/example_dags/tutorial_taskflow_api.py
[2024-06-27T20:49:37.934+0000] {processor.py:839} INFO - DAG(s) dict_keys(['tutorial_taskflow_api']) retrieved from /home/airflow/.local/lib/python3.8/site-packages/airflow/example_dags/tutorial_taskflow_api.py
[2024-06-27T20:49:37.954+0000] {logging_mixin.py:151} INFO - [2024-06-27T20:49:37.954+0000] {dag.py:2915} INFO - Sync 1 DAGs
[2024-06-27T20:49:37.966+0000] {logging_mixin.py:151} INFO - [2024-06-27T20:49:37.966+0000] {dag.py:3696} INFO - Setting next_dagrun for tutorial_taskflow_api to None, run_after=None
[2024-06-27T20:49:37.984+0000] {processor.py:179} INFO - Processing /home/airflow/.local/lib/python3.8/site-packages/airflow/example_dags/tutorial_taskflow_api.py took 0.061 seconds
