[2024-06-27T20:41:54.856+0000] {processor.py:157} INFO - Started process (PID=216) to work on /home/airflow/.local/lib/python3.8/site-packages/airflow/example_dags/tutorial_dag.py
[2024-06-27T20:41:54.856+0000] {processor.py:829} INFO - Processing file /home/airflow/.local/lib/python3.8/site-packages/airflow/example_dags/tutorial_dag.py for tasks to queue
[2024-06-27T20:41:54.857+0000] {logging_mixin.py:151} INFO - [2024-06-27T20:41:54.857+0000] {dagbag.py:539} INFO - Filling up the DagBag from /home/airflow/.local/lib/python3.8/site-packages/airflow/example_dags/tutorial_dag.py
[2024-06-27T20:41:54.865+0000] {processor.py:839} INFO - DAG(s) dict_keys(['tutorial_dag']) retrieved from /home/airflow/.local/lib/python3.8/site-packages/airflow/example_dags/tutorial_dag.py
[2024-06-27T20:41:55.084+0000] {logging_mixin.py:151} INFO - [2024-06-27T20:41:55.083+0000] {manager.py:499} INFO - Created Permission View: %s
[2024-06-27T20:41:55.093+0000] {logging_mixin.py:151} INFO - [2024-06-27T20:41:55.093+0000] {manager.py:499} INFO - Created Permission View: %s
[2024-06-27T20:41:55.101+0000] {logging_mixin.py:151} INFO - [2024-06-27T20:41:55.101+0000] {manager.py:499} INFO - Created Permission View: %s
[2024-06-27T20:41:55.101+0000] {logging_mixin.py:151} INFO - [2024-06-27T20:41:55.101+0000] {security.py:708} INFO - Not syncing DAG-level permissions for DAG 'DAG:tutorial_dag' as access control is unset.
[2024-06-27T20:41:55.101+0000] {logging_mixin.py:151} INFO - [2024-06-27T20:41:55.101+0000] {dag.py:2915} INFO - Sync 1 DAGs
[2024-06-27T20:41:55.112+0000] {logging_mixin.py:151} INFO - [2024-06-27T20:41:55.112+0000] {dag.py:2937} INFO - Creating ORM DAG for tutorial_dag
[2024-06-27T20:41:55.112+0000] {logging_mixin.py:151} INFO - [2024-06-27T20:41:55.112+0000] {dag.py:3696} INFO - Setting next_dagrun for tutorial_dag to None, run_after=None
[2024-06-27T20:41:55.128+0000] {processor.py:179} INFO - Processing /home/airflow/.local/lib/python3.8/site-packages/airflow/example_dags/tutorial_dag.py took 0.275 seconds
[2024-06-27T20:42:25.230+0000] {processor.py:157} INFO - Started process (PID=459) to work on /home/airflow/.local/lib/python3.8/site-packages/airflow/example_dags/tutorial_dag.py
[2024-06-27T20:42:25.230+0000] {processor.py:829} INFO - Processing file /home/airflow/.local/lib/python3.8/site-packages/airflow/example_dags/tutorial_dag.py for tasks to queue
[2024-06-27T20:42:25.231+0000] {logging_mixin.py:151} INFO - [2024-06-27T20:42:25.231+0000] {dagbag.py:539} INFO - Filling up the DagBag from /home/airflow/.local/lib/python3.8/site-packages/airflow/example_dags/tutorial_dag.py
[2024-06-27T20:42:25.235+0000] {processor.py:839} INFO - DAG(s) dict_keys(['tutorial_dag']) retrieved from /home/airflow/.local/lib/python3.8/site-packages/airflow/example_dags/tutorial_dag.py
[2024-06-27T20:42:25.255+0000] {logging_mixin.py:151} INFO - [2024-06-27T20:42:25.255+0000] {dag.py:2915} INFO - Sync 1 DAGs
[2024-06-27T20:42:25.268+0000] {logging_mixin.py:151} INFO - [2024-06-27T20:42:25.267+0000] {dag.py:3696} INFO - Setting next_dagrun for tutorial_dag to None, run_after=None
[2024-06-27T20:42:25.286+0000] {processor.py:179} INFO - Processing /home/airflow/.local/lib/python3.8/site-packages/airflow/example_dags/tutorial_dag.py took 0.059 seconds
[2024-06-27T20:42:55.671+0000] {processor.py:157} INFO - Started process (PID=702) to work on /home/airflow/.local/lib/python3.8/site-packages/airflow/example_dags/tutorial_dag.py
[2024-06-27T20:42:55.672+0000] {processor.py:829} INFO - Processing file /home/airflow/.local/lib/python3.8/site-packages/airflow/example_dags/tutorial_dag.py for tasks to queue
[2024-06-27T20:42:55.674+0000] {logging_mixin.py:151} INFO - [2024-06-27T20:42:55.673+0000] {dagbag.py:539} INFO - Filling up the DagBag from /home/airflow/.local/lib/python3.8/site-packages/airflow/example_dags/tutorial_dag.py
[2024-06-27T20:42:55.680+0000] {processor.py:839} INFO - DAG(s) dict_keys(['tutorial_dag']) retrieved from /home/airflow/.local/lib/python3.8/site-packages/airflow/example_dags/tutorial_dag.py
[2024-06-27T20:42:55.707+0000] {logging_mixin.py:151} INFO - [2024-06-27T20:42:55.707+0000] {dag.py:2915} INFO - Sync 1 DAGs
[2024-06-27T20:42:55.727+0000] {logging_mixin.py:151} INFO - [2024-06-27T20:42:55.727+0000] {dag.py:3696} INFO - Setting next_dagrun for tutorial_dag to None, run_after=None
[2024-06-27T20:42:55.749+0000] {processor.py:179} INFO - Processing /home/airflow/.local/lib/python3.8/site-packages/airflow/example_dags/tutorial_dag.py took 0.082 seconds
[2024-06-27T20:43:25.838+0000] {processor.py:157} INFO - Started process (PID=945) to work on /home/airflow/.local/lib/python3.8/site-packages/airflow/example_dags/tutorial_dag.py
[2024-06-27T20:43:25.839+0000] {processor.py:829} INFO - Processing file /home/airflow/.local/lib/python3.8/site-packages/airflow/example_dags/tutorial_dag.py for tasks to queue
[2024-06-27T20:43:25.840+0000] {logging_mixin.py:151} INFO - [2024-06-27T20:43:25.840+0000] {dagbag.py:539} INFO - Filling up the DagBag from /home/airflow/.local/lib/python3.8/site-packages/airflow/example_dags/tutorial_dag.py
[2024-06-27T20:43:25.845+0000] {processor.py:839} INFO - DAG(s) dict_keys(['tutorial_dag']) retrieved from /home/airflow/.local/lib/python3.8/site-packages/airflow/example_dags/tutorial_dag.py
[2024-06-27T20:43:25.865+0000] {logging_mixin.py:151} INFO - [2024-06-27T20:43:25.865+0000] {dag.py:2915} INFO - Sync 1 DAGs
[2024-06-27T20:43:25.879+0000] {logging_mixin.py:151} INFO - [2024-06-27T20:43:25.879+0000] {dag.py:3696} INFO - Setting next_dagrun for tutorial_dag to None, run_after=None
[2024-06-27T20:43:25.896+0000] {processor.py:179} INFO - Processing /home/airflow/.local/lib/python3.8/site-packages/airflow/example_dags/tutorial_dag.py took 0.061 seconds
[2024-06-27T20:43:56.522+0000] {processor.py:157} INFO - Started process (PID=1188) to work on /home/airflow/.local/lib/python3.8/site-packages/airflow/example_dags/tutorial_dag.py
[2024-06-27T20:43:56.524+0000] {processor.py:829} INFO - Processing file /home/airflow/.local/lib/python3.8/site-packages/airflow/example_dags/tutorial_dag.py for tasks to queue
[2024-06-27T20:43:56.525+0000] {logging_mixin.py:151} INFO - [2024-06-27T20:43:56.525+0000] {dagbag.py:539} INFO - Filling up the DagBag from /home/airflow/.local/lib/python3.8/site-packages/airflow/example_dags/tutorial_dag.py
[2024-06-27T20:43:56.532+0000] {processor.py:839} INFO - DAG(s) dict_keys(['tutorial_dag']) retrieved from /home/airflow/.local/lib/python3.8/site-packages/airflow/example_dags/tutorial_dag.py
[2024-06-27T20:43:56.563+0000] {logging_mixin.py:151} INFO - [2024-06-27T20:43:56.562+0000] {dag.py:2915} INFO - Sync 1 DAGs
[2024-06-27T20:43:56.590+0000] {logging_mixin.py:151} INFO - [2024-06-27T20:43:56.590+0000] {dag.py:3696} INFO - Setting next_dagrun for tutorial_dag to None, run_after=None
[2024-06-27T20:43:56.616+0000] {processor.py:179} INFO - Processing /home/airflow/.local/lib/python3.8/site-packages/airflow/example_dags/tutorial_dag.py took 0.100 seconds
[2024-06-27T20:44:26.709+0000] {processor.py:157} INFO - Started process (PID=1430) to work on /home/airflow/.local/lib/python3.8/site-packages/airflow/example_dags/tutorial_dag.py
[2024-06-27T20:44:26.710+0000] {processor.py:829} INFO - Processing file /home/airflow/.local/lib/python3.8/site-packages/airflow/example_dags/tutorial_dag.py for tasks to queue
[2024-06-27T20:44:26.710+0000] {logging_mixin.py:151} INFO - [2024-06-27T20:44:26.710+0000] {dagbag.py:539} INFO - Filling up the DagBag from /home/airflow/.local/lib/python3.8/site-packages/airflow/example_dags/tutorial_dag.py
[2024-06-27T20:44:26.715+0000] {processor.py:839} INFO - DAG(s) dict_keys(['tutorial_dag']) retrieved from /home/airflow/.local/lib/python3.8/site-packages/airflow/example_dags/tutorial_dag.py
[2024-06-27T20:44:26.740+0000] {logging_mixin.py:151} INFO - [2024-06-27T20:44:26.739+0000] {dag.py:2915} INFO - Sync 1 DAGs
[2024-06-27T20:44:26.752+0000] {logging_mixin.py:151} INFO - [2024-06-27T20:44:26.752+0000] {dag.py:3696} INFO - Setting next_dagrun for tutorial_dag to None, run_after=None
[2024-06-27T20:44:26.771+0000] {processor.py:179} INFO - Processing /home/airflow/.local/lib/python3.8/site-packages/airflow/example_dags/tutorial_dag.py took 0.065 seconds
[2024-06-27T20:44:57.245+0000] {processor.py:157} INFO - Started process (PID=1673) to work on /home/airflow/.local/lib/python3.8/site-packages/airflow/example_dags/tutorial_dag.py
[2024-06-27T20:44:57.245+0000] {processor.py:829} INFO - Processing file /home/airflow/.local/lib/python3.8/site-packages/airflow/example_dags/tutorial_dag.py for tasks to queue
[2024-06-27T20:44:57.246+0000] {logging_mixin.py:151} INFO - [2024-06-27T20:44:57.246+0000] {dagbag.py:539} INFO - Filling up the DagBag from /home/airflow/.local/lib/python3.8/site-packages/airflow/example_dags/tutorial_dag.py
[2024-06-27T20:44:57.251+0000] {processor.py:839} INFO - DAG(s) dict_keys(['tutorial_dag']) retrieved from /home/airflow/.local/lib/python3.8/site-packages/airflow/example_dags/tutorial_dag.py
[2024-06-27T20:44:57.271+0000] {logging_mixin.py:151} INFO - [2024-06-27T20:44:57.271+0000] {dag.py:2915} INFO - Sync 1 DAGs
[2024-06-27T20:44:57.284+0000] {logging_mixin.py:151} INFO - [2024-06-27T20:44:57.284+0000] {dag.py:3696} INFO - Setting next_dagrun for tutorial_dag to None, run_after=None
[2024-06-27T20:44:57.303+0000] {processor.py:179} INFO - Processing /home/airflow/.local/lib/python3.8/site-packages/airflow/example_dags/tutorial_dag.py took 0.062 seconds
[2024-06-27T20:45:27.655+0000] {processor.py:157} INFO - Started process (PID=1915) to work on /home/airflow/.local/lib/python3.8/site-packages/airflow/example_dags/tutorial_dag.py
[2024-06-27T20:45:27.656+0000] {processor.py:829} INFO - Processing file /home/airflow/.local/lib/python3.8/site-packages/airflow/example_dags/tutorial_dag.py for tasks to queue
[2024-06-27T20:45:27.657+0000] {logging_mixin.py:151} INFO - [2024-06-27T20:45:27.657+0000] {dagbag.py:539} INFO - Filling up the DagBag from /home/airflow/.local/lib/python3.8/site-packages/airflow/example_dags/tutorial_dag.py
[2024-06-27T20:45:27.663+0000] {processor.py:839} INFO - DAG(s) dict_keys(['tutorial_dag']) retrieved from /home/airflow/.local/lib/python3.8/site-packages/airflow/example_dags/tutorial_dag.py
[2024-06-27T20:45:27.684+0000] {logging_mixin.py:151} INFO - [2024-06-27T20:45:27.684+0000] {dag.py:2915} INFO - Sync 1 DAGs
[2024-06-27T20:45:27.698+0000] {logging_mixin.py:151} INFO - [2024-06-27T20:45:27.697+0000] {dag.py:3696} INFO - Setting next_dagrun for tutorial_dag to None, run_after=None
[2024-06-27T20:45:27.716+0000] {processor.py:179} INFO - Processing /home/airflow/.local/lib/python3.8/site-packages/airflow/example_dags/tutorial_dag.py took 0.064 seconds
[2024-06-27T20:45:57.860+0000] {processor.py:157} INFO - Started process (PID=2158) to work on /home/airflow/.local/lib/python3.8/site-packages/airflow/example_dags/tutorial_dag.py
[2024-06-27T20:45:57.860+0000] {processor.py:829} INFO - Processing file /home/airflow/.local/lib/python3.8/site-packages/airflow/example_dags/tutorial_dag.py for tasks to queue
[2024-06-27T20:45:57.861+0000] {logging_mixin.py:151} INFO - [2024-06-27T20:45:57.861+0000] {dagbag.py:539} INFO - Filling up the DagBag from /home/airflow/.local/lib/python3.8/site-packages/airflow/example_dags/tutorial_dag.py
[2024-06-27T20:45:57.866+0000] {processor.py:839} INFO - DAG(s) dict_keys(['tutorial_dag']) retrieved from /home/airflow/.local/lib/python3.8/site-packages/airflow/example_dags/tutorial_dag.py
[2024-06-27T20:45:57.892+0000] {logging_mixin.py:151} INFO - [2024-06-27T20:45:57.892+0000] {dag.py:2915} INFO - Sync 1 DAGs
[2024-06-27T20:45:57.906+0000] {logging_mixin.py:151} INFO - [2024-06-27T20:45:57.905+0000] {dag.py:3696} INFO - Setting next_dagrun for tutorial_dag to None, run_after=None
[2024-06-27T20:45:57.924+0000] {processor.py:179} INFO - Processing /home/airflow/.local/lib/python3.8/site-packages/airflow/example_dags/tutorial_dag.py took 0.067 seconds
[2024-06-27T20:46:28.067+0000] {processor.py:157} INFO - Started process (PID=2401) to work on /home/airflow/.local/lib/python3.8/site-packages/airflow/example_dags/tutorial_dag.py
[2024-06-27T20:46:28.068+0000] {processor.py:829} INFO - Processing file /home/airflow/.local/lib/python3.8/site-packages/airflow/example_dags/tutorial_dag.py for tasks to queue
[2024-06-27T20:46:28.068+0000] {logging_mixin.py:151} INFO - [2024-06-27T20:46:28.068+0000] {dagbag.py:539} INFO - Filling up the DagBag from /home/airflow/.local/lib/python3.8/site-packages/airflow/example_dags/tutorial_dag.py
[2024-06-27T20:46:28.073+0000] {processor.py:839} INFO - DAG(s) dict_keys(['tutorial_dag']) retrieved from /home/airflow/.local/lib/python3.8/site-packages/airflow/example_dags/tutorial_dag.py
[2024-06-27T20:46:28.094+0000] {logging_mixin.py:151} INFO - [2024-06-27T20:46:28.094+0000] {dag.py:2915} INFO - Sync 1 DAGs
[2024-06-27T20:46:28.108+0000] {logging_mixin.py:151} INFO - [2024-06-27T20:46:28.108+0000] {dag.py:3696} INFO - Setting next_dagrun for tutorial_dag to None, run_after=None
[2024-06-27T20:46:28.127+0000] {processor.py:179} INFO - Processing /home/airflow/.local/lib/python3.8/site-packages/airflow/example_dags/tutorial_dag.py took 0.063 seconds
[2024-06-27T20:46:59.021+0000] {processor.py:157} INFO - Started process (PID=2644) to work on /home/airflow/.local/lib/python3.8/site-packages/airflow/example_dags/tutorial_dag.py
[2024-06-27T20:46:59.022+0000] {processor.py:829} INFO - Processing file /home/airflow/.local/lib/python3.8/site-packages/airflow/example_dags/tutorial_dag.py for tasks to queue
[2024-06-27T20:46:59.022+0000] {logging_mixin.py:151} INFO - [2024-06-27T20:46:59.022+0000] {dagbag.py:539} INFO - Filling up the DagBag from /home/airflow/.local/lib/python3.8/site-packages/airflow/example_dags/tutorial_dag.py
[2024-06-27T20:46:59.027+0000] {processor.py:839} INFO - DAG(s) dict_keys(['tutorial_dag']) retrieved from /home/airflow/.local/lib/python3.8/site-packages/airflow/example_dags/tutorial_dag.py
[2024-06-27T20:46:59.047+0000] {logging_mixin.py:151} INFO - [2024-06-27T20:46:59.047+0000] {dag.py:2915} INFO - Sync 1 DAGs
[2024-06-27T20:46:59.059+0000] {logging_mixin.py:151} INFO - [2024-06-27T20:46:59.059+0000] {dag.py:3696} INFO - Setting next_dagrun for tutorial_dag to None, run_after=None
[2024-06-27T20:46:59.077+0000] {processor.py:179} INFO - Processing /home/airflow/.local/lib/python3.8/site-packages/airflow/example_dags/tutorial_dag.py took 0.059 seconds
[2024-06-27T20:47:29.954+0000] {processor.py:157} INFO - Started process (PID=2887) to work on /home/airflow/.local/lib/python3.8/site-packages/airflow/example_dags/tutorial_dag.py
[2024-06-27T20:47:29.955+0000] {processor.py:829} INFO - Processing file /home/airflow/.local/lib/python3.8/site-packages/airflow/example_dags/tutorial_dag.py for tasks to queue
[2024-06-27T20:47:29.955+0000] {logging_mixin.py:151} INFO - [2024-06-27T20:47:29.955+0000] {dagbag.py:539} INFO - Filling up the DagBag from /home/airflow/.local/lib/python3.8/site-packages/airflow/example_dags/tutorial_dag.py
[2024-06-27T20:47:29.960+0000] {processor.py:839} INFO - DAG(s) dict_keys(['tutorial_dag']) retrieved from /home/airflow/.local/lib/python3.8/site-packages/airflow/example_dags/tutorial_dag.py
[2024-06-27T20:47:29.981+0000] {logging_mixin.py:151} INFO - [2024-06-27T20:47:29.981+0000] {dag.py:2915} INFO - Sync 1 DAGs
[2024-06-27T20:47:29.994+0000] {logging_mixin.py:151} INFO - [2024-06-27T20:47:29.994+0000] {dag.py:3696} INFO - Setting next_dagrun for tutorial_dag to None, run_after=None
[2024-06-27T20:47:30.012+0000] {processor.py:179} INFO - Processing /home/airflow/.local/lib/python3.8/site-packages/airflow/example_dags/tutorial_dag.py took 0.061 seconds
[2024-06-27T20:48:00.888+0000] {processor.py:157} INFO - Started process (PID=3131) to work on /home/airflow/.local/lib/python3.8/site-packages/airflow/example_dags/tutorial_dag.py
[2024-06-27T20:48:00.889+0000] {processor.py:829} INFO - Processing file /home/airflow/.local/lib/python3.8/site-packages/airflow/example_dags/tutorial_dag.py for tasks to queue
[2024-06-27T20:48:00.889+0000] {logging_mixin.py:151} INFO - [2024-06-27T20:48:00.889+0000] {dagbag.py:539} INFO - Filling up the DagBag from /home/airflow/.local/lib/python3.8/site-packages/airflow/example_dags/tutorial_dag.py
[2024-06-27T20:48:00.894+0000] {processor.py:839} INFO - DAG(s) dict_keys(['tutorial_dag']) retrieved from /home/airflow/.local/lib/python3.8/site-packages/airflow/example_dags/tutorial_dag.py
[2024-06-27T20:48:00.913+0000] {logging_mixin.py:151} INFO - [2024-06-27T20:48:00.913+0000] {dag.py:2915} INFO - Sync 1 DAGs
[2024-06-27T20:48:00.925+0000] {logging_mixin.py:151} INFO - [2024-06-27T20:48:00.924+0000] {dag.py:3696} INFO - Setting next_dagrun for tutorial_dag to None, run_after=None
[2024-06-27T20:48:00.943+0000] {processor.py:179} INFO - Processing /home/airflow/.local/lib/python3.8/site-packages/airflow/example_dags/tutorial_dag.py took 0.058 seconds
[2024-06-27T20:48:31.755+0000] {processor.py:157} INFO - Started process (PID=3374) to work on /home/airflow/.local/lib/python3.8/site-packages/airflow/example_dags/tutorial_dag.py
[2024-06-27T20:48:31.756+0000] {processor.py:829} INFO - Processing file /home/airflow/.local/lib/python3.8/site-packages/airflow/example_dags/tutorial_dag.py for tasks to queue
[2024-06-27T20:48:31.756+0000] {logging_mixin.py:151} INFO - [2024-06-27T20:48:31.756+0000] {dagbag.py:539} INFO - Filling up the DagBag from /home/airflow/.local/lib/python3.8/site-packages/airflow/example_dags/tutorial_dag.py
[2024-06-27T20:48:31.761+0000] {processor.py:839} INFO - DAG(s) dict_keys(['tutorial_dag']) retrieved from /home/airflow/.local/lib/python3.8/site-packages/airflow/example_dags/tutorial_dag.py
[2024-06-27T20:48:31.784+0000] {logging_mixin.py:151} INFO - [2024-06-27T20:48:31.783+0000] {dag.py:2915} INFO - Sync 1 DAGs
[2024-06-27T20:48:31.795+0000] {logging_mixin.py:151} INFO - [2024-06-27T20:48:31.795+0000] {dag.py:3696} INFO - Setting next_dagrun for tutorial_dag to None, run_after=None
[2024-06-27T20:48:31.813+0000] {processor.py:179} INFO - Processing /home/airflow/.local/lib/python3.8/site-packages/airflow/example_dags/tutorial_dag.py took 0.061 seconds
[2024-06-27T20:49:02.698+0000] {processor.py:157} INFO - Started process (PID=3617) to work on /home/airflow/.local/lib/python3.8/site-packages/airflow/example_dags/tutorial_dag.py
[2024-06-27T20:49:02.699+0000] {processor.py:829} INFO - Processing file /home/airflow/.local/lib/python3.8/site-packages/airflow/example_dags/tutorial_dag.py for tasks to queue
[2024-06-27T20:49:02.700+0000] {logging_mixin.py:151} INFO - [2024-06-27T20:49:02.699+0000] {dagbag.py:539} INFO - Filling up the DagBag from /home/airflow/.local/lib/python3.8/site-packages/airflow/example_dags/tutorial_dag.py
[2024-06-27T20:49:02.707+0000] {processor.py:839} INFO - DAG(s) dict_keys(['tutorial_dag']) retrieved from /home/airflow/.local/lib/python3.8/site-packages/airflow/example_dags/tutorial_dag.py
[2024-06-27T20:49:02.729+0000] {logging_mixin.py:151} INFO - [2024-06-27T20:49:02.729+0000] {dag.py:2915} INFO - Sync 1 DAGs
[2024-06-27T20:49:02.744+0000] {logging_mixin.py:151} INFO - [2024-06-27T20:49:02.744+0000] {dag.py:3696} INFO - Setting next_dagrun for tutorial_dag to None, run_after=None
[2024-06-27T20:49:02.768+0000] {processor.py:179} INFO - Processing /home/airflow/.local/lib/python3.8/site-packages/airflow/example_dags/tutorial_dag.py took 0.073 seconds
[2024-06-27T20:49:33.072+0000] {processor.py:157} INFO - Started process (PID=3860) to work on /home/airflow/.local/lib/python3.8/site-packages/airflow/example_dags/tutorial_dag.py
[2024-06-27T20:49:33.073+0000] {processor.py:829} INFO - Processing file /home/airflow/.local/lib/python3.8/site-packages/airflow/example_dags/tutorial_dag.py for tasks to queue
[2024-06-27T20:49:33.073+0000] {logging_mixin.py:151} INFO - [2024-06-27T20:49:33.073+0000] {dagbag.py:539} INFO - Filling up the DagBag from /home/airflow/.local/lib/python3.8/site-packages/airflow/example_dags/tutorial_dag.py
[2024-06-27T20:49:33.080+0000] {processor.py:839} INFO - DAG(s) dict_keys(['tutorial_dag']) retrieved from /home/airflow/.local/lib/python3.8/site-packages/airflow/example_dags/tutorial_dag.py
[2024-06-27T20:49:33.102+0000] {logging_mixin.py:151} INFO - [2024-06-27T20:49:33.102+0000] {dag.py:2915} INFO - Sync 1 DAGs
[2024-06-27T20:49:33.114+0000] {logging_mixin.py:151} INFO - [2024-06-27T20:49:33.114+0000] {dag.py:3696} INFO - Setting next_dagrun for tutorial_dag to None, run_after=None
[2024-06-27T20:49:33.132+0000] {processor.py:179} INFO - Processing /home/airflow/.local/lib/python3.8/site-packages/airflow/example_dags/tutorial_dag.py took 0.063 seconds
