[2024-06-27T20:41:54.550+0000] {processor.py:157} INFO - Started process (PID=206) to work on /home/airflow/.local/lib/python3.8/site-packages/airflow/example_dags/tutorial_taskflow_api_virtualenv.py
[2024-06-27T20:41:54.551+0000] {processor.py:829} INFO - Processing file /home/airflow/.local/lib/python3.8/site-packages/airflow/example_dags/tutorial_taskflow_api_virtualenv.py for tasks to queue
[2024-06-27T20:41:54.552+0000] {logging_mixin.py:151} INFO - [2024-06-27T20:41:54.552+0000] {dagbag.py:539} INFO - Filling up the DagBag from /home/airflow/.local/lib/python3.8/site-packages/airflow/example_dags/tutorial_taskflow_api_virtualenv.py
[2024-06-27T20:41:54.561+0000] {processor.py:839} INFO - DAG(s) dict_keys(['tutorial_taskflow_api_virtualenv']) retrieved from /home/airflow/.local/lib/python3.8/site-packages/airflow/example_dags/tutorial_taskflow_api_virtualenv.py
[2024-06-27T20:41:54.784+0000] {logging_mixin.py:151} INFO - [2024-06-27T20:41:54.784+0000] {manager.py:499} INFO - Created Permission View: %s
[2024-06-27T20:41:54.794+0000] {logging_mixin.py:151} INFO - [2024-06-27T20:41:54.794+0000] {manager.py:499} INFO - Created Permission View: %s
[2024-06-27T20:41:54.801+0000] {logging_mixin.py:151} INFO - [2024-06-27T20:41:54.801+0000] {manager.py:499} INFO - Created Permission View: %s
[2024-06-27T20:41:54.802+0000] {logging_mixin.py:151} INFO - [2024-06-27T20:41:54.802+0000] {security.py:708} INFO - Not syncing DAG-level permissions for DAG 'DAG:tutorial_taskflow_api_virtualenv' as access control is unset.
[2024-06-27T20:41:54.802+0000] {logging_mixin.py:151} INFO - [2024-06-27T20:41:54.802+0000] {dag.py:2915} INFO - Sync 1 DAGs
[2024-06-27T20:41:54.813+0000] {logging_mixin.py:151} INFO - [2024-06-27T20:41:54.812+0000] {dag.py:2937} INFO - Creating ORM DAG for tutorial_taskflow_api_virtualenv
[2024-06-27T20:41:54.813+0000] {logging_mixin.py:151} INFO - [2024-06-27T20:41:54.813+0000] {dag.py:3696} INFO - Setting next_dagrun for tutorial_taskflow_api_virtualenv to None, run_after=None
[2024-06-27T20:41:54.829+0000] {processor.py:179} INFO - Processing /home/airflow/.local/lib/python3.8/site-packages/airflow/example_dags/tutorial_taskflow_api_virtualenv.py took 0.282 seconds
[2024-06-27T20:42:25.147+0000] {processor.py:157} INFO - Started process (PID=449) to work on /home/airflow/.local/lib/python3.8/site-packages/airflow/example_dags/tutorial_taskflow_api_virtualenv.py
[2024-06-27T20:42:25.148+0000] {processor.py:829} INFO - Processing file /home/airflow/.local/lib/python3.8/site-packages/airflow/example_dags/tutorial_taskflow_api_virtualenv.py for tasks to queue
[2024-06-27T20:42:25.148+0000] {logging_mixin.py:151} INFO - [2024-06-27T20:42:25.148+0000] {dagbag.py:539} INFO - Filling up the DagBag from /home/airflow/.local/lib/python3.8/site-packages/airflow/example_dags/tutorial_taskflow_api_virtualenv.py
[2024-06-27T20:42:25.154+0000] {processor.py:839} INFO - DAG(s) dict_keys(['tutorial_taskflow_api_virtualenv']) retrieved from /home/airflow/.local/lib/python3.8/site-packages/airflow/example_dags/tutorial_taskflow_api_virtualenv.py
[2024-06-27T20:42:25.175+0000] {logging_mixin.py:151} INFO - [2024-06-27T20:42:25.174+0000] {dag.py:2915} INFO - Sync 1 DAGs
[2024-06-27T20:42:25.187+0000] {logging_mixin.py:151} INFO - [2024-06-27T20:42:25.187+0000] {dag.py:3696} INFO - Setting next_dagrun for tutorial_taskflow_api_virtualenv to None, run_after=None
[2024-06-27T20:42:25.207+0000] {processor.py:179} INFO - Processing /home/airflow/.local/lib/python3.8/site-packages/airflow/example_dags/tutorial_taskflow_api_virtualenv.py took 0.063 seconds
[2024-06-27T20:42:55.550+0000] {processor.py:157} INFO - Started process (PID=692) to work on /home/airflow/.local/lib/python3.8/site-packages/airflow/example_dags/tutorial_taskflow_api_virtualenv.py
[2024-06-27T20:42:55.551+0000] {processor.py:829} INFO - Processing file /home/airflow/.local/lib/python3.8/site-packages/airflow/example_dags/tutorial_taskflow_api_virtualenv.py for tasks to queue
[2024-06-27T20:42:55.552+0000] {logging_mixin.py:151} INFO - [2024-06-27T20:42:55.552+0000] {dagbag.py:539} INFO - Filling up the DagBag from /home/airflow/.local/lib/python3.8/site-packages/airflow/example_dags/tutorial_taskflow_api_virtualenv.py
[2024-06-27T20:42:55.562+0000] {processor.py:839} INFO - DAG(s) dict_keys(['tutorial_taskflow_api_virtualenv']) retrieved from /home/airflow/.local/lib/python3.8/site-packages/airflow/example_dags/tutorial_taskflow_api_virtualenv.py
[2024-06-27T20:42:55.591+0000] {logging_mixin.py:151} INFO - [2024-06-27T20:42:55.591+0000] {dag.py:2915} INFO - Sync 1 DAGs
[2024-06-27T20:42:55.613+0000] {logging_mixin.py:151} INFO - [2024-06-27T20:42:55.613+0000] {dag.py:3696} INFO - Setting next_dagrun for tutorial_taskflow_api_virtualenv to None, run_after=None
[2024-06-27T20:42:55.638+0000] {processor.py:179} INFO - Processing /home/airflow/.local/lib/python3.8/site-packages/airflow/example_dags/tutorial_taskflow_api_virtualenv.py took 0.093 seconds
[2024-06-27T20:43:25.752+0000] {processor.py:157} INFO - Started process (PID=935) to work on /home/airflow/.local/lib/python3.8/site-packages/airflow/example_dags/tutorial_taskflow_api_virtualenv.py
[2024-06-27T20:43:25.753+0000] {processor.py:829} INFO - Processing file /home/airflow/.local/lib/python3.8/site-packages/airflow/example_dags/tutorial_taskflow_api_virtualenv.py for tasks to queue
[2024-06-27T20:43:25.754+0000] {logging_mixin.py:151} INFO - [2024-06-27T20:43:25.753+0000] {dagbag.py:539} INFO - Filling up the DagBag from /home/airflow/.local/lib/python3.8/site-packages/airflow/example_dags/tutorial_taskflow_api_virtualenv.py
[2024-06-27T20:43:25.760+0000] {processor.py:839} INFO - DAG(s) dict_keys(['tutorial_taskflow_api_virtualenv']) retrieved from /home/airflow/.local/lib/python3.8/site-packages/airflow/example_dags/tutorial_taskflow_api_virtualenv.py
[2024-06-27T20:43:25.782+0000] {logging_mixin.py:151} INFO - [2024-06-27T20:43:25.782+0000] {dag.py:2915} INFO - Sync 1 DAGs
[2024-06-27T20:43:25.796+0000] {logging_mixin.py:151} INFO - [2024-06-27T20:43:25.795+0000] {dag.py:3696} INFO - Setting next_dagrun for tutorial_taskflow_api_virtualenv to None, run_after=None
[2024-06-27T20:43:25.815+0000] {processor.py:179} INFO - Processing /home/airflow/.local/lib/python3.8/site-packages/airflow/example_dags/tutorial_taskflow_api_virtualenv.py took 0.066 seconds
[2024-06-27T20:43:56.373+0000] {processor.py:157} INFO - Started process (PID=1178) to work on /home/airflow/.local/lib/python3.8/site-packages/airflow/example_dags/tutorial_taskflow_api_virtualenv.py
[2024-06-27T20:43:56.374+0000] {processor.py:829} INFO - Processing file /home/airflow/.local/lib/python3.8/site-packages/airflow/example_dags/tutorial_taskflow_api_virtualenv.py for tasks to queue
[2024-06-27T20:43:56.375+0000] {logging_mixin.py:151} INFO - [2024-06-27T20:43:56.374+0000] {dagbag.py:539} INFO - Filling up the DagBag from /home/airflow/.local/lib/python3.8/site-packages/airflow/example_dags/tutorial_taskflow_api_virtualenv.py
[2024-06-27T20:43:56.385+0000] {processor.py:839} INFO - DAG(s) dict_keys(['tutorial_taskflow_api_virtualenv']) retrieved from /home/airflow/.local/lib/python3.8/site-packages/airflow/example_dags/tutorial_taskflow_api_virtualenv.py
[2024-06-27T20:43:56.428+0000] {logging_mixin.py:151} INFO - [2024-06-27T20:43:56.428+0000] {dag.py:2915} INFO - Sync 1 DAGs
[2024-06-27T20:43:56.449+0000] {logging_mixin.py:151} INFO - [2024-06-27T20:43:56.448+0000] {dag.py:3696} INFO - Setting next_dagrun for tutorial_taskflow_api_virtualenv to None, run_after=None
[2024-06-27T20:43:56.491+0000] {processor.py:179} INFO - Processing /home/airflow/.local/lib/python3.8/site-packages/airflow/example_dags/tutorial_taskflow_api_virtualenv.py took 0.122 seconds
[2024-06-27T20:44:26.624+0000] {processor.py:157} INFO - Started process (PID=1420) to work on /home/airflow/.local/lib/python3.8/site-packages/airflow/example_dags/tutorial_taskflow_api_virtualenv.py
[2024-06-27T20:44:26.625+0000] {processor.py:829} INFO - Processing file /home/airflow/.local/lib/python3.8/site-packages/airflow/example_dags/tutorial_taskflow_api_virtualenv.py for tasks to queue
[2024-06-27T20:44:26.626+0000] {logging_mixin.py:151} INFO - [2024-06-27T20:44:26.626+0000] {dagbag.py:539} INFO - Filling up the DagBag from /home/airflow/.local/lib/python3.8/site-packages/airflow/example_dags/tutorial_taskflow_api_virtualenv.py
[2024-06-27T20:44:26.632+0000] {processor.py:839} INFO - DAG(s) dict_keys(['tutorial_taskflow_api_virtualenv']) retrieved from /home/airflow/.local/lib/python3.8/site-packages/airflow/example_dags/tutorial_taskflow_api_virtualenv.py
[2024-06-27T20:44:26.653+0000] {logging_mixin.py:151} INFO - [2024-06-27T20:44:26.653+0000] {dag.py:2915} INFO - Sync 1 DAGs
[2024-06-27T20:44:26.666+0000] {logging_mixin.py:151} INFO - [2024-06-27T20:44:26.665+0000] {dag.py:3696} INFO - Setting next_dagrun for tutorial_taskflow_api_virtualenv to None, run_after=None
[2024-06-27T20:44:26.685+0000] {processor.py:179} INFO - Processing /home/airflow/.local/lib/python3.8/site-packages/airflow/example_dags/tutorial_taskflow_api_virtualenv.py took 0.063 seconds
[2024-06-27T20:44:57.160+0000] {processor.py:157} INFO - Started process (PID=1663) to work on /home/airflow/.local/lib/python3.8/site-packages/airflow/example_dags/tutorial_taskflow_api_virtualenv.py
[2024-06-27T20:44:57.161+0000] {processor.py:829} INFO - Processing file /home/airflow/.local/lib/python3.8/site-packages/airflow/example_dags/tutorial_taskflow_api_virtualenv.py for tasks to queue
[2024-06-27T20:44:57.162+0000] {logging_mixin.py:151} INFO - [2024-06-27T20:44:57.161+0000] {dagbag.py:539} INFO - Filling up the DagBag from /home/airflow/.local/lib/python3.8/site-packages/airflow/example_dags/tutorial_taskflow_api_virtualenv.py
[2024-06-27T20:44:57.168+0000] {processor.py:839} INFO - DAG(s) dict_keys(['tutorial_taskflow_api_virtualenv']) retrieved from /home/airflow/.local/lib/python3.8/site-packages/airflow/example_dags/tutorial_taskflow_api_virtualenv.py
[2024-06-27T20:44:57.189+0000] {logging_mixin.py:151} INFO - [2024-06-27T20:44:57.189+0000] {dag.py:2915} INFO - Sync 1 DAGs
[2024-06-27T20:44:57.202+0000] {logging_mixin.py:151} INFO - [2024-06-27T20:44:57.202+0000] {dag.py:3696} INFO - Setting next_dagrun for tutorial_taskflow_api_virtualenv to None, run_after=None
[2024-06-27T20:44:57.221+0000] {processor.py:179} INFO - Processing /home/airflow/.local/lib/python3.8/site-packages/airflow/example_dags/tutorial_taskflow_api_virtualenv.py took 0.064 seconds
[2024-06-27T20:45:27.569+0000] {processor.py:157} INFO - Started process (PID=1905) to work on /home/airflow/.local/lib/python3.8/site-packages/airflow/example_dags/tutorial_taskflow_api_virtualenv.py
[2024-06-27T20:45:27.570+0000] {processor.py:829} INFO - Processing file /home/airflow/.local/lib/python3.8/site-packages/airflow/example_dags/tutorial_taskflow_api_virtualenv.py for tasks to queue
[2024-06-27T20:45:27.570+0000] {logging_mixin.py:151} INFO - [2024-06-27T20:45:27.570+0000] {dagbag.py:539} INFO - Filling up the DagBag from /home/airflow/.local/lib/python3.8/site-packages/airflow/example_dags/tutorial_taskflow_api_virtualenv.py
[2024-06-27T20:45:27.577+0000] {processor.py:839} INFO - DAG(s) dict_keys(['tutorial_taskflow_api_virtualenv']) retrieved from /home/airflow/.local/lib/python3.8/site-packages/airflow/example_dags/tutorial_taskflow_api_virtualenv.py
[2024-06-27T20:45:27.598+0000] {logging_mixin.py:151} INFO - [2024-06-27T20:45:27.598+0000] {dag.py:2915} INFO - Sync 1 DAGs
[2024-06-27T20:45:27.610+0000] {logging_mixin.py:151} INFO - [2024-06-27T20:45:27.610+0000] {dag.py:3696} INFO - Setting next_dagrun for tutorial_taskflow_api_virtualenv to None, run_after=None
[2024-06-27T20:45:27.629+0000] {processor.py:179} INFO - Processing /home/airflow/.local/lib/python3.8/site-packages/airflow/example_dags/tutorial_taskflow_api_virtualenv.py took 0.063 seconds
[2024-06-27T20:45:57.778+0000] {processor.py:157} INFO - Started process (PID=2148) to work on /home/airflow/.local/lib/python3.8/site-packages/airflow/example_dags/tutorial_taskflow_api_virtualenv.py
[2024-06-27T20:45:57.779+0000] {processor.py:829} INFO - Processing file /home/airflow/.local/lib/python3.8/site-packages/airflow/example_dags/tutorial_taskflow_api_virtualenv.py for tasks to queue
[2024-06-27T20:45:57.780+0000] {logging_mixin.py:151} INFO - [2024-06-27T20:45:57.779+0000] {dagbag.py:539} INFO - Filling up the DagBag from /home/airflow/.local/lib/python3.8/site-packages/airflow/example_dags/tutorial_taskflow_api_virtualenv.py
[2024-06-27T20:45:57.786+0000] {processor.py:839} INFO - DAG(s) dict_keys(['tutorial_taskflow_api_virtualenv']) retrieved from /home/airflow/.local/lib/python3.8/site-packages/airflow/example_dags/tutorial_taskflow_api_virtualenv.py
[2024-06-27T20:45:57.806+0000] {logging_mixin.py:151} INFO - [2024-06-27T20:45:57.806+0000] {dag.py:2915} INFO - Sync 1 DAGs
[2024-06-27T20:45:57.819+0000] {logging_mixin.py:151} INFO - [2024-06-27T20:45:57.818+0000] {dag.py:3696} INFO - Setting next_dagrun for tutorial_taskflow_api_virtualenv to None, run_after=None
[2024-06-27T20:45:57.837+0000] {processor.py:179} INFO - Processing /home/airflow/.local/lib/python3.8/site-packages/airflow/example_dags/tutorial_taskflow_api_virtualenv.py took 0.063 seconds
[2024-06-27T20:46:27.971+0000] {processor.py:157} INFO - Started process (PID=2391) to work on /home/airflow/.local/lib/python3.8/site-packages/airflow/example_dags/tutorial_taskflow_api_virtualenv.py
[2024-06-27T20:46:27.972+0000] {processor.py:829} INFO - Processing file /home/airflow/.local/lib/python3.8/site-packages/airflow/example_dags/tutorial_taskflow_api_virtualenv.py for tasks to queue
[2024-06-27T20:46:27.973+0000] {logging_mixin.py:151} INFO - [2024-06-27T20:46:27.972+0000] {dagbag.py:539} INFO - Filling up the DagBag from /home/airflow/.local/lib/python3.8/site-packages/airflow/example_dags/tutorial_taskflow_api_virtualenv.py
[2024-06-27T20:46:27.979+0000] {processor.py:839} INFO - DAG(s) dict_keys(['tutorial_taskflow_api_virtualenv']) retrieved from /home/airflow/.local/lib/python3.8/site-packages/airflow/example_dags/tutorial_taskflow_api_virtualenv.py
[2024-06-27T20:46:28.004+0000] {logging_mixin.py:151} INFO - [2024-06-27T20:46:28.004+0000] {dag.py:2915} INFO - Sync 1 DAGs
[2024-06-27T20:46:28.017+0000] {logging_mixin.py:151} INFO - [2024-06-27T20:46:28.017+0000] {dag.py:3696} INFO - Setting next_dagrun for tutorial_taskflow_api_virtualenv to None, run_after=None
[2024-06-27T20:46:28.041+0000] {processor.py:179} INFO - Processing /home/airflow/.local/lib/python3.8/site-packages/airflow/example_dags/tutorial_taskflow_api_virtualenv.py took 0.073 seconds
[2024-06-27T20:46:58.935+0000] {processor.py:157} INFO - Started process (PID=2634) to work on /home/airflow/.local/lib/python3.8/site-packages/airflow/example_dags/tutorial_taskflow_api_virtualenv.py
[2024-06-27T20:46:58.935+0000] {processor.py:829} INFO - Processing file /home/airflow/.local/lib/python3.8/site-packages/airflow/example_dags/tutorial_taskflow_api_virtualenv.py for tasks to queue
[2024-06-27T20:46:58.936+0000] {logging_mixin.py:151} INFO - [2024-06-27T20:46:58.936+0000] {dagbag.py:539} INFO - Filling up the DagBag from /home/airflow/.local/lib/python3.8/site-packages/airflow/example_dags/tutorial_taskflow_api_virtualenv.py
[2024-06-27T20:46:58.944+0000] {processor.py:839} INFO - DAG(s) dict_keys(['tutorial_taskflow_api_virtualenv']) retrieved from /home/airflow/.local/lib/python3.8/site-packages/airflow/example_dags/tutorial_taskflow_api_virtualenv.py
[2024-06-27T20:46:58.965+0000] {logging_mixin.py:151} INFO - [2024-06-27T20:46:58.965+0000] {dag.py:2915} INFO - Sync 1 DAGs
[2024-06-27T20:46:58.980+0000] {logging_mixin.py:151} INFO - [2024-06-27T20:46:58.979+0000] {dag.py:3696} INFO - Setting next_dagrun for tutorial_taskflow_api_virtualenv to None, run_after=None
[2024-06-27T20:46:58.998+0000] {processor.py:179} INFO - Processing /home/airflow/.local/lib/python3.8/site-packages/airflow/example_dags/tutorial_taskflow_api_virtualenv.py took 0.067 seconds
[2024-06-27T20:47:29.868+0000] {processor.py:157} INFO - Started process (PID=2879) to work on /home/airflow/.local/lib/python3.8/site-packages/airflow/example_dags/tutorial_taskflow_api_virtualenv.py
[2024-06-27T20:47:29.869+0000] {processor.py:829} INFO - Processing file /home/airflow/.local/lib/python3.8/site-packages/airflow/example_dags/tutorial_taskflow_api_virtualenv.py for tasks to queue
[2024-06-27T20:47:29.870+0000] {logging_mixin.py:151} INFO - [2024-06-27T20:47:29.869+0000] {dagbag.py:539} INFO - Filling up the DagBag from /home/airflow/.local/lib/python3.8/site-packages/airflow/example_dags/tutorial_taskflow_api_virtualenv.py
[2024-06-27T20:47:29.875+0000] {processor.py:839} INFO - DAG(s) dict_keys(['tutorial_taskflow_api_virtualenv']) retrieved from /home/airflow/.local/lib/python3.8/site-packages/airflow/example_dags/tutorial_taskflow_api_virtualenv.py
[2024-06-27T20:47:29.896+0000] {logging_mixin.py:151} INFO - [2024-06-27T20:47:29.895+0000] {dag.py:2915} INFO - Sync 1 DAGs
[2024-06-27T20:47:29.908+0000] {logging_mixin.py:151} INFO - [2024-06-27T20:47:29.907+0000] {dag.py:3696} INFO - Setting next_dagrun for tutorial_taskflow_api_virtualenv to None, run_after=None
[2024-06-27T20:47:29.926+0000] {processor.py:179} INFO - Processing /home/airflow/.local/lib/python3.8/site-packages/airflow/example_dags/tutorial_taskflow_api_virtualenv.py took 0.061 seconds
[2024-06-27T20:48:00.803+0000] {processor.py:157} INFO - Started process (PID=3123) to work on /home/airflow/.local/lib/python3.8/site-packages/airflow/example_dags/tutorial_taskflow_api_virtualenv.py
[2024-06-27T20:48:00.804+0000] {processor.py:829} INFO - Processing file /home/airflow/.local/lib/python3.8/site-packages/airflow/example_dags/tutorial_taskflow_api_virtualenv.py for tasks to queue
[2024-06-27T20:48:00.805+0000] {logging_mixin.py:151} INFO - [2024-06-27T20:48:00.804+0000] {dagbag.py:539} INFO - Filling up the DagBag from /home/airflow/.local/lib/python3.8/site-packages/airflow/example_dags/tutorial_taskflow_api_virtualenv.py
[2024-06-27T20:48:00.811+0000] {processor.py:839} INFO - DAG(s) dict_keys(['tutorial_taskflow_api_virtualenv']) retrieved from /home/airflow/.local/lib/python3.8/site-packages/airflow/example_dags/tutorial_taskflow_api_virtualenv.py
[2024-06-27T20:48:00.830+0000] {logging_mixin.py:151} INFO - [2024-06-27T20:48:00.830+0000] {dag.py:2915} INFO - Sync 1 DAGs
[2024-06-27T20:48:00.842+0000] {logging_mixin.py:151} INFO - [2024-06-27T20:48:00.841+0000] {dag.py:3696} INFO - Setting next_dagrun for tutorial_taskflow_api_virtualenv to None, run_after=None
[2024-06-27T20:48:00.860+0000] {processor.py:179} INFO - Processing /home/airflow/.local/lib/python3.8/site-packages/airflow/example_dags/tutorial_taskflow_api_virtualenv.py took 0.059 seconds
[2024-06-27T20:48:31.661+0000] {processor.py:157} INFO - Started process (PID=3364) to work on /home/airflow/.local/lib/python3.8/site-packages/airflow/example_dags/tutorial_taskflow_api_virtualenv.py
[2024-06-27T20:48:31.662+0000] {processor.py:829} INFO - Processing file /home/airflow/.local/lib/python3.8/site-packages/airflow/example_dags/tutorial_taskflow_api_virtualenv.py for tasks to queue
[2024-06-27T20:48:31.663+0000] {logging_mixin.py:151} INFO - [2024-06-27T20:48:31.663+0000] {dagbag.py:539} INFO - Filling up the DagBag from /home/airflow/.local/lib/python3.8/site-packages/airflow/example_dags/tutorial_taskflow_api_virtualenv.py
[2024-06-27T20:48:31.671+0000] {processor.py:839} INFO - DAG(s) dict_keys(['tutorial_taskflow_api_virtualenv']) retrieved from /home/airflow/.local/lib/python3.8/site-packages/airflow/example_dags/tutorial_taskflow_api_virtualenv.py
[2024-06-27T20:48:31.698+0000] {logging_mixin.py:151} INFO - [2024-06-27T20:48:31.698+0000] {dag.py:2915} INFO - Sync 1 DAGs
[2024-06-27T20:48:31.715+0000] {logging_mixin.py:151} INFO - [2024-06-27T20:48:31.714+0000] {dag.py:3696} INFO - Setting next_dagrun for tutorial_taskflow_api_virtualenv to None, run_after=None
[2024-06-27T20:48:31.732+0000] {processor.py:179} INFO - Processing /home/airflow/.local/lib/python3.8/site-packages/airflow/example_dags/tutorial_taskflow_api_virtualenv.py took 0.074 seconds
[2024-06-27T20:49:02.604+0000] {processor.py:157} INFO - Started process (PID=3609) to work on /home/airflow/.local/lib/python3.8/site-packages/airflow/example_dags/tutorial_taskflow_api_virtualenv.py
[2024-06-27T20:49:02.605+0000] {processor.py:829} INFO - Processing file /home/airflow/.local/lib/python3.8/site-packages/airflow/example_dags/tutorial_taskflow_api_virtualenv.py for tasks to queue
[2024-06-27T20:49:02.606+0000] {logging_mixin.py:151} INFO - [2024-06-27T20:49:02.605+0000] {dagbag.py:539} INFO - Filling up the DagBag from /home/airflow/.local/lib/python3.8/site-packages/airflow/example_dags/tutorial_taskflow_api_virtualenv.py
[2024-06-27T20:49:02.612+0000] {processor.py:839} INFO - DAG(s) dict_keys(['tutorial_taskflow_api_virtualenv']) retrieved from /home/airflow/.local/lib/python3.8/site-packages/airflow/example_dags/tutorial_taskflow_api_virtualenv.py
[2024-06-27T20:49:02.632+0000] {logging_mixin.py:151} INFO - [2024-06-27T20:49:02.632+0000] {dag.py:2915} INFO - Sync 1 DAGs
[2024-06-27T20:49:02.644+0000] {logging_mixin.py:151} INFO - [2024-06-27T20:49:02.644+0000] {dag.py:3696} INFO - Setting next_dagrun for tutorial_taskflow_api_virtualenv to None, run_after=None
[2024-06-27T20:49:02.665+0000] {processor.py:179} INFO - Processing /home/airflow/.local/lib/python3.8/site-packages/airflow/example_dags/tutorial_taskflow_api_virtualenv.py took 0.064 seconds
[2024-06-27T20:49:32.989+0000] {processor.py:157} INFO - Started process (PID=3850) to work on /home/airflow/.local/lib/python3.8/site-packages/airflow/example_dags/tutorial_taskflow_api_virtualenv.py
[2024-06-27T20:49:32.990+0000] {processor.py:829} INFO - Processing file /home/airflow/.local/lib/python3.8/site-packages/airflow/example_dags/tutorial_taskflow_api_virtualenv.py for tasks to queue
[2024-06-27T20:49:32.991+0000] {logging_mixin.py:151} INFO - [2024-06-27T20:49:32.991+0000] {dagbag.py:539} INFO - Filling up the DagBag from /home/airflow/.local/lib/python3.8/site-packages/airflow/example_dags/tutorial_taskflow_api_virtualenv.py
[2024-06-27T20:49:32.998+0000] {processor.py:839} INFO - DAG(s) dict_keys(['tutorial_taskflow_api_virtualenv']) retrieved from /home/airflow/.local/lib/python3.8/site-packages/airflow/example_dags/tutorial_taskflow_api_virtualenv.py
[2024-06-27T20:49:33.021+0000] {logging_mixin.py:151} INFO - [2024-06-27T20:49:33.020+0000] {dag.py:2915} INFO - Sync 1 DAGs
[2024-06-27T20:49:33.032+0000] {logging_mixin.py:151} INFO - [2024-06-27T20:49:33.032+0000] {dag.py:3696} INFO - Setting next_dagrun for tutorial_taskflow_api_virtualenv to None, run_after=None
[2024-06-27T20:49:33.049+0000] {processor.py:179} INFO - Processing /home/airflow/.local/lib/python3.8/site-packages/airflow/example_dags/tutorial_taskflow_api_virtualenv.py took 0.063 seconds
