[2024-06-10T19:38:26.708+0000] {processor.py:157} INFO - Started process (PID=357) to work on /home/airflow/.local/lib/python3.8/site-packages/airflow/example_dags/example_sla_dag.py
[2024-06-10T19:38:26.709+0000] {processor.py:829} INFO - Processing file /home/airflow/.local/lib/python3.8/site-packages/airflow/example_dags/example_sla_dag.py for tasks to queue
[2024-06-10T19:38:26.710+0000] {logging_mixin.py:151} INFO - [2024-06-10T19:38:26.710+0000] {dagbag.py:539} INFO - Filling up the DagBag from /home/airflow/.local/lib/python3.8/site-packages/airflow/example_dags/example_sla_dag.py
[2024-06-10T19:38:26.720+0000] {processor.py:839} INFO - DAG(s) dict_keys(['example_sla_dag']) retrieved from /home/airflow/.local/lib/python3.8/site-packages/airflow/example_dags/example_sla_dag.py
[2024-06-10T19:38:26.732+0000] {logging_mixin.py:151} INFO - [2024-06-10T19:38:26.732+0000] {dag.py:2915} INFO - Sync 1 DAGs
[2024-06-10T19:38:26.892+0000] {logging_mixin.py:151} INFO - [2024-06-10T19:38:26.892+0000] {dag.py:3696} INFO - Setting next_dagrun for example_sla_dag to 2024-06-10T19:36:00+00:00, run_after=2024-06-10T19:38:00+00:00
[2024-06-10T19:38:26.917+0000] {processor.py:179} INFO - Processing /home/airflow/.local/lib/python3.8/site-packages/airflow/example_dags/example_sla_dag.py took 0.212 seconds
[2024-06-10T19:38:57.168+0000] {processor.py:157} INFO - Started process (PID=595) to work on /home/airflow/.local/lib/python3.8/site-packages/airflow/example_dags/example_sla_dag.py
[2024-06-10T19:38:57.168+0000] {processor.py:829} INFO - Processing file /home/airflow/.local/lib/python3.8/site-packages/airflow/example_dags/example_sla_dag.py for tasks to queue
[2024-06-10T19:38:57.169+0000] {logging_mixin.py:151} INFO - [2024-06-10T19:38:57.169+0000] {dagbag.py:539} INFO - Filling up the DagBag from /home/airflow/.local/lib/python3.8/site-packages/airflow/example_dags/example_sla_dag.py
[2024-06-10T19:38:57.178+0000] {processor.py:839} INFO - DAG(s) dict_keys(['example_sla_dag']) retrieved from /home/airflow/.local/lib/python3.8/site-packages/airflow/example_dags/example_sla_dag.py
[2024-06-10T19:38:57.198+0000] {logging_mixin.py:151} INFO - [2024-06-10T19:38:57.197+0000] {dag.py:2915} INFO - Sync 1 DAGs
[2024-06-10T19:38:57.222+0000] {logging_mixin.py:151} INFO - [2024-06-10T19:38:57.222+0000] {dag.py:3696} INFO - Setting next_dagrun for example_sla_dag to 2024-06-10T19:36:00+00:00, run_after=2024-06-10T19:38:00+00:00
[2024-06-10T19:38:57.240+0000] {processor.py:179} INFO - Processing /home/airflow/.local/lib/python3.8/site-packages/airflow/example_dags/example_sla_dag.py took 0.075 seconds
[2024-06-10T19:39:28.166+0000] {processor.py:157} INFO - Started process (PID=833) to work on /home/airflow/.local/lib/python3.8/site-packages/airflow/example_dags/example_sla_dag.py
[2024-06-10T19:39:28.167+0000] {processor.py:829} INFO - Processing file /home/airflow/.local/lib/python3.8/site-packages/airflow/example_dags/example_sla_dag.py for tasks to queue
[2024-06-10T19:39:28.167+0000] {logging_mixin.py:151} INFO - [2024-06-10T19:39:28.167+0000] {dagbag.py:539} INFO - Filling up the DagBag from /home/airflow/.local/lib/python3.8/site-packages/airflow/example_dags/example_sla_dag.py
[2024-06-10T19:39:28.175+0000] {processor.py:839} INFO - DAG(s) dict_keys(['example_sla_dag']) retrieved from /home/airflow/.local/lib/python3.8/site-packages/airflow/example_dags/example_sla_dag.py
[2024-06-10T19:39:28.194+0000] {logging_mixin.py:151} INFO - [2024-06-10T19:39:28.194+0000] {dag.py:2915} INFO - Sync 1 DAGs
[2024-06-10T19:39:28.222+0000] {logging_mixin.py:151} INFO - [2024-06-10T19:39:28.222+0000] {dag.py:3696} INFO - Setting next_dagrun for example_sla_dag to 2024-06-10T19:36:00+00:00, run_after=2024-06-10T19:38:00+00:00
[2024-06-10T19:39:28.248+0000] {processor.py:179} INFO - Processing /home/airflow/.local/lib/python3.8/site-packages/airflow/example_dags/example_sla_dag.py took 0.086 seconds
[2024-06-10T19:39:59.040+0000] {processor.py:157} INFO - Started process (PID=1073) to work on /home/airflow/.local/lib/python3.8/site-packages/airflow/example_dags/example_sla_dag.py
[2024-06-10T19:39:59.040+0000] {processor.py:829} INFO - Processing file /home/airflow/.local/lib/python3.8/site-packages/airflow/example_dags/example_sla_dag.py for tasks to queue
[2024-06-10T19:39:59.041+0000] {logging_mixin.py:151} INFO - [2024-06-10T19:39:59.041+0000] {dagbag.py:539} INFO - Filling up the DagBag from /home/airflow/.local/lib/python3.8/site-packages/airflow/example_dags/example_sla_dag.py
[2024-06-10T19:39:59.049+0000] {processor.py:839} INFO - DAG(s) dict_keys(['example_sla_dag']) retrieved from /home/airflow/.local/lib/python3.8/site-packages/airflow/example_dags/example_sla_dag.py
[2024-06-10T19:39:59.071+0000] {logging_mixin.py:151} INFO - [2024-06-10T19:39:59.071+0000] {dag.py:2915} INFO - Sync 1 DAGs
[2024-06-10T19:39:59.104+0000] {logging_mixin.py:151} INFO - [2024-06-10T19:39:59.103+0000] {dag.py:3696} INFO - Setting next_dagrun for example_sla_dag to 2024-06-10T19:36:00+00:00, run_after=2024-06-10T19:38:00+00:00
[2024-06-10T19:39:59.128+0000] {processor.py:179} INFO - Processing /home/airflow/.local/lib/python3.8/site-packages/airflow/example_dags/example_sla_dag.py took 0.091 seconds
[2024-06-10T19:40:29.802+0000] {processor.py:157} INFO - Started process (PID=1311) to work on /home/airflow/.local/lib/python3.8/site-packages/airflow/example_dags/example_sla_dag.py
[2024-06-10T19:40:29.803+0000] {processor.py:829} INFO - Processing file /home/airflow/.local/lib/python3.8/site-packages/airflow/example_dags/example_sla_dag.py for tasks to queue
[2024-06-10T19:40:29.804+0000] {logging_mixin.py:151} INFO - [2024-06-10T19:40:29.803+0000] {dagbag.py:539} INFO - Filling up the DagBag from /home/airflow/.local/lib/python3.8/site-packages/airflow/example_dags/example_sla_dag.py
[2024-06-10T19:40:29.812+0000] {processor.py:839} INFO - DAG(s) dict_keys(['example_sla_dag']) retrieved from /home/airflow/.local/lib/python3.8/site-packages/airflow/example_dags/example_sla_dag.py
[2024-06-10T19:40:29.832+0000] {logging_mixin.py:151} INFO - [2024-06-10T19:40:29.831+0000] {dag.py:2915} INFO - Sync 1 DAGs
[2024-06-10T19:40:29.855+0000] {logging_mixin.py:151} INFO - [2024-06-10T19:40:29.855+0000] {dag.py:3696} INFO - Setting next_dagrun for example_sla_dag to 2024-06-10T19:38:00+00:00, run_after=2024-06-10T19:40:00+00:00
[2024-06-10T19:40:29.872+0000] {processor.py:179} INFO - Processing /home/airflow/.local/lib/python3.8/site-packages/airflow/example_dags/example_sla_dag.py took 0.073 seconds
[2024-06-10T19:41:00.695+0000] {processor.py:157} INFO - Started process (PID=1556) to work on /home/airflow/.local/lib/python3.8/site-packages/airflow/example_dags/example_sla_dag.py
[2024-06-10T19:41:00.696+0000] {processor.py:829} INFO - Processing file /home/airflow/.local/lib/python3.8/site-packages/airflow/example_dags/example_sla_dag.py for tasks to queue
[2024-06-10T19:41:00.697+0000] {logging_mixin.py:151} INFO - [2024-06-10T19:41:00.696+0000] {dagbag.py:539} INFO - Filling up the DagBag from /home/airflow/.local/lib/python3.8/site-packages/airflow/example_dags/example_sla_dag.py
[2024-06-10T19:41:00.705+0000] {processor.py:839} INFO - DAG(s) dict_keys(['example_sla_dag']) retrieved from /home/airflow/.local/lib/python3.8/site-packages/airflow/example_dags/example_sla_dag.py
[2024-06-10T19:41:00.725+0000] {logging_mixin.py:151} INFO - [2024-06-10T19:41:00.724+0000] {dag.py:2915} INFO - Sync 1 DAGs
[2024-06-10T19:41:00.749+0000] {logging_mixin.py:151} INFO - [2024-06-10T19:41:00.749+0000] {dag.py:3696} INFO - Setting next_dagrun for example_sla_dag to 2024-06-10T19:38:00+00:00, run_after=2024-06-10T19:40:00+00:00
[2024-06-10T19:41:00.768+0000] {processor.py:179} INFO - Processing /home/airflow/.local/lib/python3.8/site-packages/airflow/example_dags/example_sla_dag.py took 0.076 seconds
[2024-06-10T19:41:31.538+0000] {processor.py:157} INFO - Started process (PID=1795) to work on /home/airflow/.local/lib/python3.8/site-packages/airflow/example_dags/example_sla_dag.py
[2024-06-10T19:41:31.539+0000] {processor.py:829} INFO - Processing file /home/airflow/.local/lib/python3.8/site-packages/airflow/example_dags/example_sla_dag.py for tasks to queue
[2024-06-10T19:41:31.540+0000] {logging_mixin.py:151} INFO - [2024-06-10T19:41:31.539+0000] {dagbag.py:539} INFO - Filling up the DagBag from /home/airflow/.local/lib/python3.8/site-packages/airflow/example_dags/example_sla_dag.py
[2024-06-10T19:41:31.548+0000] {processor.py:839} INFO - DAG(s) dict_keys(['example_sla_dag']) retrieved from /home/airflow/.local/lib/python3.8/site-packages/airflow/example_dags/example_sla_dag.py
[2024-06-10T19:41:31.567+0000] {logging_mixin.py:151} INFO - [2024-06-10T19:41:31.567+0000] {dag.py:2915} INFO - Sync 1 DAGs
[2024-06-10T19:41:31.595+0000] {logging_mixin.py:151} INFO - [2024-06-10T19:41:31.594+0000] {dag.py:3696} INFO - Setting next_dagrun for example_sla_dag to 2024-06-10T19:38:00+00:00, run_after=2024-06-10T19:40:00+00:00
[2024-06-10T19:41:31.613+0000] {processor.py:179} INFO - Processing /home/airflow/.local/lib/python3.8/site-packages/airflow/example_dags/example_sla_dag.py took 0.078 seconds
[2024-06-10T19:42:01.837+0000] {processor.py:157} INFO - Started process (PID=2034) to work on /home/airflow/.local/lib/python3.8/site-packages/airflow/example_dags/example_sla_dag.py
[2024-06-10T19:42:01.838+0000] {processor.py:829} INFO - Processing file /home/airflow/.local/lib/python3.8/site-packages/airflow/example_dags/example_sla_dag.py for tasks to queue
[2024-06-10T19:42:01.839+0000] {logging_mixin.py:151} INFO - [2024-06-10T19:42:01.838+0000] {dagbag.py:539} INFO - Filling up the DagBag from /home/airflow/.local/lib/python3.8/site-packages/airflow/example_dags/example_sla_dag.py
[2024-06-10T19:42:01.847+0000] {processor.py:839} INFO - DAG(s) dict_keys(['example_sla_dag']) retrieved from /home/airflow/.local/lib/python3.8/site-packages/airflow/example_dags/example_sla_dag.py
[2024-06-10T19:42:01.868+0000] {logging_mixin.py:151} INFO - [2024-06-10T19:42:01.868+0000] {dag.py:2915} INFO - Sync 1 DAGs
[2024-06-10T19:42:01.898+0000] {logging_mixin.py:151} INFO - [2024-06-10T19:42:01.898+0000] {dag.py:3696} INFO - Setting next_dagrun for example_sla_dag to 2024-06-10T19:40:00+00:00, run_after=2024-06-10T19:42:00+00:00
[2024-06-10T19:42:01.915+0000] {processor.py:179} INFO - Processing /home/airflow/.local/lib/python3.8/site-packages/airflow/example_dags/example_sla_dag.py took 0.081 seconds
[2024-06-10T19:42:32.938+0000] {processor.py:157} INFO - Started process (PID=2274) to work on /home/airflow/.local/lib/python3.8/site-packages/airflow/example_dags/example_sla_dag.py
[2024-06-10T19:42:32.939+0000] {processor.py:829} INFO - Processing file /home/airflow/.local/lib/python3.8/site-packages/airflow/example_dags/example_sla_dag.py for tasks to queue
[2024-06-10T19:42:32.940+0000] {logging_mixin.py:151} INFO - [2024-06-10T19:42:32.939+0000] {dagbag.py:539} INFO - Filling up the DagBag from /home/airflow/.local/lib/python3.8/site-packages/airflow/example_dags/example_sla_dag.py
[2024-06-10T19:42:32.948+0000] {processor.py:839} INFO - DAG(s) dict_keys(['example_sla_dag']) retrieved from /home/airflow/.local/lib/python3.8/site-packages/airflow/example_dags/example_sla_dag.py
[2024-06-10T19:42:32.970+0000] {logging_mixin.py:151} INFO - [2024-06-10T19:42:32.970+0000] {dag.py:2915} INFO - Sync 1 DAGs
[2024-06-10T19:42:32.995+0000] {logging_mixin.py:151} INFO - [2024-06-10T19:42:32.995+0000] {dag.py:3696} INFO - Setting next_dagrun for example_sla_dag to 2024-06-10T19:40:00+00:00, run_after=2024-06-10T19:42:00+00:00
[2024-06-10T19:42:33.011+0000] {processor.py:179} INFO - Processing /home/airflow/.local/lib/python3.8/site-packages/airflow/example_dags/example_sla_dag.py took 0.075 seconds
[2024-06-10T19:43:03.997+0000] {processor.py:157} INFO - Started process (PID=2513) to work on /home/airflow/.local/lib/python3.8/site-packages/airflow/example_dags/example_sla_dag.py
[2024-06-10T19:43:03.998+0000] {processor.py:829} INFO - Processing file /home/airflow/.local/lib/python3.8/site-packages/airflow/example_dags/example_sla_dag.py for tasks to queue
[2024-06-10T19:43:03.999+0000] {logging_mixin.py:151} INFO - [2024-06-10T19:43:03.998+0000] {dagbag.py:539} INFO - Filling up the DagBag from /home/airflow/.local/lib/python3.8/site-packages/airflow/example_dags/example_sla_dag.py
[2024-06-10T19:43:04.007+0000] {processor.py:839} INFO - DAG(s) dict_keys(['example_sla_dag']) retrieved from /home/airflow/.local/lib/python3.8/site-packages/airflow/example_dags/example_sla_dag.py
[2024-06-10T19:43:04.027+0000] {logging_mixin.py:151} INFO - [2024-06-10T19:43:04.026+0000] {dag.py:2915} INFO - Sync 1 DAGs
[2024-06-10T19:43:04.051+0000] {logging_mixin.py:151} INFO - [2024-06-10T19:43:04.050+0000] {dag.py:3696} INFO - Setting next_dagrun for example_sla_dag to 2024-06-10T19:40:00+00:00, run_after=2024-06-10T19:42:00+00:00
[2024-06-10T19:43:04.066+0000] {processor.py:179} INFO - Processing /home/airflow/.local/lib/python3.8/site-packages/airflow/example_dags/example_sla_dag.py took 0.072 seconds
[2024-06-10T19:43:34.985+0000] {processor.py:157} INFO - Started process (PID=2755) to work on /home/airflow/.local/lib/python3.8/site-packages/airflow/example_dags/example_sla_dag.py
[2024-06-10T19:43:34.986+0000] {processor.py:829} INFO - Processing file /home/airflow/.local/lib/python3.8/site-packages/airflow/example_dags/example_sla_dag.py for tasks to queue
[2024-06-10T19:43:34.987+0000] {logging_mixin.py:151} INFO - [2024-06-10T19:43:34.986+0000] {dagbag.py:539} INFO - Filling up the DagBag from /home/airflow/.local/lib/python3.8/site-packages/airflow/example_dags/example_sla_dag.py
[2024-06-10T19:43:34.996+0000] {processor.py:839} INFO - DAG(s) dict_keys(['example_sla_dag']) retrieved from /home/airflow/.local/lib/python3.8/site-packages/airflow/example_dags/example_sla_dag.py
[2024-06-10T19:43:35.014+0000] {logging_mixin.py:151} INFO - [2024-06-10T19:43:35.014+0000] {dag.py:2915} INFO - Sync 1 DAGs
[2024-06-10T19:43:35.039+0000] {logging_mixin.py:151} INFO - [2024-06-10T19:43:35.038+0000] {dag.py:3696} INFO - Setting next_dagrun for example_sla_dag to 2024-06-10T19:40:00+00:00, run_after=2024-06-10T19:42:00+00:00
[2024-06-10T19:43:35.055+0000] {processor.py:179} INFO - Processing /home/airflow/.local/lib/python3.8/site-packages/airflow/example_dags/example_sla_dag.py took 0.073 seconds
[2024-06-10T19:44:05.974+0000] {processor.py:157} INFO - Started process (PID=2993) to work on /home/airflow/.local/lib/python3.8/site-packages/airflow/example_dags/example_sla_dag.py
[2024-06-10T19:44:05.975+0000] {processor.py:829} INFO - Processing file /home/airflow/.local/lib/python3.8/site-packages/airflow/example_dags/example_sla_dag.py for tasks to queue
[2024-06-10T19:44:05.976+0000] {logging_mixin.py:151} INFO - [2024-06-10T19:44:05.975+0000] {dagbag.py:539} INFO - Filling up the DagBag from /home/airflow/.local/lib/python3.8/site-packages/airflow/example_dags/example_sla_dag.py
[2024-06-10T19:44:05.984+0000] {processor.py:839} INFO - DAG(s) dict_keys(['example_sla_dag']) retrieved from /home/airflow/.local/lib/python3.8/site-packages/airflow/example_dags/example_sla_dag.py
[2024-06-10T19:44:06.003+0000] {logging_mixin.py:151} INFO - [2024-06-10T19:44:06.003+0000] {dag.py:2915} INFO - Sync 1 DAGs
[2024-06-10T19:44:06.028+0000] {logging_mixin.py:151} INFO - [2024-06-10T19:44:06.028+0000] {dag.py:3696} INFO - Setting next_dagrun for example_sla_dag to 2024-06-10T19:42:00+00:00, run_after=2024-06-10T19:44:00+00:00
[2024-06-10T19:44:06.045+0000] {processor.py:179} INFO - Processing /home/airflow/.local/lib/python3.8/site-packages/airflow/example_dags/example_sla_dag.py took 0.074 seconds
[2024-06-10T19:44:36.471+0000] {processor.py:157} INFO - Started process (PID=3231) to work on /home/airflow/.local/lib/python3.8/site-packages/airflow/example_dags/example_sla_dag.py
[2024-06-10T19:44:36.472+0000] {processor.py:829} INFO - Processing file /home/airflow/.local/lib/python3.8/site-packages/airflow/example_dags/example_sla_dag.py for tasks to queue
[2024-06-10T19:44:36.473+0000] {logging_mixin.py:151} INFO - [2024-06-10T19:44:36.473+0000] {dagbag.py:539} INFO - Filling up the DagBag from /home/airflow/.local/lib/python3.8/site-packages/airflow/example_dags/example_sla_dag.py
[2024-06-10T19:44:36.481+0000] {processor.py:839} INFO - DAG(s) dict_keys(['example_sla_dag']) retrieved from /home/airflow/.local/lib/python3.8/site-packages/airflow/example_dags/example_sla_dag.py
[2024-06-10T19:44:36.505+0000] {logging_mixin.py:151} INFO - [2024-06-10T19:44:36.505+0000] {dag.py:2915} INFO - Sync 1 DAGs
[2024-06-10T19:44:36.534+0000] {logging_mixin.py:151} INFO - [2024-06-10T19:44:36.534+0000] {dag.py:3696} INFO - Setting next_dagrun for example_sla_dag to 2024-06-10T19:42:00+00:00, run_after=2024-06-10T19:44:00+00:00
[2024-06-10T19:44:36.554+0000] {processor.py:179} INFO - Processing /home/airflow/.local/lib/python3.8/site-packages/airflow/example_dags/example_sla_dag.py took 0.086 seconds
[2024-06-10T19:45:07.364+0000] {processor.py:157} INFO - Started process (PID=3469) to work on /home/airflow/.local/lib/python3.8/site-packages/airflow/example_dags/example_sla_dag.py
[2024-06-10T19:45:07.365+0000] {processor.py:829} INFO - Processing file /home/airflow/.local/lib/python3.8/site-packages/airflow/example_dags/example_sla_dag.py for tasks to queue
[2024-06-10T19:45:07.366+0000] {logging_mixin.py:151} INFO - [2024-06-10T19:45:07.365+0000] {dagbag.py:539} INFO - Filling up the DagBag from /home/airflow/.local/lib/python3.8/site-packages/airflow/example_dags/example_sla_dag.py
[2024-06-10T19:45:07.374+0000] {processor.py:839} INFO - DAG(s) dict_keys(['example_sla_dag']) retrieved from /home/airflow/.local/lib/python3.8/site-packages/airflow/example_dags/example_sla_dag.py
[2024-06-10T19:45:07.400+0000] {logging_mixin.py:151} INFO - [2024-06-10T19:45:07.399+0000] {dag.py:2915} INFO - Sync 1 DAGs
[2024-06-10T19:45:07.428+0000] {logging_mixin.py:151} INFO - [2024-06-10T19:45:07.428+0000] {dag.py:3696} INFO - Setting next_dagrun for example_sla_dag to 2024-06-10T19:42:00+00:00, run_after=2024-06-10T19:44:00+00:00
[2024-06-10T19:45:07.446+0000] {processor.py:179} INFO - Processing /home/airflow/.local/lib/python3.8/site-packages/airflow/example_dags/example_sla_dag.py took 0.085 seconds
[2024-06-10T19:45:38.066+0000] {processor.py:157} INFO - Started process (PID=3707) to work on /home/airflow/.local/lib/python3.8/site-packages/airflow/example_dags/example_sla_dag.py
[2024-06-10T19:45:38.067+0000] {processor.py:829} INFO - Processing file /home/airflow/.local/lib/python3.8/site-packages/airflow/example_dags/example_sla_dag.py for tasks to queue
[2024-06-10T19:45:38.067+0000] {logging_mixin.py:151} INFO - [2024-06-10T19:45:38.067+0000] {dagbag.py:539} INFO - Filling up the DagBag from /home/airflow/.local/lib/python3.8/site-packages/airflow/example_dags/example_sla_dag.py
[2024-06-10T19:45:38.076+0000] {processor.py:839} INFO - DAG(s) dict_keys(['example_sla_dag']) retrieved from /home/airflow/.local/lib/python3.8/site-packages/airflow/example_dags/example_sla_dag.py
[2024-06-10T19:45:38.095+0000] {logging_mixin.py:151} INFO - [2024-06-10T19:45:38.095+0000] {dag.py:2915} INFO - Sync 1 DAGs
[2024-06-10T19:45:38.120+0000] {logging_mixin.py:151} INFO - [2024-06-10T19:45:38.120+0000] {dag.py:3696} INFO - Setting next_dagrun for example_sla_dag to 2024-06-10T19:42:00+00:00, run_after=2024-06-10T19:44:00+00:00
[2024-06-10T19:45:38.136+0000] {processor.py:179} INFO - Processing /home/airflow/.local/lib/python3.8/site-packages/airflow/example_dags/example_sla_dag.py took 0.073 seconds
[2024-06-10T19:46:08.725+0000] {processor.py:157} INFO - Started process (PID=3946) to work on /home/airflow/.local/lib/python3.8/site-packages/airflow/example_dags/example_sla_dag.py
[2024-06-10T19:46:08.726+0000] {processor.py:829} INFO - Processing file /home/airflow/.local/lib/python3.8/site-packages/airflow/example_dags/example_sla_dag.py for tasks to queue
[2024-06-10T19:46:08.726+0000] {logging_mixin.py:151} INFO - [2024-06-10T19:46:08.726+0000] {dagbag.py:539} INFO - Filling up the DagBag from /home/airflow/.local/lib/python3.8/site-packages/airflow/example_dags/example_sla_dag.py
[2024-06-10T19:46:08.735+0000] {processor.py:839} INFO - DAG(s) dict_keys(['example_sla_dag']) retrieved from /home/airflow/.local/lib/python3.8/site-packages/airflow/example_dags/example_sla_dag.py
[2024-06-10T19:46:08.755+0000] {logging_mixin.py:151} INFO - [2024-06-10T19:46:08.754+0000] {dag.py:2915} INFO - Sync 1 DAGs
[2024-06-10T19:46:08.780+0000] {logging_mixin.py:151} INFO - [2024-06-10T19:46:08.780+0000] {dag.py:3696} INFO - Setting next_dagrun for example_sla_dag to 2024-06-10T19:44:00+00:00, run_after=2024-06-10T19:46:00+00:00
[2024-06-10T19:46:08.798+0000] {processor.py:179} INFO - Processing /home/airflow/.local/lib/python3.8/site-packages/airflow/example_dags/example_sla_dag.py took 0.075 seconds
[2024-06-10T19:46:39.500+0000] {processor.py:157} INFO - Started process (PID=4186) to work on /home/airflow/.local/lib/python3.8/site-packages/airflow/example_dags/example_sla_dag.py
[2024-06-10T19:46:39.501+0000] {processor.py:829} INFO - Processing file /home/airflow/.local/lib/python3.8/site-packages/airflow/example_dags/example_sla_dag.py for tasks to queue
[2024-06-10T19:46:39.502+0000] {logging_mixin.py:151} INFO - [2024-06-10T19:46:39.502+0000] {dagbag.py:539} INFO - Filling up the DagBag from /home/airflow/.local/lib/python3.8/site-packages/airflow/example_dags/example_sla_dag.py
[2024-06-10T19:46:39.510+0000] {processor.py:839} INFO - DAG(s) dict_keys(['example_sla_dag']) retrieved from /home/airflow/.local/lib/python3.8/site-packages/airflow/example_dags/example_sla_dag.py
[2024-06-10T19:46:39.530+0000] {logging_mixin.py:151} INFO - [2024-06-10T19:46:39.530+0000] {dag.py:2915} INFO - Sync 1 DAGs
[2024-06-10T19:46:39.555+0000] {logging_mixin.py:151} INFO - [2024-06-10T19:46:39.555+0000] {dag.py:3696} INFO - Setting next_dagrun for example_sla_dag to 2024-06-10T19:44:00+00:00, run_after=2024-06-10T19:46:00+00:00
[2024-06-10T19:46:39.572+0000] {processor.py:179} INFO - Processing /home/airflow/.local/lib/python3.8/site-packages/airflow/example_dags/example_sla_dag.py took 0.075 seconds
[2024-06-10T19:47:10.192+0000] {processor.py:157} INFO - Started process (PID=4423) to work on /home/airflow/.local/lib/python3.8/site-packages/airflow/example_dags/example_sla_dag.py
[2024-06-10T19:47:10.193+0000] {processor.py:829} INFO - Processing file /home/airflow/.local/lib/python3.8/site-packages/airflow/example_dags/example_sla_dag.py for tasks to queue
[2024-06-10T19:47:10.194+0000] {logging_mixin.py:151} INFO - [2024-06-10T19:47:10.193+0000] {dagbag.py:539} INFO - Filling up the DagBag from /home/airflow/.local/lib/python3.8/site-packages/airflow/example_dags/example_sla_dag.py
[2024-06-10T19:47:10.202+0000] {processor.py:839} INFO - DAG(s) dict_keys(['example_sla_dag']) retrieved from /home/airflow/.local/lib/python3.8/site-packages/airflow/example_dags/example_sla_dag.py
[2024-06-10T19:47:10.222+0000] {logging_mixin.py:151} INFO - [2024-06-10T19:47:10.222+0000] {dag.py:2915} INFO - Sync 1 DAGs
[2024-06-10T19:47:10.250+0000] {logging_mixin.py:151} INFO - [2024-06-10T19:47:10.249+0000] {dag.py:3696} INFO - Setting next_dagrun for example_sla_dag to 2024-06-10T19:44:00+00:00, run_after=2024-06-10T19:46:00+00:00
[2024-06-10T19:47:10.267+0000] {processor.py:179} INFO - Processing /home/airflow/.local/lib/python3.8/site-packages/airflow/example_dags/example_sla_dag.py took 0.078 seconds
[2024-06-10T19:47:40.906+0000] {processor.py:157} INFO - Started process (PID=4661) to work on /home/airflow/.local/lib/python3.8/site-packages/airflow/example_dags/example_sla_dag.py
[2024-06-10T19:47:40.907+0000] {processor.py:829} INFO - Processing file /home/airflow/.local/lib/python3.8/site-packages/airflow/example_dags/example_sla_dag.py for tasks to queue
[2024-06-10T19:47:40.907+0000] {logging_mixin.py:151} INFO - [2024-06-10T19:47:40.907+0000] {dagbag.py:539} INFO - Filling up the DagBag from /home/airflow/.local/lib/python3.8/site-packages/airflow/example_dags/example_sla_dag.py
[2024-06-10T19:47:40.916+0000] {processor.py:839} INFO - DAG(s) dict_keys(['example_sla_dag']) retrieved from /home/airflow/.local/lib/python3.8/site-packages/airflow/example_dags/example_sla_dag.py
[2024-06-10T19:47:40.935+0000] {logging_mixin.py:151} INFO - [2024-06-10T19:47:40.935+0000] {dag.py:2915} INFO - Sync 1 DAGs
[2024-06-10T19:47:40.960+0000] {logging_mixin.py:151} INFO - [2024-06-10T19:47:40.960+0000] {dag.py:3696} INFO - Setting next_dagrun for example_sla_dag to 2024-06-10T19:44:00+00:00, run_after=2024-06-10T19:46:00+00:00
[2024-06-10T19:47:40.978+0000] {processor.py:179} INFO - Processing /home/airflow/.local/lib/python3.8/site-packages/airflow/example_dags/example_sla_dag.py took 0.076 seconds
[2024-06-10T19:48:11.931+0000] {processor.py:157} INFO - Started process (PID=4899) to work on /home/airflow/.local/lib/python3.8/site-packages/airflow/example_dags/example_sla_dag.py
[2024-06-10T19:48:11.931+0000] {processor.py:829} INFO - Processing file /home/airflow/.local/lib/python3.8/site-packages/airflow/example_dags/example_sla_dag.py for tasks to queue
[2024-06-10T19:48:11.932+0000] {logging_mixin.py:151} INFO - [2024-06-10T19:48:11.932+0000] {dagbag.py:539} INFO - Filling up the DagBag from /home/airflow/.local/lib/python3.8/site-packages/airflow/example_dags/example_sla_dag.py
[2024-06-10T19:48:11.940+0000] {processor.py:839} INFO - DAG(s) dict_keys(['example_sla_dag']) retrieved from /home/airflow/.local/lib/python3.8/site-packages/airflow/example_dags/example_sla_dag.py
[2024-06-10T19:48:11.959+0000] {logging_mixin.py:151} INFO - [2024-06-10T19:48:11.959+0000] {dag.py:2915} INFO - Sync 1 DAGs
[2024-06-10T19:48:11.984+0000] {logging_mixin.py:151} INFO - [2024-06-10T19:48:11.984+0000] {dag.py:3696} INFO - Setting next_dagrun for example_sla_dag to 2024-06-10T19:46:00+00:00, run_after=2024-06-10T19:48:00+00:00
[2024-06-10T19:48:12.002+0000] {processor.py:179} INFO - Processing /home/airflow/.local/lib/python3.8/site-packages/airflow/example_dags/example_sla_dag.py took 0.074 seconds
[2024-06-10T19:48:42.365+0000] {processor.py:157} INFO - Started process (PID=5137) to work on /home/airflow/.local/lib/python3.8/site-packages/airflow/example_dags/example_sla_dag.py
[2024-06-10T19:48:42.366+0000] {processor.py:829} INFO - Processing file /home/airflow/.local/lib/python3.8/site-packages/airflow/example_dags/example_sla_dag.py for tasks to queue
[2024-06-10T19:48:42.367+0000] {logging_mixin.py:151} INFO - [2024-06-10T19:48:42.367+0000] {dagbag.py:539} INFO - Filling up the DagBag from /home/airflow/.local/lib/python3.8/site-packages/airflow/example_dags/example_sla_dag.py
[2024-06-10T19:48:42.375+0000] {processor.py:839} INFO - DAG(s) dict_keys(['example_sla_dag']) retrieved from /home/airflow/.local/lib/python3.8/site-packages/airflow/example_dags/example_sla_dag.py
[2024-06-10T19:48:42.394+0000] {logging_mixin.py:151} INFO - [2024-06-10T19:48:42.393+0000] {dag.py:2915} INFO - Sync 1 DAGs
[2024-06-10T19:48:42.418+0000] {logging_mixin.py:151} INFO - [2024-06-10T19:48:42.418+0000] {dag.py:3696} INFO - Setting next_dagrun for example_sla_dag to 2024-06-10T19:46:00+00:00, run_after=2024-06-10T19:48:00+00:00
[2024-06-10T19:48:42.435+0000] {processor.py:179} INFO - Processing /home/airflow/.local/lib/python3.8/site-packages/airflow/example_dags/example_sla_dag.py took 0.073 seconds
[2024-06-10T19:49:12.686+0000] {processor.py:157} INFO - Started process (PID=5375) to work on /home/airflow/.local/lib/python3.8/site-packages/airflow/example_dags/example_sla_dag.py
[2024-06-10T19:49:12.687+0000] {processor.py:829} INFO - Processing file /home/airflow/.local/lib/python3.8/site-packages/airflow/example_dags/example_sla_dag.py for tasks to queue
[2024-06-10T19:49:12.688+0000] {logging_mixin.py:151} INFO - [2024-06-10T19:49:12.688+0000] {dagbag.py:539} INFO - Filling up the DagBag from /home/airflow/.local/lib/python3.8/site-packages/airflow/example_dags/example_sla_dag.py
[2024-06-10T19:49:12.696+0000] {processor.py:839} INFO - DAG(s) dict_keys(['example_sla_dag']) retrieved from /home/airflow/.local/lib/python3.8/site-packages/airflow/example_dags/example_sla_dag.py
[2024-06-10T19:49:12.715+0000] {logging_mixin.py:151} INFO - [2024-06-10T19:49:12.715+0000] {dag.py:2915} INFO - Sync 1 DAGs
[2024-06-10T19:49:12.740+0000] {logging_mixin.py:151} INFO - [2024-06-10T19:49:12.740+0000] {dag.py:3696} INFO - Setting next_dagrun for example_sla_dag to 2024-06-10T19:46:00+00:00, run_after=2024-06-10T19:48:00+00:00
[2024-06-10T19:49:12.757+0000] {processor.py:179} INFO - Processing /home/airflow/.local/lib/python3.8/site-packages/airflow/example_dags/example_sla_dag.py took 0.074 seconds
[2024-06-10T19:49:44.015+0000] {processor.py:157} INFO - Started process (PID=5613) to work on /home/airflow/.local/lib/python3.8/site-packages/airflow/example_dags/example_sla_dag.py
[2024-06-10T19:49:44.016+0000] {processor.py:829} INFO - Processing file /home/airflow/.local/lib/python3.8/site-packages/airflow/example_dags/example_sla_dag.py for tasks to queue
[2024-06-10T19:49:44.017+0000] {logging_mixin.py:151} INFO - [2024-06-10T19:49:44.017+0000] {dagbag.py:539} INFO - Filling up the DagBag from /home/airflow/.local/lib/python3.8/site-packages/airflow/example_dags/example_sla_dag.py
[2024-06-10T19:49:44.026+0000] {processor.py:839} INFO - DAG(s) dict_keys(['example_sla_dag']) retrieved from /home/airflow/.local/lib/python3.8/site-packages/airflow/example_dags/example_sla_dag.py
[2024-06-10T19:49:44.048+0000] {logging_mixin.py:151} INFO - [2024-06-10T19:49:44.048+0000] {dag.py:2915} INFO - Sync 1 DAGs
[2024-06-10T19:49:44.076+0000] {logging_mixin.py:151} INFO - [2024-06-10T19:49:44.076+0000] {dag.py:3696} INFO - Setting next_dagrun for example_sla_dag to 2024-06-10T19:46:00+00:00, run_after=2024-06-10T19:48:00+00:00
[2024-06-10T19:49:44.099+0000] {processor.py:179} INFO - Processing /home/airflow/.local/lib/python3.8/site-packages/airflow/example_dags/example_sla_dag.py took 0.087 seconds
[2024-06-10T19:50:15.229+0000] {processor.py:157} INFO - Started process (PID=5858) to work on /home/airflow/.local/lib/python3.8/site-packages/airflow/example_dags/example_sla_dag.py
[2024-06-10T19:50:15.229+0000] {processor.py:829} INFO - Processing file /home/airflow/.local/lib/python3.8/site-packages/airflow/example_dags/example_sla_dag.py for tasks to queue
[2024-06-10T19:50:15.230+0000] {logging_mixin.py:151} INFO - [2024-06-10T19:50:15.230+0000] {dagbag.py:539} INFO - Filling up the DagBag from /home/airflow/.local/lib/python3.8/site-packages/airflow/example_dags/example_sla_dag.py
[2024-06-10T19:50:15.240+0000] {processor.py:839} INFO - DAG(s) dict_keys(['example_sla_dag']) retrieved from /home/airflow/.local/lib/python3.8/site-packages/airflow/example_dags/example_sla_dag.py
[2024-06-10T19:50:15.261+0000] {logging_mixin.py:151} INFO - [2024-06-10T19:50:15.261+0000] {dag.py:2915} INFO - Sync 1 DAGs
[2024-06-10T19:50:15.300+0000] {logging_mixin.py:151} INFO - [2024-06-10T19:50:15.300+0000] {dag.py:3696} INFO - Setting next_dagrun for example_sla_dag to 2024-06-10T19:48:00+00:00, run_after=2024-06-10T19:50:00+00:00
[2024-06-10T19:50:15.321+0000] {processor.py:179} INFO - Processing /home/airflow/.local/lib/python3.8/site-packages/airflow/example_dags/example_sla_dag.py took 0.096 seconds
[2024-06-10T19:50:45.595+0000] {processor.py:157} INFO - Started process (PID=6095) to work on /home/airflow/.local/lib/python3.8/site-packages/airflow/example_dags/example_sla_dag.py
[2024-06-10T19:50:45.596+0000] {processor.py:829} INFO - Processing file /home/airflow/.local/lib/python3.8/site-packages/airflow/example_dags/example_sla_dag.py for tasks to queue
[2024-06-10T19:50:45.597+0000] {logging_mixin.py:151} INFO - [2024-06-10T19:50:45.596+0000] {dagbag.py:539} INFO - Filling up the DagBag from /home/airflow/.local/lib/python3.8/site-packages/airflow/example_dags/example_sla_dag.py
[2024-06-10T19:50:45.605+0000] {processor.py:839} INFO - DAG(s) dict_keys(['example_sla_dag']) retrieved from /home/airflow/.local/lib/python3.8/site-packages/airflow/example_dags/example_sla_dag.py
[2024-06-10T19:50:45.629+0000] {logging_mixin.py:151} INFO - [2024-06-10T19:50:45.629+0000] {dag.py:2915} INFO - Sync 1 DAGs
[2024-06-10T19:50:45.656+0000] {logging_mixin.py:151} INFO - [2024-06-10T19:50:45.656+0000] {dag.py:3696} INFO - Setting next_dagrun for example_sla_dag to 2024-06-10T19:48:00+00:00, run_after=2024-06-10T19:50:00+00:00
[2024-06-10T19:50:45.674+0000] {processor.py:179} INFO - Processing /home/airflow/.local/lib/python3.8/site-packages/airflow/example_dags/example_sla_dag.py took 0.082 seconds
[2024-06-10T19:51:16.389+0000] {processor.py:157} INFO - Started process (PID=6332) to work on /home/airflow/.local/lib/python3.8/site-packages/airflow/example_dags/example_sla_dag.py
[2024-06-10T19:51:16.391+0000] {processor.py:829} INFO - Processing file /home/airflow/.local/lib/python3.8/site-packages/airflow/example_dags/example_sla_dag.py for tasks to queue
[2024-06-10T19:51:16.392+0000] {logging_mixin.py:151} INFO - [2024-06-10T19:51:16.392+0000] {dagbag.py:539} INFO - Filling up the DagBag from /home/airflow/.local/lib/python3.8/site-packages/airflow/example_dags/example_sla_dag.py
[2024-06-10T19:51:16.404+0000] {processor.py:839} INFO - DAG(s) dict_keys(['example_sla_dag']) retrieved from /home/airflow/.local/lib/python3.8/site-packages/airflow/example_dags/example_sla_dag.py
[2024-06-10T19:51:16.432+0000] {logging_mixin.py:151} INFO - [2024-06-10T19:51:16.432+0000] {dag.py:2915} INFO - Sync 1 DAGs
[2024-06-10T19:51:16.467+0000] {logging_mixin.py:151} INFO - [2024-06-10T19:51:16.467+0000] {dag.py:3696} INFO - Setting next_dagrun for example_sla_dag to 2024-06-10T19:48:00+00:00, run_after=2024-06-10T19:50:00+00:00
[2024-06-10T19:51:16.490+0000] {processor.py:179} INFO - Processing /home/airflow/.local/lib/python3.8/site-packages/airflow/example_dags/example_sla_dag.py took 0.106 seconds
[2024-06-10T19:51:47.241+0000] {processor.py:157} INFO - Started process (PID=6569) to work on /home/airflow/.local/lib/python3.8/site-packages/airflow/example_dags/example_sla_dag.py
[2024-06-10T19:51:47.242+0000] {processor.py:829} INFO - Processing file /home/airflow/.local/lib/python3.8/site-packages/airflow/example_dags/example_sla_dag.py for tasks to queue
[2024-06-10T19:51:47.243+0000] {logging_mixin.py:151} INFO - [2024-06-10T19:51:47.242+0000] {dagbag.py:539} INFO - Filling up the DagBag from /home/airflow/.local/lib/python3.8/site-packages/airflow/example_dags/example_sla_dag.py
[2024-06-10T19:51:47.251+0000] {processor.py:839} INFO - DAG(s) dict_keys(['example_sla_dag']) retrieved from /home/airflow/.local/lib/python3.8/site-packages/airflow/example_dags/example_sla_dag.py
[2024-06-10T19:51:47.269+0000] {logging_mixin.py:151} INFO - [2024-06-10T19:51:47.269+0000] {dag.py:2915} INFO - Sync 1 DAGs
[2024-06-10T19:51:47.293+0000] {logging_mixin.py:151} INFO - [2024-06-10T19:51:47.293+0000] {dag.py:3696} INFO - Setting next_dagrun for example_sla_dag to 2024-06-10T19:48:00+00:00, run_after=2024-06-10T19:50:00+00:00
[2024-06-10T19:51:47.312+0000] {processor.py:179} INFO - Processing /home/airflow/.local/lib/python3.8/site-packages/airflow/example_dags/example_sla_dag.py took 0.073 seconds
[2024-06-10T19:52:17.713+0000] {processor.py:157} INFO - Started process (PID=6807) to work on /home/airflow/.local/lib/python3.8/site-packages/airflow/example_dags/example_sla_dag.py
[2024-06-10T19:52:17.714+0000] {processor.py:829} INFO - Processing file /home/airflow/.local/lib/python3.8/site-packages/airflow/example_dags/example_sla_dag.py for tasks to queue
[2024-06-10T19:52:17.715+0000] {logging_mixin.py:151} INFO - [2024-06-10T19:52:17.715+0000] {dagbag.py:539} INFO - Filling up the DagBag from /home/airflow/.local/lib/python3.8/site-packages/airflow/example_dags/example_sla_dag.py
[2024-06-10T19:52:17.723+0000] {processor.py:839} INFO - DAG(s) dict_keys(['example_sla_dag']) retrieved from /home/airflow/.local/lib/python3.8/site-packages/airflow/example_dags/example_sla_dag.py
[2024-06-10T19:52:17.744+0000] {logging_mixin.py:151} INFO - [2024-06-10T19:52:17.744+0000] {dag.py:2915} INFO - Sync 1 DAGs
[2024-06-10T19:52:17.769+0000] {logging_mixin.py:151} INFO - [2024-06-10T19:52:17.769+0000] {dag.py:3696} INFO - Setting next_dagrun for example_sla_dag to 2024-06-10T19:50:00+00:00, run_after=2024-06-10T19:52:00+00:00
[2024-06-10T19:52:17.788+0000] {processor.py:179} INFO - Processing /home/airflow/.local/lib/python3.8/site-packages/airflow/example_dags/example_sla_dag.py took 0.078 seconds
[2024-06-10T19:52:48.290+0000] {processor.py:157} INFO - Started process (PID=7045) to work on /home/airflow/.local/lib/python3.8/site-packages/airflow/example_dags/example_sla_dag.py
[2024-06-10T19:52:48.291+0000] {processor.py:829} INFO - Processing file /home/airflow/.local/lib/python3.8/site-packages/airflow/example_dags/example_sla_dag.py for tasks to queue
[2024-06-10T19:52:48.292+0000] {logging_mixin.py:151} INFO - [2024-06-10T19:52:48.291+0000] {dagbag.py:539} INFO - Filling up the DagBag from /home/airflow/.local/lib/python3.8/site-packages/airflow/example_dags/example_sla_dag.py
[2024-06-10T19:52:48.299+0000] {processor.py:839} INFO - DAG(s) dict_keys(['example_sla_dag']) retrieved from /home/airflow/.local/lib/python3.8/site-packages/airflow/example_dags/example_sla_dag.py
[2024-06-10T19:52:48.317+0000] {logging_mixin.py:151} INFO - [2024-06-10T19:52:48.317+0000] {dag.py:2915} INFO - Sync 1 DAGs
[2024-06-10T19:52:48.341+0000] {logging_mixin.py:151} INFO - [2024-06-10T19:52:48.341+0000] {dag.py:3696} INFO - Setting next_dagrun for example_sla_dag to 2024-06-10T19:50:00+00:00, run_after=2024-06-10T19:52:00+00:00
[2024-06-10T19:52:48.358+0000] {processor.py:179} INFO - Processing /home/airflow/.local/lib/python3.8/site-packages/airflow/example_dags/example_sla_dag.py took 0.070 seconds
[2024-06-10T19:53:19.057+0000] {processor.py:157} INFO - Started process (PID=7283) to work on /home/airflow/.local/lib/python3.8/site-packages/airflow/example_dags/example_sla_dag.py
[2024-06-10T19:53:19.058+0000] {processor.py:829} INFO - Processing file /home/airflow/.local/lib/python3.8/site-packages/airflow/example_dags/example_sla_dag.py for tasks to queue
[2024-06-10T19:53:19.059+0000] {logging_mixin.py:151} INFO - [2024-06-10T19:53:19.058+0000] {dagbag.py:539} INFO - Filling up the DagBag from /home/airflow/.local/lib/python3.8/site-packages/airflow/example_dags/example_sla_dag.py
[2024-06-10T19:53:19.066+0000] {processor.py:839} INFO - DAG(s) dict_keys(['example_sla_dag']) retrieved from /home/airflow/.local/lib/python3.8/site-packages/airflow/example_dags/example_sla_dag.py
[2024-06-10T19:53:19.085+0000] {logging_mixin.py:151} INFO - [2024-06-10T19:53:19.085+0000] {dag.py:2915} INFO - Sync 1 DAGs
[2024-06-10T19:53:19.111+0000] {logging_mixin.py:151} INFO - [2024-06-10T19:53:19.111+0000] {dag.py:3696} INFO - Setting next_dagrun for example_sla_dag to 2024-06-10T19:50:00+00:00, run_after=2024-06-10T19:52:00+00:00
[2024-06-10T19:53:19.128+0000] {processor.py:179} INFO - Processing /home/airflow/.local/lib/python3.8/site-packages/airflow/example_dags/example_sla_dag.py took 0.074 seconds
[2024-06-10T19:53:49.194+0000] {processor.py:157} INFO - Started process (PID=7516) to work on /home/airflow/.local/lib/python3.8/site-packages/airflow/example_dags/example_sla_dag.py
[2024-06-10T19:53:49.194+0000] {processor.py:829} INFO - Processing file /home/airflow/.local/lib/python3.8/site-packages/airflow/example_dags/example_sla_dag.py for tasks to queue
[2024-06-10T19:53:49.195+0000] {logging_mixin.py:151} INFO - [2024-06-10T19:53:49.195+0000] {dagbag.py:539} INFO - Filling up the DagBag from /home/airflow/.local/lib/python3.8/site-packages/airflow/example_dags/example_sla_dag.py
[2024-06-10T19:53:49.203+0000] {processor.py:839} INFO - DAG(s) dict_keys(['example_sla_dag']) retrieved from /home/airflow/.local/lib/python3.8/site-packages/airflow/example_dags/example_sla_dag.py
[2024-06-10T19:53:49.222+0000] {logging_mixin.py:151} INFO - [2024-06-10T19:53:49.222+0000] {dag.py:2915} INFO - Sync 1 DAGs
[2024-06-10T19:53:49.251+0000] {logging_mixin.py:151} INFO - [2024-06-10T19:53:49.251+0000] {dag.py:3696} INFO - Setting next_dagrun for example_sla_dag to 2024-06-10T19:50:00+00:00, run_after=2024-06-10T19:52:00+00:00
[2024-06-10T19:53:49.270+0000] {processor.py:179} INFO - Processing /home/airflow/.local/lib/python3.8/site-packages/airflow/example_dags/example_sla_dag.py took 0.079 seconds
[2024-06-10T19:54:19.331+0000] {processor.py:157} INFO - Started process (PID=7754) to work on /home/airflow/.local/lib/python3.8/site-packages/airflow/example_dags/example_sla_dag.py
[2024-06-10T19:54:19.332+0000] {processor.py:829} INFO - Processing file /home/airflow/.local/lib/python3.8/site-packages/airflow/example_dags/example_sla_dag.py for tasks to queue
[2024-06-10T19:54:19.333+0000] {logging_mixin.py:151} INFO - [2024-06-10T19:54:19.333+0000] {dagbag.py:539} INFO - Filling up the DagBag from /home/airflow/.local/lib/python3.8/site-packages/airflow/example_dags/example_sla_dag.py
[2024-06-10T19:54:19.346+0000] {processor.py:839} INFO - DAG(s) dict_keys(['example_sla_dag']) retrieved from /home/airflow/.local/lib/python3.8/site-packages/airflow/example_dags/example_sla_dag.py
[2024-06-10T19:54:19.366+0000] {logging_mixin.py:151} INFO - [2024-06-10T19:54:19.366+0000] {dag.py:2915} INFO - Sync 1 DAGs
[2024-06-10T19:54:19.392+0000] {logging_mixin.py:151} INFO - [2024-06-10T19:54:19.392+0000] {dag.py:3696} INFO - Setting next_dagrun for example_sla_dag to 2024-06-10T19:52:00+00:00, run_after=2024-06-10T19:54:00+00:00
[2024-06-10T19:54:19.409+0000] {processor.py:179} INFO - Processing /home/airflow/.local/lib/python3.8/site-packages/airflow/example_dags/example_sla_dag.py took 0.082 seconds
[2024-06-10T19:54:50.419+0000] {processor.py:157} INFO - Started process (PID=7998) to work on /home/airflow/.local/lib/python3.8/site-packages/airflow/example_dags/example_sla_dag.py
[2024-06-10T19:54:50.420+0000] {processor.py:829} INFO - Processing file /home/airflow/.local/lib/python3.8/site-packages/airflow/example_dags/example_sla_dag.py for tasks to queue
[2024-06-10T19:54:50.421+0000] {logging_mixin.py:151} INFO - [2024-06-10T19:54:50.420+0000] {dagbag.py:539} INFO - Filling up the DagBag from /home/airflow/.local/lib/python3.8/site-packages/airflow/example_dags/example_sla_dag.py
[2024-06-10T19:54:50.428+0000] {processor.py:839} INFO - DAG(s) dict_keys(['example_sla_dag']) retrieved from /home/airflow/.local/lib/python3.8/site-packages/airflow/example_dags/example_sla_dag.py
[2024-06-10T19:54:50.448+0000] {logging_mixin.py:151} INFO - [2024-06-10T19:54:50.447+0000] {dag.py:2915} INFO - Sync 1 DAGs
[2024-06-10T19:54:50.472+0000] {logging_mixin.py:151} INFO - [2024-06-10T19:54:50.472+0000] {dag.py:3696} INFO - Setting next_dagrun for example_sla_dag to 2024-06-10T19:52:00+00:00, run_after=2024-06-10T19:54:00+00:00
[2024-06-10T19:54:50.488+0000] {processor.py:179} INFO - Processing /home/airflow/.local/lib/python3.8/site-packages/airflow/example_dags/example_sla_dag.py took 0.071 seconds
[2024-06-10T19:55:21.101+0000] {processor.py:157} INFO - Started process (PID=8236) to work on /home/airflow/.local/lib/python3.8/site-packages/airflow/example_dags/example_sla_dag.py
[2024-06-10T19:55:21.102+0000] {processor.py:829} INFO - Processing file /home/airflow/.local/lib/python3.8/site-packages/airflow/example_dags/example_sla_dag.py for tasks to queue
[2024-06-10T19:55:21.103+0000] {logging_mixin.py:151} INFO - [2024-06-10T19:55:21.102+0000] {dagbag.py:539} INFO - Filling up the DagBag from /home/airflow/.local/lib/python3.8/site-packages/airflow/example_dags/example_sla_dag.py
[2024-06-10T19:55:21.110+0000] {processor.py:839} INFO - DAG(s) dict_keys(['example_sla_dag']) retrieved from /home/airflow/.local/lib/python3.8/site-packages/airflow/example_dags/example_sla_dag.py
[2024-06-10T19:55:21.130+0000] {logging_mixin.py:151} INFO - [2024-06-10T19:55:21.130+0000] {dag.py:2915} INFO - Sync 1 DAGs
[2024-06-10T19:55:21.155+0000] {logging_mixin.py:151} INFO - [2024-06-10T19:55:21.155+0000] {dag.py:3696} INFO - Setting next_dagrun for example_sla_dag to 2024-06-10T19:52:00+00:00, run_after=2024-06-10T19:54:00+00:00
[2024-06-10T19:55:21.172+0000] {processor.py:179} INFO - Processing /home/airflow/.local/lib/python3.8/site-packages/airflow/example_dags/example_sla_dag.py took 0.073 seconds
[2024-06-10T19:55:52.160+0000] {processor.py:157} INFO - Started process (PID=8474) to work on /home/airflow/.local/lib/python3.8/site-packages/airflow/example_dags/example_sla_dag.py
[2024-06-10T19:55:52.161+0000] {processor.py:829} INFO - Processing file /home/airflow/.local/lib/python3.8/site-packages/airflow/example_dags/example_sla_dag.py for tasks to queue
[2024-06-10T19:55:52.162+0000] {logging_mixin.py:151} INFO - [2024-06-10T19:55:52.161+0000] {dagbag.py:539} INFO - Filling up the DagBag from /home/airflow/.local/lib/python3.8/site-packages/airflow/example_dags/example_sla_dag.py
[2024-06-10T19:55:52.170+0000] {processor.py:839} INFO - DAG(s) dict_keys(['example_sla_dag']) retrieved from /home/airflow/.local/lib/python3.8/site-packages/airflow/example_dags/example_sla_dag.py
[2024-06-10T19:55:52.189+0000] {logging_mixin.py:151} INFO - [2024-06-10T19:55:52.189+0000] {dag.py:2915} INFO - Sync 1 DAGs
[2024-06-10T19:55:52.216+0000] {logging_mixin.py:151} INFO - [2024-06-10T19:55:52.216+0000] {dag.py:3696} INFO - Setting next_dagrun for example_sla_dag to 2024-06-10T19:52:00+00:00, run_after=2024-06-10T19:54:00+00:00
[2024-06-10T19:55:52.235+0000] {processor.py:179} INFO - Processing /home/airflow/.local/lib/python3.8/site-packages/airflow/example_dags/example_sla_dag.py took 0.079 seconds
[2024-06-10T19:56:22.349+0000] {processor.py:157} INFO - Started process (PID=8712) to work on /home/airflow/.local/lib/python3.8/site-packages/airflow/example_dags/example_sla_dag.py
[2024-06-10T19:56:22.350+0000] {processor.py:829} INFO - Processing file /home/airflow/.local/lib/python3.8/site-packages/airflow/example_dags/example_sla_dag.py for tasks to queue
[2024-06-10T19:56:22.352+0000] {logging_mixin.py:151} INFO - [2024-06-10T19:56:22.351+0000] {dagbag.py:539} INFO - Filling up the DagBag from /home/airflow/.local/lib/python3.8/site-packages/airflow/example_dags/example_sla_dag.py
[2024-06-10T19:56:22.361+0000] {processor.py:839} INFO - DAG(s) dict_keys(['example_sla_dag']) retrieved from /home/airflow/.local/lib/python3.8/site-packages/airflow/example_dags/example_sla_dag.py
[2024-06-10T19:56:22.382+0000] {logging_mixin.py:151} INFO - [2024-06-10T19:56:22.381+0000] {dag.py:2915} INFO - Sync 1 DAGs
[2024-06-10T19:56:22.414+0000] {logging_mixin.py:151} INFO - [2024-06-10T19:56:22.413+0000] {dag.py:3696} INFO - Setting next_dagrun for example_sla_dag to 2024-06-10T19:54:00+00:00, run_after=2024-06-10T19:56:00+00:00
[2024-06-10T19:56:22.434+0000] {processor.py:179} INFO - Processing /home/airflow/.local/lib/python3.8/site-packages/airflow/example_dags/example_sla_dag.py took 0.089 seconds
[2024-06-10T19:56:52.523+0000] {processor.py:157} INFO - Started process (PID=8947) to work on /home/airflow/.local/lib/python3.8/site-packages/airflow/example_dags/example_sla_dag.py
[2024-06-10T19:56:52.524+0000] {processor.py:829} INFO - Processing file /home/airflow/.local/lib/python3.8/site-packages/airflow/example_dags/example_sla_dag.py for tasks to queue
[2024-06-10T19:56:52.525+0000] {logging_mixin.py:151} INFO - [2024-06-10T19:56:52.524+0000] {dagbag.py:539} INFO - Filling up the DagBag from /home/airflow/.local/lib/python3.8/site-packages/airflow/example_dags/example_sla_dag.py
[2024-06-10T19:56:52.533+0000] {processor.py:839} INFO - DAG(s) dict_keys(['example_sla_dag']) retrieved from /home/airflow/.local/lib/python3.8/site-packages/airflow/example_dags/example_sla_dag.py
[2024-06-10T19:56:52.554+0000] {logging_mixin.py:151} INFO - [2024-06-10T19:56:52.554+0000] {dag.py:2915} INFO - Sync 1 DAGs
[2024-06-10T19:56:52.582+0000] {logging_mixin.py:151} INFO - [2024-06-10T19:56:52.581+0000] {dag.py:3696} INFO - Setting next_dagrun for example_sla_dag to 2024-06-10T19:54:00+00:00, run_after=2024-06-10T19:56:00+00:00
[2024-06-10T19:56:52.605+0000] {processor.py:179} INFO - Processing /home/airflow/.local/lib/python3.8/site-packages/airflow/example_dags/example_sla_dag.py took 0.085 seconds
[2024-06-10T19:57:22.769+0000] {processor.py:157} INFO - Started process (PID=9182) to work on /home/airflow/.local/lib/python3.8/site-packages/airflow/example_dags/example_sla_dag.py
[2024-06-10T19:57:22.770+0000] {processor.py:829} INFO - Processing file /home/airflow/.local/lib/python3.8/site-packages/airflow/example_dags/example_sla_dag.py for tasks to queue
[2024-06-10T19:57:22.770+0000] {logging_mixin.py:151} INFO - [2024-06-10T19:57:22.770+0000] {dagbag.py:539} INFO - Filling up the DagBag from /home/airflow/.local/lib/python3.8/site-packages/airflow/example_dags/example_sla_dag.py
[2024-06-10T19:57:22.780+0000] {processor.py:839} INFO - DAG(s) dict_keys(['example_sla_dag']) retrieved from /home/airflow/.local/lib/python3.8/site-packages/airflow/example_dags/example_sla_dag.py
[2024-06-10T19:57:22.801+0000] {logging_mixin.py:151} INFO - [2024-06-10T19:57:22.801+0000] {dag.py:2915} INFO - Sync 1 DAGs
[2024-06-10T19:57:22.829+0000] {logging_mixin.py:151} INFO - [2024-06-10T19:57:22.829+0000] {dag.py:3696} INFO - Setting next_dagrun for example_sla_dag to 2024-06-10T19:54:00+00:00, run_after=2024-06-10T19:56:00+00:00
[2024-06-10T19:57:22.849+0000] {processor.py:179} INFO - Processing /home/airflow/.local/lib/python3.8/site-packages/airflow/example_dags/example_sla_dag.py took 0.083 seconds
[2024-06-10T19:57:53.542+0000] {processor.py:157} INFO - Started process (PID=9420) to work on /home/airflow/.local/lib/python3.8/site-packages/airflow/example_dags/example_sla_dag.py
[2024-06-10T19:57:53.544+0000] {processor.py:829} INFO - Processing file /home/airflow/.local/lib/python3.8/site-packages/airflow/example_dags/example_sla_dag.py for tasks to queue
[2024-06-10T19:57:53.545+0000] {logging_mixin.py:151} INFO - [2024-06-10T19:57:53.545+0000] {dagbag.py:539} INFO - Filling up the DagBag from /home/airflow/.local/lib/python3.8/site-packages/airflow/example_dags/example_sla_dag.py
[2024-06-10T19:57:53.555+0000] {processor.py:839} INFO - DAG(s) dict_keys(['example_sla_dag']) retrieved from /home/airflow/.local/lib/python3.8/site-packages/airflow/example_dags/example_sla_dag.py
[2024-06-10T19:57:53.576+0000] {logging_mixin.py:151} INFO - [2024-06-10T19:57:53.575+0000] {dag.py:2915} INFO - Sync 1 DAGs
[2024-06-10T19:57:53.603+0000] {logging_mixin.py:151} INFO - [2024-06-10T19:57:53.603+0000] {dag.py:3696} INFO - Setting next_dagrun for example_sla_dag to 2024-06-10T19:54:00+00:00, run_after=2024-06-10T19:56:00+00:00
[2024-06-10T19:57:53.622+0000] {processor.py:179} INFO - Processing /home/airflow/.local/lib/python3.8/site-packages/airflow/example_dags/example_sla_dag.py took 0.083 seconds
[2024-06-10T19:58:24.524+0000] {processor.py:157} INFO - Started process (PID=9659) to work on /home/airflow/.local/lib/python3.8/site-packages/airflow/example_dags/example_sla_dag.py
[2024-06-10T19:58:24.525+0000] {processor.py:829} INFO - Processing file /home/airflow/.local/lib/python3.8/site-packages/airflow/example_dags/example_sla_dag.py for tasks to queue
[2024-06-10T19:58:24.526+0000] {logging_mixin.py:151} INFO - [2024-06-10T19:58:24.526+0000] {dagbag.py:539} INFO - Filling up the DagBag from /home/airflow/.local/lib/python3.8/site-packages/airflow/example_dags/example_sla_dag.py
[2024-06-10T19:58:24.534+0000] {processor.py:839} INFO - DAG(s) dict_keys(['example_sla_dag']) retrieved from /home/airflow/.local/lib/python3.8/site-packages/airflow/example_dags/example_sla_dag.py
[2024-06-10T19:58:24.553+0000] {logging_mixin.py:151} INFO - [2024-06-10T19:58:24.553+0000] {dag.py:2915} INFO - Sync 1 DAGs
[2024-06-10T19:58:24.578+0000] {logging_mixin.py:151} INFO - [2024-06-10T19:58:24.577+0000] {dag.py:3696} INFO - Setting next_dagrun for example_sla_dag to 2024-06-10T19:56:00+00:00, run_after=2024-06-10T19:58:00+00:00
[2024-06-10T19:58:24.595+0000] {processor.py:179} INFO - Processing /home/airflow/.local/lib/python3.8/site-packages/airflow/example_dags/example_sla_dag.py took 0.074 seconds
[2024-06-10T19:58:55.310+0000] {processor.py:157} INFO - Started process (PID=9898) to work on /home/airflow/.local/lib/python3.8/site-packages/airflow/example_dags/example_sla_dag.py
[2024-06-10T19:58:55.311+0000] {processor.py:829} INFO - Processing file /home/airflow/.local/lib/python3.8/site-packages/airflow/example_dags/example_sla_dag.py for tasks to queue
[2024-06-10T19:58:55.311+0000] {logging_mixin.py:151} INFO - [2024-06-10T19:58:55.311+0000] {dagbag.py:539} INFO - Filling up the DagBag from /home/airflow/.local/lib/python3.8/site-packages/airflow/example_dags/example_sla_dag.py
[2024-06-10T19:58:55.320+0000] {processor.py:839} INFO - DAG(s) dict_keys(['example_sla_dag']) retrieved from /home/airflow/.local/lib/python3.8/site-packages/airflow/example_dags/example_sla_dag.py
[2024-06-10T19:58:55.339+0000] {logging_mixin.py:151} INFO - [2024-06-10T19:58:55.339+0000] {dag.py:2915} INFO - Sync 1 DAGs
[2024-06-10T19:58:55.364+0000] {logging_mixin.py:151} INFO - [2024-06-10T19:58:55.364+0000] {dag.py:3696} INFO - Setting next_dagrun for example_sla_dag to 2024-06-10T19:56:00+00:00, run_after=2024-06-10T19:58:00+00:00
[2024-06-10T19:58:55.381+0000] {processor.py:179} INFO - Processing /home/airflow/.local/lib/python3.8/site-packages/airflow/example_dags/example_sla_dag.py took 0.074 seconds
[2024-06-10T19:59:26.072+0000] {processor.py:157} INFO - Started process (PID=10136) to work on /home/airflow/.local/lib/python3.8/site-packages/airflow/example_dags/example_sla_dag.py
[2024-06-10T19:59:26.073+0000] {processor.py:829} INFO - Processing file /home/airflow/.local/lib/python3.8/site-packages/airflow/example_dags/example_sla_dag.py for tasks to queue
[2024-06-10T19:59:26.073+0000] {logging_mixin.py:151} INFO - [2024-06-10T19:59:26.073+0000] {dagbag.py:539} INFO - Filling up the DagBag from /home/airflow/.local/lib/python3.8/site-packages/airflow/example_dags/example_sla_dag.py
[2024-06-10T19:59:26.082+0000] {processor.py:839} INFO - DAG(s) dict_keys(['example_sla_dag']) retrieved from /home/airflow/.local/lib/python3.8/site-packages/airflow/example_dags/example_sla_dag.py
[2024-06-10T19:59:26.102+0000] {logging_mixin.py:151} INFO - [2024-06-10T19:59:26.102+0000] {dag.py:2915} INFO - Sync 1 DAGs
[2024-06-10T19:59:26.128+0000] {logging_mixin.py:151} INFO - [2024-06-10T19:59:26.128+0000] {dag.py:3696} INFO - Setting next_dagrun for example_sla_dag to 2024-06-10T19:56:00+00:00, run_after=2024-06-10T19:58:00+00:00
[2024-06-10T19:59:26.145+0000] {processor.py:179} INFO - Processing /home/airflow/.local/lib/python3.8/site-packages/airflow/example_dags/example_sla_dag.py took 0.076 seconds
[2024-06-10T19:59:56.879+0000] {processor.py:157} INFO - Started process (PID=10374) to work on /home/airflow/.local/lib/python3.8/site-packages/airflow/example_dags/example_sla_dag.py
[2024-06-10T19:59:56.880+0000] {processor.py:829} INFO - Processing file /home/airflow/.local/lib/python3.8/site-packages/airflow/example_dags/example_sla_dag.py for tasks to queue
[2024-06-10T19:59:56.881+0000] {logging_mixin.py:151} INFO - [2024-06-10T19:59:56.880+0000] {dagbag.py:539} INFO - Filling up the DagBag from /home/airflow/.local/lib/python3.8/site-packages/airflow/example_dags/example_sla_dag.py
[2024-06-10T19:59:56.889+0000] {processor.py:839} INFO - DAG(s) dict_keys(['example_sla_dag']) retrieved from /home/airflow/.local/lib/python3.8/site-packages/airflow/example_dags/example_sla_dag.py
[2024-06-10T19:59:56.909+0000] {logging_mixin.py:151} INFO - [2024-06-10T19:59:56.909+0000] {dag.py:2915} INFO - Sync 1 DAGs
[2024-06-10T19:59:56.936+0000] {logging_mixin.py:151} INFO - [2024-06-10T19:59:56.936+0000] {dag.py:3696} INFO - Setting next_dagrun for example_sla_dag to 2024-06-10T19:56:00+00:00, run_after=2024-06-10T19:58:00+00:00
[2024-06-10T19:59:56.955+0000] {processor.py:179} INFO - Processing /home/airflow/.local/lib/python3.8/site-packages/airflow/example_dags/example_sla_dag.py took 0.079 seconds
[2024-06-10T20:00:27.624+0000] {processor.py:157} INFO - Started process (PID=10612) to work on /home/airflow/.local/lib/python3.8/site-packages/airflow/example_dags/example_sla_dag.py
[2024-06-10T20:00:27.625+0000] {processor.py:829} INFO - Processing file /home/airflow/.local/lib/python3.8/site-packages/airflow/example_dags/example_sla_dag.py for tasks to queue
[2024-06-10T20:00:27.626+0000] {logging_mixin.py:151} INFO - [2024-06-10T20:00:27.625+0000] {dagbag.py:539} INFO - Filling up the DagBag from /home/airflow/.local/lib/python3.8/site-packages/airflow/example_dags/example_sla_dag.py
[2024-06-10T20:00:27.636+0000] {processor.py:839} INFO - DAG(s) dict_keys(['example_sla_dag']) retrieved from /home/airflow/.local/lib/python3.8/site-packages/airflow/example_dags/example_sla_dag.py
[2024-06-10T20:00:27.655+0000] {logging_mixin.py:151} INFO - [2024-06-10T20:00:27.655+0000] {dag.py:2915} INFO - Sync 1 DAGs
[2024-06-10T20:00:27.680+0000] {logging_mixin.py:151} INFO - [2024-06-10T20:00:27.679+0000] {dag.py:3696} INFO - Setting next_dagrun for example_sla_dag to 2024-06-10T19:58:00+00:00, run_after=2024-06-10T20:00:00+00:00
[2024-06-10T20:00:27.697+0000] {processor.py:179} INFO - Processing /home/airflow/.local/lib/python3.8/site-packages/airflow/example_dags/example_sla_dag.py took 0.077 seconds
[2024-06-10T20:00:58.302+0000] {processor.py:157} INFO - Started process (PID=10850) to work on /home/airflow/.local/lib/python3.8/site-packages/airflow/example_dags/example_sla_dag.py
[2024-06-10T20:00:58.304+0000] {processor.py:829} INFO - Processing file /home/airflow/.local/lib/python3.8/site-packages/airflow/example_dags/example_sla_dag.py for tasks to queue
[2024-06-10T20:00:58.304+0000] {logging_mixin.py:151} INFO - [2024-06-10T20:00:58.304+0000] {dagbag.py:539} INFO - Filling up the DagBag from /home/airflow/.local/lib/python3.8/site-packages/airflow/example_dags/example_sla_dag.py
[2024-06-10T20:00:58.314+0000] {processor.py:839} INFO - DAG(s) dict_keys(['example_sla_dag']) retrieved from /home/airflow/.local/lib/python3.8/site-packages/airflow/example_dags/example_sla_dag.py
[2024-06-10T20:00:58.335+0000] {logging_mixin.py:151} INFO - [2024-06-10T20:00:58.335+0000] {dag.py:2915} INFO - Sync 1 DAGs
[2024-06-10T20:00:58.363+0000] {logging_mixin.py:151} INFO - [2024-06-10T20:00:58.363+0000] {dag.py:3696} INFO - Setting next_dagrun for example_sla_dag to 2024-06-10T19:58:00+00:00, run_after=2024-06-10T20:00:00+00:00
[2024-06-10T20:00:58.382+0000] {processor.py:179} INFO - Processing /home/airflow/.local/lib/python3.8/site-packages/airflow/example_dags/example_sla_dag.py took 0.083 seconds
[2024-06-10T20:01:28.734+0000] {processor.py:157} INFO - Started process (PID=11088) to work on /home/airflow/.local/lib/python3.8/site-packages/airflow/example_dags/example_sla_dag.py
[2024-06-10T20:01:28.735+0000] {processor.py:829} INFO - Processing file /home/airflow/.local/lib/python3.8/site-packages/airflow/example_dags/example_sla_dag.py for tasks to queue
[2024-06-10T20:01:28.736+0000] {logging_mixin.py:151} INFO - [2024-06-10T20:01:28.736+0000] {dagbag.py:539} INFO - Filling up the DagBag from /home/airflow/.local/lib/python3.8/site-packages/airflow/example_dags/example_sla_dag.py
[2024-06-10T20:01:28.747+0000] {processor.py:839} INFO - DAG(s) dict_keys(['example_sla_dag']) retrieved from /home/airflow/.local/lib/python3.8/site-packages/airflow/example_dags/example_sla_dag.py
[2024-06-10T20:01:28.769+0000] {logging_mixin.py:151} INFO - [2024-06-10T20:01:28.768+0000] {dag.py:2915} INFO - Sync 1 DAGs
[2024-06-10T20:01:28.797+0000] {logging_mixin.py:151} INFO - [2024-06-10T20:01:28.797+0000] {dag.py:3696} INFO - Setting next_dagrun for example_sla_dag to 2024-06-10T19:58:00+00:00, run_after=2024-06-10T20:00:00+00:00
[2024-06-10T20:01:28.817+0000] {processor.py:179} INFO - Processing /home/airflow/.local/lib/python3.8/site-packages/airflow/example_dags/example_sla_dag.py took 0.085 seconds
[2024-06-10T20:01:59.511+0000] {processor.py:157} INFO - Started process (PID=11325) to work on /home/airflow/.local/lib/python3.8/site-packages/airflow/example_dags/example_sla_dag.py
[2024-06-10T20:01:59.512+0000] {processor.py:829} INFO - Processing file /home/airflow/.local/lib/python3.8/site-packages/airflow/example_dags/example_sla_dag.py for tasks to queue
[2024-06-10T20:01:59.513+0000] {logging_mixin.py:151} INFO - [2024-06-10T20:01:59.512+0000] {dagbag.py:539} INFO - Filling up the DagBag from /home/airflow/.local/lib/python3.8/site-packages/airflow/example_dags/example_sla_dag.py
[2024-06-10T20:01:59.522+0000] {processor.py:839} INFO - DAG(s) dict_keys(['example_sla_dag']) retrieved from /home/airflow/.local/lib/python3.8/site-packages/airflow/example_dags/example_sla_dag.py
[2024-06-10T20:01:59.543+0000] {logging_mixin.py:151} INFO - [2024-06-10T20:01:59.543+0000] {dag.py:2915} INFO - Sync 1 DAGs
[2024-06-10T20:01:59.572+0000] {logging_mixin.py:151} INFO - [2024-06-10T20:01:59.571+0000] {dag.py:3696} INFO - Setting next_dagrun for example_sla_dag to 2024-06-10T19:58:00+00:00, run_after=2024-06-10T20:00:00+00:00
[2024-06-10T20:01:59.591+0000] {processor.py:179} INFO - Processing /home/airflow/.local/lib/python3.8/site-packages/airflow/example_dags/example_sla_dag.py took 0.083 seconds
[2024-06-10T20:02:30.262+0000] {processor.py:157} INFO - Started process (PID=11563) to work on /home/airflow/.local/lib/python3.8/site-packages/airflow/example_dags/example_sla_dag.py
[2024-06-10T20:02:30.263+0000] {processor.py:829} INFO - Processing file /home/airflow/.local/lib/python3.8/site-packages/airflow/example_dags/example_sla_dag.py for tasks to queue
[2024-06-10T20:02:30.264+0000] {logging_mixin.py:151} INFO - [2024-06-10T20:02:30.264+0000] {dagbag.py:539} INFO - Filling up the DagBag from /home/airflow/.local/lib/python3.8/site-packages/airflow/example_dags/example_sla_dag.py
[2024-06-10T20:02:30.272+0000] {processor.py:839} INFO - DAG(s) dict_keys(['example_sla_dag']) retrieved from /home/airflow/.local/lib/python3.8/site-packages/airflow/example_dags/example_sla_dag.py
[2024-06-10T20:02:30.291+0000] {logging_mixin.py:151} INFO - [2024-06-10T20:02:30.291+0000] {dag.py:2915} INFO - Sync 1 DAGs
[2024-06-10T20:02:30.319+0000] {logging_mixin.py:151} INFO - [2024-06-10T20:02:30.319+0000] {dag.py:3696} INFO - Setting next_dagrun for example_sla_dag to 2024-06-10T20:00:00+00:00, run_after=2024-06-10T20:02:00+00:00
[2024-06-10T20:02:30.336+0000] {processor.py:179} INFO - Processing /home/airflow/.local/lib/python3.8/site-packages/airflow/example_dags/example_sla_dag.py took 0.077 seconds
[2024-06-10T20:03:00.872+0000] {processor.py:157} INFO - Started process (PID=11801) to work on /home/airflow/.local/lib/python3.8/site-packages/airflow/example_dags/example_sla_dag.py
[2024-06-10T20:03:00.873+0000] {processor.py:829} INFO - Processing file /home/airflow/.local/lib/python3.8/site-packages/airflow/example_dags/example_sla_dag.py for tasks to queue
[2024-06-10T20:03:00.874+0000] {logging_mixin.py:151} INFO - [2024-06-10T20:03:00.873+0000] {dagbag.py:539} INFO - Filling up the DagBag from /home/airflow/.local/lib/python3.8/site-packages/airflow/example_dags/example_sla_dag.py
[2024-06-10T20:03:00.883+0000] {processor.py:839} INFO - DAG(s) dict_keys(['example_sla_dag']) retrieved from /home/airflow/.local/lib/python3.8/site-packages/airflow/example_dags/example_sla_dag.py
[2024-06-10T20:03:00.908+0000] {logging_mixin.py:151} INFO - [2024-06-10T20:03:00.908+0000] {dag.py:2915} INFO - Sync 1 DAGs
[2024-06-10T20:03:00.936+0000] {logging_mixin.py:151} INFO - [2024-06-10T20:03:00.936+0000] {dag.py:3696} INFO - Setting next_dagrun for example_sla_dag to 2024-06-10T20:00:00+00:00, run_after=2024-06-10T20:02:00+00:00
[2024-06-10T20:03:00.955+0000] {processor.py:179} INFO - Processing /home/airflow/.local/lib/python3.8/site-packages/airflow/example_dags/example_sla_dag.py took 0.087 seconds
[2024-06-10T20:03:31.625+0000] {processor.py:157} INFO - Started process (PID=12039) to work on /home/airflow/.local/lib/python3.8/site-packages/airflow/example_dags/example_sla_dag.py
[2024-06-10T20:03:31.626+0000] {processor.py:829} INFO - Processing file /home/airflow/.local/lib/python3.8/site-packages/airflow/example_dags/example_sla_dag.py for tasks to queue
[2024-06-10T20:03:31.627+0000] {logging_mixin.py:151} INFO - [2024-06-10T20:03:31.627+0000] {dagbag.py:539} INFO - Filling up the DagBag from /home/airflow/.local/lib/python3.8/site-packages/airflow/example_dags/example_sla_dag.py
[2024-06-10T20:03:31.635+0000] {processor.py:839} INFO - DAG(s) dict_keys(['example_sla_dag']) retrieved from /home/airflow/.local/lib/python3.8/site-packages/airflow/example_dags/example_sla_dag.py
[2024-06-10T20:03:31.655+0000] {logging_mixin.py:151} INFO - [2024-06-10T20:03:31.655+0000] {dag.py:2915} INFO - Sync 1 DAGs
[2024-06-10T20:03:31.680+0000] {logging_mixin.py:151} INFO - [2024-06-10T20:03:31.680+0000] {dag.py:3696} INFO - Setting next_dagrun for example_sla_dag to 2024-06-10T20:00:00+00:00, run_after=2024-06-10T20:02:00+00:00
[2024-06-10T20:03:31.697+0000] {processor.py:179} INFO - Processing /home/airflow/.local/lib/python3.8/site-packages/airflow/example_dags/example_sla_dag.py took 0.075 seconds
[2024-06-10T20:04:02.481+0000] {processor.py:157} INFO - Started process (PID=12277) to work on /home/airflow/.local/lib/python3.8/site-packages/airflow/example_dags/example_sla_dag.py
[2024-06-10T20:04:02.482+0000] {processor.py:829} INFO - Processing file /home/airflow/.local/lib/python3.8/site-packages/airflow/example_dags/example_sla_dag.py for tasks to queue
[2024-06-10T20:04:02.483+0000] {logging_mixin.py:151} INFO - [2024-06-10T20:04:02.483+0000] {dagbag.py:539} INFO - Filling up the DagBag from /home/airflow/.local/lib/python3.8/site-packages/airflow/example_dags/example_sla_dag.py
[2024-06-10T20:04:02.491+0000] {processor.py:839} INFO - DAG(s) dict_keys(['example_sla_dag']) retrieved from /home/airflow/.local/lib/python3.8/site-packages/airflow/example_dags/example_sla_dag.py
[2024-06-10T20:04:02.511+0000] {logging_mixin.py:151} INFO - [2024-06-10T20:04:02.511+0000] {dag.py:2915} INFO - Sync 1 DAGs
[2024-06-10T20:04:02.535+0000] {logging_mixin.py:151} INFO - [2024-06-10T20:04:02.535+0000] {dag.py:3696} INFO - Setting next_dagrun for example_sla_dag to 2024-06-10T20:02:00+00:00, run_after=2024-06-10T20:04:00+00:00
[2024-06-10T20:04:02.552+0000] {processor.py:179} INFO - Processing /home/airflow/.local/lib/python3.8/site-packages/airflow/example_dags/example_sla_dag.py took 0.074 seconds
[2024-06-10T20:04:33.429+0000] {processor.py:157} INFO - Started process (PID=12515) to work on /home/airflow/.local/lib/python3.8/site-packages/airflow/example_dags/example_sla_dag.py
[2024-06-10T20:04:33.430+0000] {processor.py:829} INFO - Processing file /home/airflow/.local/lib/python3.8/site-packages/airflow/example_dags/example_sla_dag.py for tasks to queue
[2024-06-10T20:04:33.430+0000] {logging_mixin.py:151} INFO - [2024-06-10T20:04:33.430+0000] {dagbag.py:539} INFO - Filling up the DagBag from /home/airflow/.local/lib/python3.8/site-packages/airflow/example_dags/example_sla_dag.py
[2024-06-10T20:04:33.439+0000] {processor.py:839} INFO - DAG(s) dict_keys(['example_sla_dag']) retrieved from /home/airflow/.local/lib/python3.8/site-packages/airflow/example_dags/example_sla_dag.py
[2024-06-10T20:04:33.458+0000] {logging_mixin.py:151} INFO - [2024-06-10T20:04:33.458+0000] {dag.py:2915} INFO - Sync 1 DAGs
[2024-06-10T20:04:33.483+0000] {logging_mixin.py:151} INFO - [2024-06-10T20:04:33.483+0000] {dag.py:3696} INFO - Setting next_dagrun for example_sla_dag to 2024-06-10T20:02:00+00:00, run_after=2024-06-10T20:04:00+00:00
[2024-06-10T20:04:33.499+0000] {processor.py:179} INFO - Processing /home/airflow/.local/lib/python3.8/site-packages/airflow/example_dags/example_sla_dag.py took 0.073 seconds
[2024-06-10T20:05:04.256+0000] {processor.py:157} INFO - Started process (PID=12753) to work on /home/airflow/.local/lib/python3.8/site-packages/airflow/example_dags/example_sla_dag.py
[2024-06-10T20:05:04.257+0000] {processor.py:829} INFO - Processing file /home/airflow/.local/lib/python3.8/site-packages/airflow/example_dags/example_sla_dag.py for tasks to queue
[2024-06-10T20:05:04.258+0000] {logging_mixin.py:151} INFO - [2024-06-10T20:05:04.258+0000] {dagbag.py:539} INFO - Filling up the DagBag from /home/airflow/.local/lib/python3.8/site-packages/airflow/example_dags/example_sla_dag.py
[2024-06-10T20:05:04.267+0000] {processor.py:839} INFO - DAG(s) dict_keys(['example_sla_dag']) retrieved from /home/airflow/.local/lib/python3.8/site-packages/airflow/example_dags/example_sla_dag.py
[2024-06-10T20:05:04.288+0000] {logging_mixin.py:151} INFO - [2024-06-10T20:05:04.288+0000] {dag.py:2915} INFO - Sync 1 DAGs
[2024-06-10T20:05:04.317+0000] {logging_mixin.py:151} INFO - [2024-06-10T20:05:04.316+0000] {dag.py:3696} INFO - Setting next_dagrun for example_sla_dag to 2024-06-10T20:02:00+00:00, run_after=2024-06-10T20:04:00+00:00
[2024-06-10T20:05:04.336+0000] {processor.py:179} INFO - Processing /home/airflow/.local/lib/python3.8/site-packages/airflow/example_dags/example_sla_dag.py took 0.084 seconds
[2024-06-10T20:05:34.786+0000] {processor.py:157} INFO - Started process (PID=12991) to work on /home/airflow/.local/lib/python3.8/site-packages/airflow/example_dags/example_sla_dag.py
[2024-06-10T20:05:34.787+0000] {processor.py:829} INFO - Processing file /home/airflow/.local/lib/python3.8/site-packages/airflow/example_dags/example_sla_dag.py for tasks to queue
[2024-06-10T20:05:34.788+0000] {logging_mixin.py:151} INFO - [2024-06-10T20:05:34.788+0000] {dagbag.py:539} INFO - Filling up the DagBag from /home/airflow/.local/lib/python3.8/site-packages/airflow/example_dags/example_sla_dag.py
[2024-06-10T20:05:34.797+0000] {processor.py:839} INFO - DAG(s) dict_keys(['example_sla_dag']) retrieved from /home/airflow/.local/lib/python3.8/site-packages/airflow/example_dags/example_sla_dag.py
[2024-06-10T20:05:34.819+0000] {logging_mixin.py:151} INFO - [2024-06-10T20:05:34.818+0000] {dag.py:2915} INFO - Sync 1 DAGs
[2024-06-10T20:05:34.847+0000] {logging_mixin.py:151} INFO - [2024-06-10T20:05:34.846+0000] {dag.py:3696} INFO - Setting next_dagrun for example_sla_dag to 2024-06-10T20:02:00+00:00, run_after=2024-06-10T20:04:00+00:00
[2024-06-10T20:05:34.866+0000] {processor.py:179} INFO - Processing /home/airflow/.local/lib/python3.8/site-packages/airflow/example_dags/example_sla_dag.py took 0.082 seconds
[2024-06-10T20:06:05.350+0000] {processor.py:157} INFO - Started process (PID=13229) to work on /home/airflow/.local/lib/python3.8/site-packages/airflow/example_dags/example_sla_dag.py
[2024-06-10T20:06:05.351+0000] {processor.py:829} INFO - Processing file /home/airflow/.local/lib/python3.8/site-packages/airflow/example_dags/example_sla_dag.py for tasks to queue
[2024-06-10T20:06:05.352+0000] {logging_mixin.py:151} INFO - [2024-06-10T20:06:05.352+0000] {dagbag.py:539} INFO - Filling up the DagBag from /home/airflow/.local/lib/python3.8/site-packages/airflow/example_dags/example_sla_dag.py
[2024-06-10T20:06:05.361+0000] {processor.py:839} INFO - DAG(s) dict_keys(['example_sla_dag']) retrieved from /home/airflow/.local/lib/python3.8/site-packages/airflow/example_dags/example_sla_dag.py
[2024-06-10T20:06:05.383+0000] {logging_mixin.py:151} INFO - [2024-06-10T20:06:05.382+0000] {dag.py:2915} INFO - Sync 1 DAGs
[2024-06-10T20:06:05.409+0000] {logging_mixin.py:151} INFO - [2024-06-10T20:06:05.409+0000] {dag.py:3696} INFO - Setting next_dagrun for example_sla_dag to 2024-06-10T20:04:00+00:00, run_after=2024-06-10T20:06:00+00:00
[2024-06-10T20:06:05.428+0000] {processor.py:179} INFO - Processing /home/airflow/.local/lib/python3.8/site-packages/airflow/example_dags/example_sla_dag.py took 0.082 seconds
[2024-06-10T20:06:36.017+0000] {processor.py:157} INFO - Started process (PID=13467) to work on /home/airflow/.local/lib/python3.8/site-packages/airflow/example_dags/example_sla_dag.py
[2024-06-10T20:06:36.018+0000] {processor.py:829} INFO - Processing file /home/airflow/.local/lib/python3.8/site-packages/airflow/example_dags/example_sla_dag.py for tasks to queue
[2024-06-10T20:06:36.019+0000] {logging_mixin.py:151} INFO - [2024-06-10T20:06:36.019+0000] {dagbag.py:539} INFO - Filling up the DagBag from /home/airflow/.local/lib/python3.8/site-packages/airflow/example_dags/example_sla_dag.py
[2024-06-10T20:06:36.027+0000] {processor.py:839} INFO - DAG(s) dict_keys(['example_sla_dag']) retrieved from /home/airflow/.local/lib/python3.8/site-packages/airflow/example_dags/example_sla_dag.py
[2024-06-10T20:06:36.046+0000] {logging_mixin.py:151} INFO - [2024-06-10T20:06:36.046+0000] {dag.py:2915} INFO - Sync 1 DAGs
[2024-06-10T20:06:36.071+0000] {logging_mixin.py:151} INFO - [2024-06-10T20:06:36.071+0000] {dag.py:3696} INFO - Setting next_dagrun for example_sla_dag to 2024-06-10T20:04:00+00:00, run_after=2024-06-10T20:06:00+00:00
[2024-06-10T20:06:36.087+0000] {processor.py:179} INFO - Processing /home/airflow/.local/lib/python3.8/site-packages/airflow/example_dags/example_sla_dag.py took 0.073 seconds
[2024-06-10T20:07:06.835+0000] {processor.py:157} INFO - Started process (PID=13705) to work on /home/airflow/.local/lib/python3.8/site-packages/airflow/example_dags/example_sla_dag.py
[2024-06-10T20:07:06.836+0000] {processor.py:829} INFO - Processing file /home/airflow/.local/lib/python3.8/site-packages/airflow/example_dags/example_sla_dag.py for tasks to queue
[2024-06-10T20:07:06.837+0000] {logging_mixin.py:151} INFO - [2024-06-10T20:07:06.837+0000] {dagbag.py:539} INFO - Filling up the DagBag from /home/airflow/.local/lib/python3.8/site-packages/airflow/example_dags/example_sla_dag.py
[2024-06-10T20:07:06.847+0000] {processor.py:839} INFO - DAG(s) dict_keys(['example_sla_dag']) retrieved from /home/airflow/.local/lib/python3.8/site-packages/airflow/example_dags/example_sla_dag.py
[2024-06-10T20:07:06.867+0000] {logging_mixin.py:151} INFO - [2024-06-10T20:07:06.866+0000] {dag.py:2915} INFO - Sync 1 DAGs
[2024-06-10T20:07:06.892+0000] {logging_mixin.py:151} INFO - [2024-06-10T20:07:06.892+0000] {dag.py:3696} INFO - Setting next_dagrun for example_sla_dag to 2024-06-10T20:04:00+00:00, run_after=2024-06-10T20:06:00+00:00
[2024-06-10T20:07:06.911+0000] {processor.py:179} INFO - Processing /home/airflow/.local/lib/python3.8/site-packages/airflow/example_dags/example_sla_dag.py took 0.080 seconds
[2024-06-10T20:07:37.774+0000] {processor.py:157} INFO - Started process (PID=13943) to work on /home/airflow/.local/lib/python3.8/site-packages/airflow/example_dags/example_sla_dag.py
[2024-06-10T20:07:37.775+0000] {processor.py:829} INFO - Processing file /home/airflow/.local/lib/python3.8/site-packages/airflow/example_dags/example_sla_dag.py for tasks to queue
[2024-06-10T20:07:37.776+0000] {logging_mixin.py:151} INFO - [2024-06-10T20:07:37.776+0000] {dagbag.py:539} INFO - Filling up the DagBag from /home/airflow/.local/lib/python3.8/site-packages/airflow/example_dags/example_sla_dag.py
[2024-06-10T20:07:37.784+0000] {processor.py:839} INFO - DAG(s) dict_keys(['example_sla_dag']) retrieved from /home/airflow/.local/lib/python3.8/site-packages/airflow/example_dags/example_sla_dag.py
[2024-06-10T20:07:37.803+0000] {logging_mixin.py:151} INFO - [2024-06-10T20:07:37.803+0000] {dag.py:2915} INFO - Sync 1 DAGs
[2024-06-10T20:07:37.828+0000] {logging_mixin.py:151} INFO - [2024-06-10T20:07:37.828+0000] {dag.py:3696} INFO - Setting next_dagrun for example_sla_dag to 2024-06-10T20:04:00+00:00, run_after=2024-06-10T20:06:00+00:00
[2024-06-10T20:07:37.845+0000] {processor.py:179} INFO - Processing /home/airflow/.local/lib/python3.8/site-packages/airflow/example_dags/example_sla_dag.py took 0.075 seconds
[2024-06-10T20:08:08.412+0000] {processor.py:157} INFO - Started process (PID=14181) to work on /home/airflow/.local/lib/python3.8/site-packages/airflow/example_dags/example_sla_dag.py
[2024-06-10T20:08:08.412+0000] {processor.py:829} INFO - Processing file /home/airflow/.local/lib/python3.8/site-packages/airflow/example_dags/example_sla_dag.py for tasks to queue
[2024-06-10T20:08:08.413+0000] {logging_mixin.py:151} INFO - [2024-06-10T20:08:08.413+0000] {dagbag.py:539} INFO - Filling up the DagBag from /home/airflow/.local/lib/python3.8/site-packages/airflow/example_dags/example_sla_dag.py
[2024-06-10T20:08:08.423+0000] {processor.py:839} INFO - DAG(s) dict_keys(['example_sla_dag']) retrieved from /home/airflow/.local/lib/python3.8/site-packages/airflow/example_dags/example_sla_dag.py
[2024-06-10T20:08:08.442+0000] {logging_mixin.py:151} INFO - [2024-06-10T20:08:08.442+0000] {dag.py:2915} INFO - Sync 1 DAGs
[2024-06-10T20:08:08.466+0000] {logging_mixin.py:151} INFO - [2024-06-10T20:08:08.466+0000] {dag.py:3696} INFO - Setting next_dagrun for example_sla_dag to 2024-06-10T20:06:00+00:00, run_after=2024-06-10T20:08:00+00:00
[2024-06-10T20:08:08.483+0000] {processor.py:179} INFO - Processing /home/airflow/.local/lib/python3.8/site-packages/airflow/example_dags/example_sla_dag.py took 0.075 seconds
[2024-06-10T20:08:39.336+0000] {processor.py:157} INFO - Started process (PID=14419) to work on /home/airflow/.local/lib/python3.8/site-packages/airflow/example_dags/example_sla_dag.py
[2024-06-10T20:08:39.337+0000] {processor.py:829} INFO - Processing file /home/airflow/.local/lib/python3.8/site-packages/airflow/example_dags/example_sla_dag.py for tasks to queue
[2024-06-10T20:08:39.338+0000] {logging_mixin.py:151} INFO - [2024-06-10T20:08:39.337+0000] {dagbag.py:539} INFO - Filling up the DagBag from /home/airflow/.local/lib/python3.8/site-packages/airflow/example_dags/example_sla_dag.py
[2024-06-10T20:08:39.347+0000] {processor.py:839} INFO - DAG(s) dict_keys(['example_sla_dag']) retrieved from /home/airflow/.local/lib/python3.8/site-packages/airflow/example_dags/example_sla_dag.py
[2024-06-10T20:08:39.367+0000] {logging_mixin.py:151} INFO - [2024-06-10T20:08:39.367+0000] {dag.py:2915} INFO - Sync 1 DAGs
[2024-06-10T20:08:39.394+0000] {logging_mixin.py:151} INFO - [2024-06-10T20:08:39.393+0000] {dag.py:3696} INFO - Setting next_dagrun for example_sla_dag to 2024-06-10T20:06:00+00:00, run_after=2024-06-10T20:08:00+00:00
[2024-06-10T20:08:39.411+0000] {processor.py:179} INFO - Processing /home/airflow/.local/lib/python3.8/site-packages/airflow/example_dags/example_sla_dag.py took 0.078 seconds
[2024-06-10T20:09:09.646+0000] {processor.py:157} INFO - Started process (PID=14657) to work on /home/airflow/.local/lib/python3.8/site-packages/airflow/example_dags/example_sla_dag.py
[2024-06-10T20:09:09.647+0000] {processor.py:829} INFO - Processing file /home/airflow/.local/lib/python3.8/site-packages/airflow/example_dags/example_sla_dag.py for tasks to queue
[2024-06-10T20:09:09.647+0000] {logging_mixin.py:151} INFO - [2024-06-10T20:09:09.647+0000] {dagbag.py:539} INFO - Filling up the DagBag from /home/airflow/.local/lib/python3.8/site-packages/airflow/example_dags/example_sla_dag.py
[2024-06-10T20:09:09.656+0000] {processor.py:839} INFO - DAG(s) dict_keys(['example_sla_dag']) retrieved from /home/airflow/.local/lib/python3.8/site-packages/airflow/example_dags/example_sla_dag.py
[2024-06-10T20:09:09.675+0000] {logging_mixin.py:151} INFO - [2024-06-10T20:09:09.675+0000] {dag.py:2915} INFO - Sync 1 DAGs
[2024-06-10T20:09:09.709+0000] {logging_mixin.py:151} INFO - [2024-06-10T20:09:09.709+0000] {dag.py:3696} INFO - Setting next_dagrun for example_sla_dag to 2024-06-10T20:06:00+00:00, run_after=2024-06-10T20:08:00+00:00
[2024-06-10T20:09:09.732+0000] {processor.py:179} INFO - Processing /home/airflow/.local/lib/python3.8/site-packages/airflow/example_dags/example_sla_dag.py took 0.090 seconds
[2024-06-10T20:09:39.796+0000] {processor.py:157} INFO - Started process (PID=14895) to work on /home/airflow/.local/lib/python3.8/site-packages/airflow/example_dags/example_sla_dag.py
[2024-06-10T20:09:39.797+0000] {processor.py:829} INFO - Processing file /home/airflow/.local/lib/python3.8/site-packages/airflow/example_dags/example_sla_dag.py for tasks to queue
[2024-06-10T20:09:39.798+0000] {logging_mixin.py:151} INFO - [2024-06-10T20:09:39.797+0000] {dagbag.py:539} INFO - Filling up the DagBag from /home/airflow/.local/lib/python3.8/site-packages/airflow/example_dags/example_sla_dag.py
[2024-06-10T20:09:39.806+0000] {processor.py:839} INFO - DAG(s) dict_keys(['example_sla_dag']) retrieved from /home/airflow/.local/lib/python3.8/site-packages/airflow/example_dags/example_sla_dag.py
[2024-06-10T20:09:39.825+0000] {logging_mixin.py:151} INFO - [2024-06-10T20:09:39.824+0000] {dag.py:2915} INFO - Sync 1 DAGs
[2024-06-10T20:09:39.848+0000] {logging_mixin.py:151} INFO - [2024-06-10T20:09:39.848+0000] {dag.py:3696} INFO - Setting next_dagrun for example_sla_dag to 2024-06-10T20:06:00+00:00, run_after=2024-06-10T20:08:00+00:00
[2024-06-10T20:09:39.864+0000] {processor.py:179} INFO - Processing /home/airflow/.local/lib/python3.8/site-packages/airflow/example_dags/example_sla_dag.py took 0.071 seconds
[2024-06-10T20:10:10.058+0000] {processor.py:157} INFO - Started process (PID=15134) to work on /home/airflow/.local/lib/python3.8/site-packages/airflow/example_dags/example_sla_dag.py
[2024-06-10T20:10:10.059+0000] {processor.py:829} INFO - Processing file /home/airflow/.local/lib/python3.8/site-packages/airflow/example_dags/example_sla_dag.py for tasks to queue
[2024-06-10T20:10:10.060+0000] {logging_mixin.py:151} INFO - [2024-06-10T20:10:10.059+0000] {dagbag.py:539} INFO - Filling up the DagBag from /home/airflow/.local/lib/python3.8/site-packages/airflow/example_dags/example_sla_dag.py
[2024-06-10T20:10:10.068+0000] {processor.py:839} INFO - DAG(s) dict_keys(['example_sla_dag']) retrieved from /home/airflow/.local/lib/python3.8/site-packages/airflow/example_dags/example_sla_dag.py
[2024-06-10T20:10:10.088+0000] {logging_mixin.py:151} INFO - [2024-06-10T20:10:10.087+0000] {dag.py:2915} INFO - Sync 1 DAGs
[2024-06-10T20:10:10.118+0000] {logging_mixin.py:151} INFO - [2024-06-10T20:10:10.118+0000] {dag.py:3696} INFO - Setting next_dagrun for example_sla_dag to 2024-06-10T20:08:00+00:00, run_after=2024-06-10T20:10:00+00:00
[2024-06-10T20:10:10.136+0000] {processor.py:179} INFO - Processing /home/airflow/.local/lib/python3.8/site-packages/airflow/example_dags/example_sla_dag.py took 0.080 seconds
[2024-06-10T20:10:40.774+0000] {processor.py:157} INFO - Started process (PID=15372) to work on /home/airflow/.local/lib/python3.8/site-packages/airflow/example_dags/example_sla_dag.py
[2024-06-10T20:10:40.774+0000] {processor.py:829} INFO - Processing file /home/airflow/.local/lib/python3.8/site-packages/airflow/example_dags/example_sla_dag.py for tasks to queue
[2024-06-10T20:10:40.775+0000] {logging_mixin.py:151} INFO - [2024-06-10T20:10:40.775+0000] {dagbag.py:539} INFO - Filling up the DagBag from /home/airflow/.local/lib/python3.8/site-packages/airflow/example_dags/example_sla_dag.py
[2024-06-10T20:10:40.783+0000] {processor.py:839} INFO - DAG(s) dict_keys(['example_sla_dag']) retrieved from /home/airflow/.local/lib/python3.8/site-packages/airflow/example_dags/example_sla_dag.py
[2024-06-10T20:10:40.804+0000] {logging_mixin.py:151} INFO - [2024-06-10T20:10:40.804+0000] {dag.py:2915} INFO - Sync 1 DAGs
[2024-06-10T20:10:40.829+0000] {logging_mixin.py:151} INFO - [2024-06-10T20:10:40.829+0000] {dag.py:3696} INFO - Setting next_dagrun for example_sla_dag to 2024-06-10T20:08:00+00:00, run_after=2024-06-10T20:10:00+00:00
[2024-06-10T20:10:40.845+0000] {processor.py:179} INFO - Processing /home/airflow/.local/lib/python3.8/site-packages/airflow/example_dags/example_sla_dag.py took 0.074 seconds
[2024-06-10T20:11:11.417+0000] {processor.py:157} INFO - Started process (PID=15610) to work on /home/airflow/.local/lib/python3.8/site-packages/airflow/example_dags/example_sla_dag.py
[2024-06-10T20:11:11.418+0000] {processor.py:829} INFO - Processing file /home/airflow/.local/lib/python3.8/site-packages/airflow/example_dags/example_sla_dag.py for tasks to queue
[2024-06-10T20:11:11.419+0000] {logging_mixin.py:151} INFO - [2024-06-10T20:11:11.418+0000] {dagbag.py:539} INFO - Filling up the DagBag from /home/airflow/.local/lib/python3.8/site-packages/airflow/example_dags/example_sla_dag.py
[2024-06-10T20:11:11.427+0000] {processor.py:839} INFO - DAG(s) dict_keys(['example_sla_dag']) retrieved from /home/airflow/.local/lib/python3.8/site-packages/airflow/example_dags/example_sla_dag.py
[2024-06-10T20:11:11.446+0000] {logging_mixin.py:151} INFO - [2024-06-10T20:11:11.445+0000] {dag.py:2915} INFO - Sync 1 DAGs
[2024-06-10T20:11:11.471+0000] {logging_mixin.py:151} INFO - [2024-06-10T20:11:11.470+0000] {dag.py:3696} INFO - Setting next_dagrun for example_sla_dag to 2024-06-10T20:08:00+00:00, run_after=2024-06-10T20:10:00+00:00
[2024-06-10T20:11:11.488+0000] {processor.py:179} INFO - Processing /home/airflow/.local/lib/python3.8/site-packages/airflow/example_dags/example_sla_dag.py took 0.074 seconds
[2024-06-10T20:11:42.242+0000] {processor.py:157} INFO - Started process (PID=15847) to work on /home/airflow/.local/lib/python3.8/site-packages/airflow/example_dags/example_sla_dag.py
[2024-06-10T20:11:42.243+0000] {processor.py:829} INFO - Processing file /home/airflow/.local/lib/python3.8/site-packages/airflow/example_dags/example_sla_dag.py for tasks to queue
[2024-06-10T20:11:42.243+0000] {logging_mixin.py:151} INFO - [2024-06-10T20:11:42.243+0000] {dagbag.py:539} INFO - Filling up the DagBag from /home/airflow/.local/lib/python3.8/site-packages/airflow/example_dags/example_sla_dag.py
[2024-06-10T20:11:42.251+0000] {processor.py:839} INFO - DAG(s) dict_keys(['example_sla_dag']) retrieved from /home/airflow/.local/lib/python3.8/site-packages/airflow/example_dags/example_sla_dag.py
[2024-06-10T20:11:42.271+0000] {logging_mixin.py:151} INFO - [2024-06-10T20:11:42.271+0000] {dag.py:2915} INFO - Sync 1 DAGs
[2024-06-10T20:11:42.295+0000] {logging_mixin.py:151} INFO - [2024-06-10T20:11:42.295+0000] {dag.py:3696} INFO - Setting next_dagrun for example_sla_dag to 2024-06-10T20:08:00+00:00, run_after=2024-06-10T20:10:00+00:00
[2024-06-10T20:11:42.313+0000] {processor.py:179} INFO - Processing /home/airflow/.local/lib/python3.8/site-packages/airflow/example_dags/example_sla_dag.py took 0.073 seconds
[2024-06-10T20:12:13.073+0000] {processor.py:157} INFO - Started process (PID=16085) to work on /home/airflow/.local/lib/python3.8/site-packages/airflow/example_dags/example_sla_dag.py
[2024-06-10T20:12:13.074+0000] {processor.py:829} INFO - Processing file /home/airflow/.local/lib/python3.8/site-packages/airflow/example_dags/example_sla_dag.py for tasks to queue
[2024-06-10T20:12:13.074+0000] {logging_mixin.py:151} INFO - [2024-06-10T20:12:13.074+0000] {dagbag.py:539} INFO - Filling up the DagBag from /home/airflow/.local/lib/python3.8/site-packages/airflow/example_dags/example_sla_dag.py
[2024-06-10T20:12:13.085+0000] {processor.py:839} INFO - DAG(s) dict_keys(['example_sla_dag']) retrieved from /home/airflow/.local/lib/python3.8/site-packages/airflow/example_dags/example_sla_dag.py
[2024-06-10T20:12:13.111+0000] {logging_mixin.py:151} INFO - [2024-06-10T20:12:13.111+0000] {dag.py:2915} INFO - Sync 1 DAGs
[2024-06-10T20:12:13.138+0000] {logging_mixin.py:151} INFO - [2024-06-10T20:12:13.138+0000] {dag.py:3696} INFO - Setting next_dagrun for example_sla_dag to 2024-06-10T20:10:00+00:00, run_after=2024-06-10T20:12:00+00:00
[2024-06-10T20:12:13.155+0000] {processor.py:179} INFO - Processing /home/airflow/.local/lib/python3.8/site-packages/airflow/example_dags/example_sla_dag.py took 0.085 seconds
[2024-06-10T20:12:43.861+0000] {processor.py:157} INFO - Started process (PID=16323) to work on /home/airflow/.local/lib/python3.8/site-packages/airflow/example_dags/example_sla_dag.py
[2024-06-10T20:12:43.862+0000] {processor.py:829} INFO - Processing file /home/airflow/.local/lib/python3.8/site-packages/airflow/example_dags/example_sla_dag.py for tasks to queue
[2024-06-10T20:12:43.863+0000] {logging_mixin.py:151} INFO - [2024-06-10T20:12:43.862+0000] {dagbag.py:539} INFO - Filling up the DagBag from /home/airflow/.local/lib/python3.8/site-packages/airflow/example_dags/example_sla_dag.py
[2024-06-10T20:12:43.871+0000] {processor.py:839} INFO - DAG(s) dict_keys(['example_sla_dag']) retrieved from /home/airflow/.local/lib/python3.8/site-packages/airflow/example_dags/example_sla_dag.py
[2024-06-10T20:12:43.890+0000] {logging_mixin.py:151} INFO - [2024-06-10T20:12:43.889+0000] {dag.py:2915} INFO - Sync 1 DAGs
[2024-06-10T20:12:43.915+0000] {logging_mixin.py:151} INFO - [2024-06-10T20:12:43.914+0000] {dag.py:3696} INFO - Setting next_dagrun for example_sla_dag to 2024-06-10T20:10:00+00:00, run_after=2024-06-10T20:12:00+00:00
[2024-06-10T20:12:43.931+0000] {processor.py:179} INFO - Processing /home/airflow/.local/lib/python3.8/site-packages/airflow/example_dags/example_sla_dag.py took 0.073 seconds
[2024-06-10T20:13:14.763+0000] {processor.py:157} INFO - Started process (PID=16561) to work on /home/airflow/.local/lib/python3.8/site-packages/airflow/example_dags/example_sla_dag.py
[2024-06-10T20:13:14.764+0000] {processor.py:829} INFO - Processing file /home/airflow/.local/lib/python3.8/site-packages/airflow/example_dags/example_sla_dag.py for tasks to queue
[2024-06-10T20:13:14.765+0000] {logging_mixin.py:151} INFO - [2024-06-10T20:13:14.764+0000] {dagbag.py:539} INFO - Filling up the DagBag from /home/airflow/.local/lib/python3.8/site-packages/airflow/example_dags/example_sla_dag.py
[2024-06-10T20:13:14.773+0000] {processor.py:839} INFO - DAG(s) dict_keys(['example_sla_dag']) retrieved from /home/airflow/.local/lib/python3.8/site-packages/airflow/example_dags/example_sla_dag.py
[2024-06-10T20:13:14.792+0000] {logging_mixin.py:151} INFO - [2024-06-10T20:13:14.792+0000] {dag.py:2915} INFO - Sync 1 DAGs
[2024-06-10T20:13:14.820+0000] {logging_mixin.py:151} INFO - [2024-06-10T20:13:14.820+0000] {dag.py:3696} INFO - Setting next_dagrun for example_sla_dag to 2024-06-10T20:10:00+00:00, run_after=2024-06-10T20:12:00+00:00
[2024-06-10T20:13:14.838+0000] {processor.py:179} INFO - Processing /home/airflow/.local/lib/python3.8/site-packages/airflow/example_dags/example_sla_dag.py took 0.078 seconds
[2024-06-10T20:13:45.808+0000] {processor.py:157} INFO - Started process (PID=16798) to work on /home/airflow/.local/lib/python3.8/site-packages/airflow/example_dags/example_sla_dag.py
[2024-06-10T20:13:45.808+0000] {processor.py:829} INFO - Processing file /home/airflow/.local/lib/python3.8/site-packages/airflow/example_dags/example_sla_dag.py for tasks to queue
[2024-06-10T20:13:45.809+0000] {logging_mixin.py:151} INFO - [2024-06-10T20:13:45.809+0000] {dagbag.py:539} INFO - Filling up the DagBag from /home/airflow/.local/lib/python3.8/site-packages/airflow/example_dags/example_sla_dag.py
[2024-06-10T20:13:45.820+0000] {processor.py:839} INFO - DAG(s) dict_keys(['example_sla_dag']) retrieved from /home/airflow/.local/lib/python3.8/site-packages/airflow/example_dags/example_sla_dag.py
[2024-06-10T20:13:45.839+0000] {logging_mixin.py:151} INFO - [2024-06-10T20:13:45.839+0000] {dag.py:2915} INFO - Sync 1 DAGs
[2024-06-10T20:13:45.866+0000] {logging_mixin.py:151} INFO - [2024-06-10T20:13:45.866+0000] {dag.py:3696} INFO - Setting next_dagrun for example_sla_dag to 2024-06-10T20:10:00+00:00, run_after=2024-06-10T20:12:00+00:00
[2024-06-10T20:13:45.884+0000] {processor.py:179} INFO - Processing /home/airflow/.local/lib/python3.8/site-packages/airflow/example_dags/example_sla_dag.py took 0.081 seconds
[2024-06-10T20:14:16.110+0000] {processor.py:157} INFO - Started process (PID=17036) to work on /home/airflow/.local/lib/python3.8/site-packages/airflow/example_dags/example_sla_dag.py
[2024-06-10T20:14:16.111+0000] {processor.py:829} INFO - Processing file /home/airflow/.local/lib/python3.8/site-packages/airflow/example_dags/example_sla_dag.py for tasks to queue
[2024-06-10T20:14:16.111+0000] {logging_mixin.py:151} INFO - [2024-06-10T20:14:16.111+0000] {dagbag.py:539} INFO - Filling up the DagBag from /home/airflow/.local/lib/python3.8/site-packages/airflow/example_dags/example_sla_dag.py
[2024-06-10T20:14:16.119+0000] {processor.py:839} INFO - DAG(s) dict_keys(['example_sla_dag']) retrieved from /home/airflow/.local/lib/python3.8/site-packages/airflow/example_dags/example_sla_dag.py
[2024-06-10T20:14:16.138+0000] {logging_mixin.py:151} INFO - [2024-06-10T20:14:16.138+0000] {dag.py:2915} INFO - Sync 1 DAGs
[2024-06-10T20:14:16.162+0000] {logging_mixin.py:151} INFO - [2024-06-10T20:14:16.162+0000] {dag.py:3696} INFO - Setting next_dagrun for example_sla_dag to 2024-06-10T20:12:00+00:00, run_after=2024-06-10T20:14:00+00:00
[2024-06-10T20:14:16.179+0000] {processor.py:179} INFO - Processing /home/airflow/.local/lib/python3.8/site-packages/airflow/example_dags/example_sla_dag.py took 0.072 seconds
[2024-06-10T20:14:46.277+0000] {processor.py:157} INFO - Started process (PID=17273) to work on /home/airflow/.local/lib/python3.8/site-packages/airflow/example_dags/example_sla_dag.py
[2024-06-10T20:14:46.278+0000] {processor.py:829} INFO - Processing file /home/airflow/.local/lib/python3.8/site-packages/airflow/example_dags/example_sla_dag.py for tasks to queue
[2024-06-10T20:14:46.279+0000] {logging_mixin.py:151} INFO - [2024-06-10T20:14:46.279+0000] {dagbag.py:539} INFO - Filling up the DagBag from /home/airflow/.local/lib/python3.8/site-packages/airflow/example_dags/example_sla_dag.py
[2024-06-10T20:14:46.288+0000] {processor.py:839} INFO - DAG(s) dict_keys(['example_sla_dag']) retrieved from /home/airflow/.local/lib/python3.8/site-packages/airflow/example_dags/example_sla_dag.py
[2024-06-10T20:14:46.306+0000] {logging_mixin.py:151} INFO - [2024-06-10T20:14:46.306+0000] {dag.py:2915} INFO - Sync 1 DAGs
[2024-06-10T20:14:46.330+0000] {logging_mixin.py:151} INFO - [2024-06-10T20:14:46.330+0000] {dag.py:3696} INFO - Setting next_dagrun for example_sla_dag to 2024-06-10T20:12:00+00:00, run_after=2024-06-10T20:14:00+00:00
[2024-06-10T20:14:46.347+0000] {processor.py:179} INFO - Processing /home/airflow/.local/lib/python3.8/site-packages/airflow/example_dags/example_sla_dag.py took 0.072 seconds
[2024-06-10T20:15:16.562+0000] {processor.py:157} INFO - Started process (PID=17511) to work on /home/airflow/.local/lib/python3.8/site-packages/airflow/example_dags/example_sla_dag.py
[2024-06-10T20:15:16.563+0000] {processor.py:829} INFO - Processing file /home/airflow/.local/lib/python3.8/site-packages/airflow/example_dags/example_sla_dag.py for tasks to queue
[2024-06-10T20:15:16.563+0000] {logging_mixin.py:151} INFO - [2024-06-10T20:15:16.563+0000] {dagbag.py:539} INFO - Filling up the DagBag from /home/airflow/.local/lib/python3.8/site-packages/airflow/example_dags/example_sla_dag.py
[2024-06-10T20:15:16.571+0000] {processor.py:839} INFO - DAG(s) dict_keys(['example_sla_dag']) retrieved from /home/airflow/.local/lib/python3.8/site-packages/airflow/example_dags/example_sla_dag.py
[2024-06-10T20:15:16.590+0000] {logging_mixin.py:151} INFO - [2024-06-10T20:15:16.589+0000] {dag.py:2915} INFO - Sync 1 DAGs
[2024-06-10T20:15:16.614+0000] {logging_mixin.py:151} INFO - [2024-06-10T20:15:16.613+0000] {dag.py:3696} INFO - Setting next_dagrun for example_sla_dag to 2024-06-10T20:12:00+00:00, run_after=2024-06-10T20:14:00+00:00
[2024-06-10T20:15:16.629+0000] {processor.py:179} INFO - Processing /home/airflow/.local/lib/python3.8/site-packages/airflow/example_dags/example_sla_dag.py took 0.070 seconds
[2024-06-10T20:15:46.797+0000] {processor.py:157} INFO - Started process (PID=17749) to work on /home/airflow/.local/lib/python3.8/site-packages/airflow/example_dags/example_sla_dag.py
[2024-06-10T20:15:46.797+0000] {processor.py:829} INFO - Processing file /home/airflow/.local/lib/python3.8/site-packages/airflow/example_dags/example_sla_dag.py for tasks to queue
[2024-06-10T20:15:46.798+0000] {logging_mixin.py:151} INFO - [2024-06-10T20:15:46.798+0000] {dagbag.py:539} INFO - Filling up the DagBag from /home/airflow/.local/lib/python3.8/site-packages/airflow/example_dags/example_sla_dag.py
[2024-06-10T20:15:46.806+0000] {processor.py:839} INFO - DAG(s) dict_keys(['example_sla_dag']) retrieved from /home/airflow/.local/lib/python3.8/site-packages/airflow/example_dags/example_sla_dag.py
[2024-06-10T20:15:46.825+0000] {logging_mixin.py:151} INFO - [2024-06-10T20:15:46.825+0000] {dag.py:2915} INFO - Sync 1 DAGs
[2024-06-10T20:15:46.851+0000] {logging_mixin.py:151} INFO - [2024-06-10T20:15:46.851+0000] {dag.py:3696} INFO - Setting next_dagrun for example_sla_dag to 2024-06-10T20:12:00+00:00, run_after=2024-06-10T20:14:00+00:00
[2024-06-10T20:15:46.867+0000] {processor.py:179} INFO - Processing /home/airflow/.local/lib/python3.8/site-packages/airflow/example_dags/example_sla_dag.py took 0.073 seconds
[2024-06-10T20:16:17.307+0000] {processor.py:157} INFO - Started process (PID=17987) to work on /home/airflow/.local/lib/python3.8/site-packages/airflow/example_dags/example_sla_dag.py
[2024-06-10T20:16:17.308+0000] {processor.py:829} INFO - Processing file /home/airflow/.local/lib/python3.8/site-packages/airflow/example_dags/example_sla_dag.py for tasks to queue
[2024-06-10T20:16:17.308+0000] {logging_mixin.py:151} INFO - [2024-06-10T20:16:17.308+0000] {dagbag.py:539} INFO - Filling up the DagBag from /home/airflow/.local/lib/python3.8/site-packages/airflow/example_dags/example_sla_dag.py
[2024-06-10T20:16:17.316+0000] {processor.py:839} INFO - DAG(s) dict_keys(['example_sla_dag']) retrieved from /home/airflow/.local/lib/python3.8/site-packages/airflow/example_dags/example_sla_dag.py
[2024-06-10T20:16:17.336+0000] {logging_mixin.py:151} INFO - [2024-06-10T20:16:17.336+0000] {dag.py:2915} INFO - Sync 1 DAGs
[2024-06-10T20:16:17.361+0000] {logging_mixin.py:151} INFO - [2024-06-10T20:16:17.361+0000] {dag.py:3696} INFO - Setting next_dagrun for example_sla_dag to 2024-06-10T20:14:00+00:00, run_after=2024-06-10T20:16:00+00:00
[2024-06-10T20:16:17.380+0000] {processor.py:179} INFO - Processing /home/airflow/.local/lib/python3.8/site-packages/airflow/example_dags/example_sla_dag.py took 0.076 seconds
