[2024-06-10T19:38:23.679+0000] {processor.py:157} INFO - Started process (PID=252) to work on /home/airflow/.local/lib/python3.8/site-packages/airflow/example_dags/example_python_operator.py
[2024-06-10T19:38:23.680+0000] {processor.py:829} INFO - Processing file /home/airflow/.local/lib/python3.8/site-packages/airflow/example_dags/example_python_operator.py for tasks to queue
[2024-06-10T19:38:23.681+0000] {logging_mixin.py:151} INFO - [2024-06-10T19:38:23.680+0000] {dagbag.py:539} INFO - Filling up the DagBag from /home/airflow/.local/lib/python3.8/site-packages/airflow/example_dags/example_python_operator.py
[2024-06-10T19:38:23.695+0000] {processor.py:839} INFO - DAG(s) dict_keys(['example_python_operator']) retrieved from /home/airflow/.local/lib/python3.8/site-packages/airflow/example_dags/example_python_operator.py
[2024-06-10T19:38:23.708+0000] {logging_mixin.py:151} INFO - [2024-06-10T19:38:23.708+0000] {dag.py:2915} INFO - Sync 1 DAGs
[2024-06-10T19:38:23.722+0000] {logging_mixin.py:151} INFO - [2024-06-10T19:38:23.721+0000] {dag.py:3696} INFO - Setting next_dagrun for example_python_operator to None, run_after=None
[2024-06-10T19:38:23.871+0000] {processor.py:179} INFO - Processing /home/airflow/.local/lib/python3.8/site-packages/airflow/example_dags/example_python_operator.py took 0.195 seconds
[2024-06-10T19:38:54.727+0000] {processor.py:157} INFO - Started process (PID=490) to work on /home/airflow/.local/lib/python3.8/site-packages/airflow/example_dags/example_python_operator.py
[2024-06-10T19:38:54.728+0000] {processor.py:829} INFO - Processing file /home/airflow/.local/lib/python3.8/site-packages/airflow/example_dags/example_python_operator.py for tasks to queue
[2024-06-10T19:38:54.729+0000] {logging_mixin.py:151} INFO - [2024-06-10T19:38:54.728+0000] {dagbag.py:539} INFO - Filling up the DagBag from /home/airflow/.local/lib/python3.8/site-packages/airflow/example_dags/example_python_operator.py
[2024-06-10T19:38:54.739+0000] {processor.py:839} INFO - DAG(s) dict_keys(['example_python_operator']) retrieved from /home/airflow/.local/lib/python3.8/site-packages/airflow/example_dags/example_python_operator.py
[2024-06-10T19:38:54.917+0000] {logging_mixin.py:151} INFO - [2024-06-10T19:38:54.917+0000] {security.py:708} INFO - Not syncing DAG-level permissions for DAG 'DAG:example_python_operator' as access control is unset.
[2024-06-10T19:38:54.917+0000] {logging_mixin.py:151} INFO - [2024-06-10T19:38:54.917+0000] {dag.py:2915} INFO - Sync 1 DAGs
[2024-06-10T19:38:54.929+0000] {logging_mixin.py:151} INFO - [2024-06-10T19:38:54.929+0000] {dag.py:3696} INFO - Setting next_dagrun for example_python_operator to None, run_after=None
[2024-06-10T19:38:54.948+0000] {processor.py:179} INFO - Processing /home/airflow/.local/lib/python3.8/site-packages/airflow/example_dags/example_python_operator.py took 0.224 seconds
[2024-06-10T19:39:25.862+0000] {processor.py:157} INFO - Started process (PID=728) to work on /home/airflow/.local/lib/python3.8/site-packages/airflow/example_dags/example_python_operator.py
[2024-06-10T19:39:25.863+0000] {processor.py:829} INFO - Processing file /home/airflow/.local/lib/python3.8/site-packages/airflow/example_dags/example_python_operator.py for tasks to queue
[2024-06-10T19:39:25.864+0000] {logging_mixin.py:151} INFO - [2024-06-10T19:39:25.864+0000] {dagbag.py:539} INFO - Filling up the DagBag from /home/airflow/.local/lib/python3.8/site-packages/airflow/example_dags/example_python_operator.py
[2024-06-10T19:39:25.874+0000] {processor.py:839} INFO - DAG(s) dict_keys(['example_python_operator']) retrieved from /home/airflow/.local/lib/python3.8/site-packages/airflow/example_dags/example_python_operator.py
[2024-06-10T19:39:25.896+0000] {logging_mixin.py:151} INFO - [2024-06-10T19:39:25.896+0000] {dag.py:2915} INFO - Sync 1 DAGs
[2024-06-10T19:39:25.908+0000] {logging_mixin.py:151} INFO - [2024-06-10T19:39:25.908+0000] {dag.py:3696} INFO - Setting next_dagrun for example_python_operator to None, run_after=None
[2024-06-10T19:39:25.932+0000] {processor.py:179} INFO - Processing /home/airflow/.local/lib/python3.8/site-packages/airflow/example_dags/example_python_operator.py took 0.073 seconds
[2024-06-10T19:39:56.668+0000] {processor.py:157} INFO - Started process (PID=966) to work on /home/airflow/.local/lib/python3.8/site-packages/airflow/example_dags/example_python_operator.py
[2024-06-10T19:39:56.669+0000] {processor.py:829} INFO - Processing file /home/airflow/.local/lib/python3.8/site-packages/airflow/example_dags/example_python_operator.py for tasks to queue
[2024-06-10T19:39:56.670+0000] {logging_mixin.py:151} INFO - [2024-06-10T19:39:56.669+0000] {dagbag.py:539} INFO - Filling up the DagBag from /home/airflow/.local/lib/python3.8/site-packages/airflow/example_dags/example_python_operator.py
[2024-06-10T19:39:56.680+0000] {processor.py:839} INFO - DAG(s) dict_keys(['example_python_operator']) retrieved from /home/airflow/.local/lib/python3.8/site-packages/airflow/example_dags/example_python_operator.py
[2024-06-10T19:39:56.703+0000] {logging_mixin.py:151} INFO - [2024-06-10T19:39:56.703+0000] {dag.py:2915} INFO - Sync 1 DAGs
[2024-06-10T19:39:56.715+0000] {logging_mixin.py:151} INFO - [2024-06-10T19:39:56.715+0000] {dag.py:3696} INFO - Setting next_dagrun for example_python_operator to None, run_after=None
[2024-06-10T19:39:56.732+0000] {processor.py:179} INFO - Processing /home/airflow/.local/lib/python3.8/site-packages/airflow/example_dags/example_python_operator.py took 0.068 seconds
[2024-06-10T19:40:27.534+0000] {processor.py:157} INFO - Started process (PID=1204) to work on /home/airflow/.local/lib/python3.8/site-packages/airflow/example_dags/example_python_operator.py
[2024-06-10T19:40:27.535+0000] {processor.py:829} INFO - Processing file /home/airflow/.local/lib/python3.8/site-packages/airflow/example_dags/example_python_operator.py for tasks to queue
[2024-06-10T19:40:27.536+0000] {logging_mixin.py:151} INFO - [2024-06-10T19:40:27.535+0000] {dagbag.py:539} INFO - Filling up the DagBag from /home/airflow/.local/lib/python3.8/site-packages/airflow/example_dags/example_python_operator.py
[2024-06-10T19:40:27.546+0000] {processor.py:839} INFO - DAG(s) dict_keys(['example_python_operator']) retrieved from /home/airflow/.local/lib/python3.8/site-packages/airflow/example_dags/example_python_operator.py
[2024-06-10T19:40:27.568+0000] {logging_mixin.py:151} INFO - [2024-06-10T19:40:27.567+0000] {dag.py:2915} INFO - Sync 1 DAGs
[2024-06-10T19:40:27.580+0000] {logging_mixin.py:151} INFO - [2024-06-10T19:40:27.580+0000] {dag.py:3696} INFO - Setting next_dagrun for example_python_operator to None, run_after=None
[2024-06-10T19:40:27.597+0000] {processor.py:179} INFO - Processing /home/airflow/.local/lib/python3.8/site-packages/airflow/example_dags/example_python_operator.py took 0.066 seconds
[2024-06-10T19:40:58.316+0000] {processor.py:157} INFO - Started process (PID=1449) to work on /home/airflow/.local/lib/python3.8/site-packages/airflow/example_dags/example_python_operator.py
[2024-06-10T19:40:58.317+0000] {processor.py:829} INFO - Processing file /home/airflow/.local/lib/python3.8/site-packages/airflow/example_dags/example_python_operator.py for tasks to queue
[2024-06-10T19:40:58.318+0000] {logging_mixin.py:151} INFO - [2024-06-10T19:40:58.317+0000] {dagbag.py:539} INFO - Filling up the DagBag from /home/airflow/.local/lib/python3.8/site-packages/airflow/example_dags/example_python_operator.py
[2024-06-10T19:40:58.329+0000] {processor.py:839} INFO - DAG(s) dict_keys(['example_python_operator']) retrieved from /home/airflow/.local/lib/python3.8/site-packages/airflow/example_dags/example_python_operator.py
[2024-06-10T19:40:58.352+0000] {logging_mixin.py:151} INFO - [2024-06-10T19:40:58.352+0000] {dag.py:2915} INFO - Sync 1 DAGs
[2024-06-10T19:40:58.364+0000] {logging_mixin.py:151} INFO - [2024-06-10T19:40:58.364+0000] {dag.py:3696} INFO - Setting next_dagrun for example_python_operator to None, run_after=None
[2024-06-10T19:40:58.383+0000] {processor.py:179} INFO - Processing /home/airflow/.local/lib/python3.8/site-packages/airflow/example_dags/example_python_operator.py took 0.071 seconds
[2024-06-10T19:41:29.195+0000] {processor.py:157} INFO - Started process (PID=1688) to work on /home/airflow/.local/lib/python3.8/site-packages/airflow/example_dags/example_python_operator.py
[2024-06-10T19:41:29.195+0000] {processor.py:829} INFO - Processing file /home/airflow/.local/lib/python3.8/site-packages/airflow/example_dags/example_python_operator.py for tasks to queue
[2024-06-10T19:41:29.196+0000] {logging_mixin.py:151} INFO - [2024-06-10T19:41:29.196+0000] {dagbag.py:539} INFO - Filling up the DagBag from /home/airflow/.local/lib/python3.8/site-packages/airflow/example_dags/example_python_operator.py
[2024-06-10T19:41:29.210+0000] {processor.py:839} INFO - DAG(s) dict_keys(['example_python_operator']) retrieved from /home/airflow/.local/lib/python3.8/site-packages/airflow/example_dags/example_python_operator.py
[2024-06-10T19:41:29.232+0000] {logging_mixin.py:151} INFO - [2024-06-10T19:41:29.232+0000] {dag.py:2915} INFO - Sync 1 DAGs
[2024-06-10T19:41:29.243+0000] {logging_mixin.py:151} INFO - [2024-06-10T19:41:29.243+0000] {dag.py:3696} INFO - Setting next_dagrun for example_python_operator to None, run_after=None
[2024-06-10T19:41:29.260+0000] {processor.py:179} INFO - Processing /home/airflow/.local/lib/python3.8/site-packages/airflow/example_dags/example_python_operator.py took 0.068 seconds
[2024-06-10T19:41:59.326+0000] {processor.py:157} INFO - Started process (PID=1926) to work on /home/airflow/.local/lib/python3.8/site-packages/airflow/example_dags/example_python_operator.py
[2024-06-10T19:41:59.327+0000] {processor.py:829} INFO - Processing file /home/airflow/.local/lib/python3.8/site-packages/airflow/example_dags/example_python_operator.py for tasks to queue
[2024-06-10T19:41:59.328+0000] {logging_mixin.py:151} INFO - [2024-06-10T19:41:59.328+0000] {dagbag.py:539} INFO - Filling up the DagBag from /home/airflow/.local/lib/python3.8/site-packages/airflow/example_dags/example_python_operator.py
[2024-06-10T19:41:59.340+0000] {processor.py:839} INFO - DAG(s) dict_keys(['example_python_operator']) retrieved from /home/airflow/.local/lib/python3.8/site-packages/airflow/example_dags/example_python_operator.py
[2024-06-10T19:41:59.367+0000] {logging_mixin.py:151} INFO - [2024-06-10T19:41:59.367+0000] {dag.py:2915} INFO - Sync 1 DAGs
[2024-06-10T19:41:59.383+0000] {logging_mixin.py:151} INFO - [2024-06-10T19:41:59.383+0000] {dag.py:3696} INFO - Setting next_dagrun for example_python_operator to None, run_after=None
[2024-06-10T19:41:59.401+0000] {processor.py:179} INFO - Processing /home/airflow/.local/lib/python3.8/site-packages/airflow/example_dags/example_python_operator.py took 0.079 seconds
[2024-06-10T19:42:29.583+0000] {processor.py:157} INFO - Started process (PID=2164) to work on /home/airflow/.local/lib/python3.8/site-packages/airflow/example_dags/example_python_operator.py
[2024-06-10T19:42:29.583+0000] {processor.py:829} INFO - Processing file /home/airflow/.local/lib/python3.8/site-packages/airflow/example_dags/example_python_operator.py for tasks to queue
[2024-06-10T19:42:29.584+0000] {logging_mixin.py:151} INFO - [2024-06-10T19:42:29.584+0000] {dagbag.py:539} INFO - Filling up the DagBag from /home/airflow/.local/lib/python3.8/site-packages/airflow/example_dags/example_python_operator.py
[2024-06-10T19:42:29.597+0000] {processor.py:839} INFO - DAG(s) dict_keys(['example_python_operator']) retrieved from /home/airflow/.local/lib/python3.8/site-packages/airflow/example_dags/example_python_operator.py
[2024-06-10T19:42:29.621+0000] {logging_mixin.py:151} INFO - [2024-06-10T19:42:29.621+0000] {dag.py:2915} INFO - Sync 1 DAGs
[2024-06-10T19:42:29.634+0000] {logging_mixin.py:151} INFO - [2024-06-10T19:42:29.633+0000] {dag.py:3696} INFO - Setting next_dagrun for example_python_operator to None, run_after=None
[2024-06-10T19:42:29.651+0000] {processor.py:179} INFO - Processing /home/airflow/.local/lib/python3.8/site-packages/airflow/example_dags/example_python_operator.py took 0.072 seconds
[2024-06-10T19:42:59.726+0000] {processor.py:157} INFO - Started process (PID=2404) to work on /home/airflow/.local/lib/python3.8/site-packages/airflow/example_dags/example_python_operator.py
[2024-06-10T19:42:59.727+0000] {processor.py:829} INFO - Processing file /home/airflow/.local/lib/python3.8/site-packages/airflow/example_dags/example_python_operator.py for tasks to queue
[2024-06-10T19:42:59.728+0000] {logging_mixin.py:151} INFO - [2024-06-10T19:42:59.727+0000] {dagbag.py:539} INFO - Filling up the DagBag from /home/airflow/.local/lib/python3.8/site-packages/airflow/example_dags/example_python_operator.py
[2024-06-10T19:42:59.738+0000] {processor.py:839} INFO - DAG(s) dict_keys(['example_python_operator']) retrieved from /home/airflow/.local/lib/python3.8/site-packages/airflow/example_dags/example_python_operator.py
[2024-06-10T19:42:59.768+0000] {logging_mixin.py:151} INFO - [2024-06-10T19:42:59.768+0000] {dag.py:2915} INFO - Sync 1 DAGs
[2024-06-10T19:42:59.787+0000] {logging_mixin.py:151} INFO - [2024-06-10T19:42:59.787+0000] {dag.py:3696} INFO - Setting next_dagrun for example_python_operator to None, run_after=None
[2024-06-10T19:42:59.809+0000] {processor.py:179} INFO - Processing /home/airflow/.local/lib/python3.8/site-packages/airflow/example_dags/example_python_operator.py took 0.086 seconds
[2024-06-10T19:43:30.723+0000] {processor.py:157} INFO - Started process (PID=2647) to work on /home/airflow/.local/lib/python3.8/site-packages/airflow/example_dags/example_python_operator.py
[2024-06-10T19:43:30.723+0000] {processor.py:829} INFO - Processing file /home/airflow/.local/lib/python3.8/site-packages/airflow/example_dags/example_python_operator.py for tasks to queue
[2024-06-10T19:43:30.724+0000] {logging_mixin.py:151} INFO - [2024-06-10T19:43:30.724+0000] {dagbag.py:539} INFO - Filling up the DagBag from /home/airflow/.local/lib/python3.8/site-packages/airflow/example_dags/example_python_operator.py
[2024-06-10T19:43:30.735+0000] {processor.py:839} INFO - DAG(s) dict_keys(['example_python_operator']) retrieved from /home/airflow/.local/lib/python3.8/site-packages/airflow/example_dags/example_python_operator.py
[2024-06-10T19:43:30.767+0000] {logging_mixin.py:151} INFO - [2024-06-10T19:43:30.766+0000] {dag.py:2915} INFO - Sync 1 DAGs
[2024-06-10T19:43:30.784+0000] {logging_mixin.py:151} INFO - [2024-06-10T19:43:30.783+0000] {dag.py:3696} INFO - Setting next_dagrun for example_python_operator to None, run_after=None
[2024-06-10T19:43:30.804+0000] {processor.py:179} INFO - Processing /home/airflow/.local/lib/python3.8/site-packages/airflow/example_dags/example_python_operator.py took 0.085 seconds
[2024-06-10T19:44:01.606+0000] {processor.py:157} INFO - Started process (PID=2885) to work on /home/airflow/.local/lib/python3.8/site-packages/airflow/example_dags/example_python_operator.py
[2024-06-10T19:44:01.607+0000] {processor.py:829} INFO - Processing file /home/airflow/.local/lib/python3.8/site-packages/airflow/example_dags/example_python_operator.py for tasks to queue
[2024-06-10T19:44:01.608+0000] {logging_mixin.py:151} INFO - [2024-06-10T19:44:01.608+0000] {dagbag.py:539} INFO - Filling up the DagBag from /home/airflow/.local/lib/python3.8/site-packages/airflow/example_dags/example_python_operator.py
[2024-06-10T19:44:01.619+0000] {processor.py:839} INFO - DAG(s) dict_keys(['example_python_operator']) retrieved from /home/airflow/.local/lib/python3.8/site-packages/airflow/example_dags/example_python_operator.py
[2024-06-10T19:44:01.642+0000] {logging_mixin.py:151} INFO - [2024-06-10T19:44:01.642+0000] {dag.py:2915} INFO - Sync 1 DAGs
[2024-06-10T19:44:01.655+0000] {logging_mixin.py:151} INFO - [2024-06-10T19:44:01.655+0000] {dag.py:3696} INFO - Setting next_dagrun for example_python_operator to None, run_after=None
[2024-06-10T19:44:01.673+0000] {processor.py:179} INFO - Processing /home/airflow/.local/lib/python3.8/site-packages/airflow/example_dags/example_python_operator.py took 0.070 seconds
[2024-06-10T19:44:32.195+0000] {processor.py:157} INFO - Started process (PID=3123) to work on /home/airflow/.local/lib/python3.8/site-packages/airflow/example_dags/example_python_operator.py
[2024-06-10T19:44:32.196+0000] {processor.py:829} INFO - Processing file /home/airflow/.local/lib/python3.8/site-packages/airflow/example_dags/example_python_operator.py for tasks to queue
[2024-06-10T19:44:32.196+0000] {logging_mixin.py:151} INFO - [2024-06-10T19:44:32.196+0000] {dagbag.py:539} INFO - Filling up the DagBag from /home/airflow/.local/lib/python3.8/site-packages/airflow/example_dags/example_python_operator.py
[2024-06-10T19:44:32.207+0000] {processor.py:839} INFO - DAG(s) dict_keys(['example_python_operator']) retrieved from /home/airflow/.local/lib/python3.8/site-packages/airflow/example_dags/example_python_operator.py
[2024-06-10T19:44:32.229+0000] {logging_mixin.py:151} INFO - [2024-06-10T19:44:32.229+0000] {dag.py:2915} INFO - Sync 1 DAGs
[2024-06-10T19:44:32.241+0000] {logging_mixin.py:151} INFO - [2024-06-10T19:44:32.241+0000] {dag.py:3696} INFO - Setting next_dagrun for example_python_operator to None, run_after=None
[2024-06-10T19:44:32.258+0000] {processor.py:179} INFO - Processing /home/airflow/.local/lib/python3.8/site-packages/airflow/example_dags/example_python_operator.py took 0.067 seconds
[2024-06-10T19:45:03.021+0000] {processor.py:157} INFO - Started process (PID=3361) to work on /home/airflow/.local/lib/python3.8/site-packages/airflow/example_dags/example_python_operator.py
[2024-06-10T19:45:03.023+0000] {processor.py:829} INFO - Processing file /home/airflow/.local/lib/python3.8/site-packages/airflow/example_dags/example_python_operator.py for tasks to queue
[2024-06-10T19:45:03.023+0000] {logging_mixin.py:151} INFO - [2024-06-10T19:45:03.023+0000] {dagbag.py:539} INFO - Filling up the DagBag from /home/airflow/.local/lib/python3.8/site-packages/airflow/example_dags/example_python_operator.py
[2024-06-10T19:45:03.036+0000] {processor.py:839} INFO - DAG(s) dict_keys(['example_python_operator']) retrieved from /home/airflow/.local/lib/python3.8/site-packages/airflow/example_dags/example_python_operator.py
[2024-06-10T19:45:03.059+0000] {logging_mixin.py:151} INFO - [2024-06-10T19:45:03.059+0000] {dag.py:2915} INFO - Sync 1 DAGs
[2024-06-10T19:45:03.072+0000] {logging_mixin.py:151} INFO - [2024-06-10T19:45:03.071+0000] {dag.py:3696} INFO - Setting next_dagrun for example_python_operator to None, run_after=None
[2024-06-10T19:45:03.090+0000] {processor.py:179} INFO - Processing /home/airflow/.local/lib/python3.8/site-packages/airflow/example_dags/example_python_operator.py took 0.073 seconds
[2024-06-10T19:45:33.939+0000] {processor.py:157} INFO - Started process (PID=3599) to work on /home/airflow/.local/lib/python3.8/site-packages/airflow/example_dags/example_python_operator.py
[2024-06-10T19:45:33.940+0000] {processor.py:829} INFO - Processing file /home/airflow/.local/lib/python3.8/site-packages/airflow/example_dags/example_python_operator.py for tasks to queue
[2024-06-10T19:45:33.941+0000] {logging_mixin.py:151} INFO - [2024-06-10T19:45:33.940+0000] {dagbag.py:539} INFO - Filling up the DagBag from /home/airflow/.local/lib/python3.8/site-packages/airflow/example_dags/example_python_operator.py
[2024-06-10T19:45:33.953+0000] {processor.py:839} INFO - DAG(s) dict_keys(['example_python_operator']) retrieved from /home/airflow/.local/lib/python3.8/site-packages/airflow/example_dags/example_python_operator.py
[2024-06-10T19:45:33.981+0000] {logging_mixin.py:151} INFO - [2024-06-10T19:45:33.981+0000] {dag.py:2915} INFO - Sync 1 DAGs
[2024-06-10T19:45:33.993+0000] {logging_mixin.py:151} INFO - [2024-06-10T19:45:33.993+0000] {dag.py:3696} INFO - Setting next_dagrun for example_python_operator to None, run_after=None
[2024-06-10T19:45:34.011+0000] {processor.py:179} INFO - Processing /home/airflow/.local/lib/python3.8/site-packages/airflow/example_dags/example_python_operator.py took 0.076 seconds
[2024-06-10T19:46:04.548+0000] {processor.py:157} INFO - Started process (PID=3838) to work on /home/airflow/.local/lib/python3.8/site-packages/airflow/example_dags/example_python_operator.py
[2024-06-10T19:46:04.549+0000] {processor.py:829} INFO - Processing file /home/airflow/.local/lib/python3.8/site-packages/airflow/example_dags/example_python_operator.py for tasks to queue
[2024-06-10T19:46:04.550+0000] {logging_mixin.py:151} INFO - [2024-06-10T19:46:04.550+0000] {dagbag.py:539} INFO - Filling up the DagBag from /home/airflow/.local/lib/python3.8/site-packages/airflow/example_dags/example_python_operator.py
[2024-06-10T19:46:04.560+0000] {processor.py:839} INFO - DAG(s) dict_keys(['example_python_operator']) retrieved from /home/airflow/.local/lib/python3.8/site-packages/airflow/example_dags/example_python_operator.py
[2024-06-10T19:46:04.583+0000] {logging_mixin.py:151} INFO - [2024-06-10T19:46:04.583+0000] {dag.py:2915} INFO - Sync 1 DAGs
[2024-06-10T19:46:04.595+0000] {logging_mixin.py:151} INFO - [2024-06-10T19:46:04.595+0000] {dag.py:3696} INFO - Setting next_dagrun for example_python_operator to None, run_after=None
[2024-06-10T19:46:04.613+0000] {processor.py:179} INFO - Processing /home/airflow/.local/lib/python3.8/site-packages/airflow/example_dags/example_python_operator.py took 0.068 seconds
[2024-06-10T19:46:35.190+0000] {processor.py:157} INFO - Started process (PID=4076) to work on /home/airflow/.local/lib/python3.8/site-packages/airflow/example_dags/example_python_operator.py
[2024-06-10T19:46:35.191+0000] {processor.py:829} INFO - Processing file /home/airflow/.local/lib/python3.8/site-packages/airflow/example_dags/example_python_operator.py for tasks to queue
[2024-06-10T19:46:35.192+0000] {logging_mixin.py:151} INFO - [2024-06-10T19:46:35.191+0000] {dagbag.py:539} INFO - Filling up the DagBag from /home/airflow/.local/lib/python3.8/site-packages/airflow/example_dags/example_python_operator.py
[2024-06-10T19:46:35.201+0000] {processor.py:839} INFO - DAG(s) dict_keys(['example_python_operator']) retrieved from /home/airflow/.local/lib/python3.8/site-packages/airflow/example_dags/example_python_operator.py
[2024-06-10T19:46:35.223+0000] {logging_mixin.py:151} INFO - [2024-06-10T19:46:35.223+0000] {dag.py:2915} INFO - Sync 1 DAGs
[2024-06-10T19:46:35.235+0000] {logging_mixin.py:151} INFO - [2024-06-10T19:46:35.235+0000] {dag.py:3696} INFO - Setting next_dagrun for example_python_operator to None, run_after=None
[2024-06-10T19:46:35.253+0000] {processor.py:179} INFO - Processing /home/airflow/.local/lib/python3.8/site-packages/airflow/example_dags/example_python_operator.py took 0.066 seconds
[2024-06-10T19:47:05.971+0000] {processor.py:157} INFO - Started process (PID=4315) to work on /home/airflow/.local/lib/python3.8/site-packages/airflow/example_dags/example_python_operator.py
[2024-06-10T19:47:05.972+0000] {processor.py:829} INFO - Processing file /home/airflow/.local/lib/python3.8/site-packages/airflow/example_dags/example_python_operator.py for tasks to queue
[2024-06-10T19:47:05.973+0000] {logging_mixin.py:151} INFO - [2024-06-10T19:47:05.973+0000] {dagbag.py:539} INFO - Filling up the DagBag from /home/airflow/.local/lib/python3.8/site-packages/airflow/example_dags/example_python_operator.py
[2024-06-10T19:47:05.982+0000] {processor.py:839} INFO - DAG(s) dict_keys(['example_python_operator']) retrieved from /home/airflow/.local/lib/python3.8/site-packages/airflow/example_dags/example_python_operator.py
[2024-06-10T19:47:06.015+0000] {logging_mixin.py:151} INFO - [2024-06-10T19:47:06.015+0000] {dag.py:2915} INFO - Sync 1 DAGs
[2024-06-10T19:47:06.028+0000] {logging_mixin.py:151} INFO - [2024-06-10T19:47:06.028+0000] {dag.py:3696} INFO - Setting next_dagrun for example_python_operator to None, run_after=None
[2024-06-10T19:47:06.050+0000] {processor.py:179} INFO - Processing /home/airflow/.local/lib/python3.8/site-packages/airflow/example_dags/example_python_operator.py took 0.082 seconds
[2024-06-10T19:47:36.707+0000] {processor.py:157} INFO - Started process (PID=4553) to work on /home/airflow/.local/lib/python3.8/site-packages/airflow/example_dags/example_python_operator.py
[2024-06-10T19:47:36.708+0000] {processor.py:829} INFO - Processing file /home/airflow/.local/lib/python3.8/site-packages/airflow/example_dags/example_python_operator.py for tasks to queue
[2024-06-10T19:47:36.709+0000] {logging_mixin.py:151} INFO - [2024-06-10T19:47:36.708+0000] {dagbag.py:539} INFO - Filling up the DagBag from /home/airflow/.local/lib/python3.8/site-packages/airflow/example_dags/example_python_operator.py
[2024-06-10T19:47:36.719+0000] {processor.py:839} INFO - DAG(s) dict_keys(['example_python_operator']) retrieved from /home/airflow/.local/lib/python3.8/site-packages/airflow/example_dags/example_python_operator.py
[2024-06-10T19:47:36.741+0000] {logging_mixin.py:151} INFO - [2024-06-10T19:47:36.741+0000] {dag.py:2915} INFO - Sync 1 DAGs
[2024-06-10T19:47:36.753+0000] {logging_mixin.py:151} INFO - [2024-06-10T19:47:36.753+0000] {dag.py:3696} INFO - Setting next_dagrun for example_python_operator to None, run_after=None
[2024-06-10T19:47:36.770+0000] {processor.py:179} INFO - Processing /home/airflow/.local/lib/python3.8/site-packages/airflow/example_dags/example_python_operator.py took 0.067 seconds
[2024-06-10T19:48:07.698+0000] {processor.py:157} INFO - Started process (PID=4791) to work on /home/airflow/.local/lib/python3.8/site-packages/airflow/example_dags/example_python_operator.py
[2024-06-10T19:48:07.699+0000] {processor.py:829} INFO - Processing file /home/airflow/.local/lib/python3.8/site-packages/airflow/example_dags/example_python_operator.py for tasks to queue
[2024-06-10T19:48:07.700+0000] {logging_mixin.py:151} INFO - [2024-06-10T19:48:07.700+0000] {dagbag.py:539} INFO - Filling up the DagBag from /home/airflow/.local/lib/python3.8/site-packages/airflow/example_dags/example_python_operator.py
[2024-06-10T19:48:07.713+0000] {processor.py:839} INFO - DAG(s) dict_keys(['example_python_operator']) retrieved from /home/airflow/.local/lib/python3.8/site-packages/airflow/example_dags/example_python_operator.py
[2024-06-10T19:48:07.739+0000] {logging_mixin.py:151} INFO - [2024-06-10T19:48:07.739+0000] {dag.py:2915} INFO - Sync 1 DAGs
[2024-06-10T19:48:07.752+0000] {logging_mixin.py:151} INFO - [2024-06-10T19:48:07.752+0000] {dag.py:3696} INFO - Setting next_dagrun for example_python_operator to None, run_after=None
[2024-06-10T19:48:07.771+0000] {processor.py:179} INFO - Processing /home/airflow/.local/lib/python3.8/site-packages/airflow/example_dags/example_python_operator.py took 0.076 seconds
[2024-06-10T19:48:37.854+0000] {processor.py:157} INFO - Started process (PID=5029) to work on /home/airflow/.local/lib/python3.8/site-packages/airflow/example_dags/example_python_operator.py
[2024-06-10T19:48:37.855+0000] {processor.py:829} INFO - Processing file /home/airflow/.local/lib/python3.8/site-packages/airflow/example_dags/example_python_operator.py for tasks to queue
[2024-06-10T19:48:37.856+0000] {logging_mixin.py:151} INFO - [2024-06-10T19:48:37.856+0000] {dagbag.py:539} INFO - Filling up the DagBag from /home/airflow/.local/lib/python3.8/site-packages/airflow/example_dags/example_python_operator.py
[2024-06-10T19:48:37.867+0000] {processor.py:839} INFO - DAG(s) dict_keys(['example_python_operator']) retrieved from /home/airflow/.local/lib/python3.8/site-packages/airflow/example_dags/example_python_operator.py
[2024-06-10T19:48:37.892+0000] {logging_mixin.py:151} INFO - [2024-06-10T19:48:37.892+0000] {dag.py:2915} INFO - Sync 1 DAGs
[2024-06-10T19:48:37.904+0000] {logging_mixin.py:151} INFO - [2024-06-10T19:48:37.904+0000] {dag.py:3696} INFO - Setting next_dagrun for example_python_operator to None, run_after=None
[2024-06-10T19:48:37.924+0000] {processor.py:179} INFO - Processing /home/airflow/.local/lib/python3.8/site-packages/airflow/example_dags/example_python_operator.py took 0.074 seconds
[2024-06-10T19:49:08.227+0000] {processor.py:157} INFO - Started process (PID=5267) to work on /home/airflow/.local/lib/python3.8/site-packages/airflow/example_dags/example_python_operator.py
[2024-06-10T19:49:08.228+0000] {processor.py:829} INFO - Processing file /home/airflow/.local/lib/python3.8/site-packages/airflow/example_dags/example_python_operator.py for tasks to queue
[2024-06-10T19:49:08.229+0000] {logging_mixin.py:151} INFO - [2024-06-10T19:49:08.228+0000] {dagbag.py:539} INFO - Filling up the DagBag from /home/airflow/.local/lib/python3.8/site-packages/airflow/example_dags/example_python_operator.py
[2024-06-10T19:49:08.239+0000] {processor.py:839} INFO - DAG(s) dict_keys(['example_python_operator']) retrieved from /home/airflow/.local/lib/python3.8/site-packages/airflow/example_dags/example_python_operator.py
[2024-06-10T19:49:08.261+0000] {logging_mixin.py:151} INFO - [2024-06-10T19:49:08.261+0000] {dag.py:2915} INFO - Sync 1 DAGs
[2024-06-10T19:49:08.273+0000] {logging_mixin.py:151} INFO - [2024-06-10T19:49:08.273+0000] {dag.py:3696} INFO - Setting next_dagrun for example_python_operator to None, run_after=None
[2024-06-10T19:49:08.291+0000] {processor.py:179} INFO - Processing /home/airflow/.local/lib/python3.8/site-packages/airflow/example_dags/example_python_operator.py took 0.067 seconds
[2024-06-10T19:49:38.611+0000] {processor.py:157} INFO - Started process (PID=5505) to work on /home/airflow/.local/lib/python3.8/site-packages/airflow/example_dags/example_python_operator.py
[2024-06-10T19:49:38.612+0000] {processor.py:829} INFO - Processing file /home/airflow/.local/lib/python3.8/site-packages/airflow/example_dags/example_python_operator.py for tasks to queue
[2024-06-10T19:49:38.613+0000] {logging_mixin.py:151} INFO - [2024-06-10T19:49:38.613+0000] {dagbag.py:539} INFO - Filling up the DagBag from /home/airflow/.local/lib/python3.8/site-packages/airflow/example_dags/example_python_operator.py
[2024-06-10T19:49:38.625+0000] {processor.py:839} INFO - DAG(s) dict_keys(['example_python_operator']) retrieved from /home/airflow/.local/lib/python3.8/site-packages/airflow/example_dags/example_python_operator.py
[2024-06-10T19:49:38.652+0000] {logging_mixin.py:151} INFO - [2024-06-10T19:49:38.652+0000] {dag.py:2915} INFO - Sync 1 DAGs
[2024-06-10T19:49:38.667+0000] {logging_mixin.py:151} INFO - [2024-06-10T19:49:38.666+0000] {dag.py:3696} INFO - Setting next_dagrun for example_python_operator to None, run_after=None
[2024-06-10T19:49:38.691+0000] {processor.py:179} INFO - Processing /home/airflow/.local/lib/python3.8/site-packages/airflow/example_dags/example_python_operator.py took 0.083 seconds
[2024-06-10T19:50:08.758+0000] {processor.py:157} INFO - Started process (PID=5743) to work on /home/airflow/.local/lib/python3.8/site-packages/airflow/example_dags/example_python_operator.py
[2024-06-10T19:50:08.759+0000] {processor.py:829} INFO - Processing file /home/airflow/.local/lib/python3.8/site-packages/airflow/example_dags/example_python_operator.py for tasks to queue
[2024-06-10T19:50:08.759+0000] {logging_mixin.py:151} INFO - [2024-06-10T19:50:08.759+0000] {dagbag.py:539} INFO - Filling up the DagBag from /home/airflow/.local/lib/python3.8/site-packages/airflow/example_dags/example_python_operator.py
[2024-06-10T19:50:08.770+0000] {processor.py:839} INFO - DAG(s) dict_keys(['example_python_operator']) retrieved from /home/airflow/.local/lib/python3.8/site-packages/airflow/example_dags/example_python_operator.py
[2024-06-10T19:50:08.800+0000] {logging_mixin.py:151} INFO - [2024-06-10T19:50:08.799+0000] {dag.py:2915} INFO - Sync 1 DAGs
[2024-06-10T19:50:08.817+0000] {logging_mixin.py:151} INFO - [2024-06-10T19:50:08.817+0000] {dag.py:3696} INFO - Setting next_dagrun for example_python_operator to None, run_after=None
[2024-06-10T19:50:08.837+0000] {processor.py:179} INFO - Processing /home/airflow/.local/lib/python3.8/site-packages/airflow/example_dags/example_python_operator.py took 0.082 seconds
[2024-06-10T19:50:38.941+0000] {processor.py:157} INFO - Started process (PID=5981) to work on /home/airflow/.local/lib/python3.8/site-packages/airflow/example_dags/example_python_operator.py
[2024-06-10T19:50:38.942+0000] {processor.py:829} INFO - Processing file /home/airflow/.local/lib/python3.8/site-packages/airflow/example_dags/example_python_operator.py for tasks to queue
[2024-06-10T19:50:38.942+0000] {logging_mixin.py:151} INFO - [2024-06-10T19:50:38.942+0000] {dagbag.py:539} INFO - Filling up the DagBag from /home/airflow/.local/lib/python3.8/site-packages/airflow/example_dags/example_python_operator.py
[2024-06-10T19:50:38.953+0000] {processor.py:839} INFO - DAG(s) dict_keys(['example_python_operator']) retrieved from /home/airflow/.local/lib/python3.8/site-packages/airflow/example_dags/example_python_operator.py
[2024-06-10T19:50:38.975+0000] {logging_mixin.py:151} INFO - [2024-06-10T19:50:38.974+0000] {dag.py:2915} INFO - Sync 1 DAGs
[2024-06-10T19:50:38.986+0000] {logging_mixin.py:151} INFO - [2024-06-10T19:50:38.986+0000] {dag.py:3696} INFO - Setting next_dagrun for example_python_operator to None, run_after=None
[2024-06-10T19:50:39.016+0000] {processor.py:179} INFO - Processing /home/airflow/.local/lib/python3.8/site-packages/airflow/example_dags/example_python_operator.py took 0.079 seconds
[2024-06-10T19:51:09.215+0000] {processor.py:157} INFO - Started process (PID=6218) to work on /home/airflow/.local/lib/python3.8/site-packages/airflow/example_dags/example_python_operator.py
[2024-06-10T19:51:09.216+0000] {processor.py:829} INFO - Processing file /home/airflow/.local/lib/python3.8/site-packages/airflow/example_dags/example_python_operator.py for tasks to queue
[2024-06-10T19:51:09.216+0000] {logging_mixin.py:151} INFO - [2024-06-10T19:51:09.216+0000] {dagbag.py:539} INFO - Filling up the DagBag from /home/airflow/.local/lib/python3.8/site-packages/airflow/example_dags/example_python_operator.py
[2024-06-10T19:51:09.227+0000] {processor.py:839} INFO - DAG(s) dict_keys(['example_python_operator']) retrieved from /home/airflow/.local/lib/python3.8/site-packages/airflow/example_dags/example_python_operator.py
[2024-06-10T19:51:09.262+0000] {logging_mixin.py:151} INFO - [2024-06-10T19:51:09.262+0000] {dag.py:2915} INFO - Sync 1 DAGs
[2024-06-10T19:51:09.279+0000] {logging_mixin.py:151} INFO - [2024-06-10T19:51:09.278+0000] {dag.py:3696} INFO - Setting next_dagrun for example_python_operator to None, run_after=None
[2024-06-10T19:51:09.304+0000] {processor.py:179} INFO - Processing /home/airflow/.local/lib/python3.8/site-packages/airflow/example_dags/example_python_operator.py took 0.094 seconds
[2024-06-10T19:51:40.162+0000] {processor.py:157} INFO - Started process (PID=6455) to work on /home/airflow/.local/lib/python3.8/site-packages/airflow/example_dags/example_python_operator.py
[2024-06-10T19:51:40.163+0000] {processor.py:829} INFO - Processing file /home/airflow/.local/lib/python3.8/site-packages/airflow/example_dags/example_python_operator.py for tasks to queue
[2024-06-10T19:51:40.163+0000] {logging_mixin.py:151} INFO - [2024-06-10T19:51:40.163+0000] {dagbag.py:539} INFO - Filling up the DagBag from /home/airflow/.local/lib/python3.8/site-packages/airflow/example_dags/example_python_operator.py
[2024-06-10T19:51:40.173+0000] {processor.py:839} INFO - DAG(s) dict_keys(['example_python_operator']) retrieved from /home/airflow/.local/lib/python3.8/site-packages/airflow/example_dags/example_python_operator.py
[2024-06-10T19:51:40.195+0000] {logging_mixin.py:151} INFO - [2024-06-10T19:51:40.195+0000] {dag.py:2915} INFO - Sync 1 DAGs
[2024-06-10T19:51:40.208+0000] {logging_mixin.py:151} INFO - [2024-06-10T19:51:40.207+0000] {dag.py:3696} INFO - Setting next_dagrun for example_python_operator to None, run_after=None
[2024-06-10T19:51:40.225+0000] {processor.py:179} INFO - Processing /home/airflow/.local/lib/python3.8/site-packages/airflow/example_dags/example_python_operator.py took 0.066 seconds
[2024-06-10T19:52:10.437+0000] {processor.py:157} INFO - Started process (PID=6692) to work on /home/airflow/.local/lib/python3.8/site-packages/airflow/example_dags/example_python_operator.py
[2024-06-10T19:52:10.438+0000] {processor.py:829} INFO - Processing file /home/airflow/.local/lib/python3.8/site-packages/airflow/example_dags/example_python_operator.py for tasks to queue
[2024-06-10T19:52:10.439+0000] {logging_mixin.py:151} INFO - [2024-06-10T19:52:10.439+0000] {dagbag.py:539} INFO - Filling up the DagBag from /home/airflow/.local/lib/python3.8/site-packages/airflow/example_dags/example_python_operator.py
[2024-06-10T19:52:10.452+0000] {processor.py:839} INFO - DAG(s) dict_keys(['example_python_operator']) retrieved from /home/airflow/.local/lib/python3.8/site-packages/airflow/example_dags/example_python_operator.py
[2024-06-10T19:52:10.483+0000] {logging_mixin.py:151} INFO - [2024-06-10T19:52:10.483+0000] {dag.py:2915} INFO - Sync 1 DAGs
[2024-06-10T19:52:10.502+0000] {logging_mixin.py:151} INFO - [2024-06-10T19:52:10.502+0000] {dag.py:3696} INFO - Setting next_dagrun for example_python_operator to None, run_after=None
[2024-06-10T19:52:10.529+0000] {processor.py:179} INFO - Processing /home/airflow/.local/lib/python3.8/site-packages/airflow/example_dags/example_python_operator.py took 0.096 seconds
[2024-06-10T19:52:41.050+0000] {processor.py:157} INFO - Started process (PID=6930) to work on /home/airflow/.local/lib/python3.8/site-packages/airflow/example_dags/example_python_operator.py
[2024-06-10T19:52:41.051+0000] {processor.py:829} INFO - Processing file /home/airflow/.local/lib/python3.8/site-packages/airflow/example_dags/example_python_operator.py for tasks to queue
[2024-06-10T19:52:41.052+0000] {logging_mixin.py:151} INFO - [2024-06-10T19:52:41.052+0000] {dagbag.py:539} INFO - Filling up the DagBag from /home/airflow/.local/lib/python3.8/site-packages/airflow/example_dags/example_python_operator.py
[2024-06-10T19:52:41.064+0000] {processor.py:839} INFO - DAG(s) dict_keys(['example_python_operator']) retrieved from /home/airflow/.local/lib/python3.8/site-packages/airflow/example_dags/example_python_operator.py
[2024-06-10T19:52:41.087+0000] {logging_mixin.py:151} INFO - [2024-06-10T19:52:41.087+0000] {dag.py:2915} INFO - Sync 1 DAGs
[2024-06-10T19:52:41.099+0000] {logging_mixin.py:151} INFO - [2024-06-10T19:52:41.098+0000] {dag.py:3696} INFO - Setting next_dagrun for example_python_operator to None, run_after=None
[2024-06-10T19:52:41.117+0000] {processor.py:179} INFO - Processing /home/airflow/.local/lib/python3.8/site-packages/airflow/example_dags/example_python_operator.py took 0.070 seconds
[2024-06-10T19:53:11.618+0000] {processor.py:157} INFO - Started process (PID=7168) to work on /home/airflow/.local/lib/python3.8/site-packages/airflow/example_dags/example_python_operator.py
[2024-06-10T19:53:11.619+0000] {processor.py:829} INFO - Processing file /home/airflow/.local/lib/python3.8/site-packages/airflow/example_dags/example_python_operator.py for tasks to queue
[2024-06-10T19:53:11.620+0000] {logging_mixin.py:151} INFO - [2024-06-10T19:53:11.620+0000] {dagbag.py:539} INFO - Filling up the DagBag from /home/airflow/.local/lib/python3.8/site-packages/airflow/example_dags/example_python_operator.py
[2024-06-10T19:53:11.633+0000] {processor.py:839} INFO - DAG(s) dict_keys(['example_python_operator']) retrieved from /home/airflow/.local/lib/python3.8/site-packages/airflow/example_dags/example_python_operator.py
[2024-06-10T19:53:11.661+0000] {logging_mixin.py:151} INFO - [2024-06-10T19:53:11.661+0000] {dag.py:2915} INFO - Sync 1 DAGs
[2024-06-10T19:53:11.677+0000] {logging_mixin.py:151} INFO - [2024-06-10T19:53:11.677+0000] {dag.py:3696} INFO - Setting next_dagrun for example_python_operator to None, run_after=None
[2024-06-10T19:53:11.703+0000] {processor.py:179} INFO - Processing /home/airflow/.local/lib/python3.8/site-packages/airflow/example_dags/example_python_operator.py took 0.089 seconds
[2024-06-10T19:53:41.895+0000] {processor.py:157} INFO - Started process (PID=7406) to work on /home/airflow/.local/lib/python3.8/site-packages/airflow/example_dags/example_python_operator.py
[2024-06-10T19:53:41.896+0000] {processor.py:829} INFO - Processing file /home/airflow/.local/lib/python3.8/site-packages/airflow/example_dags/example_python_operator.py for tasks to queue
[2024-06-10T19:53:41.897+0000] {logging_mixin.py:151} INFO - [2024-06-10T19:53:41.896+0000] {dagbag.py:539} INFO - Filling up the DagBag from /home/airflow/.local/lib/python3.8/site-packages/airflow/example_dags/example_python_operator.py
[2024-06-10T19:53:41.906+0000] {processor.py:839} INFO - DAG(s) dict_keys(['example_python_operator']) retrieved from /home/airflow/.local/lib/python3.8/site-packages/airflow/example_dags/example_python_operator.py
[2024-06-10T19:53:41.928+0000] {logging_mixin.py:151} INFO - [2024-06-10T19:53:41.928+0000] {dag.py:2915} INFO - Sync 1 DAGs
[2024-06-10T19:53:41.940+0000] {logging_mixin.py:151} INFO - [2024-06-10T19:53:41.940+0000] {dag.py:3696} INFO - Setting next_dagrun for example_python_operator to None, run_after=None
[2024-06-10T19:53:41.956+0000] {processor.py:179} INFO - Processing /home/airflow/.local/lib/python3.8/site-packages/airflow/example_dags/example_python_operator.py took 0.064 seconds
[2024-06-10T19:54:12.228+0000] {processor.py:157} INFO - Started process (PID=7644) to work on /home/airflow/.local/lib/python3.8/site-packages/airflow/example_dags/example_python_operator.py
[2024-06-10T19:54:12.229+0000] {processor.py:829} INFO - Processing file /home/airflow/.local/lib/python3.8/site-packages/airflow/example_dags/example_python_operator.py for tasks to queue
[2024-06-10T19:54:12.230+0000] {logging_mixin.py:151} INFO - [2024-06-10T19:54:12.230+0000] {dagbag.py:539} INFO - Filling up the DagBag from /home/airflow/.local/lib/python3.8/site-packages/airflow/example_dags/example_python_operator.py
[2024-06-10T19:54:12.242+0000] {processor.py:839} INFO - DAG(s) dict_keys(['example_python_operator']) retrieved from /home/airflow/.local/lib/python3.8/site-packages/airflow/example_dags/example_python_operator.py
[2024-06-10T19:54:12.267+0000] {logging_mixin.py:151} INFO - [2024-06-10T19:54:12.267+0000] {dag.py:2915} INFO - Sync 1 DAGs
[2024-06-10T19:54:12.279+0000] {logging_mixin.py:151} INFO - [2024-06-10T19:54:12.279+0000] {dag.py:3696} INFO - Setting next_dagrun for example_python_operator to None, run_after=None
[2024-06-10T19:54:12.300+0000] {processor.py:179} INFO - Processing /home/airflow/.local/lib/python3.8/site-packages/airflow/example_dags/example_python_operator.py took 0.074 seconds
[2024-06-10T19:54:43.179+0000] {processor.py:157} INFO - Started process (PID=7882) to work on /home/airflow/.local/lib/python3.8/site-packages/airflow/example_dags/example_python_operator.py
[2024-06-10T19:54:43.180+0000] {processor.py:829} INFO - Processing file /home/airflow/.local/lib/python3.8/site-packages/airflow/example_dags/example_python_operator.py for tasks to queue
[2024-06-10T19:54:43.181+0000] {logging_mixin.py:151} INFO - [2024-06-10T19:54:43.180+0000] {dagbag.py:539} INFO - Filling up the DagBag from /home/airflow/.local/lib/python3.8/site-packages/airflow/example_dags/example_python_operator.py
[2024-06-10T19:54:43.191+0000] {processor.py:839} INFO - DAG(s) dict_keys(['example_python_operator']) retrieved from /home/airflow/.local/lib/python3.8/site-packages/airflow/example_dags/example_python_operator.py
[2024-06-10T19:54:43.214+0000] {logging_mixin.py:151} INFO - [2024-06-10T19:54:43.213+0000] {dag.py:2915} INFO - Sync 1 DAGs
[2024-06-10T19:54:43.226+0000] {logging_mixin.py:151} INFO - [2024-06-10T19:54:43.226+0000] {dag.py:3696} INFO - Setting next_dagrun for example_python_operator to None, run_after=None
[2024-06-10T19:54:43.245+0000] {processor.py:179} INFO - Processing /home/airflow/.local/lib/python3.8/site-packages/airflow/example_dags/example_python_operator.py took 0.070 seconds
[2024-06-10T19:55:13.818+0000] {processor.py:157} INFO - Started process (PID=8121) to work on /home/airflow/.local/lib/python3.8/site-packages/airflow/example_dags/example_python_operator.py
[2024-06-10T19:55:13.819+0000] {processor.py:829} INFO - Processing file /home/airflow/.local/lib/python3.8/site-packages/airflow/example_dags/example_python_operator.py for tasks to queue
[2024-06-10T19:55:13.820+0000] {logging_mixin.py:151} INFO - [2024-06-10T19:55:13.819+0000] {dagbag.py:539} INFO - Filling up the DagBag from /home/airflow/.local/lib/python3.8/site-packages/airflow/example_dags/example_python_operator.py
[2024-06-10T19:55:13.829+0000] {processor.py:839} INFO - DAG(s) dict_keys(['example_python_operator']) retrieved from /home/airflow/.local/lib/python3.8/site-packages/airflow/example_dags/example_python_operator.py
[2024-06-10T19:55:13.851+0000] {logging_mixin.py:151} INFO - [2024-06-10T19:55:13.851+0000] {dag.py:2915} INFO - Sync 1 DAGs
[2024-06-10T19:55:13.864+0000] {logging_mixin.py:151} INFO - [2024-06-10T19:55:13.863+0000] {dag.py:3696} INFO - Setting next_dagrun for example_python_operator to None, run_after=None
[2024-06-10T19:55:13.882+0000] {processor.py:179} INFO - Processing /home/airflow/.local/lib/python3.8/site-packages/airflow/example_dags/example_python_operator.py took 0.068 seconds
[2024-06-10T19:55:44.838+0000] {processor.py:157} INFO - Started process (PID=8359) to work on /home/airflow/.local/lib/python3.8/site-packages/airflow/example_dags/example_python_operator.py
[2024-06-10T19:55:44.839+0000] {processor.py:829} INFO - Processing file /home/airflow/.local/lib/python3.8/site-packages/airflow/example_dags/example_python_operator.py for tasks to queue
[2024-06-10T19:55:44.840+0000] {logging_mixin.py:151} INFO - [2024-06-10T19:55:44.840+0000] {dagbag.py:539} INFO - Filling up the DagBag from /home/airflow/.local/lib/python3.8/site-packages/airflow/example_dags/example_python_operator.py
[2024-06-10T19:55:44.851+0000] {processor.py:839} INFO - DAG(s) dict_keys(['example_python_operator']) retrieved from /home/airflow/.local/lib/python3.8/site-packages/airflow/example_dags/example_python_operator.py
[2024-06-10T19:55:44.873+0000] {logging_mixin.py:151} INFO - [2024-06-10T19:55:44.873+0000] {dag.py:2915} INFO - Sync 1 DAGs
[2024-06-10T19:55:44.886+0000] {logging_mixin.py:151} INFO - [2024-06-10T19:55:44.886+0000] {dag.py:3696} INFO - Setting next_dagrun for example_python_operator to None, run_after=None
[2024-06-10T19:55:44.905+0000] {processor.py:179} INFO - Processing /home/airflow/.local/lib/python3.8/site-packages/airflow/example_dags/example_python_operator.py took 0.070 seconds
[2024-06-10T19:56:15.027+0000] {processor.py:157} INFO - Started process (PID=8597) to work on /home/airflow/.local/lib/python3.8/site-packages/airflow/example_dags/example_python_operator.py
[2024-06-10T19:56:15.028+0000] {processor.py:829} INFO - Processing file /home/airflow/.local/lib/python3.8/site-packages/airflow/example_dags/example_python_operator.py for tasks to queue
[2024-06-10T19:56:15.029+0000] {logging_mixin.py:151} INFO - [2024-06-10T19:56:15.028+0000] {dagbag.py:539} INFO - Filling up the DagBag from /home/airflow/.local/lib/python3.8/site-packages/airflow/example_dags/example_python_operator.py
[2024-06-10T19:56:15.039+0000] {processor.py:839} INFO - DAG(s) dict_keys(['example_python_operator']) retrieved from /home/airflow/.local/lib/python3.8/site-packages/airflow/example_dags/example_python_operator.py
[2024-06-10T19:56:15.062+0000] {logging_mixin.py:151} INFO - [2024-06-10T19:56:15.062+0000] {dag.py:2915} INFO - Sync 1 DAGs
[2024-06-10T19:56:15.074+0000] {logging_mixin.py:151} INFO - [2024-06-10T19:56:15.074+0000] {dag.py:3696} INFO - Setting next_dagrun for example_python_operator to None, run_after=None
[2024-06-10T19:56:15.092+0000] {processor.py:179} INFO - Processing /home/airflow/.local/lib/python3.8/site-packages/airflow/example_dags/example_python_operator.py took 0.069 seconds
[2024-06-10T19:56:45.270+0000] {processor.py:157} INFO - Started process (PID=8835) to work on /home/airflow/.local/lib/python3.8/site-packages/airflow/example_dags/example_python_operator.py
[2024-06-10T19:56:45.271+0000] {processor.py:829} INFO - Processing file /home/airflow/.local/lib/python3.8/site-packages/airflow/example_dags/example_python_operator.py for tasks to queue
[2024-06-10T19:56:45.272+0000] {logging_mixin.py:151} INFO - [2024-06-10T19:56:45.272+0000] {dagbag.py:539} INFO - Filling up the DagBag from /home/airflow/.local/lib/python3.8/site-packages/airflow/example_dags/example_python_operator.py
[2024-06-10T19:56:45.284+0000] {processor.py:839} INFO - DAG(s) dict_keys(['example_python_operator']) retrieved from /home/airflow/.local/lib/python3.8/site-packages/airflow/example_dags/example_python_operator.py
[2024-06-10T19:56:45.310+0000] {logging_mixin.py:151} INFO - [2024-06-10T19:56:45.310+0000] {dag.py:2915} INFO - Sync 1 DAGs
[2024-06-10T19:56:45.325+0000] {logging_mixin.py:151} INFO - [2024-06-10T19:56:45.324+0000] {dag.py:3696} INFO - Setting next_dagrun for example_python_operator to None, run_after=None
[2024-06-10T19:56:45.343+0000] {processor.py:179} INFO - Processing /home/airflow/.local/lib/python3.8/site-packages/airflow/example_dags/example_python_operator.py took 0.077 seconds
[2024-06-10T19:57:15.626+0000] {processor.py:157} INFO - Started process (PID=9073) to work on /home/airflow/.local/lib/python3.8/site-packages/airflow/example_dags/example_python_operator.py
[2024-06-10T19:57:15.627+0000] {processor.py:829} INFO - Processing file /home/airflow/.local/lib/python3.8/site-packages/airflow/example_dags/example_python_operator.py for tasks to queue
[2024-06-10T19:57:15.628+0000] {logging_mixin.py:151} INFO - [2024-06-10T19:57:15.628+0000] {dagbag.py:539} INFO - Filling up the DagBag from /home/airflow/.local/lib/python3.8/site-packages/airflow/example_dags/example_python_operator.py
[2024-06-10T19:57:15.638+0000] {processor.py:839} INFO - DAG(s) dict_keys(['example_python_operator']) retrieved from /home/airflow/.local/lib/python3.8/site-packages/airflow/example_dags/example_python_operator.py
[2024-06-10T19:57:15.662+0000] {logging_mixin.py:151} INFO - [2024-06-10T19:57:15.661+0000] {dag.py:2915} INFO - Sync 1 DAGs
[2024-06-10T19:57:15.673+0000] {logging_mixin.py:151} INFO - [2024-06-10T19:57:15.673+0000] {dag.py:3696} INFO - Setting next_dagrun for example_python_operator to None, run_after=None
[2024-06-10T19:57:15.691+0000] {processor.py:179} INFO - Processing /home/airflow/.local/lib/python3.8/site-packages/airflow/example_dags/example_python_operator.py took 0.068 seconds
[2024-06-10T19:57:46.427+0000] {processor.py:157} INFO - Started process (PID=9317) to work on /home/airflow/.local/lib/python3.8/site-packages/airflow/example_dags/example_python_operator.py
[2024-06-10T19:57:46.428+0000] {processor.py:829} INFO - Processing file /home/airflow/.local/lib/python3.8/site-packages/airflow/example_dags/example_python_operator.py for tasks to queue
[2024-06-10T19:57:46.429+0000] {logging_mixin.py:151} INFO - [2024-06-10T19:57:46.429+0000] {dagbag.py:539} INFO - Filling up the DagBag from /home/airflow/.local/lib/python3.8/site-packages/airflow/example_dags/example_python_operator.py
[2024-06-10T19:57:46.441+0000] {processor.py:839} INFO - DAG(s) dict_keys(['example_python_operator']) retrieved from /home/airflow/.local/lib/python3.8/site-packages/airflow/example_dags/example_python_operator.py
[2024-06-10T19:57:46.472+0000] {logging_mixin.py:151} INFO - [2024-06-10T19:57:46.471+0000] {dag.py:2915} INFO - Sync 1 DAGs
[2024-06-10T19:57:46.492+0000] {logging_mixin.py:151} INFO - [2024-06-10T19:57:46.492+0000] {dag.py:3696} INFO - Setting next_dagrun for example_python_operator to None, run_after=None
[2024-06-10T19:57:46.515+0000] {processor.py:179} INFO - Processing /home/airflow/.local/lib/python3.8/site-packages/airflow/example_dags/example_python_operator.py took 0.092 seconds
[2024-06-10T19:58:17.276+0000] {processor.py:157} INFO - Started process (PID=9556) to work on /home/airflow/.local/lib/python3.8/site-packages/airflow/example_dags/example_python_operator.py
[2024-06-10T19:58:17.277+0000] {processor.py:829} INFO - Processing file /home/airflow/.local/lib/python3.8/site-packages/airflow/example_dags/example_python_operator.py for tasks to queue
[2024-06-10T19:58:17.278+0000] {logging_mixin.py:151} INFO - [2024-06-10T19:58:17.278+0000] {dagbag.py:539} INFO - Filling up the DagBag from /home/airflow/.local/lib/python3.8/site-packages/airflow/example_dags/example_python_operator.py
[2024-06-10T19:58:17.293+0000] {processor.py:839} INFO - DAG(s) dict_keys(['example_python_operator']) retrieved from /home/airflow/.local/lib/python3.8/site-packages/airflow/example_dags/example_python_operator.py
[2024-06-10T19:58:17.320+0000] {logging_mixin.py:151} INFO - [2024-06-10T19:58:17.320+0000] {dag.py:2915} INFO - Sync 1 DAGs
[2024-06-10T19:58:17.335+0000] {logging_mixin.py:151} INFO - [2024-06-10T19:58:17.334+0000] {dag.py:3696} INFO - Setting next_dagrun for example_python_operator to None, run_after=None
[2024-06-10T19:58:17.357+0000] {processor.py:179} INFO - Processing /home/airflow/.local/lib/python3.8/site-packages/airflow/example_dags/example_python_operator.py took 0.085 seconds
[2024-06-10T19:58:48.174+0000] {processor.py:157} INFO - Started process (PID=9795) to work on /home/airflow/.local/lib/python3.8/site-packages/airflow/example_dags/example_python_operator.py
[2024-06-10T19:58:48.175+0000] {processor.py:829} INFO - Processing file /home/airflow/.local/lib/python3.8/site-packages/airflow/example_dags/example_python_operator.py for tasks to queue
[2024-06-10T19:58:48.176+0000] {logging_mixin.py:151} INFO - [2024-06-10T19:58:48.176+0000] {dagbag.py:539} INFO - Filling up the DagBag from /home/airflow/.local/lib/python3.8/site-packages/airflow/example_dags/example_python_operator.py
[2024-06-10T19:58:48.187+0000] {processor.py:839} INFO - DAG(s) dict_keys(['example_python_operator']) retrieved from /home/airflow/.local/lib/python3.8/site-packages/airflow/example_dags/example_python_operator.py
[2024-06-10T19:58:48.209+0000] {logging_mixin.py:151} INFO - [2024-06-10T19:58:48.209+0000] {dag.py:2915} INFO - Sync 1 DAGs
[2024-06-10T19:58:48.221+0000] {logging_mixin.py:151} INFO - [2024-06-10T19:58:48.221+0000] {dag.py:3696} INFO - Setting next_dagrun for example_python_operator to None, run_after=None
[2024-06-10T19:58:48.238+0000] {processor.py:179} INFO - Processing /home/airflow/.local/lib/python3.8/site-packages/airflow/example_dags/example_python_operator.py took 0.068 seconds
[2024-06-10T19:59:18.999+0000] {processor.py:157} INFO - Started process (PID=10033) to work on /home/airflow/.local/lib/python3.8/site-packages/airflow/example_dags/example_python_operator.py
[2024-06-10T19:59:19.000+0000] {processor.py:829} INFO - Processing file /home/airflow/.local/lib/python3.8/site-packages/airflow/example_dags/example_python_operator.py for tasks to queue
[2024-06-10T19:59:19.001+0000] {logging_mixin.py:151} INFO - [2024-06-10T19:59:19.000+0000] {dagbag.py:539} INFO - Filling up the DagBag from /home/airflow/.local/lib/python3.8/site-packages/airflow/example_dags/example_python_operator.py
[2024-06-10T19:59:19.011+0000] {processor.py:839} INFO - DAG(s) dict_keys(['example_python_operator']) retrieved from /home/airflow/.local/lib/python3.8/site-packages/airflow/example_dags/example_python_operator.py
[2024-06-10T19:59:19.034+0000] {logging_mixin.py:151} INFO - [2024-06-10T19:59:19.033+0000] {dag.py:2915} INFO - Sync 1 DAGs
[2024-06-10T19:59:19.046+0000] {logging_mixin.py:151} INFO - [2024-06-10T19:59:19.046+0000] {dag.py:3696} INFO - Setting next_dagrun for example_python_operator to None, run_after=None
[2024-06-10T19:59:19.064+0000] {processor.py:179} INFO - Processing /home/airflow/.local/lib/python3.8/site-packages/airflow/example_dags/example_python_operator.py took 0.069 seconds
[2024-06-10T19:59:49.727+0000] {processor.py:157} INFO - Started process (PID=10271) to work on /home/airflow/.local/lib/python3.8/site-packages/airflow/example_dags/example_python_operator.py
[2024-06-10T19:59:49.728+0000] {processor.py:829} INFO - Processing file /home/airflow/.local/lib/python3.8/site-packages/airflow/example_dags/example_python_operator.py for tasks to queue
[2024-06-10T19:59:49.729+0000] {logging_mixin.py:151} INFO - [2024-06-10T19:59:49.728+0000] {dagbag.py:539} INFO - Filling up the DagBag from /home/airflow/.local/lib/python3.8/site-packages/airflow/example_dags/example_python_operator.py
[2024-06-10T19:59:49.739+0000] {processor.py:839} INFO - DAG(s) dict_keys(['example_python_operator']) retrieved from /home/airflow/.local/lib/python3.8/site-packages/airflow/example_dags/example_python_operator.py
[2024-06-10T19:59:49.761+0000] {logging_mixin.py:151} INFO - [2024-06-10T19:59:49.761+0000] {dag.py:2915} INFO - Sync 1 DAGs
[2024-06-10T19:59:49.773+0000] {logging_mixin.py:151} INFO - [2024-06-10T19:59:49.773+0000] {dag.py:3696} INFO - Setting next_dagrun for example_python_operator to None, run_after=None
[2024-06-10T19:59:49.790+0000] {processor.py:179} INFO - Processing /home/airflow/.local/lib/python3.8/site-packages/airflow/example_dags/example_python_operator.py took 0.066 seconds
[2024-06-10T20:00:20.498+0000] {processor.py:157} INFO - Started process (PID=10509) to work on /home/airflow/.local/lib/python3.8/site-packages/airflow/example_dags/example_python_operator.py
[2024-06-10T20:00:20.499+0000] {processor.py:829} INFO - Processing file /home/airflow/.local/lib/python3.8/site-packages/airflow/example_dags/example_python_operator.py for tasks to queue
[2024-06-10T20:00:20.500+0000] {logging_mixin.py:151} INFO - [2024-06-10T20:00:20.500+0000] {dagbag.py:539} INFO - Filling up the DagBag from /home/airflow/.local/lib/python3.8/site-packages/airflow/example_dags/example_python_operator.py
[2024-06-10T20:00:20.512+0000] {processor.py:839} INFO - DAG(s) dict_keys(['example_python_operator']) retrieved from /home/airflow/.local/lib/python3.8/site-packages/airflow/example_dags/example_python_operator.py
[2024-06-10T20:00:20.536+0000] {logging_mixin.py:151} INFO - [2024-06-10T20:00:20.535+0000] {dag.py:2915} INFO - Sync 1 DAGs
[2024-06-10T20:00:20.547+0000] {logging_mixin.py:151} INFO - [2024-06-10T20:00:20.547+0000] {dag.py:3696} INFO - Setting next_dagrun for example_python_operator to None, run_after=None
[2024-06-10T20:00:20.564+0000] {processor.py:179} INFO - Processing /home/airflow/.local/lib/python3.8/site-packages/airflow/example_dags/example_python_operator.py took 0.070 seconds
[2024-06-10T20:00:51.206+0000] {processor.py:157} INFO - Started process (PID=10747) to work on /home/airflow/.local/lib/python3.8/site-packages/airflow/example_dags/example_python_operator.py
[2024-06-10T20:00:51.207+0000] {processor.py:829} INFO - Processing file /home/airflow/.local/lib/python3.8/site-packages/airflow/example_dags/example_python_operator.py for tasks to queue
[2024-06-10T20:00:51.208+0000] {logging_mixin.py:151} INFO - [2024-06-10T20:00:51.208+0000] {dagbag.py:539} INFO - Filling up the DagBag from /home/airflow/.local/lib/python3.8/site-packages/airflow/example_dags/example_python_operator.py
[2024-06-10T20:00:51.219+0000] {processor.py:839} INFO - DAG(s) dict_keys(['example_python_operator']) retrieved from /home/airflow/.local/lib/python3.8/site-packages/airflow/example_dags/example_python_operator.py
[2024-06-10T20:00:51.247+0000] {logging_mixin.py:151} INFO - [2024-06-10T20:00:51.247+0000] {dag.py:2915} INFO - Sync 1 DAGs
[2024-06-10T20:00:51.264+0000] {logging_mixin.py:151} INFO - [2024-06-10T20:00:51.264+0000] {dag.py:3696} INFO - Setting next_dagrun for example_python_operator to None, run_after=None
[2024-06-10T20:00:51.282+0000] {processor.py:179} INFO - Processing /home/airflow/.local/lib/python3.8/site-packages/airflow/example_dags/example_python_operator.py took 0.080 seconds
[2024-06-10T20:01:21.547+0000] {processor.py:157} INFO - Started process (PID=10985) to work on /home/airflow/.local/lib/python3.8/site-packages/airflow/example_dags/example_python_operator.py
[2024-06-10T20:01:21.548+0000] {processor.py:829} INFO - Processing file /home/airflow/.local/lib/python3.8/site-packages/airflow/example_dags/example_python_operator.py for tasks to queue
[2024-06-10T20:01:21.549+0000] {logging_mixin.py:151} INFO - [2024-06-10T20:01:21.549+0000] {dagbag.py:539} INFO - Filling up the DagBag from /home/airflow/.local/lib/python3.8/site-packages/airflow/example_dags/example_python_operator.py
[2024-06-10T20:01:21.560+0000] {processor.py:839} INFO - DAG(s) dict_keys(['example_python_operator']) retrieved from /home/airflow/.local/lib/python3.8/site-packages/airflow/example_dags/example_python_operator.py
[2024-06-10T20:01:21.582+0000] {logging_mixin.py:151} INFO - [2024-06-10T20:01:21.582+0000] {dag.py:2915} INFO - Sync 1 DAGs
[2024-06-10T20:01:21.595+0000] {logging_mixin.py:151} INFO - [2024-06-10T20:01:21.595+0000] {dag.py:3696} INFO - Setting next_dagrun for example_python_operator to None, run_after=None
[2024-06-10T20:01:21.612+0000] {processor.py:179} INFO - Processing /home/airflow/.local/lib/python3.8/site-packages/airflow/example_dags/example_python_operator.py took 0.069 seconds
[2024-06-10T20:01:52.344+0000] {processor.py:157} INFO - Started process (PID=11222) to work on /home/airflow/.local/lib/python3.8/site-packages/airflow/example_dags/example_python_operator.py
[2024-06-10T20:01:52.344+0000] {processor.py:829} INFO - Processing file /home/airflow/.local/lib/python3.8/site-packages/airflow/example_dags/example_python_operator.py for tasks to queue
[2024-06-10T20:01:52.345+0000] {logging_mixin.py:151} INFO - [2024-06-10T20:01:52.345+0000] {dagbag.py:539} INFO - Filling up the DagBag from /home/airflow/.local/lib/python3.8/site-packages/airflow/example_dags/example_python_operator.py
[2024-06-10T20:01:52.357+0000] {processor.py:839} INFO - DAG(s) dict_keys(['example_python_operator']) retrieved from /home/airflow/.local/lib/python3.8/site-packages/airflow/example_dags/example_python_operator.py
[2024-06-10T20:01:52.381+0000] {logging_mixin.py:151} INFO - [2024-06-10T20:01:52.381+0000] {dag.py:2915} INFO - Sync 1 DAGs
[2024-06-10T20:01:52.397+0000] {logging_mixin.py:151} INFO - [2024-06-10T20:01:52.396+0000] {dag.py:3696} INFO - Setting next_dagrun for example_python_operator to None, run_after=None
[2024-06-10T20:01:52.417+0000] {processor.py:179} INFO - Processing /home/airflow/.local/lib/python3.8/site-packages/airflow/example_dags/example_python_operator.py took 0.078 seconds
[2024-06-10T20:02:23.102+0000] {processor.py:157} INFO - Started process (PID=11460) to work on /home/airflow/.local/lib/python3.8/site-packages/airflow/example_dags/example_python_operator.py
[2024-06-10T20:02:23.103+0000] {processor.py:829} INFO - Processing file /home/airflow/.local/lib/python3.8/site-packages/airflow/example_dags/example_python_operator.py for tasks to queue
[2024-06-10T20:02:23.104+0000] {logging_mixin.py:151} INFO - [2024-06-10T20:02:23.104+0000] {dagbag.py:539} INFO - Filling up the DagBag from /home/airflow/.local/lib/python3.8/site-packages/airflow/example_dags/example_python_operator.py
[2024-06-10T20:02:23.115+0000] {processor.py:839} INFO - DAG(s) dict_keys(['example_python_operator']) retrieved from /home/airflow/.local/lib/python3.8/site-packages/airflow/example_dags/example_python_operator.py
[2024-06-10T20:02:23.139+0000] {logging_mixin.py:151} INFO - [2024-06-10T20:02:23.138+0000] {dag.py:2915} INFO - Sync 1 DAGs
[2024-06-10T20:02:23.151+0000] {logging_mixin.py:151} INFO - [2024-06-10T20:02:23.151+0000] {dag.py:3696} INFO - Setting next_dagrun for example_python_operator to None, run_after=None
[2024-06-10T20:02:23.174+0000] {processor.py:179} INFO - Processing /home/airflow/.local/lib/python3.8/site-packages/airflow/example_dags/example_python_operator.py took 0.075 seconds
[2024-06-10T20:02:53.812+0000] {processor.py:157} INFO - Started process (PID=11698) to work on /home/airflow/.local/lib/python3.8/site-packages/airflow/example_dags/example_python_operator.py
[2024-06-10T20:02:53.812+0000] {processor.py:829} INFO - Processing file /home/airflow/.local/lib/python3.8/site-packages/airflow/example_dags/example_python_operator.py for tasks to queue
[2024-06-10T20:02:53.813+0000] {logging_mixin.py:151} INFO - [2024-06-10T20:02:53.813+0000] {dagbag.py:539} INFO - Filling up the DagBag from /home/airflow/.local/lib/python3.8/site-packages/airflow/example_dags/example_python_operator.py
[2024-06-10T20:02:53.827+0000] {processor.py:839} INFO - DAG(s) dict_keys(['example_python_operator']) retrieved from /home/airflow/.local/lib/python3.8/site-packages/airflow/example_dags/example_python_operator.py
[2024-06-10T20:02:53.853+0000] {logging_mixin.py:151} INFO - [2024-06-10T20:02:53.853+0000] {dag.py:2915} INFO - Sync 1 DAGs
[2024-06-10T20:02:53.866+0000] {logging_mixin.py:151} INFO - [2024-06-10T20:02:53.866+0000] {dag.py:3696} INFO - Setting next_dagrun for example_python_operator to None, run_after=None
[2024-06-10T20:02:53.886+0000] {processor.py:179} INFO - Processing /home/airflow/.local/lib/python3.8/site-packages/airflow/example_dags/example_python_operator.py took 0.079 seconds
[2024-06-10T20:03:24.568+0000] {processor.py:157} INFO - Started process (PID=11936) to work on /home/airflow/.local/lib/python3.8/site-packages/airflow/example_dags/example_python_operator.py
[2024-06-10T20:03:24.569+0000] {processor.py:829} INFO - Processing file /home/airflow/.local/lib/python3.8/site-packages/airflow/example_dags/example_python_operator.py for tasks to queue
[2024-06-10T20:03:24.570+0000] {logging_mixin.py:151} INFO - [2024-06-10T20:03:24.570+0000] {dagbag.py:539} INFO - Filling up the DagBag from /home/airflow/.local/lib/python3.8/site-packages/airflow/example_dags/example_python_operator.py
[2024-06-10T20:03:24.589+0000] {processor.py:839} INFO - DAG(s) dict_keys(['example_python_operator']) retrieved from /home/airflow/.local/lib/python3.8/site-packages/airflow/example_dags/example_python_operator.py
[2024-06-10T20:03:24.615+0000] {logging_mixin.py:151} INFO - [2024-06-10T20:03:24.615+0000] {dag.py:2915} INFO - Sync 1 DAGs
[2024-06-10T20:03:24.628+0000] {logging_mixin.py:151} INFO - [2024-06-10T20:03:24.628+0000] {dag.py:3696} INFO - Setting next_dagrun for example_python_operator to None, run_after=None
[2024-06-10T20:03:24.646+0000] {processor.py:179} INFO - Processing /home/airflow/.local/lib/python3.8/site-packages/airflow/example_dags/example_python_operator.py took 0.083 seconds
[2024-06-10T20:03:55.480+0000] {processor.py:157} INFO - Started process (PID=12174) to work on /home/airflow/.local/lib/python3.8/site-packages/airflow/example_dags/example_python_operator.py
[2024-06-10T20:03:55.480+0000] {processor.py:829} INFO - Processing file /home/airflow/.local/lib/python3.8/site-packages/airflow/example_dags/example_python_operator.py for tasks to queue
[2024-06-10T20:03:55.481+0000] {logging_mixin.py:151} INFO - [2024-06-10T20:03:55.481+0000] {dagbag.py:539} INFO - Filling up the DagBag from /home/airflow/.local/lib/python3.8/site-packages/airflow/example_dags/example_python_operator.py
[2024-06-10T20:03:55.494+0000] {processor.py:839} INFO - DAG(s) dict_keys(['example_python_operator']) retrieved from /home/airflow/.local/lib/python3.8/site-packages/airflow/example_dags/example_python_operator.py
[2024-06-10T20:03:55.517+0000] {logging_mixin.py:151} INFO - [2024-06-10T20:03:55.517+0000] {dag.py:2915} INFO - Sync 1 DAGs
[2024-06-10T20:03:55.530+0000] {logging_mixin.py:151} INFO - [2024-06-10T20:03:55.530+0000] {dag.py:3696} INFO - Setting next_dagrun for example_python_operator to None, run_after=None
[2024-06-10T20:03:55.547+0000] {processor.py:179} INFO - Processing /home/airflow/.local/lib/python3.8/site-packages/airflow/example_dags/example_python_operator.py took 0.072 seconds
[2024-06-10T20:04:26.331+0000] {processor.py:157} INFO - Started process (PID=12412) to work on /home/airflow/.local/lib/python3.8/site-packages/airflow/example_dags/example_python_operator.py
[2024-06-10T20:04:26.332+0000] {processor.py:829} INFO - Processing file /home/airflow/.local/lib/python3.8/site-packages/airflow/example_dags/example_python_operator.py for tasks to queue
[2024-06-10T20:04:26.333+0000] {logging_mixin.py:151} INFO - [2024-06-10T20:04:26.333+0000] {dagbag.py:539} INFO - Filling up the DagBag from /home/airflow/.local/lib/python3.8/site-packages/airflow/example_dags/example_python_operator.py
[2024-06-10T20:04:26.346+0000] {processor.py:839} INFO - DAG(s) dict_keys(['example_python_operator']) retrieved from /home/airflow/.local/lib/python3.8/site-packages/airflow/example_dags/example_python_operator.py
[2024-06-10T20:04:26.370+0000] {logging_mixin.py:151} INFO - [2024-06-10T20:04:26.370+0000] {dag.py:2915} INFO - Sync 1 DAGs
[2024-06-10T20:04:26.383+0000] {logging_mixin.py:151} INFO - [2024-06-10T20:04:26.383+0000] {dag.py:3696} INFO - Setting next_dagrun for example_python_operator to None, run_after=None
[2024-06-10T20:04:26.400+0000] {processor.py:179} INFO - Processing /home/airflow/.local/lib/python3.8/site-packages/airflow/example_dags/example_python_operator.py took 0.073 seconds
[2024-06-10T20:04:57.163+0000] {processor.py:157} INFO - Started process (PID=12650) to work on /home/airflow/.local/lib/python3.8/site-packages/airflow/example_dags/example_python_operator.py
[2024-06-10T20:04:57.164+0000] {processor.py:829} INFO - Processing file /home/airflow/.local/lib/python3.8/site-packages/airflow/example_dags/example_python_operator.py for tasks to queue
[2024-06-10T20:04:57.165+0000] {logging_mixin.py:151} INFO - [2024-06-10T20:04:57.165+0000] {dagbag.py:539} INFO - Filling up the DagBag from /home/airflow/.local/lib/python3.8/site-packages/airflow/example_dags/example_python_operator.py
[2024-06-10T20:04:57.175+0000] {processor.py:839} INFO - DAG(s) dict_keys(['example_python_operator']) retrieved from /home/airflow/.local/lib/python3.8/site-packages/airflow/example_dags/example_python_operator.py
[2024-06-10T20:04:57.198+0000] {logging_mixin.py:151} INFO - [2024-06-10T20:04:57.197+0000] {dag.py:2915} INFO - Sync 1 DAGs
[2024-06-10T20:04:57.209+0000] {logging_mixin.py:151} INFO - [2024-06-10T20:04:57.209+0000] {dag.py:3696} INFO - Setting next_dagrun for example_python_operator to None, run_after=None
[2024-06-10T20:04:57.228+0000] {processor.py:179} INFO - Processing /home/airflow/.local/lib/python3.8/site-packages/airflow/example_dags/example_python_operator.py took 0.069 seconds
[2024-06-10T20:05:27.661+0000] {processor.py:157} INFO - Started process (PID=12888) to work on /home/airflow/.local/lib/python3.8/site-packages/airflow/example_dags/example_python_operator.py
[2024-06-10T20:05:27.661+0000] {processor.py:829} INFO - Processing file /home/airflow/.local/lib/python3.8/site-packages/airflow/example_dags/example_python_operator.py for tasks to queue
[2024-06-10T20:05:27.662+0000] {logging_mixin.py:151} INFO - [2024-06-10T20:05:27.662+0000] {dagbag.py:539} INFO - Filling up the DagBag from /home/airflow/.local/lib/python3.8/site-packages/airflow/example_dags/example_python_operator.py
[2024-06-10T20:05:27.672+0000] {processor.py:839} INFO - DAG(s) dict_keys(['example_python_operator']) retrieved from /home/airflow/.local/lib/python3.8/site-packages/airflow/example_dags/example_python_operator.py
[2024-06-10T20:05:27.694+0000] {logging_mixin.py:151} INFO - [2024-06-10T20:05:27.694+0000] {dag.py:2915} INFO - Sync 1 DAGs
[2024-06-10T20:05:27.714+0000] {logging_mixin.py:151} INFO - [2024-06-10T20:05:27.713+0000] {dag.py:3696} INFO - Setting next_dagrun for example_python_operator to None, run_after=None
[2024-06-10T20:05:27.734+0000] {processor.py:179} INFO - Processing /home/airflow/.local/lib/python3.8/site-packages/airflow/example_dags/example_python_operator.py took 0.076 seconds
[2024-06-10T20:05:58.390+0000] {processor.py:157} INFO - Started process (PID=13126) to work on /home/airflow/.local/lib/python3.8/site-packages/airflow/example_dags/example_python_operator.py
[2024-06-10T20:05:58.390+0000] {processor.py:829} INFO - Processing file /home/airflow/.local/lib/python3.8/site-packages/airflow/example_dags/example_python_operator.py for tasks to queue
[2024-06-10T20:05:58.391+0000] {logging_mixin.py:151} INFO - [2024-06-10T20:05:58.391+0000] {dagbag.py:539} INFO - Filling up the DagBag from /home/airflow/.local/lib/python3.8/site-packages/airflow/example_dags/example_python_operator.py
[2024-06-10T20:05:58.402+0000] {processor.py:839} INFO - DAG(s) dict_keys(['example_python_operator']) retrieved from /home/airflow/.local/lib/python3.8/site-packages/airflow/example_dags/example_python_operator.py
[2024-06-10T20:05:58.426+0000] {logging_mixin.py:151} INFO - [2024-06-10T20:05:58.425+0000] {dag.py:2915} INFO - Sync 1 DAGs
[2024-06-10T20:05:58.438+0000] {logging_mixin.py:151} INFO - [2024-06-10T20:05:58.438+0000] {dag.py:3696} INFO - Setting next_dagrun for example_python_operator to None, run_after=None
[2024-06-10T20:05:58.456+0000] {processor.py:179} INFO - Processing /home/airflow/.local/lib/python3.8/site-packages/airflow/example_dags/example_python_operator.py took 0.070 seconds
[2024-06-10T20:06:28.952+0000] {processor.py:157} INFO - Started process (PID=13364) to work on /home/airflow/.local/lib/python3.8/site-packages/airflow/example_dags/example_python_operator.py
[2024-06-10T20:06:28.953+0000] {processor.py:829} INFO - Processing file /home/airflow/.local/lib/python3.8/site-packages/airflow/example_dags/example_python_operator.py for tasks to queue
[2024-06-10T20:06:28.954+0000] {logging_mixin.py:151} INFO - [2024-06-10T20:06:28.954+0000] {dagbag.py:539} INFO - Filling up the DagBag from /home/airflow/.local/lib/python3.8/site-packages/airflow/example_dags/example_python_operator.py
[2024-06-10T20:06:28.967+0000] {processor.py:839} INFO - DAG(s) dict_keys(['example_python_operator']) retrieved from /home/airflow/.local/lib/python3.8/site-packages/airflow/example_dags/example_python_operator.py
[2024-06-10T20:06:28.993+0000] {logging_mixin.py:151} INFO - [2024-06-10T20:06:28.993+0000] {dag.py:2915} INFO - Sync 1 DAGs
[2024-06-10T20:06:29.007+0000] {logging_mixin.py:151} INFO - [2024-06-10T20:06:29.007+0000] {dag.py:3696} INFO - Setting next_dagrun for example_python_operator to None, run_after=None
[2024-06-10T20:06:29.026+0000] {processor.py:179} INFO - Processing /home/airflow/.local/lib/python3.8/site-packages/airflow/example_dags/example_python_operator.py took 0.079 seconds
[2024-06-10T20:06:59.626+0000] {processor.py:157} INFO - Started process (PID=13602) to work on /home/airflow/.local/lib/python3.8/site-packages/airflow/example_dags/example_python_operator.py
[2024-06-10T20:06:59.627+0000] {processor.py:829} INFO - Processing file /home/airflow/.local/lib/python3.8/site-packages/airflow/example_dags/example_python_operator.py for tasks to queue
[2024-06-10T20:06:59.628+0000] {logging_mixin.py:151} INFO - [2024-06-10T20:06:59.627+0000] {dagbag.py:539} INFO - Filling up the DagBag from /home/airflow/.local/lib/python3.8/site-packages/airflow/example_dags/example_python_operator.py
[2024-06-10T20:06:59.638+0000] {processor.py:839} INFO - DAG(s) dict_keys(['example_python_operator']) retrieved from /home/airflow/.local/lib/python3.8/site-packages/airflow/example_dags/example_python_operator.py
[2024-06-10T20:06:59.662+0000] {logging_mixin.py:151} INFO - [2024-06-10T20:06:59.661+0000] {dag.py:2915} INFO - Sync 1 DAGs
[2024-06-10T20:06:59.675+0000] {logging_mixin.py:151} INFO - [2024-06-10T20:06:59.674+0000] {dag.py:3696} INFO - Setting next_dagrun for example_python_operator to None, run_after=None
[2024-06-10T20:06:59.694+0000] {processor.py:179} INFO - Processing /home/airflow/.local/lib/python3.8/site-packages/airflow/example_dags/example_python_operator.py took 0.072 seconds
[2024-06-10T20:07:30.530+0000] {processor.py:157} INFO - Started process (PID=13840) to work on /home/airflow/.local/lib/python3.8/site-packages/airflow/example_dags/example_python_operator.py
[2024-06-10T20:07:30.531+0000] {processor.py:829} INFO - Processing file /home/airflow/.local/lib/python3.8/site-packages/airflow/example_dags/example_python_operator.py for tasks to queue
[2024-06-10T20:07:30.532+0000] {logging_mixin.py:151} INFO - [2024-06-10T20:07:30.532+0000] {dagbag.py:539} INFO - Filling up the DagBag from /home/airflow/.local/lib/python3.8/site-packages/airflow/example_dags/example_python_operator.py
[2024-06-10T20:07:30.545+0000] {processor.py:839} INFO - DAG(s) dict_keys(['example_python_operator']) retrieved from /home/airflow/.local/lib/python3.8/site-packages/airflow/example_dags/example_python_operator.py
[2024-06-10T20:07:30.570+0000] {logging_mixin.py:151} INFO - [2024-06-10T20:07:30.570+0000] {dag.py:2915} INFO - Sync 1 DAGs
[2024-06-10T20:07:30.584+0000] {logging_mixin.py:151} INFO - [2024-06-10T20:07:30.584+0000] {dag.py:3696} INFO - Setting next_dagrun for example_python_operator to None, run_after=None
[2024-06-10T20:07:30.603+0000] {processor.py:179} INFO - Processing /home/airflow/.local/lib/python3.8/site-packages/airflow/example_dags/example_python_operator.py took 0.076 seconds
[2024-06-10T20:08:01.435+0000] {processor.py:157} INFO - Started process (PID=14078) to work on /home/airflow/.local/lib/python3.8/site-packages/airflow/example_dags/example_python_operator.py
[2024-06-10T20:08:01.435+0000] {processor.py:829} INFO - Processing file /home/airflow/.local/lib/python3.8/site-packages/airflow/example_dags/example_python_operator.py for tasks to queue
[2024-06-10T20:08:01.436+0000] {logging_mixin.py:151} INFO - [2024-06-10T20:08:01.436+0000] {dagbag.py:539} INFO - Filling up the DagBag from /home/airflow/.local/lib/python3.8/site-packages/airflow/example_dags/example_python_operator.py
[2024-06-10T20:08:01.447+0000] {processor.py:839} INFO - DAG(s) dict_keys(['example_python_operator']) retrieved from /home/airflow/.local/lib/python3.8/site-packages/airflow/example_dags/example_python_operator.py
[2024-06-10T20:08:01.469+0000] {logging_mixin.py:151} INFO - [2024-06-10T20:08:01.469+0000] {dag.py:2915} INFO - Sync 1 DAGs
[2024-06-10T20:08:01.481+0000] {logging_mixin.py:151} INFO - [2024-06-10T20:08:01.481+0000] {dag.py:3696} INFO - Setting next_dagrun for example_python_operator to None, run_after=None
[2024-06-10T20:08:01.499+0000] {processor.py:179} INFO - Processing /home/airflow/.local/lib/python3.8/site-packages/airflow/example_dags/example_python_operator.py took 0.068 seconds
[2024-06-10T20:08:32.158+0000] {processor.py:157} INFO - Started process (PID=14316) to work on /home/airflow/.local/lib/python3.8/site-packages/airflow/example_dags/example_python_operator.py
[2024-06-10T20:08:32.159+0000] {processor.py:829} INFO - Processing file /home/airflow/.local/lib/python3.8/site-packages/airflow/example_dags/example_python_operator.py for tasks to queue
[2024-06-10T20:08:32.159+0000] {logging_mixin.py:151} INFO - [2024-06-10T20:08:32.159+0000] {dagbag.py:539} INFO - Filling up the DagBag from /home/airflow/.local/lib/python3.8/site-packages/airflow/example_dags/example_python_operator.py
[2024-06-10T20:08:32.171+0000] {processor.py:839} INFO - DAG(s) dict_keys(['example_python_operator']) retrieved from /home/airflow/.local/lib/python3.8/site-packages/airflow/example_dags/example_python_operator.py
[2024-06-10T20:08:32.202+0000] {logging_mixin.py:151} INFO - [2024-06-10T20:08:32.201+0000] {dag.py:2915} INFO - Sync 1 DAGs
[2024-06-10T20:08:32.218+0000] {logging_mixin.py:151} INFO - [2024-06-10T20:08:32.218+0000] {dag.py:3696} INFO - Setting next_dagrun for example_python_operator to None, run_after=None
[2024-06-10T20:08:32.235+0000] {processor.py:179} INFO - Processing /home/airflow/.local/lib/python3.8/site-packages/airflow/example_dags/example_python_operator.py took 0.080 seconds
[2024-06-10T20:09:02.530+0000] {processor.py:157} INFO - Started process (PID=14554) to work on /home/airflow/.local/lib/python3.8/site-packages/airflow/example_dags/example_python_operator.py
[2024-06-10T20:09:02.531+0000] {processor.py:829} INFO - Processing file /home/airflow/.local/lib/python3.8/site-packages/airflow/example_dags/example_python_operator.py for tasks to queue
[2024-06-10T20:09:02.531+0000] {logging_mixin.py:151} INFO - [2024-06-10T20:09:02.531+0000] {dagbag.py:539} INFO - Filling up the DagBag from /home/airflow/.local/lib/python3.8/site-packages/airflow/example_dags/example_python_operator.py
[2024-06-10T20:09:02.541+0000] {processor.py:839} INFO - DAG(s) dict_keys(['example_python_operator']) retrieved from /home/airflow/.local/lib/python3.8/site-packages/airflow/example_dags/example_python_operator.py
[2024-06-10T20:09:02.563+0000] {logging_mixin.py:151} INFO - [2024-06-10T20:09:02.563+0000] {dag.py:2915} INFO - Sync 1 DAGs
[2024-06-10T20:09:02.575+0000] {logging_mixin.py:151} INFO - [2024-06-10T20:09:02.575+0000] {dag.py:3696} INFO - Setting next_dagrun for example_python_operator to None, run_after=None
[2024-06-10T20:09:02.592+0000] {processor.py:179} INFO - Processing /home/airflow/.local/lib/python3.8/site-packages/airflow/example_dags/example_python_operator.py took 0.065 seconds
[2024-06-10T20:09:33.503+0000] {processor.py:157} INFO - Started process (PID=14792) to work on /home/airflow/.local/lib/python3.8/site-packages/airflow/example_dags/example_python_operator.py
[2024-06-10T20:09:33.504+0000] {processor.py:829} INFO - Processing file /home/airflow/.local/lib/python3.8/site-packages/airflow/example_dags/example_python_operator.py for tasks to queue
[2024-06-10T20:09:33.505+0000] {logging_mixin.py:151} INFO - [2024-06-10T20:09:33.504+0000] {dagbag.py:539} INFO - Filling up the DagBag from /home/airflow/.local/lib/python3.8/site-packages/airflow/example_dags/example_python_operator.py
[2024-06-10T20:09:33.515+0000] {processor.py:839} INFO - DAG(s) dict_keys(['example_python_operator']) retrieved from /home/airflow/.local/lib/python3.8/site-packages/airflow/example_dags/example_python_operator.py
[2024-06-10T20:09:33.537+0000] {logging_mixin.py:151} INFO - [2024-06-10T20:09:33.537+0000] {dag.py:2915} INFO - Sync 1 DAGs
[2024-06-10T20:09:33.549+0000] {logging_mixin.py:151} INFO - [2024-06-10T20:09:33.549+0000] {dag.py:3696} INFO - Setting next_dagrun for example_python_operator to None, run_after=None
[2024-06-10T20:09:33.566+0000] {processor.py:179} INFO - Processing /home/airflow/.local/lib/python3.8/site-packages/airflow/example_dags/example_python_operator.py took 0.067 seconds
[2024-06-10T20:10:03.967+0000] {processor.py:157} INFO - Started process (PID=15031) to work on /home/airflow/.local/lib/python3.8/site-packages/airflow/example_dags/example_python_operator.py
[2024-06-10T20:10:03.968+0000] {processor.py:829} INFO - Processing file /home/airflow/.local/lib/python3.8/site-packages/airflow/example_dags/example_python_operator.py for tasks to queue
[2024-06-10T20:10:03.968+0000] {logging_mixin.py:151} INFO - [2024-06-10T20:10:03.968+0000] {dagbag.py:539} INFO - Filling up the DagBag from /home/airflow/.local/lib/python3.8/site-packages/airflow/example_dags/example_python_operator.py
[2024-06-10T20:10:03.979+0000] {processor.py:839} INFO - DAG(s) dict_keys(['example_python_operator']) retrieved from /home/airflow/.local/lib/python3.8/site-packages/airflow/example_dags/example_python_operator.py
[2024-06-10T20:10:04.001+0000] {logging_mixin.py:151} INFO - [2024-06-10T20:10:04.001+0000] {dag.py:2915} INFO - Sync 1 DAGs
[2024-06-10T20:10:04.014+0000] {logging_mixin.py:151} INFO - [2024-06-10T20:10:04.014+0000] {dag.py:3696} INFO - Setting next_dagrun for example_python_operator to None, run_after=None
[2024-06-10T20:10:04.033+0000] {processor.py:179} INFO - Processing /home/airflow/.local/lib/python3.8/site-packages/airflow/example_dags/example_python_operator.py took 0.070 seconds
[2024-06-10T20:10:34.690+0000] {processor.py:157} INFO - Started process (PID=15269) to work on /home/airflow/.local/lib/python3.8/site-packages/airflow/example_dags/example_python_operator.py
[2024-06-10T20:10:34.691+0000] {processor.py:829} INFO - Processing file /home/airflow/.local/lib/python3.8/site-packages/airflow/example_dags/example_python_operator.py for tasks to queue
[2024-06-10T20:10:34.692+0000] {logging_mixin.py:151} INFO - [2024-06-10T20:10:34.692+0000] {dagbag.py:539} INFO - Filling up the DagBag from /home/airflow/.local/lib/python3.8/site-packages/airflow/example_dags/example_python_operator.py
[2024-06-10T20:10:34.703+0000] {processor.py:839} INFO - DAG(s) dict_keys(['example_python_operator']) retrieved from /home/airflow/.local/lib/python3.8/site-packages/airflow/example_dags/example_python_operator.py
[2024-06-10T20:10:34.725+0000] {logging_mixin.py:151} INFO - [2024-06-10T20:10:34.725+0000] {dag.py:2915} INFO - Sync 1 DAGs
[2024-06-10T20:10:34.738+0000] {logging_mixin.py:151} INFO - [2024-06-10T20:10:34.738+0000] {dag.py:3696} INFO - Setting next_dagrun for example_python_operator to None, run_after=None
[2024-06-10T20:10:34.756+0000] {processor.py:179} INFO - Processing /home/airflow/.local/lib/python3.8/site-packages/airflow/example_dags/example_python_operator.py took 0.069 seconds
[2024-06-10T20:11:05.342+0000] {processor.py:157} INFO - Started process (PID=15507) to work on /home/airflow/.local/lib/python3.8/site-packages/airflow/example_dags/example_python_operator.py
[2024-06-10T20:11:05.343+0000] {processor.py:829} INFO - Processing file /home/airflow/.local/lib/python3.8/site-packages/airflow/example_dags/example_python_operator.py for tasks to queue
[2024-06-10T20:11:05.344+0000] {logging_mixin.py:151} INFO - [2024-06-10T20:11:05.344+0000] {dagbag.py:539} INFO - Filling up the DagBag from /home/airflow/.local/lib/python3.8/site-packages/airflow/example_dags/example_python_operator.py
[2024-06-10T20:11:05.356+0000] {processor.py:839} INFO - DAG(s) dict_keys(['example_python_operator']) retrieved from /home/airflow/.local/lib/python3.8/site-packages/airflow/example_dags/example_python_operator.py
[2024-06-10T20:11:05.380+0000] {logging_mixin.py:151} INFO - [2024-06-10T20:11:05.380+0000] {dag.py:2915} INFO - Sync 1 DAGs
[2024-06-10T20:11:05.393+0000] {logging_mixin.py:151} INFO - [2024-06-10T20:11:05.393+0000] {dag.py:3696} INFO - Setting next_dagrun for example_python_operator to None, run_after=None
[2024-06-10T20:11:05.411+0000] {processor.py:179} INFO - Processing /home/airflow/.local/lib/python3.8/site-packages/airflow/example_dags/example_python_operator.py took 0.073 seconds
[2024-06-10T20:11:36.095+0000] {processor.py:157} INFO - Started process (PID=15744) to work on /home/airflow/.local/lib/python3.8/site-packages/airflow/example_dags/example_python_operator.py
[2024-06-10T20:11:36.096+0000] {processor.py:829} INFO - Processing file /home/airflow/.local/lib/python3.8/site-packages/airflow/example_dags/example_python_operator.py for tasks to queue
[2024-06-10T20:11:36.097+0000] {logging_mixin.py:151} INFO - [2024-06-10T20:11:36.097+0000] {dagbag.py:539} INFO - Filling up the DagBag from /home/airflow/.local/lib/python3.8/site-packages/airflow/example_dags/example_python_operator.py
[2024-06-10T20:11:36.110+0000] {processor.py:839} INFO - DAG(s) dict_keys(['example_python_operator']) retrieved from /home/airflow/.local/lib/python3.8/site-packages/airflow/example_dags/example_python_operator.py
[2024-06-10T20:11:36.136+0000] {logging_mixin.py:151} INFO - [2024-06-10T20:11:36.136+0000] {dag.py:2915} INFO - Sync 1 DAGs
[2024-06-10T20:11:36.149+0000] {logging_mixin.py:151} INFO - [2024-06-10T20:11:36.149+0000] {dag.py:3696} INFO - Setting next_dagrun for example_python_operator to None, run_after=None
[2024-06-10T20:11:36.167+0000] {processor.py:179} INFO - Processing /home/airflow/.local/lib/python3.8/site-packages/airflow/example_dags/example_python_operator.py took 0.076 seconds
[2024-06-10T20:12:06.928+0000] {processor.py:157} INFO - Started process (PID=15982) to work on /home/airflow/.local/lib/python3.8/site-packages/airflow/example_dags/example_python_operator.py
[2024-06-10T20:12:06.929+0000] {processor.py:829} INFO - Processing file /home/airflow/.local/lib/python3.8/site-packages/airflow/example_dags/example_python_operator.py for tasks to queue
[2024-06-10T20:12:06.930+0000] {logging_mixin.py:151} INFO - [2024-06-10T20:12:06.929+0000] {dagbag.py:539} INFO - Filling up the DagBag from /home/airflow/.local/lib/python3.8/site-packages/airflow/example_dags/example_python_operator.py
[2024-06-10T20:12:06.942+0000] {processor.py:839} INFO - DAG(s) dict_keys(['example_python_operator']) retrieved from /home/airflow/.local/lib/python3.8/site-packages/airflow/example_dags/example_python_operator.py
[2024-06-10T20:12:06.968+0000] {logging_mixin.py:151} INFO - [2024-06-10T20:12:06.968+0000] {dag.py:2915} INFO - Sync 1 DAGs
[2024-06-10T20:12:06.982+0000] {logging_mixin.py:151} INFO - [2024-06-10T20:12:06.982+0000] {dag.py:3696} INFO - Setting next_dagrun for example_python_operator to None, run_after=None
[2024-06-10T20:12:07.000+0000] {processor.py:179} INFO - Processing /home/airflow/.local/lib/python3.8/site-packages/airflow/example_dags/example_python_operator.py took 0.077 seconds
[2024-06-10T20:12:37.787+0000] {processor.py:157} INFO - Started process (PID=16220) to work on /home/airflow/.local/lib/python3.8/site-packages/airflow/example_dags/example_python_operator.py
[2024-06-10T20:12:37.788+0000] {processor.py:829} INFO - Processing file /home/airflow/.local/lib/python3.8/site-packages/airflow/example_dags/example_python_operator.py for tasks to queue
[2024-06-10T20:12:37.788+0000] {logging_mixin.py:151} INFO - [2024-06-10T20:12:37.788+0000] {dagbag.py:539} INFO - Filling up the DagBag from /home/airflow/.local/lib/python3.8/site-packages/airflow/example_dags/example_python_operator.py
[2024-06-10T20:12:37.799+0000] {processor.py:839} INFO - DAG(s) dict_keys(['example_python_operator']) retrieved from /home/airflow/.local/lib/python3.8/site-packages/airflow/example_dags/example_python_operator.py
[2024-06-10T20:12:37.822+0000] {logging_mixin.py:151} INFO - [2024-06-10T20:12:37.822+0000] {dag.py:2915} INFO - Sync 1 DAGs
[2024-06-10T20:12:37.835+0000] {logging_mixin.py:151} INFO - [2024-06-10T20:12:37.835+0000] {dag.py:3696} INFO - Setting next_dagrun for example_python_operator to None, run_after=None
[2024-06-10T20:12:37.853+0000] {processor.py:179} INFO - Processing /home/airflow/.local/lib/python3.8/site-packages/airflow/example_dags/example_python_operator.py took 0.070 seconds
[2024-06-10T20:13:08.663+0000] {processor.py:157} INFO - Started process (PID=16458) to work on /home/airflow/.local/lib/python3.8/site-packages/airflow/example_dags/example_python_operator.py
[2024-06-10T20:13:08.664+0000] {processor.py:829} INFO - Processing file /home/airflow/.local/lib/python3.8/site-packages/airflow/example_dags/example_python_operator.py for tasks to queue
[2024-06-10T20:13:08.665+0000] {logging_mixin.py:151} INFO - [2024-06-10T20:13:08.665+0000] {dagbag.py:539} INFO - Filling up the DagBag from /home/airflow/.local/lib/python3.8/site-packages/airflow/example_dags/example_python_operator.py
[2024-06-10T20:13:08.679+0000] {processor.py:839} INFO - DAG(s) dict_keys(['example_python_operator']) retrieved from /home/airflow/.local/lib/python3.8/site-packages/airflow/example_dags/example_python_operator.py
[2024-06-10T20:13:08.703+0000] {logging_mixin.py:151} INFO - [2024-06-10T20:13:08.702+0000] {dag.py:2915} INFO - Sync 1 DAGs
[2024-06-10T20:13:08.718+0000] {logging_mixin.py:151} INFO - [2024-06-10T20:13:08.718+0000] {dag.py:3696} INFO - Setting next_dagrun for example_python_operator to None, run_after=None
[2024-06-10T20:13:08.738+0000] {processor.py:179} INFO - Processing /home/airflow/.local/lib/python3.8/site-packages/airflow/example_dags/example_python_operator.py took 0.078 seconds
[2024-06-10T20:13:39.627+0000] {processor.py:157} INFO - Started process (PID=16695) to work on /home/airflow/.local/lib/python3.8/site-packages/airflow/example_dags/example_python_operator.py
[2024-06-10T20:13:39.628+0000] {processor.py:829} INFO - Processing file /home/airflow/.local/lib/python3.8/site-packages/airflow/example_dags/example_python_operator.py for tasks to queue
[2024-06-10T20:13:39.628+0000] {logging_mixin.py:151} INFO - [2024-06-10T20:13:39.628+0000] {dagbag.py:539} INFO - Filling up the DagBag from /home/airflow/.local/lib/python3.8/site-packages/airflow/example_dags/example_python_operator.py
[2024-06-10T20:13:39.640+0000] {processor.py:839} INFO - DAG(s) dict_keys(['example_python_operator']) retrieved from /home/airflow/.local/lib/python3.8/site-packages/airflow/example_dags/example_python_operator.py
[2024-06-10T20:13:39.663+0000] {logging_mixin.py:151} INFO - [2024-06-10T20:13:39.662+0000] {dag.py:2915} INFO - Sync 1 DAGs
[2024-06-10T20:13:39.675+0000] {logging_mixin.py:151} INFO - [2024-06-10T20:13:39.675+0000] {dag.py:3696} INFO - Setting next_dagrun for example_python_operator to None, run_after=None
[2024-06-10T20:13:39.693+0000] {processor.py:179} INFO - Processing /home/airflow/.local/lib/python3.8/site-packages/airflow/example_dags/example_python_operator.py took 0.071 seconds
[2024-06-10T20:14:09.959+0000] {processor.py:157} INFO - Started process (PID=16933) to work on /home/airflow/.local/lib/python3.8/site-packages/airflow/example_dags/example_python_operator.py
[2024-06-10T20:14:09.960+0000] {processor.py:829} INFO - Processing file /home/airflow/.local/lib/python3.8/site-packages/airflow/example_dags/example_python_operator.py for tasks to queue
[2024-06-10T20:14:09.961+0000] {logging_mixin.py:151} INFO - [2024-06-10T20:14:09.960+0000] {dagbag.py:539} INFO - Filling up the DagBag from /home/airflow/.local/lib/python3.8/site-packages/airflow/example_dags/example_python_operator.py
[2024-06-10T20:14:09.973+0000] {processor.py:839} INFO - DAG(s) dict_keys(['example_python_operator']) retrieved from /home/airflow/.local/lib/python3.8/site-packages/airflow/example_dags/example_python_operator.py
[2024-06-10T20:14:09.996+0000] {logging_mixin.py:151} INFO - [2024-06-10T20:14:09.996+0000] {dag.py:2915} INFO - Sync 1 DAGs
[2024-06-10T20:14:10.007+0000] {logging_mixin.py:151} INFO - [2024-06-10T20:14:10.007+0000] {dag.py:3696} INFO - Setting next_dagrun for example_python_operator to None, run_after=None
[2024-06-10T20:14:10.026+0000] {processor.py:179} INFO - Processing /home/airflow/.local/lib/python3.8/site-packages/airflow/example_dags/example_python_operator.py took 0.071 seconds
[2024-06-10T20:14:40.199+0000] {processor.py:157} INFO - Started process (PID=17170) to work on /home/airflow/.local/lib/python3.8/site-packages/airflow/example_dags/example_python_operator.py
[2024-06-10T20:14:40.200+0000] {processor.py:829} INFO - Processing file /home/airflow/.local/lib/python3.8/site-packages/airflow/example_dags/example_python_operator.py for tasks to queue
[2024-06-10T20:14:40.201+0000] {logging_mixin.py:151} INFO - [2024-06-10T20:14:40.201+0000] {dagbag.py:539} INFO - Filling up the DagBag from /home/airflow/.local/lib/python3.8/site-packages/airflow/example_dags/example_python_operator.py
[2024-06-10T20:14:40.214+0000] {processor.py:839} INFO - DAG(s) dict_keys(['example_python_operator']) retrieved from /home/airflow/.local/lib/python3.8/site-packages/airflow/example_dags/example_python_operator.py
[2024-06-10T20:14:40.243+0000] {logging_mixin.py:151} INFO - [2024-06-10T20:14:40.242+0000] {dag.py:2915} INFO - Sync 1 DAGs
[2024-06-10T20:14:40.259+0000] {logging_mixin.py:151} INFO - [2024-06-10T20:14:40.259+0000] {dag.py:3696} INFO - Setting next_dagrun for example_python_operator to None, run_after=None
[2024-06-10T20:14:40.279+0000] {processor.py:179} INFO - Processing /home/airflow/.local/lib/python3.8/site-packages/airflow/example_dags/example_python_operator.py took 0.084 seconds
[2024-06-10T20:15:10.387+0000] {processor.py:157} INFO - Started process (PID=17408) to work on /home/airflow/.local/lib/python3.8/site-packages/airflow/example_dags/example_python_operator.py
[2024-06-10T20:15:10.388+0000] {processor.py:829} INFO - Processing file /home/airflow/.local/lib/python3.8/site-packages/airflow/example_dags/example_python_operator.py for tasks to queue
[2024-06-10T20:15:10.389+0000] {logging_mixin.py:151} INFO - [2024-06-10T20:15:10.388+0000] {dagbag.py:539} INFO - Filling up the DagBag from /home/airflow/.local/lib/python3.8/site-packages/airflow/example_dags/example_python_operator.py
[2024-06-10T20:15:10.399+0000] {processor.py:839} INFO - DAG(s) dict_keys(['example_python_operator']) retrieved from /home/airflow/.local/lib/python3.8/site-packages/airflow/example_dags/example_python_operator.py
[2024-06-10T20:15:10.422+0000] {logging_mixin.py:151} INFO - [2024-06-10T20:15:10.421+0000] {dag.py:2915} INFO - Sync 1 DAGs
[2024-06-10T20:15:10.434+0000] {logging_mixin.py:151} INFO - [2024-06-10T20:15:10.434+0000] {dag.py:3696} INFO - Setting next_dagrun for example_python_operator to None, run_after=None
[2024-06-10T20:15:10.451+0000] {processor.py:179} INFO - Processing /home/airflow/.local/lib/python3.8/site-packages/airflow/example_dags/example_python_operator.py took 0.068 seconds
[2024-06-10T20:15:40.653+0000] {processor.py:157} INFO - Started process (PID=17646) to work on /home/airflow/.local/lib/python3.8/site-packages/airflow/example_dags/example_python_operator.py
[2024-06-10T20:15:40.654+0000] {processor.py:829} INFO - Processing file /home/airflow/.local/lib/python3.8/site-packages/airflow/example_dags/example_python_operator.py for tasks to queue
[2024-06-10T20:15:40.656+0000] {logging_mixin.py:151} INFO - [2024-06-10T20:15:40.655+0000] {dagbag.py:539} INFO - Filling up the DagBag from /home/airflow/.local/lib/python3.8/site-packages/airflow/example_dags/example_python_operator.py
[2024-06-10T20:15:40.669+0000] {processor.py:839} INFO - DAG(s) dict_keys(['example_python_operator']) retrieved from /home/airflow/.local/lib/python3.8/site-packages/airflow/example_dags/example_python_operator.py
[2024-06-10T20:15:40.692+0000] {logging_mixin.py:151} INFO - [2024-06-10T20:15:40.692+0000] {dag.py:2915} INFO - Sync 1 DAGs
[2024-06-10T20:15:40.704+0000] {logging_mixin.py:151} INFO - [2024-06-10T20:15:40.704+0000] {dag.py:3696} INFO - Setting next_dagrun for example_python_operator to None, run_after=None
[2024-06-10T20:15:40.721+0000] {processor.py:179} INFO - Processing /home/airflow/.local/lib/python3.8/site-packages/airflow/example_dags/example_python_operator.py took 0.073 seconds
[2024-06-10T20:16:11.154+0000] {processor.py:157} INFO - Started process (PID=17884) to work on /home/airflow/.local/lib/python3.8/site-packages/airflow/example_dags/example_python_operator.py
[2024-06-10T20:16:11.155+0000] {processor.py:829} INFO - Processing file /home/airflow/.local/lib/python3.8/site-packages/airflow/example_dags/example_python_operator.py for tasks to queue
[2024-06-10T20:16:11.156+0000] {logging_mixin.py:151} INFO - [2024-06-10T20:16:11.156+0000] {dagbag.py:539} INFO - Filling up the DagBag from /home/airflow/.local/lib/python3.8/site-packages/airflow/example_dags/example_python_operator.py
[2024-06-10T20:16:11.166+0000] {processor.py:839} INFO - DAG(s) dict_keys(['example_python_operator']) retrieved from /home/airflow/.local/lib/python3.8/site-packages/airflow/example_dags/example_python_operator.py
[2024-06-10T20:16:11.188+0000] {logging_mixin.py:151} INFO - [2024-06-10T20:16:11.188+0000] {dag.py:2915} INFO - Sync 1 DAGs
[2024-06-10T20:16:11.200+0000] {logging_mixin.py:151} INFO - [2024-06-10T20:16:11.200+0000] {dag.py:3696} INFO - Setting next_dagrun for example_python_operator to None, run_after=None
[2024-06-10T20:16:11.217+0000] {processor.py:179} INFO - Processing /home/airflow/.local/lib/python3.8/site-packages/airflow/example_dags/example_python_operator.py took 0.066 seconds
