[2024-06-10T19:38:22.561+0000] {processor.py:157} INFO - Started process (PID=182) to work on /home/airflow/.local/lib/python3.8/site-packages/airflow/example_dags/example_xcom.py
[2024-06-10T19:38:22.561+0000] {processor.py:829} INFO - Processing file /home/airflow/.local/lib/python3.8/site-packages/airflow/example_dags/example_xcom.py for tasks to queue
[2024-06-10T19:38:22.562+0000] {logging_mixin.py:151} INFO - [2024-06-10T19:38:22.562+0000] {dagbag.py:539} INFO - Filling up the DagBag from /home/airflow/.local/lib/python3.8/site-packages/airflow/example_dags/example_xcom.py
[2024-06-10T19:38:22.572+0000] {processor.py:839} INFO - DAG(s) dict_keys(['example_xcom']) retrieved from /home/airflow/.local/lib/python3.8/site-packages/airflow/example_dags/example_xcom.py
[2024-06-10T19:38:22.584+0000] {logging_mixin.py:151} INFO - [2024-06-10T19:38:22.584+0000] {dag.py:2915} INFO - Sync 1 DAGs
[2024-06-10T19:38:22.608+0000] {logging_mixin.py:151} INFO - [2024-06-10T19:38:22.608+0000] {dag.py:3696} INFO - Setting next_dagrun for example_xcom to 2021-01-01T00:00:00+00:00, run_after=2021-01-01T00:00:00+00:00
[2024-06-10T19:38:22.627+0000] {processor.py:179} INFO - Processing /home/airflow/.local/lib/python3.8/site-packages/airflow/example_dags/example_xcom.py took 0.069 seconds
[2024-06-10T19:38:52.975+0000] {processor.py:157} INFO - Started process (PID=420) to work on /home/airflow/.local/lib/python3.8/site-packages/airflow/example_dags/example_xcom.py
[2024-06-10T19:38:52.976+0000] {processor.py:829} INFO - Processing file /home/airflow/.local/lib/python3.8/site-packages/airflow/example_dags/example_xcom.py for tasks to queue
[2024-06-10T19:38:52.977+0000] {logging_mixin.py:151} INFO - [2024-06-10T19:38:52.976+0000] {dagbag.py:539} INFO - Filling up the DagBag from /home/airflow/.local/lib/python3.8/site-packages/airflow/example_dags/example_xcom.py
[2024-06-10T19:38:52.984+0000] {processor.py:839} INFO - DAG(s) dict_keys(['example_xcom']) retrieved from /home/airflow/.local/lib/python3.8/site-packages/airflow/example_dags/example_xcom.py
[2024-06-10T19:38:53.004+0000] {logging_mixin.py:151} INFO - [2024-06-10T19:38:53.004+0000] {dag.py:2915} INFO - Sync 1 DAGs
[2024-06-10T19:38:53.027+0000] {logging_mixin.py:151} INFO - [2024-06-10T19:38:53.026+0000] {dag.py:3696} INFO - Setting next_dagrun for example_xcom to 2021-01-01T00:00:00+00:00, run_after=2021-01-01T00:00:00+00:00
[2024-06-10T19:38:53.044+0000] {processor.py:179} INFO - Processing /home/airflow/.local/lib/python3.8/site-packages/airflow/example_dags/example_xcom.py took 0.071 seconds
[2024-06-10T19:39:23.152+0000] {processor.py:157} INFO - Started process (PID=658) to work on /home/airflow/.local/lib/python3.8/site-packages/airflow/example_dags/example_xcom.py
[2024-06-10T19:39:23.152+0000] {processor.py:829} INFO - Processing file /home/airflow/.local/lib/python3.8/site-packages/airflow/example_dags/example_xcom.py for tasks to queue
[2024-06-10T19:39:23.153+0000] {logging_mixin.py:151} INFO - [2024-06-10T19:39:23.153+0000] {dagbag.py:539} INFO - Filling up the DagBag from /home/airflow/.local/lib/python3.8/site-packages/airflow/example_dags/example_xcom.py
[2024-06-10T19:39:23.160+0000] {processor.py:839} INFO - DAG(s) dict_keys(['example_xcom']) retrieved from /home/airflow/.local/lib/python3.8/site-packages/airflow/example_dags/example_xcom.py
[2024-06-10T19:39:23.182+0000] {logging_mixin.py:151} INFO - [2024-06-10T19:39:23.182+0000] {dag.py:2915} INFO - Sync 1 DAGs
[2024-06-10T19:39:23.205+0000] {logging_mixin.py:151} INFO - [2024-06-10T19:39:23.205+0000] {dag.py:3696} INFO - Setting next_dagrun for example_xcom to 2021-01-01T00:00:00+00:00, run_after=2021-01-01T00:00:00+00:00
[2024-06-10T19:39:23.223+0000] {processor.py:179} INFO - Processing /home/airflow/.local/lib/python3.8/site-packages/airflow/example_dags/example_xcom.py took 0.074 seconds
[2024-06-10T19:39:53.968+0000] {processor.py:157} INFO - Started process (PID=896) to work on /home/airflow/.local/lib/python3.8/site-packages/airflow/example_dags/example_xcom.py
[2024-06-10T19:39:53.969+0000] {processor.py:829} INFO - Processing file /home/airflow/.local/lib/python3.8/site-packages/airflow/example_dags/example_xcom.py for tasks to queue
[2024-06-10T19:39:53.970+0000] {logging_mixin.py:151} INFO - [2024-06-10T19:39:53.969+0000] {dagbag.py:539} INFO - Filling up the DagBag from /home/airflow/.local/lib/python3.8/site-packages/airflow/example_dags/example_xcom.py
[2024-06-10T19:39:53.977+0000] {processor.py:839} INFO - DAG(s) dict_keys(['example_xcom']) retrieved from /home/airflow/.local/lib/python3.8/site-packages/airflow/example_dags/example_xcom.py
[2024-06-10T19:39:53.999+0000] {logging_mixin.py:151} INFO - [2024-06-10T19:39:53.999+0000] {dag.py:2915} INFO - Sync 1 DAGs
[2024-06-10T19:39:54.021+0000] {logging_mixin.py:151} INFO - [2024-06-10T19:39:54.021+0000] {dag.py:3696} INFO - Setting next_dagrun for example_xcom to 2021-01-01T00:00:00+00:00, run_after=2021-01-01T00:00:00+00:00
[2024-06-10T19:39:54.038+0000] {processor.py:179} INFO - Processing /home/airflow/.local/lib/python3.8/site-packages/airflow/example_dags/example_xcom.py took 0.073 seconds
[2024-06-10T19:40:24.861+0000] {processor.py:157} INFO - Started process (PID=1134) to work on /home/airflow/.local/lib/python3.8/site-packages/airflow/example_dags/example_xcom.py
[2024-06-10T19:40:24.862+0000] {processor.py:829} INFO - Processing file /home/airflow/.local/lib/python3.8/site-packages/airflow/example_dags/example_xcom.py for tasks to queue
[2024-06-10T19:40:24.863+0000] {logging_mixin.py:151} INFO - [2024-06-10T19:40:24.863+0000] {dagbag.py:539} INFO - Filling up the DagBag from /home/airflow/.local/lib/python3.8/site-packages/airflow/example_dags/example_xcom.py
[2024-06-10T19:40:24.870+0000] {processor.py:839} INFO - DAG(s) dict_keys(['example_xcom']) retrieved from /home/airflow/.local/lib/python3.8/site-packages/airflow/example_dags/example_xcom.py
[2024-06-10T19:40:24.895+0000] {logging_mixin.py:151} INFO - [2024-06-10T19:40:24.894+0000] {dag.py:2915} INFO - Sync 1 DAGs
[2024-06-10T19:40:24.917+0000] {logging_mixin.py:151} INFO - [2024-06-10T19:40:24.917+0000] {dag.py:3696} INFO - Setting next_dagrun for example_xcom to 2021-01-01T00:00:00+00:00, run_after=2021-01-01T00:00:00+00:00
[2024-06-10T19:40:24.935+0000] {processor.py:179} INFO - Processing /home/airflow/.local/lib/python3.8/site-packages/airflow/example_dags/example_xcom.py took 0.076 seconds
[2024-06-10T19:40:55.674+0000] {processor.py:157} INFO - Started process (PID=1372) to work on /home/airflow/.local/lib/python3.8/site-packages/airflow/example_dags/example_xcom.py
[2024-06-10T19:40:55.675+0000] {processor.py:829} INFO - Processing file /home/airflow/.local/lib/python3.8/site-packages/airflow/example_dags/example_xcom.py for tasks to queue
[2024-06-10T19:40:55.676+0000] {logging_mixin.py:151} INFO - [2024-06-10T19:40:55.675+0000] {dagbag.py:539} INFO - Filling up the DagBag from /home/airflow/.local/lib/python3.8/site-packages/airflow/example_dags/example_xcom.py
[2024-06-10T19:40:55.683+0000] {processor.py:839} INFO - DAG(s) dict_keys(['example_xcom']) retrieved from /home/airflow/.local/lib/python3.8/site-packages/airflow/example_dags/example_xcom.py
[2024-06-10T19:40:55.704+0000] {logging_mixin.py:151} INFO - [2024-06-10T19:40:55.704+0000] {dag.py:2915} INFO - Sync 1 DAGs
[2024-06-10T19:40:55.725+0000] {logging_mixin.py:151} INFO - [2024-06-10T19:40:55.725+0000] {dag.py:3696} INFO - Setting next_dagrun for example_xcom to 2021-01-01T00:00:00+00:00, run_after=2021-01-01T00:00:00+00:00
[2024-06-10T19:40:55.742+0000] {processor.py:179} INFO - Processing /home/airflow/.local/lib/python3.8/site-packages/airflow/example_dags/example_xcom.py took 0.072 seconds
[2024-06-10T19:41:26.446+0000] {processor.py:157} INFO - Started process (PID=1618) to work on /home/airflow/.local/lib/python3.8/site-packages/airflow/example_dags/example_xcom.py
[2024-06-10T19:41:26.446+0000] {processor.py:829} INFO - Processing file /home/airflow/.local/lib/python3.8/site-packages/airflow/example_dags/example_xcom.py for tasks to queue
[2024-06-10T19:41:26.447+0000] {logging_mixin.py:151} INFO - [2024-06-10T19:41:26.447+0000] {dagbag.py:539} INFO - Filling up the DagBag from /home/airflow/.local/lib/python3.8/site-packages/airflow/example_dags/example_xcom.py
[2024-06-10T19:41:26.455+0000] {processor.py:839} INFO - DAG(s) dict_keys(['example_xcom']) retrieved from /home/airflow/.local/lib/python3.8/site-packages/airflow/example_dags/example_xcom.py
[2024-06-10T19:41:26.475+0000] {logging_mixin.py:151} INFO - [2024-06-10T19:41:26.475+0000] {dag.py:2915} INFO - Sync 1 DAGs
[2024-06-10T19:41:26.496+0000] {logging_mixin.py:151} INFO - [2024-06-10T19:41:26.496+0000] {dag.py:3696} INFO - Setting next_dagrun for example_xcom to 2021-01-01T00:00:00+00:00, run_after=2021-01-01T00:00:00+00:00
[2024-06-10T19:41:26.513+0000] {processor.py:179} INFO - Processing /home/airflow/.local/lib/python3.8/site-packages/airflow/example_dags/example_xcom.py took 0.071 seconds
[2024-06-10T19:41:56.593+0000] {processor.py:157} INFO - Started process (PID=1859) to work on /home/airflow/.local/lib/python3.8/site-packages/airflow/example_dags/example_xcom.py
[2024-06-10T19:41:56.594+0000] {processor.py:829} INFO - Processing file /home/airflow/.local/lib/python3.8/site-packages/airflow/example_dags/example_xcom.py for tasks to queue
[2024-06-10T19:41:56.595+0000] {logging_mixin.py:151} INFO - [2024-06-10T19:41:56.594+0000] {dagbag.py:539} INFO - Filling up the DagBag from /home/airflow/.local/lib/python3.8/site-packages/airflow/example_dags/example_xcom.py
[2024-06-10T19:41:56.602+0000] {processor.py:839} INFO - DAG(s) dict_keys(['example_xcom']) retrieved from /home/airflow/.local/lib/python3.8/site-packages/airflow/example_dags/example_xcom.py
[2024-06-10T19:41:56.624+0000] {logging_mixin.py:151} INFO - [2024-06-10T19:41:56.623+0000] {dag.py:2915} INFO - Sync 1 DAGs
[2024-06-10T19:41:56.646+0000] {logging_mixin.py:151} INFO - [2024-06-10T19:41:56.646+0000] {dag.py:3696} INFO - Setting next_dagrun for example_xcom to 2021-01-01T00:00:00+00:00, run_after=2021-01-01T00:00:00+00:00
[2024-06-10T19:41:56.664+0000] {processor.py:179} INFO - Processing /home/airflow/.local/lib/python3.8/site-packages/airflow/example_dags/example_xcom.py took 0.073 seconds
[2024-06-10T19:42:26.827+0000] {processor.py:157} INFO - Started process (PID=2097) to work on /home/airflow/.local/lib/python3.8/site-packages/airflow/example_dags/example_xcom.py
[2024-06-10T19:42:26.829+0000] {processor.py:829} INFO - Processing file /home/airflow/.local/lib/python3.8/site-packages/airflow/example_dags/example_xcom.py for tasks to queue
[2024-06-10T19:42:26.829+0000] {logging_mixin.py:151} INFO - [2024-06-10T19:42:26.829+0000] {dagbag.py:539} INFO - Filling up the DagBag from /home/airflow/.local/lib/python3.8/site-packages/airflow/example_dags/example_xcom.py
[2024-06-10T19:42:26.837+0000] {processor.py:839} INFO - DAG(s) dict_keys(['example_xcom']) retrieved from /home/airflow/.local/lib/python3.8/site-packages/airflow/example_dags/example_xcom.py
[2024-06-10T19:42:26.865+0000] {logging_mixin.py:151} INFO - [2024-06-10T19:42:26.865+0000] {dag.py:2915} INFO - Sync 1 DAGs
[2024-06-10T19:42:26.895+0000] {logging_mixin.py:151} INFO - [2024-06-10T19:42:26.895+0000] {dag.py:3696} INFO - Setting next_dagrun for example_xcom to 2021-01-01T00:00:00+00:00, run_after=2021-01-01T00:00:00+00:00
[2024-06-10T19:42:26.914+0000] {processor.py:179} INFO - Processing /home/airflow/.local/lib/python3.8/site-packages/airflow/example_dags/example_xcom.py took 0.090 seconds
[2024-06-10T19:42:57.000+0000] {processor.py:157} INFO - Started process (PID=2337) to work on /home/airflow/.local/lib/python3.8/site-packages/airflow/example_dags/example_xcom.py
[2024-06-10T19:42:57.001+0000] {processor.py:829} INFO - Processing file /home/airflow/.local/lib/python3.8/site-packages/airflow/example_dags/example_xcom.py for tasks to queue
[2024-06-10T19:42:57.001+0000] {logging_mixin.py:151} INFO - [2024-06-10T19:42:57.001+0000] {dagbag.py:539} INFO - Filling up the DagBag from /home/airflow/.local/lib/python3.8/site-packages/airflow/example_dags/example_xcom.py
[2024-06-10T19:42:57.008+0000] {processor.py:839} INFO - DAG(s) dict_keys(['example_xcom']) retrieved from /home/airflow/.local/lib/python3.8/site-packages/airflow/example_dags/example_xcom.py
[2024-06-10T19:42:57.029+0000] {logging_mixin.py:151} INFO - [2024-06-10T19:42:57.029+0000] {dag.py:2915} INFO - Sync 1 DAGs
[2024-06-10T19:42:57.051+0000] {logging_mixin.py:151} INFO - [2024-06-10T19:42:57.051+0000] {dag.py:3696} INFO - Setting next_dagrun for example_xcom to 2021-01-01T00:00:00+00:00, run_after=2021-01-01T00:00:00+00:00
[2024-06-10T19:42:57.070+0000] {processor.py:179} INFO - Processing /home/airflow/.local/lib/python3.8/site-packages/airflow/example_dags/example_xcom.py took 0.073 seconds
[2024-06-10T19:43:27.998+0000] {processor.py:157} INFO - Started process (PID=2579) to work on /home/airflow/.local/lib/python3.8/site-packages/airflow/example_dags/example_xcom.py
[2024-06-10T19:43:27.999+0000] {processor.py:829} INFO - Processing file /home/airflow/.local/lib/python3.8/site-packages/airflow/example_dags/example_xcom.py for tasks to queue
[2024-06-10T19:43:28.000+0000] {logging_mixin.py:151} INFO - [2024-06-10T19:43:27.999+0000] {dagbag.py:539} INFO - Filling up the DagBag from /home/airflow/.local/lib/python3.8/site-packages/airflow/example_dags/example_xcom.py
[2024-06-10T19:43:28.007+0000] {processor.py:839} INFO - DAG(s) dict_keys(['example_xcom']) retrieved from /home/airflow/.local/lib/python3.8/site-packages/airflow/example_dags/example_xcom.py
[2024-06-10T19:43:28.032+0000] {logging_mixin.py:151} INFO - [2024-06-10T19:43:28.032+0000] {dag.py:2915} INFO - Sync 1 DAGs
[2024-06-10T19:43:28.055+0000] {logging_mixin.py:151} INFO - [2024-06-10T19:43:28.054+0000] {dag.py:3696} INFO - Setting next_dagrun for example_xcom to 2021-01-01T00:00:00+00:00, run_after=2021-01-01T00:00:00+00:00
[2024-06-10T19:43:28.072+0000] {processor.py:179} INFO - Processing /home/airflow/.local/lib/python3.8/site-packages/airflow/example_dags/example_xcom.py took 0.077 seconds
[2024-06-10T19:43:58.885+0000] {processor.py:157} INFO - Started process (PID=2818) to work on /home/airflow/.local/lib/python3.8/site-packages/airflow/example_dags/example_xcom.py
[2024-06-10T19:43:58.886+0000] {processor.py:829} INFO - Processing file /home/airflow/.local/lib/python3.8/site-packages/airflow/example_dags/example_xcom.py for tasks to queue
[2024-06-10T19:43:58.887+0000] {logging_mixin.py:151} INFO - [2024-06-10T19:43:58.886+0000] {dagbag.py:539} INFO - Filling up the DagBag from /home/airflow/.local/lib/python3.8/site-packages/airflow/example_dags/example_xcom.py
[2024-06-10T19:43:58.896+0000] {processor.py:839} INFO - DAG(s) dict_keys(['example_xcom']) retrieved from /home/airflow/.local/lib/python3.8/site-packages/airflow/example_dags/example_xcom.py
[2024-06-10T19:43:58.917+0000] {logging_mixin.py:151} INFO - [2024-06-10T19:43:58.917+0000] {dag.py:2915} INFO - Sync 1 DAGs
[2024-06-10T19:43:58.939+0000] {logging_mixin.py:151} INFO - [2024-06-10T19:43:58.939+0000] {dag.py:3696} INFO - Setting next_dagrun for example_xcom to 2021-01-01T00:00:00+00:00, run_after=2021-01-01T00:00:00+00:00
[2024-06-10T19:43:58.957+0000] {processor.py:179} INFO - Processing /home/airflow/.local/lib/python3.8/site-packages/airflow/example_dags/example_xcom.py took 0.076 seconds
[2024-06-10T19:44:29.576+0000] {processor.py:157} INFO - Started process (PID=3056) to work on /home/airflow/.local/lib/python3.8/site-packages/airflow/example_dags/example_xcom.py
[2024-06-10T19:44:29.577+0000] {processor.py:829} INFO - Processing file /home/airflow/.local/lib/python3.8/site-packages/airflow/example_dags/example_xcom.py for tasks to queue
[2024-06-10T19:44:29.577+0000] {logging_mixin.py:151} INFO - [2024-06-10T19:44:29.577+0000] {dagbag.py:539} INFO - Filling up the DagBag from /home/airflow/.local/lib/python3.8/site-packages/airflow/example_dags/example_xcom.py
[2024-06-10T19:44:29.584+0000] {processor.py:839} INFO - DAG(s) dict_keys(['example_xcom']) retrieved from /home/airflow/.local/lib/python3.8/site-packages/airflow/example_dags/example_xcom.py
[2024-06-10T19:44:29.604+0000] {logging_mixin.py:151} INFO - [2024-06-10T19:44:29.604+0000] {dag.py:2915} INFO - Sync 1 DAGs
[2024-06-10T19:44:29.626+0000] {logging_mixin.py:151} INFO - [2024-06-10T19:44:29.626+0000] {dag.py:3696} INFO - Setting next_dagrun for example_xcom to 2021-01-01T00:00:00+00:00, run_after=2021-01-01T00:00:00+00:00
[2024-06-10T19:44:29.643+0000] {processor.py:179} INFO - Processing /home/airflow/.local/lib/python3.8/site-packages/airflow/example_dags/example_xcom.py took 0.071 seconds
[2024-06-10T19:45:00.403+0000] {processor.py:157} INFO - Started process (PID=3294) to work on /home/airflow/.local/lib/python3.8/site-packages/airflow/example_dags/example_xcom.py
[2024-06-10T19:45:00.404+0000] {processor.py:829} INFO - Processing file /home/airflow/.local/lib/python3.8/site-packages/airflow/example_dags/example_xcom.py for tasks to queue
[2024-06-10T19:45:00.405+0000] {logging_mixin.py:151} INFO - [2024-06-10T19:45:00.404+0000] {dagbag.py:539} INFO - Filling up the DagBag from /home/airflow/.local/lib/python3.8/site-packages/airflow/example_dags/example_xcom.py
[2024-06-10T19:45:00.411+0000] {processor.py:839} INFO - DAG(s) dict_keys(['example_xcom']) retrieved from /home/airflow/.local/lib/python3.8/site-packages/airflow/example_dags/example_xcom.py
[2024-06-10T19:45:00.431+0000] {logging_mixin.py:151} INFO - [2024-06-10T19:45:00.430+0000] {dag.py:2915} INFO - Sync 1 DAGs
[2024-06-10T19:45:00.452+0000] {logging_mixin.py:151} INFO - [2024-06-10T19:45:00.452+0000] {dag.py:3696} INFO - Setting next_dagrun for example_xcom to 2021-01-01T00:00:00+00:00, run_after=2021-01-01T00:00:00+00:00
[2024-06-10T19:45:00.468+0000] {processor.py:179} INFO - Processing /home/airflow/.local/lib/python3.8/site-packages/airflow/example_dags/example_xcom.py took 0.068 seconds
[2024-06-10T19:45:31.300+0000] {processor.py:157} INFO - Started process (PID=3532) to work on /home/airflow/.local/lib/python3.8/site-packages/airflow/example_dags/example_xcom.py
[2024-06-10T19:45:31.301+0000] {processor.py:829} INFO - Processing file /home/airflow/.local/lib/python3.8/site-packages/airflow/example_dags/example_xcom.py for tasks to queue
[2024-06-10T19:45:31.302+0000] {logging_mixin.py:151} INFO - [2024-06-10T19:45:31.302+0000] {dagbag.py:539} INFO - Filling up the DagBag from /home/airflow/.local/lib/python3.8/site-packages/airflow/example_dags/example_xcom.py
[2024-06-10T19:45:31.309+0000] {processor.py:839} INFO - DAG(s) dict_keys(['example_xcom']) retrieved from /home/airflow/.local/lib/python3.8/site-packages/airflow/example_dags/example_xcom.py
[2024-06-10T19:45:31.335+0000] {logging_mixin.py:151} INFO - [2024-06-10T19:45:31.334+0000] {dag.py:2915} INFO - Sync 1 DAGs
[2024-06-10T19:45:31.357+0000] {logging_mixin.py:151} INFO - [2024-06-10T19:45:31.357+0000] {dag.py:3696} INFO - Setting next_dagrun for example_xcom to 2021-01-01T00:00:00+00:00, run_after=2021-01-01T00:00:00+00:00
[2024-06-10T19:45:31.373+0000] {processor.py:179} INFO - Processing /home/airflow/.local/lib/python3.8/site-packages/airflow/example_dags/example_xcom.py took 0.076 seconds
[2024-06-10T19:46:01.935+0000] {processor.py:157} INFO - Started process (PID=3771) to work on /home/airflow/.local/lib/python3.8/site-packages/airflow/example_dags/example_xcom.py
[2024-06-10T19:46:01.935+0000] {processor.py:829} INFO - Processing file /home/airflow/.local/lib/python3.8/site-packages/airflow/example_dags/example_xcom.py for tasks to queue
[2024-06-10T19:46:01.936+0000] {logging_mixin.py:151} INFO - [2024-06-10T19:46:01.936+0000] {dagbag.py:539} INFO - Filling up the DagBag from /home/airflow/.local/lib/python3.8/site-packages/airflow/example_dags/example_xcom.py
[2024-06-10T19:46:01.943+0000] {processor.py:839} INFO - DAG(s) dict_keys(['example_xcom']) retrieved from /home/airflow/.local/lib/python3.8/site-packages/airflow/example_dags/example_xcom.py
[2024-06-10T19:46:01.965+0000] {logging_mixin.py:151} INFO - [2024-06-10T19:46:01.964+0000] {dag.py:2915} INFO - Sync 1 DAGs
[2024-06-10T19:46:01.987+0000] {logging_mixin.py:151} INFO - [2024-06-10T19:46:01.987+0000] {dag.py:3696} INFO - Setting next_dagrun for example_xcom to 2021-01-01T00:00:00+00:00, run_after=2021-01-01T00:00:00+00:00
[2024-06-10T19:46:02.006+0000] {processor.py:179} INFO - Processing /home/airflow/.local/lib/python3.8/site-packages/airflow/example_dags/example_xcom.py took 0.074 seconds
[2024-06-10T19:46:32.581+0000] {processor.py:157} INFO - Started process (PID=4009) to work on /home/airflow/.local/lib/python3.8/site-packages/airflow/example_dags/example_xcom.py
[2024-06-10T19:46:32.582+0000] {processor.py:829} INFO - Processing file /home/airflow/.local/lib/python3.8/site-packages/airflow/example_dags/example_xcom.py for tasks to queue
[2024-06-10T19:46:32.582+0000] {logging_mixin.py:151} INFO - [2024-06-10T19:46:32.582+0000] {dagbag.py:539} INFO - Filling up the DagBag from /home/airflow/.local/lib/python3.8/site-packages/airflow/example_dags/example_xcom.py
[2024-06-10T19:46:32.589+0000] {processor.py:839} INFO - DAG(s) dict_keys(['example_xcom']) retrieved from /home/airflow/.local/lib/python3.8/site-packages/airflow/example_dags/example_xcom.py
[2024-06-10T19:46:32.615+0000] {logging_mixin.py:151} INFO - [2024-06-10T19:46:32.615+0000] {dag.py:2915} INFO - Sync 1 DAGs
[2024-06-10T19:46:32.638+0000] {logging_mixin.py:151} INFO - [2024-06-10T19:46:32.638+0000] {dag.py:3696} INFO - Setting next_dagrun for example_xcom to 2021-01-01T00:00:00+00:00, run_after=2021-01-01T00:00:00+00:00
[2024-06-10T19:46:32.655+0000] {processor.py:179} INFO - Processing /home/airflow/.local/lib/python3.8/site-packages/airflow/example_dags/example_xcom.py took 0.077 seconds
[2024-06-10T19:47:03.374+0000] {processor.py:157} INFO - Started process (PID=4248) to work on /home/airflow/.local/lib/python3.8/site-packages/airflow/example_dags/example_xcom.py
[2024-06-10T19:47:03.375+0000] {processor.py:829} INFO - Processing file /home/airflow/.local/lib/python3.8/site-packages/airflow/example_dags/example_xcom.py for tasks to queue
[2024-06-10T19:47:03.376+0000] {logging_mixin.py:151} INFO - [2024-06-10T19:47:03.375+0000] {dagbag.py:539} INFO - Filling up the DagBag from /home/airflow/.local/lib/python3.8/site-packages/airflow/example_dags/example_xcom.py
[2024-06-10T19:47:03.383+0000] {processor.py:839} INFO - DAG(s) dict_keys(['example_xcom']) retrieved from /home/airflow/.local/lib/python3.8/site-packages/airflow/example_dags/example_xcom.py
[2024-06-10T19:47:03.403+0000] {logging_mixin.py:151} INFO - [2024-06-10T19:47:03.403+0000] {dag.py:2915} INFO - Sync 1 DAGs
[2024-06-10T19:47:03.424+0000] {logging_mixin.py:151} INFO - [2024-06-10T19:47:03.424+0000] {dag.py:3696} INFO - Setting next_dagrun for example_xcom to 2021-01-01T00:00:00+00:00, run_after=2021-01-01T00:00:00+00:00
[2024-06-10T19:47:03.442+0000] {processor.py:179} INFO - Processing /home/airflow/.local/lib/python3.8/site-packages/airflow/example_dags/example_xcom.py took 0.071 seconds
[2024-06-10T19:47:34.095+0000] {processor.py:157} INFO - Started process (PID=4486) to work on /home/airflow/.local/lib/python3.8/site-packages/airflow/example_dags/example_xcom.py
[2024-06-10T19:47:34.096+0000] {processor.py:829} INFO - Processing file /home/airflow/.local/lib/python3.8/site-packages/airflow/example_dags/example_xcom.py for tasks to queue
[2024-06-10T19:47:34.097+0000] {logging_mixin.py:151} INFO - [2024-06-10T19:47:34.097+0000] {dagbag.py:539} INFO - Filling up the DagBag from /home/airflow/.local/lib/python3.8/site-packages/airflow/example_dags/example_xcom.py
[2024-06-10T19:47:34.106+0000] {processor.py:839} INFO - DAG(s) dict_keys(['example_xcom']) retrieved from /home/airflow/.local/lib/python3.8/site-packages/airflow/example_dags/example_xcom.py
[2024-06-10T19:47:34.128+0000] {logging_mixin.py:151} INFO - [2024-06-10T19:47:34.128+0000] {dag.py:2915} INFO - Sync 1 DAGs
[2024-06-10T19:47:34.149+0000] {logging_mixin.py:151} INFO - [2024-06-10T19:47:34.149+0000] {dag.py:3696} INFO - Setting next_dagrun for example_xcom to 2021-01-01T00:00:00+00:00, run_after=2021-01-01T00:00:00+00:00
[2024-06-10T19:47:34.166+0000] {processor.py:179} INFO - Processing /home/airflow/.local/lib/python3.8/site-packages/airflow/example_dags/example_xcom.py took 0.074 seconds
[2024-06-10T19:48:04.888+0000] {processor.py:157} INFO - Started process (PID=4726) to work on /home/airflow/.local/lib/python3.8/site-packages/airflow/example_dags/example_xcom.py
[2024-06-10T19:48:04.889+0000] {processor.py:829} INFO - Processing file /home/airflow/.local/lib/python3.8/site-packages/airflow/example_dags/example_xcom.py for tasks to queue
[2024-06-10T19:48:04.889+0000] {logging_mixin.py:151} INFO - [2024-06-10T19:48:04.889+0000] {dagbag.py:539} INFO - Filling up the DagBag from /home/airflow/.local/lib/python3.8/site-packages/airflow/example_dags/example_xcom.py
[2024-06-10T19:48:04.896+0000] {processor.py:839} INFO - DAG(s) dict_keys(['example_xcom']) retrieved from /home/airflow/.local/lib/python3.8/site-packages/airflow/example_dags/example_xcom.py
[2024-06-10T19:48:04.916+0000] {logging_mixin.py:151} INFO - [2024-06-10T19:48:04.916+0000] {dag.py:2915} INFO - Sync 1 DAGs
[2024-06-10T19:48:04.936+0000] {logging_mixin.py:151} INFO - [2024-06-10T19:48:04.936+0000] {dag.py:3696} INFO - Setting next_dagrun for example_xcom to 2021-01-01T00:00:00+00:00, run_after=2021-01-01T00:00:00+00:00
[2024-06-10T19:48:04.954+0000] {processor.py:179} INFO - Processing /home/airflow/.local/lib/python3.8/site-packages/airflow/example_dags/example_xcom.py took 0.068 seconds
[2024-06-10T19:48:35.236+0000] {processor.py:157} INFO - Started process (PID=4962) to work on /home/airflow/.local/lib/python3.8/site-packages/airflow/example_dags/example_xcom.py
[2024-06-10T19:48:35.237+0000] {processor.py:829} INFO - Processing file /home/airflow/.local/lib/python3.8/site-packages/airflow/example_dags/example_xcom.py for tasks to queue
[2024-06-10T19:48:35.238+0000] {logging_mixin.py:151} INFO - [2024-06-10T19:48:35.237+0000] {dagbag.py:539} INFO - Filling up the DagBag from /home/airflow/.local/lib/python3.8/site-packages/airflow/example_dags/example_xcom.py
[2024-06-10T19:48:35.245+0000] {processor.py:839} INFO - DAG(s) dict_keys(['example_xcom']) retrieved from /home/airflow/.local/lib/python3.8/site-packages/airflow/example_dags/example_xcom.py
[2024-06-10T19:48:35.265+0000] {logging_mixin.py:151} INFO - [2024-06-10T19:48:35.265+0000] {dag.py:2915} INFO - Sync 1 DAGs
[2024-06-10T19:48:35.288+0000] {logging_mixin.py:151} INFO - [2024-06-10T19:48:35.288+0000] {dag.py:3696} INFO - Setting next_dagrun for example_xcom to 2021-01-01T00:00:00+00:00, run_after=2021-01-01T00:00:00+00:00
[2024-06-10T19:48:35.305+0000] {processor.py:179} INFO - Processing /home/airflow/.local/lib/python3.8/site-packages/airflow/example_dags/example_xcom.py took 0.072 seconds
[2024-06-10T19:49:05.548+0000] {processor.py:157} INFO - Started process (PID=5200) to work on /home/airflow/.local/lib/python3.8/site-packages/airflow/example_dags/example_xcom.py
[2024-06-10T19:49:05.548+0000] {processor.py:829} INFO - Processing file /home/airflow/.local/lib/python3.8/site-packages/airflow/example_dags/example_xcom.py for tasks to queue
[2024-06-10T19:49:05.549+0000] {logging_mixin.py:151} INFO - [2024-06-10T19:49:05.549+0000] {dagbag.py:539} INFO - Filling up the DagBag from /home/airflow/.local/lib/python3.8/site-packages/airflow/example_dags/example_xcom.py
[2024-06-10T19:49:05.556+0000] {processor.py:839} INFO - DAG(s) dict_keys(['example_xcom']) retrieved from /home/airflow/.local/lib/python3.8/site-packages/airflow/example_dags/example_xcom.py
[2024-06-10T19:49:05.578+0000] {logging_mixin.py:151} INFO - [2024-06-10T19:49:05.578+0000] {dag.py:2915} INFO - Sync 1 DAGs
[2024-06-10T19:49:05.600+0000] {logging_mixin.py:151} INFO - [2024-06-10T19:49:05.600+0000] {dag.py:3696} INFO - Setting next_dagrun for example_xcom to 2021-01-01T00:00:00+00:00, run_after=2021-01-01T00:00:00+00:00
[2024-06-10T19:49:05.617+0000] {processor.py:179} INFO - Processing /home/airflow/.local/lib/python3.8/site-packages/airflow/example_dags/example_xcom.py took 0.073 seconds
[2024-06-10T19:49:35.910+0000] {processor.py:157} INFO - Started process (PID=5438) to work on /home/airflow/.local/lib/python3.8/site-packages/airflow/example_dags/example_xcom.py
[2024-06-10T19:49:35.911+0000] {processor.py:829} INFO - Processing file /home/airflow/.local/lib/python3.8/site-packages/airflow/example_dags/example_xcom.py for tasks to queue
[2024-06-10T19:49:35.912+0000] {logging_mixin.py:151} INFO - [2024-06-10T19:49:35.911+0000] {dagbag.py:539} INFO - Filling up the DagBag from /home/airflow/.local/lib/python3.8/site-packages/airflow/example_dags/example_xcom.py
[2024-06-10T19:49:35.919+0000] {processor.py:839} INFO - DAG(s) dict_keys(['example_xcom']) retrieved from /home/airflow/.local/lib/python3.8/site-packages/airflow/example_dags/example_xcom.py
[2024-06-10T19:49:35.945+0000] {logging_mixin.py:151} INFO - [2024-06-10T19:49:35.945+0000] {dag.py:2915} INFO - Sync 1 DAGs
[2024-06-10T19:49:35.966+0000] {logging_mixin.py:151} INFO - [2024-06-10T19:49:35.965+0000] {dag.py:3696} INFO - Setting next_dagrun for example_xcom to 2021-01-01T00:00:00+00:00, run_after=2021-01-01T00:00:00+00:00
[2024-06-10T19:49:35.983+0000] {processor.py:179} INFO - Processing /home/airflow/.local/lib/python3.8/site-packages/airflow/example_dags/example_xcom.py took 0.076 seconds
[2024-06-10T19:50:06.063+0000] {processor.py:157} INFO - Started process (PID=5676) to work on /home/airflow/.local/lib/python3.8/site-packages/airflow/example_dags/example_xcom.py
[2024-06-10T19:50:06.064+0000] {processor.py:829} INFO - Processing file /home/airflow/.local/lib/python3.8/site-packages/airflow/example_dags/example_xcom.py for tasks to queue
[2024-06-10T19:50:06.065+0000] {logging_mixin.py:151} INFO - [2024-06-10T19:50:06.064+0000] {dagbag.py:539} INFO - Filling up the DagBag from /home/airflow/.local/lib/python3.8/site-packages/airflow/example_dags/example_xcom.py
[2024-06-10T19:50:06.072+0000] {processor.py:839} INFO - DAG(s) dict_keys(['example_xcom']) retrieved from /home/airflow/.local/lib/python3.8/site-packages/airflow/example_dags/example_xcom.py
[2024-06-10T19:50:06.094+0000] {logging_mixin.py:151} INFO - [2024-06-10T19:50:06.093+0000] {dag.py:2915} INFO - Sync 1 DAGs
[2024-06-10T19:50:06.117+0000] {logging_mixin.py:151} INFO - [2024-06-10T19:50:06.117+0000] {dag.py:3696} INFO - Setting next_dagrun for example_xcom to 2021-01-01T00:00:00+00:00, run_after=2021-01-01T00:00:00+00:00
[2024-06-10T19:50:06.137+0000] {processor.py:179} INFO - Processing /home/airflow/.local/lib/python3.8/site-packages/airflow/example_dags/example_xcom.py took 0.077 seconds
[2024-06-10T19:50:36.204+0000] {processor.py:157} INFO - Started process (PID=5914) to work on /home/airflow/.local/lib/python3.8/site-packages/airflow/example_dags/example_xcom.py
[2024-06-10T19:50:36.205+0000] {processor.py:829} INFO - Processing file /home/airflow/.local/lib/python3.8/site-packages/airflow/example_dags/example_xcom.py for tasks to queue
[2024-06-10T19:50:36.205+0000] {logging_mixin.py:151} INFO - [2024-06-10T19:50:36.205+0000] {dagbag.py:539} INFO - Filling up the DagBag from /home/airflow/.local/lib/python3.8/site-packages/airflow/example_dags/example_xcom.py
[2024-06-10T19:50:36.212+0000] {processor.py:839} INFO - DAG(s) dict_keys(['example_xcom']) retrieved from /home/airflow/.local/lib/python3.8/site-packages/airflow/example_dags/example_xcom.py
[2024-06-10T19:50:36.233+0000] {logging_mixin.py:151} INFO - [2024-06-10T19:50:36.233+0000] {dag.py:2915} INFO - Sync 1 DAGs
[2024-06-10T19:50:36.255+0000] {logging_mixin.py:151} INFO - [2024-06-10T19:50:36.255+0000] {dag.py:3696} INFO - Setting next_dagrun for example_xcom to 2021-01-01T00:00:00+00:00, run_after=2021-01-01T00:00:00+00:00
[2024-06-10T19:50:36.272+0000] {processor.py:179} INFO - Processing /home/airflow/.local/lib/python3.8/site-packages/airflow/example_dags/example_xcom.py took 0.071 seconds
[2024-06-10T19:51:06.436+0000] {processor.py:157} INFO - Started process (PID=6148) to work on /home/airflow/.local/lib/python3.8/site-packages/airflow/example_dags/example_xcom.py
[2024-06-10T19:51:06.437+0000] {processor.py:829} INFO - Processing file /home/airflow/.local/lib/python3.8/site-packages/airflow/example_dags/example_xcom.py for tasks to queue
[2024-06-10T19:51:06.438+0000] {logging_mixin.py:151} INFO - [2024-06-10T19:51:06.438+0000] {dagbag.py:539} INFO - Filling up the DagBag from /home/airflow/.local/lib/python3.8/site-packages/airflow/example_dags/example_xcom.py
[2024-06-10T19:51:06.447+0000] {processor.py:839} INFO - DAG(s) dict_keys(['example_xcom']) retrieved from /home/airflow/.local/lib/python3.8/site-packages/airflow/example_dags/example_xcom.py
[2024-06-10T19:51:06.472+0000] {logging_mixin.py:151} INFO - [2024-06-10T19:51:06.472+0000] {dag.py:2915} INFO - Sync 1 DAGs
[2024-06-10T19:51:06.500+0000] {logging_mixin.py:151} INFO - [2024-06-10T19:51:06.500+0000] {dag.py:3696} INFO - Setting next_dagrun for example_xcom to 2021-01-01T00:00:00+00:00, run_after=2021-01-01T00:00:00+00:00
[2024-06-10T19:51:06.519+0000] {processor.py:179} INFO - Processing /home/airflow/.local/lib/python3.8/site-packages/airflow/example_dags/example_xcom.py took 0.086 seconds
[2024-06-10T19:51:37.431+0000] {processor.py:157} INFO - Started process (PID=6388) to work on /home/airflow/.local/lib/python3.8/site-packages/airflow/example_dags/example_xcom.py
[2024-06-10T19:51:37.432+0000] {processor.py:829} INFO - Processing file /home/airflow/.local/lib/python3.8/site-packages/airflow/example_dags/example_xcom.py for tasks to queue
[2024-06-10T19:51:37.433+0000] {logging_mixin.py:151} INFO - [2024-06-10T19:51:37.432+0000] {dagbag.py:539} INFO - Filling up the DagBag from /home/airflow/.local/lib/python3.8/site-packages/airflow/example_dags/example_xcom.py
[2024-06-10T19:51:37.440+0000] {processor.py:839} INFO - DAG(s) dict_keys(['example_xcom']) retrieved from /home/airflow/.local/lib/python3.8/site-packages/airflow/example_dags/example_xcom.py
[2024-06-10T19:51:37.460+0000] {logging_mixin.py:151} INFO - [2024-06-10T19:51:37.460+0000] {dag.py:2915} INFO - Sync 1 DAGs
[2024-06-10T19:51:37.482+0000] {logging_mixin.py:151} INFO - [2024-06-10T19:51:37.482+0000] {dag.py:3696} INFO - Setting next_dagrun for example_xcom to 2021-01-01T00:00:00+00:00, run_after=2021-01-01T00:00:00+00:00
[2024-06-10T19:51:37.498+0000] {processor.py:179} INFO - Processing /home/airflow/.local/lib/python3.8/site-packages/airflow/example_dags/example_xcom.py took 0.071 seconds
[2024-06-10T19:52:07.839+0000] {processor.py:157} INFO - Started process (PID=6625) to work on /home/airflow/.local/lib/python3.8/site-packages/airflow/example_dags/example_xcom.py
[2024-06-10T19:52:07.839+0000] {processor.py:829} INFO - Processing file /home/airflow/.local/lib/python3.8/site-packages/airflow/example_dags/example_xcom.py for tasks to queue
[2024-06-10T19:52:07.840+0000] {logging_mixin.py:151} INFO - [2024-06-10T19:52:07.840+0000] {dagbag.py:539} INFO - Filling up the DagBag from /home/airflow/.local/lib/python3.8/site-packages/airflow/example_dags/example_xcom.py
[2024-06-10T19:52:07.847+0000] {processor.py:839} INFO - DAG(s) dict_keys(['example_xcom']) retrieved from /home/airflow/.local/lib/python3.8/site-packages/airflow/example_dags/example_xcom.py
[2024-06-10T19:52:07.867+0000] {logging_mixin.py:151} INFO - [2024-06-10T19:52:07.866+0000] {dag.py:2915} INFO - Sync 1 DAGs
[2024-06-10T19:52:07.888+0000] {logging_mixin.py:151} INFO - [2024-06-10T19:52:07.888+0000] {dag.py:3696} INFO - Setting next_dagrun for example_xcom to 2021-01-01T00:00:00+00:00, run_after=2021-01-01T00:00:00+00:00
[2024-06-10T19:52:07.906+0000] {processor.py:179} INFO - Processing /home/airflow/.local/lib/python3.8/site-packages/airflow/example_dags/example_xcom.py took 0.070 seconds
[2024-06-10T19:52:38.356+0000] {processor.py:157} INFO - Started process (PID=6864) to work on /home/airflow/.local/lib/python3.8/site-packages/airflow/example_dags/example_xcom.py
[2024-06-10T19:52:38.357+0000] {processor.py:829} INFO - Processing file /home/airflow/.local/lib/python3.8/site-packages/airflow/example_dags/example_xcom.py for tasks to queue
[2024-06-10T19:52:38.358+0000] {logging_mixin.py:151} INFO - [2024-06-10T19:52:38.357+0000] {dagbag.py:539} INFO - Filling up the DagBag from /home/airflow/.local/lib/python3.8/site-packages/airflow/example_dags/example_xcom.py
[2024-06-10T19:52:38.364+0000] {processor.py:839} INFO - DAG(s) dict_keys(['example_xcom']) retrieved from /home/airflow/.local/lib/python3.8/site-packages/airflow/example_dags/example_xcom.py
[2024-06-10T19:52:38.385+0000] {logging_mixin.py:151} INFO - [2024-06-10T19:52:38.384+0000] {dag.py:2915} INFO - Sync 1 DAGs
[2024-06-10T19:52:38.406+0000] {logging_mixin.py:151} INFO - [2024-06-10T19:52:38.405+0000] {dag.py:3696} INFO - Setting next_dagrun for example_xcom to 2021-01-01T00:00:00+00:00, run_after=2021-01-01T00:00:00+00:00
[2024-06-10T19:52:38.423+0000] {processor.py:179} INFO - Processing /home/airflow/.local/lib/python3.8/site-packages/airflow/example_dags/example_xcom.py took 0.069 seconds
[2024-06-10T19:53:08.888+0000] {processor.py:157} INFO - Started process (PID=7101) to work on /home/airflow/.local/lib/python3.8/site-packages/airflow/example_dags/example_xcom.py
[2024-06-10T19:53:08.889+0000] {processor.py:829} INFO - Processing file /home/airflow/.local/lib/python3.8/site-packages/airflow/example_dags/example_xcom.py for tasks to queue
[2024-06-10T19:53:08.890+0000] {logging_mixin.py:151} INFO - [2024-06-10T19:53:08.890+0000] {dagbag.py:539} INFO - Filling up the DagBag from /home/airflow/.local/lib/python3.8/site-packages/airflow/example_dags/example_xcom.py
[2024-06-10T19:53:08.899+0000] {processor.py:839} INFO - DAG(s) dict_keys(['example_xcom']) retrieved from /home/airflow/.local/lib/python3.8/site-packages/airflow/example_dags/example_xcom.py
[2024-06-10T19:53:08.920+0000] {logging_mixin.py:151} INFO - [2024-06-10T19:53:08.919+0000] {dag.py:2915} INFO - Sync 1 DAGs
[2024-06-10T19:53:08.941+0000] {logging_mixin.py:151} INFO - [2024-06-10T19:53:08.941+0000] {dag.py:3696} INFO - Setting next_dagrun for example_xcom to 2021-01-01T00:00:00+00:00, run_after=2021-01-01T00:00:00+00:00
[2024-06-10T19:53:08.958+0000] {processor.py:179} INFO - Processing /home/airflow/.local/lib/python3.8/site-packages/airflow/example_dags/example_xcom.py took 0.073 seconds
[2024-06-10T19:53:39.092+0000] {processor.py:157} INFO - Started process (PID=7339) to work on /home/airflow/.local/lib/python3.8/site-packages/airflow/example_dags/example_xcom.py
[2024-06-10T19:53:39.093+0000] {processor.py:829} INFO - Processing file /home/airflow/.local/lib/python3.8/site-packages/airflow/example_dags/example_xcom.py for tasks to queue
[2024-06-10T19:53:39.094+0000] {logging_mixin.py:151} INFO - [2024-06-10T19:53:39.094+0000] {dagbag.py:539} INFO - Filling up the DagBag from /home/airflow/.local/lib/python3.8/site-packages/airflow/example_dags/example_xcom.py
[2024-06-10T19:53:39.101+0000] {processor.py:839} INFO - DAG(s) dict_keys(['example_xcom']) retrieved from /home/airflow/.local/lib/python3.8/site-packages/airflow/example_dags/example_xcom.py
[2024-06-10T19:53:39.124+0000] {logging_mixin.py:151} INFO - [2024-06-10T19:53:39.124+0000] {dag.py:2915} INFO - Sync 1 DAGs
[2024-06-10T19:53:39.149+0000] {logging_mixin.py:151} INFO - [2024-06-10T19:53:39.149+0000] {dag.py:3696} INFO - Setting next_dagrun for example_xcom to 2021-01-01T00:00:00+00:00, run_after=2021-01-01T00:00:00+00:00
[2024-06-10T19:53:39.169+0000] {processor.py:179} INFO - Processing /home/airflow/.local/lib/python3.8/site-packages/airflow/example_dags/example_xcom.py took 0.079 seconds
[2024-06-10T19:54:09.317+0000] {processor.py:157} INFO - Started process (PID=7577) to work on /home/airflow/.local/lib/python3.8/site-packages/airflow/example_dags/example_xcom.py
[2024-06-10T19:54:09.318+0000] {processor.py:829} INFO - Processing file /home/airflow/.local/lib/python3.8/site-packages/airflow/example_dags/example_xcom.py for tasks to queue
[2024-06-10T19:54:09.319+0000] {logging_mixin.py:151} INFO - [2024-06-10T19:54:09.319+0000] {dagbag.py:539} INFO - Filling up the DagBag from /home/airflow/.local/lib/python3.8/site-packages/airflow/example_dags/example_xcom.py
[2024-06-10T19:54:09.326+0000] {processor.py:839} INFO - DAG(s) dict_keys(['example_xcom']) retrieved from /home/airflow/.local/lib/python3.8/site-packages/airflow/example_dags/example_xcom.py
[2024-06-10T19:54:09.352+0000] {logging_mixin.py:151} INFO - [2024-06-10T19:54:09.352+0000] {dag.py:2915} INFO - Sync 1 DAGs
[2024-06-10T19:54:09.380+0000] {logging_mixin.py:151} INFO - [2024-06-10T19:54:09.380+0000] {dag.py:3696} INFO - Setting next_dagrun for example_xcom to 2021-01-01T00:00:00+00:00, run_after=2021-01-01T00:00:00+00:00
[2024-06-10T19:54:09.403+0000] {processor.py:179} INFO - Processing /home/airflow/.local/lib/python3.8/site-packages/airflow/example_dags/example_xcom.py took 0.089 seconds
[2024-06-10T19:54:39.475+0000] {processor.py:157} INFO - Started process (PID=7815) to work on /home/airflow/.local/lib/python3.8/site-packages/airflow/example_dags/example_xcom.py
[2024-06-10T19:54:39.476+0000] {processor.py:829} INFO - Processing file /home/airflow/.local/lib/python3.8/site-packages/airflow/example_dags/example_xcom.py for tasks to queue
[2024-06-10T19:54:39.477+0000] {logging_mixin.py:151} INFO - [2024-06-10T19:54:39.476+0000] {dagbag.py:539} INFO - Filling up the DagBag from /home/airflow/.local/lib/python3.8/site-packages/airflow/example_dags/example_xcom.py
[2024-06-10T19:54:39.484+0000] {processor.py:839} INFO - DAG(s) dict_keys(['example_xcom']) retrieved from /home/airflow/.local/lib/python3.8/site-packages/airflow/example_dags/example_xcom.py
[2024-06-10T19:54:39.505+0000] {logging_mixin.py:151} INFO - [2024-06-10T19:54:39.504+0000] {dag.py:2915} INFO - Sync 1 DAGs
[2024-06-10T19:54:39.526+0000] {logging_mixin.py:151} INFO - [2024-06-10T19:54:39.526+0000] {dag.py:3696} INFO - Setting next_dagrun for example_xcom to 2021-01-01T00:00:00+00:00, run_after=2021-01-01T00:00:00+00:00
[2024-06-10T19:54:39.542+0000] {processor.py:179} INFO - Processing /home/airflow/.local/lib/python3.8/site-packages/airflow/example_dags/example_xcom.py took 0.070 seconds
[2024-06-10T19:55:10.118+0000] {processor.py:157} INFO - Started process (PID=8054) to work on /home/airflow/.local/lib/python3.8/site-packages/airflow/example_dags/example_xcom.py
[2024-06-10T19:55:10.119+0000] {processor.py:829} INFO - Processing file /home/airflow/.local/lib/python3.8/site-packages/airflow/example_dags/example_xcom.py for tasks to queue
[2024-06-10T19:55:10.120+0000] {logging_mixin.py:151} INFO - [2024-06-10T19:55:10.120+0000] {dagbag.py:539} INFO - Filling up the DagBag from /home/airflow/.local/lib/python3.8/site-packages/airflow/example_dags/example_xcom.py
[2024-06-10T19:55:10.128+0000] {processor.py:839} INFO - DAG(s) dict_keys(['example_xcom']) retrieved from /home/airflow/.local/lib/python3.8/site-packages/airflow/example_dags/example_xcom.py
[2024-06-10T19:55:10.151+0000] {logging_mixin.py:151} INFO - [2024-06-10T19:55:10.150+0000] {dag.py:2915} INFO - Sync 1 DAGs
[2024-06-10T19:55:10.176+0000] {logging_mixin.py:151} INFO - [2024-06-10T19:55:10.176+0000] {dag.py:3696} INFO - Setting next_dagrun for example_xcom to 2021-01-01T00:00:00+00:00, run_after=2021-01-01T00:00:00+00:00
[2024-06-10T19:55:10.198+0000] {processor.py:179} INFO - Processing /home/airflow/.local/lib/python3.8/site-packages/airflow/example_dags/example_xcom.py took 0.083 seconds
[2024-06-10T19:55:41.126+0000] {processor.py:157} INFO - Started process (PID=8292) to work on /home/airflow/.local/lib/python3.8/site-packages/airflow/example_dags/example_xcom.py
[2024-06-10T19:55:41.127+0000] {processor.py:829} INFO - Processing file /home/airflow/.local/lib/python3.8/site-packages/airflow/example_dags/example_xcom.py for tasks to queue
[2024-06-10T19:55:41.128+0000] {logging_mixin.py:151} INFO - [2024-06-10T19:55:41.127+0000] {dagbag.py:539} INFO - Filling up the DagBag from /home/airflow/.local/lib/python3.8/site-packages/airflow/example_dags/example_xcom.py
[2024-06-10T19:55:41.136+0000] {processor.py:839} INFO - DAG(s) dict_keys(['example_xcom']) retrieved from /home/airflow/.local/lib/python3.8/site-packages/airflow/example_dags/example_xcom.py
[2024-06-10T19:55:41.159+0000] {logging_mixin.py:151} INFO - [2024-06-10T19:55:41.158+0000] {dag.py:2915} INFO - Sync 1 DAGs
[2024-06-10T19:55:41.183+0000] {logging_mixin.py:151} INFO - [2024-06-10T19:55:41.183+0000] {dag.py:3696} INFO - Setting next_dagrun for example_xcom to 2021-01-01T00:00:00+00:00, run_after=2021-01-01T00:00:00+00:00
[2024-06-10T19:55:41.203+0000] {processor.py:179} INFO - Processing /home/airflow/.local/lib/python3.8/site-packages/airflow/example_dags/example_xcom.py took 0.080 seconds
[2024-06-10T19:56:12.196+0000] {processor.py:157} INFO - Started process (PID=8530) to work on /home/airflow/.local/lib/python3.8/site-packages/airflow/example_dags/example_xcom.py
[2024-06-10T19:56:12.197+0000] {processor.py:829} INFO - Processing file /home/airflow/.local/lib/python3.8/site-packages/airflow/example_dags/example_xcom.py for tasks to queue
[2024-06-10T19:56:12.197+0000] {logging_mixin.py:151} INFO - [2024-06-10T19:56:12.197+0000] {dagbag.py:539} INFO - Filling up the DagBag from /home/airflow/.local/lib/python3.8/site-packages/airflow/example_dags/example_xcom.py
[2024-06-10T19:56:12.206+0000] {processor.py:839} INFO - DAG(s) dict_keys(['example_xcom']) retrieved from /home/airflow/.local/lib/python3.8/site-packages/airflow/example_dags/example_xcom.py
[2024-06-10T19:56:12.234+0000] {logging_mixin.py:151} INFO - [2024-06-10T19:56:12.234+0000] {dag.py:2915} INFO - Sync 1 DAGs
[2024-06-10T19:56:12.267+0000] {logging_mixin.py:151} INFO - [2024-06-10T19:56:12.267+0000] {dag.py:3696} INFO - Setting next_dagrun for example_xcom to 2021-01-01T00:00:00+00:00, run_after=2021-01-01T00:00:00+00:00
[2024-06-10T19:56:12.292+0000] {processor.py:179} INFO - Processing /home/airflow/.local/lib/python3.8/site-packages/airflow/example_dags/example_xcom.py took 0.099 seconds
[2024-06-10T19:56:42.514+0000] {processor.py:157} INFO - Started process (PID=8768) to work on /home/airflow/.local/lib/python3.8/site-packages/airflow/example_dags/example_xcom.py
[2024-06-10T19:56:42.515+0000] {processor.py:829} INFO - Processing file /home/airflow/.local/lib/python3.8/site-packages/airflow/example_dags/example_xcom.py for tasks to queue
[2024-06-10T19:56:42.516+0000] {logging_mixin.py:151} INFO - [2024-06-10T19:56:42.515+0000] {dagbag.py:539} INFO - Filling up the DagBag from /home/airflow/.local/lib/python3.8/site-packages/airflow/example_dags/example_xcom.py
[2024-06-10T19:56:42.525+0000] {processor.py:839} INFO - DAG(s) dict_keys(['example_xcom']) retrieved from /home/airflow/.local/lib/python3.8/site-packages/airflow/example_dags/example_xcom.py
[2024-06-10T19:56:42.555+0000] {logging_mixin.py:151} INFO - [2024-06-10T19:56:42.555+0000] {dag.py:2915} INFO - Sync 1 DAGs
[2024-06-10T19:56:42.581+0000] {logging_mixin.py:151} INFO - [2024-06-10T19:56:42.581+0000] {dag.py:3696} INFO - Setting next_dagrun for example_xcom to 2021-01-01T00:00:00+00:00, run_after=2021-01-01T00:00:00+00:00
[2024-06-10T19:56:42.600+0000] {processor.py:179} INFO - Processing /home/airflow/.local/lib/python3.8/site-packages/airflow/example_dags/example_xcom.py took 0.089 seconds
[2024-06-10T19:57:12.917+0000] {processor.py:157} INFO - Started process (PID=9006) to work on /home/airflow/.local/lib/python3.8/site-packages/airflow/example_dags/example_xcom.py
[2024-06-10T19:57:12.918+0000] {processor.py:829} INFO - Processing file /home/airflow/.local/lib/python3.8/site-packages/airflow/example_dags/example_xcom.py for tasks to queue
[2024-06-10T19:57:12.918+0000] {logging_mixin.py:151} INFO - [2024-06-10T19:57:12.918+0000] {dagbag.py:539} INFO - Filling up the DagBag from /home/airflow/.local/lib/python3.8/site-packages/airflow/example_dags/example_xcom.py
[2024-06-10T19:57:12.929+0000] {processor.py:839} INFO - DAG(s) dict_keys(['example_xcom']) retrieved from /home/airflow/.local/lib/python3.8/site-packages/airflow/example_dags/example_xcom.py
[2024-06-10T19:57:12.950+0000] {logging_mixin.py:151} INFO - [2024-06-10T19:57:12.950+0000] {dag.py:2915} INFO - Sync 1 DAGs
[2024-06-10T19:57:12.975+0000] {logging_mixin.py:151} INFO - [2024-06-10T19:57:12.974+0000] {dag.py:3696} INFO - Setting next_dagrun for example_xcom to 2021-01-01T00:00:00+00:00, run_after=2021-01-01T00:00:00+00:00
[2024-06-10T19:57:12.992+0000] {processor.py:179} INFO - Processing /home/airflow/.local/lib/python3.8/site-packages/airflow/example_dags/example_xcom.py took 0.078 seconds
[2024-06-10T19:57:43.798+0000] {processor.py:157} INFO - Started process (PID=9243) to work on /home/airflow/.local/lib/python3.8/site-packages/airflow/example_dags/example_xcom.py
[2024-06-10T19:57:43.799+0000] {processor.py:829} INFO - Processing file /home/airflow/.local/lib/python3.8/site-packages/airflow/example_dags/example_xcom.py for tasks to queue
[2024-06-10T19:57:43.799+0000] {logging_mixin.py:151} INFO - [2024-06-10T19:57:43.799+0000] {dagbag.py:539} INFO - Filling up the DagBag from /home/airflow/.local/lib/python3.8/site-packages/airflow/example_dags/example_xcom.py
[2024-06-10T19:57:43.807+0000] {processor.py:839} INFO - DAG(s) dict_keys(['example_xcom']) retrieved from /home/airflow/.local/lib/python3.8/site-packages/airflow/example_dags/example_xcom.py
[2024-06-10T19:57:43.827+0000] {logging_mixin.py:151} INFO - [2024-06-10T19:57:43.827+0000] {dag.py:2915} INFO - Sync 1 DAGs
[2024-06-10T19:57:43.850+0000] {logging_mixin.py:151} INFO - [2024-06-10T19:57:43.849+0000] {dag.py:3696} INFO - Setting next_dagrun for example_xcom to 2021-01-01T00:00:00+00:00, run_after=2021-01-01T00:00:00+00:00
[2024-06-10T19:57:43.867+0000] {processor.py:179} INFO - Processing /home/airflow/.local/lib/python3.8/site-packages/airflow/example_dags/example_xcom.py took 0.072 seconds
[2024-06-10T19:58:14.638+0000] {processor.py:157} INFO - Started process (PID=9481) to work on /home/airflow/.local/lib/python3.8/site-packages/airflow/example_dags/example_xcom.py
[2024-06-10T19:58:14.639+0000] {processor.py:829} INFO - Processing file /home/airflow/.local/lib/python3.8/site-packages/airflow/example_dags/example_xcom.py for tasks to queue
[2024-06-10T19:58:14.640+0000] {logging_mixin.py:151} INFO - [2024-06-10T19:58:14.639+0000] {dagbag.py:539} INFO - Filling up the DagBag from /home/airflow/.local/lib/python3.8/site-packages/airflow/example_dags/example_xcom.py
[2024-06-10T19:58:14.647+0000] {processor.py:839} INFO - DAG(s) dict_keys(['example_xcom']) retrieved from /home/airflow/.local/lib/python3.8/site-packages/airflow/example_dags/example_xcom.py
[2024-06-10T19:58:14.668+0000] {logging_mixin.py:151} INFO - [2024-06-10T19:58:14.667+0000] {dag.py:2915} INFO - Sync 1 DAGs
[2024-06-10T19:58:14.689+0000] {logging_mixin.py:151} INFO - [2024-06-10T19:58:14.689+0000] {dag.py:3696} INFO - Setting next_dagrun for example_xcom to 2021-01-01T00:00:00+00:00, run_after=2021-01-01T00:00:00+00:00
[2024-06-10T19:58:14.712+0000] {processor.py:179} INFO - Processing /home/airflow/.local/lib/python3.8/site-packages/airflow/example_dags/example_xcom.py took 0.077 seconds
[2024-06-10T19:58:45.424+0000] {processor.py:157} INFO - Started process (PID=9720) to work on /home/airflow/.local/lib/python3.8/site-packages/airflow/example_dags/example_xcom.py
[2024-06-10T19:58:45.425+0000] {processor.py:829} INFO - Processing file /home/airflow/.local/lib/python3.8/site-packages/airflow/example_dags/example_xcom.py for tasks to queue
[2024-06-10T19:58:45.426+0000] {logging_mixin.py:151} INFO - [2024-06-10T19:58:45.425+0000] {dagbag.py:539} INFO - Filling up the DagBag from /home/airflow/.local/lib/python3.8/site-packages/airflow/example_dags/example_xcom.py
[2024-06-10T19:58:45.433+0000] {processor.py:839} INFO - DAG(s) dict_keys(['example_xcom']) retrieved from /home/airflow/.local/lib/python3.8/site-packages/airflow/example_dags/example_xcom.py
[2024-06-10T19:58:45.453+0000] {logging_mixin.py:151} INFO - [2024-06-10T19:58:45.453+0000] {dag.py:2915} INFO - Sync 1 DAGs
[2024-06-10T19:58:45.476+0000] {logging_mixin.py:151} INFO - [2024-06-10T19:58:45.476+0000] {dag.py:3696} INFO - Setting next_dagrun for example_xcom to 2021-01-01T00:00:00+00:00, run_after=2021-01-01T00:00:00+00:00
[2024-06-10T19:58:45.494+0000] {processor.py:179} INFO - Processing /home/airflow/.local/lib/python3.8/site-packages/airflow/example_dags/example_xcom.py took 0.073 seconds
[2024-06-10T19:59:16.326+0000] {processor.py:157} INFO - Started process (PID=9959) to work on /home/airflow/.local/lib/python3.8/site-packages/airflow/example_dags/example_xcom.py
[2024-06-10T19:59:16.327+0000] {processor.py:829} INFO - Processing file /home/airflow/.local/lib/python3.8/site-packages/airflow/example_dags/example_xcom.py for tasks to queue
[2024-06-10T19:59:16.328+0000] {logging_mixin.py:151} INFO - [2024-06-10T19:59:16.327+0000] {dagbag.py:539} INFO - Filling up the DagBag from /home/airflow/.local/lib/python3.8/site-packages/airflow/example_dags/example_xcom.py
[2024-06-10T19:59:16.335+0000] {processor.py:839} INFO - DAG(s) dict_keys(['example_xcom']) retrieved from /home/airflow/.local/lib/python3.8/site-packages/airflow/example_dags/example_xcom.py
[2024-06-10T19:59:16.357+0000] {logging_mixin.py:151} INFO - [2024-06-10T19:59:16.356+0000] {dag.py:2915} INFO - Sync 1 DAGs
[2024-06-10T19:59:16.380+0000] {logging_mixin.py:151} INFO - [2024-06-10T19:59:16.379+0000] {dag.py:3696} INFO - Setting next_dagrun for example_xcom to 2021-01-01T00:00:00+00:00, run_after=2021-01-01T00:00:00+00:00
[2024-06-10T19:59:16.400+0000] {processor.py:179} INFO - Processing /home/airflow/.local/lib/python3.8/site-packages/airflow/example_dags/example_xcom.py took 0.077 seconds
[2024-06-10T19:59:47.031+0000] {processor.py:157} INFO - Started process (PID=10204) to work on /home/airflow/.local/lib/python3.8/site-packages/airflow/example_dags/example_xcom.py
[2024-06-10T19:59:47.032+0000] {processor.py:829} INFO - Processing file /home/airflow/.local/lib/python3.8/site-packages/airflow/example_dags/example_xcom.py for tasks to queue
[2024-06-10T19:59:47.033+0000] {logging_mixin.py:151} INFO - [2024-06-10T19:59:47.033+0000] {dagbag.py:539} INFO - Filling up the DagBag from /home/airflow/.local/lib/python3.8/site-packages/airflow/example_dags/example_xcom.py
[2024-06-10T19:59:47.042+0000] {processor.py:839} INFO - DAG(s) dict_keys(['example_xcom']) retrieved from /home/airflow/.local/lib/python3.8/site-packages/airflow/example_dags/example_xcom.py
[2024-06-10T19:59:47.065+0000] {logging_mixin.py:151} INFO - [2024-06-10T19:59:47.064+0000] {dag.py:2915} INFO - Sync 1 DAGs
[2024-06-10T19:59:47.090+0000] {logging_mixin.py:151} INFO - [2024-06-10T19:59:47.090+0000] {dag.py:3696} INFO - Setting next_dagrun for example_xcom to 2021-01-01T00:00:00+00:00, run_after=2021-01-01T00:00:00+00:00
[2024-06-10T19:59:47.110+0000] {processor.py:179} INFO - Processing /home/airflow/.local/lib/python3.8/site-packages/airflow/example_dags/example_xcom.py took 0.082 seconds
[2024-06-10T20:00:17.825+0000] {processor.py:157} INFO - Started process (PID=10442) to work on /home/airflow/.local/lib/python3.8/site-packages/airflow/example_dags/example_xcom.py
[2024-06-10T20:00:17.826+0000] {processor.py:829} INFO - Processing file /home/airflow/.local/lib/python3.8/site-packages/airflow/example_dags/example_xcom.py for tasks to queue
[2024-06-10T20:00:17.827+0000] {logging_mixin.py:151} INFO - [2024-06-10T20:00:17.827+0000] {dagbag.py:539} INFO - Filling up the DagBag from /home/airflow/.local/lib/python3.8/site-packages/airflow/example_dags/example_xcom.py
[2024-06-10T20:00:17.835+0000] {processor.py:839} INFO - DAG(s) dict_keys(['example_xcom']) retrieved from /home/airflow/.local/lib/python3.8/site-packages/airflow/example_dags/example_xcom.py
[2024-06-10T20:00:17.862+0000] {logging_mixin.py:151} INFO - [2024-06-10T20:00:17.862+0000] {dag.py:2915} INFO - Sync 1 DAGs
[2024-06-10T20:00:17.888+0000] {logging_mixin.py:151} INFO - [2024-06-10T20:00:17.888+0000] {dag.py:3696} INFO - Setting next_dagrun for example_xcom to 2021-01-01T00:00:00+00:00, run_after=2021-01-01T00:00:00+00:00
[2024-06-10T20:00:17.909+0000] {processor.py:179} INFO - Processing /home/airflow/.local/lib/python3.8/site-packages/airflow/example_dags/example_xcom.py took 0.087 seconds
[2024-06-10T20:00:48.561+0000] {processor.py:157} INFO - Started process (PID=10680) to work on /home/airflow/.local/lib/python3.8/site-packages/airflow/example_dags/example_xcom.py
[2024-06-10T20:00:48.561+0000] {processor.py:829} INFO - Processing file /home/airflow/.local/lib/python3.8/site-packages/airflow/example_dags/example_xcom.py for tasks to queue
[2024-06-10T20:00:48.562+0000] {logging_mixin.py:151} INFO - [2024-06-10T20:00:48.562+0000] {dagbag.py:539} INFO - Filling up the DagBag from /home/airflow/.local/lib/python3.8/site-packages/airflow/example_dags/example_xcom.py
[2024-06-10T20:00:48.569+0000] {processor.py:839} INFO - DAG(s) dict_keys(['example_xcom']) retrieved from /home/airflow/.local/lib/python3.8/site-packages/airflow/example_dags/example_xcom.py
[2024-06-10T20:00:48.590+0000] {logging_mixin.py:151} INFO - [2024-06-10T20:00:48.590+0000] {dag.py:2915} INFO - Sync 1 DAGs
[2024-06-10T20:00:48.611+0000] {logging_mixin.py:151} INFO - [2024-06-10T20:00:48.611+0000] {dag.py:3696} INFO - Setting next_dagrun for example_xcom to 2021-01-01T00:00:00+00:00, run_after=2021-01-01T00:00:00+00:00
[2024-06-10T20:00:48.628+0000] {processor.py:179} INFO - Processing /home/airflow/.local/lib/python3.8/site-packages/airflow/example_dags/example_xcom.py took 0.070 seconds
[2024-06-10T20:01:18.912+0000] {processor.py:157} INFO - Started process (PID=10918) to work on /home/airflow/.local/lib/python3.8/site-packages/airflow/example_dags/example_xcom.py
[2024-06-10T20:01:18.913+0000] {processor.py:829} INFO - Processing file /home/airflow/.local/lib/python3.8/site-packages/airflow/example_dags/example_xcom.py for tasks to queue
[2024-06-10T20:01:18.914+0000] {logging_mixin.py:151} INFO - [2024-06-10T20:01:18.913+0000] {dagbag.py:539} INFO - Filling up the DagBag from /home/airflow/.local/lib/python3.8/site-packages/airflow/example_dags/example_xcom.py
[2024-06-10T20:01:18.923+0000] {processor.py:839} INFO - DAG(s) dict_keys(['example_xcom']) retrieved from /home/airflow/.local/lib/python3.8/site-packages/airflow/example_dags/example_xcom.py
[2024-06-10T20:01:18.944+0000] {logging_mixin.py:151} INFO - [2024-06-10T20:01:18.944+0000] {dag.py:2915} INFO - Sync 1 DAGs
[2024-06-10T20:01:18.965+0000] {logging_mixin.py:151} INFO - [2024-06-10T20:01:18.965+0000] {dag.py:3696} INFO - Setting next_dagrun for example_xcom to 2021-01-01T00:00:00+00:00, run_after=2021-01-01T00:00:00+00:00
[2024-06-10T20:01:18.985+0000] {processor.py:179} INFO - Processing /home/airflow/.local/lib/python3.8/site-packages/airflow/example_dags/example_xcom.py took 0.078 seconds
[2024-06-10T20:01:49.713+0000] {processor.py:157} INFO - Started process (PID=11155) to work on /home/airflow/.local/lib/python3.8/site-packages/airflow/example_dags/example_xcom.py
[2024-06-10T20:01:49.713+0000] {processor.py:829} INFO - Processing file /home/airflow/.local/lib/python3.8/site-packages/airflow/example_dags/example_xcom.py for tasks to queue
[2024-06-10T20:01:49.714+0000] {logging_mixin.py:151} INFO - [2024-06-10T20:01:49.714+0000] {dagbag.py:539} INFO - Filling up the DagBag from /home/airflow/.local/lib/python3.8/site-packages/airflow/example_dags/example_xcom.py
[2024-06-10T20:01:49.722+0000] {processor.py:839} INFO - DAG(s) dict_keys(['example_xcom']) retrieved from /home/airflow/.local/lib/python3.8/site-packages/airflow/example_dags/example_xcom.py
[2024-06-10T20:01:49.742+0000] {logging_mixin.py:151} INFO - [2024-06-10T20:01:49.742+0000] {dag.py:2915} INFO - Sync 1 DAGs
[2024-06-10T20:01:49.764+0000] {logging_mixin.py:151} INFO - [2024-06-10T20:01:49.764+0000] {dag.py:3696} INFO - Setting next_dagrun for example_xcom to 2021-01-01T00:00:00+00:00, run_after=2021-01-01T00:00:00+00:00
[2024-06-10T20:01:49.781+0000] {processor.py:179} INFO - Processing /home/airflow/.local/lib/python3.8/site-packages/airflow/example_dags/example_xcom.py took 0.071 seconds
[2024-06-10T20:02:20.474+0000] {processor.py:157} INFO - Started process (PID=11393) to work on /home/airflow/.local/lib/python3.8/site-packages/airflow/example_dags/example_xcom.py
[2024-06-10T20:02:20.475+0000] {processor.py:829} INFO - Processing file /home/airflow/.local/lib/python3.8/site-packages/airflow/example_dags/example_xcom.py for tasks to queue
[2024-06-10T20:02:20.476+0000] {logging_mixin.py:151} INFO - [2024-06-10T20:02:20.476+0000] {dagbag.py:539} INFO - Filling up the DagBag from /home/airflow/.local/lib/python3.8/site-packages/airflow/example_dags/example_xcom.py
[2024-06-10T20:02:20.483+0000] {processor.py:839} INFO - DAG(s) dict_keys(['example_xcom']) retrieved from /home/airflow/.local/lib/python3.8/site-packages/airflow/example_dags/example_xcom.py
[2024-06-10T20:02:20.504+0000] {logging_mixin.py:151} INFO - [2024-06-10T20:02:20.504+0000] {dag.py:2915} INFO - Sync 1 DAGs
[2024-06-10T20:02:20.526+0000] {logging_mixin.py:151} INFO - [2024-06-10T20:02:20.526+0000] {dag.py:3696} INFO - Setting next_dagrun for example_xcom to 2021-01-01T00:00:00+00:00, run_after=2021-01-01T00:00:00+00:00
[2024-06-10T20:02:20.544+0000] {processor.py:179} INFO - Processing /home/airflow/.local/lib/python3.8/site-packages/airflow/example_dags/example_xcom.py took 0.072 seconds
[2024-06-10T20:02:51.178+0000] {processor.py:157} INFO - Started process (PID=11631) to work on /home/airflow/.local/lib/python3.8/site-packages/airflow/example_dags/example_xcom.py
[2024-06-10T20:02:51.179+0000] {processor.py:829} INFO - Processing file /home/airflow/.local/lib/python3.8/site-packages/airflow/example_dags/example_xcom.py for tasks to queue
[2024-06-10T20:02:51.180+0000] {logging_mixin.py:151} INFO - [2024-06-10T20:02:51.180+0000] {dagbag.py:539} INFO - Filling up the DagBag from /home/airflow/.local/lib/python3.8/site-packages/airflow/example_dags/example_xcom.py
[2024-06-10T20:02:51.189+0000] {processor.py:839} INFO - DAG(s) dict_keys(['example_xcom']) retrieved from /home/airflow/.local/lib/python3.8/site-packages/airflow/example_dags/example_xcom.py
[2024-06-10T20:02:51.213+0000] {logging_mixin.py:151} INFO - [2024-06-10T20:02:51.213+0000] {dag.py:2915} INFO - Sync 1 DAGs
[2024-06-10T20:02:51.236+0000] {logging_mixin.py:151} INFO - [2024-06-10T20:02:51.236+0000] {dag.py:3696} INFO - Setting next_dagrun for example_xcom to 2021-01-01T00:00:00+00:00, run_after=2021-01-01T00:00:00+00:00
[2024-06-10T20:02:51.253+0000] {processor.py:179} INFO - Processing /home/airflow/.local/lib/python3.8/site-packages/airflow/example_dags/example_xcom.py took 0.078 seconds
[2024-06-10T20:03:21.826+0000] {processor.py:157} INFO - Started process (PID=11869) to work on /home/airflow/.local/lib/python3.8/site-packages/airflow/example_dags/example_xcom.py
[2024-06-10T20:03:21.827+0000] {processor.py:829} INFO - Processing file /home/airflow/.local/lib/python3.8/site-packages/airflow/example_dags/example_xcom.py for tasks to queue
[2024-06-10T20:03:21.828+0000] {logging_mixin.py:151} INFO - [2024-06-10T20:03:21.827+0000] {dagbag.py:539} INFO - Filling up the DagBag from /home/airflow/.local/lib/python3.8/site-packages/airflow/example_dags/example_xcom.py
[2024-06-10T20:03:21.835+0000] {processor.py:839} INFO - DAG(s) dict_keys(['example_xcom']) retrieved from /home/airflow/.local/lib/python3.8/site-packages/airflow/example_dags/example_xcom.py
[2024-06-10T20:03:21.855+0000] {logging_mixin.py:151} INFO - [2024-06-10T20:03:21.855+0000] {dag.py:2915} INFO - Sync 1 DAGs
[2024-06-10T20:03:21.877+0000] {logging_mixin.py:151} INFO - [2024-06-10T20:03:21.877+0000] {dag.py:3696} INFO - Setting next_dagrun for example_xcom to 2021-01-01T00:00:00+00:00, run_after=2021-01-01T00:00:00+00:00
[2024-06-10T20:03:21.894+0000] {processor.py:179} INFO - Processing /home/airflow/.local/lib/python3.8/site-packages/airflow/example_dags/example_xcom.py took 0.072 seconds
[2024-06-10T20:03:52.581+0000] {processor.py:157} INFO - Started process (PID=12107) to work on /home/airflow/.local/lib/python3.8/site-packages/airflow/example_dags/example_xcom.py
[2024-06-10T20:03:52.582+0000] {processor.py:829} INFO - Processing file /home/airflow/.local/lib/python3.8/site-packages/airflow/example_dags/example_xcom.py for tasks to queue
[2024-06-10T20:03:52.583+0000] {logging_mixin.py:151} INFO - [2024-06-10T20:03:52.583+0000] {dagbag.py:539} INFO - Filling up the DagBag from /home/airflow/.local/lib/python3.8/site-packages/airflow/example_dags/example_xcom.py
[2024-06-10T20:03:52.590+0000] {processor.py:839} INFO - DAG(s) dict_keys(['example_xcom']) retrieved from /home/airflow/.local/lib/python3.8/site-packages/airflow/example_dags/example_xcom.py
[2024-06-10T20:03:52.614+0000] {logging_mixin.py:151} INFO - [2024-06-10T20:03:52.613+0000] {dag.py:2915} INFO - Sync 1 DAGs
[2024-06-10T20:03:52.639+0000] {logging_mixin.py:151} INFO - [2024-06-10T20:03:52.639+0000] {dag.py:3696} INFO - Setting next_dagrun for example_xcom to 2021-01-01T00:00:00+00:00, run_after=2021-01-01T00:00:00+00:00
[2024-06-10T20:03:52.661+0000] {processor.py:179} INFO - Processing /home/airflow/.local/lib/python3.8/site-packages/airflow/example_dags/example_xcom.py took 0.083 seconds
[2024-06-10T20:04:23.480+0000] {processor.py:157} INFO - Started process (PID=12347) to work on /home/airflow/.local/lib/python3.8/site-packages/airflow/example_dags/example_xcom.py
[2024-06-10T20:04:23.480+0000] {processor.py:829} INFO - Processing file /home/airflow/.local/lib/python3.8/site-packages/airflow/example_dags/example_xcom.py for tasks to queue
[2024-06-10T20:04:23.481+0000] {logging_mixin.py:151} INFO - [2024-06-10T20:04:23.481+0000] {dagbag.py:539} INFO - Filling up the DagBag from /home/airflow/.local/lib/python3.8/site-packages/airflow/example_dags/example_xcom.py
[2024-06-10T20:04:23.489+0000] {processor.py:839} INFO - DAG(s) dict_keys(['example_xcom']) retrieved from /home/airflow/.local/lib/python3.8/site-packages/airflow/example_dags/example_xcom.py
[2024-06-10T20:04:23.510+0000] {logging_mixin.py:151} INFO - [2024-06-10T20:04:23.510+0000] {dag.py:2915} INFO - Sync 1 DAGs
[2024-06-10T20:04:23.533+0000] {logging_mixin.py:151} INFO - [2024-06-10T20:04:23.533+0000] {dag.py:3696} INFO - Setting next_dagrun for example_xcom to 2021-01-01T00:00:00+00:00, run_after=2021-01-01T00:00:00+00:00
[2024-06-10T20:04:23.553+0000] {processor.py:179} INFO - Processing /home/airflow/.local/lib/python3.8/site-packages/airflow/example_dags/example_xcom.py took 0.077 seconds
[2024-06-10T20:04:54.395+0000] {processor.py:157} INFO - Started process (PID=12585) to work on /home/airflow/.local/lib/python3.8/site-packages/airflow/example_dags/example_xcom.py
[2024-06-10T20:04:54.395+0000] {processor.py:829} INFO - Processing file /home/airflow/.local/lib/python3.8/site-packages/airflow/example_dags/example_xcom.py for tasks to queue
[2024-06-10T20:04:54.396+0000] {logging_mixin.py:151} INFO - [2024-06-10T20:04:54.396+0000] {dagbag.py:539} INFO - Filling up the DagBag from /home/airflow/.local/lib/python3.8/site-packages/airflow/example_dags/example_xcom.py
[2024-06-10T20:04:54.403+0000] {processor.py:839} INFO - DAG(s) dict_keys(['example_xcom']) retrieved from /home/airflow/.local/lib/python3.8/site-packages/airflow/example_dags/example_xcom.py
[2024-06-10T20:04:54.424+0000] {logging_mixin.py:151} INFO - [2024-06-10T20:04:54.423+0000] {dag.py:2915} INFO - Sync 1 DAGs
[2024-06-10T20:04:54.444+0000] {logging_mixin.py:151} INFO - [2024-06-10T20:04:54.444+0000] {dag.py:3696} INFO - Setting next_dagrun for example_xcom to 2021-01-01T00:00:00+00:00, run_after=2021-01-01T00:00:00+00:00
[2024-06-10T20:04:54.463+0000] {processor.py:179} INFO - Processing /home/airflow/.local/lib/python3.8/site-packages/airflow/example_dags/example_xcom.py took 0.071 seconds
[2024-06-10T20:05:24.874+0000] {processor.py:157} INFO - Started process (PID=12821) to work on /home/airflow/.local/lib/python3.8/site-packages/airflow/example_dags/example_xcom.py
[2024-06-10T20:05:24.875+0000] {processor.py:829} INFO - Processing file /home/airflow/.local/lib/python3.8/site-packages/airflow/example_dags/example_xcom.py for tasks to queue
[2024-06-10T20:05:24.875+0000] {logging_mixin.py:151} INFO - [2024-06-10T20:05:24.875+0000] {dagbag.py:539} INFO - Filling up the DagBag from /home/airflow/.local/lib/python3.8/site-packages/airflow/example_dags/example_xcom.py
[2024-06-10T20:05:24.883+0000] {processor.py:839} INFO - DAG(s) dict_keys(['example_xcom']) retrieved from /home/airflow/.local/lib/python3.8/site-packages/airflow/example_dags/example_xcom.py
[2024-06-10T20:05:24.907+0000] {logging_mixin.py:151} INFO - [2024-06-10T20:05:24.906+0000] {dag.py:2915} INFO - Sync 1 DAGs
[2024-06-10T20:05:24.938+0000] {logging_mixin.py:151} INFO - [2024-06-10T20:05:24.938+0000] {dag.py:3696} INFO - Setting next_dagrun for example_xcom to 2021-01-01T00:00:00+00:00, run_after=2021-01-01T00:00:00+00:00
[2024-06-10T20:05:24.959+0000] {processor.py:179} INFO - Processing /home/airflow/.local/lib/python3.8/site-packages/airflow/example_dags/example_xcom.py took 0.089 seconds
[2024-06-10T20:05:55.790+0000] {processor.py:157} INFO - Started process (PID=13059) to work on /home/airflow/.local/lib/python3.8/site-packages/airflow/example_dags/example_xcom.py
[2024-06-10T20:05:55.791+0000] {processor.py:829} INFO - Processing file /home/airflow/.local/lib/python3.8/site-packages/airflow/example_dags/example_xcom.py for tasks to queue
[2024-06-10T20:05:55.792+0000] {logging_mixin.py:151} INFO - [2024-06-10T20:05:55.791+0000] {dagbag.py:539} INFO - Filling up the DagBag from /home/airflow/.local/lib/python3.8/site-packages/airflow/example_dags/example_xcom.py
[2024-06-10T20:05:55.799+0000] {processor.py:839} INFO - DAG(s) dict_keys(['example_xcom']) retrieved from /home/airflow/.local/lib/python3.8/site-packages/airflow/example_dags/example_xcom.py
[2024-06-10T20:05:55.819+0000] {logging_mixin.py:151} INFO - [2024-06-10T20:05:55.819+0000] {dag.py:2915} INFO - Sync 1 DAGs
[2024-06-10T20:05:55.840+0000] {logging_mixin.py:151} INFO - [2024-06-10T20:05:55.840+0000] {dag.py:3696} INFO - Setting next_dagrun for example_xcom to 2021-01-01T00:00:00+00:00, run_after=2021-01-01T00:00:00+00:00
[2024-06-10T20:05:55.858+0000] {processor.py:179} INFO - Processing /home/airflow/.local/lib/python3.8/site-packages/airflow/example_dags/example_xcom.py took 0.071 seconds
[2024-06-10T20:06:26.311+0000] {processor.py:157} INFO - Started process (PID=13297) to work on /home/airflow/.local/lib/python3.8/site-packages/airflow/example_dags/example_xcom.py
[2024-06-10T20:06:26.312+0000] {processor.py:829} INFO - Processing file /home/airflow/.local/lib/python3.8/site-packages/airflow/example_dags/example_xcom.py for tasks to queue
[2024-06-10T20:06:26.313+0000] {logging_mixin.py:151} INFO - [2024-06-10T20:06:26.313+0000] {dagbag.py:539} INFO - Filling up the DagBag from /home/airflow/.local/lib/python3.8/site-packages/airflow/example_dags/example_xcom.py
[2024-06-10T20:06:26.320+0000] {processor.py:839} INFO - DAG(s) dict_keys(['example_xcom']) retrieved from /home/airflow/.local/lib/python3.8/site-packages/airflow/example_dags/example_xcom.py
[2024-06-10T20:06:26.342+0000] {logging_mixin.py:151} INFO - [2024-06-10T20:06:26.341+0000] {dag.py:2915} INFO - Sync 1 DAGs
[2024-06-10T20:06:26.363+0000] {logging_mixin.py:151} INFO - [2024-06-10T20:06:26.363+0000] {dag.py:3696} INFO - Setting next_dagrun for example_xcom to 2021-01-01T00:00:00+00:00, run_after=2021-01-01T00:00:00+00:00
[2024-06-10T20:06:26.381+0000] {processor.py:179} INFO - Processing /home/airflow/.local/lib/python3.8/site-packages/airflow/example_dags/example_xcom.py took 0.073 seconds
[2024-06-10T20:06:57.004+0000] {processor.py:157} INFO - Started process (PID=13535) to work on /home/airflow/.local/lib/python3.8/site-packages/airflow/example_dags/example_xcom.py
[2024-06-10T20:06:57.005+0000] {processor.py:829} INFO - Processing file /home/airflow/.local/lib/python3.8/site-packages/airflow/example_dags/example_xcom.py for tasks to queue
[2024-06-10T20:06:57.006+0000] {logging_mixin.py:151} INFO - [2024-06-10T20:06:57.005+0000] {dagbag.py:539} INFO - Filling up the DagBag from /home/airflow/.local/lib/python3.8/site-packages/airflow/example_dags/example_xcom.py
[2024-06-10T20:06:57.015+0000] {processor.py:839} INFO - DAG(s) dict_keys(['example_xcom']) retrieved from /home/airflow/.local/lib/python3.8/site-packages/airflow/example_dags/example_xcom.py
[2024-06-10T20:06:57.036+0000] {logging_mixin.py:151} INFO - [2024-06-10T20:06:57.036+0000] {dag.py:2915} INFO - Sync 1 DAGs
[2024-06-10T20:06:57.058+0000] {logging_mixin.py:151} INFO - [2024-06-10T20:06:57.058+0000] {dag.py:3696} INFO - Setting next_dagrun for example_xcom to 2021-01-01T00:00:00+00:00, run_after=2021-01-01T00:00:00+00:00
[2024-06-10T20:06:57.075+0000] {processor.py:179} INFO - Processing /home/airflow/.local/lib/python3.8/site-packages/airflow/example_dags/example_xcom.py took 0.075 seconds
[2024-06-10T20:07:27.844+0000] {processor.py:157} INFO - Started process (PID=13773) to work on /home/airflow/.local/lib/python3.8/site-packages/airflow/example_dags/example_xcom.py
[2024-06-10T20:07:27.845+0000] {processor.py:829} INFO - Processing file /home/airflow/.local/lib/python3.8/site-packages/airflow/example_dags/example_xcom.py for tasks to queue
[2024-06-10T20:07:27.845+0000] {logging_mixin.py:151} INFO - [2024-06-10T20:07:27.845+0000] {dagbag.py:539} INFO - Filling up the DagBag from /home/airflow/.local/lib/python3.8/site-packages/airflow/example_dags/example_xcom.py
[2024-06-10T20:07:27.852+0000] {processor.py:839} INFO - DAG(s) dict_keys(['example_xcom']) retrieved from /home/airflow/.local/lib/python3.8/site-packages/airflow/example_dags/example_xcom.py
[2024-06-10T20:07:27.873+0000] {logging_mixin.py:151} INFO - [2024-06-10T20:07:27.873+0000] {dag.py:2915} INFO - Sync 1 DAGs
[2024-06-10T20:07:27.895+0000] {logging_mixin.py:151} INFO - [2024-06-10T20:07:27.895+0000] {dag.py:3696} INFO - Setting next_dagrun for example_xcom to 2021-01-01T00:00:00+00:00, run_after=2021-01-01T00:00:00+00:00
[2024-06-10T20:07:27.915+0000] {processor.py:179} INFO - Processing /home/airflow/.local/lib/python3.8/site-packages/airflow/example_dags/example_xcom.py took 0.075 seconds
[2024-06-10T20:07:58.732+0000] {processor.py:157} INFO - Started process (PID=14011) to work on /home/airflow/.local/lib/python3.8/site-packages/airflow/example_dags/example_xcom.py
[2024-06-10T20:07:58.732+0000] {processor.py:829} INFO - Processing file /home/airflow/.local/lib/python3.8/site-packages/airflow/example_dags/example_xcom.py for tasks to queue
[2024-06-10T20:07:58.733+0000] {logging_mixin.py:151} INFO - [2024-06-10T20:07:58.733+0000] {dagbag.py:539} INFO - Filling up the DagBag from /home/airflow/.local/lib/python3.8/site-packages/airflow/example_dags/example_xcom.py
[2024-06-10T20:07:58.741+0000] {processor.py:839} INFO - DAG(s) dict_keys(['example_xcom']) retrieved from /home/airflow/.local/lib/python3.8/site-packages/airflow/example_dags/example_xcom.py
[2024-06-10T20:07:58.764+0000] {logging_mixin.py:151} INFO - [2024-06-10T20:07:58.764+0000] {dag.py:2915} INFO - Sync 1 DAGs
[2024-06-10T20:07:58.789+0000] {logging_mixin.py:151} INFO - [2024-06-10T20:07:58.788+0000] {dag.py:3696} INFO - Setting next_dagrun for example_xcom to 2021-01-01T00:00:00+00:00, run_after=2021-01-01T00:00:00+00:00
[2024-06-10T20:07:58.810+0000] {processor.py:179} INFO - Processing /home/airflow/.local/lib/python3.8/site-packages/airflow/example_dags/example_xcom.py took 0.082 seconds
[2024-06-10T20:08:29.474+0000] {processor.py:157} INFO - Started process (PID=14249) to work on /home/airflow/.local/lib/python3.8/site-packages/airflow/example_dags/example_xcom.py
[2024-06-10T20:08:29.475+0000] {processor.py:829} INFO - Processing file /home/airflow/.local/lib/python3.8/site-packages/airflow/example_dags/example_xcom.py for tasks to queue
[2024-06-10T20:08:29.476+0000] {logging_mixin.py:151} INFO - [2024-06-10T20:08:29.475+0000] {dagbag.py:539} INFO - Filling up the DagBag from /home/airflow/.local/lib/python3.8/site-packages/airflow/example_dags/example_xcom.py
[2024-06-10T20:08:29.484+0000] {processor.py:839} INFO - DAG(s) dict_keys(['example_xcom']) retrieved from /home/airflow/.local/lib/python3.8/site-packages/airflow/example_dags/example_xcom.py
[2024-06-10T20:08:29.507+0000] {logging_mixin.py:151} INFO - [2024-06-10T20:08:29.507+0000] {dag.py:2915} INFO - Sync 1 DAGs
[2024-06-10T20:08:29.532+0000] {logging_mixin.py:151} INFO - [2024-06-10T20:08:29.532+0000] {dag.py:3696} INFO - Setting next_dagrun for example_xcom to 2021-01-01T00:00:00+00:00, run_after=2021-01-01T00:00:00+00:00
[2024-06-10T20:08:29.553+0000] {processor.py:179} INFO - Processing /home/airflow/.local/lib/python3.8/site-packages/airflow/example_dags/example_xcom.py took 0.083 seconds
[2024-06-10T20:08:59.922+0000] {processor.py:157} INFO - Started process (PID=14487) to work on /home/airflow/.local/lib/python3.8/site-packages/airflow/example_dags/example_xcom.py
[2024-06-10T20:08:59.923+0000] {processor.py:829} INFO - Processing file /home/airflow/.local/lib/python3.8/site-packages/airflow/example_dags/example_xcom.py for tasks to queue
[2024-06-10T20:08:59.924+0000] {logging_mixin.py:151} INFO - [2024-06-10T20:08:59.924+0000] {dagbag.py:539} INFO - Filling up the DagBag from /home/airflow/.local/lib/python3.8/site-packages/airflow/example_dags/example_xcom.py
[2024-06-10T20:08:59.932+0000] {processor.py:839} INFO - DAG(s) dict_keys(['example_xcom']) retrieved from /home/airflow/.local/lib/python3.8/site-packages/airflow/example_dags/example_xcom.py
[2024-06-10T20:08:59.955+0000] {logging_mixin.py:151} INFO - [2024-06-10T20:08:59.955+0000] {dag.py:2915} INFO - Sync 1 DAGs
[2024-06-10T20:08:59.980+0000] {logging_mixin.py:151} INFO - [2024-06-10T20:08:59.980+0000] {dag.py:3696} INFO - Setting next_dagrun for example_xcom to 2021-01-01T00:00:00+00:00, run_after=2021-01-01T00:00:00+00:00
[2024-06-10T20:08:59.997+0000] {processor.py:179} INFO - Processing /home/airflow/.local/lib/python3.8/site-packages/airflow/example_dags/example_xcom.py took 0.078 seconds
[2024-06-10T20:09:30.743+0000] {processor.py:157} INFO - Started process (PID=14725) to work on /home/airflow/.local/lib/python3.8/site-packages/airflow/example_dags/example_xcom.py
[2024-06-10T20:09:30.744+0000] {processor.py:829} INFO - Processing file /home/airflow/.local/lib/python3.8/site-packages/airflow/example_dags/example_xcom.py for tasks to queue
[2024-06-10T20:09:30.744+0000] {logging_mixin.py:151} INFO - [2024-06-10T20:09:30.744+0000] {dagbag.py:539} INFO - Filling up the DagBag from /home/airflow/.local/lib/python3.8/site-packages/airflow/example_dags/example_xcom.py
[2024-06-10T20:09:30.753+0000] {processor.py:839} INFO - DAG(s) dict_keys(['example_xcom']) retrieved from /home/airflow/.local/lib/python3.8/site-packages/airflow/example_dags/example_xcom.py
[2024-06-10T20:09:30.780+0000] {logging_mixin.py:151} INFO - [2024-06-10T20:09:30.780+0000] {dag.py:2915} INFO - Sync 1 DAGs
[2024-06-10T20:09:30.804+0000] {logging_mixin.py:151} INFO - [2024-06-10T20:09:30.804+0000] {dag.py:3696} INFO - Setting next_dagrun for example_xcom to 2021-01-01T00:00:00+00:00, run_after=2021-01-01T00:00:00+00:00
[2024-06-10T20:09:30.824+0000] {processor.py:179} INFO - Processing /home/airflow/.local/lib/python3.8/site-packages/airflow/example_dags/example_xcom.py took 0.084 seconds
[2024-06-10T20:10:01.309+0000] {processor.py:157} INFO - Started process (PID=14964) to work on /home/airflow/.local/lib/python3.8/site-packages/airflow/example_dags/example_xcom.py
[2024-06-10T20:10:01.310+0000] {processor.py:829} INFO - Processing file /home/airflow/.local/lib/python3.8/site-packages/airflow/example_dags/example_xcom.py for tasks to queue
[2024-06-10T20:10:01.310+0000] {logging_mixin.py:151} INFO - [2024-06-10T20:10:01.310+0000] {dagbag.py:539} INFO - Filling up the DagBag from /home/airflow/.local/lib/python3.8/site-packages/airflow/example_dags/example_xcom.py
[2024-06-10T20:10:01.318+0000] {processor.py:839} INFO - DAG(s) dict_keys(['example_xcom']) retrieved from /home/airflow/.local/lib/python3.8/site-packages/airflow/example_dags/example_xcom.py
[2024-06-10T20:10:01.338+0000] {logging_mixin.py:151} INFO - [2024-06-10T20:10:01.338+0000] {dag.py:2915} INFO - Sync 1 DAGs
[2024-06-10T20:10:01.360+0000] {logging_mixin.py:151} INFO - [2024-06-10T20:10:01.359+0000] {dag.py:3696} INFO - Setting next_dagrun for example_xcom to 2021-01-01T00:00:00+00:00, run_after=2021-01-01T00:00:00+00:00
[2024-06-10T20:10:01.376+0000] {processor.py:179} INFO - Processing /home/airflow/.local/lib/python3.8/site-packages/airflow/example_dags/example_xcom.py took 0.070 seconds
[2024-06-10T20:10:32.039+0000] {processor.py:157} INFO - Started process (PID=15202) to work on /home/airflow/.local/lib/python3.8/site-packages/airflow/example_dags/example_xcom.py
[2024-06-10T20:10:32.039+0000] {processor.py:829} INFO - Processing file /home/airflow/.local/lib/python3.8/site-packages/airflow/example_dags/example_xcom.py for tasks to queue
[2024-06-10T20:10:32.040+0000] {logging_mixin.py:151} INFO - [2024-06-10T20:10:32.040+0000] {dagbag.py:539} INFO - Filling up the DagBag from /home/airflow/.local/lib/python3.8/site-packages/airflow/example_dags/example_xcom.py
[2024-06-10T20:10:32.048+0000] {processor.py:839} INFO - DAG(s) dict_keys(['example_xcom']) retrieved from /home/airflow/.local/lib/python3.8/site-packages/airflow/example_dags/example_xcom.py
[2024-06-10T20:10:32.070+0000] {logging_mixin.py:151} INFO - [2024-06-10T20:10:32.070+0000] {dag.py:2915} INFO - Sync 1 DAGs
[2024-06-10T20:10:32.090+0000] {logging_mixin.py:151} INFO - [2024-06-10T20:10:32.090+0000] {dag.py:3696} INFO - Setting next_dagrun for example_xcom to 2021-01-01T00:00:00+00:00, run_after=2021-01-01T00:00:00+00:00
[2024-06-10T20:10:32.106+0000] {processor.py:179} INFO - Processing /home/airflow/.local/lib/python3.8/site-packages/airflow/example_dags/example_xcom.py took 0.070 seconds
[2024-06-10T20:11:02.725+0000] {processor.py:157} INFO - Started process (PID=15440) to work on /home/airflow/.local/lib/python3.8/site-packages/airflow/example_dags/example_xcom.py
[2024-06-10T20:11:02.726+0000] {processor.py:829} INFO - Processing file /home/airflow/.local/lib/python3.8/site-packages/airflow/example_dags/example_xcom.py for tasks to queue
[2024-06-10T20:11:02.726+0000] {logging_mixin.py:151} INFO - [2024-06-10T20:11:02.726+0000] {dagbag.py:539} INFO - Filling up the DagBag from /home/airflow/.local/lib/python3.8/site-packages/airflow/example_dags/example_xcom.py
[2024-06-10T20:11:02.733+0000] {processor.py:839} INFO - DAG(s) dict_keys(['example_xcom']) retrieved from /home/airflow/.local/lib/python3.8/site-packages/airflow/example_dags/example_xcom.py
[2024-06-10T20:11:02.754+0000] {logging_mixin.py:151} INFO - [2024-06-10T20:11:02.753+0000] {dag.py:2915} INFO - Sync 1 DAGs
[2024-06-10T20:11:02.775+0000] {logging_mixin.py:151} INFO - [2024-06-10T20:11:02.774+0000] {dag.py:3696} INFO - Setting next_dagrun for example_xcom to 2021-01-01T00:00:00+00:00, run_after=2021-01-01T00:00:00+00:00
[2024-06-10T20:11:02.792+0000] {processor.py:179} INFO - Processing /home/airflow/.local/lib/python3.8/site-packages/airflow/example_dags/example_xcom.py took 0.069 seconds
[2024-06-10T20:11:33.484+0000] {processor.py:157} INFO - Started process (PID=15677) to work on /home/airflow/.local/lib/python3.8/site-packages/airflow/example_dags/example_xcom.py
[2024-06-10T20:11:33.485+0000] {processor.py:829} INFO - Processing file /home/airflow/.local/lib/python3.8/site-packages/airflow/example_dags/example_xcom.py for tasks to queue
[2024-06-10T20:11:33.486+0000] {logging_mixin.py:151} INFO - [2024-06-10T20:11:33.485+0000] {dagbag.py:539} INFO - Filling up the DagBag from /home/airflow/.local/lib/python3.8/site-packages/airflow/example_dags/example_xcom.py
[2024-06-10T20:11:33.493+0000] {processor.py:839} INFO - DAG(s) dict_keys(['example_xcom']) retrieved from /home/airflow/.local/lib/python3.8/site-packages/airflow/example_dags/example_xcom.py
[2024-06-10T20:11:33.513+0000] {logging_mixin.py:151} INFO - [2024-06-10T20:11:33.513+0000] {dag.py:2915} INFO - Sync 1 DAGs
[2024-06-10T20:11:33.535+0000] {logging_mixin.py:151} INFO - [2024-06-10T20:11:33.535+0000] {dag.py:3696} INFO - Setting next_dagrun for example_xcom to 2021-01-01T00:00:00+00:00, run_after=2021-01-01T00:00:00+00:00
[2024-06-10T20:11:33.553+0000] {processor.py:179} INFO - Processing /home/airflow/.local/lib/python3.8/site-packages/airflow/example_dags/example_xcom.py took 0.071 seconds
[2024-06-10T20:12:04.294+0000] {processor.py:157} INFO - Started process (PID=15915) to work on /home/airflow/.local/lib/python3.8/site-packages/airflow/example_dags/example_xcom.py
[2024-06-10T20:12:04.295+0000] {processor.py:829} INFO - Processing file /home/airflow/.local/lib/python3.8/site-packages/airflow/example_dags/example_xcom.py for tasks to queue
[2024-06-10T20:12:04.295+0000] {logging_mixin.py:151} INFO - [2024-06-10T20:12:04.295+0000] {dagbag.py:539} INFO - Filling up the DagBag from /home/airflow/.local/lib/python3.8/site-packages/airflow/example_dags/example_xcom.py
[2024-06-10T20:12:04.302+0000] {processor.py:839} INFO - DAG(s) dict_keys(['example_xcom']) retrieved from /home/airflow/.local/lib/python3.8/site-packages/airflow/example_dags/example_xcom.py
[2024-06-10T20:12:04.323+0000] {logging_mixin.py:151} INFO - [2024-06-10T20:12:04.322+0000] {dag.py:2915} INFO - Sync 1 DAGs
[2024-06-10T20:12:04.344+0000] {logging_mixin.py:151} INFO - [2024-06-10T20:12:04.344+0000] {dag.py:3696} INFO - Setting next_dagrun for example_xcom to 2021-01-01T00:00:00+00:00, run_after=2021-01-01T00:00:00+00:00
[2024-06-10T20:12:04.360+0000] {processor.py:179} INFO - Processing /home/airflow/.local/lib/python3.8/site-packages/airflow/example_dags/example_xcom.py took 0.069 seconds
[2024-06-10T20:12:35.172+0000] {processor.py:157} INFO - Started process (PID=16153) to work on /home/airflow/.local/lib/python3.8/site-packages/airflow/example_dags/example_xcom.py
[2024-06-10T20:12:35.172+0000] {processor.py:829} INFO - Processing file /home/airflow/.local/lib/python3.8/site-packages/airflow/example_dags/example_xcom.py for tasks to queue
[2024-06-10T20:12:35.173+0000] {logging_mixin.py:151} INFO - [2024-06-10T20:12:35.173+0000] {dagbag.py:539} INFO - Filling up the DagBag from /home/airflow/.local/lib/python3.8/site-packages/airflow/example_dags/example_xcom.py
[2024-06-10T20:12:35.180+0000] {processor.py:839} INFO - DAG(s) dict_keys(['example_xcom']) retrieved from /home/airflow/.local/lib/python3.8/site-packages/airflow/example_dags/example_xcom.py
[2024-06-10T20:12:35.200+0000] {logging_mixin.py:151} INFO - [2024-06-10T20:12:35.200+0000] {dag.py:2915} INFO - Sync 1 DAGs
[2024-06-10T20:12:35.223+0000] {logging_mixin.py:151} INFO - [2024-06-10T20:12:35.223+0000] {dag.py:3696} INFO - Setting next_dagrun for example_xcom to 2021-01-01T00:00:00+00:00, run_after=2021-01-01T00:00:00+00:00
[2024-06-10T20:12:35.242+0000] {processor.py:179} INFO - Processing /home/airflow/.local/lib/python3.8/site-packages/airflow/example_dags/example_xcom.py took 0.073 seconds
[2024-06-10T20:13:05.962+0000] {processor.py:157} INFO - Started process (PID=16391) to work on /home/airflow/.local/lib/python3.8/site-packages/airflow/example_dags/example_xcom.py
[2024-06-10T20:13:05.963+0000] {processor.py:829} INFO - Processing file /home/airflow/.local/lib/python3.8/site-packages/airflow/example_dags/example_xcom.py for tasks to queue
[2024-06-10T20:13:05.964+0000] {logging_mixin.py:151} INFO - [2024-06-10T20:13:05.964+0000] {dagbag.py:539} INFO - Filling up the DagBag from /home/airflow/.local/lib/python3.8/site-packages/airflow/example_dags/example_xcom.py
[2024-06-10T20:13:05.971+0000] {processor.py:839} INFO - DAG(s) dict_keys(['example_xcom']) retrieved from /home/airflow/.local/lib/python3.8/site-packages/airflow/example_dags/example_xcom.py
[2024-06-10T20:13:05.990+0000] {logging_mixin.py:151} INFO - [2024-06-10T20:13:05.990+0000] {dag.py:2915} INFO - Sync 1 DAGs
[2024-06-10T20:13:06.011+0000] {logging_mixin.py:151} INFO - [2024-06-10T20:13:06.011+0000] {dag.py:3696} INFO - Setting next_dagrun for example_xcom to 2021-01-01T00:00:00+00:00, run_after=2021-01-01T00:00:00+00:00
[2024-06-10T20:13:06.034+0000] {processor.py:179} INFO - Processing /home/airflow/.local/lib/python3.8/site-packages/airflow/example_dags/example_xcom.py took 0.075 seconds
[2024-06-10T20:13:36.917+0000] {processor.py:157} INFO - Started process (PID=16628) to work on /home/airflow/.local/lib/python3.8/site-packages/airflow/example_dags/example_xcom.py
[2024-06-10T20:13:36.917+0000] {processor.py:829} INFO - Processing file /home/airflow/.local/lib/python3.8/site-packages/airflow/example_dags/example_xcom.py for tasks to queue
[2024-06-10T20:13:36.918+0000] {logging_mixin.py:151} INFO - [2024-06-10T20:13:36.918+0000] {dagbag.py:539} INFO - Filling up the DagBag from /home/airflow/.local/lib/python3.8/site-packages/airflow/example_dags/example_xcom.py
[2024-06-10T20:13:36.925+0000] {processor.py:839} INFO - DAG(s) dict_keys(['example_xcom']) retrieved from /home/airflow/.local/lib/python3.8/site-packages/airflow/example_dags/example_xcom.py
[2024-06-10T20:13:36.952+0000] {logging_mixin.py:151} INFO - [2024-06-10T20:13:36.952+0000] {dag.py:2915} INFO - Sync 1 DAGs
[2024-06-10T20:13:36.977+0000] {logging_mixin.py:151} INFO - [2024-06-10T20:13:36.977+0000] {dag.py:3696} INFO - Setting next_dagrun for example_xcom to 2021-01-01T00:00:00+00:00, run_after=2021-01-01T00:00:00+00:00
[2024-06-10T20:13:36.994+0000] {processor.py:179} INFO - Processing /home/airflow/.local/lib/python3.8/site-packages/airflow/example_dags/example_xcom.py took 0.080 seconds
[2024-06-10T20:14:07.306+0000] {processor.py:157} INFO - Started process (PID=16866) to work on /home/airflow/.local/lib/python3.8/site-packages/airflow/example_dags/example_xcom.py
[2024-06-10T20:14:07.307+0000] {processor.py:829} INFO - Processing file /home/airflow/.local/lib/python3.8/site-packages/airflow/example_dags/example_xcom.py for tasks to queue
[2024-06-10T20:14:07.308+0000] {logging_mixin.py:151} INFO - [2024-06-10T20:14:07.308+0000] {dagbag.py:539} INFO - Filling up the DagBag from /home/airflow/.local/lib/python3.8/site-packages/airflow/example_dags/example_xcom.py
[2024-06-10T20:14:07.314+0000] {processor.py:839} INFO - DAG(s) dict_keys(['example_xcom']) retrieved from /home/airflow/.local/lib/python3.8/site-packages/airflow/example_dags/example_xcom.py
[2024-06-10T20:14:07.335+0000] {logging_mixin.py:151} INFO - [2024-06-10T20:14:07.335+0000] {dag.py:2915} INFO - Sync 1 DAGs
[2024-06-10T20:14:07.357+0000] {logging_mixin.py:151} INFO - [2024-06-10T20:14:07.357+0000] {dag.py:3696} INFO - Setting next_dagrun for example_xcom to 2021-01-01T00:00:00+00:00, run_after=2021-01-01T00:00:00+00:00
[2024-06-10T20:14:07.376+0000] {processor.py:179} INFO - Processing /home/airflow/.local/lib/python3.8/site-packages/airflow/example_dags/example_xcom.py took 0.072 seconds
[2024-06-10T20:14:37.577+0000] {processor.py:157} INFO - Started process (PID=17103) to work on /home/airflow/.local/lib/python3.8/site-packages/airflow/example_dags/example_xcom.py
[2024-06-10T20:14:37.578+0000] {processor.py:829} INFO - Processing file /home/airflow/.local/lib/python3.8/site-packages/airflow/example_dags/example_xcom.py for tasks to queue
[2024-06-10T20:14:37.579+0000] {logging_mixin.py:151} INFO - [2024-06-10T20:14:37.578+0000] {dagbag.py:539} INFO - Filling up the DagBag from /home/airflow/.local/lib/python3.8/site-packages/airflow/example_dags/example_xcom.py
[2024-06-10T20:14:37.587+0000] {processor.py:839} INFO - DAG(s) dict_keys(['example_xcom']) retrieved from /home/airflow/.local/lib/python3.8/site-packages/airflow/example_dags/example_xcom.py
[2024-06-10T20:14:37.607+0000] {logging_mixin.py:151} INFO - [2024-06-10T20:14:37.607+0000] {dag.py:2915} INFO - Sync 1 DAGs
[2024-06-10T20:14:37.629+0000] {logging_mixin.py:151} INFO - [2024-06-10T20:14:37.629+0000] {dag.py:3696} INFO - Setting next_dagrun for example_xcom to 2021-01-01T00:00:00+00:00, run_after=2021-01-01T00:00:00+00:00
[2024-06-10T20:14:37.646+0000] {processor.py:179} INFO - Processing /home/airflow/.local/lib/python3.8/site-packages/airflow/example_dags/example_xcom.py took 0.072 seconds
[2024-06-10T20:15:07.750+0000] {processor.py:157} INFO - Started process (PID=17341) to work on /home/airflow/.local/lib/python3.8/site-packages/airflow/example_dags/example_xcom.py
[2024-06-10T20:15:07.750+0000] {processor.py:829} INFO - Processing file /home/airflow/.local/lib/python3.8/site-packages/airflow/example_dags/example_xcom.py for tasks to queue
[2024-06-10T20:15:07.751+0000] {logging_mixin.py:151} INFO - [2024-06-10T20:15:07.751+0000] {dagbag.py:539} INFO - Filling up the DagBag from /home/airflow/.local/lib/python3.8/site-packages/airflow/example_dags/example_xcom.py
[2024-06-10T20:15:07.758+0000] {processor.py:839} INFO - DAG(s) dict_keys(['example_xcom']) retrieved from /home/airflow/.local/lib/python3.8/site-packages/airflow/example_dags/example_xcom.py
[2024-06-10T20:15:07.779+0000] {logging_mixin.py:151} INFO - [2024-06-10T20:15:07.779+0000] {dag.py:2915} INFO - Sync 1 DAGs
[2024-06-10T20:15:07.801+0000] {logging_mixin.py:151} INFO - [2024-06-10T20:15:07.800+0000] {dag.py:3696} INFO - Setting next_dagrun for example_xcom to 2021-01-01T00:00:00+00:00, run_after=2021-01-01T00:00:00+00:00
[2024-06-10T20:15:07.818+0000] {processor.py:179} INFO - Processing /home/airflow/.local/lib/python3.8/site-packages/airflow/example_dags/example_xcom.py took 0.072 seconds
[2024-06-10T20:15:38.028+0000] {processor.py:157} INFO - Started process (PID=17579) to work on /home/airflow/.local/lib/python3.8/site-packages/airflow/example_dags/example_xcom.py
[2024-06-10T20:15:38.029+0000] {processor.py:829} INFO - Processing file /home/airflow/.local/lib/python3.8/site-packages/airflow/example_dags/example_xcom.py for tasks to queue
[2024-06-10T20:15:38.030+0000] {logging_mixin.py:151} INFO - [2024-06-10T20:15:38.029+0000] {dagbag.py:539} INFO - Filling up the DagBag from /home/airflow/.local/lib/python3.8/site-packages/airflow/example_dags/example_xcom.py
[2024-06-10T20:15:38.037+0000] {processor.py:839} INFO - DAG(s) dict_keys(['example_xcom']) retrieved from /home/airflow/.local/lib/python3.8/site-packages/airflow/example_dags/example_xcom.py
[2024-06-10T20:15:38.058+0000] {logging_mixin.py:151} INFO - [2024-06-10T20:15:38.058+0000] {dag.py:2915} INFO - Sync 1 DAGs
[2024-06-10T20:15:38.080+0000] {logging_mixin.py:151} INFO - [2024-06-10T20:15:38.080+0000] {dag.py:3696} INFO - Setting next_dagrun for example_xcom to 2021-01-01T00:00:00+00:00, run_after=2021-01-01T00:00:00+00:00
[2024-06-10T20:15:38.097+0000] {processor.py:179} INFO - Processing /home/airflow/.local/lib/python3.8/site-packages/airflow/example_dags/example_xcom.py took 0.072 seconds
[2024-06-10T20:16:08.281+0000] {processor.py:157} INFO - Started process (PID=17817) to work on /home/airflow/.local/lib/python3.8/site-packages/airflow/example_dags/example_xcom.py
[2024-06-10T20:16:08.282+0000] {processor.py:829} INFO - Processing file /home/airflow/.local/lib/python3.8/site-packages/airflow/example_dags/example_xcom.py for tasks to queue
[2024-06-10T20:16:08.283+0000] {logging_mixin.py:151} INFO - [2024-06-10T20:16:08.283+0000] {dagbag.py:539} INFO - Filling up the DagBag from /home/airflow/.local/lib/python3.8/site-packages/airflow/example_dags/example_xcom.py
[2024-06-10T20:16:08.291+0000] {processor.py:839} INFO - DAG(s) dict_keys(['example_xcom']) retrieved from /home/airflow/.local/lib/python3.8/site-packages/airflow/example_dags/example_xcom.py
[2024-06-10T20:16:08.314+0000] {logging_mixin.py:151} INFO - [2024-06-10T20:16:08.313+0000] {dag.py:2915} INFO - Sync 1 DAGs
[2024-06-10T20:16:08.338+0000] {logging_mixin.py:151} INFO - [2024-06-10T20:16:08.337+0000] {dag.py:3696} INFO - Setting next_dagrun for example_xcom to 2021-01-01T00:00:00+00:00, run_after=2021-01-01T00:00:00+00:00
[2024-06-10T20:16:08.355+0000] {processor.py:179} INFO - Processing /home/airflow/.local/lib/python3.8/site-packages/airflow/example_dags/example_xcom.py took 0.077 seconds
[2024-06-10T20:16:38.426+0000] {processor.py:157} INFO - Started process (PID=18055) to work on /home/airflow/.local/lib/python3.8/site-packages/airflow/example_dags/example_xcom.py
[2024-06-10T20:16:38.427+0000] {processor.py:829} INFO - Processing file /home/airflow/.local/lib/python3.8/site-packages/airflow/example_dags/example_xcom.py for tasks to queue
[2024-06-10T20:16:38.428+0000] {logging_mixin.py:151} INFO - [2024-06-10T20:16:38.427+0000] {dagbag.py:539} INFO - Filling up the DagBag from /home/airflow/.local/lib/python3.8/site-packages/airflow/example_dags/example_xcom.py
[2024-06-10T20:16:38.437+0000] {processor.py:839} INFO - DAG(s) dict_keys(['example_xcom']) retrieved from /home/airflow/.local/lib/python3.8/site-packages/airflow/example_dags/example_xcom.py
[2024-06-10T20:16:38.459+0000] {logging_mixin.py:151} INFO - [2024-06-10T20:16:38.458+0000] {dag.py:2915} INFO - Sync 1 DAGs
[2024-06-10T20:16:38.482+0000] {logging_mixin.py:151} INFO - [2024-06-10T20:16:38.481+0000] {dag.py:3696} INFO - Setting next_dagrun for example_xcom to 2021-01-01T00:00:00+00:00, run_after=2021-01-01T00:00:00+00:00
[2024-06-10T20:16:38.502+0000] {processor.py:179} INFO - Processing /home/airflow/.local/lib/python3.8/site-packages/airflow/example_dags/example_xcom.py took 0.081 seconds
