[2024-06-10T19:38:24.675+0000] {processor.py:157} INFO - Started process (PID=292) to work on /home/airflow/.local/lib/python3.8/site-packages/airflow/example_dags/tutorial.py
[2024-06-10T19:38:24.676+0000] {processor.py:829} INFO - Processing file /home/airflow/.local/lib/python3.8/site-packages/airflow/example_dags/tutorial.py for tasks to queue
[2024-06-10T19:38:24.676+0000] {logging_mixin.py:151} INFO - [2024-06-10T19:38:24.676+0000] {dagbag.py:539} INFO - Filling up the DagBag from /home/airflow/.local/lib/python3.8/site-packages/airflow/example_dags/tutorial.py
[2024-06-10T19:38:24.685+0000] {processor.py:839} INFO - DAG(s) dict_keys(['tutorial']) retrieved from /home/airflow/.local/lib/python3.8/site-packages/airflow/example_dags/tutorial.py
[2024-06-10T19:38:24.696+0000] {logging_mixin.py:151} INFO - [2024-06-10T19:38:24.696+0000] {dag.py:2915} INFO - Sync 1 DAGs
[2024-06-10T19:38:24.843+0000] {logging_mixin.py:151} INFO - [2024-06-10T19:38:24.843+0000] {dag.py:3696} INFO - Setting next_dagrun for tutorial to 2024-06-09T19:38:24.842863+00:00, run_after=2024-06-10T19:38:24.842863+00:00
[2024-06-10T19:38:24.860+0000] {processor.py:179} INFO - Processing /home/airflow/.local/lib/python3.8/site-packages/airflow/example_dags/tutorial.py took 0.188 seconds
[2024-06-10T19:38:55.320+0000] {processor.py:157} INFO - Started process (PID=527) to work on /home/airflow/.local/lib/python3.8/site-packages/airflow/example_dags/tutorial.py
[2024-06-10T19:38:55.321+0000] {processor.py:829} INFO - Processing file /home/airflow/.local/lib/python3.8/site-packages/airflow/example_dags/tutorial.py for tasks to queue
[2024-06-10T19:38:55.321+0000] {logging_mixin.py:151} INFO - [2024-06-10T19:38:55.321+0000] {dagbag.py:539} INFO - Filling up the DagBag from /home/airflow/.local/lib/python3.8/site-packages/airflow/example_dags/tutorial.py
[2024-06-10T19:38:55.327+0000] {processor.py:839} INFO - DAG(s) dict_keys(['tutorial']) retrieved from /home/airflow/.local/lib/python3.8/site-packages/airflow/example_dags/tutorial.py
[2024-06-10T19:38:55.346+0000] {logging_mixin.py:151} INFO - [2024-06-10T19:38:55.346+0000] {dag.py:2915} INFO - Sync 1 DAGs
[2024-06-10T19:38:55.367+0000] {logging_mixin.py:151} INFO - [2024-06-10T19:38:55.367+0000] {dag.py:3696} INFO - Setting next_dagrun for tutorial to 2024-06-09T19:38:55.367559+00:00, run_after=2024-06-10T19:38:55.367559+00:00
[2024-06-10T19:38:55.386+0000] {processor.py:179} INFO - Processing /home/airflow/.local/lib/python3.8/site-packages/airflow/example_dags/tutorial.py took 0.069 seconds
[2024-06-10T19:39:26.260+0000] {processor.py:157} INFO - Started process (PID=763) to work on /home/airflow/.local/lib/python3.8/site-packages/airflow/example_dags/tutorial.py
[2024-06-10T19:39:26.261+0000] {processor.py:829} INFO - Processing file /home/airflow/.local/lib/python3.8/site-packages/airflow/example_dags/tutorial.py for tasks to queue
[2024-06-10T19:39:26.262+0000] {logging_mixin.py:151} INFO - [2024-06-10T19:39:26.262+0000] {dagbag.py:539} INFO - Filling up the DagBag from /home/airflow/.local/lib/python3.8/site-packages/airflow/example_dags/tutorial.py
[2024-06-10T19:39:26.268+0000] {processor.py:839} INFO - DAG(s) dict_keys(['tutorial']) retrieved from /home/airflow/.local/lib/python3.8/site-packages/airflow/example_dags/tutorial.py
[2024-06-10T19:39:26.288+0000] {logging_mixin.py:151} INFO - [2024-06-10T19:39:26.288+0000] {dag.py:2915} INFO - Sync 1 DAGs
[2024-06-10T19:39:26.309+0000] {logging_mixin.py:151} INFO - [2024-06-10T19:39:26.309+0000] {dag.py:3696} INFO - Setting next_dagrun for tutorial to 2024-06-09T19:39:26.309242+00:00, run_after=2024-06-10T19:39:26.309242+00:00
[2024-06-10T19:39:26.329+0000] {processor.py:179} INFO - Processing /home/airflow/.local/lib/python3.8/site-packages/airflow/example_dags/tutorial.py took 0.071 seconds
[2024-06-10T19:39:57.115+0000] {processor.py:157} INFO - Started process (PID=1001) to work on /home/airflow/.local/lib/python3.8/site-packages/airflow/example_dags/tutorial.py
[2024-06-10T19:39:57.116+0000] {processor.py:829} INFO - Processing file /home/airflow/.local/lib/python3.8/site-packages/airflow/example_dags/tutorial.py for tasks to queue
[2024-06-10T19:39:57.117+0000] {logging_mixin.py:151} INFO - [2024-06-10T19:39:57.117+0000] {dagbag.py:539} INFO - Filling up the DagBag from /home/airflow/.local/lib/python3.8/site-packages/airflow/example_dags/tutorial.py
[2024-06-10T19:39:57.124+0000] {processor.py:839} INFO - DAG(s) dict_keys(['tutorial']) retrieved from /home/airflow/.local/lib/python3.8/site-packages/airflow/example_dags/tutorial.py
[2024-06-10T19:39:57.148+0000] {logging_mixin.py:151} INFO - [2024-06-10T19:39:57.148+0000] {dag.py:2915} INFO - Sync 1 DAGs
[2024-06-10T19:39:57.174+0000] {logging_mixin.py:151} INFO - [2024-06-10T19:39:57.174+0000] {dag.py:3696} INFO - Setting next_dagrun for tutorial to 2024-06-09T19:39:57.173938+00:00, run_after=2024-06-10T19:39:57.173938+00:00
[2024-06-10T19:39:57.196+0000] {processor.py:179} INFO - Processing /home/airflow/.local/lib/python3.8/site-packages/airflow/example_dags/tutorial.py took 0.083 seconds
[2024-06-10T19:40:27.928+0000] {processor.py:157} INFO - Started process (PID=1239) to work on /home/airflow/.local/lib/python3.8/site-packages/airflow/example_dags/tutorial.py
[2024-06-10T19:40:27.929+0000] {processor.py:829} INFO - Processing file /home/airflow/.local/lib/python3.8/site-packages/airflow/example_dags/tutorial.py for tasks to queue
[2024-06-10T19:40:27.929+0000] {logging_mixin.py:151} INFO - [2024-06-10T19:40:27.929+0000] {dagbag.py:539} INFO - Filling up the DagBag from /home/airflow/.local/lib/python3.8/site-packages/airflow/example_dags/tutorial.py
[2024-06-10T19:40:27.936+0000] {processor.py:839} INFO - DAG(s) dict_keys(['tutorial']) retrieved from /home/airflow/.local/lib/python3.8/site-packages/airflow/example_dags/tutorial.py
[2024-06-10T19:40:27.956+0000] {logging_mixin.py:151} INFO - [2024-06-10T19:40:27.955+0000] {dag.py:2915} INFO - Sync 1 DAGs
[2024-06-10T19:40:27.979+0000] {logging_mixin.py:151} INFO - [2024-06-10T19:40:27.979+0000] {dag.py:3696} INFO - Setting next_dagrun for tutorial to 2024-06-09T19:40:27.979256+00:00, run_after=2024-06-10T19:40:27.979256+00:00
[2024-06-10T19:40:27.998+0000] {processor.py:179} INFO - Processing /home/airflow/.local/lib/python3.8/site-packages/airflow/example_dags/tutorial.py took 0.073 seconds
[2024-06-10T19:40:58.721+0000] {processor.py:157} INFO - Started process (PID=1484) to work on /home/airflow/.local/lib/python3.8/site-packages/airflow/example_dags/tutorial.py
[2024-06-10T19:40:58.722+0000] {processor.py:829} INFO - Processing file /home/airflow/.local/lib/python3.8/site-packages/airflow/example_dags/tutorial.py for tasks to queue
[2024-06-10T19:40:58.722+0000] {logging_mixin.py:151} INFO - [2024-06-10T19:40:58.722+0000] {dagbag.py:539} INFO - Filling up the DagBag from /home/airflow/.local/lib/python3.8/site-packages/airflow/example_dags/tutorial.py
[2024-06-10T19:40:58.728+0000] {processor.py:839} INFO - DAG(s) dict_keys(['tutorial']) retrieved from /home/airflow/.local/lib/python3.8/site-packages/airflow/example_dags/tutorial.py
[2024-06-10T19:40:58.748+0000] {logging_mixin.py:151} INFO - [2024-06-10T19:40:58.748+0000] {dag.py:2915} INFO - Sync 1 DAGs
[2024-06-10T19:40:58.771+0000] {logging_mixin.py:151} INFO - [2024-06-10T19:40:58.770+0000] {dag.py:3696} INFO - Setting next_dagrun for tutorial to 2024-06-09T19:40:58.770704+00:00, run_after=2024-06-10T19:40:58.770704+00:00
[2024-06-10T19:40:58.790+0000] {processor.py:179} INFO - Processing /home/airflow/.local/lib/python3.8/site-packages/airflow/example_dags/tutorial.py took 0.072 seconds
[2024-06-10T19:41:29.590+0000] {processor.py:157} INFO - Started process (PID=1723) to work on /home/airflow/.local/lib/python3.8/site-packages/airflow/example_dags/tutorial.py
[2024-06-10T19:41:29.590+0000] {processor.py:829} INFO - Processing file /home/airflow/.local/lib/python3.8/site-packages/airflow/example_dags/tutorial.py for tasks to queue
[2024-06-10T19:41:29.591+0000] {logging_mixin.py:151} INFO - [2024-06-10T19:41:29.591+0000] {dagbag.py:539} INFO - Filling up the DagBag from /home/airflow/.local/lib/python3.8/site-packages/airflow/example_dags/tutorial.py
[2024-06-10T19:41:29.597+0000] {processor.py:839} INFO - DAG(s) dict_keys(['tutorial']) retrieved from /home/airflow/.local/lib/python3.8/site-packages/airflow/example_dags/tutorial.py
[2024-06-10T19:41:29.616+0000] {logging_mixin.py:151} INFO - [2024-06-10T19:41:29.616+0000] {dag.py:2915} INFO - Sync 1 DAGs
[2024-06-10T19:41:29.641+0000] {logging_mixin.py:151} INFO - [2024-06-10T19:41:29.640+0000] {dag.py:3696} INFO - Setting next_dagrun for tutorial to 2024-06-09T19:41:29.640623+00:00, run_after=2024-06-10T19:41:29.640623+00:00
[2024-06-10T19:41:29.660+0000] {processor.py:179} INFO - Processing /home/airflow/.local/lib/python3.8/site-packages/airflow/example_dags/tutorial.py took 0.073 seconds
[2024-06-10T19:41:59.773+0000] {processor.py:157} INFO - Started process (PID=1964) to work on /home/airflow/.local/lib/python3.8/site-packages/airflow/example_dags/tutorial.py
[2024-06-10T19:41:59.774+0000] {processor.py:829} INFO - Processing file /home/airflow/.local/lib/python3.8/site-packages/airflow/example_dags/tutorial.py for tasks to queue
[2024-06-10T19:41:59.775+0000] {logging_mixin.py:151} INFO - [2024-06-10T19:41:59.775+0000] {dagbag.py:539} INFO - Filling up the DagBag from /home/airflow/.local/lib/python3.8/site-packages/airflow/example_dags/tutorial.py
[2024-06-10T19:41:59.781+0000] {processor.py:839} INFO - DAG(s) dict_keys(['tutorial']) retrieved from /home/airflow/.local/lib/python3.8/site-packages/airflow/example_dags/tutorial.py
[2024-06-10T19:41:59.801+0000] {logging_mixin.py:151} INFO - [2024-06-10T19:41:59.800+0000] {dag.py:2915} INFO - Sync 1 DAGs
[2024-06-10T19:41:59.822+0000] {logging_mixin.py:151} INFO - [2024-06-10T19:41:59.822+0000] {dag.py:3696} INFO - Setting next_dagrun for tutorial to 2024-06-09T19:41:59.822451+00:00, run_after=2024-06-10T19:41:59.822451+00:00
[2024-06-10T19:41:59.840+0000] {processor.py:179} INFO - Processing /home/airflow/.local/lib/python3.8/site-packages/airflow/example_dags/tutorial.py took 0.070 seconds
[2024-06-10T19:42:30.148+0000] {processor.py:157} INFO - Started process (PID=2204) to work on /home/airflow/.local/lib/python3.8/site-packages/airflow/example_dags/tutorial.py
[2024-06-10T19:42:30.149+0000] {processor.py:829} INFO - Processing file /home/airflow/.local/lib/python3.8/site-packages/airflow/example_dags/tutorial.py for tasks to queue
[2024-06-10T19:42:30.149+0000] {logging_mixin.py:151} INFO - [2024-06-10T19:42:30.149+0000] {dagbag.py:539} INFO - Filling up the DagBag from /home/airflow/.local/lib/python3.8/site-packages/airflow/example_dags/tutorial.py
[2024-06-10T19:42:30.155+0000] {processor.py:839} INFO - DAG(s) dict_keys(['tutorial']) retrieved from /home/airflow/.local/lib/python3.8/site-packages/airflow/example_dags/tutorial.py
[2024-06-10T19:42:30.174+0000] {logging_mixin.py:151} INFO - [2024-06-10T19:42:30.174+0000] {dag.py:2915} INFO - Sync 1 DAGs
[2024-06-10T19:42:30.196+0000] {logging_mixin.py:151} INFO - [2024-06-10T19:42:30.195+0000] {dag.py:3696} INFO - Setting next_dagrun for tutorial to 2024-06-09T19:42:30.195655+00:00, run_after=2024-06-10T19:42:30.195655+00:00
[2024-06-10T19:42:30.213+0000] {processor.py:179} INFO - Processing /home/airflow/.local/lib/python3.8/site-packages/airflow/example_dags/tutorial.py took 0.068 seconds
[2024-06-10T19:43:01.165+0000] {processor.py:157} INFO - Started process (PID=2442) to work on /home/airflow/.local/lib/python3.8/site-packages/airflow/example_dags/tutorial.py
[2024-06-10T19:43:01.166+0000] {processor.py:829} INFO - Processing file /home/airflow/.local/lib/python3.8/site-packages/airflow/example_dags/tutorial.py for tasks to queue
[2024-06-10T19:43:01.166+0000] {logging_mixin.py:151} INFO - [2024-06-10T19:43:01.166+0000] {dagbag.py:539} INFO - Filling up the DagBag from /home/airflow/.local/lib/python3.8/site-packages/airflow/example_dags/tutorial.py
[2024-06-10T19:43:01.173+0000] {processor.py:839} INFO - DAG(s) dict_keys(['tutorial']) retrieved from /home/airflow/.local/lib/python3.8/site-packages/airflow/example_dags/tutorial.py
[2024-06-10T19:43:01.192+0000] {logging_mixin.py:151} INFO - [2024-06-10T19:43:01.192+0000] {dag.py:2915} INFO - Sync 1 DAGs
[2024-06-10T19:43:01.215+0000] {logging_mixin.py:151} INFO - [2024-06-10T19:43:01.215+0000] {dag.py:3696} INFO - Setting next_dagrun for tutorial to 2024-06-09T19:43:01.215388+00:00, run_after=2024-06-10T19:43:01.215388+00:00
[2024-06-10T19:43:01.234+0000] {processor.py:179} INFO - Processing /home/airflow/.local/lib/python3.8/site-packages/airflow/example_dags/tutorial.py took 0.072 seconds
[2024-06-10T19:43:32.117+0000] {processor.py:157} INFO - Started process (PID=2685) to work on /home/airflow/.local/lib/python3.8/site-packages/airflow/example_dags/tutorial.py
[2024-06-10T19:43:32.117+0000] {processor.py:829} INFO - Processing file /home/airflow/.local/lib/python3.8/site-packages/airflow/example_dags/tutorial.py for tasks to queue
[2024-06-10T19:43:32.118+0000] {logging_mixin.py:151} INFO - [2024-06-10T19:43:32.118+0000] {dagbag.py:539} INFO - Filling up the DagBag from /home/airflow/.local/lib/python3.8/site-packages/airflow/example_dags/tutorial.py
[2024-06-10T19:43:32.125+0000] {processor.py:839} INFO - DAG(s) dict_keys(['tutorial']) retrieved from /home/airflow/.local/lib/python3.8/site-packages/airflow/example_dags/tutorial.py
[2024-06-10T19:43:32.145+0000] {logging_mixin.py:151} INFO - [2024-06-10T19:43:32.145+0000] {dag.py:2915} INFO - Sync 1 DAGs
[2024-06-10T19:43:32.170+0000] {logging_mixin.py:151} INFO - [2024-06-10T19:43:32.170+0000] {dag.py:3696} INFO - Setting next_dagrun for tutorial to 2024-06-09T19:43:32.169927+00:00, run_after=2024-06-10T19:43:32.169927+00:00
[2024-06-10T19:43:32.189+0000] {processor.py:179} INFO - Processing /home/airflow/.local/lib/python3.8/site-packages/airflow/example_dags/tutorial.py took 0.076 seconds
[2024-06-10T19:44:03.086+0000] {processor.py:157} INFO - Started process (PID=2923) to work on /home/airflow/.local/lib/python3.8/site-packages/airflow/example_dags/tutorial.py
[2024-06-10T19:44:03.087+0000] {processor.py:829} INFO - Processing file /home/airflow/.local/lib/python3.8/site-packages/airflow/example_dags/tutorial.py for tasks to queue
[2024-06-10T19:44:03.088+0000] {logging_mixin.py:151} INFO - [2024-06-10T19:44:03.087+0000] {dagbag.py:539} INFO - Filling up the DagBag from /home/airflow/.local/lib/python3.8/site-packages/airflow/example_dags/tutorial.py
[2024-06-10T19:44:03.096+0000] {processor.py:839} INFO - DAG(s) dict_keys(['tutorial']) retrieved from /home/airflow/.local/lib/python3.8/site-packages/airflow/example_dags/tutorial.py
[2024-06-10T19:44:03.115+0000] {logging_mixin.py:151} INFO - [2024-06-10T19:44:03.115+0000] {dag.py:2915} INFO - Sync 1 DAGs
[2024-06-10T19:44:03.139+0000] {logging_mixin.py:151} INFO - [2024-06-10T19:44:03.139+0000] {dag.py:3696} INFO - Setting next_dagrun for tutorial to 2024-06-09T19:44:03.139387+00:00, run_after=2024-06-10T19:44:03.139387+00:00
[2024-06-10T19:44:03.159+0000] {processor.py:179} INFO - Processing /home/airflow/.local/lib/python3.8/site-packages/airflow/example_dags/tutorial.py took 0.077 seconds
[2024-06-10T19:44:33.624+0000] {processor.py:157} INFO - Started process (PID=3161) to work on /home/airflow/.local/lib/python3.8/site-packages/airflow/example_dags/tutorial.py
[2024-06-10T19:44:33.625+0000] {processor.py:829} INFO - Processing file /home/airflow/.local/lib/python3.8/site-packages/airflow/example_dags/tutorial.py for tasks to queue
[2024-06-10T19:44:33.626+0000] {logging_mixin.py:151} INFO - [2024-06-10T19:44:33.625+0000] {dagbag.py:539} INFO - Filling up the DagBag from /home/airflow/.local/lib/python3.8/site-packages/airflow/example_dags/tutorial.py
[2024-06-10T19:44:33.632+0000] {processor.py:839} INFO - DAG(s) dict_keys(['tutorial']) retrieved from /home/airflow/.local/lib/python3.8/site-packages/airflow/example_dags/tutorial.py
[2024-06-10T19:44:33.652+0000] {logging_mixin.py:151} INFO - [2024-06-10T19:44:33.652+0000] {dag.py:2915} INFO - Sync 1 DAGs
[2024-06-10T19:44:33.675+0000] {logging_mixin.py:151} INFO - [2024-06-10T19:44:33.674+0000] {dag.py:3696} INFO - Setting next_dagrun for tutorial to 2024-06-09T19:44:33.674494+00:00, run_after=2024-06-10T19:44:33.674494+00:00
[2024-06-10T19:44:33.692+0000] {processor.py:179} INFO - Processing /home/airflow/.local/lib/python3.8/site-packages/airflow/example_dags/tutorial.py took 0.071 seconds
[2024-06-10T19:45:04.461+0000] {processor.py:157} INFO - Started process (PID=3399) to work on /home/airflow/.local/lib/python3.8/site-packages/airflow/example_dags/tutorial.py
[2024-06-10T19:45:04.461+0000] {processor.py:829} INFO - Processing file /home/airflow/.local/lib/python3.8/site-packages/airflow/example_dags/tutorial.py for tasks to queue
[2024-06-10T19:45:04.462+0000] {logging_mixin.py:151} INFO - [2024-06-10T19:45:04.462+0000] {dagbag.py:539} INFO - Filling up the DagBag from /home/airflow/.local/lib/python3.8/site-packages/airflow/example_dags/tutorial.py
[2024-06-10T19:45:04.468+0000] {processor.py:839} INFO - DAG(s) dict_keys(['tutorial']) retrieved from /home/airflow/.local/lib/python3.8/site-packages/airflow/example_dags/tutorial.py
[2024-06-10T19:45:04.488+0000] {logging_mixin.py:151} INFO - [2024-06-10T19:45:04.488+0000] {dag.py:2915} INFO - Sync 1 DAGs
[2024-06-10T19:45:04.511+0000] {logging_mixin.py:151} INFO - [2024-06-10T19:45:04.511+0000] {dag.py:3696} INFO - Setting next_dagrun for tutorial to 2024-06-09T19:45:04.511453+00:00, run_after=2024-06-10T19:45:04.511453+00:00
[2024-06-10T19:45:04.529+0000] {processor.py:179} INFO - Processing /home/airflow/.local/lib/python3.8/site-packages/airflow/example_dags/tutorial.py took 0.072 seconds
[2024-06-10T19:45:35.329+0000] {processor.py:157} INFO - Started process (PID=3639) to work on /home/airflow/.local/lib/python3.8/site-packages/airflow/example_dags/tutorial.py
[2024-06-10T19:45:35.329+0000] {processor.py:829} INFO - Processing file /home/airflow/.local/lib/python3.8/site-packages/airflow/example_dags/tutorial.py for tasks to queue
[2024-06-10T19:45:35.330+0000] {logging_mixin.py:151} INFO - [2024-06-10T19:45:35.330+0000] {dagbag.py:539} INFO - Filling up the DagBag from /home/airflow/.local/lib/python3.8/site-packages/airflow/example_dags/tutorial.py
[2024-06-10T19:45:35.336+0000] {processor.py:839} INFO - DAG(s) dict_keys(['tutorial']) retrieved from /home/airflow/.local/lib/python3.8/site-packages/airflow/example_dags/tutorial.py
[2024-06-10T19:45:35.355+0000] {logging_mixin.py:151} INFO - [2024-06-10T19:45:35.354+0000] {dag.py:2915} INFO - Sync 1 DAGs
[2024-06-10T19:45:35.376+0000] {logging_mixin.py:151} INFO - [2024-06-10T19:45:35.376+0000] {dag.py:3696} INFO - Setting next_dagrun for tutorial to 2024-06-09T19:45:35.375931+00:00, run_after=2024-06-10T19:45:35.375931+00:00
[2024-06-10T19:45:35.394+0000] {processor.py:179} INFO - Processing /home/airflow/.local/lib/python3.8/site-packages/airflow/example_dags/tutorial.py took 0.068 seconds
[2024-06-10T19:46:05.961+0000] {processor.py:157} INFO - Started process (PID=3876) to work on /home/airflow/.local/lib/python3.8/site-packages/airflow/example_dags/tutorial.py
[2024-06-10T19:46:05.962+0000] {processor.py:829} INFO - Processing file /home/airflow/.local/lib/python3.8/site-packages/airflow/example_dags/tutorial.py for tasks to queue
[2024-06-10T19:46:05.963+0000] {logging_mixin.py:151} INFO - [2024-06-10T19:46:05.963+0000] {dagbag.py:539} INFO - Filling up the DagBag from /home/airflow/.local/lib/python3.8/site-packages/airflow/example_dags/tutorial.py
[2024-06-10T19:46:05.969+0000] {processor.py:839} INFO - DAG(s) dict_keys(['tutorial']) retrieved from /home/airflow/.local/lib/python3.8/site-packages/airflow/example_dags/tutorial.py
[2024-06-10T19:46:05.988+0000] {logging_mixin.py:151} INFO - [2024-06-10T19:46:05.988+0000] {dag.py:2915} INFO - Sync 1 DAGs
[2024-06-10T19:46:06.011+0000] {logging_mixin.py:151} INFO - [2024-06-10T19:46:06.011+0000] {dag.py:3696} INFO - Setting next_dagrun for tutorial to 2024-06-09T19:46:06.011110+00:00, run_after=2024-06-10T19:46:06.011110+00:00
[2024-06-10T19:46:06.029+0000] {processor.py:179} INFO - Processing /home/airflow/.local/lib/python3.8/site-packages/airflow/example_dags/tutorial.py took 0.071 seconds
[2024-06-10T19:46:36.607+0000] {processor.py:157} INFO - Started process (PID=4114) to work on /home/airflow/.local/lib/python3.8/site-packages/airflow/example_dags/tutorial.py
[2024-06-10T19:46:36.608+0000] {processor.py:829} INFO - Processing file /home/airflow/.local/lib/python3.8/site-packages/airflow/example_dags/tutorial.py for tasks to queue
[2024-06-10T19:46:36.609+0000] {logging_mixin.py:151} INFO - [2024-06-10T19:46:36.608+0000] {dagbag.py:539} INFO - Filling up the DagBag from /home/airflow/.local/lib/python3.8/site-packages/airflow/example_dags/tutorial.py
[2024-06-10T19:46:36.615+0000] {processor.py:839} INFO - DAG(s) dict_keys(['tutorial']) retrieved from /home/airflow/.local/lib/python3.8/site-packages/airflow/example_dags/tutorial.py
[2024-06-10T19:46:36.635+0000] {logging_mixin.py:151} INFO - [2024-06-10T19:46:36.634+0000] {dag.py:2915} INFO - Sync 1 DAGs
[2024-06-10T19:46:36.657+0000] {logging_mixin.py:151} INFO - [2024-06-10T19:46:36.656+0000] {dag.py:3696} INFO - Setting next_dagrun for tutorial to 2024-06-09T19:46:36.656533+00:00, run_after=2024-06-10T19:46:36.656533+00:00
[2024-06-10T19:46:36.674+0000] {processor.py:179} INFO - Processing /home/airflow/.local/lib/python3.8/site-packages/airflow/example_dags/tutorial.py took 0.070 seconds
[2024-06-10T19:47:07.372+0000] {processor.py:157} INFO - Started process (PID=4353) to work on /home/airflow/.local/lib/python3.8/site-packages/airflow/example_dags/tutorial.py
[2024-06-10T19:47:07.373+0000] {processor.py:829} INFO - Processing file /home/airflow/.local/lib/python3.8/site-packages/airflow/example_dags/tutorial.py for tasks to queue
[2024-06-10T19:47:07.374+0000] {logging_mixin.py:151} INFO - [2024-06-10T19:47:07.373+0000] {dagbag.py:539} INFO - Filling up the DagBag from /home/airflow/.local/lib/python3.8/site-packages/airflow/example_dags/tutorial.py
[2024-06-10T19:47:07.380+0000] {processor.py:839} INFO - DAG(s) dict_keys(['tutorial']) retrieved from /home/airflow/.local/lib/python3.8/site-packages/airflow/example_dags/tutorial.py
[2024-06-10T19:47:07.398+0000] {logging_mixin.py:151} INFO - [2024-06-10T19:47:07.398+0000] {dag.py:2915} INFO - Sync 1 DAGs
[2024-06-10T19:47:07.419+0000] {logging_mixin.py:151} INFO - [2024-06-10T19:47:07.419+0000] {dag.py:3696} INFO - Setting next_dagrun for tutorial to 2024-06-09T19:47:07.419100+00:00, run_after=2024-06-10T19:47:07.419100+00:00
[2024-06-10T19:47:07.435+0000] {processor.py:179} INFO - Processing /home/airflow/.local/lib/python3.8/site-packages/airflow/example_dags/tutorial.py took 0.066 seconds
[2024-06-10T19:47:38.137+0000] {processor.py:157} INFO - Started process (PID=4591) to work on /home/airflow/.local/lib/python3.8/site-packages/airflow/example_dags/tutorial.py
[2024-06-10T19:47:38.137+0000] {processor.py:829} INFO - Processing file /home/airflow/.local/lib/python3.8/site-packages/airflow/example_dags/tutorial.py for tasks to queue
[2024-06-10T19:47:38.138+0000] {logging_mixin.py:151} INFO - [2024-06-10T19:47:38.138+0000] {dagbag.py:539} INFO - Filling up the DagBag from /home/airflow/.local/lib/python3.8/site-packages/airflow/example_dags/tutorial.py
[2024-06-10T19:47:38.144+0000] {processor.py:839} INFO - DAG(s) dict_keys(['tutorial']) retrieved from /home/airflow/.local/lib/python3.8/site-packages/airflow/example_dags/tutorial.py
[2024-06-10T19:47:38.164+0000] {logging_mixin.py:151} INFO - [2024-06-10T19:47:38.164+0000] {dag.py:2915} INFO - Sync 1 DAGs
[2024-06-10T19:47:38.186+0000] {logging_mixin.py:151} INFO - [2024-06-10T19:47:38.186+0000] {dag.py:3696} INFO - Setting next_dagrun for tutorial to 2024-06-09T19:47:38.185796+00:00, run_after=2024-06-10T19:47:38.185796+00:00
[2024-06-10T19:47:38.203+0000] {processor.py:179} INFO - Processing /home/airflow/.local/lib/python3.8/site-packages/airflow/example_dags/tutorial.py took 0.069 seconds
[2024-06-10T19:48:09.063+0000] {processor.py:157} INFO - Started process (PID=4829) to work on /home/airflow/.local/lib/python3.8/site-packages/airflow/example_dags/tutorial.py
[2024-06-10T19:48:09.064+0000] {processor.py:829} INFO - Processing file /home/airflow/.local/lib/python3.8/site-packages/airflow/example_dags/tutorial.py for tasks to queue
[2024-06-10T19:48:09.065+0000] {logging_mixin.py:151} INFO - [2024-06-10T19:48:09.065+0000] {dagbag.py:539} INFO - Filling up the DagBag from /home/airflow/.local/lib/python3.8/site-packages/airflow/example_dags/tutorial.py
[2024-06-10T19:48:09.071+0000] {processor.py:839} INFO - DAG(s) dict_keys(['tutorial']) retrieved from /home/airflow/.local/lib/python3.8/site-packages/airflow/example_dags/tutorial.py
[2024-06-10T19:48:09.091+0000] {logging_mixin.py:151} INFO - [2024-06-10T19:48:09.090+0000] {dag.py:2915} INFO - Sync 1 DAGs
[2024-06-10T19:48:09.112+0000] {logging_mixin.py:151} INFO - [2024-06-10T19:48:09.112+0000] {dag.py:3696} INFO - Setting next_dagrun for tutorial to 2024-06-09T19:48:09.112438+00:00, run_after=2024-06-10T19:48:09.112438+00:00
[2024-06-10T19:48:09.131+0000] {processor.py:179} INFO - Processing /home/airflow/.local/lib/python3.8/site-packages/airflow/example_dags/tutorial.py took 0.070 seconds
[2024-06-10T19:48:39.525+0000] {processor.py:157} INFO - Started process (PID=5069) to work on /home/airflow/.local/lib/python3.8/site-packages/airflow/example_dags/tutorial.py
[2024-06-10T19:48:39.526+0000] {processor.py:829} INFO - Processing file /home/airflow/.local/lib/python3.8/site-packages/airflow/example_dags/tutorial.py for tasks to queue
[2024-06-10T19:48:39.527+0000] {logging_mixin.py:151} INFO - [2024-06-10T19:48:39.526+0000] {dagbag.py:539} INFO - Filling up the DagBag from /home/airflow/.local/lib/python3.8/site-packages/airflow/example_dags/tutorial.py
[2024-06-10T19:48:39.533+0000] {processor.py:839} INFO - DAG(s) dict_keys(['tutorial']) retrieved from /home/airflow/.local/lib/python3.8/site-packages/airflow/example_dags/tutorial.py
[2024-06-10T19:48:39.553+0000] {logging_mixin.py:151} INFO - [2024-06-10T19:48:39.552+0000] {dag.py:2915} INFO - Sync 1 DAGs
[2024-06-10T19:48:39.573+0000] {logging_mixin.py:151} INFO - [2024-06-10T19:48:39.573+0000] {dag.py:3696} INFO - Setting next_dagrun for tutorial to 2024-06-09T19:48:39.573470+00:00, run_after=2024-06-10T19:48:39.573470+00:00
[2024-06-10T19:48:39.591+0000] {processor.py:179} INFO - Processing /home/airflow/.local/lib/python3.8/site-packages/airflow/example_dags/tutorial.py took 0.069 seconds
[2024-06-10T19:49:09.813+0000] {processor.py:157} INFO - Started process (PID=5307) to work on /home/airflow/.local/lib/python3.8/site-packages/airflow/example_dags/tutorial.py
[2024-06-10T19:49:09.814+0000] {processor.py:829} INFO - Processing file /home/airflow/.local/lib/python3.8/site-packages/airflow/example_dags/tutorial.py for tasks to queue
[2024-06-10T19:49:09.815+0000] {logging_mixin.py:151} INFO - [2024-06-10T19:49:09.815+0000] {dagbag.py:539} INFO - Filling up the DagBag from /home/airflow/.local/lib/python3.8/site-packages/airflow/example_dags/tutorial.py
[2024-06-10T19:49:09.821+0000] {processor.py:839} INFO - DAG(s) dict_keys(['tutorial']) retrieved from /home/airflow/.local/lib/python3.8/site-packages/airflow/example_dags/tutorial.py
[2024-06-10T19:49:09.841+0000] {logging_mixin.py:151} INFO - [2024-06-10T19:49:09.841+0000] {dag.py:2915} INFO - Sync 1 DAGs
[2024-06-10T19:49:09.864+0000] {logging_mixin.py:151} INFO - [2024-06-10T19:49:09.863+0000] {dag.py:3696} INFO - Setting next_dagrun for tutorial to 2024-06-09T19:49:09.863555+00:00, run_after=2024-06-10T19:49:09.863555+00:00
[2024-06-10T19:49:09.882+0000] {processor.py:179} INFO - Processing /home/airflow/.local/lib/python3.8/site-packages/airflow/example_dags/tutorial.py took 0.071 seconds
[2024-06-10T19:49:40.246+0000] {processor.py:157} INFO - Started process (PID=5545) to work on /home/airflow/.local/lib/python3.8/site-packages/airflow/example_dags/tutorial.py
[2024-06-10T19:49:40.247+0000] {processor.py:829} INFO - Processing file /home/airflow/.local/lib/python3.8/site-packages/airflow/example_dags/tutorial.py for tasks to queue
[2024-06-10T19:49:40.248+0000] {logging_mixin.py:151} INFO - [2024-06-10T19:49:40.247+0000] {dagbag.py:539} INFO - Filling up the DagBag from /home/airflow/.local/lib/python3.8/site-packages/airflow/example_dags/tutorial.py
[2024-06-10T19:49:40.255+0000] {processor.py:839} INFO - DAG(s) dict_keys(['tutorial']) retrieved from /home/airflow/.local/lib/python3.8/site-packages/airflow/example_dags/tutorial.py
[2024-06-10T19:49:40.281+0000] {logging_mixin.py:151} INFO - [2024-06-10T19:49:40.281+0000] {dag.py:2915} INFO - Sync 1 DAGs
[2024-06-10T19:49:40.313+0000] {logging_mixin.py:151} INFO - [2024-06-10T19:49:40.313+0000] {dag.py:3696} INFO - Setting next_dagrun for tutorial to 2024-06-09T19:49:40.313190+00:00, run_after=2024-06-10T19:49:40.313190+00:00
[2024-06-10T19:49:40.340+0000] {processor.py:179} INFO - Processing /home/airflow/.local/lib/python3.8/site-packages/airflow/example_dags/tutorial.py took 0.098 seconds
[2024-06-10T19:50:11.196+0000] {processor.py:157} INFO - Started process (PID=5781) to work on /home/airflow/.local/lib/python3.8/site-packages/airflow/example_dags/tutorial.py
[2024-06-10T19:50:11.197+0000] {processor.py:829} INFO - Processing file /home/airflow/.local/lib/python3.8/site-packages/airflow/example_dags/tutorial.py for tasks to queue
[2024-06-10T19:50:11.197+0000] {logging_mixin.py:151} INFO - [2024-06-10T19:50:11.197+0000] {dagbag.py:539} INFO - Filling up the DagBag from /home/airflow/.local/lib/python3.8/site-packages/airflow/example_dags/tutorial.py
[2024-06-10T19:50:11.204+0000] {processor.py:839} INFO - DAG(s) dict_keys(['tutorial']) retrieved from /home/airflow/.local/lib/python3.8/site-packages/airflow/example_dags/tutorial.py
[2024-06-10T19:50:11.224+0000] {logging_mixin.py:151} INFO - [2024-06-10T19:50:11.224+0000] {dag.py:2915} INFO - Sync 1 DAGs
[2024-06-10T19:50:11.247+0000] {logging_mixin.py:151} INFO - [2024-06-10T19:50:11.246+0000] {dag.py:3696} INFO - Setting next_dagrun for tutorial to 2024-06-09T19:50:11.246545+00:00, run_after=2024-06-10T19:50:11.246545+00:00
[2024-06-10T19:50:11.265+0000] {processor.py:179} INFO - Processing /home/airflow/.local/lib/python3.8/site-packages/airflow/example_dags/tutorial.py took 0.072 seconds
[2024-06-10T19:50:41.422+0000] {processor.py:157} INFO - Started process (PID=6019) to work on /home/airflow/.local/lib/python3.8/site-packages/airflow/example_dags/tutorial.py
[2024-06-10T19:50:41.422+0000] {processor.py:829} INFO - Processing file /home/airflow/.local/lib/python3.8/site-packages/airflow/example_dags/tutorial.py for tasks to queue
[2024-06-10T19:50:41.423+0000] {logging_mixin.py:151} INFO - [2024-06-10T19:50:41.423+0000] {dagbag.py:539} INFO - Filling up the DagBag from /home/airflow/.local/lib/python3.8/site-packages/airflow/example_dags/tutorial.py
[2024-06-10T19:50:41.431+0000] {processor.py:839} INFO - DAG(s) dict_keys(['tutorial']) retrieved from /home/airflow/.local/lib/python3.8/site-packages/airflow/example_dags/tutorial.py
[2024-06-10T19:50:41.454+0000] {logging_mixin.py:151} INFO - [2024-06-10T19:50:41.454+0000] {dag.py:2915} INFO - Sync 1 DAGs
[2024-06-10T19:50:41.479+0000] {logging_mixin.py:151} INFO - [2024-06-10T19:50:41.479+0000] {dag.py:3696} INFO - Setting next_dagrun for tutorial to 2024-06-09T19:50:41.479311+00:00, run_after=2024-06-10T19:50:41.479311+00:00
[2024-06-10T19:50:41.502+0000] {processor.py:179} INFO - Processing /home/airflow/.local/lib/python3.8/site-packages/airflow/example_dags/tutorial.py took 0.084 seconds
[2024-06-10T19:51:11.541+0000] {processor.py:157} INFO - Started process (PID=6256) to work on /home/airflow/.local/lib/python3.8/site-packages/airflow/example_dags/tutorial.py
[2024-06-10T19:51:11.541+0000] {processor.py:829} INFO - Processing file /home/airflow/.local/lib/python3.8/site-packages/airflow/example_dags/tutorial.py for tasks to queue
[2024-06-10T19:51:11.542+0000] {logging_mixin.py:151} INFO - [2024-06-10T19:51:11.542+0000] {dagbag.py:539} INFO - Filling up the DagBag from /home/airflow/.local/lib/python3.8/site-packages/airflow/example_dags/tutorial.py
[2024-06-10T19:51:11.548+0000] {processor.py:839} INFO - DAG(s) dict_keys(['tutorial']) retrieved from /home/airflow/.local/lib/python3.8/site-packages/airflow/example_dags/tutorial.py
[2024-06-10T19:51:11.568+0000] {logging_mixin.py:151} INFO - [2024-06-10T19:51:11.567+0000] {dag.py:2915} INFO - Sync 1 DAGs
[2024-06-10T19:51:11.588+0000] {logging_mixin.py:151} INFO - [2024-06-10T19:51:11.588+0000] {dag.py:3696} INFO - Setting next_dagrun for tutorial to 2024-06-09T19:51:11.588076+00:00, run_after=2024-06-10T19:51:11.588076+00:00
[2024-06-10T19:51:11.607+0000] {processor.py:179} INFO - Processing /home/airflow/.local/lib/python3.8/site-packages/airflow/example_dags/tutorial.py took 0.069 seconds
[2024-06-10T19:51:42.496+0000] {processor.py:157} INFO - Started process (PID=6493) to work on /home/airflow/.local/lib/python3.8/site-packages/airflow/example_dags/tutorial.py
[2024-06-10T19:51:42.497+0000] {processor.py:829} INFO - Processing file /home/airflow/.local/lib/python3.8/site-packages/airflow/example_dags/tutorial.py for tasks to queue
[2024-06-10T19:51:42.497+0000] {logging_mixin.py:151} INFO - [2024-06-10T19:51:42.497+0000] {dagbag.py:539} INFO - Filling up the DagBag from /home/airflow/.local/lib/python3.8/site-packages/airflow/example_dags/tutorial.py
[2024-06-10T19:51:42.504+0000] {processor.py:839} INFO - DAG(s) dict_keys(['tutorial']) retrieved from /home/airflow/.local/lib/python3.8/site-packages/airflow/example_dags/tutorial.py
[2024-06-10T19:51:42.523+0000] {logging_mixin.py:151} INFO - [2024-06-10T19:51:42.523+0000] {dag.py:2915} INFO - Sync 1 DAGs
[2024-06-10T19:51:42.546+0000] {logging_mixin.py:151} INFO - [2024-06-10T19:51:42.546+0000] {dag.py:3696} INFO - Setting next_dagrun for tutorial to 2024-06-09T19:51:42.546076+00:00, run_after=2024-06-10T19:51:42.546076+00:00
[2024-06-10T19:51:42.565+0000] {processor.py:179} INFO - Processing /home/airflow/.local/lib/python3.8/site-packages/airflow/example_dags/tutorial.py took 0.072 seconds
[2024-06-10T19:52:12.872+0000] {processor.py:157} INFO - Started process (PID=6730) to work on /home/airflow/.local/lib/python3.8/site-packages/airflow/example_dags/tutorial.py
[2024-06-10T19:52:12.873+0000] {processor.py:829} INFO - Processing file /home/airflow/.local/lib/python3.8/site-packages/airflow/example_dags/tutorial.py for tasks to queue
[2024-06-10T19:52:12.873+0000] {logging_mixin.py:151} INFO - [2024-06-10T19:52:12.873+0000] {dagbag.py:539} INFO - Filling up the DagBag from /home/airflow/.local/lib/python3.8/site-packages/airflow/example_dags/tutorial.py
[2024-06-10T19:52:12.879+0000] {processor.py:839} INFO - DAG(s) dict_keys(['tutorial']) retrieved from /home/airflow/.local/lib/python3.8/site-packages/airflow/example_dags/tutorial.py
[2024-06-10T19:52:12.901+0000] {logging_mixin.py:151} INFO - [2024-06-10T19:52:12.901+0000] {dag.py:2915} INFO - Sync 1 DAGs
[2024-06-10T19:52:12.930+0000] {logging_mixin.py:151} INFO - [2024-06-10T19:52:12.930+0000] {dag.py:3696} INFO - Setting next_dagrun for tutorial to 2024-06-09T19:52:12.929729+00:00, run_after=2024-06-10T19:52:12.929729+00:00
[2024-06-10T19:52:12.961+0000] {processor.py:179} INFO - Processing /home/airflow/.local/lib/python3.8/site-packages/airflow/example_dags/tutorial.py took 0.092 seconds
[2024-06-10T19:52:43.502+0000] {processor.py:157} INFO - Started process (PID=6968) to work on /home/airflow/.local/lib/python3.8/site-packages/airflow/example_dags/tutorial.py
[2024-06-10T19:52:43.503+0000] {processor.py:829} INFO - Processing file /home/airflow/.local/lib/python3.8/site-packages/airflow/example_dags/tutorial.py for tasks to queue
[2024-06-10T19:52:43.504+0000] {logging_mixin.py:151} INFO - [2024-06-10T19:52:43.503+0000] {dagbag.py:539} INFO - Filling up the DagBag from /home/airflow/.local/lib/python3.8/site-packages/airflow/example_dags/tutorial.py
[2024-06-10T19:52:43.510+0000] {processor.py:839} INFO - DAG(s) dict_keys(['tutorial']) retrieved from /home/airflow/.local/lib/python3.8/site-packages/airflow/example_dags/tutorial.py
[2024-06-10T19:52:43.529+0000] {logging_mixin.py:151} INFO - [2024-06-10T19:52:43.529+0000] {dag.py:2915} INFO - Sync 1 DAGs
[2024-06-10T19:52:43.552+0000] {logging_mixin.py:151} INFO - [2024-06-10T19:52:43.552+0000] {dag.py:3696} INFO - Setting next_dagrun for tutorial to 2024-06-09T19:52:43.552449+00:00, run_after=2024-06-10T19:52:43.552449+00:00
[2024-06-10T19:52:43.572+0000] {processor.py:179} INFO - Processing /home/airflow/.local/lib/python3.8/site-packages/airflow/example_dags/tutorial.py took 0.073 seconds
[2024-06-10T19:53:14.072+0000] {processor.py:157} INFO - Started process (PID=7206) to work on /home/airflow/.local/lib/python3.8/site-packages/airflow/example_dags/tutorial.py
[2024-06-10T19:53:14.073+0000] {processor.py:829} INFO - Processing file /home/airflow/.local/lib/python3.8/site-packages/airflow/example_dags/tutorial.py for tasks to queue
[2024-06-10T19:53:14.074+0000] {logging_mixin.py:151} INFO - [2024-06-10T19:53:14.073+0000] {dagbag.py:539} INFO - Filling up the DagBag from /home/airflow/.local/lib/python3.8/site-packages/airflow/example_dags/tutorial.py
[2024-06-10T19:53:14.079+0000] {processor.py:839} INFO - DAG(s) dict_keys(['tutorial']) retrieved from /home/airflow/.local/lib/python3.8/site-packages/airflow/example_dags/tutorial.py
[2024-06-10T19:53:14.100+0000] {logging_mixin.py:151} INFO - [2024-06-10T19:53:14.099+0000] {dag.py:2915} INFO - Sync 1 DAGs
[2024-06-10T19:53:14.123+0000] {logging_mixin.py:151} INFO - [2024-06-10T19:53:14.122+0000] {dag.py:3696} INFO - Setting next_dagrun for tutorial to 2024-06-09T19:53:14.122672+00:00, run_after=2024-06-10T19:53:14.122672+00:00
[2024-06-10T19:53:14.141+0000] {processor.py:179} INFO - Processing /home/airflow/.local/lib/python3.8/site-packages/airflow/example_dags/tutorial.py took 0.072 seconds
[2024-06-10T19:53:44.308+0000] {processor.py:157} INFO - Started process (PID=7444) to work on /home/airflow/.local/lib/python3.8/site-packages/airflow/example_dags/tutorial.py
[2024-06-10T19:53:44.309+0000] {processor.py:829} INFO - Processing file /home/airflow/.local/lib/python3.8/site-packages/airflow/example_dags/tutorial.py for tasks to queue
[2024-06-10T19:53:44.309+0000] {logging_mixin.py:151} INFO - [2024-06-10T19:53:44.309+0000] {dagbag.py:539} INFO - Filling up the DagBag from /home/airflow/.local/lib/python3.8/site-packages/airflow/example_dags/tutorial.py
[2024-06-10T19:53:44.317+0000] {processor.py:839} INFO - DAG(s) dict_keys(['tutorial']) retrieved from /home/airflow/.local/lib/python3.8/site-packages/airflow/example_dags/tutorial.py
[2024-06-10T19:53:44.338+0000] {logging_mixin.py:151} INFO - [2024-06-10T19:53:44.338+0000] {dag.py:2915} INFO - Sync 1 DAGs
[2024-06-10T19:53:44.361+0000] {logging_mixin.py:151} INFO - [2024-06-10T19:53:44.361+0000] {dag.py:3696} INFO - Setting next_dagrun for tutorial to 2024-06-09T19:53:44.361015+00:00, run_after=2024-06-10T19:53:44.361015+00:00
[2024-06-10T19:53:44.384+0000] {processor.py:179} INFO - Processing /home/airflow/.local/lib/python3.8/site-packages/airflow/example_dags/tutorial.py took 0.080 seconds
[2024-06-10T19:54:14.631+0000] {processor.py:157} INFO - Started process (PID=7682) to work on /home/airflow/.local/lib/python3.8/site-packages/airflow/example_dags/tutorial.py
[2024-06-10T19:54:14.634+0000] {processor.py:829} INFO - Processing file /home/airflow/.local/lib/python3.8/site-packages/airflow/example_dags/tutorial.py for tasks to queue
[2024-06-10T19:54:14.635+0000] {logging_mixin.py:151} INFO - [2024-06-10T19:54:14.635+0000] {dagbag.py:539} INFO - Filling up the DagBag from /home/airflow/.local/lib/python3.8/site-packages/airflow/example_dags/tutorial.py
[2024-06-10T19:54:14.645+0000] {processor.py:839} INFO - DAG(s) dict_keys(['tutorial']) retrieved from /home/airflow/.local/lib/python3.8/site-packages/airflow/example_dags/tutorial.py
[2024-06-10T19:54:14.676+0000] {logging_mixin.py:151} INFO - [2024-06-10T19:54:14.676+0000] {dag.py:2915} INFO - Sync 1 DAGs
[2024-06-10T19:54:14.710+0000] {logging_mixin.py:151} INFO - [2024-06-10T19:54:14.710+0000] {dag.py:3696} INFO - Setting next_dagrun for tutorial to 2024-06-09T19:54:14.709767+00:00, run_after=2024-06-10T19:54:14.709767+00:00
[2024-06-10T19:54:14.744+0000] {processor.py:179} INFO - Processing /home/airflow/.local/lib/python3.8/site-packages/airflow/example_dags/tutorial.py took 0.118 seconds
[2024-06-10T19:54:45.531+0000] {processor.py:157} INFO - Started process (PID=7920) to work on /home/airflow/.local/lib/python3.8/site-packages/airflow/example_dags/tutorial.py
[2024-06-10T19:54:45.532+0000] {processor.py:829} INFO - Processing file /home/airflow/.local/lib/python3.8/site-packages/airflow/example_dags/tutorial.py for tasks to queue
[2024-06-10T19:54:45.533+0000] {logging_mixin.py:151} INFO - [2024-06-10T19:54:45.532+0000] {dagbag.py:539} INFO - Filling up the DagBag from /home/airflow/.local/lib/python3.8/site-packages/airflow/example_dags/tutorial.py
[2024-06-10T19:54:45.539+0000] {processor.py:839} INFO - DAG(s) dict_keys(['tutorial']) retrieved from /home/airflow/.local/lib/python3.8/site-packages/airflow/example_dags/tutorial.py
[2024-06-10T19:54:45.565+0000] {logging_mixin.py:151} INFO - [2024-06-10T19:54:45.565+0000] {dag.py:2915} INFO - Sync 1 DAGs
[2024-06-10T19:54:45.594+0000] {logging_mixin.py:151} INFO - [2024-06-10T19:54:45.594+0000] {dag.py:3696} INFO - Setting next_dagrun for tutorial to 2024-06-09T19:54:45.594017+00:00, run_after=2024-06-10T19:54:45.594017+00:00
[2024-06-10T19:54:45.615+0000] {processor.py:179} INFO - Processing /home/airflow/.local/lib/python3.8/site-packages/airflow/example_dags/tutorial.py took 0.086 seconds
[2024-06-10T19:55:16.315+0000] {processor.py:157} INFO - Started process (PID=8166) to work on /home/airflow/.local/lib/python3.8/site-packages/airflow/example_dags/tutorial.py
[2024-06-10T19:55:16.316+0000] {processor.py:829} INFO - Processing file /home/airflow/.local/lib/python3.8/site-packages/airflow/example_dags/tutorial.py for tasks to queue
[2024-06-10T19:55:16.317+0000] {logging_mixin.py:151} INFO - [2024-06-10T19:55:16.317+0000] {dagbag.py:539} INFO - Filling up the DagBag from /home/airflow/.local/lib/python3.8/site-packages/airflow/example_dags/tutorial.py
[2024-06-10T19:55:16.325+0000] {processor.py:839} INFO - DAG(s) dict_keys(['tutorial']) retrieved from /home/airflow/.local/lib/python3.8/site-packages/airflow/example_dags/tutorial.py
[2024-06-10T19:55:16.347+0000] {logging_mixin.py:151} INFO - [2024-06-10T19:55:16.347+0000] {dag.py:2915} INFO - Sync 1 DAGs
[2024-06-10T19:55:16.373+0000] {logging_mixin.py:151} INFO - [2024-06-10T19:55:16.373+0000] {dag.py:3696} INFO - Setting next_dagrun for tutorial to 2024-06-09T19:55:16.373068+00:00, run_after=2024-06-10T19:55:16.373068+00:00
[2024-06-10T19:55:16.395+0000] {processor.py:179} INFO - Processing /home/airflow/.local/lib/python3.8/site-packages/airflow/example_dags/tutorial.py took 0.083 seconds
[2024-06-10T19:55:47.259+0000] {processor.py:157} INFO - Started process (PID=8404) to work on /home/airflow/.local/lib/python3.8/site-packages/airflow/example_dags/tutorial.py
[2024-06-10T19:55:47.259+0000] {processor.py:829} INFO - Processing file /home/airflow/.local/lib/python3.8/site-packages/airflow/example_dags/tutorial.py for tasks to queue
[2024-06-10T19:55:47.260+0000] {logging_mixin.py:151} INFO - [2024-06-10T19:55:47.260+0000] {dagbag.py:539} INFO - Filling up the DagBag from /home/airflow/.local/lib/python3.8/site-packages/airflow/example_dags/tutorial.py
[2024-06-10T19:55:47.268+0000] {processor.py:839} INFO - DAG(s) dict_keys(['tutorial']) retrieved from /home/airflow/.local/lib/python3.8/site-packages/airflow/example_dags/tutorial.py
[2024-06-10T19:55:47.291+0000] {logging_mixin.py:151} INFO - [2024-06-10T19:55:47.291+0000] {dag.py:2915} INFO - Sync 1 DAGs
[2024-06-10T19:55:47.316+0000] {logging_mixin.py:151} INFO - [2024-06-10T19:55:47.316+0000] {dag.py:3696} INFO - Setting next_dagrun for tutorial to 2024-06-09T19:55:47.315870+00:00, run_after=2024-06-10T19:55:47.315870+00:00
[2024-06-10T19:55:47.338+0000] {processor.py:179} INFO - Processing /home/airflow/.local/lib/python3.8/site-packages/airflow/example_dags/tutorial.py took 0.082 seconds
[2024-06-10T19:56:17.493+0000] {processor.py:157} INFO - Started process (PID=8642) to work on /home/airflow/.local/lib/python3.8/site-packages/airflow/example_dags/tutorial.py
[2024-06-10T19:56:17.494+0000] {processor.py:829} INFO - Processing file /home/airflow/.local/lib/python3.8/site-packages/airflow/example_dags/tutorial.py for tasks to queue
[2024-06-10T19:56:17.495+0000] {logging_mixin.py:151} INFO - [2024-06-10T19:56:17.495+0000] {dagbag.py:539} INFO - Filling up the DagBag from /home/airflow/.local/lib/python3.8/site-packages/airflow/example_dags/tutorial.py
[2024-06-10T19:56:17.502+0000] {processor.py:839} INFO - DAG(s) dict_keys(['tutorial']) retrieved from /home/airflow/.local/lib/python3.8/site-packages/airflow/example_dags/tutorial.py
[2024-06-10T19:56:17.524+0000] {logging_mixin.py:151} INFO - [2024-06-10T19:56:17.523+0000] {dag.py:2915} INFO - Sync 1 DAGs
[2024-06-10T19:56:17.548+0000] {logging_mixin.py:151} INFO - [2024-06-10T19:56:17.547+0000] {dag.py:3696} INFO - Setting next_dagrun for tutorial to 2024-06-09T19:56:17.547636+00:00, run_after=2024-06-10T19:56:17.547636+00:00
[2024-06-10T19:56:17.570+0000] {processor.py:179} INFO - Processing /home/airflow/.local/lib/python3.8/site-packages/airflow/example_dags/tutorial.py took 0.079 seconds
[2024-06-10T19:56:47.670+0000] {processor.py:157} INFO - Started process (PID=8880) to work on /home/airflow/.local/lib/python3.8/site-packages/airflow/example_dags/tutorial.py
[2024-06-10T19:56:47.671+0000] {processor.py:829} INFO - Processing file /home/airflow/.local/lib/python3.8/site-packages/airflow/example_dags/tutorial.py for tasks to queue
[2024-06-10T19:56:47.671+0000] {logging_mixin.py:151} INFO - [2024-06-10T19:56:47.671+0000] {dagbag.py:539} INFO - Filling up the DagBag from /home/airflow/.local/lib/python3.8/site-packages/airflow/example_dags/tutorial.py
[2024-06-10T19:56:47.678+0000] {processor.py:839} INFO - DAG(s) dict_keys(['tutorial']) retrieved from /home/airflow/.local/lib/python3.8/site-packages/airflow/example_dags/tutorial.py
[2024-06-10T19:56:47.700+0000] {logging_mixin.py:151} INFO - [2024-06-10T19:56:47.700+0000] {dag.py:2915} INFO - Sync 1 DAGs
[2024-06-10T19:56:47.726+0000] {logging_mixin.py:151} INFO - [2024-06-10T19:56:47.726+0000] {dag.py:3696} INFO - Setting next_dagrun for tutorial to 2024-06-09T19:56:47.725934+00:00, run_after=2024-06-10T19:56:47.725934+00:00
[2024-06-10T19:56:47.747+0000] {processor.py:179} INFO - Processing /home/airflow/.local/lib/python3.8/site-packages/airflow/example_dags/tutorial.py took 0.081 seconds
[2024-06-10T19:57:18.068+0000] {processor.py:157} INFO - Started process (PID=9117) to work on /home/airflow/.local/lib/python3.8/site-packages/airflow/example_dags/tutorial.py
[2024-06-10T19:57:18.069+0000] {processor.py:829} INFO - Processing file /home/airflow/.local/lib/python3.8/site-packages/airflow/example_dags/tutorial.py for tasks to queue
[2024-06-10T19:57:18.070+0000] {logging_mixin.py:151} INFO - [2024-06-10T19:57:18.070+0000] {dagbag.py:539} INFO - Filling up the DagBag from /home/airflow/.local/lib/python3.8/site-packages/airflow/example_dags/tutorial.py
[2024-06-10T19:57:18.076+0000] {processor.py:839} INFO - DAG(s) dict_keys(['tutorial']) retrieved from /home/airflow/.local/lib/python3.8/site-packages/airflow/example_dags/tutorial.py
[2024-06-10T19:57:18.096+0000] {logging_mixin.py:151} INFO - [2024-06-10T19:57:18.096+0000] {dag.py:2915} INFO - Sync 1 DAGs
[2024-06-10T19:57:18.117+0000] {logging_mixin.py:151} INFO - [2024-06-10T19:57:18.117+0000] {dag.py:3696} INFO - Setting next_dagrun for tutorial to 2024-06-09T19:57:18.117279+00:00, run_after=2024-06-10T19:57:18.117279+00:00
[2024-06-10T19:57:18.134+0000] {processor.py:179} INFO - Processing /home/airflow/.local/lib/python3.8/site-packages/airflow/example_dags/tutorial.py took 0.068 seconds
[2024-06-10T19:57:48.825+0000] {processor.py:157} INFO - Started process (PID=9355) to work on /home/airflow/.local/lib/python3.8/site-packages/airflow/example_dags/tutorial.py
[2024-06-10T19:57:48.826+0000] {processor.py:829} INFO - Processing file /home/airflow/.local/lib/python3.8/site-packages/airflow/example_dags/tutorial.py for tasks to queue
[2024-06-10T19:57:48.827+0000] {logging_mixin.py:151} INFO - [2024-06-10T19:57:48.826+0000] {dagbag.py:539} INFO - Filling up the DagBag from /home/airflow/.local/lib/python3.8/site-packages/airflow/example_dags/tutorial.py
[2024-06-10T19:57:48.833+0000] {processor.py:839} INFO - DAG(s) dict_keys(['tutorial']) retrieved from /home/airflow/.local/lib/python3.8/site-packages/airflow/example_dags/tutorial.py
[2024-06-10T19:57:48.853+0000] {logging_mixin.py:151} INFO - [2024-06-10T19:57:48.853+0000] {dag.py:2915} INFO - Sync 1 DAGs
[2024-06-10T19:57:48.876+0000] {logging_mixin.py:151} INFO - [2024-06-10T19:57:48.876+0000] {dag.py:3696} INFO - Setting next_dagrun for tutorial to 2024-06-09T19:57:48.876255+00:00, run_after=2024-06-10T19:57:48.876255+00:00
[2024-06-10T19:57:48.894+0000] {processor.py:179} INFO - Processing /home/airflow/.local/lib/python3.8/site-packages/airflow/example_dags/tutorial.py took 0.072 seconds
[2024-06-10T19:58:19.731+0000] {processor.py:157} INFO - Started process (PID=9594) to work on /home/airflow/.local/lib/python3.8/site-packages/airflow/example_dags/tutorial.py
[2024-06-10T19:58:19.732+0000] {processor.py:829} INFO - Processing file /home/airflow/.local/lib/python3.8/site-packages/airflow/example_dags/tutorial.py for tasks to queue
[2024-06-10T19:58:19.732+0000] {logging_mixin.py:151} INFO - [2024-06-10T19:58:19.732+0000] {dagbag.py:539} INFO - Filling up the DagBag from /home/airflow/.local/lib/python3.8/site-packages/airflow/example_dags/tutorial.py
[2024-06-10T19:58:19.738+0000] {processor.py:839} INFO - DAG(s) dict_keys(['tutorial']) retrieved from /home/airflow/.local/lib/python3.8/site-packages/airflow/example_dags/tutorial.py
[2024-06-10T19:58:19.757+0000] {logging_mixin.py:151} INFO - [2024-06-10T19:58:19.757+0000] {dag.py:2915} INFO - Sync 1 DAGs
[2024-06-10T19:58:19.783+0000] {logging_mixin.py:151} INFO - [2024-06-10T19:58:19.783+0000] {dag.py:3696} INFO - Setting next_dagrun for tutorial to 2024-06-09T19:58:19.782933+00:00, run_after=2024-06-10T19:58:19.782933+00:00
[2024-06-10T19:58:19.805+0000] {processor.py:179} INFO - Processing /home/airflow/.local/lib/python3.8/site-packages/airflow/example_dags/tutorial.py took 0.077 seconds
[2024-06-10T19:58:50.602+0000] {processor.py:157} INFO - Started process (PID=9833) to work on /home/airflow/.local/lib/python3.8/site-packages/airflow/example_dags/tutorial.py
[2024-06-10T19:58:50.603+0000] {processor.py:829} INFO - Processing file /home/airflow/.local/lib/python3.8/site-packages/airflow/example_dags/tutorial.py for tasks to queue
[2024-06-10T19:58:50.604+0000] {logging_mixin.py:151} INFO - [2024-06-10T19:58:50.603+0000] {dagbag.py:539} INFO - Filling up the DagBag from /home/airflow/.local/lib/python3.8/site-packages/airflow/example_dags/tutorial.py
[2024-06-10T19:58:50.612+0000] {processor.py:839} INFO - DAG(s) dict_keys(['tutorial']) retrieved from /home/airflow/.local/lib/python3.8/site-packages/airflow/example_dags/tutorial.py
[2024-06-10T19:58:50.633+0000] {logging_mixin.py:151} INFO - [2024-06-10T19:58:50.633+0000] {dag.py:2915} INFO - Sync 1 DAGs
[2024-06-10T19:58:50.654+0000] {logging_mixin.py:151} INFO - [2024-06-10T19:58:50.654+0000] {dag.py:3696} INFO - Setting next_dagrun for tutorial to 2024-06-09T19:58:50.654311+00:00, run_after=2024-06-10T19:58:50.654311+00:00
[2024-06-10T19:58:50.673+0000] {processor.py:179} INFO - Processing /home/airflow/.local/lib/python3.8/site-packages/airflow/example_dags/tutorial.py took 0.075 seconds
[2024-06-10T19:59:21.388+0000] {processor.py:157} INFO - Started process (PID=10071) to work on /home/airflow/.local/lib/python3.8/site-packages/airflow/example_dags/tutorial.py
[2024-06-10T19:59:21.389+0000] {processor.py:829} INFO - Processing file /home/airflow/.local/lib/python3.8/site-packages/airflow/example_dags/tutorial.py for tasks to queue
[2024-06-10T19:59:21.389+0000] {logging_mixin.py:151} INFO - [2024-06-10T19:59:21.389+0000] {dagbag.py:539} INFO - Filling up the DagBag from /home/airflow/.local/lib/python3.8/site-packages/airflow/example_dags/tutorial.py
[2024-06-10T19:59:21.396+0000] {processor.py:839} INFO - DAG(s) dict_keys(['tutorial']) retrieved from /home/airflow/.local/lib/python3.8/site-packages/airflow/example_dags/tutorial.py
[2024-06-10T19:59:21.415+0000] {logging_mixin.py:151} INFO - [2024-06-10T19:59:21.415+0000] {dag.py:2915} INFO - Sync 1 DAGs
[2024-06-10T19:59:21.437+0000] {logging_mixin.py:151} INFO - [2024-06-10T19:59:21.437+0000] {dag.py:3696} INFO - Setting next_dagrun for tutorial to 2024-06-09T19:59:21.436959+00:00, run_after=2024-06-10T19:59:21.436959+00:00
[2024-06-10T19:59:21.455+0000] {processor.py:179} INFO - Processing /home/airflow/.local/lib/python3.8/site-packages/airflow/example_dags/tutorial.py took 0.070 seconds
[2024-06-10T19:59:52.183+0000] {processor.py:157} INFO - Started process (PID=10309) to work on /home/airflow/.local/lib/python3.8/site-packages/airflow/example_dags/tutorial.py
[2024-06-10T19:59:52.184+0000] {processor.py:829} INFO - Processing file /home/airflow/.local/lib/python3.8/site-packages/airflow/example_dags/tutorial.py for tasks to queue
[2024-06-10T19:59:52.185+0000] {logging_mixin.py:151} INFO - [2024-06-10T19:59:52.185+0000] {dagbag.py:539} INFO - Filling up the DagBag from /home/airflow/.local/lib/python3.8/site-packages/airflow/example_dags/tutorial.py
[2024-06-10T19:59:52.191+0000] {processor.py:839} INFO - DAG(s) dict_keys(['tutorial']) retrieved from /home/airflow/.local/lib/python3.8/site-packages/airflow/example_dags/tutorial.py
[2024-06-10T19:59:52.211+0000] {logging_mixin.py:151} INFO - [2024-06-10T19:59:52.211+0000] {dag.py:2915} INFO - Sync 1 DAGs
[2024-06-10T19:59:52.234+0000] {logging_mixin.py:151} INFO - [2024-06-10T19:59:52.234+0000] {dag.py:3696} INFO - Setting next_dagrun for tutorial to 2024-06-09T19:59:52.234334+00:00, run_after=2024-06-10T19:59:52.234334+00:00
[2024-06-10T19:59:52.254+0000] {processor.py:179} INFO - Processing /home/airflow/.local/lib/python3.8/site-packages/airflow/example_dags/tutorial.py took 0.075 seconds
[2024-06-10T20:00:22.930+0000] {processor.py:157} INFO - Started process (PID=10547) to work on /home/airflow/.local/lib/python3.8/site-packages/airflow/example_dags/tutorial.py
[2024-06-10T20:00:22.930+0000] {processor.py:829} INFO - Processing file /home/airflow/.local/lib/python3.8/site-packages/airflow/example_dags/tutorial.py for tasks to queue
[2024-06-10T20:00:22.931+0000] {logging_mixin.py:151} INFO - [2024-06-10T20:00:22.931+0000] {dagbag.py:539} INFO - Filling up the DagBag from /home/airflow/.local/lib/python3.8/site-packages/airflow/example_dags/tutorial.py
[2024-06-10T20:00:22.937+0000] {processor.py:839} INFO - DAG(s) dict_keys(['tutorial']) retrieved from /home/airflow/.local/lib/python3.8/site-packages/airflow/example_dags/tutorial.py
[2024-06-10T20:00:22.962+0000] {logging_mixin.py:151} INFO - [2024-06-10T20:00:22.962+0000] {dag.py:2915} INFO - Sync 1 DAGs
[2024-06-10T20:00:22.989+0000] {logging_mixin.py:151} INFO - [2024-06-10T20:00:22.989+0000] {dag.py:3696} INFO - Setting next_dagrun for tutorial to 2024-06-09T20:00:22.988670+00:00, run_after=2024-06-10T20:00:22.988670+00:00
[2024-06-10T20:00:23.014+0000] {processor.py:179} INFO - Processing /home/airflow/.local/lib/python3.8/site-packages/airflow/example_dags/tutorial.py took 0.087 seconds
[2024-06-10T20:00:53.649+0000] {processor.py:157} INFO - Started process (PID=10785) to work on /home/airflow/.local/lib/python3.8/site-packages/airflow/example_dags/tutorial.py
[2024-06-10T20:00:53.650+0000] {processor.py:829} INFO - Processing file /home/airflow/.local/lib/python3.8/site-packages/airflow/example_dags/tutorial.py for tasks to queue
[2024-06-10T20:00:53.651+0000] {logging_mixin.py:151} INFO - [2024-06-10T20:00:53.651+0000] {dagbag.py:539} INFO - Filling up the DagBag from /home/airflow/.local/lib/python3.8/site-packages/airflow/example_dags/tutorial.py
[2024-06-10T20:00:53.657+0000] {processor.py:839} INFO - DAG(s) dict_keys(['tutorial']) retrieved from /home/airflow/.local/lib/python3.8/site-packages/airflow/example_dags/tutorial.py
[2024-06-10T20:00:53.677+0000] {logging_mixin.py:151} INFO - [2024-06-10T20:00:53.677+0000] {dag.py:2915} INFO - Sync 1 DAGs
[2024-06-10T20:00:53.700+0000] {logging_mixin.py:151} INFO - [2024-06-10T20:00:53.700+0000] {dag.py:3696} INFO - Setting next_dagrun for tutorial to 2024-06-09T20:00:53.700190+00:00, run_after=2024-06-10T20:00:53.700190+00:00
[2024-06-10T20:00:53.724+0000] {processor.py:179} INFO - Processing /home/airflow/.local/lib/python3.8/site-packages/airflow/example_dags/tutorial.py took 0.078 seconds
[2024-06-10T20:01:24.028+0000] {processor.py:157} INFO - Started process (PID=11023) to work on /home/airflow/.local/lib/python3.8/site-packages/airflow/example_dags/tutorial.py
[2024-06-10T20:01:24.029+0000] {processor.py:829} INFO - Processing file /home/airflow/.local/lib/python3.8/site-packages/airflow/example_dags/tutorial.py for tasks to queue
[2024-06-10T20:01:24.030+0000] {logging_mixin.py:151} INFO - [2024-06-10T20:01:24.029+0000] {dagbag.py:539} INFO - Filling up the DagBag from /home/airflow/.local/lib/python3.8/site-packages/airflow/example_dags/tutorial.py
[2024-06-10T20:01:24.036+0000] {processor.py:839} INFO - DAG(s) dict_keys(['tutorial']) retrieved from /home/airflow/.local/lib/python3.8/site-packages/airflow/example_dags/tutorial.py
[2024-06-10T20:01:24.057+0000] {logging_mixin.py:151} INFO - [2024-06-10T20:01:24.057+0000] {dag.py:2915} INFO - Sync 1 DAGs
[2024-06-10T20:01:24.079+0000] {logging_mixin.py:151} INFO - [2024-06-10T20:01:24.079+0000] {dag.py:3696} INFO - Setting next_dagrun for tutorial to 2024-06-09T20:01:24.078780+00:00, run_after=2024-06-10T20:01:24.078780+00:00
[2024-06-10T20:01:24.096+0000] {processor.py:179} INFO - Processing /home/airflow/.local/lib/python3.8/site-packages/airflow/example_dags/tutorial.py took 0.072 seconds
[2024-06-10T20:01:54.825+0000] {processor.py:157} INFO - Started process (PID=11260) to work on /home/airflow/.local/lib/python3.8/site-packages/airflow/example_dags/tutorial.py
[2024-06-10T20:01:54.825+0000] {processor.py:829} INFO - Processing file /home/airflow/.local/lib/python3.8/site-packages/airflow/example_dags/tutorial.py for tasks to queue
[2024-06-10T20:01:54.826+0000] {logging_mixin.py:151} INFO - [2024-06-10T20:01:54.826+0000] {dagbag.py:539} INFO - Filling up the DagBag from /home/airflow/.local/lib/python3.8/site-packages/airflow/example_dags/tutorial.py
[2024-06-10T20:01:54.832+0000] {processor.py:839} INFO - DAG(s) dict_keys(['tutorial']) retrieved from /home/airflow/.local/lib/python3.8/site-packages/airflow/example_dags/tutorial.py
[2024-06-10T20:01:54.851+0000] {logging_mixin.py:151} INFO - [2024-06-10T20:01:54.851+0000] {dag.py:2915} INFO - Sync 1 DAGs
[2024-06-10T20:01:54.873+0000] {logging_mixin.py:151} INFO - [2024-06-10T20:01:54.873+0000] {dag.py:3696} INFO - Setting next_dagrun for tutorial to 2024-06-09T20:01:54.873065+00:00, run_after=2024-06-10T20:01:54.873065+00:00
[2024-06-10T20:01:54.893+0000] {processor.py:179} INFO - Processing /home/airflow/.local/lib/python3.8/site-packages/airflow/example_dags/tutorial.py took 0.071 seconds
[2024-06-10T20:02:25.555+0000] {processor.py:157} INFO - Started process (PID=11498) to work on /home/airflow/.local/lib/python3.8/site-packages/airflow/example_dags/tutorial.py
[2024-06-10T20:02:25.556+0000] {processor.py:829} INFO - Processing file /home/airflow/.local/lib/python3.8/site-packages/airflow/example_dags/tutorial.py for tasks to queue
[2024-06-10T20:02:25.556+0000] {logging_mixin.py:151} INFO - [2024-06-10T20:02:25.556+0000] {dagbag.py:539} INFO - Filling up the DagBag from /home/airflow/.local/lib/python3.8/site-packages/airflow/example_dags/tutorial.py
[2024-06-10T20:02:25.562+0000] {processor.py:839} INFO - DAG(s) dict_keys(['tutorial']) retrieved from /home/airflow/.local/lib/python3.8/site-packages/airflow/example_dags/tutorial.py
[2024-06-10T20:02:25.581+0000] {logging_mixin.py:151} INFO - [2024-06-10T20:02:25.581+0000] {dag.py:2915} INFO - Sync 1 DAGs
[2024-06-10T20:02:25.603+0000] {logging_mixin.py:151} INFO - [2024-06-10T20:02:25.603+0000] {dag.py:3696} INFO - Setting next_dagrun for tutorial to 2024-06-09T20:02:25.602842+00:00, run_after=2024-06-10T20:02:25.602842+00:00
[2024-06-10T20:02:25.620+0000] {processor.py:179} INFO - Processing /home/airflow/.local/lib/python3.8/site-packages/airflow/example_dags/tutorial.py took 0.068 seconds
[2024-06-10T20:02:56.246+0000] {processor.py:157} INFO - Started process (PID=11736) to work on /home/airflow/.local/lib/python3.8/site-packages/airflow/example_dags/tutorial.py
[2024-06-10T20:02:56.247+0000] {processor.py:829} INFO - Processing file /home/airflow/.local/lib/python3.8/site-packages/airflow/example_dags/tutorial.py for tasks to queue
[2024-06-10T20:02:56.248+0000] {logging_mixin.py:151} INFO - [2024-06-10T20:02:56.247+0000] {dagbag.py:539} INFO - Filling up the DagBag from /home/airflow/.local/lib/python3.8/site-packages/airflow/example_dags/tutorial.py
[2024-06-10T20:02:56.254+0000] {processor.py:839} INFO - DAG(s) dict_keys(['tutorial']) retrieved from /home/airflow/.local/lib/python3.8/site-packages/airflow/example_dags/tutorial.py
[2024-06-10T20:02:56.274+0000] {logging_mixin.py:151} INFO - [2024-06-10T20:02:56.274+0000] {dag.py:2915} INFO - Sync 1 DAGs
[2024-06-10T20:02:56.300+0000] {logging_mixin.py:151} INFO - [2024-06-10T20:02:56.299+0000] {dag.py:3696} INFO - Setting next_dagrun for tutorial to 2024-06-09T20:02:56.299526+00:00, run_after=2024-06-10T20:02:56.299526+00:00
[2024-06-10T20:02:56.321+0000] {processor.py:179} INFO - Processing /home/airflow/.local/lib/python3.8/site-packages/airflow/example_dags/tutorial.py took 0.078 seconds
[2024-06-10T20:03:26.944+0000] {processor.py:157} INFO - Started process (PID=11974) to work on /home/airflow/.local/lib/python3.8/site-packages/airflow/example_dags/tutorial.py
[2024-06-10T20:03:26.944+0000] {processor.py:829} INFO - Processing file /home/airflow/.local/lib/python3.8/site-packages/airflow/example_dags/tutorial.py for tasks to queue
[2024-06-10T20:03:26.945+0000] {logging_mixin.py:151} INFO - [2024-06-10T20:03:26.945+0000] {dagbag.py:539} INFO - Filling up the DagBag from /home/airflow/.local/lib/python3.8/site-packages/airflow/example_dags/tutorial.py
[2024-06-10T20:03:26.951+0000] {processor.py:839} INFO - DAG(s) dict_keys(['tutorial']) retrieved from /home/airflow/.local/lib/python3.8/site-packages/airflow/example_dags/tutorial.py
[2024-06-10T20:03:26.970+0000] {logging_mixin.py:151} INFO - [2024-06-10T20:03:26.970+0000] {dag.py:2915} INFO - Sync 1 DAGs
[2024-06-10T20:03:26.992+0000] {logging_mixin.py:151} INFO - [2024-06-10T20:03:26.992+0000] {dag.py:3696} INFO - Setting next_dagrun for tutorial to 2024-06-09T20:03:26.991969+00:00, run_after=2024-06-10T20:03:26.991969+00:00
[2024-06-10T20:03:27.010+0000] {processor.py:179} INFO - Processing /home/airflow/.local/lib/python3.8/site-packages/airflow/example_dags/tutorial.py took 0.070 seconds
[2024-06-10T20:03:57.811+0000] {processor.py:157} INFO - Started process (PID=12212) to work on /home/airflow/.local/lib/python3.8/site-packages/airflow/example_dags/tutorial.py
[2024-06-10T20:03:57.812+0000] {processor.py:829} INFO - Processing file /home/airflow/.local/lib/python3.8/site-packages/airflow/example_dags/tutorial.py for tasks to queue
[2024-06-10T20:03:57.813+0000] {logging_mixin.py:151} INFO - [2024-06-10T20:03:57.812+0000] {dagbag.py:539} INFO - Filling up the DagBag from /home/airflow/.local/lib/python3.8/site-packages/airflow/example_dags/tutorial.py
[2024-06-10T20:03:57.820+0000] {processor.py:839} INFO - DAG(s) dict_keys(['tutorial']) retrieved from /home/airflow/.local/lib/python3.8/site-packages/airflow/example_dags/tutorial.py
[2024-06-10T20:03:57.840+0000] {logging_mixin.py:151} INFO - [2024-06-10T20:03:57.840+0000] {dag.py:2915} INFO - Sync 1 DAGs
[2024-06-10T20:03:57.865+0000] {logging_mixin.py:151} INFO - [2024-06-10T20:03:57.864+0000] {dag.py:3696} INFO - Setting next_dagrun for tutorial to 2024-06-09T20:03:57.864537+00:00, run_after=2024-06-10T20:03:57.864537+00:00
[2024-06-10T20:03:57.883+0000] {processor.py:179} INFO - Processing /home/airflow/.local/lib/python3.8/site-packages/airflow/example_dags/tutorial.py took 0.075 seconds
[2024-06-10T20:04:28.799+0000] {processor.py:157} INFO - Started process (PID=12450) to work on /home/airflow/.local/lib/python3.8/site-packages/airflow/example_dags/tutorial.py
[2024-06-10T20:04:28.800+0000] {processor.py:829} INFO - Processing file /home/airflow/.local/lib/python3.8/site-packages/airflow/example_dags/tutorial.py for tasks to queue
[2024-06-10T20:04:28.801+0000] {logging_mixin.py:151} INFO - [2024-06-10T20:04:28.800+0000] {dagbag.py:539} INFO - Filling up the DagBag from /home/airflow/.local/lib/python3.8/site-packages/airflow/example_dags/tutorial.py
[2024-06-10T20:04:28.808+0000] {processor.py:839} INFO - DAG(s) dict_keys(['tutorial']) retrieved from /home/airflow/.local/lib/python3.8/site-packages/airflow/example_dags/tutorial.py
[2024-06-10T20:04:28.830+0000] {logging_mixin.py:151} INFO - [2024-06-10T20:04:28.830+0000] {dag.py:2915} INFO - Sync 1 DAGs
[2024-06-10T20:04:28.854+0000] {logging_mixin.py:151} INFO - [2024-06-10T20:04:28.854+0000] {dag.py:3696} INFO - Setting next_dagrun for tutorial to 2024-06-09T20:04:28.853898+00:00, run_after=2024-06-10T20:04:28.853898+00:00
[2024-06-10T20:04:28.874+0000] {processor.py:179} INFO - Processing /home/airflow/.local/lib/python3.8/site-packages/airflow/example_dags/tutorial.py took 0.079 seconds
[2024-06-10T20:04:59.540+0000] {processor.py:157} INFO - Started process (PID=12688) to work on /home/airflow/.local/lib/python3.8/site-packages/airflow/example_dags/tutorial.py
[2024-06-10T20:04:59.541+0000] {processor.py:829} INFO - Processing file /home/airflow/.local/lib/python3.8/site-packages/airflow/example_dags/tutorial.py for tasks to queue
[2024-06-10T20:04:59.542+0000] {logging_mixin.py:151} INFO - [2024-06-10T20:04:59.542+0000] {dagbag.py:539} INFO - Filling up the DagBag from /home/airflow/.local/lib/python3.8/site-packages/airflow/example_dags/tutorial.py
[2024-06-10T20:04:59.549+0000] {processor.py:839} INFO - DAG(s) dict_keys(['tutorial']) retrieved from /home/airflow/.local/lib/python3.8/site-packages/airflow/example_dags/tutorial.py
[2024-06-10T20:04:59.571+0000] {logging_mixin.py:151} INFO - [2024-06-10T20:04:59.571+0000] {dag.py:2915} INFO - Sync 1 DAGs
[2024-06-10T20:04:59.597+0000] {logging_mixin.py:151} INFO - [2024-06-10T20:04:59.597+0000] {dag.py:3696} INFO - Setting next_dagrun for tutorial to 2024-06-09T20:04:59.597353+00:00, run_after=2024-06-10T20:04:59.597353+00:00
[2024-06-10T20:04:59.618+0000] {processor.py:179} INFO - Processing /home/airflow/.local/lib/python3.8/site-packages/airflow/example_dags/tutorial.py took 0.082 seconds
[2024-06-10T20:05:30.147+0000] {processor.py:157} INFO - Started process (PID=12926) to work on /home/airflow/.local/lib/python3.8/site-packages/airflow/example_dags/tutorial.py
[2024-06-10T20:05:30.147+0000] {processor.py:829} INFO - Processing file /home/airflow/.local/lib/python3.8/site-packages/airflow/example_dags/tutorial.py for tasks to queue
[2024-06-10T20:05:30.148+0000] {logging_mixin.py:151} INFO - [2024-06-10T20:05:30.148+0000] {dagbag.py:539} INFO - Filling up the DagBag from /home/airflow/.local/lib/python3.8/site-packages/airflow/example_dags/tutorial.py
[2024-06-10T20:05:30.154+0000] {processor.py:839} INFO - DAG(s) dict_keys(['tutorial']) retrieved from /home/airflow/.local/lib/python3.8/site-packages/airflow/example_dags/tutorial.py
[2024-06-10T20:05:30.174+0000] {logging_mixin.py:151} INFO - [2024-06-10T20:05:30.174+0000] {dag.py:2915} INFO - Sync 1 DAGs
[2024-06-10T20:05:30.199+0000] {logging_mixin.py:151} INFO - [2024-06-10T20:05:30.199+0000] {dag.py:3696} INFO - Setting next_dagrun for tutorial to 2024-06-09T20:05:30.198769+00:00, run_after=2024-06-10T20:05:30.198769+00:00
[2024-06-10T20:05:30.222+0000] {processor.py:179} INFO - Processing /home/airflow/.local/lib/python3.8/site-packages/airflow/example_dags/tutorial.py took 0.078 seconds
[2024-06-10T20:06:00.721+0000] {processor.py:157} INFO - Started process (PID=13164) to work on /home/airflow/.local/lib/python3.8/site-packages/airflow/example_dags/tutorial.py
[2024-06-10T20:06:00.722+0000] {processor.py:829} INFO - Processing file /home/airflow/.local/lib/python3.8/site-packages/airflow/example_dags/tutorial.py for tasks to queue
[2024-06-10T20:06:00.722+0000] {logging_mixin.py:151} INFO - [2024-06-10T20:06:00.722+0000] {dagbag.py:539} INFO - Filling up the DagBag from /home/airflow/.local/lib/python3.8/site-packages/airflow/example_dags/tutorial.py
[2024-06-10T20:06:00.729+0000] {processor.py:839} INFO - DAG(s) dict_keys(['tutorial']) retrieved from /home/airflow/.local/lib/python3.8/site-packages/airflow/example_dags/tutorial.py
[2024-06-10T20:06:00.750+0000] {logging_mixin.py:151} INFO - [2024-06-10T20:06:00.750+0000] {dag.py:2915} INFO - Sync 1 DAGs
[2024-06-10T20:06:00.772+0000] {logging_mixin.py:151} INFO - [2024-06-10T20:06:00.771+0000] {dag.py:3696} INFO - Setting next_dagrun for tutorial to 2024-06-09T20:06:00.771666+00:00, run_after=2024-06-10T20:06:00.771666+00:00
[2024-06-10T20:06:00.790+0000] {processor.py:179} INFO - Processing /home/airflow/.local/lib/python3.8/site-packages/airflow/example_dags/tutorial.py took 0.072 seconds
[2024-06-10T20:06:31.343+0000] {processor.py:157} INFO - Started process (PID=13402) to work on /home/airflow/.local/lib/python3.8/site-packages/airflow/example_dags/tutorial.py
[2024-06-10T20:06:31.344+0000] {processor.py:829} INFO - Processing file /home/airflow/.local/lib/python3.8/site-packages/airflow/example_dags/tutorial.py for tasks to queue
[2024-06-10T20:06:31.344+0000] {logging_mixin.py:151} INFO - [2024-06-10T20:06:31.344+0000] {dagbag.py:539} INFO - Filling up the DagBag from /home/airflow/.local/lib/python3.8/site-packages/airflow/example_dags/tutorial.py
[2024-06-10T20:06:31.351+0000] {processor.py:839} INFO - DAG(s) dict_keys(['tutorial']) retrieved from /home/airflow/.local/lib/python3.8/site-packages/airflow/example_dags/tutorial.py
[2024-06-10T20:06:31.370+0000] {logging_mixin.py:151} INFO - [2024-06-10T20:06:31.370+0000] {dag.py:2915} INFO - Sync 1 DAGs
[2024-06-10T20:06:31.393+0000] {logging_mixin.py:151} INFO - [2024-06-10T20:06:31.393+0000] {dag.py:3696} INFO - Setting next_dagrun for tutorial to 2024-06-09T20:06:31.393150+00:00, run_after=2024-06-10T20:06:31.393150+00:00
[2024-06-10T20:06:31.413+0000] {processor.py:179} INFO - Processing /home/airflow/.local/lib/python3.8/site-packages/airflow/example_dags/tutorial.py took 0.073 seconds
[2024-06-10T20:07:02.101+0000] {processor.py:157} INFO - Started process (PID=13640) to work on /home/airflow/.local/lib/python3.8/site-packages/airflow/example_dags/tutorial.py
[2024-06-10T20:07:02.102+0000] {processor.py:829} INFO - Processing file /home/airflow/.local/lib/python3.8/site-packages/airflow/example_dags/tutorial.py for tasks to queue
[2024-06-10T20:07:02.103+0000] {logging_mixin.py:151} INFO - [2024-06-10T20:07:02.102+0000] {dagbag.py:539} INFO - Filling up the DagBag from /home/airflow/.local/lib/python3.8/site-packages/airflow/example_dags/tutorial.py
[2024-06-10T20:07:02.109+0000] {processor.py:839} INFO - DAG(s) dict_keys(['tutorial']) retrieved from /home/airflow/.local/lib/python3.8/site-packages/airflow/example_dags/tutorial.py
[2024-06-10T20:07:02.130+0000] {logging_mixin.py:151} INFO - [2024-06-10T20:07:02.129+0000] {dag.py:2915} INFO - Sync 1 DAGs
[2024-06-10T20:07:02.153+0000] {logging_mixin.py:151} INFO - [2024-06-10T20:07:02.152+0000] {dag.py:3696} INFO - Setting next_dagrun for tutorial to 2024-06-09T20:07:02.152495+00:00, run_after=2024-06-10T20:07:02.152495+00:00
[2024-06-10T20:07:02.171+0000] {processor.py:179} INFO - Processing /home/airflow/.local/lib/python3.8/site-packages/airflow/example_dags/tutorial.py took 0.073 seconds
[2024-06-10T20:07:32.995+0000] {processor.py:157} INFO - Started process (PID=13878) to work on /home/airflow/.local/lib/python3.8/site-packages/airflow/example_dags/tutorial.py
[2024-06-10T20:07:32.996+0000] {processor.py:829} INFO - Processing file /home/airflow/.local/lib/python3.8/site-packages/airflow/example_dags/tutorial.py for tasks to queue
[2024-06-10T20:07:32.996+0000] {logging_mixin.py:151} INFO - [2024-06-10T20:07:32.996+0000] {dagbag.py:539} INFO - Filling up the DagBag from /home/airflow/.local/lib/python3.8/site-packages/airflow/example_dags/tutorial.py
[2024-06-10T20:07:33.003+0000] {processor.py:839} INFO - DAG(s) dict_keys(['tutorial']) retrieved from /home/airflow/.local/lib/python3.8/site-packages/airflow/example_dags/tutorial.py
[2024-06-10T20:07:33.022+0000] {logging_mixin.py:151} INFO - [2024-06-10T20:07:33.022+0000] {dag.py:2915} INFO - Sync 1 DAGs
[2024-06-10T20:07:33.044+0000] {logging_mixin.py:151} INFO - [2024-06-10T20:07:33.044+0000] {dag.py:3696} INFO - Setting next_dagrun for tutorial to 2024-06-09T20:07:33.044532+00:00, run_after=2024-06-10T20:07:33.044532+00:00
[2024-06-10T20:07:33.063+0000] {processor.py:179} INFO - Processing /home/airflow/.local/lib/python3.8/site-packages/airflow/example_dags/tutorial.py took 0.071 seconds
[2024-06-10T20:08:03.817+0000] {processor.py:157} INFO - Started process (PID=14116) to work on /home/airflow/.local/lib/python3.8/site-packages/airflow/example_dags/tutorial.py
[2024-06-10T20:08:03.818+0000] {processor.py:829} INFO - Processing file /home/airflow/.local/lib/python3.8/site-packages/airflow/example_dags/tutorial.py for tasks to queue
[2024-06-10T20:08:03.819+0000] {logging_mixin.py:151} INFO - [2024-06-10T20:08:03.818+0000] {dagbag.py:539} INFO - Filling up the DagBag from /home/airflow/.local/lib/python3.8/site-packages/airflow/example_dags/tutorial.py
[2024-06-10T20:08:03.826+0000] {processor.py:839} INFO - DAG(s) dict_keys(['tutorial']) retrieved from /home/airflow/.local/lib/python3.8/site-packages/airflow/example_dags/tutorial.py
[2024-06-10T20:08:03.845+0000] {logging_mixin.py:151} INFO - [2024-06-10T20:08:03.845+0000] {dag.py:2915} INFO - Sync 1 DAGs
[2024-06-10T20:08:03.869+0000] {logging_mixin.py:151} INFO - [2024-06-10T20:08:03.869+0000] {dag.py:3696} INFO - Setting next_dagrun for tutorial to 2024-06-09T20:08:03.868891+00:00, run_after=2024-06-10T20:08:03.868891+00:00
[2024-06-10T20:08:03.887+0000] {processor.py:179} INFO - Processing /home/airflow/.local/lib/python3.8/site-packages/airflow/example_dags/tutorial.py took 0.073 seconds
[2024-06-10T20:08:34.610+0000] {processor.py:157} INFO - Started process (PID=14354) to work on /home/airflow/.local/lib/python3.8/site-packages/airflow/example_dags/tutorial.py
[2024-06-10T20:08:34.611+0000] {processor.py:829} INFO - Processing file /home/airflow/.local/lib/python3.8/site-packages/airflow/example_dags/tutorial.py for tasks to queue
[2024-06-10T20:08:34.612+0000] {logging_mixin.py:151} INFO - [2024-06-10T20:08:34.612+0000] {dagbag.py:539} INFO - Filling up the DagBag from /home/airflow/.local/lib/python3.8/site-packages/airflow/example_dags/tutorial.py
[2024-06-10T20:08:34.619+0000] {processor.py:839} INFO - DAG(s) dict_keys(['tutorial']) retrieved from /home/airflow/.local/lib/python3.8/site-packages/airflow/example_dags/tutorial.py
[2024-06-10T20:08:34.640+0000] {logging_mixin.py:151} INFO - [2024-06-10T20:08:34.640+0000] {dag.py:2915} INFO - Sync 1 DAGs
[2024-06-10T20:08:34.664+0000] {logging_mixin.py:151} INFO - [2024-06-10T20:08:34.664+0000] {dag.py:3696} INFO - Setting next_dagrun for tutorial to 2024-06-09T20:08:34.664390+00:00, run_after=2024-06-10T20:08:34.664390+00:00
[2024-06-10T20:08:34.686+0000] {processor.py:179} INFO - Processing /home/airflow/.local/lib/python3.8/site-packages/airflow/example_dags/tutorial.py took 0.079 seconds
[2024-06-10T20:09:05.013+0000] {processor.py:157} INFO - Started process (PID=14592) to work on /home/airflow/.local/lib/python3.8/site-packages/airflow/example_dags/tutorial.py
[2024-06-10T20:09:05.014+0000] {processor.py:829} INFO - Processing file /home/airflow/.local/lib/python3.8/site-packages/airflow/example_dags/tutorial.py for tasks to queue
[2024-06-10T20:09:05.014+0000] {logging_mixin.py:151} INFO - [2024-06-10T20:09:05.014+0000] {dagbag.py:539} INFO - Filling up the DagBag from /home/airflow/.local/lib/python3.8/site-packages/airflow/example_dags/tutorial.py
[2024-06-10T20:09:05.021+0000] {processor.py:839} INFO - DAG(s) dict_keys(['tutorial']) retrieved from /home/airflow/.local/lib/python3.8/site-packages/airflow/example_dags/tutorial.py
[2024-06-10T20:09:05.043+0000] {logging_mixin.py:151} INFO - [2024-06-10T20:09:05.043+0000] {dag.py:2915} INFO - Sync 1 DAGs
[2024-06-10T20:09:05.068+0000] {logging_mixin.py:151} INFO - [2024-06-10T20:09:05.067+0000] {dag.py:3696} INFO - Setting next_dagrun for tutorial to 2024-06-09T20:09:05.067614+00:00, run_after=2024-06-10T20:09:05.067614+00:00
[2024-06-10T20:09:05.092+0000] {processor.py:179} INFO - Processing /home/airflow/.local/lib/python3.8/site-packages/airflow/example_dags/tutorial.py took 0.082 seconds
[2024-06-10T20:09:35.992+0000] {processor.py:157} INFO - Started process (PID=14830) to work on /home/airflow/.local/lib/python3.8/site-packages/airflow/example_dags/tutorial.py
[2024-06-10T20:09:35.993+0000] {processor.py:829} INFO - Processing file /home/airflow/.local/lib/python3.8/site-packages/airflow/example_dags/tutorial.py for tasks to queue
[2024-06-10T20:09:35.994+0000] {logging_mixin.py:151} INFO - [2024-06-10T20:09:35.993+0000] {dagbag.py:539} INFO - Filling up the DagBag from /home/airflow/.local/lib/python3.8/site-packages/airflow/example_dags/tutorial.py
[2024-06-10T20:09:36.000+0000] {processor.py:839} INFO - DAG(s) dict_keys(['tutorial']) retrieved from /home/airflow/.local/lib/python3.8/site-packages/airflow/example_dags/tutorial.py
[2024-06-10T20:09:36.021+0000] {logging_mixin.py:151} INFO - [2024-06-10T20:09:36.020+0000] {dag.py:2915} INFO - Sync 1 DAGs
[2024-06-10T20:09:36.043+0000] {logging_mixin.py:151} INFO - [2024-06-10T20:09:36.043+0000] {dag.py:3696} INFO - Setting next_dagrun for tutorial to 2024-06-09T20:09:36.042942+00:00, run_after=2024-06-10T20:09:36.042942+00:00
[2024-06-10T20:09:36.061+0000] {processor.py:179} INFO - Processing /home/airflow/.local/lib/python3.8/site-packages/airflow/example_dags/tutorial.py took 0.072 seconds
[2024-06-10T20:10:06.336+0000] {processor.py:157} INFO - Started process (PID=15069) to work on /home/airflow/.local/lib/python3.8/site-packages/airflow/example_dags/tutorial.py
[2024-06-10T20:10:06.337+0000] {processor.py:829} INFO - Processing file /home/airflow/.local/lib/python3.8/site-packages/airflow/example_dags/tutorial.py for tasks to queue
[2024-06-10T20:10:06.338+0000] {logging_mixin.py:151} INFO - [2024-06-10T20:10:06.337+0000] {dagbag.py:539} INFO - Filling up the DagBag from /home/airflow/.local/lib/python3.8/site-packages/airflow/example_dags/tutorial.py
[2024-06-10T20:10:06.344+0000] {processor.py:839} INFO - DAG(s) dict_keys(['tutorial']) retrieved from /home/airflow/.local/lib/python3.8/site-packages/airflow/example_dags/tutorial.py
[2024-06-10T20:10:06.364+0000] {logging_mixin.py:151} INFO - [2024-06-10T20:10:06.364+0000] {dag.py:2915} INFO - Sync 1 DAGs
[2024-06-10T20:10:06.387+0000] {logging_mixin.py:151} INFO - [2024-06-10T20:10:06.386+0000] {dag.py:3696} INFO - Setting next_dagrun for tutorial to 2024-06-09T20:10:06.386593+00:00, run_after=2024-06-10T20:10:06.386593+00:00
[2024-06-10T20:10:06.404+0000] {processor.py:179} INFO - Processing /home/airflow/.local/lib/python3.8/site-packages/airflow/example_dags/tutorial.py took 0.071 seconds
[2024-06-10T20:10:37.061+0000] {processor.py:157} INFO - Started process (PID=15307) to work on /home/airflow/.local/lib/python3.8/site-packages/airflow/example_dags/tutorial.py
[2024-06-10T20:10:37.062+0000] {processor.py:829} INFO - Processing file /home/airflow/.local/lib/python3.8/site-packages/airflow/example_dags/tutorial.py for tasks to queue
[2024-06-10T20:10:37.063+0000] {logging_mixin.py:151} INFO - [2024-06-10T20:10:37.062+0000] {dagbag.py:539} INFO - Filling up the DagBag from /home/airflow/.local/lib/python3.8/site-packages/airflow/example_dags/tutorial.py
[2024-06-10T20:10:37.069+0000] {processor.py:839} INFO - DAG(s) dict_keys(['tutorial']) retrieved from /home/airflow/.local/lib/python3.8/site-packages/airflow/example_dags/tutorial.py
[2024-06-10T20:10:37.088+0000] {logging_mixin.py:151} INFO - [2024-06-10T20:10:37.088+0000] {dag.py:2915} INFO - Sync 1 DAGs
[2024-06-10T20:10:37.110+0000] {logging_mixin.py:151} INFO - [2024-06-10T20:10:37.110+0000] {dag.py:3696} INFO - Setting next_dagrun for tutorial to 2024-06-09T20:10:37.110412+00:00, run_after=2024-06-10T20:10:37.110412+00:00
[2024-06-10T20:10:37.128+0000] {processor.py:179} INFO - Processing /home/airflow/.local/lib/python3.8/site-packages/airflow/example_dags/tutorial.py took 0.070 seconds
[2024-06-10T20:11:07.693+0000] {processor.py:157} INFO - Started process (PID=15545) to work on /home/airflow/.local/lib/python3.8/site-packages/airflow/example_dags/tutorial.py
[2024-06-10T20:11:07.693+0000] {processor.py:829} INFO - Processing file /home/airflow/.local/lib/python3.8/site-packages/airflow/example_dags/tutorial.py for tasks to queue
[2024-06-10T20:11:07.694+0000] {logging_mixin.py:151} INFO - [2024-06-10T20:11:07.694+0000] {dagbag.py:539} INFO - Filling up the DagBag from /home/airflow/.local/lib/python3.8/site-packages/airflow/example_dags/tutorial.py
[2024-06-10T20:11:07.700+0000] {processor.py:839} INFO - DAG(s) dict_keys(['tutorial']) retrieved from /home/airflow/.local/lib/python3.8/site-packages/airflow/example_dags/tutorial.py
[2024-06-10T20:11:07.720+0000] {logging_mixin.py:151} INFO - [2024-06-10T20:11:07.720+0000] {dag.py:2915} INFO - Sync 1 DAGs
[2024-06-10T20:11:07.743+0000] {logging_mixin.py:151} INFO - [2024-06-10T20:11:07.742+0000] {dag.py:3696} INFO - Setting next_dagrun for tutorial to 2024-06-09T20:11:07.742633+00:00, run_after=2024-06-10T20:11:07.742633+00:00
[2024-06-10T20:11:07.761+0000] {processor.py:179} INFO - Processing /home/airflow/.local/lib/python3.8/site-packages/airflow/example_dags/tutorial.py took 0.072 seconds
[2024-06-10T20:11:38.547+0000] {processor.py:157} INFO - Started process (PID=15782) to work on /home/airflow/.local/lib/python3.8/site-packages/airflow/example_dags/tutorial.py
[2024-06-10T20:11:38.547+0000] {processor.py:829} INFO - Processing file /home/airflow/.local/lib/python3.8/site-packages/airflow/example_dags/tutorial.py for tasks to queue
[2024-06-10T20:11:38.548+0000] {logging_mixin.py:151} INFO - [2024-06-10T20:11:38.548+0000] {dagbag.py:539} INFO - Filling up the DagBag from /home/airflow/.local/lib/python3.8/site-packages/airflow/example_dags/tutorial.py
[2024-06-10T20:11:38.554+0000] {processor.py:839} INFO - DAG(s) dict_keys(['tutorial']) retrieved from /home/airflow/.local/lib/python3.8/site-packages/airflow/example_dags/tutorial.py
[2024-06-10T20:11:38.574+0000] {logging_mixin.py:151} INFO - [2024-06-10T20:11:38.574+0000] {dag.py:2915} INFO - Sync 1 DAGs
[2024-06-10T20:11:38.597+0000] {logging_mixin.py:151} INFO - [2024-06-10T20:11:38.597+0000] {dag.py:3696} INFO - Setting next_dagrun for tutorial to 2024-06-09T20:11:38.597384+00:00, run_after=2024-06-10T20:11:38.597384+00:00
[2024-06-10T20:11:38.615+0000] {processor.py:179} INFO - Processing /home/airflow/.local/lib/python3.8/site-packages/airflow/example_dags/tutorial.py took 0.072 seconds
[2024-06-10T20:12:09.368+0000] {processor.py:157} INFO - Started process (PID=16020) to work on /home/airflow/.local/lib/python3.8/site-packages/airflow/example_dags/tutorial.py
[2024-06-10T20:12:09.369+0000] {processor.py:829} INFO - Processing file /home/airflow/.local/lib/python3.8/site-packages/airflow/example_dags/tutorial.py for tasks to queue
[2024-06-10T20:12:09.370+0000] {logging_mixin.py:151} INFO - [2024-06-10T20:12:09.370+0000] {dagbag.py:539} INFO - Filling up the DagBag from /home/airflow/.local/lib/python3.8/site-packages/airflow/example_dags/tutorial.py
[2024-06-10T20:12:09.376+0000] {processor.py:839} INFO - DAG(s) dict_keys(['tutorial']) retrieved from /home/airflow/.local/lib/python3.8/site-packages/airflow/example_dags/tutorial.py
[2024-06-10T20:12:09.396+0000] {logging_mixin.py:151} INFO - [2024-06-10T20:12:09.395+0000] {dag.py:2915} INFO - Sync 1 DAGs
[2024-06-10T20:12:09.421+0000] {logging_mixin.py:151} INFO - [2024-06-10T20:12:09.421+0000] {dag.py:3696} INFO - Setting next_dagrun for tutorial to 2024-06-09T20:12:09.421017+00:00, run_after=2024-06-10T20:12:09.421017+00:00
[2024-06-10T20:12:09.439+0000] {processor.py:179} INFO - Processing /home/airflow/.local/lib/python3.8/site-packages/airflow/example_dags/tutorial.py took 0.074 seconds
[2024-06-10T20:12:40.162+0000] {processor.py:157} INFO - Started process (PID=16258) to work on /home/airflow/.local/lib/python3.8/site-packages/airflow/example_dags/tutorial.py
[2024-06-10T20:12:40.162+0000] {processor.py:829} INFO - Processing file /home/airflow/.local/lib/python3.8/site-packages/airflow/example_dags/tutorial.py for tasks to queue
[2024-06-10T20:12:40.163+0000] {logging_mixin.py:151} INFO - [2024-06-10T20:12:40.163+0000] {dagbag.py:539} INFO - Filling up the DagBag from /home/airflow/.local/lib/python3.8/site-packages/airflow/example_dags/tutorial.py
[2024-06-10T20:12:40.169+0000] {processor.py:839} INFO - DAG(s) dict_keys(['tutorial']) retrieved from /home/airflow/.local/lib/python3.8/site-packages/airflow/example_dags/tutorial.py
[2024-06-10T20:12:40.190+0000] {logging_mixin.py:151} INFO - [2024-06-10T20:12:40.189+0000] {dag.py:2915} INFO - Sync 1 DAGs
[2024-06-10T20:12:40.214+0000] {logging_mixin.py:151} INFO - [2024-06-10T20:12:40.214+0000] {dag.py:3696} INFO - Setting next_dagrun for tutorial to 2024-06-09T20:12:40.213810+00:00, run_after=2024-06-10T20:12:40.213810+00:00
[2024-06-10T20:12:40.232+0000] {processor.py:179} INFO - Processing /home/airflow/.local/lib/python3.8/site-packages/airflow/example_dags/tutorial.py took 0.073 seconds
[2024-06-10T20:13:11.043+0000] {processor.py:157} INFO - Started process (PID=16496) to work on /home/airflow/.local/lib/python3.8/site-packages/airflow/example_dags/tutorial.py
[2024-06-10T20:13:11.044+0000] {processor.py:829} INFO - Processing file /home/airflow/.local/lib/python3.8/site-packages/airflow/example_dags/tutorial.py for tasks to queue
[2024-06-10T20:13:11.044+0000] {logging_mixin.py:151} INFO - [2024-06-10T20:13:11.044+0000] {dagbag.py:539} INFO - Filling up the DagBag from /home/airflow/.local/lib/python3.8/site-packages/airflow/example_dags/tutorial.py
[2024-06-10T20:13:11.050+0000] {processor.py:839} INFO - DAG(s) dict_keys(['tutorial']) retrieved from /home/airflow/.local/lib/python3.8/site-packages/airflow/example_dags/tutorial.py
[2024-06-10T20:13:11.070+0000] {logging_mixin.py:151} INFO - [2024-06-10T20:13:11.070+0000] {dag.py:2915} INFO - Sync 1 DAGs
[2024-06-10T20:13:11.092+0000] {logging_mixin.py:151} INFO - [2024-06-10T20:13:11.091+0000] {dag.py:3696} INFO - Setting next_dagrun for tutorial to 2024-06-09T20:13:11.091640+00:00, run_after=2024-06-10T20:13:11.091640+00:00
[2024-06-10T20:13:11.111+0000] {processor.py:179} INFO - Processing /home/airflow/.local/lib/python3.8/site-packages/airflow/example_dags/tutorial.py took 0.071 seconds
[2024-06-10T20:13:42.073+0000] {processor.py:157} INFO - Started process (PID=16733) to work on /home/airflow/.local/lib/python3.8/site-packages/airflow/example_dags/tutorial.py
[2024-06-10T20:13:42.074+0000] {processor.py:829} INFO - Processing file /home/airflow/.local/lib/python3.8/site-packages/airflow/example_dags/tutorial.py for tasks to queue
[2024-06-10T20:13:42.075+0000] {logging_mixin.py:151} INFO - [2024-06-10T20:13:42.075+0000] {dagbag.py:539} INFO - Filling up the DagBag from /home/airflow/.local/lib/python3.8/site-packages/airflow/example_dags/tutorial.py
[2024-06-10T20:13:42.083+0000] {processor.py:839} INFO - DAG(s) dict_keys(['tutorial']) retrieved from /home/airflow/.local/lib/python3.8/site-packages/airflow/example_dags/tutorial.py
[2024-06-10T20:13:42.106+0000] {logging_mixin.py:151} INFO - [2024-06-10T20:13:42.106+0000] {dag.py:2915} INFO - Sync 1 DAGs
[2024-06-10T20:13:42.133+0000] {logging_mixin.py:151} INFO - [2024-06-10T20:13:42.132+0000] {dag.py:3696} INFO - Setting next_dagrun for tutorial to 2024-06-09T20:13:42.132750+00:00, run_after=2024-06-10T20:13:42.132750+00:00
[2024-06-10T20:13:42.150+0000] {processor.py:179} INFO - Processing /home/airflow/.local/lib/python3.8/site-packages/airflow/example_dags/tutorial.py took 0.081 seconds
[2024-06-10T20:14:12.401+0000] {processor.py:157} INFO - Started process (PID=16971) to work on /home/airflow/.local/lib/python3.8/site-packages/airflow/example_dags/tutorial.py
[2024-06-10T20:14:12.402+0000] {processor.py:829} INFO - Processing file /home/airflow/.local/lib/python3.8/site-packages/airflow/example_dags/tutorial.py for tasks to queue
[2024-06-10T20:14:12.403+0000] {logging_mixin.py:151} INFO - [2024-06-10T20:14:12.403+0000] {dagbag.py:539} INFO - Filling up the DagBag from /home/airflow/.local/lib/python3.8/site-packages/airflow/example_dags/tutorial.py
[2024-06-10T20:14:12.409+0000] {processor.py:839} INFO - DAG(s) dict_keys(['tutorial']) retrieved from /home/airflow/.local/lib/python3.8/site-packages/airflow/example_dags/tutorial.py
[2024-06-10T20:14:12.428+0000] {logging_mixin.py:151} INFO - [2024-06-10T20:14:12.428+0000] {dag.py:2915} INFO - Sync 1 DAGs
[2024-06-10T20:14:12.451+0000] {logging_mixin.py:151} INFO - [2024-06-10T20:14:12.451+0000] {dag.py:3696} INFO - Setting next_dagrun for tutorial to 2024-06-09T20:14:12.451071+00:00, run_after=2024-06-10T20:14:12.451071+00:00
[2024-06-10T20:14:12.469+0000] {processor.py:179} INFO - Processing /home/airflow/.local/lib/python3.8/site-packages/airflow/example_dags/tutorial.py took 0.070 seconds
[2024-06-10T20:14:42.558+0000] {processor.py:157} INFO - Started process (PID=17208) to work on /home/airflow/.local/lib/python3.8/site-packages/airflow/example_dags/tutorial.py
[2024-06-10T20:14:42.559+0000] {processor.py:829} INFO - Processing file /home/airflow/.local/lib/python3.8/site-packages/airflow/example_dags/tutorial.py for tasks to queue
[2024-06-10T20:14:42.560+0000] {logging_mixin.py:151} INFO - [2024-06-10T20:14:42.559+0000] {dagbag.py:539} INFO - Filling up the DagBag from /home/airflow/.local/lib/python3.8/site-packages/airflow/example_dags/tutorial.py
[2024-06-10T20:14:42.565+0000] {processor.py:839} INFO - DAG(s) dict_keys(['tutorial']) retrieved from /home/airflow/.local/lib/python3.8/site-packages/airflow/example_dags/tutorial.py
[2024-06-10T20:14:42.584+0000] {logging_mixin.py:151} INFO - [2024-06-10T20:14:42.584+0000] {dag.py:2915} INFO - Sync 1 DAGs
[2024-06-10T20:14:42.605+0000] {logging_mixin.py:151} INFO - [2024-06-10T20:14:42.605+0000] {dag.py:3696} INFO - Setting next_dagrun for tutorial to 2024-06-09T20:14:42.605310+00:00, run_after=2024-06-10T20:14:42.605310+00:00
[2024-06-10T20:14:42.623+0000] {processor.py:179} INFO - Processing /home/airflow/.local/lib/python3.8/site-packages/airflow/example_dags/tutorial.py took 0.068 seconds
[2024-06-10T20:15:12.792+0000] {processor.py:157} INFO - Started process (PID=17446) to work on /home/airflow/.local/lib/python3.8/site-packages/airflow/example_dags/tutorial.py
[2024-06-10T20:15:12.793+0000] {processor.py:829} INFO - Processing file /home/airflow/.local/lib/python3.8/site-packages/airflow/example_dags/tutorial.py for tasks to queue
[2024-06-10T20:15:12.793+0000] {logging_mixin.py:151} INFO - [2024-06-10T20:15:12.793+0000] {dagbag.py:539} INFO - Filling up the DagBag from /home/airflow/.local/lib/python3.8/site-packages/airflow/example_dags/tutorial.py
[2024-06-10T20:15:12.800+0000] {processor.py:839} INFO - DAG(s) dict_keys(['tutorial']) retrieved from /home/airflow/.local/lib/python3.8/site-packages/airflow/example_dags/tutorial.py
[2024-06-10T20:15:12.818+0000] {logging_mixin.py:151} INFO - [2024-06-10T20:15:12.818+0000] {dag.py:2915} INFO - Sync 1 DAGs
[2024-06-10T20:15:12.838+0000] {logging_mixin.py:151} INFO - [2024-06-10T20:15:12.838+0000] {dag.py:3696} INFO - Setting next_dagrun for tutorial to 2024-06-09T20:15:12.838213+00:00, run_after=2024-06-10T20:15:12.838213+00:00
[2024-06-10T20:15:12.857+0000] {processor.py:179} INFO - Processing /home/airflow/.local/lib/python3.8/site-packages/airflow/example_dags/tutorial.py took 0.068 seconds
[2024-06-10T20:15:42.957+0000] {processor.py:157} INFO - Started process (PID=17681) to work on /home/airflow/.local/lib/python3.8/site-packages/airflow/example_dags/tutorial.py
[2024-06-10T20:15:42.958+0000] {processor.py:829} INFO - Processing file /home/airflow/.local/lib/python3.8/site-packages/airflow/example_dags/tutorial.py for tasks to queue
[2024-06-10T20:15:42.959+0000] {logging_mixin.py:151} INFO - [2024-06-10T20:15:42.959+0000] {dagbag.py:539} INFO - Filling up the DagBag from /home/airflow/.local/lib/python3.8/site-packages/airflow/example_dags/tutorial.py
[2024-06-10T20:15:42.965+0000] {processor.py:839} INFO - DAG(s) dict_keys(['tutorial']) retrieved from /home/airflow/.local/lib/python3.8/site-packages/airflow/example_dags/tutorial.py
[2024-06-10T20:15:42.985+0000] {logging_mixin.py:151} INFO - [2024-06-10T20:15:42.984+0000] {dag.py:2915} INFO - Sync 1 DAGs
[2024-06-10T20:15:43.005+0000] {logging_mixin.py:151} INFO - [2024-06-10T20:15:43.005+0000] {dag.py:3696} INFO - Setting next_dagrun for tutorial to 2024-06-09T20:15:43.005266+00:00, run_after=2024-06-10T20:15:43.005266+00:00
[2024-06-10T20:15:43.023+0000] {processor.py:179} INFO - Processing /home/airflow/.local/lib/python3.8/site-packages/airflow/example_dags/tutorial.py took 0.069 seconds
[2024-06-10T20:16:13.604+0000] {processor.py:157} INFO - Started process (PID=17922) to work on /home/airflow/.local/lib/python3.8/site-packages/airflow/example_dags/tutorial.py
[2024-06-10T20:16:13.605+0000] {processor.py:829} INFO - Processing file /home/airflow/.local/lib/python3.8/site-packages/airflow/example_dags/tutorial.py for tasks to queue
[2024-06-10T20:16:13.605+0000] {logging_mixin.py:151} INFO - [2024-06-10T20:16:13.605+0000] {dagbag.py:539} INFO - Filling up the DagBag from /home/airflow/.local/lib/python3.8/site-packages/airflow/example_dags/tutorial.py
[2024-06-10T20:16:13.611+0000] {processor.py:839} INFO - DAG(s) dict_keys(['tutorial']) retrieved from /home/airflow/.local/lib/python3.8/site-packages/airflow/example_dags/tutorial.py
[2024-06-10T20:16:13.630+0000] {logging_mixin.py:151} INFO - [2024-06-10T20:16:13.630+0000] {dag.py:2915} INFO - Sync 1 DAGs
[2024-06-10T20:16:13.652+0000] {logging_mixin.py:151} INFO - [2024-06-10T20:16:13.651+0000] {dag.py:3696} INFO - Setting next_dagrun for tutorial to 2024-06-09T20:16:13.651542+00:00, run_after=2024-06-10T20:16:13.651542+00:00
[2024-06-10T20:16:13.670+0000] {processor.py:179} INFO - Processing /home/airflow/.local/lib/python3.8/site-packages/airflow/example_dags/tutorial.py took 0.069 seconds
