[2024-06-10T19:38:22.836+0000] {processor.py:157} INFO - Started process (PID=212) to work on /home/airflow/.local/lib/python3.8/site-packages/airflow/example_dags/tutorial_dag.py
[2024-06-10T19:38:22.837+0000] {processor.py:829} INFO - Processing file /home/airflow/.local/lib/python3.8/site-packages/airflow/example_dags/tutorial_dag.py for tasks to queue
[2024-06-10T19:38:22.838+0000] {logging_mixin.py:151} INFO - [2024-06-10T19:38:22.837+0000] {dagbag.py:539} INFO - Filling up the DagBag from /home/airflow/.local/lib/python3.8/site-packages/airflow/example_dags/tutorial_dag.py
[2024-06-10T19:38:22.845+0000] {processor.py:839} INFO - DAG(s) dict_keys(['tutorial_dag']) retrieved from /home/airflow/.local/lib/python3.8/site-packages/airflow/example_dags/tutorial_dag.py
[2024-06-10T19:38:22.857+0000] {logging_mixin.py:151} INFO - [2024-06-10T19:38:22.857+0000] {dag.py:2915} INFO - Sync 1 DAGs
[2024-06-10T19:38:22.872+0000] {logging_mixin.py:151} INFO - [2024-06-10T19:38:22.872+0000] {dag.py:3696} INFO - Setting next_dagrun for tutorial_dag to None, run_after=None
[2024-06-10T19:38:22.893+0000] {processor.py:179} INFO - Processing /home/airflow/.local/lib/python3.8/site-packages/airflow/example_dags/tutorial_dag.py took 0.059 seconds
[2024-06-10T19:38:53.245+0000] {processor.py:157} INFO - Started process (PID=450) to work on /home/airflow/.local/lib/python3.8/site-packages/airflow/example_dags/tutorial_dag.py
[2024-06-10T19:38:53.246+0000] {processor.py:829} INFO - Processing file /home/airflow/.local/lib/python3.8/site-packages/airflow/example_dags/tutorial_dag.py for tasks to queue
[2024-06-10T19:38:53.247+0000] {logging_mixin.py:151} INFO - [2024-06-10T19:38:53.246+0000] {dagbag.py:539} INFO - Filling up the DagBag from /home/airflow/.local/lib/python3.8/site-packages/airflow/example_dags/tutorial_dag.py
[2024-06-10T19:38:53.252+0000] {processor.py:839} INFO - DAG(s) dict_keys(['tutorial_dag']) retrieved from /home/airflow/.local/lib/python3.8/site-packages/airflow/example_dags/tutorial_dag.py
[2024-06-10T19:38:53.273+0000] {logging_mixin.py:151} INFO - [2024-06-10T19:38:53.273+0000] {dag.py:2915} INFO - Sync 1 DAGs
[2024-06-10T19:38:53.286+0000] {logging_mixin.py:151} INFO - [2024-06-10T19:38:53.285+0000] {dag.py:3696} INFO - Setting next_dagrun for tutorial_dag to None, run_after=None
[2024-06-10T19:38:53.304+0000] {processor.py:179} INFO - Processing /home/airflow/.local/lib/python3.8/site-packages/airflow/example_dags/tutorial_dag.py took 0.062 seconds
[2024-06-10T19:39:23.428+0000] {processor.py:157} INFO - Started process (PID=688) to work on /home/airflow/.local/lib/python3.8/site-packages/airflow/example_dags/tutorial_dag.py
[2024-06-10T19:39:23.429+0000] {processor.py:829} INFO - Processing file /home/airflow/.local/lib/python3.8/site-packages/airflow/example_dags/tutorial_dag.py for tasks to queue
[2024-06-10T19:39:23.430+0000] {logging_mixin.py:151} INFO - [2024-06-10T19:39:23.430+0000] {dagbag.py:539} INFO - Filling up the DagBag from /home/airflow/.local/lib/python3.8/site-packages/airflow/example_dags/tutorial_dag.py
[2024-06-10T19:39:23.435+0000] {processor.py:839} INFO - DAG(s) dict_keys(['tutorial_dag']) retrieved from /home/airflow/.local/lib/python3.8/site-packages/airflow/example_dags/tutorial_dag.py
[2024-06-10T19:39:23.455+0000] {logging_mixin.py:151} INFO - [2024-06-10T19:39:23.455+0000] {dag.py:2915} INFO - Sync 1 DAGs
[2024-06-10T19:39:23.468+0000] {logging_mixin.py:151} INFO - [2024-06-10T19:39:23.467+0000] {dag.py:3696} INFO - Setting next_dagrun for tutorial_dag to None, run_after=None
[2024-06-10T19:39:23.486+0000] {processor.py:179} INFO - Processing /home/airflow/.local/lib/python3.8/site-packages/airflow/example_dags/tutorial_dag.py took 0.061 seconds
[2024-06-10T19:39:54.249+0000] {processor.py:157} INFO - Started process (PID=926) to work on /home/airflow/.local/lib/python3.8/site-packages/airflow/example_dags/tutorial_dag.py
[2024-06-10T19:39:54.250+0000] {processor.py:829} INFO - Processing file /home/airflow/.local/lib/python3.8/site-packages/airflow/example_dags/tutorial_dag.py for tasks to queue
[2024-06-10T19:39:54.251+0000] {logging_mixin.py:151} INFO - [2024-06-10T19:39:54.250+0000] {dagbag.py:539} INFO - Filling up the DagBag from /home/airflow/.local/lib/python3.8/site-packages/airflow/example_dags/tutorial_dag.py
[2024-06-10T19:39:54.255+0000] {processor.py:839} INFO - DAG(s) dict_keys(['tutorial_dag']) retrieved from /home/airflow/.local/lib/python3.8/site-packages/airflow/example_dags/tutorial_dag.py
[2024-06-10T19:39:54.280+0000] {logging_mixin.py:151} INFO - [2024-06-10T19:39:54.280+0000] {dag.py:2915} INFO - Sync 1 DAGs
[2024-06-10T19:39:54.299+0000] {logging_mixin.py:151} INFO - [2024-06-10T19:39:54.298+0000] {dag.py:3696} INFO - Setting next_dagrun for tutorial_dag to None, run_after=None
[2024-06-10T19:39:54.321+0000] {processor.py:179} INFO - Processing /home/airflow/.local/lib/python3.8/site-packages/airflow/example_dags/tutorial_dag.py took 0.075 seconds
[2024-06-10T19:40:25.161+0000] {processor.py:157} INFO - Started process (PID=1164) to work on /home/airflow/.local/lib/python3.8/site-packages/airflow/example_dags/tutorial_dag.py
[2024-06-10T19:40:25.162+0000] {processor.py:829} INFO - Processing file /home/airflow/.local/lib/python3.8/site-packages/airflow/example_dags/tutorial_dag.py for tasks to queue
[2024-06-10T19:40:25.163+0000] {logging_mixin.py:151} INFO - [2024-06-10T19:40:25.162+0000] {dagbag.py:539} INFO - Filling up the DagBag from /home/airflow/.local/lib/python3.8/site-packages/airflow/example_dags/tutorial_dag.py
[2024-06-10T19:40:25.167+0000] {processor.py:839} INFO - DAG(s) dict_keys(['tutorial_dag']) retrieved from /home/airflow/.local/lib/python3.8/site-packages/airflow/example_dags/tutorial_dag.py
[2024-06-10T19:40:25.188+0000] {logging_mixin.py:151} INFO - [2024-06-10T19:40:25.187+0000] {dag.py:2915} INFO - Sync 1 DAGs
[2024-06-10T19:40:25.201+0000] {logging_mixin.py:151} INFO - [2024-06-10T19:40:25.200+0000] {dag.py:3696} INFO - Setting next_dagrun for tutorial_dag to None, run_after=None
[2024-06-10T19:40:25.219+0000] {processor.py:179} INFO - Processing /home/airflow/.local/lib/python3.8/site-packages/airflow/example_dags/tutorial_dag.py took 0.061 seconds
[2024-06-10T19:40:55.950+0000] {processor.py:157} INFO - Started process (PID=1402) to work on /home/airflow/.local/lib/python3.8/site-packages/airflow/example_dags/tutorial_dag.py
[2024-06-10T19:40:55.951+0000] {processor.py:829} INFO - Processing file /home/airflow/.local/lib/python3.8/site-packages/airflow/example_dags/tutorial_dag.py for tasks to queue
[2024-06-10T19:40:55.952+0000] {logging_mixin.py:151} INFO - [2024-06-10T19:40:55.951+0000] {dagbag.py:539} INFO - Filling up the DagBag from /home/airflow/.local/lib/python3.8/site-packages/airflow/example_dags/tutorial_dag.py
[2024-06-10T19:40:55.956+0000] {processor.py:839} INFO - DAG(s) dict_keys(['tutorial_dag']) retrieved from /home/airflow/.local/lib/python3.8/site-packages/airflow/example_dags/tutorial_dag.py
[2024-06-10T19:40:55.977+0000] {logging_mixin.py:151} INFO - [2024-06-10T19:40:55.976+0000] {dag.py:2915} INFO - Sync 1 DAGs
[2024-06-10T19:40:55.989+0000] {logging_mixin.py:151} INFO - [2024-06-10T19:40:55.988+0000] {dag.py:3696} INFO - Setting next_dagrun for tutorial_dag to None, run_after=None
[2024-06-10T19:40:56.007+0000] {processor.py:179} INFO - Processing /home/airflow/.local/lib/python3.8/site-packages/airflow/example_dags/tutorial_dag.py took 0.060 seconds
[2024-06-10T19:41:26.723+0000] {processor.py:157} INFO - Started process (PID=1648) to work on /home/airflow/.local/lib/python3.8/site-packages/airflow/example_dags/tutorial_dag.py
[2024-06-10T19:41:26.724+0000] {processor.py:829} INFO - Processing file /home/airflow/.local/lib/python3.8/site-packages/airflow/example_dags/tutorial_dag.py for tasks to queue
[2024-06-10T19:41:26.725+0000] {logging_mixin.py:151} INFO - [2024-06-10T19:41:26.725+0000] {dagbag.py:539} INFO - Filling up the DagBag from /home/airflow/.local/lib/python3.8/site-packages/airflow/example_dags/tutorial_dag.py
[2024-06-10T19:41:26.731+0000] {processor.py:839} INFO - DAG(s) dict_keys(['tutorial_dag']) retrieved from /home/airflow/.local/lib/python3.8/site-packages/airflow/example_dags/tutorial_dag.py
[2024-06-10T19:41:26.752+0000] {logging_mixin.py:151} INFO - [2024-06-10T19:41:26.751+0000] {dag.py:2915} INFO - Sync 1 DAGs
[2024-06-10T19:41:26.764+0000] {logging_mixin.py:151} INFO - [2024-06-10T19:41:26.764+0000] {dag.py:3696} INFO - Setting next_dagrun for tutorial_dag to None, run_after=None
[2024-06-10T19:41:26.850+0000] {processor.py:179} INFO - Processing /home/airflow/.local/lib/python3.8/site-packages/airflow/example_dags/tutorial_dag.py took 0.130 seconds
[2024-06-10T19:41:56.892+0000] {processor.py:157} INFO - Started process (PID=1889) to work on /home/airflow/.local/lib/python3.8/site-packages/airflow/example_dags/tutorial_dag.py
[2024-06-10T19:41:56.893+0000] {processor.py:829} INFO - Processing file /home/airflow/.local/lib/python3.8/site-packages/airflow/example_dags/tutorial_dag.py for tasks to queue
[2024-06-10T19:41:56.894+0000] {logging_mixin.py:151} INFO - [2024-06-10T19:41:56.893+0000] {dagbag.py:539} INFO - Filling up the DagBag from /home/airflow/.local/lib/python3.8/site-packages/airflow/example_dags/tutorial_dag.py
[2024-06-10T19:41:56.899+0000] {processor.py:839} INFO - DAG(s) dict_keys(['tutorial_dag']) retrieved from /home/airflow/.local/lib/python3.8/site-packages/airflow/example_dags/tutorial_dag.py
[2024-06-10T19:41:56.918+0000] {logging_mixin.py:151} INFO - [2024-06-10T19:41:56.918+0000] {dag.py:2915} INFO - Sync 1 DAGs
[2024-06-10T19:41:56.931+0000] {logging_mixin.py:151} INFO - [2024-06-10T19:41:56.931+0000] {dag.py:3696} INFO - Setting next_dagrun for tutorial_dag to None, run_after=None
[2024-06-10T19:41:56.949+0000] {processor.py:179} INFO - Processing /home/airflow/.local/lib/python3.8/site-packages/airflow/example_dags/tutorial_dag.py took 0.060 seconds
[2024-06-10T19:42:27.232+0000] {processor.py:157} INFO - Started process (PID=2129) to work on /home/airflow/.local/lib/python3.8/site-packages/airflow/example_dags/tutorial_dag.py
[2024-06-10T19:42:27.233+0000] {processor.py:829} INFO - Processing file /home/airflow/.local/lib/python3.8/site-packages/airflow/example_dags/tutorial_dag.py for tasks to queue
[2024-06-10T19:42:27.234+0000] {logging_mixin.py:151} INFO - [2024-06-10T19:42:27.233+0000] {dagbag.py:539} INFO - Filling up the DagBag from /home/airflow/.local/lib/python3.8/site-packages/airflow/example_dags/tutorial_dag.py
[2024-06-10T19:42:27.239+0000] {processor.py:839} INFO - DAG(s) dict_keys(['tutorial_dag']) retrieved from /home/airflow/.local/lib/python3.8/site-packages/airflow/example_dags/tutorial_dag.py
[2024-06-10T19:42:27.259+0000] {logging_mixin.py:151} INFO - [2024-06-10T19:42:27.259+0000] {dag.py:2915} INFO - Sync 1 DAGs
[2024-06-10T19:42:27.272+0000] {logging_mixin.py:151} INFO - [2024-06-10T19:42:27.272+0000] {dag.py:3696} INFO - Setting next_dagrun for tutorial_dag to None, run_after=None
[2024-06-10T19:42:27.292+0000] {processor.py:179} INFO - Processing /home/airflow/.local/lib/python3.8/site-packages/airflow/example_dags/tutorial_dag.py took 0.063 seconds
[2024-06-10T19:42:57.372+0000] {processor.py:157} INFO - Started process (PID=2369) to work on /home/airflow/.local/lib/python3.8/site-packages/airflow/example_dags/tutorial_dag.py
[2024-06-10T19:42:57.373+0000] {processor.py:829} INFO - Processing file /home/airflow/.local/lib/python3.8/site-packages/airflow/example_dags/tutorial_dag.py for tasks to queue
[2024-06-10T19:42:57.374+0000] {logging_mixin.py:151} INFO - [2024-06-10T19:42:57.374+0000] {dagbag.py:539} INFO - Filling up the DagBag from /home/airflow/.local/lib/python3.8/site-packages/airflow/example_dags/tutorial_dag.py
[2024-06-10T19:42:57.378+0000] {processor.py:839} INFO - DAG(s) dict_keys(['tutorial_dag']) retrieved from /home/airflow/.local/lib/python3.8/site-packages/airflow/example_dags/tutorial_dag.py
[2024-06-10T19:42:57.399+0000] {logging_mixin.py:151} INFO - [2024-06-10T19:42:57.399+0000] {dag.py:2915} INFO - Sync 1 DAGs
[2024-06-10T19:42:57.411+0000] {logging_mixin.py:151} INFO - [2024-06-10T19:42:57.410+0000] {dag.py:3696} INFO - Setting next_dagrun for tutorial_dag to None, run_after=None
[2024-06-10T19:42:57.428+0000] {processor.py:179} INFO - Processing /home/airflow/.local/lib/python3.8/site-packages/airflow/example_dags/tutorial_dag.py took 0.059 seconds
[2024-06-10T19:43:28.275+0000] {processor.py:157} INFO - Started process (PID=2609) to work on /home/airflow/.local/lib/python3.8/site-packages/airflow/example_dags/tutorial_dag.py
[2024-06-10T19:43:28.276+0000] {processor.py:829} INFO - Processing file /home/airflow/.local/lib/python3.8/site-packages/airflow/example_dags/tutorial_dag.py for tasks to queue
[2024-06-10T19:43:28.277+0000] {logging_mixin.py:151} INFO - [2024-06-10T19:43:28.277+0000] {dagbag.py:539} INFO - Filling up the DagBag from /home/airflow/.local/lib/python3.8/site-packages/airflow/example_dags/tutorial_dag.py
[2024-06-10T19:43:28.281+0000] {processor.py:839} INFO - DAG(s) dict_keys(['tutorial_dag']) retrieved from /home/airflow/.local/lib/python3.8/site-packages/airflow/example_dags/tutorial_dag.py
[2024-06-10T19:43:28.301+0000] {logging_mixin.py:151} INFO - [2024-06-10T19:43:28.301+0000] {dag.py:2915} INFO - Sync 1 DAGs
[2024-06-10T19:43:28.314+0000] {logging_mixin.py:151} INFO - [2024-06-10T19:43:28.314+0000] {dag.py:3696} INFO - Setting next_dagrun for tutorial_dag to None, run_after=None
[2024-06-10T19:43:28.333+0000] {processor.py:179} INFO - Processing /home/airflow/.local/lib/python3.8/site-packages/airflow/example_dags/tutorial_dag.py took 0.061 seconds
[2024-06-10T19:43:59.168+0000] {processor.py:157} INFO - Started process (PID=2848) to work on /home/airflow/.local/lib/python3.8/site-packages/airflow/example_dags/tutorial_dag.py
[2024-06-10T19:43:59.169+0000] {processor.py:829} INFO - Processing file /home/airflow/.local/lib/python3.8/site-packages/airflow/example_dags/tutorial_dag.py for tasks to queue
[2024-06-10T19:43:59.170+0000] {logging_mixin.py:151} INFO - [2024-06-10T19:43:59.170+0000] {dagbag.py:539} INFO - Filling up the DagBag from /home/airflow/.local/lib/python3.8/site-packages/airflow/example_dags/tutorial_dag.py
[2024-06-10T19:43:59.175+0000] {processor.py:839} INFO - DAG(s) dict_keys(['tutorial_dag']) retrieved from /home/airflow/.local/lib/python3.8/site-packages/airflow/example_dags/tutorial_dag.py
[2024-06-10T19:43:59.195+0000] {logging_mixin.py:151} INFO - [2024-06-10T19:43:59.195+0000] {dag.py:2915} INFO - Sync 1 DAGs
[2024-06-10T19:43:59.207+0000] {logging_mixin.py:151} INFO - [2024-06-10T19:43:59.207+0000] {dag.py:3696} INFO - Setting next_dagrun for tutorial_dag to None, run_after=None
[2024-06-10T19:43:59.225+0000] {processor.py:179} INFO - Processing /home/airflow/.local/lib/python3.8/site-packages/airflow/example_dags/tutorial_dag.py took 0.060 seconds
[2024-06-10T19:44:29.843+0000] {processor.py:157} INFO - Started process (PID=3086) to work on /home/airflow/.local/lib/python3.8/site-packages/airflow/example_dags/tutorial_dag.py
[2024-06-10T19:44:29.844+0000] {processor.py:829} INFO - Processing file /home/airflow/.local/lib/python3.8/site-packages/airflow/example_dags/tutorial_dag.py for tasks to queue
[2024-06-10T19:44:29.845+0000] {logging_mixin.py:151} INFO - [2024-06-10T19:44:29.844+0000] {dagbag.py:539} INFO - Filling up the DagBag from /home/airflow/.local/lib/python3.8/site-packages/airflow/example_dags/tutorial_dag.py
[2024-06-10T19:44:29.849+0000] {processor.py:839} INFO - DAG(s) dict_keys(['tutorial_dag']) retrieved from /home/airflow/.local/lib/python3.8/site-packages/airflow/example_dags/tutorial_dag.py
[2024-06-10T19:44:29.870+0000] {logging_mixin.py:151} INFO - [2024-06-10T19:44:29.870+0000] {dag.py:2915} INFO - Sync 1 DAGs
[2024-06-10T19:44:29.884+0000] {logging_mixin.py:151} INFO - [2024-06-10T19:44:29.884+0000] {dag.py:3696} INFO - Setting next_dagrun for tutorial_dag to None, run_after=None
[2024-06-10T19:44:29.903+0000] {processor.py:179} INFO - Processing /home/airflow/.local/lib/python3.8/site-packages/airflow/example_dags/tutorial_dag.py took 0.063 seconds
[2024-06-10T19:45:00.670+0000] {processor.py:157} INFO - Started process (PID=3324) to work on /home/airflow/.local/lib/python3.8/site-packages/airflow/example_dags/tutorial_dag.py
[2024-06-10T19:45:00.671+0000] {processor.py:829} INFO - Processing file /home/airflow/.local/lib/python3.8/site-packages/airflow/example_dags/tutorial_dag.py for tasks to queue
[2024-06-10T19:45:00.672+0000] {logging_mixin.py:151} INFO - [2024-06-10T19:45:00.671+0000] {dagbag.py:539} INFO - Filling up the DagBag from /home/airflow/.local/lib/python3.8/site-packages/airflow/example_dags/tutorial_dag.py
[2024-06-10T19:45:00.676+0000] {processor.py:839} INFO - DAG(s) dict_keys(['tutorial_dag']) retrieved from /home/airflow/.local/lib/python3.8/site-packages/airflow/example_dags/tutorial_dag.py
[2024-06-10T19:45:00.697+0000] {logging_mixin.py:151} INFO - [2024-06-10T19:45:00.697+0000] {dag.py:2915} INFO - Sync 1 DAGs
[2024-06-10T19:45:00.710+0000] {logging_mixin.py:151} INFO - [2024-06-10T19:45:00.710+0000] {dag.py:3696} INFO - Setting next_dagrun for tutorial_dag to None, run_after=None
[2024-06-10T19:45:00.728+0000] {processor.py:179} INFO - Processing /home/airflow/.local/lib/python3.8/site-packages/airflow/example_dags/tutorial_dag.py took 0.061 seconds
[2024-06-10T19:45:31.577+0000] {processor.py:157} INFO - Started process (PID=3562) to work on /home/airflow/.local/lib/python3.8/site-packages/airflow/example_dags/tutorial_dag.py
[2024-06-10T19:45:31.578+0000] {processor.py:829} INFO - Processing file /home/airflow/.local/lib/python3.8/site-packages/airflow/example_dags/tutorial_dag.py for tasks to queue
[2024-06-10T19:45:31.578+0000] {logging_mixin.py:151} INFO - [2024-06-10T19:45:31.578+0000] {dagbag.py:539} INFO - Filling up the DagBag from /home/airflow/.local/lib/python3.8/site-packages/airflow/example_dags/tutorial_dag.py
[2024-06-10T19:45:31.583+0000] {processor.py:839} INFO - DAG(s) dict_keys(['tutorial_dag']) retrieved from /home/airflow/.local/lib/python3.8/site-packages/airflow/example_dags/tutorial_dag.py
[2024-06-10T19:45:31.602+0000] {logging_mixin.py:151} INFO - [2024-06-10T19:45:31.602+0000] {dag.py:2915} INFO - Sync 1 DAGs
[2024-06-10T19:45:31.616+0000] {logging_mixin.py:151} INFO - [2024-06-10T19:45:31.616+0000] {dag.py:3696} INFO - Setting next_dagrun for tutorial_dag to None, run_after=None
[2024-06-10T19:45:31.634+0000] {processor.py:179} INFO - Processing /home/airflow/.local/lib/python3.8/site-packages/airflow/example_dags/tutorial_dag.py took 0.060 seconds
[2024-06-10T19:46:02.215+0000] {processor.py:157} INFO - Started process (PID=3801) to work on /home/airflow/.local/lib/python3.8/site-packages/airflow/example_dags/tutorial_dag.py
[2024-06-10T19:46:02.215+0000] {processor.py:829} INFO - Processing file /home/airflow/.local/lib/python3.8/site-packages/airflow/example_dags/tutorial_dag.py for tasks to queue
[2024-06-10T19:46:02.216+0000] {logging_mixin.py:151} INFO - [2024-06-10T19:46:02.216+0000] {dagbag.py:539} INFO - Filling up the DagBag from /home/airflow/.local/lib/python3.8/site-packages/airflow/example_dags/tutorial_dag.py
[2024-06-10T19:46:02.222+0000] {processor.py:839} INFO - DAG(s) dict_keys(['tutorial_dag']) retrieved from /home/airflow/.local/lib/python3.8/site-packages/airflow/example_dags/tutorial_dag.py
[2024-06-10T19:46:02.243+0000] {logging_mixin.py:151} INFO - [2024-06-10T19:46:02.242+0000] {dag.py:2915} INFO - Sync 1 DAGs
[2024-06-10T19:46:02.255+0000] {logging_mixin.py:151} INFO - [2024-06-10T19:46:02.254+0000] {dag.py:3696} INFO - Setting next_dagrun for tutorial_dag to None, run_after=None
[2024-06-10T19:46:02.274+0000] {processor.py:179} INFO - Processing /home/airflow/.local/lib/python3.8/site-packages/airflow/example_dags/tutorial_dag.py took 0.062 seconds
[2024-06-10T19:46:32.856+0000] {processor.py:157} INFO - Started process (PID=4039) to work on /home/airflow/.local/lib/python3.8/site-packages/airflow/example_dags/tutorial_dag.py
[2024-06-10T19:46:32.857+0000] {processor.py:829} INFO - Processing file /home/airflow/.local/lib/python3.8/site-packages/airflow/example_dags/tutorial_dag.py for tasks to queue
[2024-06-10T19:46:32.858+0000] {logging_mixin.py:151} INFO - [2024-06-10T19:46:32.858+0000] {dagbag.py:539} INFO - Filling up the DagBag from /home/airflow/.local/lib/python3.8/site-packages/airflow/example_dags/tutorial_dag.py
[2024-06-10T19:46:32.863+0000] {processor.py:839} INFO - DAG(s) dict_keys(['tutorial_dag']) retrieved from /home/airflow/.local/lib/python3.8/site-packages/airflow/example_dags/tutorial_dag.py
[2024-06-10T19:46:32.884+0000] {logging_mixin.py:151} INFO - [2024-06-10T19:46:32.884+0000] {dag.py:2915} INFO - Sync 1 DAGs
[2024-06-10T19:46:32.897+0000] {logging_mixin.py:151} INFO - [2024-06-10T19:46:32.896+0000] {dag.py:3696} INFO - Setting next_dagrun for tutorial_dag to None, run_after=None
[2024-06-10T19:46:32.915+0000] {processor.py:179} INFO - Processing /home/airflow/.local/lib/python3.8/site-packages/airflow/example_dags/tutorial_dag.py took 0.062 seconds
[2024-06-10T19:47:03.639+0000] {processor.py:157} INFO - Started process (PID=4278) to work on /home/airflow/.local/lib/python3.8/site-packages/airflow/example_dags/tutorial_dag.py
[2024-06-10T19:47:03.640+0000] {processor.py:829} INFO - Processing file /home/airflow/.local/lib/python3.8/site-packages/airflow/example_dags/tutorial_dag.py for tasks to queue
[2024-06-10T19:47:03.640+0000] {logging_mixin.py:151} INFO - [2024-06-10T19:47:03.640+0000] {dagbag.py:539} INFO - Filling up the DagBag from /home/airflow/.local/lib/python3.8/site-packages/airflow/example_dags/tutorial_dag.py
[2024-06-10T19:47:03.645+0000] {processor.py:839} INFO - DAG(s) dict_keys(['tutorial_dag']) retrieved from /home/airflow/.local/lib/python3.8/site-packages/airflow/example_dags/tutorial_dag.py
[2024-06-10T19:47:03.665+0000] {logging_mixin.py:151} INFO - [2024-06-10T19:47:03.665+0000] {dag.py:2915} INFO - Sync 1 DAGs
[2024-06-10T19:47:03.677+0000] {logging_mixin.py:151} INFO - [2024-06-10T19:47:03.677+0000] {dag.py:3696} INFO - Setting next_dagrun for tutorial_dag to None, run_after=None
[2024-06-10T19:47:03.695+0000] {processor.py:179} INFO - Processing /home/airflow/.local/lib/python3.8/site-packages/airflow/example_dags/tutorial_dag.py took 0.059 seconds
[2024-06-10T19:47:34.364+0000] {processor.py:157} INFO - Started process (PID=4516) to work on /home/airflow/.local/lib/python3.8/site-packages/airflow/example_dags/tutorial_dag.py
[2024-06-10T19:47:34.365+0000] {processor.py:829} INFO - Processing file /home/airflow/.local/lib/python3.8/site-packages/airflow/example_dags/tutorial_dag.py for tasks to queue
[2024-06-10T19:47:34.366+0000] {logging_mixin.py:151} INFO - [2024-06-10T19:47:34.366+0000] {dagbag.py:539} INFO - Filling up the DagBag from /home/airflow/.local/lib/python3.8/site-packages/airflow/example_dags/tutorial_dag.py
[2024-06-10T19:47:34.371+0000] {processor.py:839} INFO - DAG(s) dict_keys(['tutorial_dag']) retrieved from /home/airflow/.local/lib/python3.8/site-packages/airflow/example_dags/tutorial_dag.py
[2024-06-10T19:47:34.391+0000] {logging_mixin.py:151} INFO - [2024-06-10T19:47:34.391+0000] {dag.py:2915} INFO - Sync 1 DAGs
[2024-06-10T19:47:34.403+0000] {logging_mixin.py:151} INFO - [2024-06-10T19:47:34.403+0000] {dag.py:3696} INFO - Setting next_dagrun for tutorial_dag to None, run_after=None
[2024-06-10T19:47:34.421+0000] {processor.py:179} INFO - Processing /home/airflow/.local/lib/python3.8/site-packages/airflow/example_dags/tutorial_dag.py took 0.059 seconds
[2024-06-10T19:48:05.162+0000] {processor.py:157} INFO - Started process (PID=4754) to work on /home/airflow/.local/lib/python3.8/site-packages/airflow/example_dags/tutorial_dag.py
[2024-06-10T19:48:05.163+0000] {processor.py:829} INFO - Processing file /home/airflow/.local/lib/python3.8/site-packages/airflow/example_dags/tutorial_dag.py for tasks to queue
[2024-06-10T19:48:05.164+0000] {logging_mixin.py:151} INFO - [2024-06-10T19:48:05.163+0000] {dagbag.py:539} INFO - Filling up the DagBag from /home/airflow/.local/lib/python3.8/site-packages/airflow/example_dags/tutorial_dag.py
[2024-06-10T19:48:05.169+0000] {processor.py:839} INFO - DAG(s) dict_keys(['tutorial_dag']) retrieved from /home/airflow/.local/lib/python3.8/site-packages/airflow/example_dags/tutorial_dag.py
[2024-06-10T19:48:05.189+0000] {logging_mixin.py:151} INFO - [2024-06-10T19:48:05.189+0000] {dag.py:2915} INFO - Sync 1 DAGs
[2024-06-10T19:48:05.201+0000] {logging_mixin.py:151} INFO - [2024-06-10T19:48:05.201+0000] {dag.py:3696} INFO - Setting next_dagrun for tutorial_dag to None, run_after=None
[2024-06-10T19:48:05.219+0000] {processor.py:179} INFO - Processing /home/airflow/.local/lib/python3.8/site-packages/airflow/example_dags/tutorial_dag.py took 0.059 seconds
[2024-06-10T19:48:35.505+0000] {processor.py:157} INFO - Started process (PID=4992) to work on /home/airflow/.local/lib/python3.8/site-packages/airflow/example_dags/tutorial_dag.py
[2024-06-10T19:48:35.506+0000] {processor.py:829} INFO - Processing file /home/airflow/.local/lib/python3.8/site-packages/airflow/example_dags/tutorial_dag.py for tasks to queue
[2024-06-10T19:48:35.507+0000] {logging_mixin.py:151} INFO - [2024-06-10T19:48:35.506+0000] {dagbag.py:539} INFO - Filling up the DagBag from /home/airflow/.local/lib/python3.8/site-packages/airflow/example_dags/tutorial_dag.py
[2024-06-10T19:48:35.511+0000] {processor.py:839} INFO - DAG(s) dict_keys(['tutorial_dag']) retrieved from /home/airflow/.local/lib/python3.8/site-packages/airflow/example_dags/tutorial_dag.py
[2024-06-10T19:48:35.532+0000] {logging_mixin.py:151} INFO - [2024-06-10T19:48:35.531+0000] {dag.py:2915} INFO - Sync 1 DAGs
[2024-06-10T19:48:35.544+0000] {logging_mixin.py:151} INFO - [2024-06-10T19:48:35.544+0000] {dag.py:3696} INFO - Setting next_dagrun for tutorial_dag to None, run_after=None
[2024-06-10T19:48:35.562+0000] {processor.py:179} INFO - Processing /home/airflow/.local/lib/python3.8/site-packages/airflow/example_dags/tutorial_dag.py took 0.060 seconds
[2024-06-10T19:49:05.825+0000] {processor.py:157} INFO - Started process (PID=5230) to work on /home/airflow/.local/lib/python3.8/site-packages/airflow/example_dags/tutorial_dag.py
[2024-06-10T19:49:05.826+0000] {processor.py:829} INFO - Processing file /home/airflow/.local/lib/python3.8/site-packages/airflow/example_dags/tutorial_dag.py for tasks to queue
[2024-06-10T19:49:05.826+0000] {logging_mixin.py:151} INFO - [2024-06-10T19:49:05.826+0000] {dagbag.py:539} INFO - Filling up the DagBag from /home/airflow/.local/lib/python3.8/site-packages/airflow/example_dags/tutorial_dag.py
[2024-06-10T19:49:05.831+0000] {processor.py:839} INFO - DAG(s) dict_keys(['tutorial_dag']) retrieved from /home/airflow/.local/lib/python3.8/site-packages/airflow/example_dags/tutorial_dag.py
[2024-06-10T19:49:05.855+0000] {logging_mixin.py:151} INFO - [2024-06-10T19:49:05.854+0000] {dag.py:2915} INFO - Sync 1 DAGs
[2024-06-10T19:49:05.870+0000] {logging_mixin.py:151} INFO - [2024-06-10T19:49:05.870+0000] {dag.py:3696} INFO - Setting next_dagrun for tutorial_dag to None, run_after=None
[2024-06-10T19:49:05.889+0000] {processor.py:179} INFO - Processing /home/airflow/.local/lib/python3.8/site-packages/airflow/example_dags/tutorial_dag.py took 0.067 seconds
[2024-06-10T19:49:36.189+0000] {processor.py:157} INFO - Started process (PID=5468) to work on /home/airflow/.local/lib/python3.8/site-packages/airflow/example_dags/tutorial_dag.py
[2024-06-10T19:49:36.190+0000] {processor.py:829} INFO - Processing file /home/airflow/.local/lib/python3.8/site-packages/airflow/example_dags/tutorial_dag.py for tasks to queue
[2024-06-10T19:49:36.191+0000] {logging_mixin.py:151} INFO - [2024-06-10T19:49:36.191+0000] {dagbag.py:539} INFO - Filling up the DagBag from /home/airflow/.local/lib/python3.8/site-packages/airflow/example_dags/tutorial_dag.py
[2024-06-10T19:49:36.197+0000] {processor.py:839} INFO - DAG(s) dict_keys(['tutorial_dag']) retrieved from /home/airflow/.local/lib/python3.8/site-packages/airflow/example_dags/tutorial_dag.py
[2024-06-10T19:49:36.218+0000] {logging_mixin.py:151} INFO - [2024-06-10T19:49:36.218+0000] {dag.py:2915} INFO - Sync 1 DAGs
[2024-06-10T19:49:36.231+0000] {logging_mixin.py:151} INFO - [2024-06-10T19:49:36.231+0000] {dag.py:3696} INFO - Setting next_dagrun for tutorial_dag to None, run_after=None
[2024-06-10T19:49:36.249+0000] {processor.py:179} INFO - Processing /home/airflow/.local/lib/python3.8/site-packages/airflow/example_dags/tutorial_dag.py took 0.064 seconds
[2024-06-10T19:50:06.354+0000] {processor.py:157} INFO - Started process (PID=5706) to work on /home/airflow/.local/lib/python3.8/site-packages/airflow/example_dags/tutorial_dag.py
[2024-06-10T19:50:06.355+0000] {processor.py:829} INFO - Processing file /home/airflow/.local/lib/python3.8/site-packages/airflow/example_dags/tutorial_dag.py for tasks to queue
[2024-06-10T19:50:06.356+0000] {logging_mixin.py:151} INFO - [2024-06-10T19:50:06.355+0000] {dagbag.py:539} INFO - Filling up the DagBag from /home/airflow/.local/lib/python3.8/site-packages/airflow/example_dags/tutorial_dag.py
[2024-06-10T19:50:06.361+0000] {processor.py:839} INFO - DAG(s) dict_keys(['tutorial_dag']) retrieved from /home/airflow/.local/lib/python3.8/site-packages/airflow/example_dags/tutorial_dag.py
[2024-06-10T19:50:06.380+0000] {logging_mixin.py:151} INFO - [2024-06-10T19:50:06.380+0000] {dag.py:2915} INFO - Sync 1 DAGs
[2024-06-10T19:50:06.393+0000] {logging_mixin.py:151} INFO - [2024-06-10T19:50:06.392+0000] {dag.py:3696} INFO - Setting next_dagrun for tutorial_dag to None, run_after=None
[2024-06-10T19:50:06.410+0000] {processor.py:179} INFO - Processing /home/airflow/.local/lib/python3.8/site-packages/airflow/example_dags/tutorial_dag.py took 0.059 seconds
[2024-06-10T19:50:36.548+0000] {processor.py:157} INFO - Started process (PID=5944) to work on /home/airflow/.local/lib/python3.8/site-packages/airflow/example_dags/tutorial_dag.py
[2024-06-10T19:50:36.549+0000] {processor.py:829} INFO - Processing file /home/airflow/.local/lib/python3.8/site-packages/airflow/example_dags/tutorial_dag.py for tasks to queue
[2024-06-10T19:50:36.550+0000] {logging_mixin.py:151} INFO - [2024-06-10T19:50:36.550+0000] {dagbag.py:539} INFO - Filling up the DagBag from /home/airflow/.local/lib/python3.8/site-packages/airflow/example_dags/tutorial_dag.py
[2024-06-10T19:50:36.555+0000] {processor.py:839} INFO - DAG(s) dict_keys(['tutorial_dag']) retrieved from /home/airflow/.local/lib/python3.8/site-packages/airflow/example_dags/tutorial_dag.py
[2024-06-10T19:50:36.574+0000] {logging_mixin.py:151} INFO - [2024-06-10T19:50:36.574+0000] {dag.py:2915} INFO - Sync 1 DAGs
[2024-06-10T19:50:36.586+0000] {logging_mixin.py:151} INFO - [2024-06-10T19:50:36.586+0000] {dag.py:3696} INFO - Setting next_dagrun for tutorial_dag to None, run_after=None
[2024-06-10T19:50:36.602+0000] {processor.py:179} INFO - Processing /home/airflow/.local/lib/python3.8/site-packages/airflow/example_dags/tutorial_dag.py took 0.057 seconds
[2024-06-10T19:51:06.838+0000] {processor.py:157} INFO - Started process (PID=6181) to work on /home/airflow/.local/lib/python3.8/site-packages/airflow/example_dags/tutorial_dag.py
[2024-06-10T19:51:06.839+0000] {processor.py:829} INFO - Processing file /home/airflow/.local/lib/python3.8/site-packages/airflow/example_dags/tutorial_dag.py for tasks to queue
[2024-06-10T19:51:06.839+0000] {logging_mixin.py:151} INFO - [2024-06-10T19:51:06.839+0000] {dagbag.py:539} INFO - Filling up the DagBag from /home/airflow/.local/lib/python3.8/site-packages/airflow/example_dags/tutorial_dag.py
[2024-06-10T19:51:06.844+0000] {processor.py:839} INFO - DAG(s) dict_keys(['tutorial_dag']) retrieved from /home/airflow/.local/lib/python3.8/site-packages/airflow/example_dags/tutorial_dag.py
[2024-06-10T19:51:06.864+0000] {logging_mixin.py:151} INFO - [2024-06-10T19:51:06.864+0000] {dag.py:2915} INFO - Sync 1 DAGs
[2024-06-10T19:51:06.877+0000] {logging_mixin.py:151} INFO - [2024-06-10T19:51:06.876+0000] {dag.py:3696} INFO - Setting next_dagrun for tutorial_dag to None, run_after=None
[2024-06-10T19:51:06.895+0000] {processor.py:179} INFO - Processing /home/airflow/.local/lib/python3.8/site-packages/airflow/example_dags/tutorial_dag.py took 0.060 seconds
[2024-06-10T19:51:37.710+0000] {processor.py:157} INFO - Started process (PID=6418) to work on /home/airflow/.local/lib/python3.8/site-packages/airflow/example_dags/tutorial_dag.py
[2024-06-10T19:51:37.711+0000] {processor.py:829} INFO - Processing file /home/airflow/.local/lib/python3.8/site-packages/airflow/example_dags/tutorial_dag.py for tasks to queue
[2024-06-10T19:51:37.712+0000] {logging_mixin.py:151} INFO - [2024-06-10T19:51:37.711+0000] {dagbag.py:539} INFO - Filling up the DagBag from /home/airflow/.local/lib/python3.8/site-packages/airflow/example_dags/tutorial_dag.py
[2024-06-10T19:51:37.719+0000] {processor.py:839} INFO - DAG(s) dict_keys(['tutorial_dag']) retrieved from /home/airflow/.local/lib/python3.8/site-packages/airflow/example_dags/tutorial_dag.py
[2024-06-10T19:51:37.747+0000] {logging_mixin.py:151} INFO - [2024-06-10T19:51:37.746+0000] {dag.py:2915} INFO - Sync 1 DAGs
[2024-06-10T19:51:37.765+0000] {logging_mixin.py:151} INFO - [2024-06-10T19:51:37.765+0000] {dag.py:3696} INFO - Setting next_dagrun for tutorial_dag to None, run_after=None
[2024-06-10T19:51:37.794+0000] {processor.py:179} INFO - Processing /home/airflow/.local/lib/python3.8/site-packages/airflow/example_dags/tutorial_dag.py took 0.088 seconds
[2024-06-10T19:52:08.105+0000] {processor.py:157} INFO - Started process (PID=6655) to work on /home/airflow/.local/lib/python3.8/site-packages/airflow/example_dags/tutorial_dag.py
[2024-06-10T19:52:08.106+0000] {processor.py:829} INFO - Processing file /home/airflow/.local/lib/python3.8/site-packages/airflow/example_dags/tutorial_dag.py for tasks to queue
[2024-06-10T19:52:08.106+0000] {logging_mixin.py:151} INFO - [2024-06-10T19:52:08.106+0000] {dagbag.py:539} INFO - Filling up the DagBag from /home/airflow/.local/lib/python3.8/site-packages/airflow/example_dags/tutorial_dag.py
[2024-06-10T19:52:08.111+0000] {processor.py:839} INFO - DAG(s) dict_keys(['tutorial_dag']) retrieved from /home/airflow/.local/lib/python3.8/site-packages/airflow/example_dags/tutorial_dag.py
[2024-06-10T19:52:08.130+0000] {logging_mixin.py:151} INFO - [2024-06-10T19:52:08.130+0000] {dag.py:2915} INFO - Sync 1 DAGs
[2024-06-10T19:52:08.142+0000] {logging_mixin.py:151} INFO - [2024-06-10T19:52:08.142+0000] {dag.py:3696} INFO - Setting next_dagrun for tutorial_dag to None, run_after=None
[2024-06-10T19:52:08.159+0000] {processor.py:179} INFO - Processing /home/airflow/.local/lib/python3.8/site-packages/airflow/example_dags/tutorial_dag.py took 0.057 seconds
[2024-06-10T19:52:38.623+0000] {processor.py:157} INFO - Started process (PID=6893) to work on /home/airflow/.local/lib/python3.8/site-packages/airflow/example_dags/tutorial_dag.py
[2024-06-10T19:52:38.624+0000] {processor.py:829} INFO - Processing file /home/airflow/.local/lib/python3.8/site-packages/airflow/example_dags/tutorial_dag.py for tasks to queue
[2024-06-10T19:52:38.625+0000] {logging_mixin.py:151} INFO - [2024-06-10T19:52:38.625+0000] {dagbag.py:539} INFO - Filling up the DagBag from /home/airflow/.local/lib/python3.8/site-packages/airflow/example_dags/tutorial_dag.py
[2024-06-10T19:52:38.629+0000] {processor.py:839} INFO - DAG(s) dict_keys(['tutorial_dag']) retrieved from /home/airflow/.local/lib/python3.8/site-packages/airflow/example_dags/tutorial_dag.py
[2024-06-10T19:52:38.649+0000] {logging_mixin.py:151} INFO - [2024-06-10T19:52:38.648+0000] {dag.py:2915} INFO - Sync 1 DAGs
[2024-06-10T19:52:38.660+0000] {logging_mixin.py:151} INFO - [2024-06-10T19:52:38.659+0000] {dag.py:3696} INFO - Setting next_dagrun for tutorial_dag to None, run_after=None
[2024-06-10T19:52:38.676+0000] {processor.py:179} INFO - Processing /home/airflow/.local/lib/python3.8/site-packages/airflow/example_dags/tutorial_dag.py took 0.056 seconds
[2024-06-10T19:53:09.195+0000] {processor.py:157} INFO - Started process (PID=7131) to work on /home/airflow/.local/lib/python3.8/site-packages/airflow/example_dags/tutorial_dag.py
[2024-06-10T19:53:09.196+0000] {processor.py:829} INFO - Processing file /home/airflow/.local/lib/python3.8/site-packages/airflow/example_dags/tutorial_dag.py for tasks to queue
[2024-06-10T19:53:09.197+0000] {logging_mixin.py:151} INFO - [2024-06-10T19:53:09.197+0000] {dagbag.py:539} INFO - Filling up the DagBag from /home/airflow/.local/lib/python3.8/site-packages/airflow/example_dags/tutorial_dag.py
[2024-06-10T19:53:09.202+0000] {processor.py:839} INFO - DAG(s) dict_keys(['tutorial_dag']) retrieved from /home/airflow/.local/lib/python3.8/site-packages/airflow/example_dags/tutorial_dag.py
[2024-06-10T19:53:09.228+0000] {logging_mixin.py:151} INFO - [2024-06-10T19:53:09.228+0000] {dag.py:2915} INFO - Sync 1 DAGs
[2024-06-10T19:53:09.243+0000] {logging_mixin.py:151} INFO - [2024-06-10T19:53:09.243+0000] {dag.py:3696} INFO - Setting next_dagrun for tutorial_dag to None, run_after=None
[2024-06-10T19:53:09.308+0000] {processor.py:179} INFO - Processing /home/airflow/.local/lib/python3.8/site-packages/airflow/example_dags/tutorial_dag.py took 0.116 seconds
[2024-06-10T19:53:39.451+0000] {processor.py:157} INFO - Started process (PID=7369) to work on /home/airflow/.local/lib/python3.8/site-packages/airflow/example_dags/tutorial_dag.py
[2024-06-10T19:53:39.453+0000] {processor.py:829} INFO - Processing file /home/airflow/.local/lib/python3.8/site-packages/airflow/example_dags/tutorial_dag.py for tasks to queue
[2024-06-10T19:53:39.454+0000] {logging_mixin.py:151} INFO - [2024-06-10T19:53:39.453+0000] {dagbag.py:539} INFO - Filling up the DagBag from /home/airflow/.local/lib/python3.8/site-packages/airflow/example_dags/tutorial_dag.py
[2024-06-10T19:53:39.459+0000] {processor.py:839} INFO - DAG(s) dict_keys(['tutorial_dag']) retrieved from /home/airflow/.local/lib/python3.8/site-packages/airflow/example_dags/tutorial_dag.py
[2024-06-10T19:53:39.486+0000] {logging_mixin.py:151} INFO - [2024-06-10T19:53:39.486+0000] {dag.py:2915} INFO - Sync 1 DAGs
[2024-06-10T19:53:39.503+0000] {logging_mixin.py:151} INFO - [2024-06-10T19:53:39.503+0000] {dag.py:3696} INFO - Setting next_dagrun for tutorial_dag to None, run_after=None
[2024-06-10T19:53:39.529+0000] {processor.py:179} INFO - Processing /home/airflow/.local/lib/python3.8/site-packages/airflow/example_dags/tutorial_dag.py took 0.082 seconds
[2024-06-10T19:54:09.619+0000] {processor.py:157} INFO - Started process (PID=7607) to work on /home/airflow/.local/lib/python3.8/site-packages/airflow/example_dags/tutorial_dag.py
[2024-06-10T19:54:09.620+0000] {processor.py:829} INFO - Processing file /home/airflow/.local/lib/python3.8/site-packages/airflow/example_dags/tutorial_dag.py for tasks to queue
[2024-06-10T19:54:09.620+0000] {logging_mixin.py:151} INFO - [2024-06-10T19:54:09.620+0000] {dagbag.py:539} INFO - Filling up the DagBag from /home/airflow/.local/lib/python3.8/site-packages/airflow/example_dags/tutorial_dag.py
[2024-06-10T19:54:09.625+0000] {processor.py:839} INFO - DAG(s) dict_keys(['tutorial_dag']) retrieved from /home/airflow/.local/lib/python3.8/site-packages/airflow/example_dags/tutorial_dag.py
[2024-06-10T19:54:09.645+0000] {logging_mixin.py:151} INFO - [2024-06-10T19:54:09.645+0000] {dag.py:2915} INFO - Sync 1 DAGs
[2024-06-10T19:54:09.657+0000] {logging_mixin.py:151} INFO - [2024-06-10T19:54:09.657+0000] {dag.py:3696} INFO - Setting next_dagrun for tutorial_dag to None, run_after=None
[2024-06-10T19:54:09.675+0000] {processor.py:179} INFO - Processing /home/airflow/.local/lib/python3.8/site-packages/airflow/example_dags/tutorial_dag.py took 0.059 seconds
[2024-06-10T19:54:39.807+0000] {processor.py:157} INFO - Started process (PID=7845) to work on /home/airflow/.local/lib/python3.8/site-packages/airflow/example_dags/tutorial_dag.py
[2024-06-10T19:54:39.808+0000] {processor.py:829} INFO - Processing file /home/airflow/.local/lib/python3.8/site-packages/airflow/example_dags/tutorial_dag.py for tasks to queue
[2024-06-10T19:54:39.809+0000] {logging_mixin.py:151} INFO - [2024-06-10T19:54:39.808+0000] {dagbag.py:539} INFO - Filling up the DagBag from /home/airflow/.local/lib/python3.8/site-packages/airflow/example_dags/tutorial_dag.py
[2024-06-10T19:54:39.814+0000] {processor.py:839} INFO - DAG(s) dict_keys(['tutorial_dag']) retrieved from /home/airflow/.local/lib/python3.8/site-packages/airflow/example_dags/tutorial_dag.py
[2024-06-10T19:54:39.834+0000] {logging_mixin.py:151} INFO - [2024-06-10T19:54:39.834+0000] {dag.py:2915} INFO - Sync 1 DAGs
[2024-06-10T19:54:39.846+0000] {logging_mixin.py:151} INFO - [2024-06-10T19:54:39.846+0000] {dag.py:3696} INFO - Setting next_dagrun for tutorial_dag to None, run_after=None
[2024-06-10T19:54:39.865+0000] {processor.py:179} INFO - Processing /home/airflow/.local/lib/python3.8/site-packages/airflow/example_dags/tutorial_dag.py took 0.060 seconds
[2024-06-10T19:55:10.432+0000] {processor.py:157} INFO - Started process (PID=8084) to work on /home/airflow/.local/lib/python3.8/site-packages/airflow/example_dags/tutorial_dag.py
[2024-06-10T19:55:10.433+0000] {processor.py:829} INFO - Processing file /home/airflow/.local/lib/python3.8/site-packages/airflow/example_dags/tutorial_dag.py for tasks to queue
[2024-06-10T19:55:10.434+0000] {logging_mixin.py:151} INFO - [2024-06-10T19:55:10.434+0000] {dagbag.py:539} INFO - Filling up the DagBag from /home/airflow/.local/lib/python3.8/site-packages/airflow/example_dags/tutorial_dag.py
[2024-06-10T19:55:10.439+0000] {processor.py:839} INFO - DAG(s) dict_keys(['tutorial_dag']) retrieved from /home/airflow/.local/lib/python3.8/site-packages/airflow/example_dags/tutorial_dag.py
[2024-06-10T19:55:10.462+0000] {logging_mixin.py:151} INFO - [2024-06-10T19:55:10.461+0000] {dag.py:2915} INFO - Sync 1 DAGs
[2024-06-10T19:55:10.475+0000] {logging_mixin.py:151} INFO - [2024-06-10T19:55:10.474+0000] {dag.py:3696} INFO - Setting next_dagrun for tutorial_dag to None, run_after=None
[2024-06-10T19:55:10.495+0000] {processor.py:179} INFO - Processing /home/airflow/.local/lib/python3.8/site-packages/airflow/example_dags/tutorial_dag.py took 0.066 seconds
[2024-06-10T19:55:41.437+0000] {processor.py:157} INFO - Started process (PID=8322) to work on /home/airflow/.local/lib/python3.8/site-packages/airflow/example_dags/tutorial_dag.py
[2024-06-10T19:55:41.438+0000] {processor.py:829} INFO - Processing file /home/airflow/.local/lib/python3.8/site-packages/airflow/example_dags/tutorial_dag.py for tasks to queue
[2024-06-10T19:55:41.438+0000] {logging_mixin.py:151} INFO - [2024-06-10T19:55:41.438+0000] {dagbag.py:539} INFO - Filling up the DagBag from /home/airflow/.local/lib/python3.8/site-packages/airflow/example_dags/tutorial_dag.py
[2024-06-10T19:55:41.444+0000] {processor.py:839} INFO - DAG(s) dict_keys(['tutorial_dag']) retrieved from /home/airflow/.local/lib/python3.8/site-packages/airflow/example_dags/tutorial_dag.py
[2024-06-10T19:55:41.465+0000] {logging_mixin.py:151} INFO - [2024-06-10T19:55:41.465+0000] {dag.py:2915} INFO - Sync 1 DAGs
[2024-06-10T19:55:41.479+0000] {logging_mixin.py:151} INFO - [2024-06-10T19:55:41.478+0000] {dag.py:3696} INFO - Setting next_dagrun for tutorial_dag to None, run_after=None
[2024-06-10T19:55:41.499+0000] {processor.py:179} INFO - Processing /home/airflow/.local/lib/python3.8/site-packages/airflow/example_dags/tutorial_dag.py took 0.065 seconds
[2024-06-10T19:56:12.597+0000] {processor.py:157} INFO - Started process (PID=8562) to work on /home/airflow/.local/lib/python3.8/site-packages/airflow/example_dags/tutorial_dag.py
[2024-06-10T19:56:12.598+0000] {processor.py:829} INFO - Processing file /home/airflow/.local/lib/python3.8/site-packages/airflow/example_dags/tutorial_dag.py for tasks to queue
[2024-06-10T19:56:12.598+0000] {logging_mixin.py:151} INFO - [2024-06-10T19:56:12.598+0000] {dagbag.py:539} INFO - Filling up the DagBag from /home/airflow/.local/lib/python3.8/site-packages/airflow/example_dags/tutorial_dag.py
[2024-06-10T19:56:12.603+0000] {processor.py:839} INFO - DAG(s) dict_keys(['tutorial_dag']) retrieved from /home/airflow/.local/lib/python3.8/site-packages/airflow/example_dags/tutorial_dag.py
[2024-06-10T19:56:12.623+0000] {logging_mixin.py:151} INFO - [2024-06-10T19:56:12.623+0000] {dag.py:2915} INFO - Sync 1 DAGs
[2024-06-10T19:56:12.635+0000] {logging_mixin.py:151} INFO - [2024-06-10T19:56:12.635+0000] {dag.py:3696} INFO - Setting next_dagrun for tutorial_dag to None, run_after=None
[2024-06-10T19:56:12.652+0000] {processor.py:179} INFO - Processing /home/airflow/.local/lib/python3.8/site-packages/airflow/example_dags/tutorial_dag.py took 0.058 seconds
[2024-06-10T19:56:42.898+0000] {processor.py:157} INFO - Started process (PID=8800) to work on /home/airflow/.local/lib/python3.8/site-packages/airflow/example_dags/tutorial_dag.py
[2024-06-10T19:56:42.899+0000] {processor.py:829} INFO - Processing file /home/airflow/.local/lib/python3.8/site-packages/airflow/example_dags/tutorial_dag.py for tasks to queue
[2024-06-10T19:56:42.900+0000] {logging_mixin.py:151} INFO - [2024-06-10T19:56:42.899+0000] {dagbag.py:539} INFO - Filling up the DagBag from /home/airflow/.local/lib/python3.8/site-packages/airflow/example_dags/tutorial_dag.py
[2024-06-10T19:56:42.906+0000] {processor.py:839} INFO - DAG(s) dict_keys(['tutorial_dag']) retrieved from /home/airflow/.local/lib/python3.8/site-packages/airflow/example_dags/tutorial_dag.py
[2024-06-10T19:56:42.927+0000] {logging_mixin.py:151} INFO - [2024-06-10T19:56:42.927+0000] {dag.py:2915} INFO - Sync 1 DAGs
[2024-06-10T19:56:42.940+0000] {logging_mixin.py:151} INFO - [2024-06-10T19:56:42.939+0000] {dag.py:3696} INFO - Setting next_dagrun for tutorial_dag to None, run_after=None
[2024-06-10T19:56:42.958+0000] {processor.py:179} INFO - Processing /home/airflow/.local/lib/python3.8/site-packages/airflow/example_dags/tutorial_dag.py took 0.063 seconds
[2024-06-10T19:57:13.199+0000] {processor.py:157} INFO - Started process (PID=9036) to work on /home/airflow/.local/lib/python3.8/site-packages/airflow/example_dags/tutorial_dag.py
[2024-06-10T19:57:13.200+0000] {processor.py:829} INFO - Processing file /home/airflow/.local/lib/python3.8/site-packages/airflow/example_dags/tutorial_dag.py for tasks to queue
[2024-06-10T19:57:13.200+0000] {logging_mixin.py:151} INFO - [2024-06-10T19:57:13.200+0000] {dagbag.py:539} INFO - Filling up the DagBag from /home/airflow/.local/lib/python3.8/site-packages/airflow/example_dags/tutorial_dag.py
[2024-06-10T19:57:13.205+0000] {processor.py:839} INFO - DAG(s) dict_keys(['tutorial_dag']) retrieved from /home/airflow/.local/lib/python3.8/site-packages/airflow/example_dags/tutorial_dag.py
[2024-06-10T19:57:13.224+0000] {logging_mixin.py:151} INFO - [2024-06-10T19:57:13.224+0000] {dag.py:2915} INFO - Sync 1 DAGs
[2024-06-10T19:57:13.236+0000] {logging_mixin.py:151} INFO - [2024-06-10T19:57:13.236+0000] {dag.py:3696} INFO - Setting next_dagrun for tutorial_dag to None, run_after=None
[2024-06-10T19:57:13.253+0000] {processor.py:179} INFO - Processing /home/airflow/.local/lib/python3.8/site-packages/airflow/example_dags/tutorial_dag.py took 0.057 seconds
[2024-06-10T19:57:44.075+0000] {processor.py:157} INFO - Started process (PID=9273) to work on /home/airflow/.local/lib/python3.8/site-packages/airflow/example_dags/tutorial_dag.py
[2024-06-10T19:57:44.076+0000] {processor.py:829} INFO - Processing file /home/airflow/.local/lib/python3.8/site-packages/airflow/example_dags/tutorial_dag.py for tasks to queue
[2024-06-10T19:57:44.076+0000] {logging_mixin.py:151} INFO - [2024-06-10T19:57:44.076+0000] {dagbag.py:539} INFO - Filling up the DagBag from /home/airflow/.local/lib/python3.8/site-packages/airflow/example_dags/tutorial_dag.py
[2024-06-10T19:57:44.082+0000] {processor.py:839} INFO - DAG(s) dict_keys(['tutorial_dag']) retrieved from /home/airflow/.local/lib/python3.8/site-packages/airflow/example_dags/tutorial_dag.py
[2024-06-10T19:57:44.102+0000] {logging_mixin.py:151} INFO - [2024-06-10T19:57:44.102+0000] {dag.py:2915} INFO - Sync 1 DAGs
[2024-06-10T19:57:44.114+0000] {logging_mixin.py:151} INFO - [2024-06-10T19:57:44.114+0000] {dag.py:3696} INFO - Setting next_dagrun for tutorial_dag to None, run_after=None
[2024-06-10T19:57:44.133+0000] {processor.py:179} INFO - Processing /home/airflow/.local/lib/python3.8/site-packages/airflow/example_dags/tutorial_dag.py took 0.061 seconds
[2024-06-10T19:58:14.917+0000] {processor.py:157} INFO - Started process (PID=9511) to work on /home/airflow/.local/lib/python3.8/site-packages/airflow/example_dags/tutorial_dag.py
[2024-06-10T19:58:14.918+0000] {processor.py:829} INFO - Processing file /home/airflow/.local/lib/python3.8/site-packages/airflow/example_dags/tutorial_dag.py for tasks to queue
[2024-06-10T19:58:14.919+0000] {logging_mixin.py:151} INFO - [2024-06-10T19:58:14.918+0000] {dagbag.py:539} INFO - Filling up the DagBag from /home/airflow/.local/lib/python3.8/site-packages/airflow/example_dags/tutorial_dag.py
[2024-06-10T19:58:14.923+0000] {processor.py:839} INFO - DAG(s) dict_keys(['tutorial_dag']) retrieved from /home/airflow/.local/lib/python3.8/site-packages/airflow/example_dags/tutorial_dag.py
[2024-06-10T19:58:14.943+0000] {logging_mixin.py:151} INFO - [2024-06-10T19:58:14.943+0000] {dag.py:2915} INFO - Sync 1 DAGs
[2024-06-10T19:58:14.955+0000] {logging_mixin.py:151} INFO - [2024-06-10T19:58:14.954+0000] {dag.py:3696} INFO - Setting next_dagrun for tutorial_dag to None, run_after=None
[2024-06-10T19:58:14.972+0000] {processor.py:179} INFO - Processing /home/airflow/.local/lib/python3.8/site-packages/airflow/example_dags/tutorial_dag.py took 0.058 seconds
[2024-06-10T19:58:45.713+0000] {processor.py:157} INFO - Started process (PID=9750) to work on /home/airflow/.local/lib/python3.8/site-packages/airflow/example_dags/tutorial_dag.py
[2024-06-10T19:58:45.714+0000] {processor.py:829} INFO - Processing file /home/airflow/.local/lib/python3.8/site-packages/airflow/example_dags/tutorial_dag.py for tasks to queue
[2024-06-10T19:58:45.714+0000] {logging_mixin.py:151} INFO - [2024-06-10T19:58:45.714+0000] {dagbag.py:539} INFO - Filling up the DagBag from /home/airflow/.local/lib/python3.8/site-packages/airflow/example_dags/tutorial_dag.py
[2024-06-10T19:58:45.719+0000] {processor.py:839} INFO - DAG(s) dict_keys(['tutorial_dag']) retrieved from /home/airflow/.local/lib/python3.8/site-packages/airflow/example_dags/tutorial_dag.py
[2024-06-10T19:58:45.739+0000] {logging_mixin.py:151} INFO - [2024-06-10T19:58:45.739+0000] {dag.py:2915} INFO - Sync 1 DAGs
[2024-06-10T19:58:45.750+0000] {logging_mixin.py:151} INFO - [2024-06-10T19:58:45.750+0000] {dag.py:3696} INFO - Setting next_dagrun for tutorial_dag to None, run_after=None
[2024-06-10T19:58:45.768+0000] {processor.py:179} INFO - Processing /home/airflow/.local/lib/python3.8/site-packages/airflow/example_dags/tutorial_dag.py took 0.058 seconds
[2024-06-10T19:59:16.650+0000] {processor.py:157} INFO - Started process (PID=9996) to work on /home/airflow/.local/lib/python3.8/site-packages/airflow/example_dags/tutorial_dag.py
[2024-06-10T19:59:16.651+0000] {processor.py:829} INFO - Processing file /home/airflow/.local/lib/python3.8/site-packages/airflow/example_dags/tutorial_dag.py for tasks to queue
[2024-06-10T19:59:16.652+0000] {logging_mixin.py:151} INFO - [2024-06-10T19:59:16.652+0000] {dagbag.py:539} INFO - Filling up the DagBag from /home/airflow/.local/lib/python3.8/site-packages/airflow/example_dags/tutorial_dag.py
[2024-06-10T19:59:16.659+0000] {processor.py:839} INFO - DAG(s) dict_keys(['tutorial_dag']) retrieved from /home/airflow/.local/lib/python3.8/site-packages/airflow/example_dags/tutorial_dag.py
[2024-06-10T19:59:16.684+0000] {logging_mixin.py:151} INFO - [2024-06-10T19:59:16.684+0000] {dag.py:2915} INFO - Sync 1 DAGs
[2024-06-10T19:59:16.699+0000] {logging_mixin.py:151} INFO - [2024-06-10T19:59:16.698+0000] {dag.py:3696} INFO - Setting next_dagrun for tutorial_dag to None, run_after=None
[2024-06-10T19:59:16.720+0000] {processor.py:179} INFO - Processing /home/airflow/.local/lib/python3.8/site-packages/airflow/example_dags/tutorial_dag.py took 0.074 seconds
[2024-06-10T19:59:47.335+0000] {processor.py:157} INFO - Started process (PID=10234) to work on /home/airflow/.local/lib/python3.8/site-packages/airflow/example_dags/tutorial_dag.py
[2024-06-10T19:59:47.336+0000] {processor.py:829} INFO - Processing file /home/airflow/.local/lib/python3.8/site-packages/airflow/example_dags/tutorial_dag.py for tasks to queue
[2024-06-10T19:59:47.337+0000] {logging_mixin.py:151} INFO - [2024-06-10T19:59:47.336+0000] {dagbag.py:539} INFO - Filling up the DagBag from /home/airflow/.local/lib/python3.8/site-packages/airflow/example_dags/tutorial_dag.py
[2024-06-10T19:59:47.341+0000] {processor.py:839} INFO - DAG(s) dict_keys(['tutorial_dag']) retrieved from /home/airflow/.local/lib/python3.8/site-packages/airflow/example_dags/tutorial_dag.py
[2024-06-10T19:59:47.365+0000] {logging_mixin.py:151} INFO - [2024-06-10T19:59:47.365+0000] {dag.py:2915} INFO - Sync 1 DAGs
[2024-06-10T19:59:47.378+0000] {logging_mixin.py:151} INFO - [2024-06-10T19:59:47.378+0000] {dag.py:3696} INFO - Setting next_dagrun for tutorial_dag to None, run_after=None
[2024-06-10T19:59:47.399+0000] {processor.py:179} INFO - Processing /home/airflow/.local/lib/python3.8/site-packages/airflow/example_dags/tutorial_dag.py took 0.067 seconds
[2024-06-10T20:00:18.129+0000] {processor.py:157} INFO - Started process (PID=10472) to work on /home/airflow/.local/lib/python3.8/site-packages/airflow/example_dags/tutorial_dag.py
[2024-06-10T20:00:18.129+0000] {processor.py:829} INFO - Processing file /home/airflow/.local/lib/python3.8/site-packages/airflow/example_dags/tutorial_dag.py for tasks to queue
[2024-06-10T20:00:18.130+0000] {logging_mixin.py:151} INFO - [2024-06-10T20:00:18.130+0000] {dagbag.py:539} INFO - Filling up the DagBag from /home/airflow/.local/lib/python3.8/site-packages/airflow/example_dags/tutorial_dag.py
[2024-06-10T20:00:18.135+0000] {processor.py:839} INFO - DAG(s) dict_keys(['tutorial_dag']) retrieved from /home/airflow/.local/lib/python3.8/site-packages/airflow/example_dags/tutorial_dag.py
[2024-06-10T20:00:18.155+0000] {logging_mixin.py:151} INFO - [2024-06-10T20:00:18.154+0000] {dag.py:2915} INFO - Sync 1 DAGs
[2024-06-10T20:00:18.166+0000] {logging_mixin.py:151} INFO - [2024-06-10T20:00:18.166+0000] {dag.py:3696} INFO - Setting next_dagrun for tutorial_dag to None, run_after=None
[2024-06-10T20:00:18.184+0000] {processor.py:179} INFO - Processing /home/airflow/.local/lib/python3.8/site-packages/airflow/example_dags/tutorial_dag.py took 0.058 seconds
[2024-06-10T20:00:48.838+0000] {processor.py:157} INFO - Started process (PID=10710) to work on /home/airflow/.local/lib/python3.8/site-packages/airflow/example_dags/tutorial_dag.py
[2024-06-10T20:00:48.839+0000] {processor.py:829} INFO - Processing file /home/airflow/.local/lib/python3.8/site-packages/airflow/example_dags/tutorial_dag.py for tasks to queue
[2024-06-10T20:00:48.840+0000] {logging_mixin.py:151} INFO - [2024-06-10T20:00:48.840+0000] {dagbag.py:539} INFO - Filling up the DagBag from /home/airflow/.local/lib/python3.8/site-packages/airflow/example_dags/tutorial_dag.py
[2024-06-10T20:00:48.846+0000] {processor.py:839} INFO - DAG(s) dict_keys(['tutorial_dag']) retrieved from /home/airflow/.local/lib/python3.8/site-packages/airflow/example_dags/tutorial_dag.py
[2024-06-10T20:00:48.866+0000] {logging_mixin.py:151} INFO - [2024-06-10T20:00:48.866+0000] {dag.py:2915} INFO - Sync 1 DAGs
[2024-06-10T20:00:48.879+0000] {logging_mixin.py:151} INFO - [2024-06-10T20:00:48.878+0000] {dag.py:3696} INFO - Setting next_dagrun for tutorial_dag to None, run_after=None
[2024-06-10T20:00:48.896+0000] {processor.py:179} INFO - Processing /home/airflow/.local/lib/python3.8/site-packages/airflow/example_dags/tutorial_dag.py took 0.061 seconds
[2024-06-10T20:01:19.198+0000] {processor.py:157} INFO - Started process (PID=10948) to work on /home/airflow/.local/lib/python3.8/site-packages/airflow/example_dags/tutorial_dag.py
[2024-06-10T20:01:19.198+0000] {processor.py:829} INFO - Processing file /home/airflow/.local/lib/python3.8/site-packages/airflow/example_dags/tutorial_dag.py for tasks to queue
[2024-06-10T20:01:19.199+0000] {logging_mixin.py:151} INFO - [2024-06-10T20:01:19.199+0000] {dagbag.py:539} INFO - Filling up the DagBag from /home/airflow/.local/lib/python3.8/site-packages/airflow/example_dags/tutorial_dag.py
[2024-06-10T20:01:19.206+0000] {processor.py:839} INFO - DAG(s) dict_keys(['tutorial_dag']) retrieved from /home/airflow/.local/lib/python3.8/site-packages/airflow/example_dags/tutorial_dag.py
[2024-06-10T20:01:19.227+0000] {logging_mixin.py:151} INFO - [2024-06-10T20:01:19.227+0000] {dag.py:2915} INFO - Sync 1 DAGs
[2024-06-10T20:01:19.239+0000] {logging_mixin.py:151} INFO - [2024-06-10T20:01:19.239+0000] {dag.py:3696} INFO - Setting next_dagrun for tutorial_dag to None, run_after=None
[2024-06-10T20:01:19.259+0000] {processor.py:179} INFO - Processing /home/airflow/.local/lib/python3.8/site-packages/airflow/example_dags/tutorial_dag.py took 0.065 seconds
[2024-06-10T20:01:49.986+0000] {processor.py:157} INFO - Started process (PID=11185) to work on /home/airflow/.local/lib/python3.8/site-packages/airflow/example_dags/tutorial_dag.py
[2024-06-10T20:01:49.987+0000] {processor.py:829} INFO - Processing file /home/airflow/.local/lib/python3.8/site-packages/airflow/example_dags/tutorial_dag.py for tasks to queue
[2024-06-10T20:01:49.987+0000] {logging_mixin.py:151} INFO - [2024-06-10T20:01:49.987+0000] {dagbag.py:539} INFO - Filling up the DagBag from /home/airflow/.local/lib/python3.8/site-packages/airflow/example_dags/tutorial_dag.py
[2024-06-10T20:01:49.992+0000] {processor.py:839} INFO - DAG(s) dict_keys(['tutorial_dag']) retrieved from /home/airflow/.local/lib/python3.8/site-packages/airflow/example_dags/tutorial_dag.py
[2024-06-10T20:01:50.012+0000] {logging_mixin.py:151} INFO - [2024-06-10T20:01:50.012+0000] {dag.py:2915} INFO - Sync 1 DAGs
[2024-06-10T20:01:50.024+0000] {logging_mixin.py:151} INFO - [2024-06-10T20:01:50.024+0000] {dag.py:3696} INFO - Setting next_dagrun for tutorial_dag to None, run_after=None
[2024-06-10T20:01:50.040+0000] {processor.py:179} INFO - Processing /home/airflow/.local/lib/python3.8/site-packages/airflow/example_dags/tutorial_dag.py took 0.058 seconds
[2024-06-10T20:02:20.752+0000] {processor.py:157} INFO - Started process (PID=11423) to work on /home/airflow/.local/lib/python3.8/site-packages/airflow/example_dags/tutorial_dag.py
[2024-06-10T20:02:20.752+0000] {processor.py:829} INFO - Processing file /home/airflow/.local/lib/python3.8/site-packages/airflow/example_dags/tutorial_dag.py for tasks to queue
[2024-06-10T20:02:20.753+0000] {logging_mixin.py:151} INFO - [2024-06-10T20:02:20.753+0000] {dagbag.py:539} INFO - Filling up the DagBag from /home/airflow/.local/lib/python3.8/site-packages/airflow/example_dags/tutorial_dag.py
[2024-06-10T20:02:20.758+0000] {processor.py:839} INFO - DAG(s) dict_keys(['tutorial_dag']) retrieved from /home/airflow/.local/lib/python3.8/site-packages/airflow/example_dags/tutorial_dag.py
[2024-06-10T20:02:20.779+0000] {logging_mixin.py:151} INFO - [2024-06-10T20:02:20.778+0000] {dag.py:2915} INFO - Sync 1 DAGs
[2024-06-10T20:02:20.791+0000] {logging_mixin.py:151} INFO - [2024-06-10T20:02:20.790+0000] {dag.py:3696} INFO - Setting next_dagrun for tutorial_dag to None, run_after=None
[2024-06-10T20:02:20.810+0000] {processor.py:179} INFO - Processing /home/airflow/.local/lib/python3.8/site-packages/airflow/example_dags/tutorial_dag.py took 0.062 seconds
[2024-06-10T20:02:51.453+0000] {processor.py:157} INFO - Started process (PID=11661) to work on /home/airflow/.local/lib/python3.8/site-packages/airflow/example_dags/tutorial_dag.py
[2024-06-10T20:02:51.454+0000] {processor.py:829} INFO - Processing file /home/airflow/.local/lib/python3.8/site-packages/airflow/example_dags/tutorial_dag.py for tasks to queue
[2024-06-10T20:02:51.455+0000] {logging_mixin.py:151} INFO - [2024-06-10T20:02:51.455+0000] {dagbag.py:539} INFO - Filling up the DagBag from /home/airflow/.local/lib/python3.8/site-packages/airflow/example_dags/tutorial_dag.py
[2024-06-10T20:02:51.460+0000] {processor.py:839} INFO - DAG(s) dict_keys(['tutorial_dag']) retrieved from /home/airflow/.local/lib/python3.8/site-packages/airflow/example_dags/tutorial_dag.py
[2024-06-10T20:02:51.480+0000] {logging_mixin.py:151} INFO - [2024-06-10T20:02:51.480+0000] {dag.py:2915} INFO - Sync 1 DAGs
[2024-06-10T20:02:51.492+0000] {logging_mixin.py:151} INFO - [2024-06-10T20:02:51.492+0000] {dag.py:3696} INFO - Setting next_dagrun for tutorial_dag to None, run_after=None
[2024-06-10T20:02:51.511+0000] {processor.py:179} INFO - Processing /home/airflow/.local/lib/python3.8/site-packages/airflow/example_dags/tutorial_dag.py took 0.060 seconds
[2024-06-10T20:03:22.122+0000] {processor.py:157} INFO - Started process (PID=11899) to work on /home/airflow/.local/lib/python3.8/site-packages/airflow/example_dags/tutorial_dag.py
[2024-06-10T20:03:22.122+0000] {processor.py:829} INFO - Processing file /home/airflow/.local/lib/python3.8/site-packages/airflow/example_dags/tutorial_dag.py for tasks to queue
[2024-06-10T20:03:22.123+0000] {logging_mixin.py:151} INFO - [2024-06-10T20:03:22.123+0000] {dagbag.py:539} INFO - Filling up the DagBag from /home/airflow/.local/lib/python3.8/site-packages/airflow/example_dags/tutorial_dag.py
[2024-06-10T20:03:22.129+0000] {processor.py:839} INFO - DAG(s) dict_keys(['tutorial_dag']) retrieved from /home/airflow/.local/lib/python3.8/site-packages/airflow/example_dags/tutorial_dag.py
[2024-06-10T20:03:22.152+0000] {logging_mixin.py:151} INFO - [2024-06-10T20:03:22.151+0000] {dag.py:2915} INFO - Sync 1 DAGs
[2024-06-10T20:03:22.165+0000] {logging_mixin.py:151} INFO - [2024-06-10T20:03:22.165+0000] {dag.py:3696} INFO - Setting next_dagrun for tutorial_dag to None, run_after=None
[2024-06-10T20:03:22.186+0000] {processor.py:179} INFO - Processing /home/airflow/.local/lib/python3.8/site-packages/airflow/example_dags/tutorial_dag.py took 0.067 seconds
[2024-06-10T20:03:52.893+0000] {processor.py:157} INFO - Started process (PID=12137) to work on /home/airflow/.local/lib/python3.8/site-packages/airflow/example_dags/tutorial_dag.py
[2024-06-10T20:03:52.894+0000] {processor.py:829} INFO - Processing file /home/airflow/.local/lib/python3.8/site-packages/airflow/example_dags/tutorial_dag.py for tasks to queue
[2024-06-10T20:03:52.895+0000] {logging_mixin.py:151} INFO - [2024-06-10T20:03:52.894+0000] {dagbag.py:539} INFO - Filling up the DagBag from /home/airflow/.local/lib/python3.8/site-packages/airflow/example_dags/tutorial_dag.py
[2024-06-10T20:03:52.900+0000] {processor.py:839} INFO - DAG(s) dict_keys(['tutorial_dag']) retrieved from /home/airflow/.local/lib/python3.8/site-packages/airflow/example_dags/tutorial_dag.py
[2024-06-10T20:03:52.923+0000] {logging_mixin.py:151} INFO - [2024-06-10T20:03:52.923+0000] {dag.py:2915} INFO - Sync 1 DAGs
[2024-06-10T20:03:52.937+0000] {logging_mixin.py:151} INFO - [2024-06-10T20:03:52.937+0000] {dag.py:3696} INFO - Setting next_dagrun for tutorial_dag to None, run_after=None
[2024-06-10T20:03:52.959+0000] {processor.py:179} INFO - Processing /home/airflow/.local/lib/python3.8/site-packages/airflow/example_dags/tutorial_dag.py took 0.069 seconds
[2024-06-10T20:04:23.789+0000] {processor.py:157} INFO - Started process (PID=12375) to work on /home/airflow/.local/lib/python3.8/site-packages/airflow/example_dags/tutorial_dag.py
[2024-06-10T20:04:23.790+0000] {processor.py:829} INFO - Processing file /home/airflow/.local/lib/python3.8/site-packages/airflow/example_dags/tutorial_dag.py for tasks to queue
[2024-06-10T20:04:23.790+0000] {logging_mixin.py:151} INFO - [2024-06-10T20:04:23.790+0000] {dagbag.py:539} INFO - Filling up the DagBag from /home/airflow/.local/lib/python3.8/site-packages/airflow/example_dags/tutorial_dag.py
[2024-06-10T20:04:23.796+0000] {processor.py:839} INFO - DAG(s) dict_keys(['tutorial_dag']) retrieved from /home/airflow/.local/lib/python3.8/site-packages/airflow/example_dags/tutorial_dag.py
[2024-06-10T20:04:23.818+0000] {logging_mixin.py:151} INFO - [2024-06-10T20:04:23.818+0000] {dag.py:2915} INFO - Sync 1 DAGs
[2024-06-10T20:04:23.832+0000] {logging_mixin.py:151} INFO - [2024-06-10T20:04:23.832+0000] {dag.py:3696} INFO - Setting next_dagrun for tutorial_dag to None, run_after=None
[2024-06-10T20:04:23.854+0000] {processor.py:179} INFO - Processing /home/airflow/.local/lib/python3.8/site-packages/airflow/example_dags/tutorial_dag.py took 0.068 seconds
[2024-06-10T20:04:54.781+0000] {processor.py:157} INFO - Started process (PID=12615) to work on /home/airflow/.local/lib/python3.8/site-packages/airflow/example_dags/tutorial_dag.py
[2024-06-10T20:04:54.781+0000] {processor.py:829} INFO - Processing file /home/airflow/.local/lib/python3.8/site-packages/airflow/example_dags/tutorial_dag.py for tasks to queue
[2024-06-10T20:04:54.782+0000] {logging_mixin.py:151} INFO - [2024-06-10T20:04:54.782+0000] {dagbag.py:539} INFO - Filling up the DagBag from /home/airflow/.local/lib/python3.8/site-packages/airflow/example_dags/tutorial_dag.py
[2024-06-10T20:04:54.787+0000] {processor.py:839} INFO - DAG(s) dict_keys(['tutorial_dag']) retrieved from /home/airflow/.local/lib/python3.8/site-packages/airflow/example_dags/tutorial_dag.py
[2024-06-10T20:04:54.807+0000] {logging_mixin.py:151} INFO - [2024-06-10T20:04:54.807+0000] {dag.py:2915} INFO - Sync 1 DAGs
[2024-06-10T20:04:54.820+0000] {logging_mixin.py:151} INFO - [2024-06-10T20:04:54.820+0000] {dag.py:3696} INFO - Setting next_dagrun for tutorial_dag to None, run_after=None
[2024-06-10T20:04:54.837+0000] {processor.py:179} INFO - Processing /home/airflow/.local/lib/python3.8/site-packages/airflow/example_dags/tutorial_dag.py took 0.060 seconds
[2024-06-10T20:05:25.166+0000] {processor.py:157} INFO - Started process (PID=12851) to work on /home/airflow/.local/lib/python3.8/site-packages/airflow/example_dags/tutorial_dag.py
[2024-06-10T20:05:25.167+0000] {processor.py:829} INFO - Processing file /home/airflow/.local/lib/python3.8/site-packages/airflow/example_dags/tutorial_dag.py for tasks to queue
[2024-06-10T20:05:25.167+0000] {logging_mixin.py:151} INFO - [2024-06-10T20:05:25.167+0000] {dagbag.py:539} INFO - Filling up the DagBag from /home/airflow/.local/lib/python3.8/site-packages/airflow/example_dags/tutorial_dag.py
[2024-06-10T20:05:25.172+0000] {processor.py:839} INFO - DAG(s) dict_keys(['tutorial_dag']) retrieved from /home/airflow/.local/lib/python3.8/site-packages/airflow/example_dags/tutorial_dag.py
[2024-06-10T20:05:25.192+0000] {logging_mixin.py:151} INFO - [2024-06-10T20:05:25.192+0000] {dag.py:2915} INFO - Sync 1 DAGs
[2024-06-10T20:05:25.203+0000] {logging_mixin.py:151} INFO - [2024-06-10T20:05:25.203+0000] {dag.py:3696} INFO - Setting next_dagrun for tutorial_dag to None, run_after=None
[2024-06-10T20:05:25.220+0000] {processor.py:179} INFO - Processing /home/airflow/.local/lib/python3.8/site-packages/airflow/example_dags/tutorial_dag.py took 0.057 seconds
[2024-06-10T20:05:56.065+0000] {processor.py:157} INFO - Started process (PID=13089) to work on /home/airflow/.local/lib/python3.8/site-packages/airflow/example_dags/tutorial_dag.py
[2024-06-10T20:05:56.066+0000] {processor.py:829} INFO - Processing file /home/airflow/.local/lib/python3.8/site-packages/airflow/example_dags/tutorial_dag.py for tasks to queue
[2024-06-10T20:05:56.066+0000] {logging_mixin.py:151} INFO - [2024-06-10T20:05:56.066+0000] {dagbag.py:539} INFO - Filling up the DagBag from /home/airflow/.local/lib/python3.8/site-packages/airflow/example_dags/tutorial_dag.py
[2024-06-10T20:05:56.071+0000] {processor.py:839} INFO - DAG(s) dict_keys(['tutorial_dag']) retrieved from /home/airflow/.local/lib/python3.8/site-packages/airflow/example_dags/tutorial_dag.py
[2024-06-10T20:05:56.091+0000] {logging_mixin.py:151} INFO - [2024-06-10T20:05:56.091+0000] {dag.py:2915} INFO - Sync 1 DAGs
[2024-06-10T20:05:56.104+0000] {logging_mixin.py:151} INFO - [2024-06-10T20:05:56.103+0000] {dag.py:3696} INFO - Setting next_dagrun for tutorial_dag to None, run_after=None
[2024-06-10T20:05:56.121+0000] {processor.py:179} INFO - Processing /home/airflow/.local/lib/python3.8/site-packages/airflow/example_dags/tutorial_dag.py took 0.059 seconds
[2024-06-10T20:06:26.593+0000] {processor.py:157} INFO - Started process (PID=13327) to work on /home/airflow/.local/lib/python3.8/site-packages/airflow/example_dags/tutorial_dag.py
[2024-06-10T20:06:26.593+0000] {processor.py:829} INFO - Processing file /home/airflow/.local/lib/python3.8/site-packages/airflow/example_dags/tutorial_dag.py for tasks to queue
[2024-06-10T20:06:26.594+0000] {logging_mixin.py:151} INFO - [2024-06-10T20:06:26.594+0000] {dagbag.py:539} INFO - Filling up the DagBag from /home/airflow/.local/lib/python3.8/site-packages/airflow/example_dags/tutorial_dag.py
[2024-06-10T20:06:26.599+0000] {processor.py:839} INFO - DAG(s) dict_keys(['tutorial_dag']) retrieved from /home/airflow/.local/lib/python3.8/site-packages/airflow/example_dags/tutorial_dag.py
[2024-06-10T20:06:26.619+0000] {logging_mixin.py:151} INFO - [2024-06-10T20:06:26.619+0000] {dag.py:2915} INFO - Sync 1 DAGs
[2024-06-10T20:06:26.632+0000] {logging_mixin.py:151} INFO - [2024-06-10T20:06:26.632+0000] {dag.py:3696} INFO - Setting next_dagrun for tutorial_dag to None, run_after=None
[2024-06-10T20:06:26.650+0000] {processor.py:179} INFO - Processing /home/airflow/.local/lib/python3.8/site-packages/airflow/example_dags/tutorial_dag.py took 0.060 seconds
[2024-06-10T20:06:57.277+0000] {processor.py:157} INFO - Started process (PID=13565) to work on /home/airflow/.local/lib/python3.8/site-packages/airflow/example_dags/tutorial_dag.py
[2024-06-10T20:06:57.278+0000] {processor.py:829} INFO - Processing file /home/airflow/.local/lib/python3.8/site-packages/airflow/example_dags/tutorial_dag.py for tasks to queue
[2024-06-10T20:06:57.279+0000] {logging_mixin.py:151} INFO - [2024-06-10T20:06:57.278+0000] {dagbag.py:539} INFO - Filling up the DagBag from /home/airflow/.local/lib/python3.8/site-packages/airflow/example_dags/tutorial_dag.py
[2024-06-10T20:06:57.283+0000] {processor.py:839} INFO - DAG(s) dict_keys(['tutorial_dag']) retrieved from /home/airflow/.local/lib/python3.8/site-packages/airflow/example_dags/tutorial_dag.py
[2024-06-10T20:06:57.309+0000] {logging_mixin.py:151} INFO - [2024-06-10T20:06:57.308+0000] {dag.py:2915} INFO - Sync 1 DAGs
[2024-06-10T20:06:57.323+0000] {logging_mixin.py:151} INFO - [2024-06-10T20:06:57.323+0000] {dag.py:3696} INFO - Setting next_dagrun for tutorial_dag to None, run_after=None
[2024-06-10T20:06:57.342+0000] {processor.py:179} INFO - Processing /home/airflow/.local/lib/python3.8/site-packages/airflow/example_dags/tutorial_dag.py took 0.068 seconds
[2024-06-10T20:07:28.143+0000] {processor.py:157} INFO - Started process (PID=13803) to work on /home/airflow/.local/lib/python3.8/site-packages/airflow/example_dags/tutorial_dag.py
[2024-06-10T20:07:28.144+0000] {processor.py:829} INFO - Processing file /home/airflow/.local/lib/python3.8/site-packages/airflow/example_dags/tutorial_dag.py for tasks to queue
[2024-06-10T20:07:28.144+0000] {logging_mixin.py:151} INFO - [2024-06-10T20:07:28.144+0000] {dagbag.py:539} INFO - Filling up the DagBag from /home/airflow/.local/lib/python3.8/site-packages/airflow/example_dags/tutorial_dag.py
[2024-06-10T20:07:28.149+0000] {processor.py:839} INFO - DAG(s) dict_keys(['tutorial_dag']) retrieved from /home/airflow/.local/lib/python3.8/site-packages/airflow/example_dags/tutorial_dag.py
[2024-06-10T20:07:28.171+0000] {logging_mixin.py:151} INFO - [2024-06-10T20:07:28.171+0000] {dag.py:2915} INFO - Sync 1 DAGs
[2024-06-10T20:07:28.185+0000] {logging_mixin.py:151} INFO - [2024-06-10T20:07:28.184+0000] {dag.py:3696} INFO - Setting next_dagrun for tutorial_dag to None, run_after=None
[2024-06-10T20:07:28.206+0000] {processor.py:179} INFO - Processing /home/airflow/.local/lib/python3.8/site-packages/airflow/example_dags/tutorial_dag.py took 0.066 seconds
[2024-06-10T20:07:59.043+0000] {processor.py:157} INFO - Started process (PID=14041) to work on /home/airflow/.local/lib/python3.8/site-packages/airflow/example_dags/tutorial_dag.py
[2024-06-10T20:07:59.044+0000] {processor.py:829} INFO - Processing file /home/airflow/.local/lib/python3.8/site-packages/airflow/example_dags/tutorial_dag.py for tasks to queue
[2024-06-10T20:07:59.045+0000] {logging_mixin.py:151} INFO - [2024-06-10T20:07:59.045+0000] {dagbag.py:539} INFO - Filling up the DagBag from /home/airflow/.local/lib/python3.8/site-packages/airflow/example_dags/tutorial_dag.py
[2024-06-10T20:07:59.050+0000] {processor.py:839} INFO - DAG(s) dict_keys(['tutorial_dag']) retrieved from /home/airflow/.local/lib/python3.8/site-packages/airflow/example_dags/tutorial_dag.py
[2024-06-10T20:07:59.072+0000] {logging_mixin.py:151} INFO - [2024-06-10T20:07:59.072+0000] {dag.py:2915} INFO - Sync 1 DAGs
[2024-06-10T20:07:59.086+0000] {logging_mixin.py:151} INFO - [2024-06-10T20:07:59.085+0000] {dag.py:3696} INFO - Setting next_dagrun for tutorial_dag to None, run_after=None
[2024-06-10T20:07:59.106+0000] {processor.py:179} INFO - Processing /home/airflow/.local/lib/python3.8/site-packages/airflow/example_dags/tutorial_dag.py took 0.066 seconds
[2024-06-10T20:08:29.785+0000] {processor.py:157} INFO - Started process (PID=14279) to work on /home/airflow/.local/lib/python3.8/site-packages/airflow/example_dags/tutorial_dag.py
[2024-06-10T20:08:29.785+0000] {processor.py:829} INFO - Processing file /home/airflow/.local/lib/python3.8/site-packages/airflow/example_dags/tutorial_dag.py for tasks to queue
[2024-06-10T20:08:29.786+0000] {logging_mixin.py:151} INFO - [2024-06-10T20:08:29.786+0000] {dagbag.py:539} INFO - Filling up the DagBag from /home/airflow/.local/lib/python3.8/site-packages/airflow/example_dags/tutorial_dag.py
[2024-06-10T20:08:29.791+0000] {processor.py:839} INFO - DAG(s) dict_keys(['tutorial_dag']) retrieved from /home/airflow/.local/lib/python3.8/site-packages/airflow/example_dags/tutorial_dag.py
[2024-06-10T20:08:29.814+0000] {logging_mixin.py:151} INFO - [2024-06-10T20:08:29.813+0000] {dag.py:2915} INFO - Sync 1 DAGs
[2024-06-10T20:08:29.828+0000] {logging_mixin.py:151} INFO - [2024-06-10T20:08:29.827+0000] {dag.py:3696} INFO - Setting next_dagrun for tutorial_dag to None, run_after=None
[2024-06-10T20:08:29.848+0000] {processor.py:179} INFO - Processing /home/airflow/.local/lib/python3.8/site-packages/airflow/example_dags/tutorial_dag.py took 0.066 seconds
[2024-06-10T20:09:00.201+0000] {processor.py:157} INFO - Started process (PID=14517) to work on /home/airflow/.local/lib/python3.8/site-packages/airflow/example_dags/tutorial_dag.py
[2024-06-10T20:09:00.201+0000] {processor.py:829} INFO - Processing file /home/airflow/.local/lib/python3.8/site-packages/airflow/example_dags/tutorial_dag.py for tasks to queue
[2024-06-10T20:09:00.202+0000] {logging_mixin.py:151} INFO - [2024-06-10T20:09:00.202+0000] {dagbag.py:539} INFO - Filling up the DagBag from /home/airflow/.local/lib/python3.8/site-packages/airflow/example_dags/tutorial_dag.py
[2024-06-10T20:09:00.207+0000] {processor.py:839} INFO - DAG(s) dict_keys(['tutorial_dag']) retrieved from /home/airflow/.local/lib/python3.8/site-packages/airflow/example_dags/tutorial_dag.py
[2024-06-10T20:09:00.227+0000] {logging_mixin.py:151} INFO - [2024-06-10T20:09:00.227+0000] {dag.py:2915} INFO - Sync 1 DAGs
[2024-06-10T20:09:00.239+0000] {logging_mixin.py:151} INFO - [2024-06-10T20:09:00.239+0000] {dag.py:3696} INFO - Setting next_dagrun for tutorial_dag to None, run_after=None
[2024-06-10T20:09:00.257+0000] {processor.py:179} INFO - Processing /home/airflow/.local/lib/python3.8/site-packages/airflow/example_dags/tutorial_dag.py took 0.060 seconds
[2024-06-10T20:09:31.040+0000] {processor.py:157} INFO - Started process (PID=14755) to work on /home/airflow/.local/lib/python3.8/site-packages/airflow/example_dags/tutorial_dag.py
[2024-06-10T20:09:31.041+0000] {processor.py:829} INFO - Processing file /home/airflow/.local/lib/python3.8/site-packages/airflow/example_dags/tutorial_dag.py for tasks to queue
[2024-06-10T20:09:31.041+0000] {logging_mixin.py:151} INFO - [2024-06-10T20:09:31.041+0000] {dagbag.py:539} INFO - Filling up the DagBag from /home/airflow/.local/lib/python3.8/site-packages/airflow/example_dags/tutorial_dag.py
[2024-06-10T20:09:31.046+0000] {processor.py:839} INFO - DAG(s) dict_keys(['tutorial_dag']) retrieved from /home/airflow/.local/lib/python3.8/site-packages/airflow/example_dags/tutorial_dag.py
[2024-06-10T20:09:31.066+0000] {logging_mixin.py:151} INFO - [2024-06-10T20:09:31.065+0000] {dag.py:2915} INFO - Sync 1 DAGs
[2024-06-10T20:09:31.077+0000] {logging_mixin.py:151} INFO - [2024-06-10T20:09:31.077+0000] {dag.py:3696} INFO - Setting next_dagrun for tutorial_dag to None, run_after=None
[2024-06-10T20:09:31.094+0000] {processor.py:179} INFO - Processing /home/airflow/.local/lib/python3.8/site-packages/airflow/example_dags/tutorial_dag.py took 0.057 seconds
[2024-06-10T20:10:01.576+0000] {processor.py:157} INFO - Started process (PID=14994) to work on /home/airflow/.local/lib/python3.8/site-packages/airflow/example_dags/tutorial_dag.py
[2024-06-10T20:10:01.577+0000] {processor.py:829} INFO - Processing file /home/airflow/.local/lib/python3.8/site-packages/airflow/example_dags/tutorial_dag.py for tasks to queue
[2024-06-10T20:10:01.578+0000] {logging_mixin.py:151} INFO - [2024-06-10T20:10:01.577+0000] {dagbag.py:539} INFO - Filling up the DagBag from /home/airflow/.local/lib/python3.8/site-packages/airflow/example_dags/tutorial_dag.py
[2024-06-10T20:10:01.582+0000] {processor.py:839} INFO - DAG(s) dict_keys(['tutorial_dag']) retrieved from /home/airflow/.local/lib/python3.8/site-packages/airflow/example_dags/tutorial_dag.py
[2024-06-10T20:10:01.602+0000] {logging_mixin.py:151} INFO - [2024-06-10T20:10:01.602+0000] {dag.py:2915} INFO - Sync 1 DAGs
[2024-06-10T20:10:01.615+0000] {logging_mixin.py:151} INFO - [2024-06-10T20:10:01.615+0000] {dag.py:3696} INFO - Setting next_dagrun for tutorial_dag to None, run_after=None
[2024-06-10T20:10:01.640+0000] {processor.py:179} INFO - Processing /home/airflow/.local/lib/python3.8/site-packages/airflow/example_dags/tutorial_dag.py took 0.067 seconds
[2024-06-10T20:10:32.300+0000] {processor.py:157} INFO - Started process (PID=15232) to work on /home/airflow/.local/lib/python3.8/site-packages/airflow/example_dags/tutorial_dag.py
[2024-06-10T20:10:32.301+0000] {processor.py:829} INFO - Processing file /home/airflow/.local/lib/python3.8/site-packages/airflow/example_dags/tutorial_dag.py for tasks to queue
[2024-06-10T20:10:32.302+0000] {logging_mixin.py:151} INFO - [2024-06-10T20:10:32.301+0000] {dagbag.py:539} INFO - Filling up the DagBag from /home/airflow/.local/lib/python3.8/site-packages/airflow/example_dags/tutorial_dag.py
[2024-06-10T20:10:32.306+0000] {processor.py:839} INFO - DAG(s) dict_keys(['tutorial_dag']) retrieved from /home/airflow/.local/lib/python3.8/site-packages/airflow/example_dags/tutorial_dag.py
[2024-06-10T20:10:32.327+0000] {logging_mixin.py:151} INFO - [2024-06-10T20:10:32.327+0000] {dag.py:2915} INFO - Sync 1 DAGs
[2024-06-10T20:10:32.339+0000] {logging_mixin.py:151} INFO - [2024-06-10T20:10:32.339+0000] {dag.py:3696} INFO - Setting next_dagrun for tutorial_dag to None, run_after=None
[2024-06-10T20:10:32.359+0000] {processor.py:179} INFO - Processing /home/airflow/.local/lib/python3.8/site-packages/airflow/example_dags/tutorial_dag.py took 0.061 seconds
[2024-06-10T20:11:02.989+0000] {processor.py:157} INFO - Started process (PID=15470) to work on /home/airflow/.local/lib/python3.8/site-packages/airflow/example_dags/tutorial_dag.py
[2024-06-10T20:11:02.990+0000] {processor.py:829} INFO - Processing file /home/airflow/.local/lib/python3.8/site-packages/airflow/example_dags/tutorial_dag.py for tasks to queue
[2024-06-10T20:11:02.991+0000] {logging_mixin.py:151} INFO - [2024-06-10T20:11:02.991+0000] {dagbag.py:539} INFO - Filling up the DagBag from /home/airflow/.local/lib/python3.8/site-packages/airflow/example_dags/tutorial_dag.py
[2024-06-10T20:11:02.996+0000] {processor.py:839} INFO - DAG(s) dict_keys(['tutorial_dag']) retrieved from /home/airflow/.local/lib/python3.8/site-packages/airflow/example_dags/tutorial_dag.py
[2024-06-10T20:11:03.016+0000] {logging_mixin.py:151} INFO - [2024-06-10T20:11:03.016+0000] {dag.py:2915} INFO - Sync 1 DAGs
[2024-06-10T20:11:03.028+0000] {logging_mixin.py:151} INFO - [2024-06-10T20:11:03.027+0000] {dag.py:3696} INFO - Setting next_dagrun for tutorial_dag to None, run_after=None
[2024-06-10T20:11:03.047+0000] {processor.py:179} INFO - Processing /home/airflow/.local/lib/python3.8/site-packages/airflow/example_dags/tutorial_dag.py took 0.061 seconds
[2024-06-10T20:11:33.755+0000] {processor.py:157} INFO - Started process (PID=15707) to work on /home/airflow/.local/lib/python3.8/site-packages/airflow/example_dags/tutorial_dag.py
[2024-06-10T20:11:33.755+0000] {processor.py:829} INFO - Processing file /home/airflow/.local/lib/python3.8/site-packages/airflow/example_dags/tutorial_dag.py for tasks to queue
[2024-06-10T20:11:33.756+0000] {logging_mixin.py:151} INFO - [2024-06-10T20:11:33.756+0000] {dagbag.py:539} INFO - Filling up the DagBag from /home/airflow/.local/lib/python3.8/site-packages/airflow/example_dags/tutorial_dag.py
[2024-06-10T20:11:33.761+0000] {processor.py:839} INFO - DAG(s) dict_keys(['tutorial_dag']) retrieved from /home/airflow/.local/lib/python3.8/site-packages/airflow/example_dags/tutorial_dag.py
[2024-06-10T20:11:33.782+0000] {logging_mixin.py:151} INFO - [2024-06-10T20:11:33.781+0000] {dag.py:2915} INFO - Sync 1 DAGs
[2024-06-10T20:11:33.794+0000] {logging_mixin.py:151} INFO - [2024-06-10T20:11:33.794+0000] {dag.py:3696} INFO - Setting next_dagrun for tutorial_dag to None, run_after=None
[2024-06-10T20:11:33.812+0000] {processor.py:179} INFO - Processing /home/airflow/.local/lib/python3.8/site-packages/airflow/example_dags/tutorial_dag.py took 0.060 seconds
[2024-06-10T20:12:04.567+0000] {processor.py:157} INFO - Started process (PID=15945) to work on /home/airflow/.local/lib/python3.8/site-packages/airflow/example_dags/tutorial_dag.py
[2024-06-10T20:12:04.568+0000] {processor.py:829} INFO - Processing file /home/airflow/.local/lib/python3.8/site-packages/airflow/example_dags/tutorial_dag.py for tasks to queue
[2024-06-10T20:12:04.569+0000] {logging_mixin.py:151} INFO - [2024-06-10T20:12:04.569+0000] {dagbag.py:539} INFO - Filling up the DagBag from /home/airflow/.local/lib/python3.8/site-packages/airflow/example_dags/tutorial_dag.py
[2024-06-10T20:12:04.575+0000] {processor.py:839} INFO - DAG(s) dict_keys(['tutorial_dag']) retrieved from /home/airflow/.local/lib/python3.8/site-packages/airflow/example_dags/tutorial_dag.py
[2024-06-10T20:12:04.596+0000] {logging_mixin.py:151} INFO - [2024-06-10T20:12:04.596+0000] {dag.py:2915} INFO - Sync 1 DAGs
[2024-06-10T20:12:04.609+0000] {logging_mixin.py:151} INFO - [2024-06-10T20:12:04.609+0000] {dag.py:3696} INFO - Setting next_dagrun for tutorial_dag to None, run_after=None
[2024-06-10T20:12:04.626+0000] {processor.py:179} INFO - Processing /home/airflow/.local/lib/python3.8/site-packages/airflow/example_dags/tutorial_dag.py took 0.063 seconds
[2024-06-10T20:12:35.440+0000] {processor.py:157} INFO - Started process (PID=16183) to work on /home/airflow/.local/lib/python3.8/site-packages/airflow/example_dags/tutorial_dag.py
[2024-06-10T20:12:35.441+0000] {processor.py:829} INFO - Processing file /home/airflow/.local/lib/python3.8/site-packages/airflow/example_dags/tutorial_dag.py for tasks to queue
[2024-06-10T20:12:35.441+0000] {logging_mixin.py:151} INFO - [2024-06-10T20:12:35.441+0000] {dagbag.py:539} INFO - Filling up the DagBag from /home/airflow/.local/lib/python3.8/site-packages/airflow/example_dags/tutorial_dag.py
[2024-06-10T20:12:35.446+0000] {processor.py:839} INFO - DAG(s) dict_keys(['tutorial_dag']) retrieved from /home/airflow/.local/lib/python3.8/site-packages/airflow/example_dags/tutorial_dag.py
[2024-06-10T20:12:35.466+0000] {logging_mixin.py:151} INFO - [2024-06-10T20:12:35.466+0000] {dag.py:2915} INFO - Sync 1 DAGs
[2024-06-10T20:12:35.480+0000] {logging_mixin.py:151} INFO - [2024-06-10T20:12:35.480+0000] {dag.py:3696} INFO - Setting next_dagrun for tutorial_dag to None, run_after=None
[2024-06-10T20:12:35.499+0000] {processor.py:179} INFO - Processing /home/airflow/.local/lib/python3.8/site-packages/airflow/example_dags/tutorial_dag.py took 0.062 seconds
[2024-06-10T20:13:06.236+0000] {processor.py:157} INFO - Started process (PID=16421) to work on /home/airflow/.local/lib/python3.8/site-packages/airflow/example_dags/tutorial_dag.py
[2024-06-10T20:13:06.237+0000] {processor.py:829} INFO - Processing file /home/airflow/.local/lib/python3.8/site-packages/airflow/example_dags/tutorial_dag.py for tasks to queue
[2024-06-10T20:13:06.237+0000] {logging_mixin.py:151} INFO - [2024-06-10T20:13:06.237+0000] {dagbag.py:539} INFO - Filling up the DagBag from /home/airflow/.local/lib/python3.8/site-packages/airflow/example_dags/tutorial_dag.py
[2024-06-10T20:13:06.242+0000] {processor.py:839} INFO - DAG(s) dict_keys(['tutorial_dag']) retrieved from /home/airflow/.local/lib/python3.8/site-packages/airflow/example_dags/tutorial_dag.py
[2024-06-10T20:13:06.261+0000] {logging_mixin.py:151} INFO - [2024-06-10T20:13:06.261+0000] {dag.py:2915} INFO - Sync 1 DAGs
[2024-06-10T20:13:06.272+0000] {logging_mixin.py:151} INFO - [2024-06-10T20:13:06.272+0000] {dag.py:3696} INFO - Setting next_dagrun for tutorial_dag to None, run_after=None
[2024-06-10T20:13:06.290+0000] {processor.py:179} INFO - Processing /home/airflow/.local/lib/python3.8/site-packages/airflow/example_dags/tutorial_dag.py took 0.056 seconds
[2024-06-10T20:13:37.197+0000] {processor.py:157} INFO - Started process (PID=16658) to work on /home/airflow/.local/lib/python3.8/site-packages/airflow/example_dags/tutorial_dag.py
[2024-06-10T20:13:37.197+0000] {processor.py:829} INFO - Processing file /home/airflow/.local/lib/python3.8/site-packages/airflow/example_dags/tutorial_dag.py for tasks to queue
[2024-06-10T20:13:37.198+0000] {logging_mixin.py:151} INFO - [2024-06-10T20:13:37.198+0000] {dagbag.py:539} INFO - Filling up the DagBag from /home/airflow/.local/lib/python3.8/site-packages/airflow/example_dags/tutorial_dag.py
[2024-06-10T20:13:37.202+0000] {processor.py:839} INFO - DAG(s) dict_keys(['tutorial_dag']) retrieved from /home/airflow/.local/lib/python3.8/site-packages/airflow/example_dags/tutorial_dag.py
[2024-06-10T20:13:37.222+0000] {logging_mixin.py:151} INFO - [2024-06-10T20:13:37.222+0000] {dag.py:2915} INFO - Sync 1 DAGs
[2024-06-10T20:13:37.233+0000] {logging_mixin.py:151} INFO - [2024-06-10T20:13:37.233+0000] {dag.py:3696} INFO - Setting next_dagrun for tutorial_dag to None, run_after=None
[2024-06-10T20:13:37.251+0000] {processor.py:179} INFO - Processing /home/airflow/.local/lib/python3.8/site-packages/airflow/example_dags/tutorial_dag.py took 0.057 seconds
[2024-06-10T20:14:07.590+0000] {processor.py:157} INFO - Started process (PID=16896) to work on /home/airflow/.local/lib/python3.8/site-packages/airflow/example_dags/tutorial_dag.py
[2024-06-10T20:14:07.591+0000] {processor.py:829} INFO - Processing file /home/airflow/.local/lib/python3.8/site-packages/airflow/example_dags/tutorial_dag.py for tasks to queue
[2024-06-10T20:14:07.591+0000] {logging_mixin.py:151} INFO - [2024-06-10T20:14:07.591+0000] {dagbag.py:539} INFO - Filling up the DagBag from /home/airflow/.local/lib/python3.8/site-packages/airflow/example_dags/tutorial_dag.py
[2024-06-10T20:14:07.596+0000] {processor.py:839} INFO - DAG(s) dict_keys(['tutorial_dag']) retrieved from /home/airflow/.local/lib/python3.8/site-packages/airflow/example_dags/tutorial_dag.py
[2024-06-10T20:14:07.616+0000] {logging_mixin.py:151} INFO - [2024-06-10T20:14:07.616+0000] {dag.py:2915} INFO - Sync 1 DAGs
[2024-06-10T20:14:07.628+0000] {logging_mixin.py:151} INFO - [2024-06-10T20:14:07.628+0000] {dag.py:3696} INFO - Setting next_dagrun for tutorial_dag to None, run_after=None
[2024-06-10T20:14:07.646+0000] {processor.py:179} INFO - Processing /home/airflow/.local/lib/python3.8/site-packages/airflow/example_dags/tutorial_dag.py took 0.059 seconds
[2024-06-10T20:14:37.848+0000] {processor.py:157} INFO - Started process (PID=17133) to work on /home/airflow/.local/lib/python3.8/site-packages/airflow/example_dags/tutorial_dag.py
[2024-06-10T20:14:37.849+0000] {processor.py:829} INFO - Processing file /home/airflow/.local/lib/python3.8/site-packages/airflow/example_dags/tutorial_dag.py for tasks to queue
[2024-06-10T20:14:37.850+0000] {logging_mixin.py:151} INFO - [2024-06-10T20:14:37.849+0000] {dagbag.py:539} INFO - Filling up the DagBag from /home/airflow/.local/lib/python3.8/site-packages/airflow/example_dags/tutorial_dag.py
[2024-06-10T20:14:37.854+0000] {processor.py:839} INFO - DAG(s) dict_keys(['tutorial_dag']) retrieved from /home/airflow/.local/lib/python3.8/site-packages/airflow/example_dags/tutorial_dag.py
[2024-06-10T20:14:37.875+0000] {logging_mixin.py:151} INFO - [2024-06-10T20:14:37.874+0000] {dag.py:2915} INFO - Sync 1 DAGs
[2024-06-10T20:14:37.887+0000] {logging_mixin.py:151} INFO - [2024-06-10T20:14:37.887+0000] {dag.py:3696} INFO - Setting next_dagrun for tutorial_dag to None, run_after=None
[2024-06-10T20:14:37.905+0000] {processor.py:179} INFO - Processing /home/airflow/.local/lib/python3.8/site-packages/airflow/example_dags/tutorial_dag.py took 0.060 seconds
[2024-06-10T20:15:08.028+0000] {processor.py:157} INFO - Started process (PID=17371) to work on /home/airflow/.local/lib/python3.8/site-packages/airflow/example_dags/tutorial_dag.py
[2024-06-10T20:15:08.029+0000] {processor.py:829} INFO - Processing file /home/airflow/.local/lib/python3.8/site-packages/airflow/example_dags/tutorial_dag.py for tasks to queue
[2024-06-10T20:15:08.029+0000] {logging_mixin.py:151} INFO - [2024-06-10T20:15:08.029+0000] {dagbag.py:539} INFO - Filling up the DagBag from /home/airflow/.local/lib/python3.8/site-packages/airflow/example_dags/tutorial_dag.py
[2024-06-10T20:15:08.034+0000] {processor.py:839} INFO - DAG(s) dict_keys(['tutorial_dag']) retrieved from /home/airflow/.local/lib/python3.8/site-packages/airflow/example_dags/tutorial_dag.py
[2024-06-10T20:15:08.054+0000] {logging_mixin.py:151} INFO - [2024-06-10T20:15:08.054+0000] {dag.py:2915} INFO - Sync 1 DAGs
[2024-06-10T20:15:08.067+0000] {logging_mixin.py:151} INFO - [2024-06-10T20:15:08.066+0000] {dag.py:3696} INFO - Setting next_dagrun for tutorial_dag to None, run_after=None
[2024-06-10T20:15:08.084+0000] {processor.py:179} INFO - Processing /home/airflow/.local/lib/python3.8/site-packages/airflow/example_dags/tutorial_dag.py took 0.059 seconds
[2024-06-10T20:15:38.308+0000] {processor.py:157} INFO - Started process (PID=17609) to work on /home/airflow/.local/lib/python3.8/site-packages/airflow/example_dags/tutorial_dag.py
[2024-06-10T20:15:38.309+0000] {processor.py:829} INFO - Processing file /home/airflow/.local/lib/python3.8/site-packages/airflow/example_dags/tutorial_dag.py for tasks to queue
[2024-06-10T20:15:38.309+0000] {logging_mixin.py:151} INFO - [2024-06-10T20:15:38.309+0000] {dagbag.py:539} INFO - Filling up the DagBag from /home/airflow/.local/lib/python3.8/site-packages/airflow/example_dags/tutorial_dag.py
[2024-06-10T20:15:38.314+0000] {processor.py:839} INFO - DAG(s) dict_keys(['tutorial_dag']) retrieved from /home/airflow/.local/lib/python3.8/site-packages/airflow/example_dags/tutorial_dag.py
[2024-06-10T20:15:38.334+0000] {logging_mixin.py:151} INFO - [2024-06-10T20:15:38.334+0000] {dag.py:2915} INFO - Sync 1 DAGs
[2024-06-10T20:15:38.346+0000] {logging_mixin.py:151} INFO - [2024-06-10T20:15:38.346+0000] {dag.py:3696} INFO - Setting next_dagrun for tutorial_dag to None, run_after=None
[2024-06-10T20:15:38.364+0000] {processor.py:179} INFO - Processing /home/airflow/.local/lib/python3.8/site-packages/airflow/example_dags/tutorial_dag.py took 0.059 seconds
[2024-06-10T20:16:08.636+0000] {processor.py:157} INFO - Started process (PID=17847) to work on /home/airflow/.local/lib/python3.8/site-packages/airflow/example_dags/tutorial_dag.py
[2024-06-10T20:16:08.637+0000] {processor.py:829} INFO - Processing file /home/airflow/.local/lib/python3.8/site-packages/airflow/example_dags/tutorial_dag.py for tasks to queue
[2024-06-10T20:16:08.638+0000] {logging_mixin.py:151} INFO - [2024-06-10T20:16:08.637+0000] {dagbag.py:539} INFO - Filling up the DagBag from /home/airflow/.local/lib/python3.8/site-packages/airflow/example_dags/tutorial_dag.py
[2024-06-10T20:16:08.642+0000] {processor.py:839} INFO - DAG(s) dict_keys(['tutorial_dag']) retrieved from /home/airflow/.local/lib/python3.8/site-packages/airflow/example_dags/tutorial_dag.py
[2024-06-10T20:16:08.662+0000] {logging_mixin.py:151} INFO - [2024-06-10T20:16:08.662+0000] {dag.py:2915} INFO - Sync 1 DAGs
[2024-06-10T20:16:08.675+0000] {logging_mixin.py:151} INFO - [2024-06-10T20:16:08.674+0000] {dag.py:3696} INFO - Setting next_dagrun for tutorial_dag to None, run_after=None
[2024-06-10T20:16:08.693+0000] {processor.py:179} INFO - Processing /home/airflow/.local/lib/python3.8/site-packages/airflow/example_dags/tutorial_dag.py took 0.059 seconds
[2024-06-10T20:16:38.775+0000] {processor.py:157} INFO - Started process (PID=18085) to work on /home/airflow/.local/lib/python3.8/site-packages/airflow/example_dags/tutorial_dag.py
[2024-06-10T20:16:38.775+0000] {processor.py:829} INFO - Processing file /home/airflow/.local/lib/python3.8/site-packages/airflow/example_dags/tutorial_dag.py for tasks to queue
[2024-06-10T20:16:38.776+0000] {logging_mixin.py:151} INFO - [2024-06-10T20:16:38.776+0000] {dagbag.py:539} INFO - Filling up the DagBag from /home/airflow/.local/lib/python3.8/site-packages/airflow/example_dags/tutorial_dag.py
[2024-06-10T20:16:38.782+0000] {processor.py:839} INFO - DAG(s) dict_keys(['tutorial_dag']) retrieved from /home/airflow/.local/lib/python3.8/site-packages/airflow/example_dags/tutorial_dag.py
[2024-06-10T20:16:38.802+0000] {logging_mixin.py:151} INFO - [2024-06-10T20:16:38.802+0000] {dag.py:2915} INFO - Sync 1 DAGs
[2024-06-10T20:16:38.815+0000] {logging_mixin.py:151} INFO - [2024-06-10T20:16:38.815+0000] {dag.py:3696} INFO - Setting next_dagrun for tutorial_dag to None, run_after=None
[2024-06-10T20:16:38.835+0000] {processor.py:179} INFO - Processing /home/airflow/.local/lib/python3.8/site-packages/airflow/example_dags/tutorial_dag.py took 0.064 seconds
