[2024-06-10T19:38:24.884+0000] {processor.py:157} INFO - Started process (PID=297) to work on /home/airflow/.local/lib/python3.8/site-packages/airflow/example_dags/tutorial_taskflow_api.py
[2024-06-10T19:38:24.884+0000] {processor.py:829} INFO - Processing file /home/airflow/.local/lib/python3.8/site-packages/airflow/example_dags/tutorial_taskflow_api.py for tasks to queue
[2024-06-10T19:38:24.885+0000] {logging_mixin.py:151} INFO - [2024-06-10T19:38:24.885+0000] {dagbag.py:539} INFO - Filling up the DagBag from /home/airflow/.local/lib/python3.8/site-packages/airflow/example_dags/tutorial_taskflow_api.py
[2024-06-10T19:38:24.893+0000] {processor.py:839} INFO - DAG(s) dict_keys(['tutorial_taskflow_api']) retrieved from /home/airflow/.local/lib/python3.8/site-packages/airflow/example_dags/tutorial_taskflow_api.py
[2024-06-10T19:38:24.904+0000] {logging_mixin.py:151} INFO - [2024-06-10T19:38:24.904+0000] {dag.py:2915} INFO - Sync 1 DAGs
[2024-06-10T19:38:24.919+0000] {logging_mixin.py:151} INFO - [2024-06-10T19:38:24.919+0000] {dag.py:3696} INFO - Setting next_dagrun for tutorial_taskflow_api to None, run_after=None
[2024-06-10T19:38:25.066+0000] {processor.py:179} INFO - Processing /home/airflow/.local/lib/python3.8/site-packages/airflow/example_dags/tutorial_taskflow_api.py took 0.185 seconds
[2024-06-10T19:38:55.408+0000] {processor.py:157} INFO - Started process (PID=532) to work on /home/airflow/.local/lib/python3.8/site-packages/airflow/example_dags/tutorial_taskflow_api.py
[2024-06-10T19:38:55.409+0000] {processor.py:829} INFO - Processing file /home/airflow/.local/lib/python3.8/site-packages/airflow/example_dags/tutorial_taskflow_api.py for tasks to queue
[2024-06-10T19:38:55.410+0000] {logging_mixin.py:151} INFO - [2024-06-10T19:38:55.409+0000] {dagbag.py:539} INFO - Filling up the DagBag from /home/airflow/.local/lib/python3.8/site-packages/airflow/example_dags/tutorial_taskflow_api.py
[2024-06-10T19:38:55.415+0000] {processor.py:839} INFO - DAG(s) dict_keys(['tutorial_taskflow_api']) retrieved from /home/airflow/.local/lib/python3.8/site-packages/airflow/example_dags/tutorial_taskflow_api.py
[2024-06-10T19:38:55.436+0000] {logging_mixin.py:151} INFO - [2024-06-10T19:38:55.436+0000] {dag.py:2915} INFO - Sync 1 DAGs
[2024-06-10T19:38:55.448+0000] {logging_mixin.py:151} INFO - [2024-06-10T19:38:55.448+0000] {dag.py:3696} INFO - Setting next_dagrun for tutorial_taskflow_api to None, run_after=None
[2024-06-10T19:38:55.466+0000] {processor.py:179} INFO - Processing /home/airflow/.local/lib/python3.8/site-packages/airflow/example_dags/tutorial_taskflow_api.py took 0.061 seconds
[2024-06-10T19:39:26.318+0000] {processor.py:157} INFO - Started process (PID=768) to work on /home/airflow/.local/lib/python3.8/site-packages/airflow/example_dags/tutorial_taskflow_api.py
[2024-06-10T19:39:26.319+0000] {processor.py:829} INFO - Processing file /home/airflow/.local/lib/python3.8/site-packages/airflow/example_dags/tutorial_taskflow_api.py for tasks to queue
[2024-06-10T19:39:26.320+0000] {logging_mixin.py:151} INFO - [2024-06-10T19:39:26.320+0000] {dagbag.py:539} INFO - Filling up the DagBag from /home/airflow/.local/lib/python3.8/site-packages/airflow/example_dags/tutorial_taskflow_api.py
[2024-06-10T19:39:26.326+0000] {processor.py:839} INFO - DAG(s) dict_keys(['tutorial_taskflow_api']) retrieved from /home/airflow/.local/lib/python3.8/site-packages/airflow/example_dags/tutorial_taskflow_api.py
[2024-06-10T19:39:26.346+0000] {logging_mixin.py:151} INFO - [2024-06-10T19:39:26.346+0000] {dag.py:2915} INFO - Sync 1 DAGs
[2024-06-10T19:39:26.359+0000] {logging_mixin.py:151} INFO - [2024-06-10T19:39:26.358+0000] {dag.py:3696} INFO - Setting next_dagrun for tutorial_taskflow_api to None, run_after=None
[2024-06-10T19:39:26.380+0000] {processor.py:179} INFO - Processing /home/airflow/.local/lib/python3.8/site-packages/airflow/example_dags/tutorial_taskflow_api.py took 0.064 seconds
[2024-06-10T19:39:57.171+0000] {processor.py:157} INFO - Started process (PID=1006) to work on /home/airflow/.local/lib/python3.8/site-packages/airflow/example_dags/tutorial_taskflow_api.py
[2024-06-10T19:39:57.172+0000] {processor.py:829} INFO - Processing file /home/airflow/.local/lib/python3.8/site-packages/airflow/example_dags/tutorial_taskflow_api.py for tasks to queue
[2024-06-10T19:39:57.172+0000] {logging_mixin.py:151} INFO - [2024-06-10T19:39:57.172+0000] {dagbag.py:539} INFO - Filling up the DagBag from /home/airflow/.local/lib/python3.8/site-packages/airflow/example_dags/tutorial_taskflow_api.py
[2024-06-10T19:39:57.179+0000] {processor.py:839} INFO - DAG(s) dict_keys(['tutorial_taskflow_api']) retrieved from /home/airflow/.local/lib/python3.8/site-packages/airflow/example_dags/tutorial_taskflow_api.py
[2024-06-10T19:39:57.201+0000] {logging_mixin.py:151} INFO - [2024-06-10T19:39:57.201+0000] {dag.py:2915} INFO - Sync 1 DAGs
[2024-06-10T19:39:57.216+0000] {logging_mixin.py:151} INFO - [2024-06-10T19:39:57.215+0000] {dag.py:3696} INFO - Setting next_dagrun for tutorial_taskflow_api to None, run_after=None
[2024-06-10T19:39:57.237+0000] {processor.py:179} INFO - Processing /home/airflow/.local/lib/python3.8/site-packages/airflow/example_dags/tutorial_taskflow_api.py took 0.069 seconds
[2024-06-10T19:40:27.986+0000] {processor.py:157} INFO - Started process (PID=1244) to work on /home/airflow/.local/lib/python3.8/site-packages/airflow/example_dags/tutorial_taskflow_api.py
[2024-06-10T19:40:27.987+0000] {processor.py:829} INFO - Processing file /home/airflow/.local/lib/python3.8/site-packages/airflow/example_dags/tutorial_taskflow_api.py for tasks to queue
[2024-06-10T19:40:27.988+0000] {logging_mixin.py:151} INFO - [2024-06-10T19:40:27.987+0000] {dagbag.py:539} INFO - Filling up the DagBag from /home/airflow/.local/lib/python3.8/site-packages/airflow/example_dags/tutorial_taskflow_api.py
[2024-06-10T19:40:27.994+0000] {processor.py:839} INFO - DAG(s) dict_keys(['tutorial_taskflow_api']) retrieved from /home/airflow/.local/lib/python3.8/site-packages/airflow/example_dags/tutorial_taskflow_api.py
[2024-06-10T19:40:28.014+0000] {logging_mixin.py:151} INFO - [2024-06-10T19:40:28.014+0000] {dag.py:2915} INFO - Sync 1 DAGs
[2024-06-10T19:40:28.027+0000] {logging_mixin.py:151} INFO - [2024-06-10T19:40:28.027+0000] {dag.py:3696} INFO - Setting next_dagrun for tutorial_taskflow_api to None, run_after=None
[2024-06-10T19:40:28.046+0000] {processor.py:179} INFO - Processing /home/airflow/.local/lib/python3.8/site-packages/airflow/example_dags/tutorial_taskflow_api.py took 0.062 seconds
[2024-06-10T19:40:58.771+0000] {processor.py:157} INFO - Started process (PID=1489) to work on /home/airflow/.local/lib/python3.8/site-packages/airflow/example_dags/tutorial_taskflow_api.py
[2024-06-10T19:40:58.772+0000] {processor.py:829} INFO - Processing file /home/airflow/.local/lib/python3.8/site-packages/airflow/example_dags/tutorial_taskflow_api.py for tasks to queue
[2024-06-10T19:40:58.772+0000] {logging_mixin.py:151} INFO - [2024-06-10T19:40:58.772+0000] {dagbag.py:539} INFO - Filling up the DagBag from /home/airflow/.local/lib/python3.8/site-packages/airflow/example_dags/tutorial_taskflow_api.py
[2024-06-10T19:40:58.778+0000] {processor.py:839} INFO - DAG(s) dict_keys(['tutorial_taskflow_api']) retrieved from /home/airflow/.local/lib/python3.8/site-packages/airflow/example_dags/tutorial_taskflow_api.py
[2024-06-10T19:40:58.799+0000] {logging_mixin.py:151} INFO - [2024-06-10T19:40:58.799+0000] {dag.py:2915} INFO - Sync 1 DAGs
[2024-06-10T19:40:58.812+0000] {logging_mixin.py:151} INFO - [2024-06-10T19:40:58.812+0000] {dag.py:3696} INFO - Setting next_dagrun for tutorial_taskflow_api to None, run_after=None
[2024-06-10T19:40:58.831+0000] {processor.py:179} INFO - Processing /home/airflow/.local/lib/python3.8/site-packages/airflow/example_dags/tutorial_taskflow_api.py took 0.063 seconds
[2024-06-10T19:41:29.651+0000] {processor.py:157} INFO - Started process (PID=1728) to work on /home/airflow/.local/lib/python3.8/site-packages/airflow/example_dags/tutorial_taskflow_api.py
[2024-06-10T19:41:29.652+0000] {processor.py:829} INFO - Processing file /home/airflow/.local/lib/python3.8/site-packages/airflow/example_dags/tutorial_taskflow_api.py for tasks to queue
[2024-06-10T19:41:29.652+0000] {logging_mixin.py:151} INFO - [2024-06-10T19:41:29.652+0000] {dagbag.py:539} INFO - Filling up the DagBag from /home/airflow/.local/lib/python3.8/site-packages/airflow/example_dags/tutorial_taskflow_api.py
[2024-06-10T19:41:29.658+0000] {processor.py:839} INFO - DAG(s) dict_keys(['tutorial_taskflow_api']) retrieved from /home/airflow/.local/lib/python3.8/site-packages/airflow/example_dags/tutorial_taskflow_api.py
[2024-06-10T19:41:29.679+0000] {logging_mixin.py:151} INFO - [2024-06-10T19:41:29.679+0000] {dag.py:2915} INFO - Sync 1 DAGs
[2024-06-10T19:41:29.692+0000] {logging_mixin.py:151} INFO - [2024-06-10T19:41:29.692+0000] {dag.py:3696} INFO - Setting next_dagrun for tutorial_taskflow_api to None, run_after=None
[2024-06-10T19:41:29.710+0000] {processor.py:179} INFO - Processing /home/airflow/.local/lib/python3.8/site-packages/airflow/example_dags/tutorial_taskflow_api.py took 0.062 seconds
[2024-06-10T19:41:59.824+0000] {processor.py:157} INFO - Started process (PID=1969) to work on /home/airflow/.local/lib/python3.8/site-packages/airflow/example_dags/tutorial_taskflow_api.py
[2024-06-10T19:41:59.824+0000] {processor.py:829} INFO - Processing file /home/airflow/.local/lib/python3.8/site-packages/airflow/example_dags/tutorial_taskflow_api.py for tasks to queue
[2024-06-10T19:41:59.825+0000] {logging_mixin.py:151} INFO - [2024-06-10T19:41:59.825+0000] {dagbag.py:539} INFO - Filling up the DagBag from /home/airflow/.local/lib/python3.8/site-packages/airflow/example_dags/tutorial_taskflow_api.py
[2024-06-10T19:41:59.831+0000] {processor.py:839} INFO - DAG(s) dict_keys(['tutorial_taskflow_api']) retrieved from /home/airflow/.local/lib/python3.8/site-packages/airflow/example_dags/tutorial_taskflow_api.py
[2024-06-10T19:41:59.852+0000] {logging_mixin.py:151} INFO - [2024-06-10T19:41:59.851+0000] {dag.py:2915} INFO - Sync 1 DAGs
[2024-06-10T19:41:59.864+0000] {logging_mixin.py:151} INFO - [2024-06-10T19:41:59.864+0000] {dag.py:3696} INFO - Setting next_dagrun for tutorial_taskflow_api to None, run_after=None
[2024-06-10T19:41:59.882+0000] {processor.py:179} INFO - Processing /home/airflow/.local/lib/python3.8/site-packages/airflow/example_dags/tutorial_taskflow_api.py took 0.062 seconds
[2024-06-10T19:42:30.162+0000] {processor.py:157} INFO - Started process (PID=2207) to work on /home/airflow/.local/lib/python3.8/site-packages/airflow/example_dags/tutorial_taskflow_api.py
[2024-06-10T19:42:30.163+0000] {processor.py:829} INFO - Processing file /home/airflow/.local/lib/python3.8/site-packages/airflow/example_dags/tutorial_taskflow_api.py for tasks to queue
[2024-06-10T19:42:30.164+0000] {logging_mixin.py:151} INFO - [2024-06-10T19:42:30.163+0000] {dagbag.py:539} INFO - Filling up the DagBag from /home/airflow/.local/lib/python3.8/site-packages/airflow/example_dags/tutorial_taskflow_api.py
[2024-06-10T19:42:30.169+0000] {processor.py:839} INFO - DAG(s) dict_keys(['tutorial_taskflow_api']) retrieved from /home/airflow/.local/lib/python3.8/site-packages/airflow/example_dags/tutorial_taskflow_api.py
[2024-06-10T19:42:30.188+0000] {logging_mixin.py:151} INFO - [2024-06-10T19:42:30.188+0000] {dag.py:2915} INFO - Sync 1 DAGs
[2024-06-10T19:42:30.201+0000] {logging_mixin.py:151} INFO - [2024-06-10T19:42:30.201+0000] {dag.py:3696} INFO - Setting next_dagrun for tutorial_taskflow_api to None, run_after=None
[2024-06-10T19:42:30.218+0000] {processor.py:179} INFO - Processing /home/airflow/.local/lib/python3.8/site-packages/airflow/example_dags/tutorial_taskflow_api.py took 0.059 seconds
[2024-06-10T19:43:01.203+0000] {processor.py:157} INFO - Started process (PID=2447) to work on /home/airflow/.local/lib/python3.8/site-packages/airflow/example_dags/tutorial_taskflow_api.py
[2024-06-10T19:43:01.204+0000] {processor.py:829} INFO - Processing file /home/airflow/.local/lib/python3.8/site-packages/airflow/example_dags/tutorial_taskflow_api.py for tasks to queue
[2024-06-10T19:43:01.204+0000] {logging_mixin.py:151} INFO - [2024-06-10T19:43:01.204+0000] {dagbag.py:539} INFO - Filling up the DagBag from /home/airflow/.local/lib/python3.8/site-packages/airflow/example_dags/tutorial_taskflow_api.py
[2024-06-10T19:43:01.210+0000] {processor.py:839} INFO - DAG(s) dict_keys(['tutorial_taskflow_api']) retrieved from /home/airflow/.local/lib/python3.8/site-packages/airflow/example_dags/tutorial_taskflow_api.py
[2024-06-10T19:43:01.231+0000] {logging_mixin.py:151} INFO - [2024-06-10T19:43:01.231+0000] {dag.py:2915} INFO - Sync 1 DAGs
[2024-06-10T19:43:01.245+0000] {logging_mixin.py:151} INFO - [2024-06-10T19:43:01.244+0000] {dag.py:3696} INFO - Setting next_dagrun for tutorial_taskflow_api to None, run_after=None
[2024-06-10T19:43:01.264+0000] {processor.py:179} INFO - Processing /home/airflow/.local/lib/python3.8/site-packages/airflow/example_dags/tutorial_taskflow_api.py took 0.064 seconds
[2024-06-10T19:43:32.149+0000] {processor.py:157} INFO - Started process (PID=2690) to work on /home/airflow/.local/lib/python3.8/site-packages/airflow/example_dags/tutorial_taskflow_api.py
[2024-06-10T19:43:32.150+0000] {processor.py:829} INFO - Processing file /home/airflow/.local/lib/python3.8/site-packages/airflow/example_dags/tutorial_taskflow_api.py for tasks to queue
[2024-06-10T19:43:32.151+0000] {logging_mixin.py:151} INFO - [2024-06-10T19:43:32.151+0000] {dagbag.py:539} INFO - Filling up the DagBag from /home/airflow/.local/lib/python3.8/site-packages/airflow/example_dags/tutorial_taskflow_api.py
[2024-06-10T19:43:32.158+0000] {processor.py:839} INFO - DAG(s) dict_keys(['tutorial_taskflow_api']) retrieved from /home/airflow/.local/lib/python3.8/site-packages/airflow/example_dags/tutorial_taskflow_api.py
[2024-06-10T19:43:32.180+0000] {logging_mixin.py:151} INFO - [2024-06-10T19:43:32.180+0000] {dag.py:2915} INFO - Sync 1 DAGs
[2024-06-10T19:43:32.193+0000] {logging_mixin.py:151} INFO - [2024-06-10T19:43:32.193+0000] {dag.py:3696} INFO - Setting next_dagrun for tutorial_taskflow_api to None, run_after=None
[2024-06-10T19:43:32.213+0000] {processor.py:179} INFO - Processing /home/airflow/.local/lib/python3.8/site-packages/airflow/example_dags/tutorial_taskflow_api.py took 0.066 seconds
[2024-06-10T19:44:03.128+0000] {processor.py:157} INFO - Started process (PID=2928) to work on /home/airflow/.local/lib/python3.8/site-packages/airflow/example_dags/tutorial_taskflow_api.py
[2024-06-10T19:44:03.128+0000] {processor.py:829} INFO - Processing file /home/airflow/.local/lib/python3.8/site-packages/airflow/example_dags/tutorial_taskflow_api.py for tasks to queue
[2024-06-10T19:44:03.129+0000] {logging_mixin.py:151} INFO - [2024-06-10T19:44:03.129+0000] {dagbag.py:539} INFO - Filling up the DagBag from /home/airflow/.local/lib/python3.8/site-packages/airflow/example_dags/tutorial_taskflow_api.py
[2024-06-10T19:44:03.136+0000] {processor.py:839} INFO - DAG(s) dict_keys(['tutorial_taskflow_api']) retrieved from /home/airflow/.local/lib/python3.8/site-packages/airflow/example_dags/tutorial_taskflow_api.py
[2024-06-10T19:44:03.156+0000] {logging_mixin.py:151} INFO - [2024-06-10T19:44:03.156+0000] {dag.py:2915} INFO - Sync 1 DAGs
[2024-06-10T19:44:03.169+0000] {logging_mixin.py:151} INFO - [2024-06-10T19:44:03.169+0000] {dag.py:3696} INFO - Setting next_dagrun for tutorial_taskflow_api to None, run_after=None
[2024-06-10T19:44:03.189+0000] {processor.py:179} INFO - Processing /home/airflow/.local/lib/python3.8/site-packages/airflow/example_dags/tutorial_taskflow_api.py took 0.065 seconds
[2024-06-10T19:44:33.656+0000] {processor.py:157} INFO - Started process (PID=3166) to work on /home/airflow/.local/lib/python3.8/site-packages/airflow/example_dags/tutorial_taskflow_api.py
[2024-06-10T19:44:33.657+0000] {processor.py:829} INFO - Processing file /home/airflow/.local/lib/python3.8/site-packages/airflow/example_dags/tutorial_taskflow_api.py for tasks to queue
[2024-06-10T19:44:33.658+0000] {logging_mixin.py:151} INFO - [2024-06-10T19:44:33.657+0000] {dagbag.py:539} INFO - Filling up the DagBag from /home/airflow/.local/lib/python3.8/site-packages/airflow/example_dags/tutorial_taskflow_api.py
[2024-06-10T19:44:33.664+0000] {processor.py:839} INFO - DAG(s) dict_keys(['tutorial_taskflow_api']) retrieved from /home/airflow/.local/lib/python3.8/site-packages/airflow/example_dags/tutorial_taskflow_api.py
[2024-06-10T19:44:33.683+0000] {logging_mixin.py:151} INFO - [2024-06-10T19:44:33.683+0000] {dag.py:2915} INFO - Sync 1 DAGs
[2024-06-10T19:44:33.697+0000] {logging_mixin.py:151} INFO - [2024-06-10T19:44:33.696+0000] {dag.py:3696} INFO - Setting next_dagrun for tutorial_taskflow_api to None, run_after=None
[2024-06-10T19:44:33.715+0000] {processor.py:179} INFO - Processing /home/airflow/.local/lib/python3.8/site-packages/airflow/example_dags/tutorial_taskflow_api.py took 0.062 seconds
[2024-06-10T19:45:04.491+0000] {processor.py:157} INFO - Started process (PID=3404) to work on /home/airflow/.local/lib/python3.8/site-packages/airflow/example_dags/tutorial_taskflow_api.py
[2024-06-10T19:45:04.492+0000] {processor.py:829} INFO - Processing file /home/airflow/.local/lib/python3.8/site-packages/airflow/example_dags/tutorial_taskflow_api.py for tasks to queue
[2024-06-10T19:45:04.492+0000] {logging_mixin.py:151} INFO - [2024-06-10T19:45:04.492+0000] {dagbag.py:539} INFO - Filling up the DagBag from /home/airflow/.local/lib/python3.8/site-packages/airflow/example_dags/tutorial_taskflow_api.py
[2024-06-10T19:45:04.499+0000] {processor.py:839} INFO - DAG(s) dict_keys(['tutorial_taskflow_api']) retrieved from /home/airflow/.local/lib/python3.8/site-packages/airflow/example_dags/tutorial_taskflow_api.py
[2024-06-10T19:45:04.519+0000] {logging_mixin.py:151} INFO - [2024-06-10T19:45:04.519+0000] {dag.py:2915} INFO - Sync 1 DAGs
[2024-06-10T19:45:04.536+0000] {logging_mixin.py:151} INFO - [2024-06-10T19:45:04.536+0000] {dag.py:3696} INFO - Setting next_dagrun for tutorial_taskflow_api to None, run_after=None
[2024-06-10T19:45:04.556+0000] {processor.py:179} INFO - Processing /home/airflow/.local/lib/python3.8/site-packages/airflow/example_dags/tutorial_taskflow_api.py took 0.068 seconds
[2024-06-10T19:45:35.340+0000] {processor.py:157} INFO - Started process (PID=3642) to work on /home/airflow/.local/lib/python3.8/site-packages/airflow/example_dags/tutorial_taskflow_api.py
[2024-06-10T19:45:35.341+0000] {processor.py:829} INFO - Processing file /home/airflow/.local/lib/python3.8/site-packages/airflow/example_dags/tutorial_taskflow_api.py for tasks to queue
[2024-06-10T19:45:35.342+0000] {logging_mixin.py:151} INFO - [2024-06-10T19:45:35.342+0000] {dagbag.py:539} INFO - Filling up the DagBag from /home/airflow/.local/lib/python3.8/site-packages/airflow/example_dags/tutorial_taskflow_api.py
[2024-06-10T19:45:35.348+0000] {processor.py:839} INFO - DAG(s) dict_keys(['tutorial_taskflow_api']) retrieved from /home/airflow/.local/lib/python3.8/site-packages/airflow/example_dags/tutorial_taskflow_api.py
[2024-06-10T19:45:35.367+0000] {logging_mixin.py:151} INFO - [2024-06-10T19:45:35.366+0000] {dag.py:2915} INFO - Sync 1 DAGs
[2024-06-10T19:45:35.379+0000] {logging_mixin.py:151} INFO - [2024-06-10T19:45:35.379+0000] {dag.py:3696} INFO - Setting next_dagrun for tutorial_taskflow_api to None, run_after=None
[2024-06-10T19:45:35.396+0000] {processor.py:179} INFO - Processing /home/airflow/.local/lib/python3.8/site-packages/airflow/example_dags/tutorial_taskflow_api.py took 0.059 seconds
[2024-06-10T19:46:05.998+0000] {processor.py:157} INFO - Started process (PID=3881) to work on /home/airflow/.local/lib/python3.8/site-packages/airflow/example_dags/tutorial_taskflow_api.py
[2024-06-10T19:46:05.999+0000] {processor.py:829} INFO - Processing file /home/airflow/.local/lib/python3.8/site-packages/airflow/example_dags/tutorial_taskflow_api.py for tasks to queue
[2024-06-10T19:46:05.999+0000] {logging_mixin.py:151} INFO - [2024-06-10T19:46:05.999+0000] {dagbag.py:539} INFO - Filling up the DagBag from /home/airflow/.local/lib/python3.8/site-packages/airflow/example_dags/tutorial_taskflow_api.py
[2024-06-10T19:46:06.005+0000] {processor.py:839} INFO - DAG(s) dict_keys(['tutorial_taskflow_api']) retrieved from /home/airflow/.local/lib/python3.8/site-packages/airflow/example_dags/tutorial_taskflow_api.py
[2024-06-10T19:46:06.027+0000] {logging_mixin.py:151} INFO - [2024-06-10T19:46:06.027+0000] {dag.py:2915} INFO - Sync 1 DAGs
[2024-06-10T19:46:06.045+0000] {logging_mixin.py:151} INFO - [2024-06-10T19:46:06.045+0000] {dag.py:3696} INFO - Setting next_dagrun for tutorial_taskflow_api to None, run_after=None
[2024-06-10T19:46:06.064+0000] {processor.py:179} INFO - Processing /home/airflow/.local/lib/python3.8/site-packages/airflow/example_dags/tutorial_taskflow_api.py took 0.069 seconds
[2024-06-10T19:46:36.645+0000] {processor.py:157} INFO - Started process (PID=4119) to work on /home/airflow/.local/lib/python3.8/site-packages/airflow/example_dags/tutorial_taskflow_api.py
[2024-06-10T19:46:36.645+0000] {processor.py:829} INFO - Processing file /home/airflow/.local/lib/python3.8/site-packages/airflow/example_dags/tutorial_taskflow_api.py for tasks to queue
[2024-06-10T19:46:36.646+0000] {logging_mixin.py:151} INFO - [2024-06-10T19:46:36.646+0000] {dagbag.py:539} INFO - Filling up the DagBag from /home/airflow/.local/lib/python3.8/site-packages/airflow/example_dags/tutorial_taskflow_api.py
[2024-06-10T19:46:36.652+0000] {processor.py:839} INFO - DAG(s) dict_keys(['tutorial_taskflow_api']) retrieved from /home/airflow/.local/lib/python3.8/site-packages/airflow/example_dags/tutorial_taskflow_api.py
[2024-06-10T19:46:36.671+0000] {logging_mixin.py:151} INFO - [2024-06-10T19:46:36.671+0000] {dag.py:2915} INFO - Sync 1 DAGs
[2024-06-10T19:46:36.684+0000] {logging_mixin.py:151} INFO - [2024-06-10T19:46:36.684+0000] {dag.py:3696} INFO - Setting next_dagrun for tutorial_taskflow_api to None, run_after=None
[2024-06-10T19:46:36.704+0000] {processor.py:179} INFO - Processing /home/airflow/.local/lib/python3.8/site-packages/airflow/example_dags/tutorial_taskflow_api.py took 0.062 seconds
[2024-06-10T19:47:07.408+0000] {processor.py:157} INFO - Started process (PID=4358) to work on /home/airflow/.local/lib/python3.8/site-packages/airflow/example_dags/tutorial_taskflow_api.py
[2024-06-10T19:47:07.409+0000] {processor.py:829} INFO - Processing file /home/airflow/.local/lib/python3.8/site-packages/airflow/example_dags/tutorial_taskflow_api.py for tasks to queue
[2024-06-10T19:47:07.409+0000] {logging_mixin.py:151} INFO - [2024-06-10T19:47:07.409+0000] {dagbag.py:539} INFO - Filling up the DagBag from /home/airflow/.local/lib/python3.8/site-packages/airflow/example_dags/tutorial_taskflow_api.py
[2024-06-10T19:47:07.415+0000] {processor.py:839} INFO - DAG(s) dict_keys(['tutorial_taskflow_api']) retrieved from /home/airflow/.local/lib/python3.8/site-packages/airflow/example_dags/tutorial_taskflow_api.py
[2024-06-10T19:47:07.435+0000] {logging_mixin.py:151} INFO - [2024-06-10T19:47:07.435+0000] {dag.py:2915} INFO - Sync 1 DAGs
[2024-06-10T19:47:07.447+0000] {logging_mixin.py:151} INFO - [2024-06-10T19:47:07.447+0000] {dag.py:3696} INFO - Setting next_dagrun for tutorial_taskflow_api to None, run_after=None
[2024-06-10T19:47:07.465+0000] {processor.py:179} INFO - Processing /home/airflow/.local/lib/python3.8/site-packages/airflow/example_dags/tutorial_taskflow_api.py took 0.061 seconds
[2024-06-10T19:47:38.174+0000] {processor.py:157} INFO - Started process (PID=4596) to work on /home/airflow/.local/lib/python3.8/site-packages/airflow/example_dags/tutorial_taskflow_api.py
[2024-06-10T19:47:38.174+0000] {processor.py:829} INFO - Processing file /home/airflow/.local/lib/python3.8/site-packages/airflow/example_dags/tutorial_taskflow_api.py for tasks to queue
[2024-06-10T19:47:38.175+0000] {logging_mixin.py:151} INFO - [2024-06-10T19:47:38.175+0000] {dagbag.py:539} INFO - Filling up the DagBag from /home/airflow/.local/lib/python3.8/site-packages/airflow/example_dags/tutorial_taskflow_api.py
[2024-06-10T19:47:38.181+0000] {processor.py:839} INFO - DAG(s) dict_keys(['tutorial_taskflow_api']) retrieved from /home/airflow/.local/lib/python3.8/site-packages/airflow/example_dags/tutorial_taskflow_api.py
[2024-06-10T19:47:38.201+0000] {logging_mixin.py:151} INFO - [2024-06-10T19:47:38.200+0000] {dag.py:2915} INFO - Sync 1 DAGs
[2024-06-10T19:47:38.214+0000] {logging_mixin.py:151} INFO - [2024-06-10T19:47:38.213+0000] {dag.py:3696} INFO - Setting next_dagrun for tutorial_taskflow_api to None, run_after=None
[2024-06-10T19:47:38.231+0000] {processor.py:179} INFO - Processing /home/airflow/.local/lib/python3.8/site-packages/airflow/example_dags/tutorial_taskflow_api.py took 0.060 seconds
[2024-06-10T19:48:09.101+0000] {processor.py:157} INFO - Started process (PID=4834) to work on /home/airflow/.local/lib/python3.8/site-packages/airflow/example_dags/tutorial_taskflow_api.py
[2024-06-10T19:48:09.102+0000] {processor.py:829} INFO - Processing file /home/airflow/.local/lib/python3.8/site-packages/airflow/example_dags/tutorial_taskflow_api.py for tasks to queue
[2024-06-10T19:48:09.103+0000] {logging_mixin.py:151} INFO - [2024-06-10T19:48:09.102+0000] {dagbag.py:539} INFO - Filling up the DagBag from /home/airflow/.local/lib/python3.8/site-packages/airflow/example_dags/tutorial_taskflow_api.py
[2024-06-10T19:48:09.109+0000] {processor.py:839} INFO - DAG(s) dict_keys(['tutorial_taskflow_api']) retrieved from /home/airflow/.local/lib/python3.8/site-packages/airflow/example_dags/tutorial_taskflow_api.py
[2024-06-10T19:48:09.129+0000] {logging_mixin.py:151} INFO - [2024-06-10T19:48:09.129+0000] {dag.py:2915} INFO - Sync 1 DAGs
[2024-06-10T19:48:09.144+0000] {logging_mixin.py:151} INFO - [2024-06-10T19:48:09.144+0000] {dag.py:3696} INFO - Setting next_dagrun for tutorial_taskflow_api to None, run_after=None
[2024-06-10T19:48:09.162+0000] {processor.py:179} INFO - Processing /home/airflow/.local/lib/python3.8/site-packages/airflow/example_dags/tutorial_taskflow_api.py took 0.064 seconds
[2024-06-10T19:48:39.531+0000] {processor.py:157} INFO - Started process (PID=5072) to work on /home/airflow/.local/lib/python3.8/site-packages/airflow/example_dags/tutorial_taskflow_api.py
[2024-06-10T19:48:39.532+0000] {processor.py:829} INFO - Processing file /home/airflow/.local/lib/python3.8/site-packages/airflow/example_dags/tutorial_taskflow_api.py for tasks to queue
[2024-06-10T19:48:39.532+0000] {logging_mixin.py:151} INFO - [2024-06-10T19:48:39.532+0000] {dagbag.py:539} INFO - Filling up the DagBag from /home/airflow/.local/lib/python3.8/site-packages/airflow/example_dags/tutorial_taskflow_api.py
[2024-06-10T19:48:39.538+0000] {processor.py:839} INFO - DAG(s) dict_keys(['tutorial_taskflow_api']) retrieved from /home/airflow/.local/lib/python3.8/site-packages/airflow/example_dags/tutorial_taskflow_api.py
[2024-06-10T19:48:39.558+0000] {logging_mixin.py:151} INFO - [2024-06-10T19:48:39.558+0000] {dag.py:2915} INFO - Sync 1 DAGs
[2024-06-10T19:48:39.570+0000] {logging_mixin.py:151} INFO - [2024-06-10T19:48:39.569+0000] {dag.py:3696} INFO - Setting next_dagrun for tutorial_taskflow_api to None, run_after=None
[2024-06-10T19:48:39.587+0000] {processor.py:179} INFO - Processing /home/airflow/.local/lib/python3.8/site-packages/airflow/example_dags/tutorial_taskflow_api.py took 0.059 seconds
[2024-06-10T19:49:09.820+0000] {processor.py:157} INFO - Started process (PID=5310) to work on /home/airflow/.local/lib/python3.8/site-packages/airflow/example_dags/tutorial_taskflow_api.py
[2024-06-10T19:49:09.821+0000] {processor.py:829} INFO - Processing file /home/airflow/.local/lib/python3.8/site-packages/airflow/example_dags/tutorial_taskflow_api.py for tasks to queue
[2024-06-10T19:49:09.821+0000] {logging_mixin.py:151} INFO - [2024-06-10T19:49:09.821+0000] {dagbag.py:539} INFO - Filling up the DagBag from /home/airflow/.local/lib/python3.8/site-packages/airflow/example_dags/tutorial_taskflow_api.py
[2024-06-10T19:49:09.829+0000] {processor.py:839} INFO - DAG(s) dict_keys(['tutorial_taskflow_api']) retrieved from /home/airflow/.local/lib/python3.8/site-packages/airflow/example_dags/tutorial_taskflow_api.py
[2024-06-10T19:49:09.851+0000] {logging_mixin.py:151} INFO - [2024-06-10T19:49:09.851+0000] {dag.py:2915} INFO - Sync 1 DAGs
[2024-06-10T19:49:09.864+0000] {logging_mixin.py:151} INFO - [2024-06-10T19:49:09.864+0000] {dag.py:3696} INFO - Setting next_dagrun for tutorial_taskflow_api to None, run_after=None
[2024-06-10T19:49:09.883+0000] {processor.py:179} INFO - Processing /home/airflow/.local/lib/python3.8/site-packages/airflow/example_dags/tutorial_taskflow_api.py took 0.066 seconds
[2024-06-10T19:49:40.254+0000] {processor.py:157} INFO - Started process (PID=5548) to work on /home/airflow/.local/lib/python3.8/site-packages/airflow/example_dags/tutorial_taskflow_api.py
[2024-06-10T19:49:40.254+0000] {processor.py:829} INFO - Processing file /home/airflow/.local/lib/python3.8/site-packages/airflow/example_dags/tutorial_taskflow_api.py for tasks to queue
[2024-06-10T19:49:40.255+0000] {logging_mixin.py:151} INFO - [2024-06-10T19:49:40.255+0000] {dagbag.py:539} INFO - Filling up the DagBag from /home/airflow/.local/lib/python3.8/site-packages/airflow/example_dags/tutorial_taskflow_api.py
[2024-06-10T19:49:40.263+0000] {processor.py:839} INFO - DAG(s) dict_keys(['tutorial_taskflow_api']) retrieved from /home/airflow/.local/lib/python3.8/site-packages/airflow/example_dags/tutorial_taskflow_api.py
[2024-06-10T19:49:40.288+0000] {logging_mixin.py:151} INFO - [2024-06-10T19:49:40.287+0000] {dag.py:2915} INFO - Sync 1 DAGs
[2024-06-10T19:49:40.303+0000] {logging_mixin.py:151} INFO - [2024-06-10T19:49:40.303+0000] {dag.py:3696} INFO - Setting next_dagrun for tutorial_taskflow_api to None, run_after=None
[2024-06-10T19:49:40.328+0000] {processor.py:179} INFO - Processing /home/airflow/.local/lib/python3.8/site-packages/airflow/example_dags/tutorial_taskflow_api.py took 0.078 seconds
[2024-06-10T19:50:11.262+0000] {processor.py:157} INFO - Started process (PID=5786) to work on /home/airflow/.local/lib/python3.8/site-packages/airflow/example_dags/tutorial_taskflow_api.py
[2024-06-10T19:50:11.263+0000] {processor.py:829} INFO - Processing file /home/airflow/.local/lib/python3.8/site-packages/airflow/example_dags/tutorial_taskflow_api.py for tasks to queue
[2024-06-10T19:50:11.264+0000] {logging_mixin.py:151} INFO - [2024-06-10T19:50:11.264+0000] {dagbag.py:539} INFO - Filling up the DagBag from /home/airflow/.local/lib/python3.8/site-packages/airflow/example_dags/tutorial_taskflow_api.py
[2024-06-10T19:50:11.271+0000] {processor.py:839} INFO - DAG(s) dict_keys(['tutorial_taskflow_api']) retrieved from /home/airflow/.local/lib/python3.8/site-packages/airflow/example_dags/tutorial_taskflow_api.py
[2024-06-10T19:50:11.293+0000] {logging_mixin.py:151} INFO - [2024-06-10T19:50:11.292+0000] {dag.py:2915} INFO - Sync 1 DAGs
[2024-06-10T19:50:11.306+0000] {logging_mixin.py:151} INFO - [2024-06-10T19:50:11.306+0000] {dag.py:3696} INFO - Setting next_dagrun for tutorial_taskflow_api to None, run_after=None
[2024-06-10T19:50:11.325+0000] {processor.py:179} INFO - Processing /home/airflow/.local/lib/python3.8/site-packages/airflow/example_dags/tutorial_taskflow_api.py took 0.066 seconds
[2024-06-10T19:50:41.485+0000] {processor.py:157} INFO - Started process (PID=6024) to work on /home/airflow/.local/lib/python3.8/site-packages/airflow/example_dags/tutorial_taskflow_api.py
[2024-06-10T19:50:41.485+0000] {processor.py:829} INFO - Processing file /home/airflow/.local/lib/python3.8/site-packages/airflow/example_dags/tutorial_taskflow_api.py for tasks to queue
[2024-06-10T19:50:41.486+0000] {logging_mixin.py:151} INFO - [2024-06-10T19:50:41.486+0000] {dagbag.py:539} INFO - Filling up the DagBag from /home/airflow/.local/lib/python3.8/site-packages/airflow/example_dags/tutorial_taskflow_api.py
[2024-06-10T19:50:41.494+0000] {processor.py:839} INFO - DAG(s) dict_keys(['tutorial_taskflow_api']) retrieved from /home/airflow/.local/lib/python3.8/site-packages/airflow/example_dags/tutorial_taskflow_api.py
[2024-06-10T19:50:41.516+0000] {logging_mixin.py:151} INFO - [2024-06-10T19:50:41.515+0000] {dag.py:2915} INFO - Sync 1 DAGs
[2024-06-10T19:50:41.528+0000] {logging_mixin.py:151} INFO - [2024-06-10T19:50:41.528+0000] {dag.py:3696} INFO - Setting next_dagrun for tutorial_taskflow_api to None, run_after=None
[2024-06-10T19:50:41.547+0000] {processor.py:179} INFO - Processing /home/airflow/.local/lib/python3.8/site-packages/airflow/example_dags/tutorial_taskflow_api.py took 0.066 seconds
[2024-06-10T19:51:11.630+0000] {processor.py:157} INFO - Started process (PID=6261) to work on /home/airflow/.local/lib/python3.8/site-packages/airflow/example_dags/tutorial_taskflow_api.py
[2024-06-10T19:51:11.631+0000] {processor.py:829} INFO - Processing file /home/airflow/.local/lib/python3.8/site-packages/airflow/example_dags/tutorial_taskflow_api.py for tasks to queue
[2024-06-10T19:51:11.632+0000] {logging_mixin.py:151} INFO - [2024-06-10T19:51:11.632+0000] {dagbag.py:539} INFO - Filling up the DagBag from /home/airflow/.local/lib/python3.8/site-packages/airflow/example_dags/tutorial_taskflow_api.py
[2024-06-10T19:51:11.638+0000] {processor.py:839} INFO - DAG(s) dict_keys(['tutorial_taskflow_api']) retrieved from /home/airflow/.local/lib/python3.8/site-packages/airflow/example_dags/tutorial_taskflow_api.py
[2024-06-10T19:51:11.658+0000] {logging_mixin.py:151} INFO - [2024-06-10T19:51:11.657+0000] {dag.py:2915} INFO - Sync 1 DAGs
[2024-06-10T19:51:11.670+0000] {logging_mixin.py:151} INFO - [2024-06-10T19:51:11.670+0000] {dag.py:3696} INFO - Setting next_dagrun for tutorial_taskflow_api to None, run_after=None
[2024-06-10T19:51:11.688+0000] {processor.py:179} INFO - Processing /home/airflow/.local/lib/python3.8/site-packages/airflow/example_dags/tutorial_taskflow_api.py took 0.060 seconds
[2024-06-10T19:51:42.555+0000] {processor.py:157} INFO - Started process (PID=6498) to work on /home/airflow/.local/lib/python3.8/site-packages/airflow/example_dags/tutorial_taskflow_api.py
[2024-06-10T19:51:42.555+0000] {processor.py:829} INFO - Processing file /home/airflow/.local/lib/python3.8/site-packages/airflow/example_dags/tutorial_taskflow_api.py for tasks to queue
[2024-06-10T19:51:42.556+0000] {logging_mixin.py:151} INFO - [2024-06-10T19:51:42.556+0000] {dagbag.py:539} INFO - Filling up the DagBag from /home/airflow/.local/lib/python3.8/site-packages/airflow/example_dags/tutorial_taskflow_api.py
[2024-06-10T19:51:42.562+0000] {processor.py:839} INFO - DAG(s) dict_keys(['tutorial_taskflow_api']) retrieved from /home/airflow/.local/lib/python3.8/site-packages/airflow/example_dags/tutorial_taskflow_api.py
[2024-06-10T19:51:42.582+0000] {logging_mixin.py:151} INFO - [2024-06-10T19:51:42.582+0000] {dag.py:2915} INFO - Sync 1 DAGs
[2024-06-10T19:51:42.596+0000] {logging_mixin.py:151} INFO - [2024-06-10T19:51:42.596+0000] {dag.py:3696} INFO - Setting next_dagrun for tutorial_taskflow_api to None, run_after=None
[2024-06-10T19:51:42.613+0000] {processor.py:179} INFO - Processing /home/airflow/.local/lib/python3.8/site-packages/airflow/example_dags/tutorial_taskflow_api.py took 0.062 seconds
[2024-06-10T19:52:12.934+0000] {processor.py:157} INFO - Started process (PID=6735) to work on /home/airflow/.local/lib/python3.8/site-packages/airflow/example_dags/tutorial_taskflow_api.py
[2024-06-10T19:52:12.936+0000] {processor.py:829} INFO - Processing file /home/airflow/.local/lib/python3.8/site-packages/airflow/example_dags/tutorial_taskflow_api.py for tasks to queue
[2024-06-10T19:52:12.936+0000] {logging_mixin.py:151} INFO - [2024-06-10T19:52:12.936+0000] {dagbag.py:539} INFO - Filling up the DagBag from /home/airflow/.local/lib/python3.8/site-packages/airflow/example_dags/tutorial_taskflow_api.py
[2024-06-10T19:52:12.945+0000] {processor.py:839} INFO - DAG(s) dict_keys(['tutorial_taskflow_api']) retrieved from /home/airflow/.local/lib/python3.8/site-packages/airflow/example_dags/tutorial_taskflow_api.py
[2024-06-10T19:52:12.972+0000] {logging_mixin.py:151} INFO - [2024-06-10T19:52:12.972+0000] {dag.py:2915} INFO - Sync 1 DAGs
[2024-06-10T19:52:12.992+0000] {logging_mixin.py:151} INFO - [2024-06-10T19:52:12.992+0000] {dag.py:3696} INFO - Setting next_dagrun for tutorial_taskflow_api to None, run_after=None
[2024-06-10T19:52:13.020+0000] {processor.py:179} INFO - Processing /home/airflow/.local/lib/python3.8/site-packages/airflow/example_dags/tutorial_taskflow_api.py took 0.090 seconds
[2024-06-10T19:52:43.554+0000] {processor.py:157} INFO - Started process (PID=6973) to work on /home/airflow/.local/lib/python3.8/site-packages/airflow/example_dags/tutorial_taskflow_api.py
[2024-06-10T19:52:43.554+0000] {processor.py:829} INFO - Processing file /home/airflow/.local/lib/python3.8/site-packages/airflow/example_dags/tutorial_taskflow_api.py for tasks to queue
[2024-06-10T19:52:43.555+0000] {logging_mixin.py:151} INFO - [2024-06-10T19:52:43.555+0000] {dagbag.py:539} INFO - Filling up the DagBag from /home/airflow/.local/lib/python3.8/site-packages/airflow/example_dags/tutorial_taskflow_api.py
[2024-06-10T19:52:43.561+0000] {processor.py:839} INFO - DAG(s) dict_keys(['tutorial_taskflow_api']) retrieved from /home/airflow/.local/lib/python3.8/site-packages/airflow/example_dags/tutorial_taskflow_api.py
[2024-06-10T19:52:43.583+0000] {logging_mixin.py:151} INFO - [2024-06-10T19:52:43.582+0000] {dag.py:2915} INFO - Sync 1 DAGs
[2024-06-10T19:52:43.595+0000] {logging_mixin.py:151} INFO - [2024-06-10T19:52:43.595+0000] {dag.py:3696} INFO - Setting next_dagrun for tutorial_taskflow_api to None, run_after=None
[2024-06-10T19:52:43.612+0000] {processor.py:179} INFO - Processing /home/airflow/.local/lib/python3.8/site-packages/airflow/example_dags/tutorial_taskflow_api.py took 0.061 seconds
[2024-06-10T19:53:14.123+0000] {processor.py:157} INFO - Started process (PID=7211) to work on /home/airflow/.local/lib/python3.8/site-packages/airflow/example_dags/tutorial_taskflow_api.py
[2024-06-10T19:53:14.124+0000] {processor.py:829} INFO - Processing file /home/airflow/.local/lib/python3.8/site-packages/airflow/example_dags/tutorial_taskflow_api.py for tasks to queue
[2024-06-10T19:53:14.125+0000] {logging_mixin.py:151} INFO - [2024-06-10T19:53:14.124+0000] {dagbag.py:539} INFO - Filling up the DagBag from /home/airflow/.local/lib/python3.8/site-packages/airflow/example_dags/tutorial_taskflow_api.py
[2024-06-10T19:53:14.131+0000] {processor.py:839} INFO - DAG(s) dict_keys(['tutorial_taskflow_api']) retrieved from /home/airflow/.local/lib/python3.8/site-packages/airflow/example_dags/tutorial_taskflow_api.py
[2024-06-10T19:53:14.151+0000] {logging_mixin.py:151} INFO - [2024-06-10T19:53:14.151+0000] {dag.py:2915} INFO - Sync 1 DAGs
[2024-06-10T19:53:14.163+0000] {logging_mixin.py:151} INFO - [2024-06-10T19:53:14.163+0000] {dag.py:3696} INFO - Setting next_dagrun for tutorial_taskflow_api to None, run_after=None
[2024-06-10T19:53:14.181+0000] {processor.py:179} INFO - Processing /home/airflow/.local/lib/python3.8/site-packages/airflow/example_dags/tutorial_taskflow_api.py took 0.062 seconds
[2024-06-10T19:53:44.361+0000] {processor.py:157} INFO - Started process (PID=7449) to work on /home/airflow/.local/lib/python3.8/site-packages/airflow/example_dags/tutorial_taskflow_api.py
[2024-06-10T19:53:44.361+0000] {processor.py:829} INFO - Processing file /home/airflow/.local/lib/python3.8/site-packages/airflow/example_dags/tutorial_taskflow_api.py for tasks to queue
[2024-06-10T19:53:44.362+0000] {logging_mixin.py:151} INFO - [2024-06-10T19:53:44.362+0000] {dagbag.py:539} INFO - Filling up the DagBag from /home/airflow/.local/lib/python3.8/site-packages/airflow/example_dags/tutorial_taskflow_api.py
[2024-06-10T19:53:44.371+0000] {processor.py:839} INFO - DAG(s) dict_keys(['tutorial_taskflow_api']) retrieved from /home/airflow/.local/lib/python3.8/site-packages/airflow/example_dags/tutorial_taskflow_api.py
[2024-06-10T19:53:44.392+0000] {logging_mixin.py:151} INFO - [2024-06-10T19:53:44.392+0000] {dag.py:2915} INFO - Sync 1 DAGs
[2024-06-10T19:53:44.405+0000] {logging_mixin.py:151} INFO - [2024-06-10T19:53:44.405+0000] {dag.py:3696} INFO - Setting next_dagrun for tutorial_taskflow_api to None, run_after=None
[2024-06-10T19:53:44.424+0000] {processor.py:179} INFO - Processing /home/airflow/.local/lib/python3.8/site-packages/airflow/example_dags/tutorial_taskflow_api.py took 0.067 seconds
[2024-06-10T19:54:14.714+0000] {processor.py:157} INFO - Started process (PID=7687) to work on /home/airflow/.local/lib/python3.8/site-packages/airflow/example_dags/tutorial_taskflow_api.py
[2024-06-10T19:54:14.717+0000] {processor.py:829} INFO - Processing file /home/airflow/.local/lib/python3.8/site-packages/airflow/example_dags/tutorial_taskflow_api.py for tasks to queue
[2024-06-10T19:54:14.718+0000] {logging_mixin.py:151} INFO - [2024-06-10T19:54:14.718+0000] {dagbag.py:539} INFO - Filling up the DagBag from /home/airflow/.local/lib/python3.8/site-packages/airflow/example_dags/tutorial_taskflow_api.py
[2024-06-10T19:54:14.728+0000] {processor.py:839} INFO - DAG(s) dict_keys(['tutorial_taskflow_api']) retrieved from /home/airflow/.local/lib/python3.8/site-packages/airflow/example_dags/tutorial_taskflow_api.py
[2024-06-10T19:54:14.758+0000] {logging_mixin.py:151} INFO - [2024-06-10T19:54:14.758+0000] {dag.py:2915} INFO - Sync 1 DAGs
[2024-06-10T19:54:14.774+0000] {logging_mixin.py:151} INFO - [2024-06-10T19:54:14.774+0000] {dag.py:3696} INFO - Setting next_dagrun for tutorial_taskflow_api to None, run_after=None
[2024-06-10T19:54:14.804+0000] {processor.py:179} INFO - Processing /home/airflow/.local/lib/python3.8/site-packages/airflow/example_dags/tutorial_taskflow_api.py took 0.096 seconds
[2024-06-10T19:54:45.578+0000] {processor.py:157} INFO - Started process (PID=7925) to work on /home/airflow/.local/lib/python3.8/site-packages/airflow/example_dags/tutorial_taskflow_api.py
[2024-06-10T19:54:45.578+0000] {processor.py:829} INFO - Processing file /home/airflow/.local/lib/python3.8/site-packages/airflow/example_dags/tutorial_taskflow_api.py for tasks to queue
[2024-06-10T19:54:45.579+0000] {logging_mixin.py:151} INFO - [2024-06-10T19:54:45.579+0000] {dagbag.py:539} INFO - Filling up the DagBag from /home/airflow/.local/lib/python3.8/site-packages/airflow/example_dags/tutorial_taskflow_api.py
[2024-06-10T19:54:45.586+0000] {processor.py:839} INFO - DAG(s) dict_keys(['tutorial_taskflow_api']) retrieved from /home/airflow/.local/lib/python3.8/site-packages/airflow/example_dags/tutorial_taskflow_api.py
[2024-06-10T19:54:45.612+0000] {logging_mixin.py:151} INFO - [2024-06-10T19:54:45.612+0000] {dag.py:2915} INFO - Sync 1 DAGs
[2024-06-10T19:54:45.635+0000] {logging_mixin.py:151} INFO - [2024-06-10T19:54:45.634+0000] {dag.py:3696} INFO - Setting next_dagrun for tutorial_taskflow_api to None, run_after=None
[2024-06-10T19:54:45.661+0000] {processor.py:179} INFO - Processing /home/airflow/.local/lib/python3.8/site-packages/airflow/example_dags/tutorial_taskflow_api.py took 0.087 seconds
[2024-06-10T19:55:16.391+0000] {processor.py:157} INFO - Started process (PID=8171) to work on /home/airflow/.local/lib/python3.8/site-packages/airflow/example_dags/tutorial_taskflow_api.py
[2024-06-10T19:55:16.392+0000] {processor.py:829} INFO - Processing file /home/airflow/.local/lib/python3.8/site-packages/airflow/example_dags/tutorial_taskflow_api.py for tasks to queue
[2024-06-10T19:55:16.393+0000] {logging_mixin.py:151} INFO - [2024-06-10T19:55:16.393+0000] {dagbag.py:539} INFO - Filling up the DagBag from /home/airflow/.local/lib/python3.8/site-packages/airflow/example_dags/tutorial_taskflow_api.py
[2024-06-10T19:55:16.400+0000] {processor.py:839} INFO - DAG(s) dict_keys(['tutorial_taskflow_api']) retrieved from /home/airflow/.local/lib/python3.8/site-packages/airflow/example_dags/tutorial_taskflow_api.py
[2024-06-10T19:55:16.428+0000] {logging_mixin.py:151} INFO - [2024-06-10T19:55:16.428+0000] {dag.py:2915} INFO - Sync 1 DAGs
[2024-06-10T19:55:16.445+0000] {logging_mixin.py:151} INFO - [2024-06-10T19:55:16.445+0000] {dag.py:3696} INFO - Setting next_dagrun for tutorial_taskflow_api to None, run_after=None
[2024-06-10T19:55:16.465+0000] {processor.py:179} INFO - Processing /home/airflow/.local/lib/python3.8/site-packages/airflow/example_dags/tutorial_taskflow_api.py took 0.076 seconds
[2024-06-10T19:55:47.301+0000] {processor.py:157} INFO - Started process (PID=8409) to work on /home/airflow/.local/lib/python3.8/site-packages/airflow/example_dags/tutorial_taskflow_api.py
[2024-06-10T19:55:47.302+0000] {processor.py:829} INFO - Processing file /home/airflow/.local/lib/python3.8/site-packages/airflow/example_dags/tutorial_taskflow_api.py for tasks to queue
[2024-06-10T19:55:47.303+0000] {logging_mixin.py:151} INFO - [2024-06-10T19:55:47.302+0000] {dagbag.py:539} INFO - Filling up the DagBag from /home/airflow/.local/lib/python3.8/site-packages/airflow/example_dags/tutorial_taskflow_api.py
[2024-06-10T19:55:47.309+0000] {processor.py:839} INFO - DAG(s) dict_keys(['tutorial_taskflow_api']) retrieved from /home/airflow/.local/lib/python3.8/site-packages/airflow/example_dags/tutorial_taskflow_api.py
[2024-06-10T19:55:47.330+0000] {logging_mixin.py:151} INFO - [2024-06-10T19:55:47.330+0000] {dag.py:2915} INFO - Sync 1 DAGs
[2024-06-10T19:55:47.345+0000] {logging_mixin.py:151} INFO - [2024-06-10T19:55:47.345+0000] {dag.py:3696} INFO - Setting next_dagrun for tutorial_taskflow_api to None, run_after=None
[2024-06-10T19:55:47.365+0000] {processor.py:179} INFO - Processing /home/airflow/.local/lib/python3.8/site-packages/airflow/example_dags/tutorial_taskflow_api.py took 0.067 seconds
[2024-06-10T19:56:17.553+0000] {processor.py:157} INFO - Started process (PID=8647) to work on /home/airflow/.local/lib/python3.8/site-packages/airflow/example_dags/tutorial_taskflow_api.py
[2024-06-10T19:56:17.554+0000] {processor.py:829} INFO - Processing file /home/airflow/.local/lib/python3.8/site-packages/airflow/example_dags/tutorial_taskflow_api.py for tasks to queue
[2024-06-10T19:56:17.555+0000] {logging_mixin.py:151} INFO - [2024-06-10T19:56:17.555+0000] {dagbag.py:539} INFO - Filling up the DagBag from /home/airflow/.local/lib/python3.8/site-packages/airflow/example_dags/tutorial_taskflow_api.py
[2024-06-10T19:56:17.561+0000] {processor.py:839} INFO - DAG(s) dict_keys(['tutorial_taskflow_api']) retrieved from /home/airflow/.local/lib/python3.8/site-packages/airflow/example_dags/tutorial_taskflow_api.py
[2024-06-10T19:56:17.584+0000] {logging_mixin.py:151} INFO - [2024-06-10T19:56:17.584+0000] {dag.py:2915} INFO - Sync 1 DAGs
[2024-06-10T19:56:17.599+0000] {logging_mixin.py:151} INFO - [2024-06-10T19:56:17.599+0000] {dag.py:3696} INFO - Setting next_dagrun for tutorial_taskflow_api to None, run_after=None
[2024-06-10T19:56:17.621+0000] {processor.py:179} INFO - Processing /home/airflow/.local/lib/python3.8/site-packages/airflow/example_dags/tutorial_taskflow_api.py took 0.072 seconds
[2024-06-10T19:56:47.717+0000] {processor.py:157} INFO - Started process (PID=8885) to work on /home/airflow/.local/lib/python3.8/site-packages/airflow/example_dags/tutorial_taskflow_api.py
[2024-06-10T19:56:47.718+0000] {processor.py:829} INFO - Processing file /home/airflow/.local/lib/python3.8/site-packages/airflow/example_dags/tutorial_taskflow_api.py for tasks to queue
[2024-06-10T19:56:47.719+0000] {logging_mixin.py:151} INFO - [2024-06-10T19:56:47.718+0000] {dagbag.py:539} INFO - Filling up the DagBag from /home/airflow/.local/lib/python3.8/site-packages/airflow/example_dags/tutorial_taskflow_api.py
[2024-06-10T19:56:47.725+0000] {processor.py:839} INFO - DAG(s) dict_keys(['tutorial_taskflow_api']) retrieved from /home/airflow/.local/lib/python3.8/site-packages/airflow/example_dags/tutorial_taskflow_api.py
[2024-06-10T19:56:47.747+0000] {logging_mixin.py:151} INFO - [2024-06-10T19:56:47.746+0000] {dag.py:2915} INFO - Sync 1 DAGs
[2024-06-10T19:56:47.761+0000] {logging_mixin.py:151} INFO - [2024-06-10T19:56:47.760+0000] {dag.py:3696} INFO - Setting next_dagrun for tutorial_taskflow_api to None, run_after=None
[2024-06-10T19:56:47.781+0000] {processor.py:179} INFO - Processing /home/airflow/.local/lib/python3.8/site-packages/airflow/example_dags/tutorial_taskflow_api.py took 0.068 seconds
[2024-06-10T19:57:18.111+0000] {processor.py:157} INFO - Started process (PID=9122) to work on /home/airflow/.local/lib/python3.8/site-packages/airflow/example_dags/tutorial_taskflow_api.py
[2024-06-10T19:57:18.112+0000] {processor.py:829} INFO - Processing file /home/airflow/.local/lib/python3.8/site-packages/airflow/example_dags/tutorial_taskflow_api.py for tasks to queue
[2024-06-10T19:57:18.113+0000] {logging_mixin.py:151} INFO - [2024-06-10T19:57:18.113+0000] {dagbag.py:539} INFO - Filling up the DagBag from /home/airflow/.local/lib/python3.8/site-packages/airflow/example_dags/tutorial_taskflow_api.py
[2024-06-10T19:57:18.119+0000] {processor.py:839} INFO - DAG(s) dict_keys(['tutorial_taskflow_api']) retrieved from /home/airflow/.local/lib/python3.8/site-packages/airflow/example_dags/tutorial_taskflow_api.py
[2024-06-10T19:57:18.139+0000] {logging_mixin.py:151} INFO - [2024-06-10T19:57:18.139+0000] {dag.py:2915} INFO - Sync 1 DAGs
[2024-06-10T19:57:18.152+0000] {logging_mixin.py:151} INFO - [2024-06-10T19:57:18.152+0000] {dag.py:3696} INFO - Setting next_dagrun for tutorial_taskflow_api to None, run_after=None
[2024-06-10T19:57:18.171+0000] {processor.py:179} INFO - Processing /home/airflow/.local/lib/python3.8/site-packages/airflow/example_dags/tutorial_taskflow_api.py took 0.062 seconds
[2024-06-10T19:57:48.888+0000] {processor.py:157} INFO - Started process (PID=9360) to work on /home/airflow/.local/lib/python3.8/site-packages/airflow/example_dags/tutorial_taskflow_api.py
[2024-06-10T19:57:48.889+0000] {processor.py:829} INFO - Processing file /home/airflow/.local/lib/python3.8/site-packages/airflow/example_dags/tutorial_taskflow_api.py for tasks to queue
[2024-06-10T19:57:48.890+0000] {logging_mixin.py:151} INFO - [2024-06-10T19:57:48.890+0000] {dagbag.py:539} INFO - Filling up the DagBag from /home/airflow/.local/lib/python3.8/site-packages/airflow/example_dags/tutorial_taskflow_api.py
[2024-06-10T19:57:48.896+0000] {processor.py:839} INFO - DAG(s) dict_keys(['tutorial_taskflow_api']) retrieved from /home/airflow/.local/lib/python3.8/site-packages/airflow/example_dags/tutorial_taskflow_api.py
[2024-06-10T19:57:48.919+0000] {logging_mixin.py:151} INFO - [2024-06-10T19:57:48.919+0000] {dag.py:2915} INFO - Sync 1 DAGs
[2024-06-10T19:57:48.933+0000] {logging_mixin.py:151} INFO - [2024-06-10T19:57:48.932+0000] {dag.py:3696} INFO - Setting next_dagrun for tutorial_taskflow_api to None, run_after=None
[2024-06-10T19:57:48.950+0000] {processor.py:179} INFO - Processing /home/airflow/.local/lib/python3.8/site-packages/airflow/example_dags/tutorial_taskflow_api.py took 0.065 seconds
[2024-06-10T19:58:19.790+0000] {processor.py:157} INFO - Started process (PID=9599) to work on /home/airflow/.local/lib/python3.8/site-packages/airflow/example_dags/tutorial_taskflow_api.py
[2024-06-10T19:58:19.791+0000] {processor.py:829} INFO - Processing file /home/airflow/.local/lib/python3.8/site-packages/airflow/example_dags/tutorial_taskflow_api.py for tasks to queue
[2024-06-10T19:58:19.792+0000] {logging_mixin.py:151} INFO - [2024-06-10T19:58:19.792+0000] {dagbag.py:539} INFO - Filling up the DagBag from /home/airflow/.local/lib/python3.8/site-packages/airflow/example_dags/tutorial_taskflow_api.py
[2024-06-10T19:58:19.798+0000] {processor.py:839} INFO - DAG(s) dict_keys(['tutorial_taskflow_api']) retrieved from /home/airflow/.local/lib/python3.8/site-packages/airflow/example_dags/tutorial_taskflow_api.py
[2024-06-10T19:58:19.818+0000] {logging_mixin.py:151} INFO - [2024-06-10T19:58:19.818+0000] {dag.py:2915} INFO - Sync 1 DAGs
[2024-06-10T19:58:19.832+0000] {logging_mixin.py:151} INFO - [2024-06-10T19:58:19.832+0000] {dag.py:3696} INFO - Setting next_dagrun for tutorial_taskflow_api to None, run_after=None
[2024-06-10T19:58:19.852+0000] {processor.py:179} INFO - Processing /home/airflow/.local/lib/python3.8/site-packages/airflow/example_dags/tutorial_taskflow_api.py took 0.065 seconds
[2024-06-10T19:58:50.631+0000] {processor.py:157} INFO - Started process (PID=9838) to work on /home/airflow/.local/lib/python3.8/site-packages/airflow/example_dags/tutorial_taskflow_api.py
[2024-06-10T19:58:50.632+0000] {processor.py:829} INFO - Processing file /home/airflow/.local/lib/python3.8/site-packages/airflow/example_dags/tutorial_taskflow_api.py for tasks to queue
[2024-06-10T19:58:50.633+0000] {logging_mixin.py:151} INFO - [2024-06-10T19:58:50.632+0000] {dagbag.py:539} INFO - Filling up the DagBag from /home/airflow/.local/lib/python3.8/site-packages/airflow/example_dags/tutorial_taskflow_api.py
[2024-06-10T19:58:50.639+0000] {processor.py:839} INFO - DAG(s) dict_keys(['tutorial_taskflow_api']) retrieved from /home/airflow/.local/lib/python3.8/site-packages/airflow/example_dags/tutorial_taskflow_api.py
[2024-06-10T19:58:50.658+0000] {logging_mixin.py:151} INFO - [2024-06-10T19:58:50.657+0000] {dag.py:2915} INFO - Sync 1 DAGs
[2024-06-10T19:58:50.670+0000] {logging_mixin.py:151} INFO - [2024-06-10T19:58:50.670+0000] {dag.py:3696} INFO - Setting next_dagrun for tutorial_taskflow_api to None, run_after=None
[2024-06-10T19:58:50.687+0000] {processor.py:179} INFO - Processing /home/airflow/.local/lib/python3.8/site-packages/airflow/example_dags/tutorial_taskflow_api.py took 0.059 seconds
[2024-06-10T19:59:21.435+0000] {processor.py:157} INFO - Started process (PID=10076) to work on /home/airflow/.local/lib/python3.8/site-packages/airflow/example_dags/tutorial_taskflow_api.py
[2024-06-10T19:59:21.436+0000] {processor.py:829} INFO - Processing file /home/airflow/.local/lib/python3.8/site-packages/airflow/example_dags/tutorial_taskflow_api.py for tasks to queue
[2024-06-10T19:59:21.437+0000] {logging_mixin.py:151} INFO - [2024-06-10T19:59:21.436+0000] {dagbag.py:539} INFO - Filling up the DagBag from /home/airflow/.local/lib/python3.8/site-packages/airflow/example_dags/tutorial_taskflow_api.py
[2024-06-10T19:59:21.443+0000] {processor.py:839} INFO - DAG(s) dict_keys(['tutorial_taskflow_api']) retrieved from /home/airflow/.local/lib/python3.8/site-packages/airflow/example_dags/tutorial_taskflow_api.py
[2024-06-10T19:59:21.462+0000] {logging_mixin.py:151} INFO - [2024-06-10T19:59:21.462+0000] {dag.py:2915} INFO - Sync 1 DAGs
[2024-06-10T19:59:21.475+0000] {logging_mixin.py:151} INFO - [2024-06-10T19:59:21.475+0000] {dag.py:3696} INFO - Setting next_dagrun for tutorial_taskflow_api to None, run_after=None
[2024-06-10T19:59:21.493+0000] {processor.py:179} INFO - Processing /home/airflow/.local/lib/python3.8/site-packages/airflow/example_dags/tutorial_taskflow_api.py took 0.060 seconds
[2024-06-10T19:59:52.248+0000] {processor.py:157} INFO - Started process (PID=10314) to work on /home/airflow/.local/lib/python3.8/site-packages/airflow/example_dags/tutorial_taskflow_api.py
[2024-06-10T19:59:52.249+0000] {processor.py:829} INFO - Processing file /home/airflow/.local/lib/python3.8/site-packages/airflow/example_dags/tutorial_taskflow_api.py for tasks to queue
[2024-06-10T19:59:52.250+0000] {logging_mixin.py:151} INFO - [2024-06-10T19:59:52.249+0000] {dagbag.py:539} INFO - Filling up the DagBag from /home/airflow/.local/lib/python3.8/site-packages/airflow/example_dags/tutorial_taskflow_api.py
[2024-06-10T19:59:52.257+0000] {processor.py:839} INFO - DAG(s) dict_keys(['tutorial_taskflow_api']) retrieved from /home/airflow/.local/lib/python3.8/site-packages/airflow/example_dags/tutorial_taskflow_api.py
[2024-06-10T19:59:52.283+0000] {logging_mixin.py:151} INFO - [2024-06-10T19:59:52.283+0000] {dag.py:2915} INFO - Sync 1 DAGs
[2024-06-10T19:59:52.302+0000] {logging_mixin.py:151} INFO - [2024-06-10T19:59:52.301+0000] {dag.py:3696} INFO - Setting next_dagrun for tutorial_taskflow_api to None, run_after=None
[2024-06-10T19:59:52.326+0000] {processor.py:179} INFO - Processing /home/airflow/.local/lib/python3.8/site-packages/airflow/example_dags/tutorial_taskflow_api.py took 0.082 seconds
[2024-06-10T20:00:22.977+0000] {processor.py:157} INFO - Started process (PID=10552) to work on /home/airflow/.local/lib/python3.8/site-packages/airflow/example_dags/tutorial_taskflow_api.py
[2024-06-10T20:00:22.977+0000] {processor.py:829} INFO - Processing file /home/airflow/.local/lib/python3.8/site-packages/airflow/example_dags/tutorial_taskflow_api.py for tasks to queue
[2024-06-10T20:00:22.978+0000] {logging_mixin.py:151} INFO - [2024-06-10T20:00:22.978+0000] {dagbag.py:539} INFO - Filling up the DagBag from /home/airflow/.local/lib/python3.8/site-packages/airflow/example_dags/tutorial_taskflow_api.py
[2024-06-10T20:00:22.984+0000] {processor.py:839} INFO - DAG(s) dict_keys(['tutorial_taskflow_api']) retrieved from /home/airflow/.local/lib/python3.8/site-packages/airflow/example_dags/tutorial_taskflow_api.py
[2024-06-10T20:00:23.009+0000] {logging_mixin.py:151} INFO - [2024-06-10T20:00:23.009+0000] {dag.py:2915} INFO - Sync 1 DAGs
[2024-06-10T20:00:23.027+0000] {logging_mixin.py:151} INFO - [2024-06-10T20:00:23.026+0000] {dag.py:3696} INFO - Setting next_dagrun for tutorial_taskflow_api to None, run_after=None
[2024-06-10T20:00:23.047+0000] {processor.py:179} INFO - Processing /home/airflow/.local/lib/python3.8/site-packages/airflow/example_dags/tutorial_taskflow_api.py took 0.073 seconds
[2024-06-10T20:00:53.699+0000] {processor.py:157} INFO - Started process (PID=10790) to work on /home/airflow/.local/lib/python3.8/site-packages/airflow/example_dags/tutorial_taskflow_api.py
[2024-06-10T20:00:53.700+0000] {processor.py:829} INFO - Processing file /home/airflow/.local/lib/python3.8/site-packages/airflow/example_dags/tutorial_taskflow_api.py for tasks to queue
[2024-06-10T20:00:53.701+0000] {logging_mixin.py:151} INFO - [2024-06-10T20:00:53.701+0000] {dagbag.py:539} INFO - Filling up the DagBag from /home/airflow/.local/lib/python3.8/site-packages/airflow/example_dags/tutorial_taskflow_api.py
[2024-06-10T20:00:53.708+0000] {processor.py:839} INFO - DAG(s) dict_keys(['tutorial_taskflow_api']) retrieved from /home/airflow/.local/lib/python3.8/site-packages/airflow/example_dags/tutorial_taskflow_api.py
[2024-06-10T20:00:53.734+0000] {logging_mixin.py:151} INFO - [2024-06-10T20:00:53.733+0000] {dag.py:2915} INFO - Sync 1 DAGs
[2024-06-10T20:00:53.749+0000] {logging_mixin.py:151} INFO - [2024-06-10T20:00:53.749+0000] {dag.py:3696} INFO - Setting next_dagrun for tutorial_taskflow_api to None, run_after=None
[2024-06-10T20:00:53.772+0000] {processor.py:179} INFO - Processing /home/airflow/.local/lib/python3.8/site-packages/airflow/example_dags/tutorial_taskflow_api.py took 0.075 seconds
[2024-06-10T20:01:24.073+0000] {processor.py:157} INFO - Started process (PID=11028) to work on /home/airflow/.local/lib/python3.8/site-packages/airflow/example_dags/tutorial_taskflow_api.py
[2024-06-10T20:01:24.073+0000] {processor.py:829} INFO - Processing file /home/airflow/.local/lib/python3.8/site-packages/airflow/example_dags/tutorial_taskflow_api.py for tasks to queue
[2024-06-10T20:01:24.074+0000] {logging_mixin.py:151} INFO - [2024-06-10T20:01:24.074+0000] {dagbag.py:539} INFO - Filling up the DagBag from /home/airflow/.local/lib/python3.8/site-packages/airflow/example_dags/tutorial_taskflow_api.py
[2024-06-10T20:01:24.080+0000] {processor.py:839} INFO - DAG(s) dict_keys(['tutorial_taskflow_api']) retrieved from /home/airflow/.local/lib/python3.8/site-packages/airflow/example_dags/tutorial_taskflow_api.py
[2024-06-10T20:01:24.099+0000] {logging_mixin.py:151} INFO - [2024-06-10T20:01:24.099+0000] {dag.py:2915} INFO - Sync 1 DAGs
[2024-06-10T20:01:24.112+0000] {logging_mixin.py:151} INFO - [2024-06-10T20:01:24.112+0000] {dag.py:3696} INFO - Setting next_dagrun for tutorial_taskflow_api to None, run_after=None
[2024-06-10T20:01:24.131+0000] {processor.py:179} INFO - Processing /home/airflow/.local/lib/python3.8/site-packages/airflow/example_dags/tutorial_taskflow_api.py took 0.061 seconds
[2024-06-10T20:01:54.875+0000] {processor.py:157} INFO - Started process (PID=11265) to work on /home/airflow/.local/lib/python3.8/site-packages/airflow/example_dags/tutorial_taskflow_api.py
[2024-06-10T20:01:54.876+0000] {processor.py:829} INFO - Processing file /home/airflow/.local/lib/python3.8/site-packages/airflow/example_dags/tutorial_taskflow_api.py for tasks to queue
[2024-06-10T20:01:54.877+0000] {logging_mixin.py:151} INFO - [2024-06-10T20:01:54.877+0000] {dagbag.py:539} INFO - Filling up the DagBag from /home/airflow/.local/lib/python3.8/site-packages/airflow/example_dags/tutorial_taskflow_api.py
[2024-06-10T20:01:54.883+0000] {processor.py:839} INFO - DAG(s) dict_keys(['tutorial_taskflow_api']) retrieved from /home/airflow/.local/lib/python3.8/site-packages/airflow/example_dags/tutorial_taskflow_api.py
[2024-06-10T20:01:54.905+0000] {logging_mixin.py:151} INFO - [2024-06-10T20:01:54.905+0000] {dag.py:2915} INFO - Sync 1 DAGs
[2024-06-10T20:01:54.919+0000] {logging_mixin.py:151} INFO - [2024-06-10T20:01:54.919+0000] {dag.py:3696} INFO - Setting next_dagrun for tutorial_taskflow_api to None, run_after=None
[2024-06-10T20:01:54.940+0000] {processor.py:179} INFO - Processing /home/airflow/.local/lib/python3.8/site-packages/airflow/example_dags/tutorial_taskflow_api.py took 0.068 seconds
[2024-06-10T20:02:25.605+0000] {processor.py:157} INFO - Started process (PID=11503) to work on /home/airflow/.local/lib/python3.8/site-packages/airflow/example_dags/tutorial_taskflow_api.py
[2024-06-10T20:02:25.606+0000] {processor.py:829} INFO - Processing file /home/airflow/.local/lib/python3.8/site-packages/airflow/example_dags/tutorial_taskflow_api.py for tasks to queue
[2024-06-10T20:02:25.606+0000] {logging_mixin.py:151} INFO - [2024-06-10T20:02:25.606+0000] {dagbag.py:539} INFO - Filling up the DagBag from /home/airflow/.local/lib/python3.8/site-packages/airflow/example_dags/tutorial_taskflow_api.py
[2024-06-10T20:02:25.612+0000] {processor.py:839} INFO - DAG(s) dict_keys(['tutorial_taskflow_api']) retrieved from /home/airflow/.local/lib/python3.8/site-packages/airflow/example_dags/tutorial_taskflow_api.py
[2024-06-10T20:02:25.631+0000] {logging_mixin.py:151} INFO - [2024-06-10T20:02:25.631+0000] {dag.py:2915} INFO - Sync 1 DAGs
[2024-06-10T20:02:25.644+0000] {logging_mixin.py:151} INFO - [2024-06-10T20:02:25.644+0000] {dag.py:3696} INFO - Setting next_dagrun for tutorial_taskflow_api to None, run_after=None
[2024-06-10T20:02:25.661+0000] {processor.py:179} INFO - Processing /home/airflow/.local/lib/python3.8/site-packages/airflow/example_dags/tutorial_taskflow_api.py took 0.059 seconds
[2024-06-10T20:02:56.291+0000] {processor.py:157} INFO - Started process (PID=11741) to work on /home/airflow/.local/lib/python3.8/site-packages/airflow/example_dags/tutorial_taskflow_api.py
[2024-06-10T20:02:56.292+0000] {processor.py:829} INFO - Processing file /home/airflow/.local/lib/python3.8/site-packages/airflow/example_dags/tutorial_taskflow_api.py for tasks to queue
[2024-06-10T20:02:56.293+0000] {logging_mixin.py:151} INFO - [2024-06-10T20:02:56.293+0000] {dagbag.py:539} INFO - Filling up the DagBag from /home/airflow/.local/lib/python3.8/site-packages/airflow/example_dags/tutorial_taskflow_api.py
[2024-06-10T20:02:56.301+0000] {processor.py:839} INFO - DAG(s) dict_keys(['tutorial_taskflow_api']) retrieved from /home/airflow/.local/lib/python3.8/site-packages/airflow/example_dags/tutorial_taskflow_api.py
[2024-06-10T20:02:56.325+0000] {logging_mixin.py:151} INFO - [2024-06-10T20:02:56.325+0000] {dag.py:2915} INFO - Sync 1 DAGs
[2024-06-10T20:02:56.342+0000] {logging_mixin.py:151} INFO - [2024-06-10T20:02:56.342+0000] {dag.py:3696} INFO - Setting next_dagrun for tutorial_taskflow_api to None, run_after=None
[2024-06-10T20:02:56.360+0000] {processor.py:179} INFO - Processing /home/airflow/.local/lib/python3.8/site-packages/airflow/example_dags/tutorial_taskflow_api.py took 0.073 seconds
[2024-06-10T20:03:27.000+0000] {processor.py:157} INFO - Started process (PID=11979) to work on /home/airflow/.local/lib/python3.8/site-packages/airflow/example_dags/tutorial_taskflow_api.py
[2024-06-10T20:03:27.001+0000] {processor.py:829} INFO - Processing file /home/airflow/.local/lib/python3.8/site-packages/airflow/example_dags/tutorial_taskflow_api.py for tasks to queue
[2024-06-10T20:03:27.002+0000] {logging_mixin.py:151} INFO - [2024-06-10T20:03:27.002+0000] {dagbag.py:539} INFO - Filling up the DagBag from /home/airflow/.local/lib/python3.8/site-packages/airflow/example_dags/tutorial_taskflow_api.py
[2024-06-10T20:03:27.008+0000] {processor.py:839} INFO - DAG(s) dict_keys(['tutorial_taskflow_api']) retrieved from /home/airflow/.local/lib/python3.8/site-packages/airflow/example_dags/tutorial_taskflow_api.py
[2024-06-10T20:03:27.028+0000] {logging_mixin.py:151} INFO - [2024-06-10T20:03:27.028+0000] {dag.py:2915} INFO - Sync 1 DAGs
[2024-06-10T20:03:27.040+0000] {logging_mixin.py:151} INFO - [2024-06-10T20:03:27.040+0000] {dag.py:3696} INFO - Setting next_dagrun for tutorial_taskflow_api to None, run_after=None
[2024-06-10T20:03:27.058+0000] {processor.py:179} INFO - Processing /home/airflow/.local/lib/python3.8/site-packages/airflow/example_dags/tutorial_taskflow_api.py took 0.060 seconds
[2024-06-10T20:03:57.864+0000] {processor.py:157} INFO - Started process (PID=12217) to work on /home/airflow/.local/lib/python3.8/site-packages/airflow/example_dags/tutorial_taskflow_api.py
[2024-06-10T20:03:57.865+0000] {processor.py:829} INFO - Processing file /home/airflow/.local/lib/python3.8/site-packages/airflow/example_dags/tutorial_taskflow_api.py for tasks to queue
[2024-06-10T20:03:57.866+0000] {logging_mixin.py:151} INFO - [2024-06-10T20:03:57.865+0000] {dagbag.py:539} INFO - Filling up the DagBag from /home/airflow/.local/lib/python3.8/site-packages/airflow/example_dags/tutorial_taskflow_api.py
[2024-06-10T20:03:57.872+0000] {processor.py:839} INFO - DAG(s) dict_keys(['tutorial_taskflow_api']) retrieved from /home/airflow/.local/lib/python3.8/site-packages/airflow/example_dags/tutorial_taskflow_api.py
[2024-06-10T20:03:57.892+0000] {logging_mixin.py:151} INFO - [2024-06-10T20:03:57.891+0000] {dag.py:2915} INFO - Sync 1 DAGs
[2024-06-10T20:03:57.905+0000] {logging_mixin.py:151} INFO - [2024-06-10T20:03:57.904+0000] {dag.py:3696} INFO - Setting next_dagrun for tutorial_taskflow_api to None, run_after=None
[2024-06-10T20:03:57.926+0000] {processor.py:179} INFO - Processing /home/airflow/.local/lib/python3.8/site-packages/airflow/example_dags/tutorial_taskflow_api.py took 0.065 seconds
[2024-06-10T20:04:28.851+0000] {processor.py:157} INFO - Started process (PID=12455) to work on /home/airflow/.local/lib/python3.8/site-packages/airflow/example_dags/tutorial_taskflow_api.py
[2024-06-10T20:04:28.852+0000] {processor.py:829} INFO - Processing file /home/airflow/.local/lib/python3.8/site-packages/airflow/example_dags/tutorial_taskflow_api.py for tasks to queue
[2024-06-10T20:04:28.853+0000] {logging_mixin.py:151} INFO - [2024-06-10T20:04:28.852+0000] {dagbag.py:539} INFO - Filling up the DagBag from /home/airflow/.local/lib/python3.8/site-packages/airflow/example_dags/tutorial_taskflow_api.py
[2024-06-10T20:04:28.860+0000] {processor.py:839} INFO - DAG(s) dict_keys(['tutorial_taskflow_api']) retrieved from /home/airflow/.local/lib/python3.8/site-packages/airflow/example_dags/tutorial_taskflow_api.py
[2024-06-10T20:04:28.881+0000] {logging_mixin.py:151} INFO - [2024-06-10T20:04:28.881+0000] {dag.py:2915} INFO - Sync 1 DAGs
[2024-06-10T20:04:28.896+0000] {logging_mixin.py:151} INFO - [2024-06-10T20:04:28.895+0000] {dag.py:3696} INFO - Setting next_dagrun for tutorial_taskflow_api to None, run_after=None
[2024-06-10T20:04:28.918+0000] {processor.py:179} INFO - Processing /home/airflow/.local/lib/python3.8/site-packages/airflow/example_dags/tutorial_taskflow_api.py took 0.070 seconds
[2024-06-10T20:04:59.612+0000] {processor.py:157} INFO - Started process (PID=12693) to work on /home/airflow/.local/lib/python3.8/site-packages/airflow/example_dags/tutorial_taskflow_api.py
[2024-06-10T20:04:59.613+0000] {processor.py:829} INFO - Processing file /home/airflow/.local/lib/python3.8/site-packages/airflow/example_dags/tutorial_taskflow_api.py for tasks to queue
[2024-06-10T20:04:59.614+0000] {logging_mixin.py:151} INFO - [2024-06-10T20:04:59.613+0000] {dagbag.py:539} INFO - Filling up the DagBag from /home/airflow/.local/lib/python3.8/site-packages/airflow/example_dags/tutorial_taskflow_api.py
[2024-06-10T20:04:59.621+0000] {processor.py:839} INFO - DAG(s) dict_keys(['tutorial_taskflow_api']) retrieved from /home/airflow/.local/lib/python3.8/site-packages/airflow/example_dags/tutorial_taskflow_api.py
[2024-06-10T20:04:59.642+0000] {logging_mixin.py:151} INFO - [2024-06-10T20:04:59.641+0000] {dag.py:2915} INFO - Sync 1 DAGs
[2024-06-10T20:04:59.655+0000] {logging_mixin.py:151} INFO - [2024-06-10T20:04:59.655+0000] {dag.py:3696} INFO - Setting next_dagrun for tutorial_taskflow_api to None, run_after=None
[2024-06-10T20:04:59.674+0000] {processor.py:179} INFO - Processing /home/airflow/.local/lib/python3.8/site-packages/airflow/example_dags/tutorial_taskflow_api.py took 0.065 seconds
[2024-06-10T20:05:30.206+0000] {processor.py:157} INFO - Started process (PID=12931) to work on /home/airflow/.local/lib/python3.8/site-packages/airflow/example_dags/tutorial_taskflow_api.py
[2024-06-10T20:05:30.207+0000] {processor.py:829} INFO - Processing file /home/airflow/.local/lib/python3.8/site-packages/airflow/example_dags/tutorial_taskflow_api.py for tasks to queue
[2024-06-10T20:05:30.208+0000] {logging_mixin.py:151} INFO - [2024-06-10T20:05:30.207+0000] {dagbag.py:539} INFO - Filling up the DagBag from /home/airflow/.local/lib/python3.8/site-packages/airflow/example_dags/tutorial_taskflow_api.py
[2024-06-10T20:05:30.214+0000] {processor.py:839} INFO - DAG(s) dict_keys(['tutorial_taskflow_api']) retrieved from /home/airflow/.local/lib/python3.8/site-packages/airflow/example_dags/tutorial_taskflow_api.py
[2024-06-10T20:05:30.236+0000] {logging_mixin.py:151} INFO - [2024-06-10T20:05:30.236+0000] {dag.py:2915} INFO - Sync 1 DAGs
[2024-06-10T20:05:30.249+0000] {logging_mixin.py:151} INFO - [2024-06-10T20:05:30.249+0000] {dag.py:3696} INFO - Setting next_dagrun for tutorial_taskflow_api to None, run_after=None
[2024-06-10T20:05:30.268+0000] {processor.py:179} INFO - Processing /home/airflow/.local/lib/python3.8/site-packages/airflow/example_dags/tutorial_taskflow_api.py took 0.066 seconds
[2024-06-10T20:06:00.764+0000] {processor.py:157} INFO - Started process (PID=13169) to work on /home/airflow/.local/lib/python3.8/site-packages/airflow/example_dags/tutorial_taskflow_api.py
[2024-06-10T20:06:00.765+0000] {processor.py:829} INFO - Processing file /home/airflow/.local/lib/python3.8/site-packages/airflow/example_dags/tutorial_taskflow_api.py for tasks to queue
[2024-06-10T20:06:00.765+0000] {logging_mixin.py:151} INFO - [2024-06-10T20:06:00.765+0000] {dagbag.py:539} INFO - Filling up the DagBag from /home/airflow/.local/lib/python3.8/site-packages/airflow/example_dags/tutorial_taskflow_api.py
[2024-06-10T20:06:00.771+0000] {processor.py:839} INFO - DAG(s) dict_keys(['tutorial_taskflow_api']) retrieved from /home/airflow/.local/lib/python3.8/site-packages/airflow/example_dags/tutorial_taskflow_api.py
[2024-06-10T20:06:00.792+0000] {logging_mixin.py:151} INFO - [2024-06-10T20:06:00.792+0000] {dag.py:2915} INFO - Sync 1 DAGs
[2024-06-10T20:06:00.804+0000] {logging_mixin.py:151} INFO - [2024-06-10T20:06:00.804+0000] {dag.py:3696} INFO - Setting next_dagrun for tutorial_taskflow_api to None, run_after=None
[2024-06-10T20:06:00.823+0000] {processor.py:179} INFO - Processing /home/airflow/.local/lib/python3.8/site-packages/airflow/example_dags/tutorial_taskflow_api.py took 0.062 seconds
[2024-06-10T20:06:31.394+0000] {processor.py:157} INFO - Started process (PID=13407) to work on /home/airflow/.local/lib/python3.8/site-packages/airflow/example_dags/tutorial_taskflow_api.py
[2024-06-10T20:06:31.394+0000] {processor.py:829} INFO - Processing file /home/airflow/.local/lib/python3.8/site-packages/airflow/example_dags/tutorial_taskflow_api.py for tasks to queue
[2024-06-10T20:06:31.395+0000] {logging_mixin.py:151} INFO - [2024-06-10T20:06:31.395+0000] {dagbag.py:539} INFO - Filling up the DagBag from /home/airflow/.local/lib/python3.8/site-packages/airflow/example_dags/tutorial_taskflow_api.py
[2024-06-10T20:06:31.401+0000] {processor.py:839} INFO - DAG(s) dict_keys(['tutorial_taskflow_api']) retrieved from /home/airflow/.local/lib/python3.8/site-packages/airflow/example_dags/tutorial_taskflow_api.py
[2024-06-10T20:06:31.425+0000] {logging_mixin.py:151} INFO - [2024-06-10T20:06:31.424+0000] {dag.py:2915} INFO - Sync 1 DAGs
[2024-06-10T20:06:31.438+0000] {logging_mixin.py:151} INFO - [2024-06-10T20:06:31.438+0000] {dag.py:3696} INFO - Setting next_dagrun for tutorial_taskflow_api to None, run_after=None
[2024-06-10T20:06:31.459+0000] {processor.py:179} INFO - Processing /home/airflow/.local/lib/python3.8/site-packages/airflow/example_dags/tutorial_taskflow_api.py took 0.068 seconds
[2024-06-10T20:07:02.161+0000] {processor.py:157} INFO - Started process (PID=13645) to work on /home/airflow/.local/lib/python3.8/site-packages/airflow/example_dags/tutorial_taskflow_api.py
[2024-06-10T20:07:02.162+0000] {processor.py:829} INFO - Processing file /home/airflow/.local/lib/python3.8/site-packages/airflow/example_dags/tutorial_taskflow_api.py for tasks to queue
[2024-06-10T20:07:02.163+0000] {logging_mixin.py:151} INFO - [2024-06-10T20:07:02.163+0000] {dagbag.py:539} INFO - Filling up the DagBag from /home/airflow/.local/lib/python3.8/site-packages/airflow/example_dags/tutorial_taskflow_api.py
[2024-06-10T20:07:02.172+0000] {processor.py:839} INFO - DAG(s) dict_keys(['tutorial_taskflow_api']) retrieved from /home/airflow/.local/lib/python3.8/site-packages/airflow/example_dags/tutorial_taskflow_api.py
[2024-06-10T20:07:02.194+0000] {logging_mixin.py:151} INFO - [2024-06-10T20:07:02.194+0000] {dag.py:2915} INFO - Sync 1 DAGs
[2024-06-10T20:07:02.208+0000] {logging_mixin.py:151} INFO - [2024-06-10T20:07:02.208+0000] {dag.py:3696} INFO - Setting next_dagrun for tutorial_taskflow_api to None, run_after=None
[2024-06-10T20:07:02.228+0000] {processor.py:179} INFO - Processing /home/airflow/.local/lib/python3.8/site-packages/airflow/example_dags/tutorial_taskflow_api.py took 0.071 seconds
[2024-06-10T20:07:33.046+0000] {processor.py:157} INFO - Started process (PID=13883) to work on /home/airflow/.local/lib/python3.8/site-packages/airflow/example_dags/tutorial_taskflow_api.py
[2024-06-10T20:07:33.047+0000] {processor.py:829} INFO - Processing file /home/airflow/.local/lib/python3.8/site-packages/airflow/example_dags/tutorial_taskflow_api.py for tasks to queue
[2024-06-10T20:07:33.047+0000] {logging_mixin.py:151} INFO - [2024-06-10T20:07:33.047+0000] {dagbag.py:539} INFO - Filling up the DagBag from /home/airflow/.local/lib/python3.8/site-packages/airflow/example_dags/tutorial_taskflow_api.py
[2024-06-10T20:07:33.053+0000] {processor.py:839} INFO - DAG(s) dict_keys(['tutorial_taskflow_api']) retrieved from /home/airflow/.local/lib/python3.8/site-packages/airflow/example_dags/tutorial_taskflow_api.py
[2024-06-10T20:07:33.074+0000] {logging_mixin.py:151} INFO - [2024-06-10T20:07:33.073+0000] {dag.py:2915} INFO - Sync 1 DAGs
[2024-06-10T20:07:33.088+0000] {logging_mixin.py:151} INFO - [2024-06-10T20:07:33.087+0000] {dag.py:3696} INFO - Setting next_dagrun for tutorial_taskflow_api to None, run_after=None
[2024-06-10T20:07:33.106+0000] {processor.py:179} INFO - Processing /home/airflow/.local/lib/python3.8/site-packages/airflow/example_dags/tutorial_taskflow_api.py took 0.063 seconds
[2024-06-10T20:08:03.870+0000] {processor.py:157} INFO - Started process (PID=14121) to work on /home/airflow/.local/lib/python3.8/site-packages/airflow/example_dags/tutorial_taskflow_api.py
[2024-06-10T20:08:03.871+0000] {processor.py:829} INFO - Processing file /home/airflow/.local/lib/python3.8/site-packages/airflow/example_dags/tutorial_taskflow_api.py for tasks to queue
[2024-06-10T20:08:03.872+0000] {logging_mixin.py:151} INFO - [2024-06-10T20:08:03.872+0000] {dagbag.py:539} INFO - Filling up the DagBag from /home/airflow/.local/lib/python3.8/site-packages/airflow/example_dags/tutorial_taskflow_api.py
[2024-06-10T20:08:03.878+0000] {processor.py:839} INFO - DAG(s) dict_keys(['tutorial_taskflow_api']) retrieved from /home/airflow/.local/lib/python3.8/site-packages/airflow/example_dags/tutorial_taskflow_api.py
[2024-06-10T20:08:03.898+0000] {logging_mixin.py:151} INFO - [2024-06-10T20:08:03.898+0000] {dag.py:2915} INFO - Sync 1 DAGs
[2024-06-10T20:08:03.913+0000] {logging_mixin.py:151} INFO - [2024-06-10T20:08:03.913+0000] {dag.py:3696} INFO - Setting next_dagrun for tutorial_taskflow_api to None, run_after=None
[2024-06-10T20:08:03.932+0000] {processor.py:179} INFO - Processing /home/airflow/.local/lib/python3.8/site-packages/airflow/example_dags/tutorial_taskflow_api.py took 0.065 seconds
[2024-06-10T20:08:34.647+0000] {processor.py:157} INFO - Started process (PID=14359) to work on /home/airflow/.local/lib/python3.8/site-packages/airflow/example_dags/tutorial_taskflow_api.py
[2024-06-10T20:08:34.647+0000] {processor.py:829} INFO - Processing file /home/airflow/.local/lib/python3.8/site-packages/airflow/example_dags/tutorial_taskflow_api.py for tasks to queue
[2024-06-10T20:08:34.648+0000] {logging_mixin.py:151} INFO - [2024-06-10T20:08:34.648+0000] {dagbag.py:539} INFO - Filling up the DagBag from /home/airflow/.local/lib/python3.8/site-packages/airflow/example_dags/tutorial_taskflow_api.py
[2024-06-10T20:08:34.655+0000] {processor.py:839} INFO - DAG(s) dict_keys(['tutorial_taskflow_api']) retrieved from /home/airflow/.local/lib/python3.8/site-packages/airflow/example_dags/tutorial_taskflow_api.py
[2024-06-10T20:08:34.676+0000] {logging_mixin.py:151} INFO - [2024-06-10T20:08:34.676+0000] {dag.py:2915} INFO - Sync 1 DAGs
[2024-06-10T20:08:34.690+0000] {logging_mixin.py:151} INFO - [2024-06-10T20:08:34.690+0000] {dag.py:3696} INFO - Setting next_dagrun for tutorial_taskflow_api to None, run_after=None
[2024-06-10T20:08:34.714+0000] {processor.py:179} INFO - Processing /home/airflow/.local/lib/python3.8/site-packages/airflow/example_dags/tutorial_taskflow_api.py took 0.071 seconds
[2024-06-10T20:09:05.075+0000] {processor.py:157} INFO - Started process (PID=14597) to work on /home/airflow/.local/lib/python3.8/site-packages/airflow/example_dags/tutorial_taskflow_api.py
[2024-06-10T20:09:05.075+0000] {processor.py:829} INFO - Processing file /home/airflow/.local/lib/python3.8/site-packages/airflow/example_dags/tutorial_taskflow_api.py for tasks to queue
[2024-06-10T20:09:05.076+0000] {logging_mixin.py:151} INFO - [2024-06-10T20:09:05.076+0000] {dagbag.py:539} INFO - Filling up the DagBag from /home/airflow/.local/lib/python3.8/site-packages/airflow/example_dags/tutorial_taskflow_api.py
[2024-06-10T20:09:05.084+0000] {processor.py:839} INFO - DAG(s) dict_keys(['tutorial_taskflow_api']) retrieved from /home/airflow/.local/lib/python3.8/site-packages/airflow/example_dags/tutorial_taskflow_api.py
[2024-06-10T20:09:05.106+0000] {logging_mixin.py:151} INFO - [2024-06-10T20:09:05.106+0000] {dag.py:2915} INFO - Sync 1 DAGs
[2024-06-10T20:09:05.121+0000] {logging_mixin.py:151} INFO - [2024-06-10T20:09:05.121+0000] {dag.py:3696} INFO - Setting next_dagrun for tutorial_taskflow_api to None, run_after=None
[2024-06-10T20:09:05.141+0000] {processor.py:179} INFO - Processing /home/airflow/.local/lib/python3.8/site-packages/airflow/example_dags/tutorial_taskflow_api.py took 0.070 seconds
[2024-06-10T20:09:36.043+0000] {processor.py:157} INFO - Started process (PID=14835) to work on /home/airflow/.local/lib/python3.8/site-packages/airflow/example_dags/tutorial_taskflow_api.py
[2024-06-10T20:09:36.043+0000] {processor.py:829} INFO - Processing file /home/airflow/.local/lib/python3.8/site-packages/airflow/example_dags/tutorial_taskflow_api.py for tasks to queue
[2024-06-10T20:09:36.044+0000] {logging_mixin.py:151} INFO - [2024-06-10T20:09:36.044+0000] {dagbag.py:539} INFO - Filling up the DagBag from /home/airflow/.local/lib/python3.8/site-packages/airflow/example_dags/tutorial_taskflow_api.py
[2024-06-10T20:09:36.050+0000] {processor.py:839} INFO - DAG(s) dict_keys(['tutorial_taskflow_api']) retrieved from /home/airflow/.local/lib/python3.8/site-packages/airflow/example_dags/tutorial_taskflow_api.py
[2024-06-10T20:09:36.070+0000] {logging_mixin.py:151} INFO - [2024-06-10T20:09:36.070+0000] {dag.py:2915} INFO - Sync 1 DAGs
[2024-06-10T20:09:36.084+0000] {logging_mixin.py:151} INFO - [2024-06-10T20:09:36.083+0000] {dag.py:3696} INFO - Setting next_dagrun for tutorial_taskflow_api to None, run_after=None
[2024-06-10T20:09:36.102+0000] {processor.py:179} INFO - Processing /home/airflow/.local/lib/python3.8/site-packages/airflow/example_dags/tutorial_taskflow_api.py took 0.062 seconds
[2024-06-10T20:10:06.393+0000] {processor.py:157} INFO - Started process (PID=15074) to work on /home/airflow/.local/lib/python3.8/site-packages/airflow/example_dags/tutorial_taskflow_api.py
[2024-06-10T20:10:06.394+0000] {processor.py:829} INFO - Processing file /home/airflow/.local/lib/python3.8/site-packages/airflow/example_dags/tutorial_taskflow_api.py for tasks to queue
[2024-06-10T20:10:06.394+0000] {logging_mixin.py:151} INFO - [2024-06-10T20:10:06.394+0000] {dagbag.py:539} INFO - Filling up the DagBag from /home/airflow/.local/lib/python3.8/site-packages/airflow/example_dags/tutorial_taskflow_api.py
[2024-06-10T20:10:06.400+0000] {processor.py:839} INFO - DAG(s) dict_keys(['tutorial_taskflow_api']) retrieved from /home/airflow/.local/lib/python3.8/site-packages/airflow/example_dags/tutorial_taskflow_api.py
[2024-06-10T20:10:06.421+0000] {logging_mixin.py:151} INFO - [2024-06-10T20:10:06.421+0000] {dag.py:2915} INFO - Sync 1 DAGs
[2024-06-10T20:10:06.433+0000] {logging_mixin.py:151} INFO - [2024-06-10T20:10:06.433+0000] {dag.py:3696} INFO - Setting next_dagrun for tutorial_taskflow_api to None, run_after=None
[2024-06-10T20:10:06.450+0000] {processor.py:179} INFO - Processing /home/airflow/.local/lib/python3.8/site-packages/airflow/example_dags/tutorial_taskflow_api.py took 0.060 seconds
[2024-06-10T20:10:37.117+0000] {processor.py:157} INFO - Started process (PID=15312) to work on /home/airflow/.local/lib/python3.8/site-packages/airflow/example_dags/tutorial_taskflow_api.py
[2024-06-10T20:10:37.118+0000] {processor.py:829} INFO - Processing file /home/airflow/.local/lib/python3.8/site-packages/airflow/example_dags/tutorial_taskflow_api.py for tasks to queue
[2024-06-10T20:10:37.119+0000] {logging_mixin.py:151} INFO - [2024-06-10T20:10:37.119+0000] {dagbag.py:539} INFO - Filling up the DagBag from /home/airflow/.local/lib/python3.8/site-packages/airflow/example_dags/tutorial_taskflow_api.py
[2024-06-10T20:10:37.125+0000] {processor.py:839} INFO - DAG(s) dict_keys(['tutorial_taskflow_api']) retrieved from /home/airflow/.local/lib/python3.8/site-packages/airflow/example_dags/tutorial_taskflow_api.py
[2024-06-10T20:10:37.144+0000] {logging_mixin.py:151} INFO - [2024-06-10T20:10:37.144+0000] {dag.py:2915} INFO - Sync 1 DAGs
[2024-06-10T20:10:37.159+0000] {logging_mixin.py:151} INFO - [2024-06-10T20:10:37.159+0000] {dag.py:3696} INFO - Setting next_dagrun for tutorial_taskflow_api to None, run_after=None
[2024-06-10T20:10:37.178+0000] {processor.py:179} INFO - Processing /home/airflow/.local/lib/python3.8/site-packages/airflow/example_dags/tutorial_taskflow_api.py took 0.063 seconds
[2024-06-10T20:11:07.752+0000] {processor.py:157} INFO - Started process (PID=15550) to work on /home/airflow/.local/lib/python3.8/site-packages/airflow/example_dags/tutorial_taskflow_api.py
[2024-06-10T20:11:07.753+0000] {processor.py:829} INFO - Processing file /home/airflow/.local/lib/python3.8/site-packages/airflow/example_dags/tutorial_taskflow_api.py for tasks to queue
[2024-06-10T20:11:07.754+0000] {logging_mixin.py:151} INFO - [2024-06-10T20:11:07.753+0000] {dagbag.py:539} INFO - Filling up the DagBag from /home/airflow/.local/lib/python3.8/site-packages/airflow/example_dags/tutorial_taskflow_api.py
[2024-06-10T20:11:07.759+0000] {processor.py:839} INFO - DAG(s) dict_keys(['tutorial_taskflow_api']) retrieved from /home/airflow/.local/lib/python3.8/site-packages/airflow/example_dags/tutorial_taskflow_api.py
[2024-06-10T20:11:07.780+0000] {logging_mixin.py:151} INFO - [2024-06-10T20:11:07.780+0000] {dag.py:2915} INFO - Sync 1 DAGs
[2024-06-10T20:11:07.792+0000] {logging_mixin.py:151} INFO - [2024-06-10T20:11:07.792+0000] {dag.py:3696} INFO - Setting next_dagrun for tutorial_taskflow_api to None, run_after=None
[2024-06-10T20:11:07.810+0000] {processor.py:179} INFO - Processing /home/airflow/.local/lib/python3.8/site-packages/airflow/example_dags/tutorial_taskflow_api.py took 0.060 seconds
[2024-06-10T20:11:38.593+0000] {processor.py:157} INFO - Started process (PID=15787) to work on /home/airflow/.local/lib/python3.8/site-packages/airflow/example_dags/tutorial_taskflow_api.py
[2024-06-10T20:11:38.594+0000] {processor.py:829} INFO - Processing file /home/airflow/.local/lib/python3.8/site-packages/airflow/example_dags/tutorial_taskflow_api.py for tasks to queue
[2024-06-10T20:11:38.595+0000] {logging_mixin.py:151} INFO - [2024-06-10T20:11:38.595+0000] {dagbag.py:539} INFO - Filling up the DagBag from /home/airflow/.local/lib/python3.8/site-packages/airflow/example_dags/tutorial_taskflow_api.py
[2024-06-10T20:11:38.601+0000] {processor.py:839} INFO - DAG(s) dict_keys(['tutorial_taskflow_api']) retrieved from /home/airflow/.local/lib/python3.8/site-packages/airflow/example_dags/tutorial_taskflow_api.py
[2024-06-10T20:11:38.621+0000] {logging_mixin.py:151} INFO - [2024-06-10T20:11:38.621+0000] {dag.py:2915} INFO - Sync 1 DAGs
[2024-06-10T20:11:38.634+0000] {logging_mixin.py:151} INFO - [2024-06-10T20:11:38.634+0000] {dag.py:3696} INFO - Setting next_dagrun for tutorial_taskflow_api to None, run_after=None
[2024-06-10T20:11:38.652+0000] {processor.py:179} INFO - Processing /home/airflow/.local/lib/python3.8/site-packages/airflow/example_dags/tutorial_taskflow_api.py took 0.062 seconds
[2024-06-10T20:12:09.424+0000] {processor.py:157} INFO - Started process (PID=16025) to work on /home/airflow/.local/lib/python3.8/site-packages/airflow/example_dags/tutorial_taskflow_api.py
[2024-06-10T20:12:09.425+0000] {processor.py:829} INFO - Processing file /home/airflow/.local/lib/python3.8/site-packages/airflow/example_dags/tutorial_taskflow_api.py for tasks to queue
[2024-06-10T20:12:09.425+0000] {logging_mixin.py:151} INFO - [2024-06-10T20:12:09.425+0000] {dagbag.py:539} INFO - Filling up the DagBag from /home/airflow/.local/lib/python3.8/site-packages/airflow/example_dags/tutorial_taskflow_api.py
[2024-06-10T20:12:09.431+0000] {processor.py:839} INFO - DAG(s) dict_keys(['tutorial_taskflow_api']) retrieved from /home/airflow/.local/lib/python3.8/site-packages/airflow/example_dags/tutorial_taskflow_api.py
[2024-06-10T20:12:09.452+0000] {logging_mixin.py:151} INFO - [2024-06-10T20:12:09.452+0000] {dag.py:2915} INFO - Sync 1 DAGs
[2024-06-10T20:12:09.465+0000] {logging_mixin.py:151} INFO - [2024-06-10T20:12:09.465+0000] {dag.py:3696} INFO - Setting next_dagrun for tutorial_taskflow_api to None, run_after=None
[2024-06-10T20:12:09.483+0000] {processor.py:179} INFO - Processing /home/airflow/.local/lib/python3.8/site-packages/airflow/example_dags/tutorial_taskflow_api.py took 0.062 seconds
[2024-06-10T20:12:40.218+0000] {processor.py:157} INFO - Started process (PID=16263) to work on /home/airflow/.local/lib/python3.8/site-packages/airflow/example_dags/tutorial_taskflow_api.py
[2024-06-10T20:12:40.219+0000] {processor.py:829} INFO - Processing file /home/airflow/.local/lib/python3.8/site-packages/airflow/example_dags/tutorial_taskflow_api.py for tasks to queue
[2024-06-10T20:12:40.220+0000] {logging_mixin.py:151} INFO - [2024-06-10T20:12:40.220+0000] {dagbag.py:539} INFO - Filling up the DagBag from /home/airflow/.local/lib/python3.8/site-packages/airflow/example_dags/tutorial_taskflow_api.py
[2024-06-10T20:12:40.226+0000] {processor.py:839} INFO - DAG(s) dict_keys(['tutorial_taskflow_api']) retrieved from /home/airflow/.local/lib/python3.8/site-packages/airflow/example_dags/tutorial_taskflow_api.py
[2024-06-10T20:12:40.246+0000] {logging_mixin.py:151} INFO - [2024-06-10T20:12:40.246+0000] {dag.py:2915} INFO - Sync 1 DAGs
[2024-06-10T20:12:40.259+0000] {logging_mixin.py:151} INFO - [2024-06-10T20:12:40.259+0000] {dag.py:3696} INFO - Setting next_dagrun for tutorial_taskflow_api to None, run_after=None
[2024-06-10T20:12:40.276+0000] {processor.py:179} INFO - Processing /home/airflow/.local/lib/python3.8/site-packages/airflow/example_dags/tutorial_taskflow_api.py took 0.061 seconds
[2024-06-10T20:13:11.102+0000] {processor.py:157} INFO - Started process (PID=16501) to work on /home/airflow/.local/lib/python3.8/site-packages/airflow/example_dags/tutorial_taskflow_api.py
[2024-06-10T20:13:11.103+0000] {processor.py:829} INFO - Processing file /home/airflow/.local/lib/python3.8/site-packages/airflow/example_dags/tutorial_taskflow_api.py for tasks to queue
[2024-06-10T20:13:11.104+0000] {logging_mixin.py:151} INFO - [2024-06-10T20:13:11.103+0000] {dagbag.py:539} INFO - Filling up the DagBag from /home/airflow/.local/lib/python3.8/site-packages/airflow/example_dags/tutorial_taskflow_api.py
[2024-06-10T20:13:11.110+0000] {processor.py:839} INFO - DAG(s) dict_keys(['tutorial_taskflow_api']) retrieved from /home/airflow/.local/lib/python3.8/site-packages/airflow/example_dags/tutorial_taskflow_api.py
[2024-06-10T20:13:11.129+0000] {logging_mixin.py:151} INFO - [2024-06-10T20:13:11.129+0000] {dag.py:2915} INFO - Sync 1 DAGs
[2024-06-10T20:13:11.142+0000] {logging_mixin.py:151} INFO - [2024-06-10T20:13:11.142+0000] {dag.py:3696} INFO - Setting next_dagrun for tutorial_taskflow_api to None, run_after=None
[2024-06-10T20:13:11.159+0000] {processor.py:179} INFO - Processing /home/airflow/.local/lib/python3.8/site-packages/airflow/example_dags/tutorial_taskflow_api.py took 0.059 seconds
[2024-06-10T20:13:42.136+0000] {processor.py:157} INFO - Started process (PID=16738) to work on /home/airflow/.local/lib/python3.8/site-packages/airflow/example_dags/tutorial_taskflow_api.py
[2024-06-10T20:13:42.137+0000] {processor.py:829} INFO - Processing file /home/airflow/.local/lib/python3.8/site-packages/airflow/example_dags/tutorial_taskflow_api.py for tasks to queue
[2024-06-10T20:13:42.137+0000] {logging_mixin.py:151} INFO - [2024-06-10T20:13:42.137+0000] {dagbag.py:539} INFO - Filling up the DagBag from /home/airflow/.local/lib/python3.8/site-packages/airflow/example_dags/tutorial_taskflow_api.py
[2024-06-10T20:13:42.143+0000] {processor.py:839} INFO - DAG(s) dict_keys(['tutorial_taskflow_api']) retrieved from /home/airflow/.local/lib/python3.8/site-packages/airflow/example_dags/tutorial_taskflow_api.py
[2024-06-10T20:13:42.163+0000] {logging_mixin.py:151} INFO - [2024-06-10T20:13:42.163+0000] {dag.py:2915} INFO - Sync 1 DAGs
[2024-06-10T20:13:42.177+0000] {logging_mixin.py:151} INFO - [2024-06-10T20:13:42.176+0000] {dag.py:3696} INFO - Setting next_dagrun for tutorial_taskflow_api to None, run_after=None
[2024-06-10T20:13:42.195+0000] {processor.py:179} INFO - Processing /home/airflow/.local/lib/python3.8/site-packages/airflow/example_dags/tutorial_taskflow_api.py took 0.062 seconds
[2024-06-10T20:14:12.456+0000] {processor.py:157} INFO - Started process (PID=16976) to work on /home/airflow/.local/lib/python3.8/site-packages/airflow/example_dags/tutorial_taskflow_api.py
[2024-06-10T20:14:12.456+0000] {processor.py:829} INFO - Processing file /home/airflow/.local/lib/python3.8/site-packages/airflow/example_dags/tutorial_taskflow_api.py for tasks to queue
[2024-06-10T20:14:12.457+0000] {logging_mixin.py:151} INFO - [2024-06-10T20:14:12.457+0000] {dagbag.py:539} INFO - Filling up the DagBag from /home/airflow/.local/lib/python3.8/site-packages/airflow/example_dags/tutorial_taskflow_api.py
[2024-06-10T20:14:12.463+0000] {processor.py:839} INFO - DAG(s) dict_keys(['tutorial_taskflow_api']) retrieved from /home/airflow/.local/lib/python3.8/site-packages/airflow/example_dags/tutorial_taskflow_api.py
[2024-06-10T20:14:12.482+0000] {logging_mixin.py:151} INFO - [2024-06-10T20:14:12.482+0000] {dag.py:2915} INFO - Sync 1 DAGs
[2024-06-10T20:14:12.494+0000] {logging_mixin.py:151} INFO - [2024-06-10T20:14:12.494+0000] {dag.py:3696} INFO - Setting next_dagrun for tutorial_taskflow_api to None, run_after=None
[2024-06-10T20:14:12.511+0000] {processor.py:179} INFO - Processing /home/airflow/.local/lib/python3.8/site-packages/airflow/example_dags/tutorial_taskflow_api.py took 0.059 seconds
[2024-06-10T20:14:42.645+0000] {processor.py:157} INFO - Started process (PID=17215) to work on /home/airflow/.local/lib/python3.8/site-packages/airflow/example_dags/tutorial_taskflow_api.py
[2024-06-10T20:14:42.646+0000] {processor.py:829} INFO - Processing file /home/airflow/.local/lib/python3.8/site-packages/airflow/example_dags/tutorial_taskflow_api.py for tasks to queue
[2024-06-10T20:14:42.646+0000] {logging_mixin.py:151} INFO - [2024-06-10T20:14:42.646+0000] {dagbag.py:539} INFO - Filling up the DagBag from /home/airflow/.local/lib/python3.8/site-packages/airflow/example_dags/tutorial_taskflow_api.py
[2024-06-10T20:14:42.652+0000] {processor.py:839} INFO - DAG(s) dict_keys(['tutorial_taskflow_api']) retrieved from /home/airflow/.local/lib/python3.8/site-packages/airflow/example_dags/tutorial_taskflow_api.py
[2024-06-10T20:14:42.671+0000] {logging_mixin.py:151} INFO - [2024-06-10T20:14:42.671+0000] {dag.py:2915} INFO - Sync 1 DAGs
[2024-06-10T20:14:42.683+0000] {logging_mixin.py:151} INFO - [2024-06-10T20:14:42.683+0000] {dag.py:3696} INFO - Setting next_dagrun for tutorial_taskflow_api to None, run_after=None
[2024-06-10T20:14:42.700+0000] {processor.py:179} INFO - Processing /home/airflow/.local/lib/python3.8/site-packages/airflow/example_dags/tutorial_taskflow_api.py took 0.058 seconds
[2024-06-10T20:15:12.880+0000] {processor.py:157} INFO - Started process (PID=17451) to work on /home/airflow/.local/lib/python3.8/site-packages/airflow/example_dags/tutorial_taskflow_api.py
[2024-06-10T20:15:12.880+0000] {processor.py:829} INFO - Processing file /home/airflow/.local/lib/python3.8/site-packages/airflow/example_dags/tutorial_taskflow_api.py for tasks to queue
[2024-06-10T20:15:12.881+0000] {logging_mixin.py:151} INFO - [2024-06-10T20:15:12.881+0000] {dagbag.py:539} INFO - Filling up the DagBag from /home/airflow/.local/lib/python3.8/site-packages/airflow/example_dags/tutorial_taskflow_api.py
[2024-06-10T20:15:12.889+0000] {processor.py:839} INFO - DAG(s) dict_keys(['tutorial_taskflow_api']) retrieved from /home/airflow/.local/lib/python3.8/site-packages/airflow/example_dags/tutorial_taskflow_api.py
[2024-06-10T20:15:12.908+0000] {logging_mixin.py:151} INFO - [2024-06-10T20:15:12.908+0000] {dag.py:2915} INFO - Sync 1 DAGs
[2024-06-10T20:15:12.920+0000] {logging_mixin.py:151} INFO - [2024-06-10T20:15:12.919+0000] {dag.py:3696} INFO - Setting next_dagrun for tutorial_taskflow_api to None, run_after=None
[2024-06-10T20:15:12.936+0000] {processor.py:179} INFO - Processing /home/airflow/.local/lib/python3.8/site-packages/airflow/example_dags/tutorial_taskflow_api.py took 0.059 seconds
[2024-06-10T20:15:42.964+0000] {processor.py:157} INFO - Started process (PID=17684) to work on /home/airflow/.local/lib/python3.8/site-packages/airflow/example_dags/tutorial_taskflow_api.py
[2024-06-10T20:15:42.964+0000] {processor.py:829} INFO - Processing file /home/airflow/.local/lib/python3.8/site-packages/airflow/example_dags/tutorial_taskflow_api.py for tasks to queue
[2024-06-10T20:15:42.965+0000] {logging_mixin.py:151} INFO - [2024-06-10T20:15:42.965+0000] {dagbag.py:539} INFO - Filling up the DagBag from /home/airflow/.local/lib/python3.8/site-packages/airflow/example_dags/tutorial_taskflow_api.py
[2024-06-10T20:15:42.971+0000] {processor.py:839} INFO - DAG(s) dict_keys(['tutorial_taskflow_api']) retrieved from /home/airflow/.local/lib/python3.8/site-packages/airflow/example_dags/tutorial_taskflow_api.py
[2024-06-10T20:15:42.991+0000] {logging_mixin.py:151} INFO - [2024-06-10T20:15:42.991+0000] {dag.py:2915} INFO - Sync 1 DAGs
[2024-06-10T20:15:43.003+0000] {logging_mixin.py:151} INFO - [2024-06-10T20:15:43.003+0000] {dag.py:3696} INFO - Setting next_dagrun for tutorial_taskflow_api to None, run_after=None
[2024-06-10T20:15:43.021+0000] {processor.py:179} INFO - Processing /home/airflow/.local/lib/python3.8/site-packages/airflow/example_dags/tutorial_taskflow_api.py took 0.061 seconds
[2024-06-10T20:16:13.653+0000] {processor.py:157} INFO - Started process (PID=17927) to work on /home/airflow/.local/lib/python3.8/site-packages/airflow/example_dags/tutorial_taskflow_api.py
[2024-06-10T20:16:13.654+0000] {processor.py:829} INFO - Processing file /home/airflow/.local/lib/python3.8/site-packages/airflow/example_dags/tutorial_taskflow_api.py for tasks to queue
[2024-06-10T20:16:13.655+0000] {logging_mixin.py:151} INFO - [2024-06-10T20:16:13.654+0000] {dagbag.py:539} INFO - Filling up the DagBag from /home/airflow/.local/lib/python3.8/site-packages/airflow/example_dags/tutorial_taskflow_api.py
[2024-06-10T20:16:13.661+0000] {processor.py:839} INFO - DAG(s) dict_keys(['tutorial_taskflow_api']) retrieved from /home/airflow/.local/lib/python3.8/site-packages/airflow/example_dags/tutorial_taskflow_api.py
[2024-06-10T20:16:13.683+0000] {logging_mixin.py:151} INFO - [2024-06-10T20:16:13.683+0000] {dag.py:2915} INFO - Sync 1 DAGs
[2024-06-10T20:16:13.696+0000] {logging_mixin.py:151} INFO - [2024-06-10T20:16:13.696+0000] {dag.py:3696} INFO - Setting next_dagrun for tutorial_taskflow_api to None, run_after=None
[2024-06-10T20:16:13.714+0000] {processor.py:179} INFO - Processing /home/airflow/.local/lib/python3.8/site-packages/airflow/example_dags/tutorial_taskflow_api.py took 0.064 seconds
